[2024-05-06T15:08:51.378+0000] {taskinstance.py:1979} INFO - Dependencies all met for dep_context=non-requeueable deps ti=<TaskInstance: spotify_data_pipeline.clean_transform_data manual__2024-05-06T15:07:27.755530+00:00 [queued]>
[2024-05-06T15:08:51.386+0000] {taskinstance.py:1979} INFO - Dependencies all met for dep_context=requeueable deps ti=<TaskInstance: spotify_data_pipeline.clean_transform_data manual__2024-05-06T15:07:27.755530+00:00 [queued]>
[2024-05-06T15:08:51.387+0000] {taskinstance.py:2193} INFO - Starting attempt 2 of 2
[2024-05-06T15:08:51.400+0000] {taskinstance.py:2217} INFO - Executing <Task(PythonOperator): clean_transform_data> on 2024-05-06 15:07:27.755530+00:00
[2024-05-06T15:08:51.406+0000] {standard_task_runner.py:60} INFO - Started process 3275 to run task
[2024-05-06T15:08:51.410+0000] {standard_task_runner.py:87} INFO - Running: ['***', 'tasks', 'run', 'spotify_data_pipeline', 'clean_transform_data', 'manual__2024-05-06T15:07:27.755530+00:00', '--job-id', '204', '--raw', '--subdir', 'DAGS_FOLDER/main15.py', '--cfg-path', '/tmp/tmpgjlhajvt']
[2024-05-06T15:08:51.411+0000] {standard_task_runner.py:88} INFO - Job 204: Subtask clean_transform_data
[2024-05-06T15:08:51.473+0000] {task_command.py:423} INFO - Running <TaskInstance: spotify_data_pipeline.clean_transform_data manual__2024-05-06T15:07:27.755530+00:00 [running]> on host 903c75f80f15
[2024-05-06T15:08:51.577+0000] {taskinstance.py:2513} INFO - Exporting env vars: AIRFLOW_CTX_DAG_OWNER='***' AIRFLOW_CTX_DAG_ID='spotify_data_pipeline' AIRFLOW_CTX_TASK_ID='clean_transform_data' AIRFLOW_CTX_EXECUTION_DATE='2024-05-06T15:07:27.755530+00:00' AIRFLOW_CTX_TRY_NUMBER='2' AIRFLOW_CTX_DAG_RUN_ID='manual__2024-05-06T15:07:27.755530+00:00'
[2024-05-06T15:08:51.579+0000] {taskinstance.py:2731} ERROR - Task failed with exception
Traceback (most recent call last):
  File "/home/airflow/.local/lib/python3.8/site-packages/airflow/models/taskinstance.py", line 444, in _execute_task
    result = _execute_callable(context=context, **execute_callable_kwargs)
  File "/home/airflow/.local/lib/python3.8/site-packages/airflow/models/taskinstance.py", line 414, in _execute_callable
    return execute_callable(context=context, **execute_callable_kwargs)
  File "/home/airflow/.local/lib/python3.8/site-packages/airflow/operators/python.py", line 200, in execute
    return_value = self.execute_callable()
  File "/home/airflow/.local/lib/python3.8/site-packages/airflow/operators/python.py", line 217, in execute_callable
    return self.python_callable(*self.op_args, **self.op_kwargs)
TypeError: clean_and_transform_data() takes 0 positional arguments but 1 was given
[2024-05-06T15:08:51.588+0000] {taskinstance.py:1149} INFO - Marking task as FAILED. dag_id=spotify_data_pipeline, task_id=clean_transform_data, execution_date=20240506T150727, start_date=20240506T150851, end_date=20240506T150851
[2024-05-06T15:08:51.608+0000] {standard_task_runner.py:107} ERROR - Failed to execute job 204 for task clean_transform_data (clean_and_transform_data() takes 0 positional arguments but 1 was given; 3275)
[2024-05-06T15:08:51.623+0000] {local_task_job_runner.py:234} INFO - Task exited with return code 1
[2024-05-06T15:08:51.643+0000] {taskinstance.py:3312} INFO - 0 downstream tasks scheduled from follow-on schedule check
