[2024-05-08T15:30:04.021+0000] {taskinstance.py:1979} INFO - Dependencies all met for dep_context=non-requeueable deps ti=<TaskInstance: spotify_data_pipeline.process_and_clean_data_task manual__2024-05-08T15:28:39.828713+00:00 [queued]>
[2024-05-08T15:30:04.032+0000] {taskinstance.py:1979} INFO - Dependencies all met for dep_context=requeueable deps ti=<TaskInstance: spotify_data_pipeline.process_and_clean_data_task manual__2024-05-08T15:28:39.828713+00:00 [queued]>
[2024-05-08T15:30:04.033+0000] {taskinstance.py:2193} INFO - Starting attempt 2 of 2
[2024-05-08T15:30:04.051+0000] {taskinstance.py:2217} INFO - Executing <Task(PythonOperator): process_and_clean_data_task> on 2024-05-08 15:28:39.828713+00:00
[2024-05-08T15:30:04.060+0000] {standard_task_runner.py:60} INFO - Started process 1300 to run task
[2024-05-08T15:30:04.064+0000] {standard_task_runner.py:87} INFO - Running: ['***', 'tasks', 'run', 'spotify_data_pipeline', 'process_and_clean_data_task', 'manual__2024-05-08T15:28:39.828713+00:00', '--job-id', '507', '--raw', '--subdir', 'DAGS_FOLDER/how.py', '--cfg-path', '/tmp/tmpqq0iq6yy']
[2024-05-08T15:30:04.066+0000] {standard_task_runner.py:88} INFO - Job 507: Subtask process_and_clean_data_task
[2024-05-08T15:30:04.140+0000] {task_command.py:423} INFO - Running <TaskInstance: spotify_data_pipeline.process_and_clean_data_task manual__2024-05-08T15:28:39.828713+00:00 [running]> on host 8aebc95d8de6
[2024-05-08T15:30:04.252+0000] {taskinstance.py:2513} INFO - Exporting env vars: AIRFLOW_CTX_DAG_OWNER='***' AIRFLOW_CTX_DAG_ID='spotify_data_pipeline' AIRFLOW_CTX_TASK_ID='process_and_clean_data_task' AIRFLOW_CTX_EXECUTION_DATE='2024-05-08T15:28:39.828713+00:00' AIRFLOW_CTX_TRY_NUMBER='2' AIRFLOW_CTX_DAG_RUN_ID='manual__2024-05-08T15:28:39.828713+00:00'
[2024-05-08T15:30:04.256+0000] {taskinstance.py:2731} ERROR - Task failed with exception
Traceback (most recent call last):
  File "/home/airflow/.local/lib/python3.8/site-packages/airflow/models/taskinstance.py", line 444, in _execute_task
    result = _execute_callable(context=context, **execute_callable_kwargs)
  File "/home/airflow/.local/lib/python3.8/site-packages/airflow/models/taskinstance.py", line 414, in _execute_callable
    return execute_callable(context=context, **execute_callable_kwargs)
  File "/home/airflow/.local/lib/python3.8/site-packages/airflow/operators/python.py", line 200, in execute
    return_value = self.execute_callable()
  File "/home/airflow/.local/lib/python3.8/site-packages/airflow/operators/python.py", line 217, in execute_callable
    return self.python_callable(*self.op_args, **self.op_kwargs)
TypeError: process_and_clean_data() missing 1 required positional argument: 'song_list'
[2024-05-08T15:30:04.266+0000] {taskinstance.py:1149} INFO - Marking task as FAILED. dag_id=spotify_data_pipeline, task_id=process_and_clean_data_task, execution_date=20240508T152839, start_date=20240508T153004, end_date=20240508T153004
[2024-05-08T15:30:04.281+0000] {standard_task_runner.py:107} ERROR - Failed to execute job 507 for task process_and_clean_data_task (process_and_clean_data() missing 1 required positional argument: 'song_list'; 1300)
[2024-05-08T15:30:04.319+0000] {local_task_job_runner.py:234} INFO - Task exited with return code 1
[2024-05-08T15:30:04.358+0000] {taskinstance.py:3312} INFO - 0 downstream tasks scheduled from follow-on schedule check
