[2024-05-07T14:00:49.910+0000] {taskinstance.py:1979} INFO - Dependencies all met for dep_context=non-requeueable deps ti=<TaskInstance: spotify_data_pipeline.process_and_clean_data_task manual__2024-05-07T14:00:33.602323+00:00 [queued]>
[2024-05-07T14:00:49.921+0000] {taskinstance.py:1979} INFO - Dependencies all met for dep_context=requeueable deps ti=<TaskInstance: spotify_data_pipeline.process_and_clean_data_task manual__2024-05-07T14:00:33.602323+00:00 [queued]>
[2024-05-07T14:00:49.922+0000] {taskinstance.py:2193} INFO - Starting attempt 1 of 2
[2024-05-07T14:00:49.938+0000] {taskinstance.py:2217} INFO - Executing <Task(PythonOperator): process_and_clean_data_task> on 2024-05-07 14:00:33.602323+00:00
[2024-05-07T14:00:49.946+0000] {standard_task_runner.py:60} INFO - Started process 1508 to run task
[2024-05-07T14:00:49.950+0000] {standard_task_runner.py:87} INFO - Running: ['***', 'tasks', 'run', 'spotify_data_pipeline', 'process_and_clean_data_task', 'manual__2024-05-07T14:00:33.602323+00:00', '--job-id', '372', '--raw', '--subdir', 'DAGS_FOLDER/how.py', '--cfg-path', '/tmp/tmplk876upn']
[2024-05-07T14:00:49.951+0000] {standard_task_runner.py:88} INFO - Job 372: Subtask process_and_clean_data_task
[2024-05-07T14:00:50.004+0000] {task_command.py:423} INFO - Running <TaskInstance: spotify_data_pipeline.process_and_clean_data_task manual__2024-05-07T14:00:33.602323+00:00 [running]> on host 8aebc95d8de6
[2024-05-07T14:00:50.089+0000] {taskinstance.py:2513} INFO - Exporting env vars: AIRFLOW_CTX_DAG_OWNER='***' AIRFLOW_CTX_DAG_ID='spotify_data_pipeline' AIRFLOW_CTX_TASK_ID='process_and_clean_data_task' AIRFLOW_CTX_EXECUTION_DATE='2024-05-07T14:00:33.602323+00:00' AIRFLOW_CTX_TRY_NUMBER='1' AIRFLOW_CTX_DAG_RUN_ID='manual__2024-05-07T14:00:33.602323+00:00'
[2024-05-07T14:00:50.091+0000] {taskinstance.py:2731} ERROR - Task failed with exception
Traceback (most recent call last):
  File "/home/airflow/.local/lib/python3.8/site-packages/airflow/models/taskinstance.py", line 444, in _execute_task
    result = _execute_callable(context=context, **execute_callable_kwargs)
  File "/home/airflow/.local/lib/python3.8/site-packages/airflow/models/taskinstance.py", line 414, in _execute_callable
    return execute_callable(context=context, **execute_callable_kwargs)
  File "/home/airflow/.local/lib/python3.8/site-packages/airflow/operators/python.py", line 200, in execute
    return_value = self.execute_callable()
  File "/home/airflow/.local/lib/python3.8/site-packages/airflow/operators/python.py", line 217, in execute_callable
    return self.python_callable(*self.op_args, **self.op_kwargs)
TypeError: process_and_clean_data() missing 1 required positional argument: 'song_list'
[2024-05-07T14:00:50.099+0000] {taskinstance.py:1149} INFO - Marking task as UP_FOR_RETRY. dag_id=spotify_data_pipeline, task_id=process_and_clean_data_task, execution_date=20240507T140033, start_date=20240507T140049, end_date=20240507T140050
[2024-05-07T14:00:50.114+0000] {standard_task_runner.py:107} ERROR - Failed to execute job 372 for task process_and_clean_data_task (process_and_clean_data() missing 1 required positional argument: 'song_list'; 1508)
[2024-05-07T14:00:50.124+0000] {local_task_job_runner.py:234} INFO - Task exited with return code 1
[2024-05-07T14:00:50.150+0000] {taskinstance.py:3312} INFO - 0 downstream tasks scheduled from follow-on schedule check
