[2024-05-11T15:26:49.907+0000] {taskinstance.py:1979} INFO - Dependencies all met for dep_context=non-requeueable deps ti=<TaskInstance: spotify_data_pipeline.postgres_operator manual__2024-05-11T15:26:12.870836+00:00 [queued]>
[2024-05-11T15:26:49.935+0000] {taskinstance.py:1979} INFO - Dependencies all met for dep_context=requeueable deps ti=<TaskInstance: spotify_data_pipeline.postgres_operator manual__2024-05-11T15:26:12.870836+00:00 [queued]>
[2024-05-11T15:26:49.936+0000] {taskinstance.py:2193} INFO - Starting attempt 1 of 2
[2024-05-11T15:26:49.954+0000] {taskinstance.py:2217} INFO - Executing <Task(PostgresOperator): postgres_operator> on 2024-05-11 15:26:12.870836+00:00
[2024-05-11T15:26:49.962+0000] {standard_task_runner.py:60} INFO - Started process 1929 to run task
[2024-05-11T15:26:49.965+0000] {standard_task_runner.py:87} INFO - Running: ['***', 'tasks', 'run', 'spotify_data_pipeline', 'postgres_operator', 'manual__2024-05-11T15:26:12.870836+00:00', '--job-id', '790', '--raw', '--subdir', 'DAGS_FOLDER/main15.py', '--cfg-path', '/tmp/tmpmhajjjnn']
[2024-05-11T15:26:49.967+0000] {standard_task_runner.py:88} INFO - Job 790: Subtask postgres_operator
[2024-05-11T15:26:50.030+0000] {task_command.py:423} INFO - Running <TaskInstance: spotify_data_pipeline.postgres_operator manual__2024-05-11T15:26:12.870836+00:00 [running]> on host 87b4d1457810
[2024-05-11T15:26:50.128+0000] {taskinstance.py:2513} INFO - Exporting env vars: AIRFLOW_CTX_DAG_OWNER='***' AIRFLOW_CTX_DAG_ID='spotify_data_pipeline' AIRFLOW_CTX_TASK_ID='postgres_operator' AIRFLOW_CTX_EXECUTION_DATE='2024-05-11T15:26:12.870836+00:00' AIRFLOW_CTX_TRY_NUMBER='1' AIRFLOW_CTX_DAG_RUN_ID='manual__2024-05-11T15:26:12.870836+00:00'
[2024-05-11T15:26:50.130+0000] {sql.py:276} INFO - Executing: 
    CREATE TABLE IF NOT EXISTS songs (
        "Index" SERIAL,
        "Track ID" VARCHAR(255) PRIMARY KEY,
        "Track Name" VARCHAR(255),
        "Artist Name" VARCHAR(255),
        "Album Name" VARCHAR(255),
        "Release Date" VARCHAR(50),
        "Type of Album" VARCHAR(50),
        "Popularity" INT,
        "Popularity Category" VARCHAR(20),
        "Date_added" DATE,
        "Time_added" TIME
    );
    
[2024-05-11T15:26:50.140+0000] {base.py:83} INFO - Using connection ID 'postgres_localhost' for task execution.
[2024-05-11T15:26:50.152+0000] {base.py:83} INFO - Using connection ID 'postgres_localhost' for task execution.
[2024-05-11T15:26:50.205+0000] {sql.py:457} INFO - Running statement: 
    CREATE TABLE IF NOT EXISTS songs (
        "Index" SERIAL,
        "Track ID" VARCHAR(255) PRIMARY KEY,
        "Track Name" VARCHAR(255),
        "Artist Name" VARCHAR(255),
        "Album Name" VARCHAR(255),
        "Release Date" VARCHAR(50),
        "Type of Album" VARCHAR(50),
        "Popularity" INT,
        "Popularity Category" VARCHAR(20),
        "Date_added" DATE,
        "Time_added" TIME
    );
    , parameters: None
[2024-05-11T15:26:50.254+0000] {warnings.py:109} WARNING - /home/***/.local/lib/python3.8/site-packages/***/providers/common/sql/hooks/sql.py:407: AirflowProviderDeprecationWarning: Call to deprecated method _make_common_data_structure. (The `_make_serializable` method is deprecated and support will be removed in a future version of the common.sql provider. Please update the DbApiHook's provider to a version based on common.sql >= 1.9.1.)
  result = self._make_common_data_structure(handler(cur))

[2024-05-11T15:26:50.273+0000] {taskinstance.py:1149} INFO - Marking task as SUCCESS. dag_id=spotify_data_pipeline, task_id=postgres_operator, execution_date=20240511T152612, start_date=20240511T152649, end_date=20240511T152650
[2024-05-11T15:26:50.299+0000] {local_task_job_runner.py:234} INFO - Task exited with return code 0
[2024-05-11T15:26:50.319+0000] {taskinstance.py:3312} INFO - 0 downstream tasks scheduled from follow-on schedule check
