[2024-05-06T12:49:01.856+0000] {taskinstance.py:1979} INFO - Dependencies all met for dep_context=non-requeueable deps ti=<TaskInstance: spotify_data_pipeline.process_song_info manual__2024-05-06T12:48:44.481636+00:00 [queued]>
[2024-05-06T12:49:01.869+0000] {taskinstance.py:1979} INFO - Dependencies all met for dep_context=requeueable deps ti=<TaskInstance: spotify_data_pipeline.process_song_info manual__2024-05-06T12:48:44.481636+00:00 [queued]>
[2024-05-06T12:49:01.871+0000] {taskinstance.py:2193} INFO - Starting attempt 1 of 2
[2024-05-06T12:49:01.890+0000] {taskinstance.py:2217} INFO - Executing <Task(PythonOperator): process_song_info> on 2024-05-06 12:48:44.481636+00:00
[2024-05-06T12:49:01.896+0000] {standard_task_runner.py:60} INFO - Started process 1221 to run task
[2024-05-06T12:49:01.899+0000] {standard_task_runner.py:87} INFO - Running: ['***', 'tasks', 'run', 'spotify_data_pipeline', 'process_song_info', 'manual__2024-05-06T12:48:44.481636+00:00', '--job-id', '131', '--raw', '--subdir', 'DAGS_FOLDER/main15.py', '--cfg-path', '/tmp/tmptblmh5jj']
[2024-05-06T12:49:01.901+0000] {standard_task_runner.py:88} INFO - Job 131: Subtask process_song_info
[2024-05-06T12:49:01.961+0000] {task_command.py:423} INFO - Running <TaskInstance: spotify_data_pipeline.process_song_info manual__2024-05-06T12:48:44.481636+00:00 [running]> on host 903c75f80f15
[2024-05-06T12:49:02.145+0000] {taskinstance.py:2513} INFO - Exporting env vars: AIRFLOW_CTX_DAG_OWNER='***' AIRFLOW_CTX_DAG_ID='spotify_data_pipeline' AIRFLOW_CTX_TASK_ID='process_song_info' AIRFLOW_CTX_EXECUTION_DATE='2024-05-06T12:48:44.481636+00:00' AIRFLOW_CTX_TRY_NUMBER='1' AIRFLOW_CTX_DAG_RUN_ID='manual__2024-05-06T12:48:44.481636+00:00'
[2024-05-06T12:49:02.147+0000] {taskinstance.py:2731} ERROR - Task failed with exception
Traceback (most recent call last):
  File "/home/airflow/.local/lib/python3.8/site-packages/airflow/models/taskinstance.py", line 444, in _execute_task
    result = _execute_callable(context=context, **execute_callable_kwargs)
  File "/home/airflow/.local/lib/python3.8/site-packages/airflow/models/taskinstance.py", line 414, in _execute_callable
    return execute_callable(context=context, **execute_callable_kwargs)
  File "/home/airflow/.local/lib/python3.8/site-packages/airflow/operators/python.py", line 200, in execute
    return_value = self.execute_callable()
  File "/home/airflow/.local/lib/python3.8/site-packages/airflow/operators/python.py", line 217, in execute_callable
    return self.python_callable(*self.op_args, **self.op_kwargs)
TypeError: get_song_info() missing 1 required positional argument: 'idx'
[2024-05-06T12:49:02.156+0000] {taskinstance.py:1149} INFO - Marking task as UP_FOR_RETRY. dag_id=spotify_data_pipeline, task_id=process_song_info, execution_date=20240506T124844, start_date=20240506T124901, end_date=20240506T124902
[2024-05-06T12:49:02.170+0000] {standard_task_runner.py:107} ERROR - Failed to execute job 131 for task process_song_info (get_song_info() missing 1 required positional argument: 'idx'; 1221)
[2024-05-06T12:49:02.193+0000] {local_task_job_runner.py:234} INFO - Task exited with return code 1
[2024-05-06T12:49:02.216+0000] {taskinstance.py:3312} INFO - 0 downstream tasks scheduled from follow-on schedule check
