[2024-05-07T06:00:32.778+0000] {taskinstance.py:1979} INFO - Dependencies all met for dep_context=non-requeueable deps ti=<TaskInstance: spotify_data_pipeline.clean_transform_data manual__2024-05-07T06:00:08.516081+00:00 [queued]>
[2024-05-07T06:00:32.807+0000] {taskinstance.py:1979} INFO - Dependencies all met for dep_context=requeueable deps ti=<TaskInstance: spotify_data_pipeline.clean_transform_data manual__2024-05-07T06:00:08.516081+00:00 [queued]>
[2024-05-07T06:00:32.809+0000] {taskinstance.py:2193} INFO - Starting attempt 1 of 2
[2024-05-07T06:00:32.831+0000] {taskinstance.py:2217} INFO - Executing <Task(PythonOperator): clean_transform_data> on 2024-05-07 06:00:08.516081+00:00
[2024-05-07T06:00:32.847+0000] {standard_task_runner.py:60} INFO - Started process 451 to run task
[2024-05-07T06:00:32.854+0000] {standard_task_runner.py:87} INFO - Running: ['***', 'tasks', 'run', 'spotify_data_pipeline', 'clean_transform_data', 'manual__2024-05-07T06:00:08.516081+00:00', '--job-id', '256', '--raw', '--subdir', 'DAGS_FOLDER/main15.py', '--cfg-path', '/tmp/tmp7xep_kfo']
[2024-05-07T06:00:32.856+0000] {standard_task_runner.py:88} INFO - Job 256: Subtask clean_transform_data
[2024-05-07T06:00:32.929+0000] {task_command.py:423} INFO - Running <TaskInstance: spotify_data_pipeline.clean_transform_data manual__2024-05-07T06:00:08.516081+00:00 [running]> on host 903c75f80f15
[2024-05-07T06:00:33.057+0000] {taskinstance.py:2513} INFO - Exporting env vars: AIRFLOW_CTX_DAG_OWNER='***' AIRFLOW_CTX_DAG_ID='spotify_data_pipeline' AIRFLOW_CTX_TASK_ID='clean_transform_data' AIRFLOW_CTX_EXECUTION_DATE='2024-05-07T06:00:08.516081+00:00' AIRFLOW_CTX_TRY_NUMBER='1' AIRFLOW_CTX_DAG_RUN_ID='manual__2024-05-07T06:00:08.516081+00:00'
[2024-05-07T06:00:33.088+0000] {taskinstance.py:2731} ERROR - Task failed with exception
Traceback (most recent call last):
  File "/home/airflow/.local/lib/python3.8/site-packages/airflow/models/taskinstance.py", line 444, in _execute_task
    result = _execute_callable(context=context, **execute_callable_kwargs)
  File "/home/airflow/.local/lib/python3.8/site-packages/airflow/models/taskinstance.py", line 414, in _execute_callable
    return execute_callable(context=context, **execute_callable_kwargs)
  File "/home/airflow/.local/lib/python3.8/site-packages/airflow/operators/python.py", line 200, in execute
    return_value = self.execute_callable()
  File "/home/airflow/.local/lib/python3.8/site-packages/airflow/operators/python.py", line 217, in execute_callable
    return self.python_callable(*self.op_args, **self.op_kwargs)
  File "/opt/airflow/dags/main15.py", line 317, in clean_and_transform_data
    df1['Popularity Category'] = pd.cut(df1['Popularity'], bins=popularity_bins, labels=popularity_labels, right=False)
  File "/home/airflow/.local/lib/python3.8/site-packages/pandas/core/frame.py", line 3761, in __getitem__
    indexer = self.columns.get_loc(key)
  File "/home/airflow/.local/lib/python3.8/site-packages/pandas/core/indexes/range.py", line 349, in get_loc
    raise KeyError(key)
KeyError: 'Popularity'
[2024-05-07T06:00:33.108+0000] {taskinstance.py:1149} INFO - Marking task as UP_FOR_RETRY. dag_id=spotify_data_pipeline, task_id=clean_transform_data, execution_date=20240507T060008, start_date=20240507T060032, end_date=20240507T060033
[2024-05-07T06:00:33.126+0000] {standard_task_runner.py:107} ERROR - Failed to execute job 256 for task clean_transform_data ('Popularity'; 451)
[2024-05-07T06:00:33.148+0000] {local_task_job_runner.py:234} INFO - Task exited with return code 1
[2024-05-07T06:00:33.183+0000] {taskinstance.py:3312} INFO - 0 downstream tasks scheduled from follow-on schedule check
