[2024-05-06T05:34:31.565+0000] {taskinstance.py:1979} INFO - Dependencies all met for dep_context=non-requeueable deps ti=<TaskInstance: spotify_data_pipeline.get_token scheduled__2024-05-05T00:00:00+00:00 [queued]>
[2024-05-06T05:34:31.576+0000] {taskinstance.py:1979} INFO - Dependencies all met for dep_context=requeueable deps ti=<TaskInstance: spotify_data_pipeline.get_token scheduled__2024-05-05T00:00:00+00:00 [queued]>
[2024-05-06T05:34:31.577+0000] {taskinstance.py:2193} INFO - Starting attempt 2 of 2
[2024-05-06T05:34:31.594+0000] {taskinstance.py:2217} INFO - Executing <Task(PythonOperator): get_token> on 2024-05-05 00:00:00+00:00
[2024-05-06T05:34:31.603+0000] {standard_task_runner.py:60} INFO - Started process 526 to run task
[2024-05-06T05:34:31.607+0000] {standard_task_runner.py:87} INFO - Running: ['***', 'tasks', 'run', 'spotify_data_pipeline', 'get_token', 'scheduled__2024-05-05T00:00:00+00:00', '--job-id', '8', '--raw', '--subdir', 'DAGS_FOLDER/main15.py', '--cfg-path', '/tmp/tmpq221897y']
[2024-05-06T05:34:31.609+0000] {standard_task_runner.py:88} INFO - Job 8: Subtask get_token
[2024-05-06T05:34:31.736+0000] {task_command.py:423} INFO - Running <TaskInstance: spotify_data_pipeline.get_token scheduled__2024-05-05T00:00:00+00:00 [running]> on host 903c75f80f15
[2024-05-06T05:34:31.928+0000] {taskinstance.py:2513} INFO - Exporting env vars: AIRFLOW_CTX_DAG_OWNER='***' AIRFLOW_CTX_DAG_ID='spotify_data_pipeline' AIRFLOW_CTX_TASK_ID='get_token' AIRFLOW_CTX_EXECUTION_DATE='2024-05-05T00:00:00+00:00' AIRFLOW_CTX_TRY_NUMBER='2' AIRFLOW_CTX_DAG_RUN_ID='scheduled__2024-05-05T00:00:00+00:00'
[2024-05-06T05:34:31.931+0000] {taskinstance.py:2731} ERROR - Task failed with exception
Traceback (most recent call last):
  File "/home/airflow/.local/lib/python3.8/site-packages/airflow/models/taskinstance.py", line 444, in _execute_task
    result = _execute_callable(context=context, **execute_callable_kwargs)
  File "/home/airflow/.local/lib/python3.8/site-packages/airflow/models/taskinstance.py", line 414, in _execute_callable
    return execute_callable(context=context, **execute_callable_kwargs)
  File "/home/airflow/.local/lib/python3.8/site-packages/airflow/operators/python.py", line 200, in execute
    return_value = self.execute_callable()
  File "/home/airflow/.local/lib/python3.8/site-packages/airflow/operators/python.py", line 217, in execute_callable
    return self.python_callable(*self.op_args, **self.op_kwargs)
  File "/opt/airflow/dags/main15.py", line 25, in get_token
    auth_string = client_id + ":" + client_secret
TypeError: unsupported operand type(s) for +: 'NoneType' and 'str'
[2024-05-06T05:34:31.958+0000] {taskinstance.py:1149} INFO - Marking task as FAILED. dag_id=spotify_data_pipeline, task_id=get_token, execution_date=20240505T000000, start_date=20240506T053431, end_date=20240506T053431
[2024-05-06T05:34:31.982+0000] {standard_task_runner.py:107} ERROR - Failed to execute job 8 for task get_token (unsupported operand type(s) for +: 'NoneType' and 'str'; 526)
[2024-05-06T05:34:32.021+0000] {local_task_job_runner.py:234} INFO - Task exited with return code 1
[2024-05-06T05:34:32.089+0000] {taskinstance.py:3312} INFO - 0 downstream tasks scheduled from follow-on schedule check
