[2024-05-11T15:26:43.167+0000] {taskinstance.py:1979} INFO - Dependencies all met for dep_context=non-requeueable deps ti=<TaskInstance: spotify_data_pipeline.process_and_clean_data_task manual__2024-05-11T15:26:12.870836+00:00 [queued]>
[2024-05-11T15:26:43.186+0000] {taskinstance.py:1979} INFO - Dependencies all met for dep_context=requeueable deps ti=<TaskInstance: spotify_data_pipeline.process_and_clean_data_task manual__2024-05-11T15:26:12.870836+00:00 [queued]>
[2024-05-11T15:26:43.187+0000] {taskinstance.py:2193} INFO - Starting attempt 1 of 2
[2024-05-11T15:26:43.220+0000] {taskinstance.py:2217} INFO - Executing <Task(PythonOperator): process_and_clean_data_task> on 2024-05-11 15:26:12.870836+00:00
[2024-05-11T15:26:43.233+0000] {standard_task_runner.py:60} INFO - Started process 1926 to run task
[2024-05-11T15:26:43.243+0000] {standard_task_runner.py:87} INFO - Running: ['***', 'tasks', 'run', 'spotify_data_pipeline', 'process_and_clean_data_task', 'manual__2024-05-11T15:26:12.870836+00:00', '--job-id', '789', '--raw', '--subdir', 'DAGS_FOLDER/main15.py', '--cfg-path', '/tmp/tmp70dwjzas']
[2024-05-11T15:26:43.251+0000] {standard_task_runner.py:88} INFO - Job 789: Subtask process_and_clean_data_task
[2024-05-11T15:26:43.360+0000] {task_command.py:423} INFO - Running <TaskInstance: spotify_data_pipeline.process_and_clean_data_task manual__2024-05-11T15:26:12.870836+00:00 [running]> on host 87b4d1457810
[2024-05-11T15:26:43.589+0000] {taskinstance.py:2513} INFO - Exporting env vars: AIRFLOW_CTX_DAG_OWNER='***' AIRFLOW_CTX_DAG_ID='spotify_data_pipeline' AIRFLOW_CTX_TASK_ID='process_and_clean_data_task' AIRFLOW_CTX_EXECUTION_DATE='2024-05-11T15:26:12.870836+00:00' AIRFLOW_CTX_TRY_NUMBER='1' AIRFLOW_CTX_DAG_RUN_ID='manual__2024-05-11T15:26:12.870836+00:00'
[2024-05-11T15:26:46.717+0000] {python.py:202} INFO - Done. Returned value was:     Index                Track ID  ...  Date Added Time Added
0       1  3hBWQuSesEt8LF151dsEII  ...  2024-05-09   17:00:00
1       2  5RiBeTz0vDYwC2xgjCmxnt  ...  2024-05-09   17:00:00
2       3  4ORZJ2RgSDAmYIDBRHaVsE  ...  2024-05-09   17:00:00
3       4  3IPeNRdoJ0eLjeGbWkjyab  ...  2024-05-09   17:00:00
4       5  6M3x8hn7OYct4DXZZYKvEa  ...  2024-05-09   17:00:00
..    ...                     ...  ...         ...        ...
95     96  0DsQGKfc4neTG60Ssz2zYG  ...  2024-05-09   17:00:00
96     97  6NtEd604XMclP26Uqi2RFs  ...  2024-05-09   17:00:00
97     98  2BDJENfgJLEuGwnK8lW5j5  ...  2024-05-09   17:00:00
98     99  6d9cplBoSCSNvwRA51gJMv  ...  2024-05-09   17:00:00
99    100  7ifAw0OiXs0KtVOFzn6PCv  ...  2024-05-09   17:00:00

[100 rows x 11 columns]
[2024-05-11T15:26:46.805+0000] {taskinstance.py:1149} INFO - Marking task as SUCCESS. dag_id=spotify_data_pipeline, task_id=process_and_clean_data_task, execution_date=20240511T152612, start_date=20240511T152643, end_date=20240511T152646
[2024-05-11T15:26:46.845+0000] {local_task_job_runner.py:234} INFO - Task exited with return code 0
[2024-05-11T15:26:46.861+0000] {warnings.py:109} WARNING - /home/***/.local/lib/python3.8/site-packages/***/models/baseoperator.py:1201: AirflowProviderDeprecationWarning: Call to deprecated class PostgresOperator. (Please use `***.providers.common.sql.operators.sql.SQLExecuteQueryOperator`.Also, you can provide `hook_params={'schema': <database>}`.)
  result = cls.__new__(cls)

[2024-05-11T15:26:46.886+0000] {taskinstance.py:3312} INFO - 1 downstream tasks scheduled from follow-on schedule check
