[2024-05-07T13:46:12.758+0000] {taskinstance.py:1979} INFO - Dependencies all met for dep_context=non-requeueable deps ti=<TaskInstance: spotify_data_pipeline.process_and_clean_data_task manual__2024-05-07T13:44:48.897881+00:00 [queued]>
[2024-05-07T13:46:12.767+0000] {taskinstance.py:1979} INFO - Dependencies all met for dep_context=requeueable deps ti=<TaskInstance: spotify_data_pipeline.process_and_clean_data_task manual__2024-05-07T13:44:48.897881+00:00 [queued]>
[2024-05-07T13:46:12.768+0000] {taskinstance.py:2193} INFO - Starting attempt 2 of 2
[2024-05-07T13:46:12.783+0000] {taskinstance.py:2217} INFO - Executing <Task(PythonOperator): process_and_clean_data_task> on 2024-05-07 13:44:48.897881+00:00
[2024-05-07T13:46:12.790+0000] {standard_task_runner.py:60} INFO - Started process 1244 to run task
[2024-05-07T13:46:12.793+0000] {standard_task_runner.py:87} INFO - Running: ['***', 'tasks', 'run', 'spotify_data_pipeline', 'process_and_clean_data_task', 'manual__2024-05-07T13:44:48.897881+00:00', '--job-id', '359', '--raw', '--subdir', 'DAGS_FOLDER/main15.py', '--cfg-path', '/tmp/tmpam12dys3']
[2024-05-07T13:46:12.795+0000] {standard_task_runner.py:88} INFO - Job 359: Subtask process_and_clean_data_task
[2024-05-07T13:46:12.848+0000] {task_command.py:423} INFO - Running <TaskInstance: spotify_data_pipeline.process_and_clean_data_task manual__2024-05-07T13:44:48.897881+00:00 [running]> on host 8aebc95d8de6
[2024-05-07T13:46:12.940+0000] {taskinstance.py:2513} INFO - Exporting env vars: AIRFLOW_CTX_DAG_OWNER='***' AIRFLOW_CTX_DAG_ID='spotify_data_pipeline' AIRFLOW_CTX_TASK_ID='process_and_clean_data_task' AIRFLOW_CTX_EXECUTION_DATE='2024-05-07T13:44:48.897881+00:00' AIRFLOW_CTX_TRY_NUMBER='2' AIRFLOW_CTX_DAG_RUN_ID='manual__2024-05-07T13:44:48.897881+00:00'
[2024-05-07T13:46:12.951+0000] {taskinstance.py:2731} ERROR - Task failed with exception
Traceback (most recent call last):
  File "/home/airflow/.local/lib/python3.8/site-packages/airflow/models/taskinstance.py", line 444, in _execute_task
    result = _execute_callable(context=context, **execute_callable_kwargs)
  File "/home/airflow/.local/lib/python3.8/site-packages/airflow/models/taskinstance.py", line 414, in _execute_callable
    return execute_callable(context=context, **execute_callable_kwargs)
  File "/home/airflow/.local/lib/python3.8/site-packages/airflow/operators/python.py", line 200, in execute
    return_value = self.execute_callable()
  File "/home/airflow/.local/lib/python3.8/site-packages/airflow/operators/python.py", line 217, in execute_callable
    return self.python_callable(*self.op_args, **self.op_kwargs)
  File "/opt/airflow/dags/main15.py", line 308, in process_and_clean_data
    df['Popularity Category'] = pd.cut(df['Popularity'], bins=popularity_bins, labels=popularity_labels, right=False)
  File "/home/airflow/.local/lib/python3.8/site-packages/pandas/core/frame.py", line 3761, in __getitem__
    indexer = self.columns.get_loc(key)
  File "/home/airflow/.local/lib/python3.8/site-packages/pandas/core/indexes/range.py", line 349, in get_loc
    raise KeyError(key)
KeyError: 'Popularity'
[2024-05-07T13:46:12.971+0000] {taskinstance.py:1149} INFO - Marking task as FAILED. dag_id=spotify_data_pipeline, task_id=process_and_clean_data_task, execution_date=20240507T134448, start_date=20240507T134612, end_date=20240507T134612
[2024-05-07T13:46:12.985+0000] {standard_task_runner.py:107} ERROR - Failed to execute job 359 for task process_and_clean_data_task ('Popularity'; 1244)
[2024-05-07T13:46:13.007+0000] {local_task_job_runner.py:234} INFO - Task exited with return code 1
[2024-05-07T13:46:13.031+0000] {taskinstance.py:3312} INFO - 0 downstream tasks scheduled from follow-on schedule check
