[2024-05-11T16:20:39.331+0000] {taskinstance.py:1979} INFO - Dependencies all met for dep_context=non-requeueable deps ti=<TaskInstance: spotify_data_pipeline.process_and_clean_data_task manual__2024-05-11T16:19:22.499323+00:00 [queued]>
[2024-05-11T16:20:39.355+0000] {taskinstance.py:1979} INFO - Dependencies all met for dep_context=requeueable deps ti=<TaskInstance: spotify_data_pipeline.process_and_clean_data_task manual__2024-05-11T16:19:22.499323+00:00 [queued]>
[2024-05-11T16:20:39.356+0000] {taskinstance.py:2193} INFO - Starting attempt 2 of 2
[2024-05-11T16:20:39.382+0000] {taskinstance.py:2217} INFO - Executing <Task(PythonOperator): process_and_clean_data_task> on 2024-05-11 16:19:22.499323+00:00
[2024-05-11T16:20:39.394+0000] {standard_task_runner.py:60} INFO - Started process 2900 to run task
[2024-05-11T16:20:39.400+0000] {standard_task_runner.py:87} INFO - Running: ['***', 'tasks', 'run', 'spotify_data_pipeline', 'process_and_clean_data_task', 'manual__2024-05-11T16:19:22.499323+00:00', '--job-id', '852', '--raw', '--subdir', 'DAGS_FOLDER/main15.py', '--cfg-path', '/tmp/tmpo703628o']
[2024-05-11T16:20:39.403+0000] {standard_task_runner.py:88} INFO - Job 852: Subtask process_and_clean_data_task
[2024-05-11T16:20:39.480+0000] {task_command.py:423} INFO - Running <TaskInstance: spotify_data_pipeline.process_and_clean_data_task manual__2024-05-11T16:19:22.499323+00:00 [running]> on host 87b4d1457810
[2024-05-11T16:20:39.590+0000] {taskinstance.py:2513} INFO - Exporting env vars: AIRFLOW_CTX_DAG_OWNER='***' AIRFLOW_CTX_DAG_ID='spotify_data_pipeline' AIRFLOW_CTX_TASK_ID='process_and_clean_data_task' AIRFLOW_CTX_EXECUTION_DATE='2024-05-11T16:19:22.499323+00:00' AIRFLOW_CTX_TRY_NUMBER='2' AIRFLOW_CTX_DAG_RUN_ID='manual__2024-05-11T16:19:22.499323+00:00'
[2024-05-11T16:20:40.902+0000] {taskinstance.py:2731} ERROR - Task failed with exception
Traceback (most recent call last):
  File "/home/airflow/.local/lib/python3.8/site-packages/airflow/models/taskinstance.py", line 444, in _execute_task
    result = _execute_callable(context=context, **execute_callable_kwargs)
  File "/home/airflow/.local/lib/python3.8/site-packages/airflow/models/taskinstance.py", line 414, in _execute_callable
    return execute_callable(context=context, **execute_callable_kwargs)
  File "/home/airflow/.local/lib/python3.8/site-packages/airflow/operators/python.py", line 200, in execute
    return_value = self.execute_callable()
  File "/home/airflow/.local/lib/python3.8/site-packages/airflow/operators/python.py", line 217, in execute_callable
    return self.python_callable(*self.op_args, **self.op_kwargs)
  File "/opt/airflow/dags/main15.py", line 167, in process_and_clean_data
    playlist_id = result['playlist_id']
KeyError: 'playlist_id'
[2024-05-11T16:20:40.914+0000] {taskinstance.py:1149} INFO - Marking task as FAILED. dag_id=spotify_data_pipeline, task_id=process_and_clean_data_task, execution_date=20240511T161922, start_date=20240511T162039, end_date=20240511T162040
[2024-05-11T16:20:40.927+0000] {standard_task_runner.py:107} ERROR - Failed to execute job 852 for task process_and_clean_data_task ('playlist_id'; 2900)
[2024-05-11T16:20:40.943+0000] {local_task_job_runner.py:234} INFO - Task exited with return code 1
[2024-05-11T16:20:40.965+0000] {taskinstance.py:3312} INFO - 0 downstream tasks scheduled from follow-on schedule check
