[2024-06-14T02:10:34.877+0000] {processor.py:161} INFO - Started process (PID=91) to work on /home/airflow/.local/lib/python3.8/site-packages/airflow/example_dags/example_kubernetes_executor.py
[2024-06-14T02:10:34.881+0000] {processor.py:830} INFO - Processing file /home/airflow/.local/lib/python3.8/site-packages/airflow/example_dags/example_kubernetes_executor.py for tasks to queue
[2024-06-14T02:10:34.886+0000] {logging_mixin.py:188} INFO - [2024-06-14T02:10:34.885+0000] {dagbag.py:540} INFO - Filling up the DagBag from /home/airflow/.local/lib/python3.8/site-packages/airflow/example_dags/example_kubernetes_executor.py
[2024-06-14T02:10:34.965+0000] {processor.py:840} INFO - DAG(s) 'example_kubernetes_executor' retrieved from /home/airflow/.local/lib/python3.8/site-packages/airflow/example_dags/example_kubernetes_executor.py
[2024-06-14T02:10:35.104+0000] {logging_mixin.py:188} INFO - [2024-06-14T02:10:35.102+0000] {dag.py:3047} INFO - Sync 1 DAGs
[2024-06-14T02:10:35.147+0000] {logging_mixin.py:188} INFO - [2024-06-14T02:10:35.147+0000] {dag.py:3834} INFO - Setting next_dagrun for example_kubernetes_executor to None, run_after=None
[2024-06-14T02:10:35.218+0000] {processor.py:183} INFO - Processing /home/airflow/.local/lib/python3.8/site-packages/airflow/example_dags/example_kubernetes_executor.py took 0.348 seconds
[2024-06-14T02:11:05.300+0000] {processor.py:161} INFO - Started process (PID=169) to work on /home/airflow/.local/lib/python3.8/site-packages/airflow/example_dags/example_kubernetes_executor.py
[2024-06-14T02:11:05.302+0000] {processor.py:830} INFO - Processing file /home/airflow/.local/lib/python3.8/site-packages/airflow/example_dags/example_kubernetes_executor.py for tasks to queue
[2024-06-14T02:11:05.305+0000] {logging_mixin.py:188} INFO - [2024-06-14T02:11:05.304+0000] {dagbag.py:540} INFO - Filling up the DagBag from /home/airflow/.local/lib/python3.8/site-packages/airflow/example_dags/example_kubernetes_executor.py
[2024-06-14T02:11:05.327+0000] {processor.py:840} INFO - DAG(s) 'example_kubernetes_executor' retrieved from /home/airflow/.local/lib/python3.8/site-packages/airflow/example_dags/example_kubernetes_executor.py
[2024-06-14T02:11:05.380+0000] {logging_mixin.py:188} INFO - [2024-06-14T02:11:05.380+0000] {dag.py:3047} INFO - Sync 1 DAGs
[2024-06-14T02:11:05.396+0000] {logging_mixin.py:188} INFO - [2024-06-14T02:11:05.396+0000] {dag.py:3834} INFO - Setting next_dagrun for example_kubernetes_executor to None, run_after=None
[2024-06-14T02:11:05.424+0000] {processor.py:183} INFO - Processing /home/airflow/.local/lib/python3.8/site-packages/airflow/example_dags/example_kubernetes_executor.py took 0.129 seconds
[2024-06-14T02:11:35.807+0000] {processor.py:161} INFO - Started process (PID=239) to work on /home/airflow/.local/lib/python3.8/site-packages/airflow/example_dags/example_kubernetes_executor.py
[2024-06-14T02:11:35.809+0000] {processor.py:830} INFO - Processing file /home/airflow/.local/lib/python3.8/site-packages/airflow/example_dags/example_kubernetes_executor.py for tasks to queue
[2024-06-14T02:11:35.812+0000] {logging_mixin.py:188} INFO - [2024-06-14T02:11:35.811+0000] {dagbag.py:540} INFO - Filling up the DagBag from /home/airflow/.local/lib/python3.8/site-packages/airflow/example_dags/example_kubernetes_executor.py
[2024-06-14T02:11:35.827+0000] {processor.py:840} INFO - DAG(s) 'example_kubernetes_executor' retrieved from /home/airflow/.local/lib/python3.8/site-packages/airflow/example_dags/example_kubernetes_executor.py
[2024-06-14T02:11:35.870+0000] {logging_mixin.py:188} INFO - [2024-06-14T02:11:35.870+0000] {dag.py:3047} INFO - Sync 1 DAGs
[2024-06-14T02:11:35.894+0000] {logging_mixin.py:188} INFO - [2024-06-14T02:11:35.894+0000] {dag.py:3834} INFO - Setting next_dagrun for example_kubernetes_executor to None, run_after=None
[2024-06-14T02:11:35.930+0000] {processor.py:183} INFO - Processing /home/airflow/.local/lib/python3.8/site-packages/airflow/example_dags/example_kubernetes_executor.py took 0.128 seconds
[2024-06-14T02:12:06.728+0000] {processor.py:161} INFO - Started process (PID=308) to work on /home/airflow/.local/lib/python3.8/site-packages/airflow/example_dags/example_kubernetes_executor.py
[2024-06-14T02:12:06.730+0000] {processor.py:830} INFO - Processing file /home/airflow/.local/lib/python3.8/site-packages/airflow/example_dags/example_kubernetes_executor.py for tasks to queue
[2024-06-14T02:12:06.733+0000] {logging_mixin.py:188} INFO - [2024-06-14T02:12:06.733+0000] {dagbag.py:540} INFO - Filling up the DagBag from /home/airflow/.local/lib/python3.8/site-packages/airflow/example_dags/example_kubernetes_executor.py
[2024-06-14T02:12:06.756+0000] {processor.py:840} INFO - DAG(s) 'example_kubernetes_executor' retrieved from /home/airflow/.local/lib/python3.8/site-packages/airflow/example_dags/example_kubernetes_executor.py
[2024-06-14T02:12:06.808+0000] {logging_mixin.py:188} INFO - [2024-06-14T02:12:06.807+0000] {dag.py:3047} INFO - Sync 1 DAGs
[2024-06-14T02:12:06.824+0000] {logging_mixin.py:188} INFO - [2024-06-14T02:12:06.823+0000] {dag.py:3834} INFO - Setting next_dagrun for example_kubernetes_executor to None, run_after=None
[2024-06-14T02:12:06.849+0000] {processor.py:183} INFO - Processing /home/airflow/.local/lib/python3.8/site-packages/airflow/example_dags/example_kubernetes_executor.py took 0.127 seconds
[2024-06-14T02:12:37.003+0000] {processor.py:161} INFO - Started process (PID=369) to work on /home/airflow/.local/lib/python3.8/site-packages/airflow/example_dags/example_kubernetes_executor.py
[2024-06-14T02:12:37.005+0000] {processor.py:830} INFO - Processing file /home/airflow/.local/lib/python3.8/site-packages/airflow/example_dags/example_kubernetes_executor.py for tasks to queue
[2024-06-14T02:12:37.007+0000] {logging_mixin.py:188} INFO - [2024-06-14T02:12:37.007+0000] {dagbag.py:540} INFO - Filling up the DagBag from /home/airflow/.local/lib/python3.8/site-packages/airflow/example_dags/example_kubernetes_executor.py
[2024-06-14T02:12:37.028+0000] {processor.py:840} INFO - DAG(s) 'example_kubernetes_executor' retrieved from /home/airflow/.local/lib/python3.8/site-packages/airflow/example_dags/example_kubernetes_executor.py
[2024-06-14T02:12:37.071+0000] {logging_mixin.py:188} INFO - [2024-06-14T02:12:37.071+0000] {dag.py:3047} INFO - Sync 1 DAGs
[2024-06-14T02:12:37.086+0000] {logging_mixin.py:188} INFO - [2024-06-14T02:12:37.085+0000] {dag.py:3834} INFO - Setting next_dagrun for example_kubernetes_executor to None, run_after=None
[2024-06-14T02:12:37.114+0000] {processor.py:183} INFO - Processing /home/airflow/.local/lib/python3.8/site-packages/airflow/example_dags/example_kubernetes_executor.py took 0.118 seconds
[2024-06-14T02:13:07.483+0000] {processor.py:161} INFO - Started process (PID=430) to work on /home/airflow/.local/lib/python3.8/site-packages/airflow/example_dags/example_kubernetes_executor.py
[2024-06-14T02:13:07.485+0000] {processor.py:830} INFO - Processing file /home/airflow/.local/lib/python3.8/site-packages/airflow/example_dags/example_kubernetes_executor.py for tasks to queue
[2024-06-14T02:13:07.487+0000] {logging_mixin.py:188} INFO - [2024-06-14T02:13:07.487+0000] {dagbag.py:540} INFO - Filling up the DagBag from /home/airflow/.local/lib/python3.8/site-packages/airflow/example_dags/example_kubernetes_executor.py
[2024-06-14T02:13:07.505+0000] {processor.py:840} INFO - DAG(s) 'example_kubernetes_executor' retrieved from /home/airflow/.local/lib/python3.8/site-packages/airflow/example_dags/example_kubernetes_executor.py
[2024-06-14T02:13:07.552+0000] {logging_mixin.py:188} INFO - [2024-06-14T02:13:07.551+0000] {dag.py:3047} INFO - Sync 1 DAGs
[2024-06-14T02:13:07.568+0000] {logging_mixin.py:188} INFO - [2024-06-14T02:13:07.567+0000] {dag.py:3834} INFO - Setting next_dagrun for example_kubernetes_executor to None, run_after=None
[2024-06-14T02:13:07.600+0000] {processor.py:183} INFO - Processing /home/airflow/.local/lib/python3.8/site-packages/airflow/example_dags/example_kubernetes_executor.py took 0.122 seconds
[2024-06-14T02:13:38.035+0000] {processor.py:161} INFO - Started process (PID=491) to work on /home/airflow/.local/lib/python3.8/site-packages/airflow/example_dags/example_kubernetes_executor.py
[2024-06-14T02:13:38.037+0000] {processor.py:830} INFO - Processing file /home/airflow/.local/lib/python3.8/site-packages/airflow/example_dags/example_kubernetes_executor.py for tasks to queue
[2024-06-14T02:13:38.040+0000] {logging_mixin.py:188} INFO - [2024-06-14T02:13:38.039+0000] {dagbag.py:540} INFO - Filling up the DagBag from /home/airflow/.local/lib/python3.8/site-packages/airflow/example_dags/example_kubernetes_executor.py
[2024-06-14T02:13:38.065+0000] {processor.py:840} INFO - DAG(s) 'example_kubernetes_executor' retrieved from /home/airflow/.local/lib/python3.8/site-packages/airflow/example_dags/example_kubernetes_executor.py
[2024-06-14T02:13:38.121+0000] {logging_mixin.py:188} INFO - [2024-06-14T02:13:38.120+0000] {dag.py:3047} INFO - Sync 1 DAGs
[2024-06-14T02:13:38.141+0000] {logging_mixin.py:188} INFO - [2024-06-14T02:13:38.141+0000] {dag.py:3834} INFO - Setting next_dagrun for example_kubernetes_executor to None, run_after=None
[2024-06-14T02:13:38.175+0000] {processor.py:183} INFO - Processing /home/airflow/.local/lib/python3.8/site-packages/airflow/example_dags/example_kubernetes_executor.py took 0.143 seconds
[2024-06-14T02:14:08.263+0000] {processor.py:161} INFO - Started process (PID=553) to work on /home/airflow/.local/lib/python3.8/site-packages/airflow/example_dags/example_kubernetes_executor.py
[2024-06-14T02:14:08.264+0000] {processor.py:830} INFO - Processing file /home/airflow/.local/lib/python3.8/site-packages/airflow/example_dags/example_kubernetes_executor.py for tasks to queue
[2024-06-14T02:14:08.267+0000] {logging_mixin.py:188} INFO - [2024-06-14T02:14:08.266+0000] {dagbag.py:540} INFO - Filling up the DagBag from /home/airflow/.local/lib/python3.8/site-packages/airflow/example_dags/example_kubernetes_executor.py
[2024-06-14T02:14:08.283+0000] {processor.py:840} INFO - DAG(s) 'example_kubernetes_executor' retrieved from /home/airflow/.local/lib/python3.8/site-packages/airflow/example_dags/example_kubernetes_executor.py
[2024-06-14T02:14:08.338+0000] {logging_mixin.py:188} INFO - [2024-06-14T02:14:08.338+0000] {dag.py:3047} INFO - Sync 1 DAGs
[2024-06-14T02:14:08.354+0000] {logging_mixin.py:188} INFO - [2024-06-14T02:14:08.353+0000] {dag.py:3834} INFO - Setting next_dagrun for example_kubernetes_executor to None, run_after=None
[2024-06-14T02:14:08.378+0000] {processor.py:183} INFO - Processing /home/airflow/.local/lib/python3.8/site-packages/airflow/example_dags/example_kubernetes_executor.py took 0.121 seconds
[2024-06-14T02:14:41.617+0000] {processor.py:161} INFO - Started process (PID=614) to work on /home/airflow/.local/lib/python3.8/site-packages/airflow/example_dags/example_kubernetes_executor.py
[2024-06-14T02:14:41.619+0000] {processor.py:830} INFO - Processing file /home/airflow/.local/lib/python3.8/site-packages/airflow/example_dags/example_kubernetes_executor.py for tasks to queue
[2024-06-14T02:14:41.623+0000] {logging_mixin.py:188} INFO - [2024-06-14T02:14:41.622+0000] {dagbag.py:540} INFO - Filling up the DagBag from /home/airflow/.local/lib/python3.8/site-packages/airflow/example_dags/example_kubernetes_executor.py
[2024-06-14T02:14:41.650+0000] {processor.py:840} INFO - DAG(s) 'example_kubernetes_executor' retrieved from /home/airflow/.local/lib/python3.8/site-packages/airflow/example_dags/example_kubernetes_executor.py
[2024-06-14T02:14:41.715+0000] {logging_mixin.py:188} INFO - [2024-06-14T02:14:41.715+0000] {dag.py:3047} INFO - Sync 1 DAGs
[2024-06-14T02:14:41.736+0000] {logging_mixin.py:188} INFO - [2024-06-14T02:14:41.736+0000] {dag.py:3834} INFO - Setting next_dagrun for example_kubernetes_executor to None, run_after=None
[2024-06-14T02:14:41.770+0000] {processor.py:183} INFO - Processing /home/airflow/.local/lib/python3.8/site-packages/airflow/example_dags/example_kubernetes_executor.py took 0.160 seconds
[2024-06-14T02:15:12.757+0000] {processor.py:161} INFO - Started process (PID=675) to work on /home/airflow/.local/lib/python3.8/site-packages/airflow/example_dags/example_kubernetes_executor.py
[2024-06-14T02:15:12.759+0000] {processor.py:830} INFO - Processing file /home/airflow/.local/lib/python3.8/site-packages/airflow/example_dags/example_kubernetes_executor.py for tasks to queue
[2024-06-14T02:15:12.762+0000] {logging_mixin.py:188} INFO - [2024-06-14T02:15:12.761+0000] {dagbag.py:540} INFO - Filling up the DagBag from /home/airflow/.local/lib/python3.8/site-packages/airflow/example_dags/example_kubernetes_executor.py
[2024-06-14T02:15:12.782+0000] {processor.py:840} INFO - DAG(s) 'example_kubernetes_executor' retrieved from /home/airflow/.local/lib/python3.8/site-packages/airflow/example_dags/example_kubernetes_executor.py
[2024-06-14T02:15:12.843+0000] {logging_mixin.py:188} INFO - [2024-06-14T02:15:12.843+0000] {dag.py:3047} INFO - Sync 1 DAGs
[2024-06-14T02:15:12.857+0000] {logging_mixin.py:188} INFO - [2024-06-14T02:15:12.856+0000] {dag.py:3834} INFO - Setting next_dagrun for example_kubernetes_executor to None, run_after=None
[2024-06-14T02:15:12.885+0000] {processor.py:183} INFO - Processing /home/airflow/.local/lib/python3.8/site-packages/airflow/example_dags/example_kubernetes_executor.py took 0.131 seconds
[2024-06-14T02:15:43.659+0000] {processor.py:161} INFO - Started process (PID=736) to work on /home/airflow/.local/lib/python3.8/site-packages/airflow/example_dags/example_kubernetes_executor.py
[2024-06-14T02:15:43.661+0000] {processor.py:830} INFO - Processing file /home/airflow/.local/lib/python3.8/site-packages/airflow/example_dags/example_kubernetes_executor.py for tasks to queue
[2024-06-14T02:15:43.673+0000] {logging_mixin.py:188} INFO - [2024-06-14T02:15:43.664+0000] {dagbag.py:540} INFO - Filling up the DagBag from /home/airflow/.local/lib/python3.8/site-packages/airflow/example_dags/example_kubernetes_executor.py
[2024-06-14T02:15:43.700+0000] {processor.py:840} INFO - DAG(s) 'example_kubernetes_executor' retrieved from /home/airflow/.local/lib/python3.8/site-packages/airflow/example_dags/example_kubernetes_executor.py
[2024-06-14T02:15:43.763+0000] {logging_mixin.py:188} INFO - [2024-06-14T02:15:43.762+0000] {dag.py:3047} INFO - Sync 1 DAGs
[2024-06-14T02:15:43.782+0000] {logging_mixin.py:188} INFO - [2024-06-14T02:15:43.781+0000] {dag.py:3834} INFO - Setting next_dagrun for example_kubernetes_executor to None, run_after=None
[2024-06-14T02:15:43.818+0000] {processor.py:183} INFO - Processing /home/airflow/.local/lib/python3.8/site-packages/airflow/example_dags/example_kubernetes_executor.py took 0.165 seconds
[2024-06-14T02:16:16.175+0000] {processor.py:161} INFO - Started process (PID=796) to work on /home/airflow/.local/lib/python3.8/site-packages/airflow/example_dags/example_kubernetes_executor.py
[2024-06-14T02:16:16.177+0000] {processor.py:830} INFO - Processing file /home/airflow/.local/lib/python3.8/site-packages/airflow/example_dags/example_kubernetes_executor.py for tasks to queue
[2024-06-14T02:16:16.180+0000] {logging_mixin.py:188} INFO - [2024-06-14T02:16:16.180+0000] {dagbag.py:540} INFO - Filling up the DagBag from /home/airflow/.local/lib/python3.8/site-packages/airflow/example_dags/example_kubernetes_executor.py
[2024-06-14T02:16:16.209+0000] {processor.py:840} INFO - DAG(s) 'example_kubernetes_executor' retrieved from /home/airflow/.local/lib/python3.8/site-packages/airflow/example_dags/example_kubernetes_executor.py
[2024-06-14T02:16:16.288+0000] {logging_mixin.py:188} INFO - [2024-06-14T02:16:16.287+0000] {dag.py:3047} INFO - Sync 1 DAGs
[2024-06-14T02:16:16.315+0000] {logging_mixin.py:188} INFO - [2024-06-14T02:16:16.314+0000] {dag.py:3834} INFO - Setting next_dagrun for example_kubernetes_executor to None, run_after=None
[2024-06-14T02:16:16.381+0000] {processor.py:183} INFO - Processing /home/airflow/.local/lib/python3.8/site-packages/airflow/example_dags/example_kubernetes_executor.py took 0.212 seconds
[2024-06-14T02:16:50.619+0000] {processor.py:161} INFO - Started process (PID=858) to work on /home/airflow/.local/lib/python3.8/site-packages/airflow/example_dags/example_kubernetes_executor.py
[2024-06-14T02:16:50.639+0000] {processor.py:830} INFO - Processing file /home/airflow/.local/lib/python3.8/site-packages/airflow/example_dags/example_kubernetes_executor.py for tasks to queue
[2024-06-14T02:16:50.643+0000] {logging_mixin.py:188} INFO - [2024-06-14T02:16:50.643+0000] {dagbag.py:540} INFO - Filling up the DagBag from /home/airflow/.local/lib/python3.8/site-packages/airflow/example_dags/example_kubernetes_executor.py
[2024-06-14T02:16:50.666+0000] {processor.py:840} INFO - DAG(s) 'example_kubernetes_executor' retrieved from /home/airflow/.local/lib/python3.8/site-packages/airflow/example_dags/example_kubernetes_executor.py
[2024-06-14T02:16:50.714+0000] {logging_mixin.py:188} INFO - [2024-06-14T02:16:50.714+0000] {dag.py:3047} INFO - Sync 1 DAGs
[2024-06-14T02:16:50.730+0000] {logging_mixin.py:188} INFO - [2024-06-14T02:16:50.730+0000] {dag.py:3834} INFO - Setting next_dagrun for example_kubernetes_executor to None, run_after=None
[2024-06-14T02:16:50.784+0000] {processor.py:183} INFO - Processing /home/airflow/.local/lib/python3.8/site-packages/airflow/example_dags/example_kubernetes_executor.py took 0.172 seconds
[2024-06-14T02:17:21.288+0000] {processor.py:161} INFO - Started process (PID=919) to work on /home/airflow/.local/lib/python3.8/site-packages/airflow/example_dags/example_kubernetes_executor.py
[2024-06-14T02:17:21.290+0000] {processor.py:830} INFO - Processing file /home/airflow/.local/lib/python3.8/site-packages/airflow/example_dags/example_kubernetes_executor.py for tasks to queue
[2024-06-14T02:17:21.304+0000] {logging_mixin.py:188} INFO - [2024-06-14T02:17:21.303+0000] {dagbag.py:540} INFO - Filling up the DagBag from /home/airflow/.local/lib/python3.8/site-packages/airflow/example_dags/example_kubernetes_executor.py
[2024-06-14T02:17:21.338+0000] {processor.py:840} INFO - DAG(s) 'example_kubernetes_executor' retrieved from /home/airflow/.local/lib/python3.8/site-packages/airflow/example_dags/example_kubernetes_executor.py
[2024-06-14T02:17:21.410+0000] {logging_mixin.py:188} INFO - [2024-06-14T02:17:21.409+0000] {dag.py:3047} INFO - Sync 1 DAGs
[2024-06-14T02:17:21.446+0000] {logging_mixin.py:188} INFO - [2024-06-14T02:17:21.445+0000] {dag.py:3834} INFO - Setting next_dagrun for example_kubernetes_executor to None, run_after=None
[2024-06-14T02:17:21.489+0000] {processor.py:183} INFO - Processing /home/airflow/.local/lib/python3.8/site-packages/airflow/example_dags/example_kubernetes_executor.py took 0.206 seconds
[2024-06-14T02:17:52.270+0000] {processor.py:161} INFO - Started process (PID=980) to work on /home/airflow/.local/lib/python3.8/site-packages/airflow/example_dags/example_kubernetes_executor.py
[2024-06-14T02:17:52.272+0000] {processor.py:830} INFO - Processing file /home/airflow/.local/lib/python3.8/site-packages/airflow/example_dags/example_kubernetes_executor.py for tasks to queue
[2024-06-14T02:17:52.275+0000] {logging_mixin.py:188} INFO - [2024-06-14T02:17:52.275+0000] {dagbag.py:540} INFO - Filling up the DagBag from /home/airflow/.local/lib/python3.8/site-packages/airflow/example_dags/example_kubernetes_executor.py
[2024-06-14T02:17:52.304+0000] {processor.py:840} INFO - DAG(s) 'example_kubernetes_executor' retrieved from /home/airflow/.local/lib/python3.8/site-packages/airflow/example_dags/example_kubernetes_executor.py
[2024-06-14T02:17:52.370+0000] {logging_mixin.py:188} INFO - [2024-06-14T02:17:52.369+0000] {dag.py:3047} INFO - Sync 1 DAGs
[2024-06-14T02:17:52.393+0000] {logging_mixin.py:188} INFO - [2024-06-14T02:17:52.392+0000] {dag.py:3834} INFO - Setting next_dagrun for example_kubernetes_executor to None, run_after=None
[2024-06-14T02:17:52.439+0000] {processor.py:183} INFO - Processing /home/airflow/.local/lib/python3.8/site-packages/airflow/example_dags/example_kubernetes_executor.py took 0.177 seconds
[2024-06-14T02:18:22.710+0000] {processor.py:161} INFO - Started process (PID=1041) to work on /home/airflow/.local/lib/python3.8/site-packages/airflow/example_dags/example_kubernetes_executor.py
[2024-06-14T02:18:22.712+0000] {processor.py:830} INFO - Processing file /home/airflow/.local/lib/python3.8/site-packages/airflow/example_dags/example_kubernetes_executor.py for tasks to queue
[2024-06-14T02:18:22.717+0000] {logging_mixin.py:188} INFO - [2024-06-14T02:18:22.716+0000] {dagbag.py:540} INFO - Filling up the DagBag from /home/airflow/.local/lib/python3.8/site-packages/airflow/example_dags/example_kubernetes_executor.py
[2024-06-14T02:18:22.749+0000] {processor.py:840} INFO - DAG(s) 'example_kubernetes_executor' retrieved from /home/airflow/.local/lib/python3.8/site-packages/airflow/example_dags/example_kubernetes_executor.py
[2024-06-14T02:18:22.816+0000] {logging_mixin.py:188} INFO - [2024-06-14T02:18:22.815+0000] {dag.py:3047} INFO - Sync 1 DAGs
[2024-06-14T02:18:22.836+0000] {logging_mixin.py:188} INFO - [2024-06-14T02:18:22.836+0000] {dag.py:3834} INFO - Setting next_dagrun for example_kubernetes_executor to None, run_after=None
[2024-06-14T02:18:22.872+0000] {processor.py:183} INFO - Processing /home/airflow/.local/lib/python3.8/site-packages/airflow/example_dags/example_kubernetes_executor.py took 0.167 seconds
[2024-06-14T02:18:53.344+0000] {processor.py:161} INFO - Started process (PID=1102) to work on /home/airflow/.local/lib/python3.8/site-packages/airflow/example_dags/example_kubernetes_executor.py
[2024-06-14T02:18:53.346+0000] {processor.py:830} INFO - Processing file /home/airflow/.local/lib/python3.8/site-packages/airflow/example_dags/example_kubernetes_executor.py for tasks to queue
[2024-06-14T02:18:53.349+0000] {logging_mixin.py:188} INFO - [2024-06-14T02:18:53.348+0000] {dagbag.py:540} INFO - Filling up the DagBag from /home/airflow/.local/lib/python3.8/site-packages/airflow/example_dags/example_kubernetes_executor.py
[2024-06-14T02:18:53.365+0000] {processor.py:840} INFO - DAG(s) 'example_kubernetes_executor' retrieved from /home/airflow/.local/lib/python3.8/site-packages/airflow/example_dags/example_kubernetes_executor.py
[2024-06-14T02:18:53.409+0000] {logging_mixin.py:188} INFO - [2024-06-14T02:18:53.409+0000] {dag.py:3047} INFO - Sync 1 DAGs
[2024-06-14T02:18:53.423+0000] {logging_mixin.py:188} INFO - [2024-06-14T02:18:53.423+0000] {dag.py:3834} INFO - Setting next_dagrun for example_kubernetes_executor to None, run_after=None
[2024-06-14T02:18:53.451+0000] {processor.py:183} INFO - Processing /home/airflow/.local/lib/python3.8/site-packages/airflow/example_dags/example_kubernetes_executor.py took 0.111 seconds
[2024-06-14T02:19:23.839+0000] {processor.py:161} INFO - Started process (PID=1163) to work on /home/airflow/.local/lib/python3.8/site-packages/airflow/example_dags/example_kubernetes_executor.py
[2024-06-14T02:19:23.841+0000] {processor.py:830} INFO - Processing file /home/airflow/.local/lib/python3.8/site-packages/airflow/example_dags/example_kubernetes_executor.py for tasks to queue
[2024-06-14T02:19:23.844+0000] {logging_mixin.py:188} INFO - [2024-06-14T02:19:23.844+0000] {dagbag.py:540} INFO - Filling up the DagBag from /home/airflow/.local/lib/python3.8/site-packages/airflow/example_dags/example_kubernetes_executor.py
[2024-06-14T02:19:23.861+0000] {processor.py:840} INFO - DAG(s) 'example_kubernetes_executor' retrieved from /home/airflow/.local/lib/python3.8/site-packages/airflow/example_dags/example_kubernetes_executor.py
[2024-06-14T02:19:23.905+0000] {logging_mixin.py:188} INFO - [2024-06-14T02:19:23.905+0000] {dag.py:3047} INFO - Sync 1 DAGs
[2024-06-14T02:19:23.919+0000] {logging_mixin.py:188} INFO - [2024-06-14T02:19:23.919+0000] {dag.py:3834} INFO - Setting next_dagrun for example_kubernetes_executor to None, run_after=None
[2024-06-14T02:19:23.950+0000] {processor.py:183} INFO - Processing /home/airflow/.local/lib/python3.8/site-packages/airflow/example_dags/example_kubernetes_executor.py took 0.115 seconds
[2024-06-14T02:19:55.377+0000] {processor.py:161} INFO - Started process (PID=1224) to work on /home/airflow/.local/lib/python3.8/site-packages/airflow/example_dags/example_kubernetes_executor.py
[2024-06-14T02:19:55.378+0000] {processor.py:830} INFO - Processing file /home/airflow/.local/lib/python3.8/site-packages/airflow/example_dags/example_kubernetes_executor.py for tasks to queue
[2024-06-14T02:19:55.381+0000] {logging_mixin.py:188} INFO - [2024-06-14T02:19:55.380+0000] {dagbag.py:540} INFO - Filling up the DagBag from /home/airflow/.local/lib/python3.8/site-packages/airflow/example_dags/example_kubernetes_executor.py
[2024-06-14T02:19:55.399+0000] {processor.py:840} INFO - DAG(s) 'example_kubernetes_executor' retrieved from /home/airflow/.local/lib/python3.8/site-packages/airflow/example_dags/example_kubernetes_executor.py
[2024-06-14T02:19:55.446+0000] {logging_mixin.py:188} INFO - [2024-06-14T02:19:55.445+0000] {dag.py:3047} INFO - Sync 1 DAGs
[2024-06-14T02:19:55.465+0000] {logging_mixin.py:188} INFO - [2024-06-14T02:19:55.464+0000] {dag.py:3834} INFO - Setting next_dagrun for example_kubernetes_executor to None, run_after=None
[2024-06-14T02:19:55.491+0000] {processor.py:183} INFO - Processing /home/airflow/.local/lib/python3.8/site-packages/airflow/example_dags/example_kubernetes_executor.py took 0.119 seconds
[2024-06-14T02:20:27.833+0000] {processor.py:161} INFO - Started process (PID=1285) to work on /home/airflow/.local/lib/python3.8/site-packages/airflow/example_dags/example_kubernetes_executor.py
[2024-06-14T02:20:27.835+0000] {processor.py:830} INFO - Processing file /home/airflow/.local/lib/python3.8/site-packages/airflow/example_dags/example_kubernetes_executor.py for tasks to queue
[2024-06-14T02:20:27.840+0000] {logging_mixin.py:188} INFO - [2024-06-14T02:20:27.839+0000] {dagbag.py:540} INFO - Filling up the DagBag from /home/airflow/.local/lib/python3.8/site-packages/airflow/example_dags/example_kubernetes_executor.py
[2024-06-14T02:20:27.861+0000] {processor.py:840} INFO - DAG(s) 'example_kubernetes_executor' retrieved from /home/airflow/.local/lib/python3.8/site-packages/airflow/example_dags/example_kubernetes_executor.py
[2024-06-14T02:20:27.930+0000] {logging_mixin.py:188} INFO - [2024-06-14T02:20:27.929+0000] {dag.py:3047} INFO - Sync 1 DAGs
[2024-06-14T02:20:27.957+0000] {logging_mixin.py:188} INFO - [2024-06-14T02:20:27.957+0000] {dag.py:3834} INFO - Setting next_dagrun for example_kubernetes_executor to None, run_after=None
[2024-06-14T02:20:27.993+0000] {processor.py:183} INFO - Processing /home/airflow/.local/lib/python3.8/site-packages/airflow/example_dags/example_kubernetes_executor.py took 0.166 seconds
[2024-06-14T02:20:58.251+0000] {processor.py:161} INFO - Started process (PID=1346) to work on /home/airflow/.local/lib/python3.8/site-packages/airflow/example_dags/example_kubernetes_executor.py
[2024-06-14T02:20:58.252+0000] {processor.py:830} INFO - Processing file /home/airflow/.local/lib/python3.8/site-packages/airflow/example_dags/example_kubernetes_executor.py for tasks to queue
[2024-06-14T02:20:58.256+0000] {logging_mixin.py:188} INFO - [2024-06-14T02:20:58.256+0000] {dagbag.py:540} INFO - Filling up the DagBag from /home/airflow/.local/lib/python3.8/site-packages/airflow/example_dags/example_kubernetes_executor.py
[2024-06-14T02:20:58.285+0000] {processor.py:840} INFO - DAG(s) 'example_kubernetes_executor' retrieved from /home/airflow/.local/lib/python3.8/site-packages/airflow/example_dags/example_kubernetes_executor.py
[2024-06-14T02:20:58.360+0000] {logging_mixin.py:188} INFO - [2024-06-14T02:20:58.359+0000] {dag.py:3047} INFO - Sync 1 DAGs
[2024-06-14T02:20:58.383+0000] {logging_mixin.py:188} INFO - [2024-06-14T02:20:58.382+0000] {dag.py:3834} INFO - Setting next_dagrun for example_kubernetes_executor to None, run_after=None
[2024-06-14T02:20:58.422+0000] {processor.py:183} INFO - Processing /home/airflow/.local/lib/python3.8/site-packages/airflow/example_dags/example_kubernetes_executor.py took 0.178 seconds
[2024-06-14T02:21:29.934+0000] {processor.py:161} INFO - Started process (PID=1407) to work on /home/airflow/.local/lib/python3.8/site-packages/airflow/example_dags/example_kubernetes_executor.py
[2024-06-14T02:21:29.937+0000] {processor.py:830} INFO - Processing file /home/airflow/.local/lib/python3.8/site-packages/airflow/example_dags/example_kubernetes_executor.py for tasks to queue
[2024-06-14T02:21:29.940+0000] {logging_mixin.py:188} INFO - [2024-06-14T02:21:29.939+0000] {dagbag.py:540} INFO - Filling up the DagBag from /home/airflow/.local/lib/python3.8/site-packages/airflow/example_dags/example_kubernetes_executor.py
[2024-06-14T02:21:29.966+0000] {processor.py:840} INFO - DAG(s) 'example_kubernetes_executor' retrieved from /home/airflow/.local/lib/python3.8/site-packages/airflow/example_dags/example_kubernetes_executor.py
[2024-06-14T02:21:30.022+0000] {logging_mixin.py:188} INFO - [2024-06-14T02:21:30.022+0000] {dag.py:3047} INFO - Sync 1 DAGs
[2024-06-14T02:21:30.041+0000] {logging_mixin.py:188} INFO - [2024-06-14T02:21:30.041+0000] {dag.py:3834} INFO - Setting next_dagrun for example_kubernetes_executor to None, run_after=None
[2024-06-14T02:21:30.067+0000] {processor.py:183} INFO - Processing /home/airflow/.local/lib/python3.8/site-packages/airflow/example_dags/example_kubernetes_executor.py took 0.137 seconds
[2024-06-14T02:22:00.911+0000] {processor.py:161} INFO - Started process (PID=1468) to work on /home/airflow/.local/lib/python3.8/site-packages/airflow/example_dags/example_kubernetes_executor.py
[2024-06-14T02:22:00.913+0000] {processor.py:830} INFO - Processing file /home/airflow/.local/lib/python3.8/site-packages/airflow/example_dags/example_kubernetes_executor.py for tasks to queue
[2024-06-14T02:22:00.916+0000] {logging_mixin.py:188} INFO - [2024-06-14T02:22:00.916+0000] {dagbag.py:540} INFO - Filling up the DagBag from /home/airflow/.local/lib/python3.8/site-packages/airflow/example_dags/example_kubernetes_executor.py
[2024-06-14T02:22:00.936+0000] {processor.py:840} INFO - DAG(s) 'example_kubernetes_executor' retrieved from /home/airflow/.local/lib/python3.8/site-packages/airflow/example_dags/example_kubernetes_executor.py
[2024-06-14T02:22:00.980+0000] {logging_mixin.py:188} INFO - [2024-06-14T02:22:00.980+0000] {dag.py:3047} INFO - Sync 1 DAGs
[2024-06-14T02:22:00.994+0000] {logging_mixin.py:188} INFO - [2024-06-14T02:22:00.994+0000] {dag.py:3834} INFO - Setting next_dagrun for example_kubernetes_executor to None, run_after=None
[2024-06-14T02:22:01.017+0000] {processor.py:183} INFO - Processing /home/airflow/.local/lib/python3.8/site-packages/airflow/example_dags/example_kubernetes_executor.py took 0.114 seconds
[2024-06-14T02:22:31.837+0000] {processor.py:161} INFO - Started process (PID=1527) to work on /home/airflow/.local/lib/python3.8/site-packages/airflow/example_dags/example_kubernetes_executor.py
[2024-06-14T02:22:31.839+0000] {processor.py:830} INFO - Processing file /home/airflow/.local/lib/python3.8/site-packages/airflow/example_dags/example_kubernetes_executor.py for tasks to queue
[2024-06-14T02:22:31.844+0000] {logging_mixin.py:188} INFO - [2024-06-14T02:22:31.844+0000] {dagbag.py:540} INFO - Filling up the DagBag from /home/airflow/.local/lib/python3.8/site-packages/airflow/example_dags/example_kubernetes_executor.py
[2024-06-14T02:22:31.878+0000] {processor.py:840} INFO - DAG(s) 'example_kubernetes_executor' retrieved from /home/airflow/.local/lib/python3.8/site-packages/airflow/example_dags/example_kubernetes_executor.py
[2024-06-14T02:22:31.945+0000] {logging_mixin.py:188} INFO - [2024-06-14T02:22:31.944+0000] {dag.py:3047} INFO - Sync 1 DAGs
[2024-06-14T02:22:31.961+0000] {logging_mixin.py:188} INFO - [2024-06-14T02:22:31.961+0000] {dag.py:3834} INFO - Setting next_dagrun for example_kubernetes_executor to None, run_after=None
[2024-06-14T02:22:31.992+0000] {processor.py:183} INFO - Processing /home/airflow/.local/lib/python3.8/site-packages/airflow/example_dags/example_kubernetes_executor.py took 0.160 seconds
[2024-06-14T02:23:02.769+0000] {processor.py:161} INFO - Started process (PID=1588) to work on /home/airflow/.local/lib/python3.8/site-packages/airflow/example_dags/example_kubernetes_executor.py
[2024-06-14T02:23:02.771+0000] {processor.py:830} INFO - Processing file /home/airflow/.local/lib/python3.8/site-packages/airflow/example_dags/example_kubernetes_executor.py for tasks to queue
[2024-06-14T02:23:02.774+0000] {logging_mixin.py:188} INFO - [2024-06-14T02:23:02.774+0000] {dagbag.py:540} INFO - Filling up the DagBag from /home/airflow/.local/lib/python3.8/site-packages/airflow/example_dags/example_kubernetes_executor.py
[2024-06-14T02:23:02.794+0000] {processor.py:840} INFO - DAG(s) 'example_kubernetes_executor' retrieved from /home/airflow/.local/lib/python3.8/site-packages/airflow/example_dags/example_kubernetes_executor.py
[2024-06-14T02:23:02.845+0000] {logging_mixin.py:188} INFO - [2024-06-14T02:23:02.845+0000] {dag.py:3047} INFO - Sync 1 DAGs
[2024-06-14T02:23:02.861+0000] {logging_mixin.py:188} INFO - [2024-06-14T02:23:02.860+0000] {dag.py:3834} INFO - Setting next_dagrun for example_kubernetes_executor to None, run_after=None
[2024-06-14T02:23:02.887+0000] {processor.py:183} INFO - Processing /home/airflow/.local/lib/python3.8/site-packages/airflow/example_dags/example_kubernetes_executor.py took 0.123 seconds
[2024-06-14T02:23:33.553+0000] {processor.py:161} INFO - Started process (PID=1650) to work on /home/airflow/.local/lib/python3.8/site-packages/airflow/example_dags/example_kubernetes_executor.py
[2024-06-14T02:23:33.555+0000] {processor.py:830} INFO - Processing file /home/airflow/.local/lib/python3.8/site-packages/airflow/example_dags/example_kubernetes_executor.py for tasks to queue
[2024-06-14T02:23:33.558+0000] {logging_mixin.py:188} INFO - [2024-06-14T02:23:33.558+0000] {dagbag.py:540} INFO - Filling up the DagBag from /home/airflow/.local/lib/python3.8/site-packages/airflow/example_dags/example_kubernetes_executor.py
[2024-06-14T02:23:33.578+0000] {processor.py:840} INFO - DAG(s) 'example_kubernetes_executor' retrieved from /home/airflow/.local/lib/python3.8/site-packages/airflow/example_dags/example_kubernetes_executor.py
[2024-06-14T02:23:33.621+0000] {logging_mixin.py:188} INFO - [2024-06-14T02:23:33.621+0000] {dag.py:3047} INFO - Sync 1 DAGs
[2024-06-14T02:23:33.635+0000] {logging_mixin.py:188} INFO - [2024-06-14T02:23:33.634+0000] {dag.py:3834} INFO - Setting next_dagrun for example_kubernetes_executor to None, run_after=None
[2024-06-14T02:23:33.664+0000] {processor.py:183} INFO - Processing /home/airflow/.local/lib/python3.8/site-packages/airflow/example_dags/example_kubernetes_executor.py took 0.116 seconds
[2024-06-14T02:24:04.080+0000] {processor.py:161} INFO - Started process (PID=1711) to work on /home/airflow/.local/lib/python3.8/site-packages/airflow/example_dags/example_kubernetes_executor.py
[2024-06-14T02:24:04.082+0000] {processor.py:830} INFO - Processing file /home/airflow/.local/lib/python3.8/site-packages/airflow/example_dags/example_kubernetes_executor.py for tasks to queue
[2024-06-14T02:24:04.085+0000] {logging_mixin.py:188} INFO - [2024-06-14T02:24:04.085+0000] {dagbag.py:540} INFO - Filling up the DagBag from /home/airflow/.local/lib/python3.8/site-packages/airflow/example_dags/example_kubernetes_executor.py
[2024-06-14T02:24:04.103+0000] {processor.py:840} INFO - DAG(s) 'example_kubernetes_executor' retrieved from /home/airflow/.local/lib/python3.8/site-packages/airflow/example_dags/example_kubernetes_executor.py
[2024-06-14T02:24:04.159+0000] {logging_mixin.py:188} INFO - [2024-06-14T02:24:04.159+0000] {dag.py:3047} INFO - Sync 1 DAGs
[2024-06-14T02:24:04.180+0000] {logging_mixin.py:188} INFO - [2024-06-14T02:24:04.179+0000] {dag.py:3834} INFO - Setting next_dagrun for example_kubernetes_executor to None, run_after=None
[2024-06-14T02:24:04.210+0000] {processor.py:183} INFO - Processing /home/airflow/.local/lib/python3.8/site-packages/airflow/example_dags/example_kubernetes_executor.py took 0.136 seconds
[2024-06-14T02:24:35.101+0000] {processor.py:161} INFO - Started process (PID=1778) to work on /home/airflow/.local/lib/python3.8/site-packages/airflow/example_dags/example_kubernetes_executor.py
[2024-06-14T02:24:35.103+0000] {processor.py:830} INFO - Processing file /home/airflow/.local/lib/python3.8/site-packages/airflow/example_dags/example_kubernetes_executor.py for tasks to queue
[2024-06-14T02:24:35.106+0000] {logging_mixin.py:188} INFO - [2024-06-14T02:24:35.105+0000] {dagbag.py:540} INFO - Filling up the DagBag from /home/airflow/.local/lib/python3.8/site-packages/airflow/example_dags/example_kubernetes_executor.py
[2024-06-14T02:24:35.126+0000] {processor.py:840} INFO - DAG(s) 'example_kubernetes_executor' retrieved from /home/airflow/.local/lib/python3.8/site-packages/airflow/example_dags/example_kubernetes_executor.py
[2024-06-14T02:24:35.186+0000] {logging_mixin.py:188} INFO - [2024-06-14T02:24:35.185+0000] {dag.py:3047} INFO - Sync 1 DAGs
[2024-06-14T02:24:35.207+0000] {logging_mixin.py:188} INFO - [2024-06-14T02:24:35.206+0000] {dag.py:3834} INFO - Setting next_dagrun for example_kubernetes_executor to None, run_after=None
[2024-06-14T02:24:35.247+0000] {processor.py:183} INFO - Processing /home/airflow/.local/lib/python3.8/site-packages/airflow/example_dags/example_kubernetes_executor.py took 0.150 seconds
[2024-06-14T02:25:05.345+0000] {processor.py:161} INFO - Started process (PID=1837) to work on /home/airflow/.local/lib/python3.8/site-packages/airflow/example_dags/example_kubernetes_executor.py
[2024-06-14T02:25:05.346+0000] {processor.py:830} INFO - Processing file /home/airflow/.local/lib/python3.8/site-packages/airflow/example_dags/example_kubernetes_executor.py for tasks to queue
[2024-06-14T02:25:05.349+0000] {logging_mixin.py:188} INFO - [2024-06-14T02:25:05.349+0000] {dagbag.py:540} INFO - Filling up the DagBag from /home/airflow/.local/lib/python3.8/site-packages/airflow/example_dags/example_kubernetes_executor.py
[2024-06-14T02:25:05.367+0000] {processor.py:840} INFO - DAG(s) 'example_kubernetes_executor' retrieved from /home/airflow/.local/lib/python3.8/site-packages/airflow/example_dags/example_kubernetes_executor.py
[2024-06-14T02:25:05.416+0000] {logging_mixin.py:188} INFO - [2024-06-14T02:25:05.415+0000] {dag.py:3047} INFO - Sync 1 DAGs
[2024-06-14T02:25:05.439+0000] {logging_mixin.py:188} INFO - [2024-06-14T02:25:05.439+0000] {dag.py:3834} INFO - Setting next_dagrun for example_kubernetes_executor to None, run_after=None
[2024-06-14T02:25:05.469+0000] {processor.py:183} INFO - Processing /home/airflow/.local/lib/python3.8/site-packages/airflow/example_dags/example_kubernetes_executor.py took 0.129 seconds
[2024-06-14T02:25:35.756+0000] {processor.py:161} INFO - Started process (PID=1899) to work on /home/airflow/.local/lib/python3.8/site-packages/airflow/example_dags/example_kubernetes_executor.py
[2024-06-14T02:25:35.758+0000] {processor.py:830} INFO - Processing file /home/airflow/.local/lib/python3.8/site-packages/airflow/example_dags/example_kubernetes_executor.py for tasks to queue
[2024-06-14T02:25:35.762+0000] {logging_mixin.py:188} INFO - [2024-06-14T02:25:35.761+0000] {dagbag.py:540} INFO - Filling up the DagBag from /home/airflow/.local/lib/python3.8/site-packages/airflow/example_dags/example_kubernetes_executor.py
[2024-06-14T02:25:35.787+0000] {processor.py:840} INFO - DAG(s) 'example_kubernetes_executor' retrieved from /home/airflow/.local/lib/python3.8/site-packages/airflow/example_dags/example_kubernetes_executor.py
[2024-06-14T02:25:35.847+0000] {logging_mixin.py:188} INFO - [2024-06-14T02:25:35.847+0000] {dag.py:3047} INFO - Sync 1 DAGs
[2024-06-14T02:25:35.866+0000] {logging_mixin.py:188} INFO - [2024-06-14T02:25:35.865+0000] {dag.py:3834} INFO - Setting next_dagrun for example_kubernetes_executor to None, run_after=None
[2024-06-14T02:25:35.900+0000] {processor.py:183} INFO - Processing /home/airflow/.local/lib/python3.8/site-packages/airflow/example_dags/example_kubernetes_executor.py took 0.148 seconds
[2024-06-14T02:26:06.864+0000] {processor.py:161} INFO - Started process (PID=1960) to work on /home/airflow/.local/lib/python3.8/site-packages/airflow/example_dags/example_kubernetes_executor.py
[2024-06-14T02:26:06.869+0000] {processor.py:830} INFO - Processing file /home/airflow/.local/lib/python3.8/site-packages/airflow/example_dags/example_kubernetes_executor.py for tasks to queue
[2024-06-14T02:26:06.874+0000] {logging_mixin.py:188} INFO - [2024-06-14T02:26:06.872+0000] {dagbag.py:540} INFO - Filling up the DagBag from /home/airflow/.local/lib/python3.8/site-packages/airflow/example_dags/example_kubernetes_executor.py
[2024-06-14T02:26:06.893+0000] {processor.py:840} INFO - DAG(s) 'example_kubernetes_executor' retrieved from /home/airflow/.local/lib/python3.8/site-packages/airflow/example_dags/example_kubernetes_executor.py
[2024-06-14T02:26:06.945+0000] {logging_mixin.py:188} INFO - [2024-06-14T02:26:06.944+0000] {dag.py:3047} INFO - Sync 1 DAGs
[2024-06-14T02:26:06.963+0000] {logging_mixin.py:188} INFO - [2024-06-14T02:26:06.962+0000] {dag.py:3834} INFO - Setting next_dagrun for example_kubernetes_executor to None, run_after=None
[2024-06-14T02:26:06.997+0000] {processor.py:183} INFO - Processing /home/airflow/.local/lib/python3.8/site-packages/airflow/example_dags/example_kubernetes_executor.py took 0.139 seconds
[2024-06-14T02:26:38.251+0000] {processor.py:161} INFO - Started process (PID=2021) to work on /home/airflow/.local/lib/python3.8/site-packages/airflow/example_dags/example_kubernetes_executor.py
[2024-06-14T02:26:38.253+0000] {processor.py:830} INFO - Processing file /home/airflow/.local/lib/python3.8/site-packages/airflow/example_dags/example_kubernetes_executor.py for tasks to queue
[2024-06-14T02:26:38.255+0000] {logging_mixin.py:188} INFO - [2024-06-14T02:26:38.255+0000] {dagbag.py:540} INFO - Filling up the DagBag from /home/airflow/.local/lib/python3.8/site-packages/airflow/example_dags/example_kubernetes_executor.py
[2024-06-14T02:26:38.278+0000] {processor.py:840} INFO - DAG(s) 'example_kubernetes_executor' retrieved from /home/airflow/.local/lib/python3.8/site-packages/airflow/example_dags/example_kubernetes_executor.py
[2024-06-14T02:26:38.334+0000] {logging_mixin.py:188} INFO - [2024-06-14T02:26:38.333+0000] {dag.py:3047} INFO - Sync 1 DAGs
[2024-06-14T02:26:38.355+0000] {logging_mixin.py:188} INFO - [2024-06-14T02:26:38.355+0000] {dag.py:3834} INFO - Setting next_dagrun for example_kubernetes_executor to None, run_after=None
[2024-06-14T02:26:38.388+0000] {processor.py:183} INFO - Processing /home/airflow/.local/lib/python3.8/site-packages/airflow/example_dags/example_kubernetes_executor.py took 0.142 seconds
[2024-06-14T02:27:09.766+0000] {processor.py:161} INFO - Started process (PID=2082) to work on /home/airflow/.local/lib/python3.8/site-packages/airflow/example_dags/example_kubernetes_executor.py
[2024-06-14T02:27:09.768+0000] {processor.py:830} INFO - Processing file /home/airflow/.local/lib/python3.8/site-packages/airflow/example_dags/example_kubernetes_executor.py for tasks to queue
[2024-06-14T02:27:09.771+0000] {logging_mixin.py:188} INFO - [2024-06-14T02:27:09.770+0000] {dagbag.py:540} INFO - Filling up the DagBag from /home/airflow/.local/lib/python3.8/site-packages/airflow/example_dags/example_kubernetes_executor.py
[2024-06-14T02:27:09.790+0000] {processor.py:840} INFO - DAG(s) 'example_kubernetes_executor' retrieved from /home/airflow/.local/lib/python3.8/site-packages/airflow/example_dags/example_kubernetes_executor.py
[2024-06-14T02:27:09.846+0000] {logging_mixin.py:188} INFO - [2024-06-14T02:27:09.845+0000] {dag.py:3047} INFO - Sync 1 DAGs
[2024-06-14T02:27:09.868+0000] {logging_mixin.py:188} INFO - [2024-06-14T02:27:09.868+0000] {dag.py:3834} INFO - Setting next_dagrun for example_kubernetes_executor to None, run_after=None
[2024-06-14T02:27:10.079+0000] {processor.py:183} INFO - Processing /home/airflow/.local/lib/python3.8/site-packages/airflow/example_dags/example_kubernetes_executor.py took 0.319 seconds
[2024-06-14T02:27:40.943+0000] {processor.py:161} INFO - Started process (PID=2143) to work on /home/airflow/.local/lib/python3.8/site-packages/airflow/example_dags/example_kubernetes_executor.py
[2024-06-14T02:27:40.945+0000] {processor.py:830} INFO - Processing file /home/airflow/.local/lib/python3.8/site-packages/airflow/example_dags/example_kubernetes_executor.py for tasks to queue
[2024-06-14T02:27:40.948+0000] {logging_mixin.py:188} INFO - [2024-06-14T02:27:40.948+0000] {dagbag.py:540} INFO - Filling up the DagBag from /home/airflow/.local/lib/python3.8/site-packages/airflow/example_dags/example_kubernetes_executor.py
[2024-06-14T02:27:40.972+0000] {processor.py:840} INFO - DAG(s) 'example_kubernetes_executor' retrieved from /home/airflow/.local/lib/python3.8/site-packages/airflow/example_dags/example_kubernetes_executor.py
[2024-06-14T02:27:41.194+0000] {logging_mixin.py:188} INFO - [2024-06-14T02:27:41.193+0000] {dag.py:3047} INFO - Sync 1 DAGs
[2024-06-14T02:27:41.214+0000] {logging_mixin.py:188} INFO - [2024-06-14T02:27:41.213+0000] {dag.py:3834} INFO - Setting next_dagrun for example_kubernetes_executor to None, run_after=None
[2024-06-14T02:27:41.243+0000] {processor.py:183} INFO - Processing /home/airflow/.local/lib/python3.8/site-packages/airflow/example_dags/example_kubernetes_executor.py took 0.305 seconds
[2024-06-14T02:28:11.761+0000] {processor.py:161} INFO - Started process (PID=2204) to work on /home/airflow/.local/lib/python3.8/site-packages/airflow/example_dags/example_kubernetes_executor.py
[2024-06-14T02:28:11.762+0000] {processor.py:830} INFO - Processing file /home/airflow/.local/lib/python3.8/site-packages/airflow/example_dags/example_kubernetes_executor.py for tasks to queue
[2024-06-14T02:28:11.765+0000] {logging_mixin.py:188} INFO - [2024-06-14T02:28:11.765+0000] {dagbag.py:540} INFO - Filling up the DagBag from /home/airflow/.local/lib/python3.8/site-packages/airflow/example_dags/example_kubernetes_executor.py
[2024-06-14T02:28:11.785+0000] {processor.py:840} INFO - DAG(s) 'example_kubernetes_executor' retrieved from /home/airflow/.local/lib/python3.8/site-packages/airflow/example_dags/example_kubernetes_executor.py
[2024-06-14T02:28:11.984+0000] {logging_mixin.py:188} INFO - [2024-06-14T02:28:11.984+0000] {dag.py:3047} INFO - Sync 1 DAGs
[2024-06-14T02:28:12.002+0000] {logging_mixin.py:188} INFO - [2024-06-14T02:28:12.002+0000] {dag.py:3834} INFO - Setting next_dagrun for example_kubernetes_executor to None, run_after=None
[2024-06-14T02:28:12.030+0000] {processor.py:183} INFO - Processing /home/airflow/.local/lib/python3.8/site-packages/airflow/example_dags/example_kubernetes_executor.py took 0.274 seconds
[2024-06-14T02:28:42.621+0000] {processor.py:161} INFO - Started process (PID=2265) to work on /home/airflow/.local/lib/python3.8/site-packages/airflow/example_dags/example_kubernetes_executor.py
[2024-06-14T02:28:42.623+0000] {processor.py:830} INFO - Processing file /home/airflow/.local/lib/python3.8/site-packages/airflow/example_dags/example_kubernetes_executor.py for tasks to queue
[2024-06-14T02:28:42.635+0000] {logging_mixin.py:188} INFO - [2024-06-14T02:28:42.635+0000] {dagbag.py:540} INFO - Filling up the DagBag from /home/airflow/.local/lib/python3.8/site-packages/airflow/example_dags/example_kubernetes_executor.py
[2024-06-14T02:28:42.672+0000] {processor.py:840} INFO - DAG(s) 'example_kubernetes_executor' retrieved from /home/airflow/.local/lib/python3.8/site-packages/airflow/example_dags/example_kubernetes_executor.py
[2024-06-14T02:28:42.730+0000] {logging_mixin.py:188} INFO - [2024-06-14T02:28:42.729+0000] {dag.py:3047} INFO - Sync 1 DAGs
[2024-06-14T02:28:42.750+0000] {logging_mixin.py:188} INFO - [2024-06-14T02:28:42.750+0000] {dag.py:3834} INFO - Setting next_dagrun for example_kubernetes_executor to None, run_after=None
[2024-06-14T02:28:42.792+0000] {processor.py:183} INFO - Processing /home/airflow/.local/lib/python3.8/site-packages/airflow/example_dags/example_kubernetes_executor.py took 0.175 seconds
[2024-06-14T02:29:13.229+0000] {processor.py:161} INFO - Started process (PID=2326) to work on /home/airflow/.local/lib/python3.8/site-packages/airflow/example_dags/example_kubernetes_executor.py
[2024-06-14T02:29:13.231+0000] {processor.py:830} INFO - Processing file /home/airflow/.local/lib/python3.8/site-packages/airflow/example_dags/example_kubernetes_executor.py for tasks to queue
[2024-06-14T02:29:13.234+0000] {logging_mixin.py:188} INFO - [2024-06-14T02:29:13.234+0000] {dagbag.py:540} INFO - Filling up the DagBag from /home/airflow/.local/lib/python3.8/site-packages/airflow/example_dags/example_kubernetes_executor.py
[2024-06-14T02:29:13.258+0000] {processor.py:840} INFO - DAG(s) 'example_kubernetes_executor' retrieved from /home/airflow/.local/lib/python3.8/site-packages/airflow/example_dags/example_kubernetes_executor.py
[2024-06-14T02:29:13.315+0000] {logging_mixin.py:188} INFO - [2024-06-14T02:29:13.314+0000] {dag.py:3047} INFO - Sync 1 DAGs
[2024-06-14T02:29:13.334+0000] {logging_mixin.py:188} INFO - [2024-06-14T02:29:13.334+0000] {dag.py:3834} INFO - Setting next_dagrun for example_kubernetes_executor to None, run_after=None
[2024-06-14T02:29:13.363+0000] {processor.py:183} INFO - Processing /home/airflow/.local/lib/python3.8/site-packages/airflow/example_dags/example_kubernetes_executor.py took 0.139 seconds
[2024-06-14T02:29:44.113+0000] {processor.py:161} INFO - Started process (PID=2387) to work on /home/airflow/.local/lib/python3.8/site-packages/airflow/example_dags/example_kubernetes_executor.py
[2024-06-14T02:29:44.115+0000] {processor.py:830} INFO - Processing file /home/airflow/.local/lib/python3.8/site-packages/airflow/example_dags/example_kubernetes_executor.py for tasks to queue
[2024-06-14T02:29:44.118+0000] {logging_mixin.py:188} INFO - [2024-06-14T02:29:44.117+0000] {dagbag.py:540} INFO - Filling up the DagBag from /home/airflow/.local/lib/python3.8/site-packages/airflow/example_dags/example_kubernetes_executor.py
[2024-06-14T02:29:44.141+0000] {processor.py:840} INFO - DAG(s) 'example_kubernetes_executor' retrieved from /home/airflow/.local/lib/python3.8/site-packages/airflow/example_dags/example_kubernetes_executor.py
[2024-06-14T02:29:44.195+0000] {logging_mixin.py:188} INFO - [2024-06-14T02:29:44.195+0000] {dag.py:3047} INFO - Sync 1 DAGs
[2024-06-14T02:29:44.217+0000] {logging_mixin.py:188} INFO - [2024-06-14T02:29:44.217+0000] {dag.py:3834} INFO - Setting next_dagrun for example_kubernetes_executor to None, run_after=None
[2024-06-14T02:29:44.248+0000] {processor.py:183} INFO - Processing /home/airflow/.local/lib/python3.8/site-packages/airflow/example_dags/example_kubernetes_executor.py took 0.141 seconds
[2024-06-14T02:30:14.951+0000] {processor.py:161} INFO - Started process (PID=2448) to work on /home/airflow/.local/lib/python3.8/site-packages/airflow/example_dags/example_kubernetes_executor.py
[2024-06-14T02:30:14.953+0000] {processor.py:830} INFO - Processing file /home/airflow/.local/lib/python3.8/site-packages/airflow/example_dags/example_kubernetes_executor.py for tasks to queue
[2024-06-14T02:30:14.956+0000] {logging_mixin.py:188} INFO - [2024-06-14T02:30:14.955+0000] {dagbag.py:540} INFO - Filling up the DagBag from /home/airflow/.local/lib/python3.8/site-packages/airflow/example_dags/example_kubernetes_executor.py
[2024-06-14T02:30:14.975+0000] {processor.py:840} INFO - DAG(s) 'example_kubernetes_executor' retrieved from /home/airflow/.local/lib/python3.8/site-packages/airflow/example_dags/example_kubernetes_executor.py
[2024-06-14T02:30:15.026+0000] {logging_mixin.py:188} INFO - [2024-06-14T02:30:15.025+0000] {dag.py:3047} INFO - Sync 1 DAGs
[2024-06-14T02:30:15.052+0000] {logging_mixin.py:188} INFO - [2024-06-14T02:30:15.052+0000] {dag.py:3834} INFO - Setting next_dagrun for example_kubernetes_executor to None, run_after=None
[2024-06-14T02:30:15.083+0000] {processor.py:183} INFO - Processing /home/airflow/.local/lib/python3.8/site-packages/airflow/example_dags/example_kubernetes_executor.py took 0.135 seconds
[2024-06-14T02:30:45.705+0000] {processor.py:161} INFO - Started process (PID=2509) to work on /home/airflow/.local/lib/python3.8/site-packages/airflow/example_dags/example_kubernetes_executor.py
[2024-06-14T02:30:45.707+0000] {processor.py:830} INFO - Processing file /home/airflow/.local/lib/python3.8/site-packages/airflow/example_dags/example_kubernetes_executor.py for tasks to queue
[2024-06-14T02:30:45.711+0000] {logging_mixin.py:188} INFO - [2024-06-14T02:30:45.710+0000] {dagbag.py:540} INFO - Filling up the DagBag from /home/airflow/.local/lib/python3.8/site-packages/airflow/example_dags/example_kubernetes_executor.py
[2024-06-14T02:30:45.741+0000] {processor.py:840} INFO - DAG(s) 'example_kubernetes_executor' retrieved from /home/airflow/.local/lib/python3.8/site-packages/airflow/example_dags/example_kubernetes_executor.py
[2024-06-14T02:30:45.809+0000] {logging_mixin.py:188} INFO - [2024-06-14T02:30:45.808+0000] {dag.py:3047} INFO - Sync 1 DAGs
[2024-06-14T02:30:45.830+0000] {logging_mixin.py:188} INFO - [2024-06-14T02:30:45.829+0000] {dag.py:3834} INFO - Setting next_dagrun for example_kubernetes_executor to None, run_after=None
[2024-06-14T02:30:45.870+0000] {processor.py:183} INFO - Processing /home/airflow/.local/lib/python3.8/site-packages/airflow/example_dags/example_kubernetes_executor.py took 0.170 seconds
[2024-06-14T02:31:16.131+0000] {processor.py:161} INFO - Started process (PID=2570) to work on /home/airflow/.local/lib/python3.8/site-packages/airflow/example_dags/example_kubernetes_executor.py
[2024-06-14T02:31:16.132+0000] {processor.py:830} INFO - Processing file /home/airflow/.local/lib/python3.8/site-packages/airflow/example_dags/example_kubernetes_executor.py for tasks to queue
[2024-06-14T02:31:16.134+0000] {logging_mixin.py:188} INFO - [2024-06-14T02:31:16.134+0000] {dagbag.py:540} INFO - Filling up the DagBag from /home/airflow/.local/lib/python3.8/site-packages/airflow/example_dags/example_kubernetes_executor.py
[2024-06-14T02:31:16.161+0000] {processor.py:840} INFO - DAG(s) 'example_kubernetes_executor' retrieved from /home/airflow/.local/lib/python3.8/site-packages/airflow/example_dags/example_kubernetes_executor.py
[2024-06-14T02:31:16.224+0000] {logging_mixin.py:188} INFO - [2024-06-14T02:31:16.223+0000] {dag.py:3047} INFO - Sync 1 DAGs
[2024-06-14T02:31:16.250+0000] {logging_mixin.py:188} INFO - [2024-06-14T02:31:16.250+0000] {dag.py:3834} INFO - Setting next_dagrun for example_kubernetes_executor to None, run_after=None
[2024-06-14T02:31:16.285+0000] {processor.py:183} INFO - Processing /home/airflow/.local/lib/python3.8/site-packages/airflow/example_dags/example_kubernetes_executor.py took 0.159 seconds
[2024-06-14T02:31:46.365+0000] {processor.py:161} INFO - Started process (PID=2630) to work on /home/airflow/.local/lib/python3.8/site-packages/airflow/example_dags/example_kubernetes_executor.py
[2024-06-14T02:31:46.367+0000] {processor.py:830} INFO - Processing file /home/airflow/.local/lib/python3.8/site-packages/airflow/example_dags/example_kubernetes_executor.py for tasks to queue
[2024-06-14T02:31:46.369+0000] {logging_mixin.py:188} INFO - [2024-06-14T02:31:46.369+0000] {dagbag.py:540} INFO - Filling up the DagBag from /home/airflow/.local/lib/python3.8/site-packages/airflow/example_dags/example_kubernetes_executor.py
[2024-06-14T02:31:46.385+0000] {processor.py:840} INFO - DAG(s) 'example_kubernetes_executor' retrieved from /home/airflow/.local/lib/python3.8/site-packages/airflow/example_dags/example_kubernetes_executor.py
[2024-06-14T02:31:46.432+0000] {logging_mixin.py:188} INFO - [2024-06-14T02:31:46.431+0000] {dag.py:3047} INFO - Sync 1 DAGs
[2024-06-14T02:31:46.449+0000] {logging_mixin.py:188} INFO - [2024-06-14T02:31:46.448+0000] {dag.py:3834} INFO - Setting next_dagrun for example_kubernetes_executor to None, run_after=None
[2024-06-14T02:31:46.478+0000] {processor.py:183} INFO - Processing /home/airflow/.local/lib/python3.8/site-packages/airflow/example_dags/example_kubernetes_executor.py took 0.118 seconds
[2024-06-14T02:32:16.719+0000] {processor.py:161} INFO - Started process (PID=2690) to work on /home/airflow/.local/lib/python3.8/site-packages/airflow/example_dags/example_kubernetes_executor.py
[2024-06-14T02:32:16.722+0000] {processor.py:830} INFO - Processing file /home/airflow/.local/lib/python3.8/site-packages/airflow/example_dags/example_kubernetes_executor.py for tasks to queue
[2024-06-14T02:32:16.724+0000] {logging_mixin.py:188} INFO - [2024-06-14T02:32:16.724+0000] {dagbag.py:540} INFO - Filling up the DagBag from /home/airflow/.local/lib/python3.8/site-packages/airflow/example_dags/example_kubernetes_executor.py
[2024-06-14T02:32:16.743+0000] {processor.py:840} INFO - DAG(s) 'example_kubernetes_executor' retrieved from /home/airflow/.local/lib/python3.8/site-packages/airflow/example_dags/example_kubernetes_executor.py
[2024-06-14T02:32:16.792+0000] {logging_mixin.py:188} INFO - [2024-06-14T02:32:16.792+0000] {dag.py:3047} INFO - Sync 1 DAGs
[2024-06-14T02:32:16.807+0000] {logging_mixin.py:188} INFO - [2024-06-14T02:32:16.806+0000] {dag.py:3834} INFO - Setting next_dagrun for example_kubernetes_executor to None, run_after=None
[2024-06-14T02:32:16.835+0000] {processor.py:183} INFO - Processing /home/airflow/.local/lib/python3.8/site-packages/airflow/example_dags/example_kubernetes_executor.py took 0.121 seconds
[2024-06-14T02:32:47.584+0000] {processor.py:161} INFO - Started process (PID=2753) to work on /home/airflow/.local/lib/python3.8/site-packages/airflow/example_dags/example_kubernetes_executor.py
[2024-06-14T02:32:47.587+0000] {processor.py:830} INFO - Processing file /home/airflow/.local/lib/python3.8/site-packages/airflow/example_dags/example_kubernetes_executor.py for tasks to queue
[2024-06-14T02:32:47.589+0000] {logging_mixin.py:188} INFO - [2024-06-14T02:32:47.589+0000] {dagbag.py:540} INFO - Filling up the DagBag from /home/airflow/.local/lib/python3.8/site-packages/airflow/example_dags/example_kubernetes_executor.py
[2024-06-14T02:32:47.604+0000] {processor.py:840} INFO - DAG(s) 'example_kubernetes_executor' retrieved from /home/airflow/.local/lib/python3.8/site-packages/airflow/example_dags/example_kubernetes_executor.py
[2024-06-14T02:32:47.650+0000] {logging_mixin.py:188} INFO - [2024-06-14T02:32:47.649+0000] {dag.py:3047} INFO - Sync 1 DAGs
[2024-06-14T02:32:47.667+0000] {logging_mixin.py:188} INFO - [2024-06-14T02:32:47.667+0000] {dag.py:3834} INFO - Setting next_dagrun for example_kubernetes_executor to None, run_after=None
[2024-06-14T02:32:47.691+0000] {processor.py:183} INFO - Processing /home/airflow/.local/lib/python3.8/site-packages/airflow/example_dags/example_kubernetes_executor.py took 0.110 seconds
[2024-06-14T02:33:18.596+0000] {processor.py:161} INFO - Started process (PID=2814) to work on /home/airflow/.local/lib/python3.8/site-packages/airflow/example_dags/example_kubernetes_executor.py
[2024-06-14T02:33:18.598+0000] {processor.py:830} INFO - Processing file /home/airflow/.local/lib/python3.8/site-packages/airflow/example_dags/example_kubernetes_executor.py for tasks to queue
[2024-06-14T02:33:18.600+0000] {logging_mixin.py:188} INFO - [2024-06-14T02:33:18.600+0000] {dagbag.py:540} INFO - Filling up the DagBag from /home/airflow/.local/lib/python3.8/site-packages/airflow/example_dags/example_kubernetes_executor.py
[2024-06-14T02:33:18.620+0000] {processor.py:840} INFO - DAG(s) 'example_kubernetes_executor' retrieved from /home/airflow/.local/lib/python3.8/site-packages/airflow/example_dags/example_kubernetes_executor.py
[2024-06-14T02:33:18.665+0000] {logging_mixin.py:188} INFO - [2024-06-14T02:33:18.665+0000] {dag.py:3047} INFO - Sync 1 DAGs
[2024-06-14T02:33:18.682+0000] {logging_mixin.py:188} INFO - [2024-06-14T02:33:18.681+0000] {dag.py:3834} INFO - Setting next_dagrun for example_kubernetes_executor to None, run_after=None
[2024-06-14T02:33:18.706+0000] {processor.py:183} INFO - Processing /home/airflow/.local/lib/python3.8/site-packages/airflow/example_dags/example_kubernetes_executor.py took 0.115 seconds
[2024-06-14T02:33:49.383+0000] {processor.py:161} INFO - Started process (PID=2875) to work on /home/airflow/.local/lib/python3.8/site-packages/airflow/example_dags/example_kubernetes_executor.py
[2024-06-14T02:33:49.385+0000] {processor.py:830} INFO - Processing file /home/airflow/.local/lib/python3.8/site-packages/airflow/example_dags/example_kubernetes_executor.py for tasks to queue
[2024-06-14T02:33:49.388+0000] {logging_mixin.py:188} INFO - [2024-06-14T02:33:49.388+0000] {dagbag.py:540} INFO - Filling up the DagBag from /home/airflow/.local/lib/python3.8/site-packages/airflow/example_dags/example_kubernetes_executor.py
[2024-06-14T02:33:49.416+0000] {processor.py:840} INFO - DAG(s) 'example_kubernetes_executor' retrieved from /home/airflow/.local/lib/python3.8/site-packages/airflow/example_dags/example_kubernetes_executor.py
[2024-06-14T02:33:49.505+0000] {logging_mixin.py:188} INFO - [2024-06-14T02:33:49.504+0000] {dag.py:3047} INFO - Sync 1 DAGs
[2024-06-14T02:33:49.536+0000] {logging_mixin.py:188} INFO - [2024-06-14T02:33:49.536+0000] {dag.py:3834} INFO - Setting next_dagrun for example_kubernetes_executor to None, run_after=None
[2024-06-14T02:33:49.591+0000] {processor.py:183} INFO - Processing /home/airflow/.local/lib/python3.8/site-packages/airflow/example_dags/example_kubernetes_executor.py took 0.213 seconds
[2024-06-14T02:34:19.849+0000] {processor.py:161} INFO - Started process (PID=2934) to work on /home/airflow/.local/lib/python3.8/site-packages/airflow/example_dags/example_kubernetes_executor.py
[2024-06-14T02:34:19.851+0000] {processor.py:830} INFO - Processing file /home/airflow/.local/lib/python3.8/site-packages/airflow/example_dags/example_kubernetes_executor.py for tasks to queue
[2024-06-14T02:34:19.855+0000] {logging_mixin.py:188} INFO - [2024-06-14T02:34:19.855+0000] {dagbag.py:540} INFO - Filling up the DagBag from /home/airflow/.local/lib/python3.8/site-packages/airflow/example_dags/example_kubernetes_executor.py
[2024-06-14T02:34:19.878+0000] {processor.py:840} INFO - DAG(s) 'example_kubernetes_executor' retrieved from /home/airflow/.local/lib/python3.8/site-packages/airflow/example_dags/example_kubernetes_executor.py
[2024-06-14T02:34:19.928+0000] {logging_mixin.py:188} INFO - [2024-06-14T02:34:19.927+0000] {dag.py:3047} INFO - Sync 1 DAGs
[2024-06-14T02:34:19.944+0000] {logging_mixin.py:188} INFO - [2024-06-14T02:34:19.944+0000] {dag.py:3834} INFO - Setting next_dagrun for example_kubernetes_executor to None, run_after=None
[2024-06-14T02:34:19.967+0000] {processor.py:183} INFO - Processing /home/airflow/.local/lib/python3.8/site-packages/airflow/example_dags/example_kubernetes_executor.py took 0.125 seconds
[2024-06-14T02:34:50.556+0000] {processor.py:161} INFO - Started process (PID=2995) to work on /home/airflow/.local/lib/python3.8/site-packages/airflow/example_dags/example_kubernetes_executor.py
[2024-06-14T02:34:50.557+0000] {processor.py:830} INFO - Processing file /home/airflow/.local/lib/python3.8/site-packages/airflow/example_dags/example_kubernetes_executor.py for tasks to queue
[2024-06-14T02:34:50.560+0000] {logging_mixin.py:188} INFO - [2024-06-14T02:34:50.559+0000] {dagbag.py:540} INFO - Filling up the DagBag from /home/airflow/.local/lib/python3.8/site-packages/airflow/example_dags/example_kubernetes_executor.py
[2024-06-14T02:34:50.582+0000] {processor.py:840} INFO - DAG(s) 'example_kubernetes_executor' retrieved from /home/airflow/.local/lib/python3.8/site-packages/airflow/example_dags/example_kubernetes_executor.py
[2024-06-14T02:34:50.633+0000] {logging_mixin.py:188} INFO - [2024-06-14T02:34:50.633+0000] {dag.py:3047} INFO - Sync 1 DAGs
[2024-06-14T02:34:50.653+0000] {logging_mixin.py:188} INFO - [2024-06-14T02:34:50.653+0000] {dag.py:3834} INFO - Setting next_dagrun for example_kubernetes_executor to None, run_after=None
[2024-06-14T02:34:50.680+0000] {processor.py:183} INFO - Processing /home/airflow/.local/lib/python3.8/site-packages/airflow/example_dags/example_kubernetes_executor.py took 0.130 seconds
[2024-06-14T02:35:21.583+0000] {processor.py:161} INFO - Started process (PID=3056) to work on /home/airflow/.local/lib/python3.8/site-packages/airflow/example_dags/example_kubernetes_executor.py
[2024-06-14T02:35:21.589+0000] {processor.py:830} INFO - Processing file /home/airflow/.local/lib/python3.8/site-packages/airflow/example_dags/example_kubernetes_executor.py for tasks to queue
[2024-06-14T02:35:21.594+0000] {logging_mixin.py:188} INFO - [2024-06-14T02:35:21.594+0000] {dagbag.py:540} INFO - Filling up the DagBag from /home/airflow/.local/lib/python3.8/site-packages/airflow/example_dags/example_kubernetes_executor.py
[2024-06-14T02:35:21.634+0000] {processor.py:840} INFO - DAG(s) 'example_kubernetes_executor' retrieved from /home/airflow/.local/lib/python3.8/site-packages/airflow/example_dags/example_kubernetes_executor.py
[2024-06-14T02:35:21.724+0000] {logging_mixin.py:188} INFO - [2024-06-14T02:35:21.724+0000] {dag.py:3047} INFO - Sync 1 DAGs
[2024-06-14T02:35:21.744+0000] {logging_mixin.py:188} INFO - [2024-06-14T02:35:21.743+0000] {dag.py:3834} INFO - Setting next_dagrun for example_kubernetes_executor to None, run_after=None
[2024-06-14T02:35:21.770+0000] {processor.py:183} INFO - Processing /home/airflow/.local/lib/python3.8/site-packages/airflow/example_dags/example_kubernetes_executor.py took 0.198 seconds
[2024-06-14T02:35:51.952+0000] {processor.py:161} INFO - Started process (PID=3117) to work on /home/airflow/.local/lib/python3.8/site-packages/airflow/example_dags/example_kubernetes_executor.py
[2024-06-14T02:35:51.954+0000] {processor.py:830} INFO - Processing file /home/airflow/.local/lib/python3.8/site-packages/airflow/example_dags/example_kubernetes_executor.py for tasks to queue
[2024-06-14T02:35:51.957+0000] {logging_mixin.py:188} INFO - [2024-06-14T02:35:51.956+0000] {dagbag.py:540} INFO - Filling up the DagBag from /home/airflow/.local/lib/python3.8/site-packages/airflow/example_dags/example_kubernetes_executor.py
[2024-06-14T02:35:51.975+0000] {processor.py:840} INFO - DAG(s) 'example_kubernetes_executor' retrieved from /home/airflow/.local/lib/python3.8/site-packages/airflow/example_dags/example_kubernetes_executor.py
[2024-06-14T02:35:52.029+0000] {logging_mixin.py:188} INFO - [2024-06-14T02:35:52.029+0000] {dag.py:3047} INFO - Sync 1 DAGs
[2024-06-14T02:35:52.055+0000] {logging_mixin.py:188} INFO - [2024-06-14T02:35:52.055+0000] {dag.py:3834} INFO - Setting next_dagrun for example_kubernetes_executor to None, run_after=None
[2024-06-14T02:35:52.095+0000] {processor.py:183} INFO - Processing /home/airflow/.local/lib/python3.8/site-packages/airflow/example_dags/example_kubernetes_executor.py took 0.147 seconds
[2024-06-14T02:36:22.491+0000] {processor.py:161} INFO - Started process (PID=3178) to work on /home/airflow/.local/lib/python3.8/site-packages/airflow/example_dags/example_kubernetes_executor.py
[2024-06-14T02:36:22.492+0000] {processor.py:830} INFO - Processing file /home/airflow/.local/lib/python3.8/site-packages/airflow/example_dags/example_kubernetes_executor.py for tasks to queue
[2024-06-14T02:36:22.495+0000] {logging_mixin.py:188} INFO - [2024-06-14T02:36:22.494+0000] {dagbag.py:540} INFO - Filling up the DagBag from /home/airflow/.local/lib/python3.8/site-packages/airflow/example_dags/example_kubernetes_executor.py
[2024-06-14T02:36:22.512+0000] {processor.py:840} INFO - DAG(s) 'example_kubernetes_executor' retrieved from /home/airflow/.local/lib/python3.8/site-packages/airflow/example_dags/example_kubernetes_executor.py
[2024-06-14T02:36:22.559+0000] {logging_mixin.py:188} INFO - [2024-06-14T02:36:22.558+0000] {dag.py:3047} INFO - Sync 1 DAGs
[2024-06-14T02:36:22.577+0000] {logging_mixin.py:188} INFO - [2024-06-14T02:36:22.577+0000] {dag.py:3834} INFO - Setting next_dagrun for example_kubernetes_executor to None, run_after=None
[2024-06-14T02:36:22.602+0000] {processor.py:183} INFO - Processing /home/airflow/.local/lib/python3.8/site-packages/airflow/example_dags/example_kubernetes_executor.py took 0.116 seconds
[2024-06-14T02:36:53.309+0000] {processor.py:161} INFO - Started process (PID=3239) to work on /home/airflow/.local/lib/python3.8/site-packages/airflow/example_dags/example_kubernetes_executor.py
[2024-06-14T02:36:53.311+0000] {processor.py:830} INFO - Processing file /home/airflow/.local/lib/python3.8/site-packages/airflow/example_dags/example_kubernetes_executor.py for tasks to queue
[2024-06-14T02:36:53.321+0000] {logging_mixin.py:188} INFO - [2024-06-14T02:36:53.320+0000] {dagbag.py:540} INFO - Filling up the DagBag from /home/airflow/.local/lib/python3.8/site-packages/airflow/example_dags/example_kubernetes_executor.py
[2024-06-14T02:36:53.382+0000] {processor.py:840} INFO - DAG(s) 'example_kubernetes_executor' retrieved from /home/airflow/.local/lib/python3.8/site-packages/airflow/example_dags/example_kubernetes_executor.py
[2024-06-14T02:36:53.521+0000] {logging_mixin.py:188} INFO - [2024-06-14T02:36:53.521+0000] {dag.py:3047} INFO - Sync 1 DAGs
[2024-06-14T02:36:53.569+0000] {logging_mixin.py:188} INFO - [2024-06-14T02:36:53.568+0000] {dag.py:3834} INFO - Setting next_dagrun for example_kubernetes_executor to None, run_after=None
[2024-06-14T02:36:53.637+0000] {processor.py:183} INFO - Processing /home/airflow/.local/lib/python3.8/site-packages/airflow/example_dags/example_kubernetes_executor.py took 0.340 seconds
[2024-06-14T02:37:24.247+0000] {processor.py:161} INFO - Started process (PID=3300) to work on /home/airflow/.local/lib/python3.8/site-packages/airflow/example_dags/example_kubernetes_executor.py
[2024-06-14T02:37:24.249+0000] {processor.py:830} INFO - Processing file /home/airflow/.local/lib/python3.8/site-packages/airflow/example_dags/example_kubernetes_executor.py for tasks to queue
[2024-06-14T02:37:24.252+0000] {logging_mixin.py:188} INFO - [2024-06-14T02:37:24.252+0000] {dagbag.py:540} INFO - Filling up the DagBag from /home/airflow/.local/lib/python3.8/site-packages/airflow/example_dags/example_kubernetes_executor.py
[2024-06-14T02:37:24.272+0000] {processor.py:840} INFO - DAG(s) 'example_kubernetes_executor' retrieved from /home/airflow/.local/lib/python3.8/site-packages/airflow/example_dags/example_kubernetes_executor.py
[2024-06-14T02:37:24.374+0000] {logging_mixin.py:188} INFO - [2024-06-14T02:37:24.373+0000] {dag.py:3047} INFO - Sync 1 DAGs
[2024-06-14T02:37:24.412+0000] {logging_mixin.py:188} INFO - [2024-06-14T02:37:24.411+0000] {dag.py:3834} INFO - Setting next_dagrun for example_kubernetes_executor to None, run_after=None
[2024-06-14T02:37:24.495+0000] {processor.py:183} INFO - Processing /home/airflow/.local/lib/python3.8/site-packages/airflow/example_dags/example_kubernetes_executor.py took 0.254 seconds
