[2024-06-14T02:10:30.529+0000] {processor.py:161} INFO - Started process (PID=61) to work on /home/airflow/.local/lib/python3.8/site-packages/airflow/example_dags/example_short_circuit_decorator.py
[2024-06-14T02:10:30.537+0000] {processor.py:830} INFO - Processing file /home/airflow/.local/lib/python3.8/site-packages/airflow/example_dags/example_short_circuit_decorator.py for tasks to queue
[2024-06-14T02:10:30.551+0000] {logging_mixin.py:188} INFO - [2024-06-14T02:10:30.550+0000] {dagbag.py:540} INFO - Filling up the DagBag from /home/airflow/.local/lib/python3.8/site-packages/airflow/example_dags/example_short_circuit_decorator.py
[2024-06-14T02:10:30.630+0000] {processor.py:840} INFO - DAG(s) 'example_short_circuit_decorator' retrieved from /home/airflow/.local/lib/python3.8/site-packages/airflow/example_dags/example_short_circuit_decorator.py
[2024-06-14T02:10:30.766+0000] {logging_mixin.py:188} INFO - [2024-06-14T02:10:30.765+0000] {dag.py:3047} INFO - Sync 1 DAGs
[2024-06-14T02:10:30.882+0000] {logging_mixin.py:188} INFO - [2024-06-14T02:10:30.879+0000] {dag.py:3834} INFO - Setting next_dagrun for example_short_circuit_decorator to 2024-06-13 00:00:00+00:00, run_after=2024-06-14 00:00:00+00:00
[2024-06-14T02:10:30.933+0000] {processor.py:183} INFO - Processing /home/airflow/.local/lib/python3.8/site-packages/airflow/example_dags/example_short_circuit_decorator.py took 0.424 seconds
[2024-06-14T02:11:01.634+0000] {processor.py:161} INFO - Started process (PID=148) to work on /home/airflow/.local/lib/python3.8/site-packages/airflow/example_dags/example_short_circuit_decorator.py
[2024-06-14T02:11:01.636+0000] {processor.py:830} INFO - Processing file /home/airflow/.local/lib/python3.8/site-packages/airflow/example_dags/example_short_circuit_decorator.py for tasks to queue
[2024-06-14T02:11:01.640+0000] {logging_mixin.py:188} INFO - [2024-06-14T02:11:01.640+0000] {dagbag.py:540} INFO - Filling up the DagBag from /home/airflow/.local/lib/python3.8/site-packages/airflow/example_dags/example_short_circuit_decorator.py
[2024-06-14T02:11:01.665+0000] {processor.py:840} INFO - DAG(s) 'example_short_circuit_decorator' retrieved from /home/airflow/.local/lib/python3.8/site-packages/airflow/example_dags/example_short_circuit_decorator.py
[2024-06-14T02:11:01.721+0000] {logging_mixin.py:188} INFO - [2024-06-14T02:11:01.720+0000] {dag.py:3047} INFO - Sync 1 DAGs
[2024-06-14T02:11:01.772+0000] {logging_mixin.py:188} INFO - [2024-06-14T02:11:01.771+0000] {dag.py:3834} INFO - Setting next_dagrun for example_short_circuit_decorator to 2024-06-13 00:00:00+00:00, run_after=2024-06-14 00:00:00+00:00
[2024-06-14T02:11:01.830+0000] {processor.py:183} INFO - Processing /home/airflow/.local/lib/python3.8/site-packages/airflow/example_dags/example_short_circuit_decorator.py took 0.202 seconds
[2024-06-14T02:11:32.077+0000] {processor.py:161} INFO - Started process (PID=218) to work on /home/airflow/.local/lib/python3.8/site-packages/airflow/example_dags/example_short_circuit_decorator.py
[2024-06-14T02:11:32.079+0000] {processor.py:830} INFO - Processing file /home/airflow/.local/lib/python3.8/site-packages/airflow/example_dags/example_short_circuit_decorator.py for tasks to queue
[2024-06-14T02:11:32.084+0000] {logging_mixin.py:188} INFO - [2024-06-14T02:11:32.083+0000] {dagbag.py:540} INFO - Filling up the DagBag from /home/airflow/.local/lib/python3.8/site-packages/airflow/example_dags/example_short_circuit_decorator.py
[2024-06-14T02:11:32.107+0000] {processor.py:840} INFO - DAG(s) 'example_short_circuit_decorator' retrieved from /home/airflow/.local/lib/python3.8/site-packages/airflow/example_dags/example_short_circuit_decorator.py
[2024-06-14T02:11:32.137+0000] {logging_mixin.py:188} INFO - [2024-06-14T02:11:32.137+0000] {dag.py:3047} INFO - Sync 1 DAGs
[2024-06-14T02:11:32.165+0000] {logging_mixin.py:188} INFO - [2024-06-14T02:11:32.165+0000] {dag.py:3834} INFO - Setting next_dagrun for example_short_circuit_decorator to 2024-06-13 00:00:00+00:00, run_after=2024-06-14 00:00:00+00:00
[2024-06-14T02:11:32.188+0000] {processor.py:183} INFO - Processing /home/airflow/.local/lib/python3.8/site-packages/airflow/example_dags/example_short_circuit_decorator.py took 0.117 seconds
[2024-06-14T02:12:02.253+0000] {processor.py:161} INFO - Started process (PID=287) to work on /home/airflow/.local/lib/python3.8/site-packages/airflow/example_dags/example_short_circuit_decorator.py
[2024-06-14T02:12:02.255+0000] {processor.py:830} INFO - Processing file /home/airflow/.local/lib/python3.8/site-packages/airflow/example_dags/example_short_circuit_decorator.py for tasks to queue
[2024-06-14T02:12:02.258+0000] {logging_mixin.py:188} INFO - [2024-06-14T02:12:02.257+0000] {dagbag.py:540} INFO - Filling up the DagBag from /home/airflow/.local/lib/python3.8/site-packages/airflow/example_dags/example_short_circuit_decorator.py
[2024-06-14T02:12:02.271+0000] {processor.py:840} INFO - DAG(s) 'example_short_circuit_decorator' retrieved from /home/airflow/.local/lib/python3.8/site-packages/airflow/example_dags/example_short_circuit_decorator.py
[2024-06-14T02:12:02.303+0000] {logging_mixin.py:188} INFO - [2024-06-14T02:12:02.303+0000] {dag.py:3047} INFO - Sync 1 DAGs
[2024-06-14T02:12:02.336+0000] {logging_mixin.py:188} INFO - [2024-06-14T02:12:02.335+0000] {dag.py:3834} INFO - Setting next_dagrun for example_short_circuit_decorator to 2024-06-13 00:00:00+00:00, run_after=2024-06-14 00:00:00+00:00
[2024-06-14T02:12:02.369+0000] {processor.py:183} INFO - Processing /home/airflow/.local/lib/python3.8/site-packages/airflow/example_dags/example_short_circuit_decorator.py took 0.122 seconds
[2024-06-14T02:12:32.712+0000] {processor.py:161} INFO - Started process (PID=348) to work on /home/airflow/.local/lib/python3.8/site-packages/airflow/example_dags/example_short_circuit_decorator.py
[2024-06-14T02:12:32.714+0000] {processor.py:830} INFO - Processing file /home/airflow/.local/lib/python3.8/site-packages/airflow/example_dags/example_short_circuit_decorator.py for tasks to queue
[2024-06-14T02:12:32.716+0000] {logging_mixin.py:188} INFO - [2024-06-14T02:12:32.716+0000] {dagbag.py:540} INFO - Filling up the DagBag from /home/airflow/.local/lib/python3.8/site-packages/airflow/example_dags/example_short_circuit_decorator.py
[2024-06-14T02:12:32.731+0000] {processor.py:840} INFO - DAG(s) 'example_short_circuit_decorator' retrieved from /home/airflow/.local/lib/python3.8/site-packages/airflow/example_dags/example_short_circuit_decorator.py
[2024-06-14T02:12:32.761+0000] {logging_mixin.py:188} INFO - [2024-06-14T02:12:32.761+0000] {dag.py:3047} INFO - Sync 1 DAGs
[2024-06-14T02:12:32.790+0000] {logging_mixin.py:188} INFO - [2024-06-14T02:12:32.790+0000] {dag.py:3834} INFO - Setting next_dagrun for example_short_circuit_decorator to 2024-06-13 00:00:00+00:00, run_after=2024-06-14 00:00:00+00:00
[2024-06-14T02:12:32.814+0000] {processor.py:183} INFO - Processing /home/airflow/.local/lib/python3.8/site-packages/airflow/example_dags/example_short_circuit_decorator.py took 0.105 seconds
[2024-06-14T02:13:04.172+0000] {processor.py:161} INFO - Started process (PID=415) to work on /home/airflow/.local/lib/python3.8/site-packages/airflow/example_dags/example_short_circuit_decorator.py
[2024-06-14T02:13:04.174+0000] {processor.py:830} INFO - Processing file /home/airflow/.local/lib/python3.8/site-packages/airflow/example_dags/example_short_circuit_decorator.py for tasks to queue
[2024-06-14T02:13:04.177+0000] {logging_mixin.py:188} INFO - [2024-06-14T02:13:04.177+0000] {dagbag.py:540} INFO - Filling up the DagBag from /home/airflow/.local/lib/python3.8/site-packages/airflow/example_dags/example_short_circuit_decorator.py
[2024-06-14T02:13:04.188+0000] {processor.py:840} INFO - DAG(s) 'example_short_circuit_decorator' retrieved from /home/airflow/.local/lib/python3.8/site-packages/airflow/example_dags/example_short_circuit_decorator.py
[2024-06-14T02:13:04.222+0000] {logging_mixin.py:188} INFO - [2024-06-14T02:13:04.222+0000] {dag.py:3047} INFO - Sync 1 DAGs
[2024-06-14T02:13:04.248+0000] {logging_mixin.py:188} INFO - [2024-06-14T02:13:04.247+0000] {dag.py:3834} INFO - Setting next_dagrun for example_short_circuit_decorator to 2024-06-13 00:00:00+00:00, run_after=2024-06-14 00:00:00+00:00
[2024-06-14T02:13:04.275+0000] {processor.py:183} INFO - Processing /home/airflow/.local/lib/python3.8/site-packages/airflow/example_dags/example_short_circuit_decorator.py took 0.108 seconds
[2024-06-14T02:13:35.672+0000] {processor.py:161} INFO - Started process (PID=476) to work on /home/airflow/.local/lib/python3.8/site-packages/airflow/example_dags/example_short_circuit_decorator.py
[2024-06-14T02:13:35.675+0000] {processor.py:830} INFO - Processing file /home/airflow/.local/lib/python3.8/site-packages/airflow/example_dags/example_short_circuit_decorator.py for tasks to queue
[2024-06-14T02:13:35.678+0000] {logging_mixin.py:188} INFO - [2024-06-14T02:13:35.677+0000] {dagbag.py:540} INFO - Filling up the DagBag from /home/airflow/.local/lib/python3.8/site-packages/airflow/example_dags/example_short_circuit_decorator.py
[2024-06-14T02:13:35.694+0000] {processor.py:840} INFO - DAG(s) 'example_short_circuit_decorator' retrieved from /home/airflow/.local/lib/python3.8/site-packages/airflow/example_dags/example_short_circuit_decorator.py
[2024-06-14T02:13:35.731+0000] {logging_mixin.py:188} INFO - [2024-06-14T02:13:35.731+0000] {dag.py:3047} INFO - Sync 1 DAGs
[2024-06-14T02:13:35.763+0000] {logging_mixin.py:188} INFO - [2024-06-14T02:13:35.762+0000] {dag.py:3834} INFO - Setting next_dagrun for example_short_circuit_decorator to 2024-06-13 00:00:00+00:00, run_after=2024-06-14 00:00:00+00:00
[2024-06-14T02:13:35.805+0000] {processor.py:183} INFO - Processing /home/airflow/.local/lib/python3.8/site-packages/airflow/example_dags/example_short_circuit_decorator.py took 0.139 seconds
[2024-06-14T02:14:07.017+0000] {processor.py:161} INFO - Started process (PID=538) to work on /home/airflow/.local/lib/python3.8/site-packages/airflow/example_dags/example_short_circuit_decorator.py
[2024-06-14T02:14:07.019+0000] {processor.py:830} INFO - Processing file /home/airflow/.local/lib/python3.8/site-packages/airflow/example_dags/example_short_circuit_decorator.py for tasks to queue
[2024-06-14T02:14:07.022+0000] {logging_mixin.py:188} INFO - [2024-06-14T02:14:07.021+0000] {dagbag.py:540} INFO - Filling up the DagBag from /home/airflow/.local/lib/python3.8/site-packages/airflow/example_dags/example_short_circuit_decorator.py
[2024-06-14T02:14:07.034+0000] {processor.py:840} INFO - DAG(s) 'example_short_circuit_decorator' retrieved from /home/airflow/.local/lib/python3.8/site-packages/airflow/example_dags/example_short_circuit_decorator.py
[2024-06-14T02:14:07.066+0000] {logging_mixin.py:188} INFO - [2024-06-14T02:14:07.066+0000] {dag.py:3047} INFO - Sync 1 DAGs
[2024-06-14T02:14:07.095+0000] {logging_mixin.py:188} INFO - [2024-06-14T02:14:07.095+0000] {dag.py:3834} INFO - Setting next_dagrun for example_short_circuit_decorator to 2024-06-13 00:00:00+00:00, run_after=2024-06-14 00:00:00+00:00
[2024-06-14T02:14:07.122+0000] {processor.py:183} INFO - Processing /home/airflow/.local/lib/python3.8/site-packages/airflow/example_dags/example_short_circuit_decorator.py took 0.109 seconds
[2024-06-14T02:14:39.946+0000] {processor.py:161} INFO - Started process (PID=599) to work on /home/airflow/.local/lib/python3.8/site-packages/airflow/example_dags/example_short_circuit_decorator.py
[2024-06-14T02:14:39.958+0000] {processor.py:830} INFO - Processing file /home/airflow/.local/lib/python3.8/site-packages/airflow/example_dags/example_short_circuit_decorator.py for tasks to queue
[2024-06-14T02:14:39.963+0000] {logging_mixin.py:188} INFO - [2024-06-14T02:14:39.962+0000] {dagbag.py:540} INFO - Filling up the DagBag from /home/airflow/.local/lib/python3.8/site-packages/airflow/example_dags/example_short_circuit_decorator.py
[2024-06-14T02:14:40.008+0000] {processor.py:840} INFO - DAG(s) 'example_short_circuit_decorator' retrieved from /home/airflow/.local/lib/python3.8/site-packages/airflow/example_dags/example_short_circuit_decorator.py
[2024-06-14T02:14:40.109+0000] {logging_mixin.py:188} INFO - [2024-06-14T02:14:40.108+0000] {dag.py:3047} INFO - Sync 1 DAGs
[2024-06-14T02:14:40.195+0000] {logging_mixin.py:188} INFO - [2024-06-14T02:14:40.194+0000] {dag.py:3834} INFO - Setting next_dagrun for example_short_circuit_decorator to 2024-06-13 00:00:00+00:00, run_after=2024-06-14 00:00:00+00:00
[2024-06-14T02:14:40.252+0000] {processor.py:183} INFO - Processing /home/airflow/.local/lib/python3.8/site-packages/airflow/example_dags/example_short_circuit_decorator.py took 0.312 seconds
[2024-06-14T02:15:10.446+0000] {processor.py:161} INFO - Started process (PID=660) to work on /home/airflow/.local/lib/python3.8/site-packages/airflow/example_dags/example_short_circuit_decorator.py
[2024-06-14T02:15:10.447+0000] {processor.py:830} INFO - Processing file /home/airflow/.local/lib/python3.8/site-packages/airflow/example_dags/example_short_circuit_decorator.py for tasks to queue
[2024-06-14T02:15:10.450+0000] {logging_mixin.py:188} INFO - [2024-06-14T02:15:10.450+0000] {dagbag.py:540} INFO - Filling up the DagBag from /home/airflow/.local/lib/python3.8/site-packages/airflow/example_dags/example_short_circuit_decorator.py
[2024-06-14T02:15:10.461+0000] {processor.py:840} INFO - DAG(s) 'example_short_circuit_decorator' retrieved from /home/airflow/.local/lib/python3.8/site-packages/airflow/example_dags/example_short_circuit_decorator.py
[2024-06-14T02:15:10.492+0000] {logging_mixin.py:188} INFO - [2024-06-14T02:15:10.491+0000] {dag.py:3047} INFO - Sync 1 DAGs
[2024-06-14T02:15:10.523+0000] {logging_mixin.py:188} INFO - [2024-06-14T02:15:10.523+0000] {dag.py:3834} INFO - Setting next_dagrun for example_short_circuit_decorator to 2024-06-13 00:00:00+00:00, run_after=2024-06-14 00:00:00+00:00
[2024-06-14T02:15:10.549+0000] {processor.py:183} INFO - Processing /home/airflow/.local/lib/python3.8/site-packages/airflow/example_dags/example_short_circuit_decorator.py took 0.108 seconds
[2024-06-14T02:15:42.165+0000] {processor.py:161} INFO - Started process (PID=721) to work on /home/airflow/.local/lib/python3.8/site-packages/airflow/example_dags/example_short_circuit_decorator.py
[2024-06-14T02:15:42.168+0000] {processor.py:830} INFO - Processing file /home/airflow/.local/lib/python3.8/site-packages/airflow/example_dags/example_short_circuit_decorator.py for tasks to queue
[2024-06-14T02:15:42.171+0000] {logging_mixin.py:188} INFO - [2024-06-14T02:15:42.171+0000] {dagbag.py:540} INFO - Filling up the DagBag from /home/airflow/.local/lib/python3.8/site-packages/airflow/example_dags/example_short_circuit_decorator.py
[2024-06-14T02:15:42.184+0000] {processor.py:840} INFO - DAG(s) 'example_short_circuit_decorator' retrieved from /home/airflow/.local/lib/python3.8/site-packages/airflow/example_dags/example_short_circuit_decorator.py
[2024-06-14T02:15:42.218+0000] {logging_mixin.py:188} INFO - [2024-06-14T02:15:42.217+0000] {dag.py:3047} INFO - Sync 1 DAGs
[2024-06-14T02:15:42.250+0000] {logging_mixin.py:188} INFO - [2024-06-14T02:15:42.250+0000] {dag.py:3834} INFO - Setting next_dagrun for example_short_circuit_decorator to 2024-06-13 00:00:00+00:00, run_after=2024-06-14 00:00:00+00:00
[2024-06-14T02:15:42.278+0000] {processor.py:183} INFO - Processing /home/airflow/.local/lib/python3.8/site-packages/airflow/example_dags/example_short_circuit_decorator.py took 0.117 seconds
[2024-06-14T02:16:14.261+0000] {processor.py:161} INFO - Started process (PID=781) to work on /home/airflow/.local/lib/python3.8/site-packages/airflow/example_dags/example_short_circuit_decorator.py
[2024-06-14T02:16:14.262+0000] {processor.py:830} INFO - Processing file /home/airflow/.local/lib/python3.8/site-packages/airflow/example_dags/example_short_circuit_decorator.py for tasks to queue
[2024-06-14T02:16:14.266+0000] {logging_mixin.py:188} INFO - [2024-06-14T02:16:14.265+0000] {dagbag.py:540} INFO - Filling up the DagBag from /home/airflow/.local/lib/python3.8/site-packages/airflow/example_dags/example_short_circuit_decorator.py
[2024-06-14T02:16:14.281+0000] {processor.py:840} INFO - DAG(s) 'example_short_circuit_decorator' retrieved from /home/airflow/.local/lib/python3.8/site-packages/airflow/example_dags/example_short_circuit_decorator.py
[2024-06-14T02:16:14.325+0000] {logging_mixin.py:188} INFO - [2024-06-14T02:16:14.323+0000] {dag.py:3047} INFO - Sync 1 DAGs
[2024-06-14T02:16:14.369+0000] {logging_mixin.py:188} INFO - [2024-06-14T02:16:14.369+0000] {dag.py:3834} INFO - Setting next_dagrun for example_short_circuit_decorator to 2024-06-13 00:00:00+00:00, run_after=2024-06-14 00:00:00+00:00
[2024-06-14T02:16:14.403+0000] {processor.py:183} INFO - Processing /home/airflow/.local/lib/python3.8/site-packages/airflow/example_dags/example_short_circuit_decorator.py took 0.149 seconds
[2024-06-14T02:16:47.263+0000] {processor.py:161} INFO - Started process (PID=843) to work on /home/airflow/.local/lib/python3.8/site-packages/airflow/example_dags/example_short_circuit_decorator.py
[2024-06-14T02:16:47.321+0000] {processor.py:830} INFO - Processing file /home/airflow/.local/lib/python3.8/site-packages/airflow/example_dags/example_short_circuit_decorator.py for tasks to queue
[2024-06-14T02:16:47.327+0000] {logging_mixin.py:188} INFO - [2024-06-14T02:16:47.326+0000] {dagbag.py:540} INFO - Filling up the DagBag from /home/airflow/.local/lib/python3.8/site-packages/airflow/example_dags/example_short_circuit_decorator.py
[2024-06-14T02:16:47.340+0000] {processor.py:840} INFO - DAG(s) 'example_short_circuit_decorator' retrieved from /home/airflow/.local/lib/python3.8/site-packages/airflow/example_dags/example_short_circuit_decorator.py
[2024-06-14T02:16:47.384+0000] {logging_mixin.py:188} INFO - [2024-06-14T02:16:47.383+0000] {dag.py:3047} INFO - Sync 1 DAGs
[2024-06-14T02:16:47.421+0000] {logging_mixin.py:188} INFO - [2024-06-14T02:16:47.420+0000] {dag.py:3834} INFO - Setting next_dagrun for example_short_circuit_decorator to 2024-06-13 00:00:00+00:00, run_after=2024-06-14 00:00:00+00:00
[2024-06-14T02:16:47.974+0000] {processor.py:183} INFO - Processing /home/airflow/.local/lib/python3.8/site-packages/airflow/example_dags/example_short_circuit_decorator.py took 0.717 seconds
[2024-06-14T02:17:18.888+0000] {processor.py:161} INFO - Started process (PID=904) to work on /home/airflow/.local/lib/python3.8/site-packages/airflow/example_dags/example_short_circuit_decorator.py
[2024-06-14T02:17:18.893+0000] {processor.py:830} INFO - Processing file /home/airflow/.local/lib/python3.8/site-packages/airflow/example_dags/example_short_circuit_decorator.py for tasks to queue
[2024-06-14T02:17:18.897+0000] {logging_mixin.py:188} INFO - [2024-06-14T02:17:18.896+0000] {dagbag.py:540} INFO - Filling up the DagBag from /home/airflow/.local/lib/python3.8/site-packages/airflow/example_dags/example_short_circuit_decorator.py
[2024-06-14T02:17:18.916+0000] {processor.py:840} INFO - DAG(s) 'example_short_circuit_decorator' retrieved from /home/airflow/.local/lib/python3.8/site-packages/airflow/example_dags/example_short_circuit_decorator.py
[2024-06-14T02:17:18.967+0000] {logging_mixin.py:188} INFO - [2024-06-14T02:17:18.966+0000] {dag.py:3047} INFO - Sync 1 DAGs
[2024-06-14T02:17:19.008+0000] {logging_mixin.py:188} INFO - [2024-06-14T02:17:19.007+0000] {dag.py:3834} INFO - Setting next_dagrun for example_short_circuit_decorator to 2024-06-13 00:00:00+00:00, run_after=2024-06-14 00:00:00+00:00
[2024-06-14T02:17:19.042+0000] {processor.py:183} INFO - Processing /home/airflow/.local/lib/python3.8/site-packages/airflow/example_dags/example_short_circuit_decorator.py took 0.177 seconds
[2024-06-14T02:17:49.401+0000] {processor.py:161} INFO - Started process (PID=965) to work on /home/airflow/.local/lib/python3.8/site-packages/airflow/example_dags/example_short_circuit_decorator.py
[2024-06-14T02:17:49.402+0000] {processor.py:830} INFO - Processing file /home/airflow/.local/lib/python3.8/site-packages/airflow/example_dags/example_short_circuit_decorator.py for tasks to queue
[2024-06-14T02:17:49.404+0000] {logging_mixin.py:188} INFO - [2024-06-14T02:17:49.404+0000] {dagbag.py:540} INFO - Filling up the DagBag from /home/airflow/.local/lib/python3.8/site-packages/airflow/example_dags/example_short_circuit_decorator.py
[2024-06-14T02:17:49.417+0000] {processor.py:840} INFO - DAG(s) 'example_short_circuit_decorator' retrieved from /home/airflow/.local/lib/python3.8/site-packages/airflow/example_dags/example_short_circuit_decorator.py
[2024-06-14T02:17:49.454+0000] {logging_mixin.py:188} INFO - [2024-06-14T02:17:49.453+0000] {dag.py:3047} INFO - Sync 1 DAGs
[2024-06-14T02:17:49.491+0000] {logging_mixin.py:188} INFO - [2024-06-14T02:17:49.491+0000] {dag.py:3834} INFO - Setting next_dagrun for example_short_circuit_decorator to 2024-06-13 00:00:00+00:00, run_after=2024-06-14 00:00:00+00:00
[2024-06-14T02:17:49.530+0000] {processor.py:183} INFO - Processing /home/airflow/.local/lib/python3.8/site-packages/airflow/example_dags/example_short_circuit_decorator.py took 0.135 seconds
[2024-06-14T02:18:19.913+0000] {processor.py:161} INFO - Started process (PID=1026) to work on /home/airflow/.local/lib/python3.8/site-packages/airflow/example_dags/example_short_circuit_decorator.py
[2024-06-14T02:18:19.916+0000] {processor.py:830} INFO - Processing file /home/airflow/.local/lib/python3.8/site-packages/airflow/example_dags/example_short_circuit_decorator.py for tasks to queue
[2024-06-14T02:18:19.918+0000] {logging_mixin.py:188} INFO - [2024-06-14T02:18:19.918+0000] {dagbag.py:540} INFO - Filling up the DagBag from /home/airflow/.local/lib/python3.8/site-packages/airflow/example_dags/example_short_circuit_decorator.py
[2024-06-14T02:18:19.930+0000] {processor.py:840} INFO - DAG(s) 'example_short_circuit_decorator' retrieved from /home/airflow/.local/lib/python3.8/site-packages/airflow/example_dags/example_short_circuit_decorator.py
[2024-06-14T02:18:19.960+0000] {logging_mixin.py:188} INFO - [2024-06-14T02:18:19.960+0000] {dag.py:3047} INFO - Sync 1 DAGs
[2024-06-14T02:18:19.983+0000] {logging_mixin.py:188} INFO - [2024-06-14T02:18:19.982+0000] {dag.py:3834} INFO - Setting next_dagrun for example_short_circuit_decorator to 2024-06-13 00:00:00+00:00, run_after=2024-06-14 00:00:00+00:00
[2024-06-14T02:18:20.003+0000] {processor.py:183} INFO - Processing /home/airflow/.local/lib/python3.8/site-packages/airflow/example_dags/example_short_circuit_decorator.py took 0.095 seconds
[2024-06-14T02:18:50.646+0000] {processor.py:161} INFO - Started process (PID=1085) to work on /home/airflow/.local/lib/python3.8/site-packages/airflow/example_dags/example_short_circuit_decorator.py
[2024-06-14T02:18:50.647+0000] {processor.py:830} INFO - Processing file /home/airflow/.local/lib/python3.8/site-packages/airflow/example_dags/example_short_circuit_decorator.py for tasks to queue
[2024-06-14T02:18:50.650+0000] {logging_mixin.py:188} INFO - [2024-06-14T02:18:50.650+0000] {dagbag.py:540} INFO - Filling up the DagBag from /home/airflow/.local/lib/python3.8/site-packages/airflow/example_dags/example_short_circuit_decorator.py
[2024-06-14T02:18:50.661+0000] {processor.py:840} INFO - DAG(s) 'example_short_circuit_decorator' retrieved from /home/airflow/.local/lib/python3.8/site-packages/airflow/example_dags/example_short_circuit_decorator.py
[2024-06-14T02:18:50.688+0000] {logging_mixin.py:188} INFO - [2024-06-14T02:18:50.688+0000] {dag.py:3047} INFO - Sync 1 DAGs
[2024-06-14T02:18:50.714+0000] {logging_mixin.py:188} INFO - [2024-06-14T02:18:50.714+0000] {dag.py:3834} INFO - Setting next_dagrun for example_short_circuit_decorator to 2024-06-13 00:00:00+00:00, run_after=2024-06-14 00:00:00+00:00
[2024-06-14T02:18:50.741+0000] {processor.py:183} INFO - Processing /home/airflow/.local/lib/python3.8/site-packages/airflow/example_dags/example_short_circuit_decorator.py took 0.099 seconds
[2024-06-14T02:19:22.130+0000] {processor.py:161} INFO - Started process (PID=1146) to work on /home/airflow/.local/lib/python3.8/site-packages/airflow/example_dags/example_short_circuit_decorator.py
[2024-06-14T02:19:22.132+0000] {processor.py:830} INFO - Processing file /home/airflow/.local/lib/python3.8/site-packages/airflow/example_dags/example_short_circuit_decorator.py for tasks to queue
[2024-06-14T02:19:22.134+0000] {logging_mixin.py:188} INFO - [2024-06-14T02:19:22.133+0000] {dagbag.py:540} INFO - Filling up the DagBag from /home/airflow/.local/lib/python3.8/site-packages/airflow/example_dags/example_short_circuit_decorator.py
[2024-06-14T02:19:22.146+0000] {processor.py:840} INFO - DAG(s) 'example_short_circuit_decorator' retrieved from /home/airflow/.local/lib/python3.8/site-packages/airflow/example_dags/example_short_circuit_decorator.py
[2024-06-14T02:19:22.180+0000] {logging_mixin.py:188} INFO - [2024-06-14T02:19:22.179+0000] {dag.py:3047} INFO - Sync 1 DAGs
[2024-06-14T02:19:22.207+0000] {logging_mixin.py:188} INFO - [2024-06-14T02:19:22.206+0000] {dag.py:3834} INFO - Setting next_dagrun for example_short_circuit_decorator to 2024-06-13 00:00:00+00:00, run_after=2024-06-14 00:00:00+00:00
[2024-06-14T02:19:22.232+0000] {processor.py:183} INFO - Processing /home/airflow/.local/lib/python3.8/site-packages/airflow/example_dags/example_short_circuit_decorator.py took 0.106 seconds
[2024-06-14T02:19:53.631+0000] {processor.py:161} INFO - Started process (PID=1207) to work on /home/airflow/.local/lib/python3.8/site-packages/airflow/example_dags/example_short_circuit_decorator.py
[2024-06-14T02:19:53.632+0000] {processor.py:830} INFO - Processing file /home/airflow/.local/lib/python3.8/site-packages/airflow/example_dags/example_short_circuit_decorator.py for tasks to queue
[2024-06-14T02:19:53.635+0000] {logging_mixin.py:188} INFO - [2024-06-14T02:19:53.634+0000] {dagbag.py:540} INFO - Filling up the DagBag from /home/airflow/.local/lib/python3.8/site-packages/airflow/example_dags/example_short_circuit_decorator.py
[2024-06-14T02:19:53.645+0000] {processor.py:840} INFO - DAG(s) 'example_short_circuit_decorator' retrieved from /home/airflow/.local/lib/python3.8/site-packages/airflow/example_dags/example_short_circuit_decorator.py
[2024-06-14T02:19:53.674+0000] {logging_mixin.py:188} INFO - [2024-06-14T02:19:53.673+0000] {dag.py:3047} INFO - Sync 1 DAGs
[2024-06-14T02:19:53.708+0000] {logging_mixin.py:188} INFO - [2024-06-14T02:19:53.708+0000] {dag.py:3834} INFO - Setting next_dagrun for example_short_circuit_decorator to 2024-06-13 00:00:00+00:00, run_after=2024-06-14 00:00:00+00:00
[2024-06-14T02:19:53.733+0000] {processor.py:183} INFO - Processing /home/airflow/.local/lib/python3.8/site-packages/airflow/example_dags/example_short_circuit_decorator.py took 0.106 seconds
[2024-06-14T02:20:25.390+0000] {processor.py:161} INFO - Started process (PID=1270) to work on /home/airflow/.local/lib/python3.8/site-packages/airflow/example_dags/example_short_circuit_decorator.py
[2024-06-14T02:20:25.392+0000] {processor.py:830} INFO - Processing file /home/airflow/.local/lib/python3.8/site-packages/airflow/example_dags/example_short_circuit_decorator.py for tasks to queue
[2024-06-14T02:20:25.395+0000] {logging_mixin.py:188} INFO - [2024-06-14T02:20:25.395+0000] {dagbag.py:540} INFO - Filling up the DagBag from /home/airflow/.local/lib/python3.8/site-packages/airflow/example_dags/example_short_circuit_decorator.py
[2024-06-14T02:20:25.414+0000] {processor.py:840} INFO - DAG(s) 'example_short_circuit_decorator' retrieved from /home/airflow/.local/lib/python3.8/site-packages/airflow/example_dags/example_short_circuit_decorator.py
[2024-06-14T02:20:25.451+0000] {logging_mixin.py:188} INFO - [2024-06-14T02:20:25.451+0000] {dag.py:3047} INFO - Sync 1 DAGs
[2024-06-14T02:20:25.484+0000] {logging_mixin.py:188} INFO - [2024-06-14T02:20:25.483+0000] {dag.py:3834} INFO - Setting next_dagrun for example_short_circuit_decorator to 2024-06-13 00:00:00+00:00, run_after=2024-06-14 00:00:00+00:00
[2024-06-14T02:20:25.509+0000] {processor.py:183} INFO - Processing /home/airflow/.local/lib/python3.8/site-packages/airflow/example_dags/example_short_circuit_decorator.py took 0.124 seconds
[2024-06-14T02:20:55.838+0000] {processor.py:161} INFO - Started process (PID=1329) to work on /home/airflow/.local/lib/python3.8/site-packages/airflow/example_dags/example_short_circuit_decorator.py
[2024-06-14T02:20:55.840+0000] {processor.py:830} INFO - Processing file /home/airflow/.local/lib/python3.8/site-packages/airflow/example_dags/example_short_circuit_decorator.py for tasks to queue
[2024-06-14T02:20:55.842+0000] {logging_mixin.py:188} INFO - [2024-06-14T02:20:55.842+0000] {dagbag.py:540} INFO - Filling up the DagBag from /home/airflow/.local/lib/python3.8/site-packages/airflow/example_dags/example_short_circuit_decorator.py
[2024-06-14T02:20:55.853+0000] {processor.py:840} INFO - DAG(s) 'example_short_circuit_decorator' retrieved from /home/airflow/.local/lib/python3.8/site-packages/airflow/example_dags/example_short_circuit_decorator.py
[2024-06-14T02:20:55.881+0000] {logging_mixin.py:188} INFO - [2024-06-14T02:20:55.881+0000] {dag.py:3047} INFO - Sync 1 DAGs
[2024-06-14T02:20:55.910+0000] {logging_mixin.py:188} INFO - [2024-06-14T02:20:55.910+0000] {dag.py:3834} INFO - Setting next_dagrun for example_short_circuit_decorator to 2024-06-13 00:00:00+00:00, run_after=2024-06-14 00:00:00+00:00
[2024-06-14T02:20:55.933+0000] {processor.py:183} INFO - Processing /home/airflow/.local/lib/python3.8/site-packages/airflow/example_dags/example_short_circuit_decorator.py took 0.098 seconds
[2024-06-14T02:21:27.600+0000] {processor.py:161} INFO - Started process (PID=1390) to work on /home/airflow/.local/lib/python3.8/site-packages/airflow/example_dags/example_short_circuit_decorator.py
[2024-06-14T02:21:27.601+0000] {processor.py:830} INFO - Processing file /home/airflow/.local/lib/python3.8/site-packages/airflow/example_dags/example_short_circuit_decorator.py for tasks to queue
[2024-06-14T02:21:27.605+0000] {logging_mixin.py:188} INFO - [2024-06-14T02:21:27.604+0000] {dagbag.py:540} INFO - Filling up the DagBag from /home/airflow/.local/lib/python3.8/site-packages/airflow/example_dags/example_short_circuit_decorator.py
[2024-06-14T02:21:27.619+0000] {processor.py:840} INFO - DAG(s) 'example_short_circuit_decorator' retrieved from /home/airflow/.local/lib/python3.8/site-packages/airflow/example_dags/example_short_circuit_decorator.py
[2024-06-14T02:21:27.652+0000] {logging_mixin.py:188} INFO - [2024-06-14T02:21:27.651+0000] {dag.py:3047} INFO - Sync 1 DAGs
[2024-06-14T02:21:27.680+0000] {logging_mixin.py:188} INFO - [2024-06-14T02:21:27.680+0000] {dag.py:3834} INFO - Setting next_dagrun for example_short_circuit_decorator to 2024-06-13 00:00:00+00:00, run_after=2024-06-14 00:00:00+00:00
[2024-06-14T02:21:27.708+0000] {processor.py:183} INFO - Processing /home/airflow/.local/lib/python3.8/site-packages/airflow/example_dags/example_short_circuit_decorator.py took 0.113 seconds
[2024-06-14T02:21:58.119+0000] {processor.py:161} INFO - Started process (PID=1451) to work on /home/airflow/.local/lib/python3.8/site-packages/airflow/example_dags/example_short_circuit_decorator.py
[2024-06-14T02:21:58.121+0000] {processor.py:830} INFO - Processing file /home/airflow/.local/lib/python3.8/site-packages/airflow/example_dags/example_short_circuit_decorator.py for tasks to queue
[2024-06-14T02:21:58.123+0000] {logging_mixin.py:188} INFO - [2024-06-14T02:21:58.122+0000] {dagbag.py:540} INFO - Filling up the DagBag from /home/airflow/.local/lib/python3.8/site-packages/airflow/example_dags/example_short_circuit_decorator.py
[2024-06-14T02:21:58.134+0000] {processor.py:840} INFO - DAG(s) 'example_short_circuit_decorator' retrieved from /home/airflow/.local/lib/python3.8/site-packages/airflow/example_dags/example_short_circuit_decorator.py
[2024-06-14T02:21:58.167+0000] {logging_mixin.py:188} INFO - [2024-06-14T02:21:58.167+0000] {dag.py:3047} INFO - Sync 1 DAGs
[2024-06-14T02:21:58.193+0000] {logging_mixin.py:188} INFO - [2024-06-14T02:21:58.192+0000] {dag.py:3834} INFO - Setting next_dagrun for example_short_circuit_decorator to 2024-06-13 00:00:00+00:00, run_after=2024-06-14 00:00:00+00:00
[2024-06-14T02:21:58.226+0000] {processor.py:183} INFO - Processing /home/airflow/.local/lib/python3.8/site-packages/airflow/example_dags/example_short_circuit_decorator.py took 0.112 seconds
[2024-06-14T02:22:28.398+0000] {processor.py:161} INFO - Started process (PID=1510) to work on /home/airflow/.local/lib/python3.8/site-packages/airflow/example_dags/example_short_circuit_decorator.py
[2024-06-14T02:22:28.400+0000] {processor.py:830} INFO - Processing file /home/airflow/.local/lib/python3.8/site-packages/airflow/example_dags/example_short_circuit_decorator.py for tasks to queue
[2024-06-14T02:22:28.402+0000] {logging_mixin.py:188} INFO - [2024-06-14T02:22:28.402+0000] {dagbag.py:540} INFO - Filling up the DagBag from /home/airflow/.local/lib/python3.8/site-packages/airflow/example_dags/example_short_circuit_decorator.py
[2024-06-14T02:22:28.412+0000] {processor.py:840} INFO - DAG(s) 'example_short_circuit_decorator' retrieved from /home/airflow/.local/lib/python3.8/site-packages/airflow/example_dags/example_short_circuit_decorator.py
[2024-06-14T02:22:28.448+0000] {logging_mixin.py:188} INFO - [2024-06-14T02:22:28.448+0000] {dag.py:3047} INFO - Sync 1 DAGs
[2024-06-14T02:22:28.477+0000] {logging_mixin.py:188} INFO - [2024-06-14T02:22:28.477+0000] {dag.py:3834} INFO - Setting next_dagrun for example_short_circuit_decorator to 2024-06-13 00:00:00+00:00, run_after=2024-06-14 00:00:00+00:00
[2024-06-14T02:22:28.501+0000] {processor.py:183} INFO - Processing /home/airflow/.local/lib/python3.8/site-packages/airflow/example_dags/example_short_circuit_decorator.py took 0.106 seconds
[2024-06-14T02:22:58.747+0000] {processor.py:161} INFO - Started process (PID=1569) to work on /home/airflow/.local/lib/python3.8/site-packages/airflow/example_dags/example_short_circuit_decorator.py
[2024-06-14T02:22:58.750+0000] {processor.py:830} INFO - Processing file /home/airflow/.local/lib/python3.8/site-packages/airflow/example_dags/example_short_circuit_decorator.py for tasks to queue
[2024-06-14T02:22:58.753+0000] {logging_mixin.py:188} INFO - [2024-06-14T02:22:58.753+0000] {dagbag.py:540} INFO - Filling up the DagBag from /home/airflow/.local/lib/python3.8/site-packages/airflow/example_dags/example_short_circuit_decorator.py
[2024-06-14T02:22:58.765+0000] {processor.py:840} INFO - DAG(s) 'example_short_circuit_decorator' retrieved from /home/airflow/.local/lib/python3.8/site-packages/airflow/example_dags/example_short_circuit_decorator.py
[2024-06-14T02:22:58.794+0000] {logging_mixin.py:188} INFO - [2024-06-14T02:22:58.793+0000] {dag.py:3047} INFO - Sync 1 DAGs
[2024-06-14T02:22:58.826+0000] {logging_mixin.py:188} INFO - [2024-06-14T02:22:58.826+0000] {dag.py:3834} INFO - Setting next_dagrun for example_short_circuit_decorator to 2024-06-13 00:00:00+00:00, run_after=2024-06-14 00:00:00+00:00
[2024-06-14T02:22:58.851+0000] {processor.py:183} INFO - Processing /home/airflow/.local/lib/python3.8/site-packages/airflow/example_dags/example_short_circuit_decorator.py took 0.109 seconds
[2024-06-14T02:23:28.982+0000] {processor.py:161} INFO - Started process (PID=1631) to work on /home/airflow/.local/lib/python3.8/site-packages/airflow/example_dags/example_short_circuit_decorator.py
[2024-06-14T02:23:28.984+0000] {processor.py:830} INFO - Processing file /home/airflow/.local/lib/python3.8/site-packages/airflow/example_dags/example_short_circuit_decorator.py for tasks to queue
[2024-06-14T02:23:28.987+0000] {logging_mixin.py:188} INFO - [2024-06-14T02:23:28.986+0000] {dagbag.py:540} INFO - Filling up the DagBag from /home/airflow/.local/lib/python3.8/site-packages/airflow/example_dags/example_short_circuit_decorator.py
[2024-06-14T02:23:29.001+0000] {processor.py:840} INFO - DAG(s) 'example_short_circuit_decorator' retrieved from /home/airflow/.local/lib/python3.8/site-packages/airflow/example_dags/example_short_circuit_decorator.py
[2024-06-14T02:23:29.041+0000] {logging_mixin.py:188} INFO - [2024-06-14T02:23:29.041+0000] {dag.py:3047} INFO - Sync 1 DAGs
[2024-06-14T02:23:29.072+0000] {logging_mixin.py:188} INFO - [2024-06-14T02:23:29.071+0000] {dag.py:3834} INFO - Setting next_dagrun for example_short_circuit_decorator to 2024-06-13 00:00:00+00:00, run_after=2024-06-14 00:00:00+00:00
[2024-06-14T02:23:29.098+0000] {processor.py:183} INFO - Processing /home/airflow/.local/lib/python3.8/site-packages/airflow/example_dags/example_short_circuit_decorator.py took 0.119 seconds
[2024-06-14T02:23:59.492+0000] {processor.py:161} INFO - Started process (PID=1692) to work on /home/airflow/.local/lib/python3.8/site-packages/airflow/example_dags/example_short_circuit_decorator.py
[2024-06-14T02:23:59.494+0000] {processor.py:830} INFO - Processing file /home/airflow/.local/lib/python3.8/site-packages/airflow/example_dags/example_short_circuit_decorator.py for tasks to queue
[2024-06-14T02:23:59.497+0000] {logging_mixin.py:188} INFO - [2024-06-14T02:23:59.496+0000] {dagbag.py:540} INFO - Filling up the DagBag from /home/airflow/.local/lib/python3.8/site-packages/airflow/example_dags/example_short_circuit_decorator.py
[2024-06-14T02:23:59.512+0000] {processor.py:840} INFO - DAG(s) 'example_short_circuit_decorator' retrieved from /home/airflow/.local/lib/python3.8/site-packages/airflow/example_dags/example_short_circuit_decorator.py
[2024-06-14T02:23:59.548+0000] {logging_mixin.py:188} INFO - [2024-06-14T02:23:59.548+0000] {dag.py:3047} INFO - Sync 1 DAGs
[2024-06-14T02:23:59.584+0000] {logging_mixin.py:188} INFO - [2024-06-14T02:23:59.583+0000] {dag.py:3834} INFO - Setting next_dagrun for example_short_circuit_decorator to 2024-06-13 00:00:00+00:00, run_after=2024-06-14 00:00:00+00:00
[2024-06-14T02:23:59.616+0000] {processor.py:183} INFO - Processing /home/airflow/.local/lib/python3.8/site-packages/airflow/example_dags/example_short_circuit_decorator.py took 0.131 seconds
[2024-06-14T02:24:29.733+0000] {processor.py:161} INFO - Started process (PID=1753) to work on /home/airflow/.local/lib/python3.8/site-packages/airflow/example_dags/example_short_circuit_decorator.py
[2024-06-14T02:24:29.735+0000] {processor.py:830} INFO - Processing file /home/airflow/.local/lib/python3.8/site-packages/airflow/example_dags/example_short_circuit_decorator.py for tasks to queue
[2024-06-14T02:24:29.738+0000] {logging_mixin.py:188} INFO - [2024-06-14T02:24:29.737+0000] {dagbag.py:540} INFO - Filling up the DagBag from /home/airflow/.local/lib/python3.8/site-packages/airflow/example_dags/example_short_circuit_decorator.py
[2024-06-14T02:24:29.751+0000] {processor.py:840} INFO - DAG(s) 'example_short_circuit_decorator' retrieved from /home/airflow/.local/lib/python3.8/site-packages/airflow/example_dags/example_short_circuit_decorator.py
[2024-06-14T02:24:29.791+0000] {logging_mixin.py:188} INFO - [2024-06-14T02:24:29.790+0000] {dag.py:3047} INFO - Sync 1 DAGs
[2024-06-14T02:24:29.823+0000] {logging_mixin.py:188} INFO - [2024-06-14T02:24:29.823+0000] {dag.py:3834} INFO - Setting next_dagrun for example_short_circuit_decorator to 2024-06-13 00:00:00+00:00, run_after=2024-06-14 00:00:00+00:00
[2024-06-14T02:24:29.853+0000] {processor.py:183} INFO - Processing /home/airflow/.local/lib/python3.8/site-packages/airflow/example_dags/example_short_circuit_decorator.py took 0.124 seconds
[2024-06-14T02:25:00.050+0000] {processor.py:161} INFO - Started process (PID=1814) to work on /home/airflow/.local/lib/python3.8/site-packages/airflow/example_dags/example_short_circuit_decorator.py
[2024-06-14T02:25:00.052+0000] {processor.py:830} INFO - Processing file /home/airflow/.local/lib/python3.8/site-packages/airflow/example_dags/example_short_circuit_decorator.py for tasks to queue
[2024-06-14T02:25:00.055+0000] {logging_mixin.py:188} INFO - [2024-06-14T02:25:00.054+0000] {dagbag.py:540} INFO - Filling up the DagBag from /home/airflow/.local/lib/python3.8/site-packages/airflow/example_dags/example_short_circuit_decorator.py
[2024-06-14T02:25:00.068+0000] {processor.py:840} INFO - DAG(s) 'example_short_circuit_decorator' retrieved from /home/airflow/.local/lib/python3.8/site-packages/airflow/example_dags/example_short_circuit_decorator.py
[2024-06-14T02:25:00.099+0000] {logging_mixin.py:188} INFO - [2024-06-14T02:25:00.099+0000] {dag.py:3047} INFO - Sync 1 DAGs
[2024-06-14T02:25:00.139+0000] {logging_mixin.py:188} INFO - [2024-06-14T02:25:00.138+0000] {dag.py:3834} INFO - Setting next_dagrun for example_short_circuit_decorator to 2024-06-13 00:00:00+00:00, run_after=2024-06-14 00:00:00+00:00
[2024-06-14T02:25:00.169+0000] {processor.py:183} INFO - Processing /home/airflow/.local/lib/python3.8/site-packages/airflow/example_dags/example_short_circuit_decorator.py took 0.124 seconds
[2024-06-14T02:25:30.480+0000] {processor.py:161} INFO - Started process (PID=1875) to work on /home/airflow/.local/lib/python3.8/site-packages/airflow/example_dags/example_short_circuit_decorator.py
[2024-06-14T02:25:30.482+0000] {processor.py:830} INFO - Processing file /home/airflow/.local/lib/python3.8/site-packages/airflow/example_dags/example_short_circuit_decorator.py for tasks to queue
[2024-06-14T02:25:30.485+0000] {logging_mixin.py:188} INFO - [2024-06-14T02:25:30.484+0000] {dagbag.py:540} INFO - Filling up the DagBag from /home/airflow/.local/lib/python3.8/site-packages/airflow/example_dags/example_short_circuit_decorator.py
[2024-06-14T02:25:30.498+0000] {processor.py:840} INFO - DAG(s) 'example_short_circuit_decorator' retrieved from /home/airflow/.local/lib/python3.8/site-packages/airflow/example_dags/example_short_circuit_decorator.py
[2024-06-14T02:25:30.529+0000] {logging_mixin.py:188} INFO - [2024-06-14T02:25:30.529+0000] {dag.py:3047} INFO - Sync 1 DAGs
[2024-06-14T02:25:30.562+0000] {logging_mixin.py:188} INFO - [2024-06-14T02:25:30.562+0000] {dag.py:3834} INFO - Setting next_dagrun for example_short_circuit_decorator to 2024-06-13 00:00:00+00:00, run_after=2024-06-14 00:00:00+00:00
[2024-06-14T02:25:30.595+0000] {processor.py:183} INFO - Processing /home/airflow/.local/lib/python3.8/site-packages/airflow/example_dags/example_short_circuit_decorator.py took 0.124 seconds
[2024-06-14T02:26:00.761+0000] {processor.py:161} INFO - Started process (PID=1937) to work on /home/airflow/.local/lib/python3.8/site-packages/airflow/example_dags/example_short_circuit_decorator.py
[2024-06-14T02:26:00.763+0000] {processor.py:830} INFO - Processing file /home/airflow/.local/lib/python3.8/site-packages/airflow/example_dags/example_short_circuit_decorator.py for tasks to queue
[2024-06-14T02:26:00.765+0000] {logging_mixin.py:188} INFO - [2024-06-14T02:26:00.765+0000] {dagbag.py:540} INFO - Filling up the DagBag from /home/airflow/.local/lib/python3.8/site-packages/airflow/example_dags/example_short_circuit_decorator.py
[2024-06-14T02:26:00.778+0000] {processor.py:840} INFO - DAG(s) 'example_short_circuit_decorator' retrieved from /home/airflow/.local/lib/python3.8/site-packages/airflow/example_dags/example_short_circuit_decorator.py
[2024-06-14T02:26:00.811+0000] {logging_mixin.py:188} INFO - [2024-06-14T02:26:00.810+0000] {dag.py:3047} INFO - Sync 1 DAGs
[2024-06-14T02:26:00.857+0000] {logging_mixin.py:188} INFO - [2024-06-14T02:26:00.857+0000] {dag.py:3834} INFO - Setting next_dagrun for example_short_circuit_decorator to 2024-06-13 00:00:00+00:00, run_after=2024-06-14 00:00:00+00:00
[2024-06-14T02:26:00.890+0000] {processor.py:183} INFO - Processing /home/airflow/.local/lib/python3.8/site-packages/airflow/example_dags/example_short_circuit_decorator.py took 0.133 seconds
[2024-06-14T02:26:31.380+0000] {processor.py:161} INFO - Started process (PID=1998) to work on /home/airflow/.local/lib/python3.8/site-packages/airflow/example_dags/example_short_circuit_decorator.py
[2024-06-14T02:26:31.382+0000] {processor.py:830} INFO - Processing file /home/airflow/.local/lib/python3.8/site-packages/airflow/example_dags/example_short_circuit_decorator.py for tasks to queue
[2024-06-14T02:26:31.385+0000] {logging_mixin.py:188} INFO - [2024-06-14T02:26:31.384+0000] {dagbag.py:540} INFO - Filling up the DagBag from /home/airflow/.local/lib/python3.8/site-packages/airflow/example_dags/example_short_circuit_decorator.py
[2024-06-14T02:26:31.398+0000] {processor.py:840} INFO - DAG(s) 'example_short_circuit_decorator' retrieved from /home/airflow/.local/lib/python3.8/site-packages/airflow/example_dags/example_short_circuit_decorator.py
[2024-06-14T02:26:31.433+0000] {logging_mixin.py:188} INFO - [2024-06-14T02:26:31.432+0000] {dag.py:3047} INFO - Sync 1 DAGs
[2024-06-14T02:26:31.462+0000] {logging_mixin.py:188} INFO - [2024-06-14T02:26:31.462+0000] {dag.py:3834} INFO - Setting next_dagrun for example_short_circuit_decorator to 2024-06-13 00:00:00+00:00, run_after=2024-06-14 00:00:00+00:00
[2024-06-14T02:26:31.494+0000] {processor.py:183} INFO - Processing /home/airflow/.local/lib/python3.8/site-packages/airflow/example_dags/example_short_circuit_decorator.py took 0.119 seconds
[2024-06-14T02:27:01.835+0000] {processor.py:161} INFO - Started process (PID=2059) to work on /home/airflow/.local/lib/python3.8/site-packages/airflow/example_dags/example_short_circuit_decorator.py
[2024-06-14T02:27:01.836+0000] {processor.py:830} INFO - Processing file /home/airflow/.local/lib/python3.8/site-packages/airflow/example_dags/example_short_circuit_decorator.py for tasks to queue
[2024-06-14T02:27:01.839+0000] {logging_mixin.py:188} INFO - [2024-06-14T02:27:01.839+0000] {dagbag.py:540} INFO - Filling up the DagBag from /home/airflow/.local/lib/python3.8/site-packages/airflow/example_dags/example_short_circuit_decorator.py
[2024-06-14T02:27:01.852+0000] {processor.py:840} INFO - DAG(s) 'example_short_circuit_decorator' retrieved from /home/airflow/.local/lib/python3.8/site-packages/airflow/example_dags/example_short_circuit_decorator.py
[2024-06-14T02:27:01.887+0000] {logging_mixin.py:188} INFO - [2024-06-14T02:27:01.886+0000] {dag.py:3047} INFO - Sync 1 DAGs
[2024-06-14T02:27:01.921+0000] {logging_mixin.py:188} INFO - [2024-06-14T02:27:01.921+0000] {dag.py:3834} INFO - Setting next_dagrun for example_short_circuit_decorator to 2024-06-13 00:00:00+00:00, run_after=2024-06-14 00:00:00+00:00
[2024-06-14T02:27:01.954+0000] {processor.py:183} INFO - Processing /home/airflow/.local/lib/python3.8/site-packages/airflow/example_dags/example_short_circuit_decorator.py took 0.125 seconds
[2024-06-14T02:27:32.206+0000] {processor.py:161} INFO - Started process (PID=2120) to work on /home/airflow/.local/lib/python3.8/site-packages/airflow/example_dags/example_short_circuit_decorator.py
[2024-06-14T02:27:32.208+0000] {processor.py:830} INFO - Processing file /home/airflow/.local/lib/python3.8/site-packages/airflow/example_dags/example_short_circuit_decorator.py for tasks to queue
[2024-06-14T02:27:32.211+0000] {logging_mixin.py:188} INFO - [2024-06-14T02:27:32.210+0000] {dagbag.py:540} INFO - Filling up the DagBag from /home/airflow/.local/lib/python3.8/site-packages/airflow/example_dags/example_short_circuit_decorator.py
[2024-06-14T02:27:32.225+0000] {processor.py:840} INFO - DAG(s) 'example_short_circuit_decorator' retrieved from /home/airflow/.local/lib/python3.8/site-packages/airflow/example_dags/example_short_circuit_decorator.py
[2024-06-14T02:27:32.262+0000] {logging_mixin.py:188} INFO - [2024-06-14T02:27:32.261+0000] {dag.py:3047} INFO - Sync 1 DAGs
[2024-06-14T02:27:32.294+0000] {logging_mixin.py:188} INFO - [2024-06-14T02:27:32.294+0000] {dag.py:3834} INFO - Setting next_dagrun for example_short_circuit_decorator to 2024-06-13 00:00:00+00:00, run_after=2024-06-14 00:00:00+00:00
[2024-06-14T02:27:32.326+0000] {processor.py:183} INFO - Processing /home/airflow/.local/lib/python3.8/site-packages/airflow/example_dags/example_short_circuit_decorator.py took 0.126 seconds
[2024-06-14T02:28:02.821+0000] {processor.py:161} INFO - Started process (PID=2181) to work on /home/airflow/.local/lib/python3.8/site-packages/airflow/example_dags/example_short_circuit_decorator.py
[2024-06-14T02:28:02.823+0000] {processor.py:830} INFO - Processing file /home/airflow/.local/lib/python3.8/site-packages/airflow/example_dags/example_short_circuit_decorator.py for tasks to queue
[2024-06-14T02:28:02.826+0000] {logging_mixin.py:188} INFO - [2024-06-14T02:28:02.826+0000] {dagbag.py:540} INFO - Filling up the DagBag from /home/airflow/.local/lib/python3.8/site-packages/airflow/example_dags/example_short_circuit_decorator.py
[2024-06-14T02:28:02.841+0000] {processor.py:840} INFO - DAG(s) 'example_short_circuit_decorator' retrieved from /home/airflow/.local/lib/python3.8/site-packages/airflow/example_dags/example_short_circuit_decorator.py
[2024-06-14T02:28:02.888+0000] {logging_mixin.py:188} INFO - [2024-06-14T02:28:02.887+0000] {dag.py:3047} INFO - Sync 1 DAGs
[2024-06-14T02:28:03.098+0000] {logging_mixin.py:188} INFO - [2024-06-14T02:28:03.098+0000] {dag.py:3834} INFO - Setting next_dagrun for example_short_circuit_decorator to 2024-06-13 00:00:00+00:00, run_after=2024-06-14 00:00:00+00:00
[2024-06-14T02:28:03.129+0000] {processor.py:183} INFO - Processing /home/airflow/.local/lib/python3.8/site-packages/airflow/example_dags/example_short_circuit_decorator.py took 0.312 seconds
[2024-06-14T02:28:33.553+0000] {processor.py:161} INFO - Started process (PID=2242) to work on /home/airflow/.local/lib/python3.8/site-packages/airflow/example_dags/example_short_circuit_decorator.py
[2024-06-14T02:28:33.555+0000] {processor.py:830} INFO - Processing file /home/airflow/.local/lib/python3.8/site-packages/airflow/example_dags/example_short_circuit_decorator.py for tasks to queue
[2024-06-14T02:28:33.559+0000] {logging_mixin.py:188} INFO - [2024-06-14T02:28:33.558+0000] {dagbag.py:540} INFO - Filling up the DagBag from /home/airflow/.local/lib/python3.8/site-packages/airflow/example_dags/example_short_circuit_decorator.py
[2024-06-14T02:28:33.575+0000] {processor.py:840} INFO - DAG(s) 'example_short_circuit_decorator' retrieved from /home/airflow/.local/lib/python3.8/site-packages/airflow/example_dags/example_short_circuit_decorator.py
[2024-06-14T02:28:33.611+0000] {logging_mixin.py:188} INFO - [2024-06-14T02:28:33.610+0000] {dag.py:3047} INFO - Sync 1 DAGs
[2024-06-14T02:28:33.646+0000] {logging_mixin.py:188} INFO - [2024-06-14T02:28:33.646+0000] {dag.py:3834} INFO - Setting next_dagrun for example_short_circuit_decorator to 2024-06-13 00:00:00+00:00, run_after=2024-06-14 00:00:00+00:00
[2024-06-14T02:28:33.677+0000] {processor.py:183} INFO - Processing /home/airflow/.local/lib/python3.8/site-packages/airflow/example_dags/example_short_circuit_decorator.py took 0.128 seconds
[2024-06-14T02:29:04.071+0000] {processor.py:161} INFO - Started process (PID=2303) to work on /home/airflow/.local/lib/python3.8/site-packages/airflow/example_dags/example_short_circuit_decorator.py
[2024-06-14T02:29:04.072+0000] {processor.py:830} INFO - Processing file /home/airflow/.local/lib/python3.8/site-packages/airflow/example_dags/example_short_circuit_decorator.py for tasks to queue
[2024-06-14T02:29:04.075+0000] {logging_mixin.py:188} INFO - [2024-06-14T02:29:04.075+0000] {dagbag.py:540} INFO - Filling up the DagBag from /home/airflow/.local/lib/python3.8/site-packages/airflow/example_dags/example_short_circuit_decorator.py
[2024-06-14T02:29:04.088+0000] {processor.py:840} INFO - DAG(s) 'example_short_circuit_decorator' retrieved from /home/airflow/.local/lib/python3.8/site-packages/airflow/example_dags/example_short_circuit_decorator.py
[2024-06-14T02:29:04.125+0000] {logging_mixin.py:188} INFO - [2024-06-14T02:29:04.125+0000] {dag.py:3047} INFO - Sync 1 DAGs
[2024-06-14T02:29:04.162+0000] {logging_mixin.py:188} INFO - [2024-06-14T02:29:04.161+0000] {dag.py:3834} INFO - Setting next_dagrun for example_short_circuit_decorator to 2024-06-13 00:00:00+00:00, run_after=2024-06-14 00:00:00+00:00
[2024-06-14T02:29:04.189+0000] {processor.py:183} INFO - Processing /home/airflow/.local/lib/python3.8/site-packages/airflow/example_dags/example_short_circuit_decorator.py took 0.123 seconds
[2024-06-14T02:29:35.110+0000] {processor.py:161} INFO - Started process (PID=2364) to work on /home/airflow/.local/lib/python3.8/site-packages/airflow/example_dags/example_short_circuit_decorator.py
[2024-06-14T02:29:35.111+0000] {processor.py:830} INFO - Processing file /home/airflow/.local/lib/python3.8/site-packages/airflow/example_dags/example_short_circuit_decorator.py for tasks to queue
[2024-06-14T02:29:35.115+0000] {logging_mixin.py:188} INFO - [2024-06-14T02:29:35.115+0000] {dagbag.py:540} INFO - Filling up the DagBag from /home/airflow/.local/lib/python3.8/site-packages/airflow/example_dags/example_short_circuit_decorator.py
[2024-06-14T02:29:35.131+0000] {processor.py:840} INFO - DAG(s) 'example_short_circuit_decorator' retrieved from /home/airflow/.local/lib/python3.8/site-packages/airflow/example_dags/example_short_circuit_decorator.py
[2024-06-14T02:29:35.170+0000] {logging_mixin.py:188} INFO - [2024-06-14T02:29:35.169+0000] {dag.py:3047} INFO - Sync 1 DAGs
[2024-06-14T02:29:35.208+0000] {logging_mixin.py:188} INFO - [2024-06-14T02:29:35.207+0000] {dag.py:3834} INFO - Setting next_dagrun for example_short_circuit_decorator to 2024-06-13 00:00:00+00:00, run_after=2024-06-14 00:00:00+00:00
[2024-06-14T02:29:35.247+0000] {processor.py:183} INFO - Processing /home/airflow/.local/lib/python3.8/site-packages/airflow/example_dags/example_short_circuit_decorator.py took 0.144 seconds
[2024-06-14T02:30:05.739+0000] {processor.py:161} INFO - Started process (PID=2431) to work on /home/airflow/.local/lib/python3.8/site-packages/airflow/example_dags/example_short_circuit_decorator.py
[2024-06-14T02:30:05.742+0000] {processor.py:830} INFO - Processing file /home/airflow/.local/lib/python3.8/site-packages/airflow/example_dags/example_short_circuit_decorator.py for tasks to queue
[2024-06-14T02:30:05.746+0000] {logging_mixin.py:188} INFO - [2024-06-14T02:30:05.745+0000] {dagbag.py:540} INFO - Filling up the DagBag from /home/airflow/.local/lib/python3.8/site-packages/airflow/example_dags/example_short_circuit_decorator.py
[2024-06-14T02:30:05.817+0000] {processor.py:840} INFO - DAG(s) 'example_short_circuit_decorator' retrieved from /home/airflow/.local/lib/python3.8/site-packages/airflow/example_dags/example_short_circuit_decorator.py
[2024-06-14T02:30:05.935+0000] {logging_mixin.py:188} INFO - [2024-06-14T02:30:05.935+0000] {dag.py:3047} INFO - Sync 1 DAGs
[2024-06-14T02:30:06.013+0000] {logging_mixin.py:188} INFO - [2024-06-14T02:30:06.013+0000] {dag.py:3834} INFO - Setting next_dagrun for example_short_circuit_decorator to 2024-06-13 00:00:00+00:00, run_after=2024-06-14 00:00:00+00:00
[2024-06-14T02:30:06.110+0000] {processor.py:183} INFO - Processing /home/airflow/.local/lib/python3.8/site-packages/airflow/example_dags/example_short_circuit_decorator.py took 0.379 seconds
[2024-06-14T02:30:36.601+0000] {processor.py:161} INFO - Started process (PID=2492) to work on /home/airflow/.local/lib/python3.8/site-packages/airflow/example_dags/example_short_circuit_decorator.py
[2024-06-14T02:30:36.603+0000] {processor.py:830} INFO - Processing file /home/airflow/.local/lib/python3.8/site-packages/airflow/example_dags/example_short_circuit_decorator.py for tasks to queue
[2024-06-14T02:30:36.605+0000] {logging_mixin.py:188} INFO - [2024-06-14T02:30:36.605+0000] {dagbag.py:540} INFO - Filling up the DagBag from /home/airflow/.local/lib/python3.8/site-packages/airflow/example_dags/example_short_circuit_decorator.py
[2024-06-14T02:30:36.617+0000] {processor.py:840} INFO - DAG(s) 'example_short_circuit_decorator' retrieved from /home/airflow/.local/lib/python3.8/site-packages/airflow/example_dags/example_short_circuit_decorator.py
[2024-06-14T02:30:36.653+0000] {logging_mixin.py:188} INFO - [2024-06-14T02:30:36.653+0000] {dag.py:3047} INFO - Sync 1 DAGs
[2024-06-14T02:30:36.693+0000] {logging_mixin.py:188} INFO - [2024-06-14T02:30:36.693+0000] {dag.py:3834} INFO - Setting next_dagrun for example_short_circuit_decorator to 2024-06-13 00:00:00+00:00, run_after=2024-06-14 00:00:00+00:00
[2024-06-14T02:30:36.717+0000] {processor.py:183} INFO - Processing /home/airflow/.local/lib/python3.8/site-packages/airflow/example_dags/example_short_circuit_decorator.py took 0.122 seconds
[2024-06-14T02:31:07.076+0000] {processor.py:161} INFO - Started process (PID=2553) to work on /home/airflow/.local/lib/python3.8/site-packages/airflow/example_dags/example_short_circuit_decorator.py
[2024-06-14T02:31:07.078+0000] {processor.py:830} INFO - Processing file /home/airflow/.local/lib/python3.8/site-packages/airflow/example_dags/example_short_circuit_decorator.py for tasks to queue
[2024-06-14T02:31:07.081+0000] {logging_mixin.py:188} INFO - [2024-06-14T02:31:07.080+0000] {dagbag.py:540} INFO - Filling up the DagBag from /home/airflow/.local/lib/python3.8/site-packages/airflow/example_dags/example_short_circuit_decorator.py
[2024-06-14T02:31:07.093+0000] {processor.py:840} INFO - DAG(s) 'example_short_circuit_decorator' retrieved from /home/airflow/.local/lib/python3.8/site-packages/airflow/example_dags/example_short_circuit_decorator.py
[2024-06-14T02:31:07.129+0000] {logging_mixin.py:188} INFO - [2024-06-14T02:31:07.128+0000] {dag.py:3047} INFO - Sync 1 DAGs
[2024-06-14T02:31:07.163+0000] {logging_mixin.py:188} INFO - [2024-06-14T02:31:07.163+0000] {dag.py:3834} INFO - Setting next_dagrun for example_short_circuit_decorator to 2024-06-13 00:00:00+00:00, run_after=2024-06-14 00:00:00+00:00
[2024-06-14T02:31:07.184+0000] {processor.py:183} INFO - Processing /home/airflow/.local/lib/python3.8/site-packages/airflow/example_dags/example_short_circuit_decorator.py took 0.115 seconds
[2024-06-14T02:31:37.606+0000] {processor.py:161} INFO - Started process (PID=2614) to work on /home/airflow/.local/lib/python3.8/site-packages/airflow/example_dags/example_short_circuit_decorator.py
[2024-06-14T02:31:37.610+0000] {processor.py:830} INFO - Processing file /home/airflow/.local/lib/python3.8/site-packages/airflow/example_dags/example_short_circuit_decorator.py for tasks to queue
[2024-06-14T02:31:37.615+0000] {logging_mixin.py:188} INFO - [2024-06-14T02:31:37.613+0000] {dagbag.py:540} INFO - Filling up the DagBag from /home/airflow/.local/lib/python3.8/site-packages/airflow/example_dags/example_short_circuit_decorator.py
[2024-06-14T02:31:37.634+0000] {processor.py:840} INFO - DAG(s) 'example_short_circuit_decorator' retrieved from /home/airflow/.local/lib/python3.8/site-packages/airflow/example_dags/example_short_circuit_decorator.py
[2024-06-14T02:31:37.678+0000] {logging_mixin.py:188} INFO - [2024-06-14T02:31:37.678+0000] {dag.py:3047} INFO - Sync 1 DAGs
[2024-06-14T02:31:37.717+0000] {logging_mixin.py:188} INFO - [2024-06-14T02:31:37.716+0000] {dag.py:3834} INFO - Setting next_dagrun for example_short_circuit_decorator to 2024-06-13 00:00:00+00:00, run_after=2024-06-14 00:00:00+00:00
[2024-06-14T02:31:37.761+0000] {processor.py:183} INFO - Processing /home/airflow/.local/lib/python3.8/site-packages/airflow/example_dags/example_short_circuit_decorator.py took 0.161 seconds
[2024-06-14T02:32:08.309+0000] {processor.py:161} INFO - Started process (PID=2675) to work on /home/airflow/.local/lib/python3.8/site-packages/airflow/example_dags/example_short_circuit_decorator.py
[2024-06-14T02:32:08.311+0000] {processor.py:830} INFO - Processing file /home/airflow/.local/lib/python3.8/site-packages/airflow/example_dags/example_short_circuit_decorator.py for tasks to queue
[2024-06-14T02:32:08.314+0000] {logging_mixin.py:188} INFO - [2024-06-14T02:32:08.313+0000] {dagbag.py:540} INFO - Filling up the DagBag from /home/airflow/.local/lib/python3.8/site-packages/airflow/example_dags/example_short_circuit_decorator.py
[2024-06-14T02:32:08.327+0000] {processor.py:840} INFO - DAG(s) 'example_short_circuit_decorator' retrieved from /home/airflow/.local/lib/python3.8/site-packages/airflow/example_dags/example_short_circuit_decorator.py
[2024-06-14T02:32:08.361+0000] {logging_mixin.py:188} INFO - [2024-06-14T02:32:08.360+0000] {dag.py:3047} INFO - Sync 1 DAGs
[2024-06-14T02:32:08.392+0000] {logging_mixin.py:188} INFO - [2024-06-14T02:32:08.391+0000] {dag.py:3834} INFO - Setting next_dagrun for example_short_circuit_decorator to 2024-06-13 00:00:00+00:00, run_after=2024-06-14 00:00:00+00:00
[2024-06-14T02:32:08.413+0000] {processor.py:183} INFO - Processing /home/airflow/.local/lib/python3.8/site-packages/airflow/example_dags/example_short_circuit_decorator.py took 0.108 seconds
[2024-06-14T02:32:38.693+0000] {processor.py:161} INFO - Started process (PID=2736) to work on /home/airflow/.local/lib/python3.8/site-packages/airflow/example_dags/example_short_circuit_decorator.py
[2024-06-14T02:32:38.694+0000] {processor.py:830} INFO - Processing file /home/airflow/.local/lib/python3.8/site-packages/airflow/example_dags/example_short_circuit_decorator.py for tasks to queue
[2024-06-14T02:32:38.700+0000] {logging_mixin.py:188} INFO - [2024-06-14T02:32:38.699+0000] {dagbag.py:540} INFO - Filling up the DagBag from /home/airflow/.local/lib/python3.8/site-packages/airflow/example_dags/example_short_circuit_decorator.py
[2024-06-14T02:32:38.714+0000] {processor.py:840} INFO - DAG(s) 'example_short_circuit_decorator' retrieved from /home/airflow/.local/lib/python3.8/site-packages/airflow/example_dags/example_short_circuit_decorator.py
[2024-06-14T02:32:38.745+0000] {logging_mixin.py:188} INFO - [2024-06-14T02:32:38.744+0000] {dag.py:3047} INFO - Sync 1 DAGs
[2024-06-14T02:32:38.784+0000] {logging_mixin.py:188} INFO - [2024-06-14T02:32:38.783+0000] {dag.py:3834} INFO - Setting next_dagrun for example_short_circuit_decorator to 2024-06-13 00:00:00+00:00, run_after=2024-06-14 00:00:00+00:00
[2024-06-14T02:32:38.831+0000] {processor.py:183} INFO - Processing /home/airflow/.local/lib/python3.8/site-packages/airflow/example_dags/example_short_circuit_decorator.py took 0.145 seconds
[2024-06-14T02:33:09.182+0000] {processor.py:161} INFO - Started process (PID=2797) to work on /home/airflow/.local/lib/python3.8/site-packages/airflow/example_dags/example_short_circuit_decorator.py
[2024-06-14T02:33:09.184+0000] {processor.py:830} INFO - Processing file /home/airflow/.local/lib/python3.8/site-packages/airflow/example_dags/example_short_circuit_decorator.py for tasks to queue
[2024-06-14T02:33:09.187+0000] {logging_mixin.py:188} INFO - [2024-06-14T02:33:09.187+0000] {dagbag.py:540} INFO - Filling up the DagBag from /home/airflow/.local/lib/python3.8/site-packages/airflow/example_dags/example_short_circuit_decorator.py
[2024-06-14T02:33:09.202+0000] {processor.py:840} INFO - DAG(s) 'example_short_circuit_decorator' retrieved from /home/airflow/.local/lib/python3.8/site-packages/airflow/example_dags/example_short_circuit_decorator.py
[2024-06-14T02:33:09.229+0000] {logging_mixin.py:188} INFO - [2024-06-14T02:33:09.229+0000] {dag.py:3047} INFO - Sync 1 DAGs
[2024-06-14T02:33:09.257+0000] {logging_mixin.py:188} INFO - [2024-06-14T02:33:09.257+0000] {dag.py:3834} INFO - Setting next_dagrun for example_short_circuit_decorator to 2024-06-13 00:00:00+00:00, run_after=2024-06-14 00:00:00+00:00
[2024-06-14T02:33:09.284+0000] {processor.py:183} INFO - Processing /home/airflow/.local/lib/python3.8/site-packages/airflow/example_dags/example_short_circuit_decorator.py took 0.107 seconds
[2024-06-14T02:33:40.128+0000] {processor.py:161} INFO - Started process (PID=2858) to work on /home/airflow/.local/lib/python3.8/site-packages/airflow/example_dags/example_short_circuit_decorator.py
[2024-06-14T02:33:40.130+0000] {processor.py:830} INFO - Processing file /home/airflow/.local/lib/python3.8/site-packages/airflow/example_dags/example_short_circuit_decorator.py for tasks to queue
[2024-06-14T02:33:40.133+0000] {logging_mixin.py:188} INFO - [2024-06-14T02:33:40.132+0000] {dagbag.py:540} INFO - Filling up the DagBag from /home/airflow/.local/lib/python3.8/site-packages/airflow/example_dags/example_short_circuit_decorator.py
[2024-06-14T02:33:40.146+0000] {processor.py:840} INFO - DAG(s) 'example_short_circuit_decorator' retrieved from /home/airflow/.local/lib/python3.8/site-packages/airflow/example_dags/example_short_circuit_decorator.py
[2024-06-14T02:33:40.180+0000] {logging_mixin.py:188} INFO - [2024-06-14T02:33:40.179+0000] {dag.py:3047} INFO - Sync 1 DAGs
[2024-06-14T02:33:40.211+0000] {logging_mixin.py:188} INFO - [2024-06-14T02:33:40.210+0000] {dag.py:3834} INFO - Setting next_dagrun for example_short_circuit_decorator to 2024-06-13 00:00:00+00:00, run_after=2024-06-14 00:00:00+00:00
[2024-06-14T02:33:40.244+0000] {processor.py:183} INFO - Processing /home/airflow/.local/lib/python3.8/site-packages/airflow/example_dags/example_short_circuit_decorator.py took 0.120 seconds
[2024-06-14T02:34:10.974+0000] {processor.py:161} INFO - Started process (PID=2919) to work on /home/airflow/.local/lib/python3.8/site-packages/airflow/example_dags/example_short_circuit_decorator.py
[2024-06-14T02:34:10.976+0000] {processor.py:830} INFO - Processing file /home/airflow/.local/lib/python3.8/site-packages/airflow/example_dags/example_short_circuit_decorator.py for tasks to queue
[2024-06-14T02:34:10.979+0000] {logging_mixin.py:188} INFO - [2024-06-14T02:34:10.978+0000] {dagbag.py:540} INFO - Filling up the DagBag from /home/airflow/.local/lib/python3.8/site-packages/airflow/example_dags/example_short_circuit_decorator.py
[2024-06-14T02:34:10.995+0000] {processor.py:840} INFO - DAG(s) 'example_short_circuit_decorator' retrieved from /home/airflow/.local/lib/python3.8/site-packages/airflow/example_dags/example_short_circuit_decorator.py
[2024-06-14T02:34:11.035+0000] {logging_mixin.py:188} INFO - [2024-06-14T02:34:11.034+0000] {dag.py:3047} INFO - Sync 1 DAGs
[2024-06-14T02:34:11.081+0000] {logging_mixin.py:188} INFO - [2024-06-14T02:34:11.080+0000] {dag.py:3834} INFO - Setting next_dagrun for example_short_circuit_decorator to 2024-06-13 00:00:00+00:00, run_after=2024-06-14 00:00:00+00:00
[2024-06-14T02:34:11.109+0000] {processor.py:183} INFO - Processing /home/airflow/.local/lib/python3.8/site-packages/airflow/example_dags/example_short_circuit_decorator.py took 0.141 seconds
[2024-06-14T02:34:41.384+0000] {processor.py:161} INFO - Started process (PID=2980) to work on /home/airflow/.local/lib/python3.8/site-packages/airflow/example_dags/example_short_circuit_decorator.py
[2024-06-14T02:34:41.385+0000] {processor.py:830} INFO - Processing file /home/airflow/.local/lib/python3.8/site-packages/airflow/example_dags/example_short_circuit_decorator.py for tasks to queue
[2024-06-14T02:34:41.387+0000] {logging_mixin.py:188} INFO - [2024-06-14T02:34:41.387+0000] {dagbag.py:540} INFO - Filling up the DagBag from /home/airflow/.local/lib/python3.8/site-packages/airflow/example_dags/example_short_circuit_decorator.py
[2024-06-14T02:34:41.400+0000] {processor.py:840} INFO - DAG(s) 'example_short_circuit_decorator' retrieved from /home/airflow/.local/lib/python3.8/site-packages/airflow/example_dags/example_short_circuit_decorator.py
[2024-06-14T02:34:41.433+0000] {logging_mixin.py:188} INFO - [2024-06-14T02:34:41.432+0000] {dag.py:3047} INFO - Sync 1 DAGs
[2024-06-14T02:34:41.466+0000] {logging_mixin.py:188} INFO - [2024-06-14T02:34:41.465+0000] {dag.py:3834} INFO - Setting next_dagrun for example_short_circuit_decorator to 2024-06-13 00:00:00+00:00, run_after=2024-06-14 00:00:00+00:00
[2024-06-14T02:34:41.495+0000] {processor.py:183} INFO - Processing /home/airflow/.local/lib/python3.8/site-packages/airflow/example_dags/example_short_circuit_decorator.py took 0.115 seconds
[2024-06-14T02:35:11.915+0000] {processor.py:161} INFO - Started process (PID=3041) to work on /home/airflow/.local/lib/python3.8/site-packages/airflow/example_dags/example_short_circuit_decorator.py
[2024-06-14T02:35:11.917+0000] {processor.py:830} INFO - Processing file /home/airflow/.local/lib/python3.8/site-packages/airflow/example_dags/example_short_circuit_decorator.py for tasks to queue
[2024-06-14T02:35:11.920+0000] {logging_mixin.py:188} INFO - [2024-06-14T02:35:11.920+0000] {dagbag.py:540} INFO - Filling up the DagBag from /home/airflow/.local/lib/python3.8/site-packages/airflow/example_dags/example_short_circuit_decorator.py
[2024-06-14T02:35:11.934+0000] {processor.py:840} INFO - DAG(s) 'example_short_circuit_decorator' retrieved from /home/airflow/.local/lib/python3.8/site-packages/airflow/example_dags/example_short_circuit_decorator.py
[2024-06-14T02:35:11.967+0000] {logging_mixin.py:188} INFO - [2024-06-14T02:35:11.966+0000] {dag.py:3047} INFO - Sync 1 DAGs
[2024-06-14T02:35:12.003+0000] {logging_mixin.py:188} INFO - [2024-06-14T02:35:12.002+0000] {dag.py:3834} INFO - Setting next_dagrun for example_short_circuit_decorator to 2024-06-13 00:00:00+00:00, run_after=2024-06-14 00:00:00+00:00
[2024-06-14T02:35:12.035+0000] {processor.py:183} INFO - Processing /home/airflow/.local/lib/python3.8/site-packages/airflow/example_dags/example_short_circuit_decorator.py took 0.125 seconds
[2024-06-14T02:35:42.909+0000] {processor.py:161} INFO - Started process (PID=3102) to work on /home/airflow/.local/lib/python3.8/site-packages/airflow/example_dags/example_short_circuit_decorator.py
[2024-06-14T02:35:42.911+0000] {processor.py:830} INFO - Processing file /home/airflow/.local/lib/python3.8/site-packages/airflow/example_dags/example_short_circuit_decorator.py for tasks to queue
[2024-06-14T02:35:42.913+0000] {logging_mixin.py:188} INFO - [2024-06-14T02:35:42.913+0000] {dagbag.py:540} INFO - Filling up the DagBag from /home/airflow/.local/lib/python3.8/site-packages/airflow/example_dags/example_short_circuit_decorator.py
[2024-06-14T02:35:42.925+0000] {processor.py:840} INFO - DAG(s) 'example_short_circuit_decorator' retrieved from /home/airflow/.local/lib/python3.8/site-packages/airflow/example_dags/example_short_circuit_decorator.py
[2024-06-14T02:35:42.962+0000] {logging_mixin.py:188} INFO - [2024-06-14T02:35:42.961+0000] {dag.py:3047} INFO - Sync 1 DAGs
[2024-06-14T02:35:42.993+0000] {logging_mixin.py:188} INFO - [2024-06-14T02:35:42.993+0000] {dag.py:3834} INFO - Setting next_dagrun for example_short_circuit_decorator to 2024-06-13 00:00:00+00:00, run_after=2024-06-14 00:00:00+00:00
[2024-06-14T02:35:43.026+0000] {processor.py:183} INFO - Processing /home/airflow/.local/lib/python3.8/site-packages/airflow/example_dags/example_short_circuit_decorator.py took 0.122 seconds
[2024-06-14T02:36:13.103+0000] {processor.py:161} INFO - Started process (PID=3161) to work on /home/airflow/.local/lib/python3.8/site-packages/airflow/example_dags/example_short_circuit_decorator.py
[2024-06-14T02:36:13.104+0000] {processor.py:830} INFO - Processing file /home/airflow/.local/lib/python3.8/site-packages/airflow/example_dags/example_short_circuit_decorator.py for tasks to queue
[2024-06-14T02:36:13.107+0000] {logging_mixin.py:188} INFO - [2024-06-14T02:36:13.106+0000] {dagbag.py:540} INFO - Filling up the DagBag from /home/airflow/.local/lib/python3.8/site-packages/airflow/example_dags/example_short_circuit_decorator.py
[2024-06-14T02:36:13.121+0000] {processor.py:840} INFO - DAG(s) 'example_short_circuit_decorator' retrieved from /home/airflow/.local/lib/python3.8/site-packages/airflow/example_dags/example_short_circuit_decorator.py
[2024-06-14T02:36:13.152+0000] {logging_mixin.py:188} INFO - [2024-06-14T02:36:13.151+0000] {dag.py:3047} INFO - Sync 1 DAGs
[2024-06-14T02:36:13.182+0000] {logging_mixin.py:188} INFO - [2024-06-14T02:36:13.181+0000] {dag.py:3834} INFO - Setting next_dagrun for example_short_circuit_decorator to 2024-06-13 00:00:00+00:00, run_after=2024-06-14 00:00:00+00:00
[2024-06-14T02:36:13.212+0000] {processor.py:183} INFO - Processing /home/airflow/.local/lib/python3.8/site-packages/airflow/example_dags/example_short_circuit_decorator.py took 0.113 seconds
[2024-06-14T02:36:43.990+0000] {processor.py:161} INFO - Started process (PID=3222) to work on /home/airflow/.local/lib/python3.8/site-packages/airflow/example_dags/example_short_circuit_decorator.py
[2024-06-14T02:36:43.991+0000] {processor.py:830} INFO - Processing file /home/airflow/.local/lib/python3.8/site-packages/airflow/example_dags/example_short_circuit_decorator.py for tasks to queue
[2024-06-14T02:36:43.993+0000] {logging_mixin.py:188} INFO - [2024-06-14T02:36:43.993+0000] {dagbag.py:540} INFO - Filling up the DagBag from /home/airflow/.local/lib/python3.8/site-packages/airflow/example_dags/example_short_circuit_decorator.py
[2024-06-14T02:36:44.004+0000] {processor.py:840} INFO - DAG(s) 'example_short_circuit_decorator' retrieved from /home/airflow/.local/lib/python3.8/site-packages/airflow/example_dags/example_short_circuit_decorator.py
[2024-06-14T02:36:44.039+0000] {logging_mixin.py:188} INFO - [2024-06-14T02:36:44.039+0000] {dag.py:3047} INFO - Sync 1 DAGs
[2024-06-14T02:36:44.063+0000] {logging_mixin.py:188} INFO - [2024-06-14T02:36:44.062+0000] {dag.py:3834} INFO - Setting next_dagrun for example_short_circuit_decorator to 2024-06-13 00:00:00+00:00, run_after=2024-06-14 00:00:00+00:00
[2024-06-14T02:36:44.091+0000] {processor.py:183} INFO - Processing /home/airflow/.local/lib/python3.8/site-packages/airflow/example_dags/example_short_circuit_decorator.py took 0.105 seconds
[2024-06-14T02:37:14.604+0000] {processor.py:161} INFO - Started process (PID=3281) to work on /home/airflow/.local/lib/python3.8/site-packages/airflow/example_dags/example_short_circuit_decorator.py
[2024-06-14T02:37:14.606+0000] {processor.py:830} INFO - Processing file /home/airflow/.local/lib/python3.8/site-packages/airflow/example_dags/example_short_circuit_decorator.py for tasks to queue
[2024-06-14T02:37:14.608+0000] {logging_mixin.py:188} INFO - [2024-06-14T02:37:14.608+0000] {dagbag.py:540} INFO - Filling up the DagBag from /home/airflow/.local/lib/python3.8/site-packages/airflow/example_dags/example_short_circuit_decorator.py
[2024-06-14T02:37:14.621+0000] {processor.py:840} INFO - DAG(s) 'example_short_circuit_decorator' retrieved from /home/airflow/.local/lib/python3.8/site-packages/airflow/example_dags/example_short_circuit_decorator.py
[2024-06-14T02:37:14.651+0000] {logging_mixin.py:188} INFO - [2024-06-14T02:37:14.650+0000] {dag.py:3047} INFO - Sync 1 DAGs
[2024-06-14T02:37:14.687+0000] {logging_mixin.py:188} INFO - [2024-06-14T02:37:14.687+0000] {dag.py:3834} INFO - Setting next_dagrun for example_short_circuit_decorator to 2024-06-13 00:00:00+00:00, run_after=2024-06-14 00:00:00+00:00
[2024-06-14T02:37:14.717+0000] {processor.py:183} INFO - Processing /home/airflow/.local/lib/python3.8/site-packages/airflow/example_dags/example_short_circuit_decorator.py took 0.119 seconds
