[2024-06-14T02:10:32.264+0000] {processor.py:161} INFO - Started process (PID=76) to work on /home/airflow/.local/lib/python3.8/site-packages/airflow/example_dags/example_task_group.py
[2024-06-14T02:10:32.266+0000] {processor.py:830} INFO - Processing file /home/airflow/.local/lib/python3.8/site-packages/airflow/example_dags/example_task_group.py for tasks to queue
[2024-06-14T02:10:32.271+0000] {logging_mixin.py:188} INFO - [2024-06-14T02:10:32.271+0000] {dagbag.py:540} INFO - Filling up the DagBag from /home/airflow/.local/lib/python3.8/site-packages/airflow/example_dags/example_task_group.py
[2024-06-14T02:10:32.314+0000] {processor.py:840} INFO - DAG(s) 'example_task_group' retrieved from /home/airflow/.local/lib/python3.8/site-packages/airflow/example_dags/example_task_group.py
[2024-06-14T02:10:32.443+0000] {logging_mixin.py:188} INFO - [2024-06-14T02:10:32.442+0000] {dag.py:3047} INFO - Sync 1 DAGs
[2024-06-14T02:10:32.499+0000] {logging_mixin.py:188} INFO - [2024-06-14T02:10:32.498+0000] {dag.py:3834} INFO - Setting next_dagrun for example_task_group to 2024-06-13 00:00:00+00:00, run_after=2024-06-14 00:00:00+00:00
[2024-06-14T02:10:32.558+0000] {processor.py:183} INFO - Processing /home/airflow/.local/lib/python3.8/site-packages/airflow/example_dags/example_task_group.py took 0.301 seconds
[2024-06-14T02:11:03.182+0000] {processor.py:161} INFO - Started process (PID=154) to work on /home/airflow/.local/lib/python3.8/site-packages/airflow/example_dags/example_task_group.py
[2024-06-14T02:11:03.184+0000] {processor.py:830} INFO - Processing file /home/airflow/.local/lib/python3.8/site-packages/airflow/example_dags/example_task_group.py for tasks to queue
[2024-06-14T02:11:03.187+0000] {logging_mixin.py:188} INFO - [2024-06-14T02:11:03.187+0000] {dagbag.py:540} INFO - Filling up the DagBag from /home/airflow/.local/lib/python3.8/site-packages/airflow/example_dags/example_task_group.py
[2024-06-14T02:11:03.202+0000] {processor.py:840} INFO - DAG(s) 'example_task_group' retrieved from /home/airflow/.local/lib/python3.8/site-packages/airflow/example_dags/example_task_group.py
[2024-06-14T02:11:03.241+0000] {logging_mixin.py:188} INFO - [2024-06-14T02:11:03.240+0000] {dag.py:3047} INFO - Sync 1 DAGs
[2024-06-14T02:11:03.281+0000] {logging_mixin.py:188} INFO - [2024-06-14T02:11:03.281+0000] {dag.py:3834} INFO - Setting next_dagrun for example_task_group to 2024-06-13 00:00:00+00:00, run_after=2024-06-14 00:00:00+00:00
[2024-06-14T02:11:03.324+0000] {processor.py:183} INFO - Processing /home/airflow/.local/lib/python3.8/site-packages/airflow/example_dags/example_task_group.py took 0.148 seconds
[2024-06-14T02:11:33.980+0000] {processor.py:161} INFO - Started process (PID=230) to work on /home/airflow/.local/lib/python3.8/site-packages/airflow/example_dags/example_task_group.py
[2024-06-14T02:11:33.983+0000] {processor.py:830} INFO - Processing file /home/airflow/.local/lib/python3.8/site-packages/airflow/example_dags/example_task_group.py for tasks to queue
[2024-06-14T02:11:33.987+0000] {logging_mixin.py:188} INFO - [2024-06-14T02:11:33.986+0000] {dagbag.py:540} INFO - Filling up the DagBag from /home/airflow/.local/lib/python3.8/site-packages/airflow/example_dags/example_task_group.py
[2024-06-14T02:11:34.001+0000] {processor.py:840} INFO - DAG(s) 'example_task_group' retrieved from /home/airflow/.local/lib/python3.8/site-packages/airflow/example_dags/example_task_group.py
[2024-06-14T02:11:34.038+0000] {logging_mixin.py:188} INFO - [2024-06-14T02:11:34.038+0000] {dag.py:3047} INFO - Sync 1 DAGs
[2024-06-14T02:11:34.072+0000] {logging_mixin.py:188} INFO - [2024-06-14T02:11:34.072+0000] {dag.py:3834} INFO - Setting next_dagrun for example_task_group to 2024-06-13 00:00:00+00:00, run_after=2024-06-14 00:00:00+00:00
[2024-06-14T02:11:34.102+0000] {processor.py:183} INFO - Processing /home/airflow/.local/lib/python3.8/site-packages/airflow/example_dags/example_task_group.py took 0.127 seconds
[2024-06-14T02:12:04.799+0000] {processor.py:161} INFO - Started process (PID=299) to work on /home/airflow/.local/lib/python3.8/site-packages/airflow/example_dags/example_task_group.py
[2024-06-14T02:12:04.801+0000] {processor.py:830} INFO - Processing file /home/airflow/.local/lib/python3.8/site-packages/airflow/example_dags/example_task_group.py for tasks to queue
[2024-06-14T02:12:04.804+0000] {logging_mixin.py:188} INFO - [2024-06-14T02:12:04.803+0000] {dagbag.py:540} INFO - Filling up the DagBag from /home/airflow/.local/lib/python3.8/site-packages/airflow/example_dags/example_task_group.py
[2024-06-14T02:12:04.814+0000] {processor.py:840} INFO - DAG(s) 'example_task_group' retrieved from /home/airflow/.local/lib/python3.8/site-packages/airflow/example_dags/example_task_group.py
[2024-06-14T02:12:04.843+0000] {logging_mixin.py:188} INFO - [2024-06-14T02:12:04.842+0000] {dag.py:3047} INFO - Sync 1 DAGs
[2024-06-14T02:12:04.872+0000] {logging_mixin.py:188} INFO - [2024-06-14T02:12:04.871+0000] {dag.py:3834} INFO - Setting next_dagrun for example_task_group to 2024-06-13 00:00:00+00:00, run_after=2024-06-14 00:00:00+00:00
[2024-06-14T02:12:04.896+0000] {processor.py:183} INFO - Processing /home/airflow/.local/lib/python3.8/site-packages/airflow/example_dags/example_task_group.py took 0.102 seconds
[2024-06-14T02:12:35.218+0000] {processor.py:161} INFO - Started process (PID=360) to work on /home/airflow/.local/lib/python3.8/site-packages/airflow/example_dags/example_task_group.py
[2024-06-14T02:12:35.221+0000] {processor.py:830} INFO - Processing file /home/airflow/.local/lib/python3.8/site-packages/airflow/example_dags/example_task_group.py for tasks to queue
[2024-06-14T02:12:35.225+0000] {logging_mixin.py:188} INFO - [2024-06-14T02:12:35.224+0000] {dagbag.py:540} INFO - Filling up the DagBag from /home/airflow/.local/lib/python3.8/site-packages/airflow/example_dags/example_task_group.py
[2024-06-14T02:12:35.235+0000] {processor.py:840} INFO - DAG(s) 'example_task_group' retrieved from /home/airflow/.local/lib/python3.8/site-packages/airflow/example_dags/example_task_group.py
[2024-06-14T02:12:35.269+0000] {logging_mixin.py:188} INFO - [2024-06-14T02:12:35.269+0000] {dag.py:3047} INFO - Sync 1 DAGs
[2024-06-14T02:12:35.297+0000] {logging_mixin.py:188} INFO - [2024-06-14T02:12:35.297+0000] {dag.py:3834} INFO - Setting next_dagrun for example_task_group to 2024-06-13 00:00:00+00:00, run_after=2024-06-14 00:00:00+00:00
[2024-06-14T02:12:35.322+0000] {processor.py:183} INFO - Processing /home/airflow/.local/lib/python3.8/site-packages/airflow/example_dags/example_task_group.py took 0.108 seconds
[2024-06-14T02:13:05.625+0000] {processor.py:161} INFO - Started process (PID=421) to work on /home/airflow/.local/lib/python3.8/site-packages/airflow/example_dags/example_task_group.py
[2024-06-14T02:13:05.626+0000] {processor.py:830} INFO - Processing file /home/airflow/.local/lib/python3.8/site-packages/airflow/example_dags/example_task_group.py for tasks to queue
[2024-06-14T02:13:05.629+0000] {logging_mixin.py:188} INFO - [2024-06-14T02:13:05.629+0000] {dagbag.py:540} INFO - Filling up the DagBag from /home/airflow/.local/lib/python3.8/site-packages/airflow/example_dags/example_task_group.py
[2024-06-14T02:13:05.640+0000] {processor.py:840} INFO - DAG(s) 'example_task_group' retrieved from /home/airflow/.local/lib/python3.8/site-packages/airflow/example_dags/example_task_group.py
[2024-06-14T02:13:05.668+0000] {logging_mixin.py:188} INFO - [2024-06-14T02:13:05.668+0000] {dag.py:3047} INFO - Sync 1 DAGs
[2024-06-14T02:13:05.694+0000] {logging_mixin.py:188} INFO - [2024-06-14T02:13:05.694+0000] {dag.py:3834} INFO - Setting next_dagrun for example_task_group to 2024-06-13 00:00:00+00:00, run_after=2024-06-14 00:00:00+00:00
[2024-06-14T02:13:05.729+0000] {processor.py:183} INFO - Processing /home/airflow/.local/lib/python3.8/site-packages/airflow/example_dags/example_task_group.py took 0.108 seconds
[2024-06-14T02:13:36.212+0000] {processor.py:161} INFO - Started process (PID=482) to work on /home/airflow/.local/lib/python3.8/site-packages/airflow/example_dags/example_task_group.py
[2024-06-14T02:13:36.214+0000] {processor.py:830} INFO - Processing file /home/airflow/.local/lib/python3.8/site-packages/airflow/example_dags/example_task_group.py for tasks to queue
[2024-06-14T02:13:36.216+0000] {logging_mixin.py:188} INFO - [2024-06-14T02:13:36.216+0000] {dagbag.py:540} INFO - Filling up the DagBag from /home/airflow/.local/lib/python3.8/site-packages/airflow/example_dags/example_task_group.py
[2024-06-14T02:13:36.225+0000] {processor.py:840} INFO - DAG(s) 'example_task_group' retrieved from /home/airflow/.local/lib/python3.8/site-packages/airflow/example_dags/example_task_group.py
[2024-06-14T02:13:36.254+0000] {logging_mixin.py:188} INFO - [2024-06-14T02:13:36.254+0000] {dag.py:3047} INFO - Sync 1 DAGs
[2024-06-14T02:13:36.290+0000] {logging_mixin.py:188} INFO - [2024-06-14T02:13:36.289+0000] {dag.py:3834} INFO - Setting next_dagrun for example_task_group to 2024-06-13 00:00:00+00:00, run_after=2024-06-14 00:00:00+00:00
[2024-06-14T02:13:36.325+0000] {processor.py:183} INFO - Processing /home/airflow/.local/lib/python3.8/site-packages/airflow/example_dags/example_task_group.py took 0.117 seconds
[2024-06-14T02:14:07.507+0000] {processor.py:161} INFO - Started process (PID=544) to work on /home/airflow/.local/lib/python3.8/site-packages/airflow/example_dags/example_task_group.py
[2024-06-14T02:14:07.510+0000] {processor.py:830} INFO - Processing file /home/airflow/.local/lib/python3.8/site-packages/airflow/example_dags/example_task_group.py for tasks to queue
[2024-06-14T02:14:07.513+0000] {logging_mixin.py:188} INFO - [2024-06-14T02:14:07.512+0000] {dagbag.py:540} INFO - Filling up the DagBag from /home/airflow/.local/lib/python3.8/site-packages/airflow/example_dags/example_task_group.py
[2024-06-14T02:14:07.527+0000] {processor.py:840} INFO - DAG(s) 'example_task_group' retrieved from /home/airflow/.local/lib/python3.8/site-packages/airflow/example_dags/example_task_group.py
[2024-06-14T02:14:07.561+0000] {logging_mixin.py:188} INFO - [2024-06-14T02:14:07.561+0000] {dag.py:3047} INFO - Sync 1 DAGs
[2024-06-14T02:14:07.596+0000] {logging_mixin.py:188} INFO - [2024-06-14T02:14:07.596+0000] {dag.py:3834} INFO - Setting next_dagrun for example_task_group to 2024-06-13 00:00:00+00:00, run_after=2024-06-14 00:00:00+00:00
[2024-06-14T02:14:07.623+0000] {processor.py:183} INFO - Processing /home/airflow/.local/lib/python3.8/site-packages/airflow/example_dags/example_task_group.py took 0.123 seconds
[2024-06-14T02:14:40.878+0000] {processor.py:161} INFO - Started process (PID=605) to work on /home/airflow/.local/lib/python3.8/site-packages/airflow/example_dags/example_task_group.py
[2024-06-14T02:14:40.881+0000] {processor.py:830} INFO - Processing file /home/airflow/.local/lib/python3.8/site-packages/airflow/example_dags/example_task_group.py for tasks to queue
[2024-06-14T02:14:40.884+0000] {logging_mixin.py:188} INFO - [2024-06-14T02:14:40.884+0000] {dagbag.py:540} INFO - Filling up the DagBag from /home/airflow/.local/lib/python3.8/site-packages/airflow/example_dags/example_task_group.py
[2024-06-14T02:14:40.898+0000] {processor.py:840} INFO - DAG(s) 'example_task_group' retrieved from /home/airflow/.local/lib/python3.8/site-packages/airflow/example_dags/example_task_group.py
[2024-06-14T02:14:40.928+0000] {logging_mixin.py:188} INFO - [2024-06-14T02:14:40.928+0000] {dag.py:3047} INFO - Sync 1 DAGs
[2024-06-14T02:14:40.962+0000] {logging_mixin.py:188} INFO - [2024-06-14T02:14:40.962+0000] {dag.py:3834} INFO - Setting next_dagrun for example_task_group to 2024-06-13 00:00:00+00:00, run_after=2024-06-14 00:00:00+00:00
[2024-06-14T02:14:40.989+0000] {processor.py:183} INFO - Processing /home/airflow/.local/lib/python3.8/site-packages/airflow/example_dags/example_task_group.py took 0.118 seconds
[2024-06-14T02:15:12.042+0000] {processor.py:161} INFO - Started process (PID=666) to work on /home/airflow/.local/lib/python3.8/site-packages/airflow/example_dags/example_task_group.py
[2024-06-14T02:15:12.044+0000] {processor.py:830} INFO - Processing file /home/airflow/.local/lib/python3.8/site-packages/airflow/example_dags/example_task_group.py for tasks to queue
[2024-06-14T02:15:12.047+0000] {logging_mixin.py:188} INFO - [2024-06-14T02:15:12.046+0000] {dagbag.py:540} INFO - Filling up the DagBag from /home/airflow/.local/lib/python3.8/site-packages/airflow/example_dags/example_task_group.py
[2024-06-14T02:15:12.056+0000] {processor.py:840} INFO - DAG(s) 'example_task_group' retrieved from /home/airflow/.local/lib/python3.8/site-packages/airflow/example_dags/example_task_group.py
[2024-06-14T02:15:12.087+0000] {logging_mixin.py:188} INFO - [2024-06-14T02:15:12.087+0000] {dag.py:3047} INFO - Sync 1 DAGs
[2024-06-14T02:15:12.118+0000] {logging_mixin.py:188} INFO - [2024-06-14T02:15:12.117+0000] {dag.py:3834} INFO - Setting next_dagrun for example_task_group to 2024-06-13 00:00:00+00:00, run_after=2024-06-14 00:00:00+00:00
[2024-06-14T02:15:12.143+0000] {processor.py:183} INFO - Processing /home/airflow/.local/lib/python3.8/site-packages/airflow/example_dags/example_task_group.py took 0.105 seconds
[2024-06-14T02:15:42.792+0000] {processor.py:161} INFO - Started process (PID=727) to work on /home/airflow/.local/lib/python3.8/site-packages/airflow/example_dags/example_task_group.py
[2024-06-14T02:15:42.794+0000] {processor.py:830} INFO - Processing file /home/airflow/.local/lib/python3.8/site-packages/airflow/example_dags/example_task_group.py for tasks to queue
[2024-06-14T02:15:42.797+0000] {logging_mixin.py:188} INFO - [2024-06-14T02:15:42.797+0000] {dagbag.py:540} INFO - Filling up the DagBag from /home/airflow/.local/lib/python3.8/site-packages/airflow/example_dags/example_task_group.py
[2024-06-14T02:15:42.813+0000] {processor.py:840} INFO - DAG(s) 'example_task_group' retrieved from /home/airflow/.local/lib/python3.8/site-packages/airflow/example_dags/example_task_group.py
[2024-06-14T02:15:42.869+0000] {logging_mixin.py:188} INFO - [2024-06-14T02:15:42.869+0000] {dag.py:3047} INFO - Sync 1 DAGs
[2024-06-14T02:15:42.920+0000] {logging_mixin.py:188} INFO - [2024-06-14T02:15:42.920+0000] {dag.py:3834} INFO - Setting next_dagrun for example_task_group to 2024-06-13 00:00:00+00:00, run_after=2024-06-14 00:00:00+00:00
[2024-06-14T02:15:42.954+0000] {processor.py:183} INFO - Processing /home/airflow/.local/lib/python3.8/site-packages/airflow/example_dags/example_task_group.py took 0.167 seconds
[2024-06-14T02:16:15.003+0000] {processor.py:161} INFO - Started process (PID=787) to work on /home/airflow/.local/lib/python3.8/site-packages/airflow/example_dags/example_task_group.py
[2024-06-14T02:16:15.005+0000] {processor.py:830} INFO - Processing file /home/airflow/.local/lib/python3.8/site-packages/airflow/example_dags/example_task_group.py for tasks to queue
[2024-06-14T02:16:15.019+0000] {logging_mixin.py:188} INFO - [2024-06-14T02:16:15.018+0000] {dagbag.py:540} INFO - Filling up the DagBag from /home/airflow/.local/lib/python3.8/site-packages/airflow/example_dags/example_task_group.py
[2024-06-14T02:16:15.053+0000] {processor.py:840} INFO - DAG(s) 'example_task_group' retrieved from /home/airflow/.local/lib/python3.8/site-packages/airflow/example_dags/example_task_group.py
[2024-06-14T02:16:15.115+0000] {logging_mixin.py:188} INFO - [2024-06-14T02:16:15.113+0000] {dag.py:3047} INFO - Sync 1 DAGs
[2024-06-14T02:16:15.186+0000] {logging_mixin.py:188} INFO - [2024-06-14T02:16:15.185+0000] {dag.py:3834} INFO - Setting next_dagrun for example_task_group to 2024-06-13 00:00:00+00:00, run_after=2024-06-14 00:00:00+00:00
[2024-06-14T02:16:15.231+0000] {processor.py:183} INFO - Processing /home/airflow/.local/lib/python3.8/site-packages/airflow/example_dags/example_task_group.py took 0.233 seconds
[2024-06-14T02:16:48.831+0000] {processor.py:161} INFO - Started process (PID=849) to work on /home/airflow/.local/lib/python3.8/site-packages/airflow/example_dags/example_task_group.py
[2024-06-14T02:16:49.299+0000] {processor.py:830} INFO - Processing file /home/airflow/.local/lib/python3.8/site-packages/airflow/example_dags/example_task_group.py for tasks to queue
[2024-06-14T02:16:49.303+0000] {logging_mixin.py:188} INFO - [2024-06-14T02:16:49.302+0000] {dagbag.py:540} INFO - Filling up the DagBag from /home/airflow/.local/lib/python3.8/site-packages/airflow/example_dags/example_task_group.py
[2024-06-14T02:16:49.319+0000] {processor.py:840} INFO - DAG(s) 'example_task_group' retrieved from /home/airflow/.local/lib/python3.8/site-packages/airflow/example_dags/example_task_group.py
[2024-06-14T02:16:49.369+0000] {logging_mixin.py:188} INFO - [2024-06-14T02:16:49.368+0000] {dag.py:3047} INFO - Sync 1 DAGs
[2024-06-14T02:16:49.434+0000] {logging_mixin.py:188} INFO - [2024-06-14T02:16:49.434+0000] {dag.py:3834} INFO - Setting next_dagrun for example_task_group to 2024-06-13 00:00:00+00:00, run_after=2024-06-14 00:00:00+00:00
[2024-06-14T02:16:49.535+0000] {processor.py:183} INFO - Processing /home/airflow/.local/lib/python3.8/site-packages/airflow/example_dags/example_task_group.py took 0.711 seconds
[2024-06-14T02:17:19.729+0000] {processor.py:161} INFO - Started process (PID=910) to work on /home/airflow/.local/lib/python3.8/site-packages/airflow/example_dags/example_task_group.py
[2024-06-14T02:17:19.732+0000] {processor.py:830} INFO - Processing file /home/airflow/.local/lib/python3.8/site-packages/airflow/example_dags/example_task_group.py for tasks to queue
[2024-06-14T02:17:19.736+0000] {logging_mixin.py:188} INFO - [2024-06-14T02:17:19.735+0000] {dagbag.py:540} INFO - Filling up the DagBag from /home/airflow/.local/lib/python3.8/site-packages/airflow/example_dags/example_task_group.py
[2024-06-14T02:17:19.751+0000] {processor.py:840} INFO - DAG(s) 'example_task_group' retrieved from /home/airflow/.local/lib/python3.8/site-packages/airflow/example_dags/example_task_group.py
[2024-06-14T02:17:19.784+0000] {logging_mixin.py:188} INFO - [2024-06-14T02:17:19.783+0000] {dag.py:3047} INFO - Sync 1 DAGs
[2024-06-14T02:17:19.824+0000] {logging_mixin.py:188} INFO - [2024-06-14T02:17:19.823+0000] {dag.py:3834} INFO - Setting next_dagrun for example_task_group to 2024-06-13 00:00:00+00:00, run_after=2024-06-14 00:00:00+00:00
[2024-06-14T02:17:19.864+0000] {processor.py:183} INFO - Processing /home/airflow/.local/lib/python3.8/site-packages/airflow/example_dags/example_task_group.py took 0.145 seconds
[2024-06-14T02:17:50.229+0000] {processor.py:161} INFO - Started process (PID=971) to work on /home/airflow/.local/lib/python3.8/site-packages/airflow/example_dags/example_task_group.py
[2024-06-14T02:17:50.231+0000] {processor.py:830} INFO - Processing file /home/airflow/.local/lib/python3.8/site-packages/airflow/example_dags/example_task_group.py for tasks to queue
[2024-06-14T02:17:50.234+0000] {logging_mixin.py:188} INFO - [2024-06-14T02:17:50.233+0000] {dagbag.py:540} INFO - Filling up the DagBag from /home/airflow/.local/lib/python3.8/site-packages/airflow/example_dags/example_task_group.py
[2024-06-14T02:17:50.248+0000] {processor.py:840} INFO - DAG(s) 'example_task_group' retrieved from /home/airflow/.local/lib/python3.8/site-packages/airflow/example_dags/example_task_group.py
[2024-06-14T02:17:50.289+0000] {logging_mixin.py:188} INFO - [2024-06-14T02:17:50.288+0000] {dag.py:3047} INFO - Sync 1 DAGs
[2024-06-14T02:17:50.336+0000] {logging_mixin.py:188} INFO - [2024-06-14T02:17:50.335+0000] {dag.py:3834} INFO - Setting next_dagrun for example_task_group to 2024-06-13 00:00:00+00:00, run_after=2024-06-14 00:00:00+00:00
[2024-06-14T02:17:50.381+0000] {processor.py:183} INFO - Processing /home/airflow/.local/lib/python3.8/site-packages/airflow/example_dags/example_task_group.py took 0.158 seconds
[2024-06-14T02:18:20.580+0000] {processor.py:161} INFO - Started process (PID=1032) to work on /home/airflow/.local/lib/python3.8/site-packages/airflow/example_dags/example_task_group.py
[2024-06-14T02:18:20.585+0000] {processor.py:830} INFO - Processing file /home/airflow/.local/lib/python3.8/site-packages/airflow/example_dags/example_task_group.py for tasks to queue
[2024-06-14T02:18:20.588+0000] {logging_mixin.py:188} INFO - [2024-06-14T02:18:20.588+0000] {dagbag.py:540} INFO - Filling up the DagBag from /home/airflow/.local/lib/python3.8/site-packages/airflow/example_dags/example_task_group.py
[2024-06-14T02:18:20.599+0000] {processor.py:840} INFO - DAG(s) 'example_task_group' retrieved from /home/airflow/.local/lib/python3.8/site-packages/airflow/example_dags/example_task_group.py
[2024-06-14T02:18:20.644+0000] {logging_mixin.py:188} INFO - [2024-06-14T02:18:20.644+0000] {dag.py:3047} INFO - Sync 1 DAGs
[2024-06-14T02:18:20.688+0000] {logging_mixin.py:188} INFO - [2024-06-14T02:18:20.688+0000] {dag.py:3834} INFO - Setting next_dagrun for example_task_group to 2024-06-13 00:00:00+00:00, run_after=2024-06-14 00:00:00+00:00
[2024-06-14T02:18:20.719+0000] {processor.py:183} INFO - Processing /home/airflow/.local/lib/python3.8/site-packages/airflow/example_dags/example_task_group.py took 0.144 seconds
[2024-06-14T02:18:51.474+0000] {processor.py:161} INFO - Started process (PID=1093) to work on /home/airflow/.local/lib/python3.8/site-packages/airflow/example_dags/example_task_group.py
[2024-06-14T02:18:51.475+0000] {processor.py:830} INFO - Processing file /home/airflow/.local/lib/python3.8/site-packages/airflow/example_dags/example_task_group.py for tasks to queue
[2024-06-14T02:18:51.478+0000] {logging_mixin.py:188} INFO - [2024-06-14T02:18:51.477+0000] {dagbag.py:540} INFO - Filling up the DagBag from /home/airflow/.local/lib/python3.8/site-packages/airflow/example_dags/example_task_group.py
[2024-06-14T02:18:51.485+0000] {processor.py:840} INFO - DAG(s) 'example_task_group' retrieved from /home/airflow/.local/lib/python3.8/site-packages/airflow/example_dags/example_task_group.py
[2024-06-14T02:18:51.509+0000] {logging_mixin.py:188} INFO - [2024-06-14T02:18:51.509+0000] {dag.py:3047} INFO - Sync 1 DAGs
[2024-06-14T02:18:51.537+0000] {logging_mixin.py:188} INFO - [2024-06-14T02:18:51.537+0000] {dag.py:3834} INFO - Setting next_dagrun for example_task_group to 2024-06-13 00:00:00+00:00, run_after=2024-06-14 00:00:00+00:00
[2024-06-14T02:18:51.563+0000] {processor.py:183} INFO - Processing /home/airflow/.local/lib/python3.8/site-packages/airflow/example_dags/example_task_group.py took 0.094 seconds
[2024-06-14T02:19:23.102+0000] {processor.py:161} INFO - Started process (PID=1154) to work on /home/airflow/.local/lib/python3.8/site-packages/airflow/example_dags/example_task_group.py
[2024-06-14T02:19:23.103+0000] {processor.py:830} INFO - Processing file /home/airflow/.local/lib/python3.8/site-packages/airflow/example_dags/example_task_group.py for tasks to queue
[2024-06-14T02:19:23.106+0000] {logging_mixin.py:188} INFO - [2024-06-14T02:19:23.106+0000] {dagbag.py:540} INFO - Filling up the DagBag from /home/airflow/.local/lib/python3.8/site-packages/airflow/example_dags/example_task_group.py
[2024-06-14T02:19:23.119+0000] {processor.py:840} INFO - DAG(s) 'example_task_group' retrieved from /home/airflow/.local/lib/python3.8/site-packages/airflow/example_dags/example_task_group.py
[2024-06-14T02:19:23.152+0000] {logging_mixin.py:188} INFO - [2024-06-14T02:19:23.151+0000] {dag.py:3047} INFO - Sync 1 DAGs
[2024-06-14T02:19:23.179+0000] {logging_mixin.py:188} INFO - [2024-06-14T02:19:23.179+0000] {dag.py:3834} INFO - Setting next_dagrun for example_task_group to 2024-06-13 00:00:00+00:00, run_after=2024-06-14 00:00:00+00:00
[2024-06-14T02:19:23.203+0000] {processor.py:183} INFO - Processing /home/airflow/.local/lib/python3.8/site-packages/airflow/example_dags/example_task_group.py took 0.106 seconds
[2024-06-14T02:19:54.633+0000] {processor.py:161} INFO - Started process (PID=1215) to work on /home/airflow/.local/lib/python3.8/site-packages/airflow/example_dags/example_task_group.py
[2024-06-14T02:19:54.634+0000] {processor.py:830} INFO - Processing file /home/airflow/.local/lib/python3.8/site-packages/airflow/example_dags/example_task_group.py for tasks to queue
[2024-06-14T02:19:54.637+0000] {logging_mixin.py:188} INFO - [2024-06-14T02:19:54.636+0000] {dagbag.py:540} INFO - Filling up the DagBag from /home/airflow/.local/lib/python3.8/site-packages/airflow/example_dags/example_task_group.py
[2024-06-14T02:19:54.647+0000] {processor.py:840} INFO - DAG(s) 'example_task_group' retrieved from /home/airflow/.local/lib/python3.8/site-packages/airflow/example_dags/example_task_group.py
[2024-06-14T02:19:54.678+0000] {logging_mixin.py:188} INFO - [2024-06-14T02:19:54.678+0000] {dag.py:3047} INFO - Sync 1 DAGs
[2024-06-14T02:19:54.706+0000] {logging_mixin.py:188} INFO - [2024-06-14T02:19:54.706+0000] {dag.py:3834} INFO - Setting next_dagrun for example_task_group to 2024-06-13 00:00:00+00:00, run_after=2024-06-14 00:00:00+00:00
[2024-06-14T02:19:54.732+0000] {processor.py:183} INFO - Processing /home/airflow/.local/lib/python3.8/site-packages/airflow/example_dags/example_task_group.py took 0.105 seconds
[2024-06-14T02:20:26.688+0000] {processor.py:161} INFO - Started process (PID=1276) to work on /home/airflow/.local/lib/python3.8/site-packages/airflow/example_dags/example_task_group.py
[2024-06-14T02:20:26.690+0000] {processor.py:830} INFO - Processing file /home/airflow/.local/lib/python3.8/site-packages/airflow/example_dags/example_task_group.py for tasks to queue
[2024-06-14T02:20:26.698+0000] {logging_mixin.py:188} INFO - [2024-06-14T02:20:26.694+0000] {dagbag.py:540} INFO - Filling up the DagBag from /home/airflow/.local/lib/python3.8/site-packages/airflow/example_dags/example_task_group.py
[2024-06-14T02:20:26.716+0000] {processor.py:840} INFO - DAG(s) 'example_task_group' retrieved from /home/airflow/.local/lib/python3.8/site-packages/airflow/example_dags/example_task_group.py
[2024-06-14T02:20:26.764+0000] {logging_mixin.py:188} INFO - [2024-06-14T02:20:26.763+0000] {dag.py:3047} INFO - Sync 1 DAGs
[2024-06-14T02:20:26.852+0000] {logging_mixin.py:188} INFO - [2024-06-14T02:20:26.851+0000] {dag.py:3834} INFO - Setting next_dagrun for example_task_group to 2024-06-13 00:00:00+00:00, run_after=2024-06-14 00:00:00+00:00
[2024-06-14T02:20:26.941+0000] {processor.py:183} INFO - Processing /home/airflow/.local/lib/python3.8/site-packages/airflow/example_dags/example_task_group.py took 0.260 seconds
[2024-06-14T02:20:57.217+0000] {processor.py:161} INFO - Started process (PID=1337) to work on /home/airflow/.local/lib/python3.8/site-packages/airflow/example_dags/example_task_group.py
[2024-06-14T02:20:57.218+0000] {processor.py:830} INFO - Processing file /home/airflow/.local/lib/python3.8/site-packages/airflow/example_dags/example_task_group.py for tasks to queue
[2024-06-14T02:20:57.221+0000] {logging_mixin.py:188} INFO - [2024-06-14T02:20:57.221+0000] {dagbag.py:540} INFO - Filling up the DagBag from /home/airflow/.local/lib/python3.8/site-packages/airflow/example_dags/example_task_group.py
[2024-06-14T02:20:57.229+0000] {processor.py:840} INFO - DAG(s) 'example_task_group' retrieved from /home/airflow/.local/lib/python3.8/site-packages/airflow/example_dags/example_task_group.py
[2024-06-14T02:20:57.256+0000] {logging_mixin.py:188} INFO - [2024-06-14T02:20:57.255+0000] {dag.py:3047} INFO - Sync 1 DAGs
[2024-06-14T02:20:57.285+0000] {logging_mixin.py:188} INFO - [2024-06-14T02:20:57.285+0000] {dag.py:3834} INFO - Setting next_dagrun for example_task_group to 2024-06-13 00:00:00+00:00, run_after=2024-06-14 00:00:00+00:00
[2024-06-14T02:20:57.311+0000] {processor.py:183} INFO - Processing /home/airflow/.local/lib/python3.8/site-packages/airflow/example_dags/example_task_group.py took 0.098 seconds
[2024-06-14T02:21:28.362+0000] {processor.py:161} INFO - Started process (PID=1396) to work on /home/airflow/.local/lib/python3.8/site-packages/airflow/example_dags/example_task_group.py
[2024-06-14T02:21:28.364+0000] {processor.py:830} INFO - Processing file /home/airflow/.local/lib/python3.8/site-packages/airflow/example_dags/example_task_group.py for tasks to queue
[2024-06-14T02:21:28.368+0000] {logging_mixin.py:188} INFO - [2024-06-14T02:21:28.367+0000] {dagbag.py:540} INFO - Filling up the DagBag from /home/airflow/.local/lib/python3.8/site-packages/airflow/example_dags/example_task_group.py
[2024-06-14T02:21:28.381+0000] {processor.py:840} INFO - DAG(s) 'example_task_group' retrieved from /home/airflow/.local/lib/python3.8/site-packages/airflow/example_dags/example_task_group.py
[2024-06-14T02:21:28.421+0000] {logging_mixin.py:188} INFO - [2024-06-14T02:21:28.421+0000] {dag.py:3047} INFO - Sync 1 DAGs
[2024-06-14T02:21:28.461+0000] {logging_mixin.py:188} INFO - [2024-06-14T02:21:28.461+0000] {dag.py:3834} INFO - Setting next_dagrun for example_task_group to 2024-06-13 00:00:00+00:00, run_after=2024-06-14 00:00:00+00:00
[2024-06-14T02:21:28.502+0000] {processor.py:183} INFO - Processing /home/airflow/.local/lib/python3.8/site-packages/airflow/example_dags/example_task_group.py took 0.146 seconds
[2024-06-14T02:21:58.871+0000] {processor.py:161} INFO - Started process (PID=1457) to work on /home/airflow/.local/lib/python3.8/site-packages/airflow/example_dags/example_task_group.py
[2024-06-14T02:21:58.872+0000] {processor.py:830} INFO - Processing file /home/airflow/.local/lib/python3.8/site-packages/airflow/example_dags/example_task_group.py for tasks to queue
[2024-06-14T02:21:58.875+0000] {logging_mixin.py:188} INFO - [2024-06-14T02:21:58.874+0000] {dagbag.py:540} INFO - Filling up the DagBag from /home/airflow/.local/lib/python3.8/site-packages/airflow/example_dags/example_task_group.py
[2024-06-14T02:21:58.885+0000] {processor.py:840} INFO - DAG(s) 'example_task_group' retrieved from /home/airflow/.local/lib/python3.8/site-packages/airflow/example_dags/example_task_group.py
[2024-06-14T02:21:58.912+0000] {logging_mixin.py:188} INFO - [2024-06-14T02:21:58.912+0000] {dag.py:3047} INFO - Sync 1 DAGs
[2024-06-14T02:21:58.941+0000] {logging_mixin.py:188} INFO - [2024-06-14T02:21:58.940+0000] {dag.py:3834} INFO - Setting next_dagrun for example_task_group to 2024-06-13 00:00:00+00:00, run_after=2024-06-14 00:00:00+00:00
[2024-06-14T02:21:58.965+0000] {processor.py:183} INFO - Processing /home/airflow/.local/lib/python3.8/site-packages/airflow/example_dags/example_task_group.py took 0.098 seconds
[2024-06-14T02:22:29.954+0000] {processor.py:161} INFO - Started process (PID=1518) to work on /home/airflow/.local/lib/python3.8/site-packages/airflow/example_dags/example_task_group.py
[2024-06-14T02:22:29.956+0000] {processor.py:830} INFO - Processing file /home/airflow/.local/lib/python3.8/site-packages/airflow/example_dags/example_task_group.py for tasks to queue
[2024-06-14T02:22:29.958+0000] {logging_mixin.py:188} INFO - [2024-06-14T02:22:29.958+0000] {dagbag.py:540} INFO - Filling up the DagBag from /home/airflow/.local/lib/python3.8/site-packages/airflow/example_dags/example_task_group.py
[2024-06-14T02:22:29.971+0000] {processor.py:840} INFO - DAG(s) 'example_task_group' retrieved from /home/airflow/.local/lib/python3.8/site-packages/airflow/example_dags/example_task_group.py
[2024-06-14T02:22:30.007+0000] {logging_mixin.py:188} INFO - [2024-06-14T02:22:30.007+0000] {dag.py:3047} INFO - Sync 1 DAGs
[2024-06-14T02:22:30.031+0000] {logging_mixin.py:188} INFO - [2024-06-14T02:22:30.031+0000] {dag.py:3834} INFO - Setting next_dagrun for example_task_group to 2024-06-13 00:00:00+00:00, run_after=2024-06-14 00:00:00+00:00
[2024-06-14T02:22:30.056+0000] {processor.py:183} INFO - Processing /home/airflow/.local/lib/python3.8/site-packages/airflow/example_dags/example_task_group.py took 0.106 seconds
[2024-06-14T02:23:00.762+0000] {processor.py:161} INFO - Started process (PID=1579) to work on /home/airflow/.local/lib/python3.8/site-packages/airflow/example_dags/example_task_group.py
[2024-06-14T02:23:00.764+0000] {processor.py:830} INFO - Processing file /home/airflow/.local/lib/python3.8/site-packages/airflow/example_dags/example_task_group.py for tasks to queue
[2024-06-14T02:23:00.767+0000] {logging_mixin.py:188} INFO - [2024-06-14T02:23:00.767+0000] {dagbag.py:540} INFO - Filling up the DagBag from /home/airflow/.local/lib/python3.8/site-packages/airflow/example_dags/example_task_group.py
[2024-06-14T02:23:00.779+0000] {processor.py:840} INFO - DAG(s) 'example_task_group' retrieved from /home/airflow/.local/lib/python3.8/site-packages/airflow/example_dags/example_task_group.py
[2024-06-14T02:23:00.809+0000] {logging_mixin.py:188} INFO - [2024-06-14T02:23:00.808+0000] {dag.py:3047} INFO - Sync 1 DAGs
[2024-06-14T02:23:00.836+0000] {logging_mixin.py:188} INFO - [2024-06-14T02:23:00.836+0000] {dag.py:3834} INFO - Setting next_dagrun for example_task_group to 2024-06-13 00:00:00+00:00, run_after=2024-06-14 00:00:00+00:00
[2024-06-14T02:23:00.861+0000] {processor.py:183} INFO - Processing /home/airflow/.local/lib/python3.8/site-packages/airflow/example_dags/example_task_group.py took 0.104 seconds
[2024-06-14T02:23:31.341+0000] {processor.py:161} INFO - Started process (PID=1639) to work on /home/airflow/.local/lib/python3.8/site-packages/airflow/example_dags/example_task_group.py
[2024-06-14T02:23:31.344+0000] {processor.py:830} INFO - Processing file /home/airflow/.local/lib/python3.8/site-packages/airflow/example_dags/example_task_group.py for tasks to queue
[2024-06-14T02:23:31.348+0000] {logging_mixin.py:188} INFO - [2024-06-14T02:23:31.348+0000] {dagbag.py:540} INFO - Filling up the DagBag from /home/airflow/.local/lib/python3.8/site-packages/airflow/example_dags/example_task_group.py
[2024-06-14T02:23:31.356+0000] {processor.py:840} INFO - DAG(s) 'example_task_group' retrieved from /home/airflow/.local/lib/python3.8/site-packages/airflow/example_dags/example_task_group.py
[2024-06-14T02:23:31.386+0000] {logging_mixin.py:188} INFO - [2024-06-14T02:23:31.386+0000] {dag.py:3047} INFO - Sync 1 DAGs
[2024-06-14T02:23:31.416+0000] {logging_mixin.py:188} INFO - [2024-06-14T02:23:31.416+0000] {dag.py:3834} INFO - Setting next_dagrun for example_task_group to 2024-06-13 00:00:00+00:00, run_after=2024-06-14 00:00:00+00:00
[2024-06-14T02:23:31.443+0000] {processor.py:183} INFO - Processing /home/airflow/.local/lib/python3.8/site-packages/airflow/example_dags/example_task_group.py took 0.107 seconds
[2024-06-14T02:24:01.998+0000] {processor.py:161} INFO - Started process (PID=1700) to work on /home/airflow/.local/lib/python3.8/site-packages/airflow/example_dags/example_task_group.py
[2024-06-14T02:24:02.000+0000] {processor.py:830} INFO - Processing file /home/airflow/.local/lib/python3.8/site-packages/airflow/example_dags/example_task_group.py for tasks to queue
[2024-06-14T02:24:02.003+0000] {logging_mixin.py:188} INFO - [2024-06-14T02:24:02.002+0000] {dagbag.py:540} INFO - Filling up the DagBag from /home/airflow/.local/lib/python3.8/site-packages/airflow/example_dags/example_task_group.py
[2024-06-14T02:24:02.019+0000] {processor.py:840} INFO - DAG(s) 'example_task_group' retrieved from /home/airflow/.local/lib/python3.8/site-packages/airflow/example_dags/example_task_group.py
[2024-06-14T02:24:02.064+0000] {logging_mixin.py:188} INFO - [2024-06-14T02:24:02.063+0000] {dag.py:3047} INFO - Sync 1 DAGs
[2024-06-14T02:24:02.104+0000] {logging_mixin.py:188} INFO - [2024-06-14T02:24:02.104+0000] {dag.py:3834} INFO - Setting next_dagrun for example_task_group to 2024-06-13 00:00:00+00:00, run_after=2024-06-14 00:00:00+00:00
[2024-06-14T02:24:02.140+0000] {processor.py:183} INFO - Processing /home/airflow/.local/lib/python3.8/site-packages/airflow/example_dags/example_task_group.py took 0.147 seconds
[2024-06-14T02:24:32.291+0000] {processor.py:161} INFO - Started process (PID=1759) to work on /home/airflow/.local/lib/python3.8/site-packages/airflow/example_dags/example_task_group.py
[2024-06-14T02:24:32.293+0000] {processor.py:830} INFO - Processing file /home/airflow/.local/lib/python3.8/site-packages/airflow/example_dags/example_task_group.py for tasks to queue
[2024-06-14T02:24:32.296+0000] {logging_mixin.py:188} INFO - [2024-06-14T02:24:32.295+0000] {dagbag.py:540} INFO - Filling up the DagBag from /home/airflow/.local/lib/python3.8/site-packages/airflow/example_dags/example_task_group.py
[2024-06-14T02:24:32.310+0000] {processor.py:840} INFO - DAG(s) 'example_task_group' retrieved from /home/airflow/.local/lib/python3.8/site-packages/airflow/example_dags/example_task_group.py
[2024-06-14T02:24:32.346+0000] {logging_mixin.py:188} INFO - [2024-06-14T02:24:32.346+0000] {dag.py:3047} INFO - Sync 1 DAGs
[2024-06-14T02:24:32.383+0000] {logging_mixin.py:188} INFO - [2024-06-14T02:24:32.383+0000] {dag.py:3834} INFO - Setting next_dagrun for example_task_group to 2024-06-13 00:00:00+00:00, run_after=2024-06-14 00:00:00+00:00
[2024-06-14T02:24:32.418+0000] {processor.py:183} INFO - Processing /home/airflow/.local/lib/python3.8/site-packages/airflow/example_dags/example_task_group.py took 0.131 seconds
[2024-06-14T02:25:02.566+0000] {processor.py:161} INFO - Started process (PID=1819) to work on /home/airflow/.local/lib/python3.8/site-packages/airflow/example_dags/example_task_group.py
[2024-06-14T02:25:02.568+0000] {processor.py:830} INFO - Processing file /home/airflow/.local/lib/python3.8/site-packages/airflow/example_dags/example_task_group.py for tasks to queue
[2024-06-14T02:25:02.571+0000] {logging_mixin.py:188} INFO - [2024-06-14T02:25:02.570+0000] {dagbag.py:540} INFO - Filling up the DagBag from /home/airflow/.local/lib/python3.8/site-packages/airflow/example_dags/example_task_group.py
[2024-06-14T02:25:02.580+0000] {processor.py:840} INFO - DAG(s) 'example_task_group' retrieved from /home/airflow/.local/lib/python3.8/site-packages/airflow/example_dags/example_task_group.py
[2024-06-14T02:25:02.611+0000] {logging_mixin.py:188} INFO - [2024-06-14T02:25:02.610+0000] {dag.py:3047} INFO - Sync 1 DAGs
[2024-06-14T02:25:02.639+0000] {logging_mixin.py:188} INFO - [2024-06-14T02:25:02.638+0000] {dag.py:3834} INFO - Setting next_dagrun for example_task_group to 2024-06-13 00:00:00+00:00, run_after=2024-06-14 00:00:00+00:00
[2024-06-14T02:25:02.665+0000] {processor.py:183} INFO - Processing /home/airflow/.local/lib/python3.8/site-packages/airflow/example_dags/example_task_group.py took 0.103 seconds
[2024-06-14T02:25:33.145+0000] {processor.py:161} INFO - Started process (PID=1880) to work on /home/airflow/.local/lib/python3.8/site-packages/airflow/example_dags/example_task_group.py
[2024-06-14T02:25:33.146+0000] {processor.py:830} INFO - Processing file /home/airflow/.local/lib/python3.8/site-packages/airflow/example_dags/example_task_group.py for tasks to queue
[2024-06-14T02:25:33.149+0000] {logging_mixin.py:188} INFO - [2024-06-14T02:25:33.148+0000] {dagbag.py:540} INFO - Filling up the DagBag from /home/airflow/.local/lib/python3.8/site-packages/airflow/example_dags/example_task_group.py
[2024-06-14T02:25:33.160+0000] {processor.py:840} INFO - DAG(s) 'example_task_group' retrieved from /home/airflow/.local/lib/python3.8/site-packages/airflow/example_dags/example_task_group.py
[2024-06-14T02:25:33.196+0000] {logging_mixin.py:188} INFO - [2024-06-14T02:25:33.195+0000] {dag.py:3047} INFO - Sync 1 DAGs
[2024-06-14T02:25:33.236+0000] {logging_mixin.py:188} INFO - [2024-06-14T02:25:33.236+0000] {dag.py:3834} INFO - Setting next_dagrun for example_task_group to 2024-06-13 00:00:00+00:00, run_after=2024-06-14 00:00:00+00:00
[2024-06-14T02:25:33.265+0000] {processor.py:183} INFO - Processing /home/airflow/.local/lib/python3.8/site-packages/airflow/example_dags/example_task_group.py took 0.126 seconds
[2024-06-14T02:26:03.489+0000] {processor.py:161} INFO - Started process (PID=1942) to work on /home/airflow/.local/lib/python3.8/site-packages/airflow/example_dags/example_task_group.py
[2024-06-14T02:26:03.491+0000] {processor.py:830} INFO - Processing file /home/airflow/.local/lib/python3.8/site-packages/airflow/example_dags/example_task_group.py for tasks to queue
[2024-06-14T02:26:03.495+0000] {logging_mixin.py:188} INFO - [2024-06-14T02:26:03.494+0000] {dagbag.py:540} INFO - Filling up the DagBag from /home/airflow/.local/lib/python3.8/site-packages/airflow/example_dags/example_task_group.py
[2024-06-14T02:26:03.507+0000] {processor.py:840} INFO - DAG(s) 'example_task_group' retrieved from /home/airflow/.local/lib/python3.8/site-packages/airflow/example_dags/example_task_group.py
[2024-06-14T02:26:03.545+0000] {logging_mixin.py:188} INFO - [2024-06-14T02:26:03.544+0000] {dag.py:3047} INFO - Sync 1 DAGs
[2024-06-14T02:26:03.579+0000] {logging_mixin.py:188} INFO - [2024-06-14T02:26:03.579+0000] {dag.py:3834} INFO - Setting next_dagrun for example_task_group to 2024-06-13 00:00:00+00:00, run_after=2024-06-14 00:00:00+00:00
[2024-06-14T02:26:03.610+0000] {processor.py:183} INFO - Processing /home/airflow/.local/lib/python3.8/site-packages/airflow/example_dags/example_task_group.py took 0.125 seconds
[2024-06-14T02:26:33.902+0000] {processor.py:161} INFO - Started process (PID=2003) to work on /home/airflow/.local/lib/python3.8/site-packages/airflow/example_dags/example_task_group.py
[2024-06-14T02:26:33.903+0000] {processor.py:830} INFO - Processing file /home/airflow/.local/lib/python3.8/site-packages/airflow/example_dags/example_task_group.py for tasks to queue
[2024-06-14T02:26:33.907+0000] {logging_mixin.py:188} INFO - [2024-06-14T02:26:33.906+0000] {dagbag.py:540} INFO - Filling up the DagBag from /home/airflow/.local/lib/python3.8/site-packages/airflow/example_dags/example_task_group.py
[2024-06-14T02:26:33.923+0000] {processor.py:840} INFO - DAG(s) 'example_task_group' retrieved from /home/airflow/.local/lib/python3.8/site-packages/airflow/example_dags/example_task_group.py
[2024-06-14T02:26:33.955+0000] {logging_mixin.py:188} INFO - [2024-06-14T02:26:33.954+0000] {dag.py:3047} INFO - Sync 1 DAGs
[2024-06-14T02:26:33.986+0000] {logging_mixin.py:188} INFO - [2024-06-14T02:26:33.985+0000] {dag.py:3834} INFO - Setting next_dagrun for example_task_group to 2024-06-13 00:00:00+00:00, run_after=2024-06-14 00:00:00+00:00
[2024-06-14T02:26:34.017+0000] {processor.py:183} INFO - Processing /home/airflow/.local/lib/python3.8/site-packages/airflow/example_dags/example_task_group.py took 0.125 seconds
[2024-06-14T02:27:04.326+0000] {processor.py:161} INFO - Started process (PID=2064) to work on /home/airflow/.local/lib/python3.8/site-packages/airflow/example_dags/example_task_group.py
[2024-06-14T02:27:04.327+0000] {processor.py:830} INFO - Processing file /home/airflow/.local/lib/python3.8/site-packages/airflow/example_dags/example_task_group.py for tasks to queue
[2024-06-14T02:27:04.330+0000] {logging_mixin.py:188} INFO - [2024-06-14T02:27:04.330+0000] {dagbag.py:540} INFO - Filling up the DagBag from /home/airflow/.local/lib/python3.8/site-packages/airflow/example_dags/example_task_group.py
[2024-06-14T02:27:04.341+0000] {processor.py:840} INFO - DAG(s) 'example_task_group' retrieved from /home/airflow/.local/lib/python3.8/site-packages/airflow/example_dags/example_task_group.py
[2024-06-14T02:27:04.374+0000] {logging_mixin.py:188} INFO - [2024-06-14T02:27:04.374+0000] {dag.py:3047} INFO - Sync 1 DAGs
[2024-06-14T02:27:04.407+0000] {logging_mixin.py:188} INFO - [2024-06-14T02:27:04.407+0000] {dag.py:3834} INFO - Setting next_dagrun for example_task_group to 2024-06-13 00:00:00+00:00, run_after=2024-06-14 00:00:00+00:00
[2024-06-14T02:27:04.438+0000] {processor.py:183} INFO - Processing /home/airflow/.local/lib/python3.8/site-packages/airflow/example_dags/example_task_group.py took 0.118 seconds
[2024-06-14T02:27:34.695+0000] {processor.py:161} INFO - Started process (PID=2125) to work on /home/airflow/.local/lib/python3.8/site-packages/airflow/example_dags/example_task_group.py
[2024-06-14T02:27:34.697+0000] {processor.py:830} INFO - Processing file /home/airflow/.local/lib/python3.8/site-packages/airflow/example_dags/example_task_group.py for tasks to queue
[2024-06-14T02:27:34.701+0000] {logging_mixin.py:188} INFO - [2024-06-14T02:27:34.700+0000] {dagbag.py:540} INFO - Filling up the DagBag from /home/airflow/.local/lib/python3.8/site-packages/airflow/example_dags/example_task_group.py
[2024-06-14T02:27:34.711+0000] {processor.py:840} INFO - DAG(s) 'example_task_group' retrieved from /home/airflow/.local/lib/python3.8/site-packages/airflow/example_dags/example_task_group.py
[2024-06-14T02:27:34.745+0000] {logging_mixin.py:188} INFO - [2024-06-14T02:27:34.744+0000] {dag.py:3047} INFO - Sync 1 DAGs
[2024-06-14T02:27:34.776+0000] {logging_mixin.py:188} INFO - [2024-06-14T02:27:34.775+0000] {dag.py:3834} INFO - Setting next_dagrun for example_task_group to 2024-06-13 00:00:00+00:00, run_after=2024-06-14 00:00:00+00:00
[2024-06-14T02:27:34.959+0000] {processor.py:183} INFO - Processing /home/airflow/.local/lib/python3.8/site-packages/airflow/example_dags/example_task_group.py took 0.271 seconds
[2024-06-14T02:28:05.227+0000] {processor.py:161} INFO - Started process (PID=2186) to work on /home/airflow/.local/lib/python3.8/site-packages/airflow/example_dags/example_task_group.py
[2024-06-14T02:28:05.229+0000] {processor.py:830} INFO - Processing file /home/airflow/.local/lib/python3.8/site-packages/airflow/example_dags/example_task_group.py for tasks to queue
[2024-06-14T02:28:05.232+0000] {logging_mixin.py:188} INFO - [2024-06-14T02:28:05.232+0000] {dagbag.py:540} INFO - Filling up the DagBag from /home/airflow/.local/lib/python3.8/site-packages/airflow/example_dags/example_task_group.py
[2024-06-14T02:28:05.244+0000] {processor.py:840} INFO - DAG(s) 'example_task_group' retrieved from /home/airflow/.local/lib/python3.8/site-packages/airflow/example_dags/example_task_group.py
[2024-06-14T02:28:05.278+0000] {logging_mixin.py:188} INFO - [2024-06-14T02:28:05.278+0000] {dag.py:3047} INFO - Sync 1 DAGs
[2024-06-14T02:28:05.488+0000] {logging_mixin.py:188} INFO - [2024-06-14T02:28:05.487+0000] {dag.py:3834} INFO - Setting next_dagrun for example_task_group to 2024-06-13 00:00:00+00:00, run_after=2024-06-14 00:00:00+00:00
[2024-06-14T02:28:05.522+0000] {processor.py:183} INFO - Processing /home/airflow/.local/lib/python3.8/site-packages/airflow/example_dags/example_task_group.py took 0.300 seconds
[2024-06-14T02:28:35.994+0000] {processor.py:161} INFO - Started process (PID=2253) to work on /home/airflow/.local/lib/python3.8/site-packages/airflow/example_dags/example_task_group.py
[2024-06-14T02:28:35.997+0000] {processor.py:830} INFO - Processing file /home/airflow/.local/lib/python3.8/site-packages/airflow/example_dags/example_task_group.py for tasks to queue
[2024-06-14T02:28:36.000+0000] {logging_mixin.py:188} INFO - [2024-06-14T02:28:35.999+0000] {dagbag.py:540} INFO - Filling up the DagBag from /home/airflow/.local/lib/python3.8/site-packages/airflow/example_dags/example_task_group.py
[2024-06-14T02:28:36.026+0000] {processor.py:840} INFO - DAG(s) 'example_task_group' retrieved from /home/airflow/.local/lib/python3.8/site-packages/airflow/example_dags/example_task_group.py
[2024-06-14T02:28:36.073+0000] {logging_mixin.py:188} INFO - [2024-06-14T02:28:36.073+0000] {dag.py:3047} INFO - Sync 1 DAGs
[2024-06-14T02:28:36.116+0000] {logging_mixin.py:188} INFO - [2024-06-14T02:28:36.115+0000] {dag.py:3834} INFO - Setting next_dagrun for example_task_group to 2024-06-13 00:00:00+00:00, run_after=2024-06-14 00:00:00+00:00
[2024-06-14T02:28:36.150+0000] {processor.py:183} INFO - Processing /home/airflow/.local/lib/python3.8/site-packages/airflow/example_dags/example_task_group.py took 0.161 seconds
[2024-06-14T02:29:06.547+0000] {processor.py:161} INFO - Started process (PID=2314) to work on /home/airflow/.local/lib/python3.8/site-packages/airflow/example_dags/example_task_group.py
[2024-06-14T02:29:06.549+0000] {processor.py:830} INFO - Processing file /home/airflow/.local/lib/python3.8/site-packages/airflow/example_dags/example_task_group.py for tasks to queue
[2024-06-14T02:29:06.552+0000] {logging_mixin.py:188} INFO - [2024-06-14T02:29:06.551+0000] {dagbag.py:540} INFO - Filling up the DagBag from /home/airflow/.local/lib/python3.8/site-packages/airflow/example_dags/example_task_group.py
[2024-06-14T02:29:06.563+0000] {processor.py:840} INFO - DAG(s) 'example_task_group' retrieved from /home/airflow/.local/lib/python3.8/site-packages/airflow/example_dags/example_task_group.py
[2024-06-14T02:29:06.601+0000] {logging_mixin.py:188} INFO - [2024-06-14T02:29:06.601+0000] {dag.py:3047} INFO - Sync 1 DAGs
[2024-06-14T02:29:06.632+0000] {logging_mixin.py:188} INFO - [2024-06-14T02:29:06.631+0000] {dag.py:3834} INFO - Setting next_dagrun for example_task_group to 2024-06-13 00:00:00+00:00, run_after=2024-06-14 00:00:00+00:00
[2024-06-14T02:29:06.668+0000] {processor.py:183} INFO - Processing /home/airflow/.local/lib/python3.8/site-packages/airflow/example_dags/example_task_group.py took 0.127 seconds
[2024-06-14T02:29:36.808+0000] {processor.py:161} INFO - Started process (PID=2375) to work on /home/airflow/.local/lib/python3.8/site-packages/airflow/example_dags/example_task_group.py
[2024-06-14T02:29:36.810+0000] {processor.py:830} INFO - Processing file /home/airflow/.local/lib/python3.8/site-packages/airflow/example_dags/example_task_group.py for tasks to queue
[2024-06-14T02:29:36.814+0000] {logging_mixin.py:188} INFO - [2024-06-14T02:29:36.813+0000] {dagbag.py:540} INFO - Filling up the DagBag from /home/airflow/.local/lib/python3.8/site-packages/airflow/example_dags/example_task_group.py
[2024-06-14T02:29:36.828+0000] {processor.py:840} INFO - DAG(s) 'example_task_group' retrieved from /home/airflow/.local/lib/python3.8/site-packages/airflow/example_dags/example_task_group.py
[2024-06-14T02:29:36.866+0000] {logging_mixin.py:188} INFO - [2024-06-14T02:29:36.866+0000] {dag.py:3047} INFO - Sync 1 DAGs
[2024-06-14T02:29:36.914+0000] {logging_mixin.py:188} INFO - [2024-06-14T02:29:36.913+0000] {dag.py:3834} INFO - Setting next_dagrun for example_task_group to 2024-06-13 00:00:00+00:00, run_after=2024-06-14 00:00:00+00:00
[2024-06-14T02:29:36.946+0000] {processor.py:183} INFO - Processing /home/airflow/.local/lib/python3.8/site-packages/airflow/example_dags/example_task_group.py took 0.142 seconds
[2024-06-14T02:30:07.905+0000] {processor.py:161} INFO - Started process (PID=2436) to work on /home/airflow/.local/lib/python3.8/site-packages/airflow/example_dags/example_task_group.py
[2024-06-14T02:30:07.916+0000] {processor.py:830} INFO - Processing file /home/airflow/.local/lib/python3.8/site-packages/airflow/example_dags/example_task_group.py for tasks to queue
[2024-06-14T02:30:07.923+0000] {logging_mixin.py:188} INFO - [2024-06-14T02:30:07.922+0000] {dagbag.py:540} INFO - Filling up the DagBag from /home/airflow/.local/lib/python3.8/site-packages/airflow/example_dags/example_task_group.py
[2024-06-14T02:30:07.967+0000] {processor.py:840} INFO - DAG(s) 'example_task_group' retrieved from /home/airflow/.local/lib/python3.8/site-packages/airflow/example_dags/example_task_group.py
[2024-06-14T02:30:08.067+0000] {logging_mixin.py:188} INFO - [2024-06-14T02:30:08.067+0000] {dag.py:3047} INFO - Sync 1 DAGs
[2024-06-14T02:30:08.204+0000] {logging_mixin.py:188} INFO - [2024-06-14T02:30:08.203+0000] {dag.py:3834} INFO - Setting next_dagrun for example_task_group to 2024-06-13 00:00:00+00:00, run_after=2024-06-14 00:00:00+00:00
[2024-06-14T02:30:08.329+0000] {processor.py:183} INFO - Processing /home/airflow/.local/lib/python3.8/site-packages/airflow/example_dags/example_task_group.py took 0.430 seconds
[2024-06-14T02:30:39.177+0000] {processor.py:161} INFO - Started process (PID=2497) to work on /home/airflow/.local/lib/python3.8/site-packages/airflow/example_dags/example_task_group.py
[2024-06-14T02:30:39.182+0000] {processor.py:830} INFO - Processing file /home/airflow/.local/lib/python3.8/site-packages/airflow/example_dags/example_task_group.py for tasks to queue
[2024-06-14T02:30:39.185+0000] {logging_mixin.py:188} INFO - [2024-06-14T02:30:39.184+0000] {dagbag.py:540} INFO - Filling up the DagBag from /home/airflow/.local/lib/python3.8/site-packages/airflow/example_dags/example_task_group.py
[2024-06-14T02:30:39.199+0000] {processor.py:840} INFO - DAG(s) 'example_task_group' retrieved from /home/airflow/.local/lib/python3.8/site-packages/airflow/example_dags/example_task_group.py
[2024-06-14T02:30:39.246+0000] {logging_mixin.py:188} INFO - [2024-06-14T02:30:39.245+0000] {dag.py:3047} INFO - Sync 1 DAGs
[2024-06-14T02:30:39.301+0000] {logging_mixin.py:188} INFO - [2024-06-14T02:30:39.299+0000] {dag.py:3834} INFO - Setting next_dagrun for example_task_group to 2024-06-13 00:00:00+00:00, run_after=2024-06-14 00:00:00+00:00
[2024-06-14T02:30:39.346+0000] {processor.py:183} INFO - Processing /home/airflow/.local/lib/python3.8/site-packages/airflow/example_dags/example_task_group.py took 0.176 seconds
[2024-06-14T02:31:09.561+0000] {processor.py:161} INFO - Started process (PID=2558) to work on /home/airflow/.local/lib/python3.8/site-packages/airflow/example_dags/example_task_group.py
[2024-06-14T02:31:09.562+0000] {processor.py:830} INFO - Processing file /home/airflow/.local/lib/python3.8/site-packages/airflow/example_dags/example_task_group.py for tasks to queue
[2024-06-14T02:31:09.565+0000] {logging_mixin.py:188} INFO - [2024-06-14T02:31:09.565+0000] {dagbag.py:540} INFO - Filling up the DagBag from /home/airflow/.local/lib/python3.8/site-packages/airflow/example_dags/example_task_group.py
[2024-06-14T02:31:09.578+0000] {processor.py:840} INFO - DAG(s) 'example_task_group' retrieved from /home/airflow/.local/lib/python3.8/site-packages/airflow/example_dags/example_task_group.py
[2024-06-14T02:31:09.618+0000] {logging_mixin.py:188} INFO - [2024-06-14T02:31:09.617+0000] {dag.py:3047} INFO - Sync 1 DAGs
[2024-06-14T02:31:09.653+0000] {logging_mixin.py:188} INFO - [2024-06-14T02:31:09.652+0000] {dag.py:3834} INFO - Setting next_dagrun for example_task_group to 2024-06-13 00:00:00+00:00, run_after=2024-06-14 00:00:00+00:00
[2024-06-14T02:31:09.680+0000] {processor.py:183} INFO - Processing /home/airflow/.local/lib/python3.8/site-packages/airflow/example_dags/example_task_group.py took 0.128 seconds
[2024-06-14T02:31:40.113+0000] {processor.py:161} INFO - Started process (PID=2619) to work on /home/airflow/.local/lib/python3.8/site-packages/airflow/example_dags/example_task_group.py
[2024-06-14T02:31:40.114+0000] {processor.py:830} INFO - Processing file /home/airflow/.local/lib/python3.8/site-packages/airflow/example_dags/example_task_group.py for tasks to queue
[2024-06-14T02:31:40.117+0000] {logging_mixin.py:188} INFO - [2024-06-14T02:31:40.117+0000] {dagbag.py:540} INFO - Filling up the DagBag from /home/airflow/.local/lib/python3.8/site-packages/airflow/example_dags/example_task_group.py
[2024-06-14T02:31:40.137+0000] {processor.py:840} INFO - DAG(s) 'example_task_group' retrieved from /home/airflow/.local/lib/python3.8/site-packages/airflow/example_dags/example_task_group.py
[2024-06-14T02:31:40.184+0000] {logging_mixin.py:188} INFO - [2024-06-14T02:31:40.182+0000] {dag.py:3047} INFO - Sync 1 DAGs
[2024-06-14T02:31:40.225+0000] {logging_mixin.py:188} INFO - [2024-06-14T02:31:40.224+0000] {dag.py:3834} INFO - Setting next_dagrun for example_task_group to 2024-06-13 00:00:00+00:00, run_after=2024-06-14 00:00:00+00:00
[2024-06-14T02:31:40.271+0000] {processor.py:183} INFO - Processing /home/airflow/.local/lib/python3.8/site-packages/airflow/example_dags/example_task_group.py took 0.167 seconds
[2024-06-14T02:32:10.753+0000] {processor.py:161} INFO - Started process (PID=2680) to work on /home/airflow/.local/lib/python3.8/site-packages/airflow/example_dags/example_task_group.py
[2024-06-14T02:32:10.755+0000] {processor.py:830} INFO - Processing file /home/airflow/.local/lib/python3.8/site-packages/airflow/example_dags/example_task_group.py for tasks to queue
[2024-06-14T02:32:10.757+0000] {logging_mixin.py:188} INFO - [2024-06-14T02:32:10.757+0000] {dagbag.py:540} INFO - Filling up the DagBag from /home/airflow/.local/lib/python3.8/site-packages/airflow/example_dags/example_task_group.py
[2024-06-14T02:32:10.768+0000] {processor.py:840} INFO - DAG(s) 'example_task_group' retrieved from /home/airflow/.local/lib/python3.8/site-packages/airflow/example_dags/example_task_group.py
[2024-06-14T02:32:10.796+0000] {logging_mixin.py:188} INFO - [2024-06-14T02:32:10.796+0000] {dag.py:3047} INFO - Sync 1 DAGs
[2024-06-14T02:32:10.828+0000] {logging_mixin.py:188} INFO - [2024-06-14T02:32:10.825+0000] {dag.py:3834} INFO - Setting next_dagrun for example_task_group to 2024-06-13 00:00:00+00:00, run_after=2024-06-14 00:00:00+00:00
[2024-06-14T02:32:10.853+0000] {processor.py:183} INFO - Processing /home/airflow/.local/lib/python3.8/site-packages/airflow/example_dags/example_task_group.py took 0.104 seconds
[2024-06-14T02:32:41.218+0000] {processor.py:161} INFO - Started process (PID=2741) to work on /home/airflow/.local/lib/python3.8/site-packages/airflow/example_dags/example_task_group.py
[2024-06-14T02:32:41.220+0000] {processor.py:830} INFO - Processing file /home/airflow/.local/lib/python3.8/site-packages/airflow/example_dags/example_task_group.py for tasks to queue
[2024-06-14T02:32:41.223+0000] {logging_mixin.py:188} INFO - [2024-06-14T02:32:41.222+0000] {dagbag.py:540} INFO - Filling up the DagBag from /home/airflow/.local/lib/python3.8/site-packages/airflow/example_dags/example_task_group.py
[2024-06-14T02:32:41.234+0000] {processor.py:840} INFO - DAG(s) 'example_task_group' retrieved from /home/airflow/.local/lib/python3.8/site-packages/airflow/example_dags/example_task_group.py
[2024-06-14T02:32:41.273+0000] {logging_mixin.py:188} INFO - [2024-06-14T02:32:41.272+0000] {dag.py:3047} INFO - Sync 1 DAGs
[2024-06-14T02:32:41.322+0000] {logging_mixin.py:188} INFO - [2024-06-14T02:32:41.322+0000] {dag.py:3834} INFO - Setting next_dagrun for example_task_group to 2024-06-13 00:00:00+00:00, run_after=2024-06-14 00:00:00+00:00
[2024-06-14T02:32:41.362+0000] {processor.py:183} INFO - Processing /home/airflow/.local/lib/python3.8/site-packages/airflow/example_dags/example_task_group.py took 0.149 seconds
[2024-06-14T02:33:11.618+0000] {processor.py:161} INFO - Started process (PID=2802) to work on /home/airflow/.local/lib/python3.8/site-packages/airflow/example_dags/example_task_group.py
[2024-06-14T02:33:11.620+0000] {processor.py:830} INFO - Processing file /home/airflow/.local/lib/python3.8/site-packages/airflow/example_dags/example_task_group.py for tasks to queue
[2024-06-14T02:33:11.624+0000] {logging_mixin.py:188} INFO - [2024-06-14T02:33:11.623+0000] {dagbag.py:540} INFO - Filling up the DagBag from /home/airflow/.local/lib/python3.8/site-packages/airflow/example_dags/example_task_group.py
[2024-06-14T02:33:11.637+0000] {processor.py:840} INFO - DAG(s) 'example_task_group' retrieved from /home/airflow/.local/lib/python3.8/site-packages/airflow/example_dags/example_task_group.py
[2024-06-14T02:33:11.668+0000] {logging_mixin.py:188} INFO - [2024-06-14T02:33:11.667+0000] {dag.py:3047} INFO - Sync 1 DAGs
[2024-06-14T02:33:11.698+0000] {logging_mixin.py:188} INFO - [2024-06-14T02:33:11.698+0000] {dag.py:3834} INFO - Setting next_dagrun for example_task_group to 2024-06-13 00:00:00+00:00, run_after=2024-06-14 00:00:00+00:00
[2024-06-14T02:33:11.722+0000] {processor.py:183} INFO - Processing /home/airflow/.local/lib/python3.8/site-packages/airflow/example_dags/example_task_group.py took 0.110 seconds
[2024-06-14T02:33:41.881+0000] {processor.py:161} INFO - Started process (PID=2863) to work on /home/airflow/.local/lib/python3.8/site-packages/airflow/example_dags/example_task_group.py
[2024-06-14T02:33:41.883+0000] {processor.py:830} INFO - Processing file /home/airflow/.local/lib/python3.8/site-packages/airflow/example_dags/example_task_group.py for tasks to queue
[2024-06-14T02:33:41.886+0000] {logging_mixin.py:188} INFO - [2024-06-14T02:33:41.886+0000] {dagbag.py:540} INFO - Filling up the DagBag from /home/airflow/.local/lib/python3.8/site-packages/airflow/example_dags/example_task_group.py
[2024-06-14T02:33:41.915+0000] {processor.py:840} INFO - DAG(s) 'example_task_group' retrieved from /home/airflow/.local/lib/python3.8/site-packages/airflow/example_dags/example_task_group.py
[2024-06-14T02:33:42.010+0000] {logging_mixin.py:188} INFO - [2024-06-14T02:33:42.009+0000] {dag.py:3047} INFO - Sync 1 DAGs
[2024-06-14T02:33:42.066+0000] {logging_mixin.py:188} INFO - [2024-06-14T02:33:42.066+0000] {dag.py:3834} INFO - Setting next_dagrun for example_task_group to 2024-06-13 00:00:00+00:00, run_after=2024-06-14 00:00:00+00:00
[2024-06-14T02:33:42.137+0000] {processor.py:183} INFO - Processing /home/airflow/.local/lib/python3.8/site-packages/airflow/example_dags/example_task_group.py took 0.266 seconds
[2024-06-14T02:34:12.699+0000] {processor.py:161} INFO - Started process (PID=2924) to work on /home/airflow/.local/lib/python3.8/site-packages/airflow/example_dags/example_task_group.py
[2024-06-14T02:34:12.701+0000] {processor.py:830} INFO - Processing file /home/airflow/.local/lib/python3.8/site-packages/airflow/example_dags/example_task_group.py for tasks to queue
[2024-06-14T02:34:12.704+0000] {logging_mixin.py:188} INFO - [2024-06-14T02:34:12.703+0000] {dagbag.py:540} INFO - Filling up the DagBag from /home/airflow/.local/lib/python3.8/site-packages/airflow/example_dags/example_task_group.py
[2024-06-14T02:34:12.718+0000] {processor.py:840} INFO - DAG(s) 'example_task_group' retrieved from /home/airflow/.local/lib/python3.8/site-packages/airflow/example_dags/example_task_group.py
[2024-06-14T02:34:12.751+0000] {logging_mixin.py:188} INFO - [2024-06-14T02:34:12.751+0000] {dag.py:3047} INFO - Sync 1 DAGs
[2024-06-14T02:34:12.785+0000] {logging_mixin.py:188} INFO - [2024-06-14T02:34:12.785+0000] {dag.py:3834} INFO - Setting next_dagrun for example_task_group to 2024-06-13 00:00:00+00:00, run_after=2024-06-14 00:00:00+00:00
[2024-06-14T02:34:12.820+0000] {processor.py:183} INFO - Processing /home/airflow/.local/lib/python3.8/site-packages/airflow/example_dags/example_task_group.py took 0.129 seconds
[2024-06-14T02:34:42.886+0000] {processor.py:161} INFO - Started process (PID=2985) to work on /home/airflow/.local/lib/python3.8/site-packages/airflow/example_dags/example_task_group.py
[2024-06-14T02:34:42.889+0000] {processor.py:830} INFO - Processing file /home/airflow/.local/lib/python3.8/site-packages/airflow/example_dags/example_task_group.py for tasks to queue
[2024-06-14T02:34:42.893+0000] {logging_mixin.py:188} INFO - [2024-06-14T02:34:42.892+0000] {dagbag.py:540} INFO - Filling up the DagBag from /home/airflow/.local/lib/python3.8/site-packages/airflow/example_dags/example_task_group.py
[2024-06-14T02:34:42.905+0000] {processor.py:840} INFO - DAG(s) 'example_task_group' retrieved from /home/airflow/.local/lib/python3.8/site-packages/airflow/example_dags/example_task_group.py
[2024-06-14T02:34:42.948+0000] {logging_mixin.py:188} INFO - [2024-06-14T02:34:42.948+0000] {dag.py:3047} INFO - Sync 1 DAGs
[2024-06-14T02:34:42.996+0000] {logging_mixin.py:188} INFO - [2024-06-14T02:34:42.996+0000] {dag.py:3834} INFO - Setting next_dagrun for example_task_group to 2024-06-13 00:00:00+00:00, run_after=2024-06-14 00:00:00+00:00
[2024-06-14T02:34:43.027+0000] {processor.py:183} INFO - Processing /home/airflow/.local/lib/python3.8/site-packages/airflow/example_dags/example_task_group.py took 0.148 seconds
[2024-06-14T02:35:13.307+0000] {processor.py:161} INFO - Started process (PID=3046) to work on /home/airflow/.local/lib/python3.8/site-packages/airflow/example_dags/example_task_group.py
[2024-06-14T02:35:13.309+0000] {processor.py:830} INFO - Processing file /home/airflow/.local/lib/python3.8/site-packages/airflow/example_dags/example_task_group.py for tasks to queue
[2024-06-14T02:35:13.312+0000] {logging_mixin.py:188} INFO - [2024-06-14T02:35:13.311+0000] {dagbag.py:540} INFO - Filling up the DagBag from /home/airflow/.local/lib/python3.8/site-packages/airflow/example_dags/example_task_group.py
[2024-06-14T02:35:13.323+0000] {processor.py:840} INFO - DAG(s) 'example_task_group' retrieved from /home/airflow/.local/lib/python3.8/site-packages/airflow/example_dags/example_task_group.py
[2024-06-14T02:35:13.354+0000] {logging_mixin.py:188} INFO - [2024-06-14T02:35:13.354+0000] {dag.py:3047} INFO - Sync 1 DAGs
[2024-06-14T02:35:13.382+0000] {logging_mixin.py:188} INFO - [2024-06-14T02:35:13.382+0000] {dag.py:3834} INFO - Setting next_dagrun for example_task_group to 2024-06-13 00:00:00+00:00, run_after=2024-06-14 00:00:00+00:00
[2024-06-14T02:35:13.409+0000] {processor.py:183} INFO - Processing /home/airflow/.local/lib/python3.8/site-packages/airflow/example_dags/example_task_group.py took 0.107 seconds
[2024-06-14T02:35:43.879+0000] {processor.py:161} INFO - Started process (PID=3107) to work on /home/airflow/.local/lib/python3.8/site-packages/airflow/example_dags/example_task_group.py
[2024-06-14T02:35:43.888+0000] {processor.py:830} INFO - Processing file /home/airflow/.local/lib/python3.8/site-packages/airflow/example_dags/example_task_group.py for tasks to queue
[2024-06-14T02:35:43.891+0000] {logging_mixin.py:188} INFO - [2024-06-14T02:35:43.890+0000] {dagbag.py:540} INFO - Filling up the DagBag from /home/airflow/.local/lib/python3.8/site-packages/airflow/example_dags/example_task_group.py
[2024-06-14T02:35:43.914+0000] {processor.py:840} INFO - DAG(s) 'example_task_group' retrieved from /home/airflow/.local/lib/python3.8/site-packages/airflow/example_dags/example_task_group.py
[2024-06-14T02:35:43.988+0000] {logging_mixin.py:188} INFO - [2024-06-14T02:35:43.987+0000] {dag.py:3047} INFO - Sync 1 DAGs
[2024-06-14T02:35:44.069+0000] {logging_mixin.py:188} INFO - [2024-06-14T02:35:44.069+0000] {dag.py:3834} INFO - Setting next_dagrun for example_task_group to 2024-06-13 00:00:00+00:00, run_after=2024-06-14 00:00:00+00:00
[2024-06-14T02:35:44.107+0000] {processor.py:183} INFO - Processing /home/airflow/.local/lib/python3.8/site-packages/airflow/example_dags/example_task_group.py took 0.238 seconds
[2024-06-14T02:36:14.701+0000] {processor.py:161} INFO - Started process (PID=3168) to work on /home/airflow/.local/lib/python3.8/site-packages/airflow/example_dags/example_task_group.py
[2024-06-14T02:36:14.703+0000] {processor.py:830} INFO - Processing file /home/airflow/.local/lib/python3.8/site-packages/airflow/example_dags/example_task_group.py for tasks to queue
[2024-06-14T02:36:14.706+0000] {logging_mixin.py:188} INFO - [2024-06-14T02:36:14.705+0000] {dagbag.py:540} INFO - Filling up the DagBag from /home/airflow/.local/lib/python3.8/site-packages/airflow/example_dags/example_task_group.py
[2024-06-14T02:36:14.714+0000] {processor.py:840} INFO - DAG(s) 'example_task_group' retrieved from /home/airflow/.local/lib/python3.8/site-packages/airflow/example_dags/example_task_group.py
[2024-06-14T02:36:14.746+0000] {logging_mixin.py:188} INFO - [2024-06-14T02:36:14.745+0000] {dag.py:3047} INFO - Sync 1 DAGs
[2024-06-14T02:36:14.776+0000] {logging_mixin.py:188} INFO - [2024-06-14T02:36:14.776+0000] {dag.py:3834} INFO - Setting next_dagrun for example_task_group to 2024-06-13 00:00:00+00:00, run_after=2024-06-14 00:00:00+00:00
[2024-06-14T02:36:14.802+0000] {processor.py:183} INFO - Processing /home/airflow/.local/lib/python3.8/site-packages/airflow/example_dags/example_task_group.py took 0.105 seconds
[2024-06-14T02:36:45.692+0000] {processor.py:161} INFO - Started process (PID=3229) to work on /home/airflow/.local/lib/python3.8/site-packages/airflow/example_dags/example_task_group.py
[2024-06-14T02:36:45.699+0000] {processor.py:830} INFO - Processing file /home/airflow/.local/lib/python3.8/site-packages/airflow/example_dags/example_task_group.py for tasks to queue
[2024-06-14T02:36:45.706+0000] {logging_mixin.py:188} INFO - [2024-06-14T02:36:45.705+0000] {dagbag.py:540} INFO - Filling up the DagBag from /home/airflow/.local/lib/python3.8/site-packages/airflow/example_dags/example_task_group.py
[2024-06-14T02:36:45.740+0000] {processor.py:840} INFO - DAG(s) 'example_task_group' retrieved from /home/airflow/.local/lib/python3.8/site-packages/airflow/example_dags/example_task_group.py
[2024-06-14T02:36:45.823+0000] {logging_mixin.py:188} INFO - [2024-06-14T02:36:45.822+0000] {dag.py:3047} INFO - Sync 1 DAGs
[2024-06-14T02:36:45.888+0000] {logging_mixin.py:188} INFO - [2024-06-14T02:36:45.887+0000] {dag.py:3834} INFO - Setting next_dagrun for example_task_group to 2024-06-13 00:00:00+00:00, run_after=2024-06-14 00:00:00+00:00
[2024-06-14T02:36:45.967+0000] {processor.py:183} INFO - Processing /home/airflow/.local/lib/python3.8/site-packages/airflow/example_dags/example_task_group.py took 0.293 seconds
[2024-06-14T02:37:16.087+0000] {processor.py:161} INFO - Started process (PID=3288) to work on /home/airflow/.local/lib/python3.8/site-packages/airflow/example_dags/example_task_group.py
[2024-06-14T02:37:16.088+0000] {processor.py:830} INFO - Processing file /home/airflow/.local/lib/python3.8/site-packages/airflow/example_dags/example_task_group.py for tasks to queue
[2024-06-14T02:37:16.090+0000] {logging_mixin.py:188} INFO - [2024-06-14T02:37:16.090+0000] {dagbag.py:540} INFO - Filling up the DagBag from /home/airflow/.local/lib/python3.8/site-packages/airflow/example_dags/example_task_group.py
[2024-06-14T02:37:16.099+0000] {processor.py:840} INFO - DAG(s) 'example_task_group' retrieved from /home/airflow/.local/lib/python3.8/site-packages/airflow/example_dags/example_task_group.py
[2024-06-14T02:37:16.127+0000] {logging_mixin.py:188} INFO - [2024-06-14T02:37:16.127+0000] {dag.py:3047} INFO - Sync 1 DAGs
[2024-06-14T02:37:16.171+0000] {logging_mixin.py:188} INFO - [2024-06-14T02:37:16.171+0000] {dag.py:3834} INFO - Setting next_dagrun for example_task_group to 2024-06-13 00:00:00+00:00, run_after=2024-06-14 00:00:00+00:00
[2024-06-14T02:37:16.210+0000] {processor.py:183} INFO - Processing /home/airflow/.local/lib/python3.8/site-packages/airflow/example_dags/example_task_group.py took 0.127 seconds
