[2024-06-14T02:10:35.310+0000] {processor.py:161} INFO - Started process (PID=93) to work on /home/airflow/.local/lib/python3.8/site-packages/airflow/example_dags/example_latest_only.py
[2024-06-14T02:10:35.314+0000] {processor.py:830} INFO - Processing file /home/airflow/.local/lib/python3.8/site-packages/airflow/example_dags/example_latest_only.py for tasks to queue
[2024-06-14T02:10:35.323+0000] {logging_mixin.py:188} INFO - [2024-06-14T02:10:35.320+0000] {dagbag.py:540} INFO - Filling up the DagBag from /home/airflow/.local/lib/python3.8/site-packages/airflow/example_dags/example_latest_only.py
[2024-06-14T02:10:35.352+0000] {processor.py:840} INFO - DAG(s) 'latest_only' retrieved from /home/airflow/.local/lib/python3.8/site-packages/airflow/example_dags/example_latest_only.py
[2024-06-14T02:10:35.452+0000] {logging_mixin.py:188} INFO - [2024-06-14T02:10:35.452+0000] {dag.py:3047} INFO - Sync 1 DAGs
[2024-06-14T02:10:35.648+0000] {logging_mixin.py:188} INFO - [2024-06-14T02:10:35.637+0000] {dag.py:3834} INFO - Setting next_dagrun for latest_only to 2024-06-13 20:00:00+00:00, run_after=2024-06-14 00:00:00+00:00
[2024-06-14T02:10:36.118+0000] {processor.py:183} INFO - Processing /home/airflow/.local/lib/python3.8/site-packages/airflow/example_dags/example_latest_only.py took 0.829 seconds
[2024-06-14T02:11:06.325+0000] {processor.py:161} INFO - Started process (PID=171) to work on /home/airflow/.local/lib/python3.8/site-packages/airflow/example_dags/example_latest_only.py
[2024-06-14T02:11:06.327+0000] {processor.py:830} INFO - Processing file /home/airflow/.local/lib/python3.8/site-packages/airflow/example_dags/example_latest_only.py for tasks to queue
[2024-06-14T02:11:06.330+0000] {logging_mixin.py:188} INFO - [2024-06-14T02:11:06.330+0000] {dagbag.py:540} INFO - Filling up the DagBag from /home/airflow/.local/lib/python3.8/site-packages/airflow/example_dags/example_latest_only.py
[2024-06-14T02:11:06.339+0000] {processor.py:840} INFO - DAG(s) 'latest_only' retrieved from /home/airflow/.local/lib/python3.8/site-packages/airflow/example_dags/example_latest_only.py
[2024-06-14T02:11:06.373+0000] {logging_mixin.py:188} INFO - [2024-06-14T02:11:06.372+0000] {dag.py:3047} INFO - Sync 1 DAGs
[2024-06-14T02:11:06.408+0000] {logging_mixin.py:188} INFO - [2024-06-14T02:11:06.408+0000] {dag.py:3834} INFO - Setting next_dagrun for latest_only to 2024-06-13 20:00:00+00:00, run_after=2024-06-14 00:00:00+00:00
[2024-06-14T02:11:06.447+0000] {processor.py:183} INFO - Processing /home/airflow/.local/lib/python3.8/site-packages/airflow/example_dags/example_latest_only.py took 0.127 seconds
[2024-06-14T02:11:36.863+0000] {processor.py:161} INFO - Started process (PID=241) to work on /home/airflow/.local/lib/python3.8/site-packages/airflow/example_dags/example_latest_only.py
[2024-06-14T02:11:36.865+0000] {processor.py:830} INFO - Processing file /home/airflow/.local/lib/python3.8/site-packages/airflow/example_dags/example_latest_only.py for tasks to queue
[2024-06-14T02:11:36.868+0000] {logging_mixin.py:188} INFO - [2024-06-14T02:11:36.868+0000] {dagbag.py:540} INFO - Filling up the DagBag from /home/airflow/.local/lib/python3.8/site-packages/airflow/example_dags/example_latest_only.py
[2024-06-14T02:11:36.875+0000] {processor.py:840} INFO - DAG(s) 'latest_only' retrieved from /home/airflow/.local/lib/python3.8/site-packages/airflow/example_dags/example_latest_only.py
[2024-06-14T02:11:36.902+0000] {logging_mixin.py:188} INFO - [2024-06-14T02:11:36.902+0000] {dag.py:3047} INFO - Sync 1 DAGs
[2024-06-14T02:11:36.934+0000] {logging_mixin.py:188} INFO - [2024-06-14T02:11:36.934+0000] {dag.py:3834} INFO - Setting next_dagrun for latest_only to 2024-06-13 20:00:00+00:00, run_after=2024-06-14 00:00:00+00:00
[2024-06-14T02:11:36.961+0000] {processor.py:183} INFO - Processing /home/airflow/.local/lib/python3.8/site-packages/airflow/example_dags/example_latest_only.py took 0.105 seconds
[2024-06-14T02:12:07.925+0000] {processor.py:161} INFO - Started process (PID=310) to work on /home/airflow/.local/lib/python3.8/site-packages/airflow/example_dags/example_latest_only.py
[2024-06-14T02:12:07.927+0000] {processor.py:830} INFO - Processing file /home/airflow/.local/lib/python3.8/site-packages/airflow/example_dags/example_latest_only.py for tasks to queue
[2024-06-14T02:12:07.930+0000] {logging_mixin.py:188} INFO - [2024-06-14T02:12:07.929+0000] {dagbag.py:540} INFO - Filling up the DagBag from /home/airflow/.local/lib/python3.8/site-packages/airflow/example_dags/example_latest_only.py
[2024-06-14T02:12:07.939+0000] {processor.py:840} INFO - DAG(s) 'latest_only' retrieved from /home/airflow/.local/lib/python3.8/site-packages/airflow/example_dags/example_latest_only.py
[2024-06-14T02:12:07.966+0000] {logging_mixin.py:188} INFO - [2024-06-14T02:12:07.966+0000] {dag.py:3047} INFO - Sync 1 DAGs
[2024-06-14T02:12:07.994+0000] {logging_mixin.py:188} INFO - [2024-06-14T02:12:07.994+0000] {dag.py:3834} INFO - Setting next_dagrun for latest_only to 2024-06-13 20:00:00+00:00, run_after=2024-06-14 00:00:00+00:00
[2024-06-14T02:12:08.019+0000] {processor.py:183} INFO - Processing /home/airflow/.local/lib/python3.8/site-packages/airflow/example_dags/example_latest_only.py took 0.101 seconds
[2024-06-14T02:12:38.159+0000] {processor.py:161} INFO - Started process (PID=371) to work on /home/airflow/.local/lib/python3.8/site-packages/airflow/example_dags/example_latest_only.py
[2024-06-14T02:12:38.161+0000] {processor.py:830} INFO - Processing file /home/airflow/.local/lib/python3.8/site-packages/airflow/example_dags/example_latest_only.py for tasks to queue
[2024-06-14T02:12:38.164+0000] {logging_mixin.py:188} INFO - [2024-06-14T02:12:38.164+0000] {dagbag.py:540} INFO - Filling up the DagBag from /home/airflow/.local/lib/python3.8/site-packages/airflow/example_dags/example_latest_only.py
[2024-06-14T02:12:38.172+0000] {processor.py:840} INFO - DAG(s) 'latest_only' retrieved from /home/airflow/.local/lib/python3.8/site-packages/airflow/example_dags/example_latest_only.py
[2024-06-14T02:12:38.200+0000] {logging_mixin.py:188} INFO - [2024-06-14T02:12:38.200+0000] {dag.py:3047} INFO - Sync 1 DAGs
[2024-06-14T02:12:38.226+0000] {logging_mixin.py:188} INFO - [2024-06-14T02:12:38.225+0000] {dag.py:3834} INFO - Setting next_dagrun for latest_only to 2024-06-13 20:00:00+00:00, run_after=2024-06-14 00:00:00+00:00
[2024-06-14T02:12:38.252+0000] {processor.py:183} INFO - Processing /home/airflow/.local/lib/python3.8/site-packages/airflow/example_dags/example_latest_only.py took 0.097 seconds
[2024-06-14T02:13:08.663+0000] {processor.py:161} INFO - Started process (PID=432) to work on /home/airflow/.local/lib/python3.8/site-packages/airflow/example_dags/example_latest_only.py
[2024-06-14T02:13:08.666+0000] {processor.py:830} INFO - Processing file /home/airflow/.local/lib/python3.8/site-packages/airflow/example_dags/example_latest_only.py for tasks to queue
[2024-06-14T02:13:08.670+0000] {logging_mixin.py:188} INFO - [2024-06-14T02:13:08.670+0000] {dagbag.py:540} INFO - Filling up the DagBag from /home/airflow/.local/lib/python3.8/site-packages/airflow/example_dags/example_latest_only.py
[2024-06-14T02:13:08.676+0000] {processor.py:840} INFO - DAG(s) 'latest_only' retrieved from /home/airflow/.local/lib/python3.8/site-packages/airflow/example_dags/example_latest_only.py
[2024-06-14T02:13:08.705+0000] {logging_mixin.py:188} INFO - [2024-06-14T02:13:08.705+0000] {dag.py:3047} INFO - Sync 1 DAGs
[2024-06-14T02:13:08.737+0000] {logging_mixin.py:188} INFO - [2024-06-14T02:13:08.737+0000] {dag.py:3834} INFO - Setting next_dagrun for latest_only to 2024-06-13 20:00:00+00:00, run_after=2024-06-14 00:00:00+00:00
[2024-06-14T02:13:08.771+0000] {processor.py:183} INFO - Processing /home/airflow/.local/lib/python3.8/site-packages/airflow/example_dags/example_latest_only.py took 0.112 seconds
[2024-06-14T02:13:39.222+0000] {processor.py:161} INFO - Started process (PID=493) to work on /home/airflow/.local/lib/python3.8/site-packages/airflow/example_dags/example_latest_only.py
[2024-06-14T02:13:39.224+0000] {processor.py:830} INFO - Processing file /home/airflow/.local/lib/python3.8/site-packages/airflow/example_dags/example_latest_only.py for tasks to queue
[2024-06-14T02:13:39.226+0000] {logging_mixin.py:188} INFO - [2024-06-14T02:13:39.226+0000] {dagbag.py:540} INFO - Filling up the DagBag from /home/airflow/.local/lib/python3.8/site-packages/airflow/example_dags/example_latest_only.py
[2024-06-14T02:13:39.235+0000] {processor.py:840} INFO - DAG(s) 'latest_only' retrieved from /home/airflow/.local/lib/python3.8/site-packages/airflow/example_dags/example_latest_only.py
[2024-06-14T02:13:39.265+0000] {logging_mixin.py:188} INFO - [2024-06-14T02:13:39.264+0000] {dag.py:3047} INFO - Sync 1 DAGs
[2024-06-14T02:13:39.295+0000] {logging_mixin.py:188} INFO - [2024-06-14T02:13:39.295+0000] {dag.py:3834} INFO - Setting next_dagrun for latest_only to 2024-06-13 20:00:00+00:00, run_after=2024-06-14 00:00:00+00:00
[2024-06-14T02:13:39.321+0000] {processor.py:183} INFO - Processing /home/airflow/.local/lib/python3.8/site-packages/airflow/example_dags/example_latest_only.py took 0.103 seconds
[2024-06-14T02:14:09.454+0000] {processor.py:161} INFO - Started process (PID=555) to work on /home/airflow/.local/lib/python3.8/site-packages/airflow/example_dags/example_latest_only.py
[2024-06-14T02:14:09.456+0000] {processor.py:830} INFO - Processing file /home/airflow/.local/lib/python3.8/site-packages/airflow/example_dags/example_latest_only.py for tasks to queue
[2024-06-14T02:14:09.459+0000] {logging_mixin.py:188} INFO - [2024-06-14T02:14:09.458+0000] {dagbag.py:540} INFO - Filling up the DagBag from /home/airflow/.local/lib/python3.8/site-packages/airflow/example_dags/example_latest_only.py
[2024-06-14T02:14:09.465+0000] {processor.py:840} INFO - DAG(s) 'latest_only' retrieved from /home/airflow/.local/lib/python3.8/site-packages/airflow/example_dags/example_latest_only.py
[2024-06-14T02:14:09.493+0000] {logging_mixin.py:188} INFO - [2024-06-14T02:14:09.492+0000] {dag.py:3047} INFO - Sync 1 DAGs
[2024-06-14T02:14:09.524+0000] {logging_mixin.py:188} INFO - [2024-06-14T02:14:09.524+0000] {dag.py:3834} INFO - Setting next_dagrun for latest_only to 2024-06-13 20:00:00+00:00, run_after=2024-06-14 00:00:00+00:00
[2024-06-14T02:14:09.554+0000] {processor.py:183} INFO - Processing /home/airflow/.local/lib/python3.8/site-packages/airflow/example_dags/example_latest_only.py took 0.104 seconds
[2024-06-14T02:14:41.816+0000] {processor.py:161} INFO - Started process (PID=616) to work on /home/airflow/.local/lib/python3.8/site-packages/airflow/example_dags/example_latest_only.py
[2024-06-14T02:14:41.819+0000] {processor.py:830} INFO - Processing file /home/airflow/.local/lib/python3.8/site-packages/airflow/example_dags/example_latest_only.py for tasks to queue
[2024-06-14T02:14:41.825+0000] {logging_mixin.py:188} INFO - [2024-06-14T02:14:41.823+0000] {dagbag.py:540} INFO - Filling up the DagBag from /home/airflow/.local/lib/python3.8/site-packages/airflow/example_dags/example_latest_only.py
[2024-06-14T02:14:41.839+0000] {processor.py:840} INFO - DAG(s) 'latest_only' retrieved from /home/airflow/.local/lib/python3.8/site-packages/airflow/example_dags/example_latest_only.py
[2024-06-14T02:14:41.879+0000] {logging_mixin.py:188} INFO - [2024-06-14T02:14:41.879+0000] {dag.py:3047} INFO - Sync 1 DAGs
[2024-06-14T02:14:41.921+0000] {logging_mixin.py:188} INFO - [2024-06-14T02:14:41.920+0000] {dag.py:3834} INFO - Setting next_dagrun for latest_only to 2024-06-13 20:00:00+00:00, run_after=2024-06-14 00:00:00+00:00
[2024-06-14T02:14:41.954+0000] {processor.py:183} INFO - Processing /home/airflow/.local/lib/python3.8/site-packages/airflow/example_dags/example_latest_only.py took 0.145 seconds
[2024-06-14T02:15:12.935+0000] {processor.py:161} INFO - Started process (PID=677) to work on /home/airflow/.local/lib/python3.8/site-packages/airflow/example_dags/example_latest_only.py
[2024-06-14T02:15:12.936+0000] {processor.py:830} INFO - Processing file /home/airflow/.local/lib/python3.8/site-packages/airflow/example_dags/example_latest_only.py for tasks to queue
[2024-06-14T02:15:12.940+0000] {logging_mixin.py:188} INFO - [2024-06-14T02:15:12.940+0000] {dagbag.py:540} INFO - Filling up the DagBag from /home/airflow/.local/lib/python3.8/site-packages/airflow/example_dags/example_latest_only.py
[2024-06-14T02:15:12.948+0000] {processor.py:840} INFO - DAG(s) 'latest_only' retrieved from /home/airflow/.local/lib/python3.8/site-packages/airflow/example_dags/example_latest_only.py
[2024-06-14T02:15:12.984+0000] {logging_mixin.py:188} INFO - [2024-06-14T02:15:12.983+0000] {dag.py:3047} INFO - Sync 1 DAGs
[2024-06-14T02:15:13.017+0000] {logging_mixin.py:188} INFO - [2024-06-14T02:15:13.017+0000] {dag.py:3834} INFO - Setting next_dagrun for latest_only to 2024-06-13 20:00:00+00:00, run_after=2024-06-14 00:00:00+00:00
[2024-06-14T02:15:13.057+0000] {processor.py:183} INFO - Processing /home/airflow/.local/lib/python3.8/site-packages/airflow/example_dags/example_latest_only.py took 0.127 seconds
[2024-06-14T02:15:43.871+0000] {processor.py:161} INFO - Started process (PID=738) to work on /home/airflow/.local/lib/python3.8/site-packages/airflow/example_dags/example_latest_only.py
[2024-06-14T02:15:43.873+0000] {processor.py:830} INFO - Processing file /home/airflow/.local/lib/python3.8/site-packages/airflow/example_dags/example_latest_only.py for tasks to queue
[2024-06-14T02:15:43.876+0000] {logging_mixin.py:188} INFO - [2024-06-14T02:15:43.876+0000] {dagbag.py:540} INFO - Filling up the DagBag from /home/airflow/.local/lib/python3.8/site-packages/airflow/example_dags/example_latest_only.py
[2024-06-14T02:15:43.884+0000] {processor.py:840} INFO - DAG(s) 'latest_only' retrieved from /home/airflow/.local/lib/python3.8/site-packages/airflow/example_dags/example_latest_only.py
[2024-06-14T02:15:43.916+0000] {logging_mixin.py:188} INFO - [2024-06-14T02:15:43.915+0000] {dag.py:3047} INFO - Sync 1 DAGs
[2024-06-14T02:15:43.978+0000] {logging_mixin.py:188} INFO - [2024-06-14T02:15:43.977+0000] {dag.py:3834} INFO - Setting next_dagrun for latest_only to 2024-06-13 20:00:00+00:00, run_after=2024-06-14 00:00:00+00:00
[2024-06-14T02:15:44.019+0000] {processor.py:183} INFO - Processing /home/airflow/.local/lib/python3.8/site-packages/airflow/example_dags/example_latest_only.py took 0.155 seconds
[2024-06-14T02:16:16.468+0000] {processor.py:161} INFO - Started process (PID=798) to work on /home/airflow/.local/lib/python3.8/site-packages/airflow/example_dags/example_latest_only.py
[2024-06-14T02:16:16.477+0000] {processor.py:830} INFO - Processing file /home/airflow/.local/lib/python3.8/site-packages/airflow/example_dags/example_latest_only.py for tasks to queue
[2024-06-14T02:16:16.482+0000] {logging_mixin.py:188} INFO - [2024-06-14T02:16:16.481+0000] {dagbag.py:540} INFO - Filling up the DagBag from /home/airflow/.local/lib/python3.8/site-packages/airflow/example_dags/example_latest_only.py
[2024-06-14T02:16:16.501+0000] {processor.py:840} INFO - DAG(s) 'latest_only' retrieved from /home/airflow/.local/lib/python3.8/site-packages/airflow/example_dags/example_latest_only.py
[2024-06-14T02:16:16.571+0000] {logging_mixin.py:188} INFO - [2024-06-14T02:16:16.571+0000] {dag.py:3047} INFO - Sync 1 DAGs
[2024-06-14T02:16:16.645+0000] {logging_mixin.py:188} INFO - [2024-06-14T02:16:16.644+0000] {dag.py:3834} INFO - Setting next_dagrun for latest_only to 2024-06-13 20:00:00+00:00, run_after=2024-06-14 00:00:00+00:00
[2024-06-14T02:16:16.676+0000] {processor.py:183} INFO - Processing /home/airflow/.local/lib/python3.8/site-packages/airflow/example_dags/example_latest_only.py took 0.214 seconds
[2024-06-14T02:16:51.363+0000] {processor.py:161} INFO - Started process (PID=860) to work on /home/airflow/.local/lib/python3.8/site-packages/airflow/example_dags/example_latest_only.py
[2024-06-14T02:16:51.371+0000] {processor.py:830} INFO - Processing file /home/airflow/.local/lib/python3.8/site-packages/airflow/example_dags/example_latest_only.py for tasks to queue
[2024-06-14T02:16:51.380+0000] {logging_mixin.py:188} INFO - [2024-06-14T02:16:51.380+0000] {dagbag.py:540} INFO - Filling up the DagBag from /home/airflow/.local/lib/python3.8/site-packages/airflow/example_dags/example_latest_only.py
[2024-06-14T02:16:51.392+0000] {processor.py:840} INFO - DAG(s) 'latest_only' retrieved from /home/airflow/.local/lib/python3.8/site-packages/airflow/example_dags/example_latest_only.py
[2024-06-14T02:16:51.465+0000] {logging_mixin.py:188} INFO - [2024-06-14T02:16:51.465+0000] {dag.py:3047} INFO - Sync 1 DAGs
[2024-06-14T02:16:51.614+0000] {logging_mixin.py:188} INFO - [2024-06-14T02:16:51.613+0000] {dag.py:3834} INFO - Setting next_dagrun for latest_only to 2024-06-13 20:00:00+00:00, run_after=2024-06-14 00:00:00+00:00
[2024-06-14T02:16:51.785+0000] {processor.py:183} INFO - Processing /home/airflow/.local/lib/python3.8/site-packages/airflow/example_dags/example_latest_only.py took 0.431 seconds
[2024-06-14T02:17:22.587+0000] {processor.py:161} INFO - Started process (PID=922) to work on /home/airflow/.local/lib/python3.8/site-packages/airflow/example_dags/example_latest_only.py
[2024-06-14T02:17:22.590+0000] {processor.py:830} INFO - Processing file /home/airflow/.local/lib/python3.8/site-packages/airflow/example_dags/example_latest_only.py for tasks to queue
[2024-06-14T02:17:22.598+0000] {logging_mixin.py:188} INFO - [2024-06-14T02:17:22.597+0000] {dagbag.py:540} INFO - Filling up the DagBag from /home/airflow/.local/lib/python3.8/site-packages/airflow/example_dags/example_latest_only.py
[2024-06-14T02:17:22.610+0000] {processor.py:840} INFO - DAG(s) 'latest_only' retrieved from /home/airflow/.local/lib/python3.8/site-packages/airflow/example_dags/example_latest_only.py
[2024-06-14T02:17:22.681+0000] {logging_mixin.py:188} INFO - [2024-06-14T02:17:22.681+0000] {dag.py:3047} INFO - Sync 1 DAGs
[2024-06-14T02:17:22.738+0000] {logging_mixin.py:188} INFO - [2024-06-14T02:17:22.738+0000] {dag.py:3834} INFO - Setting next_dagrun for latest_only to 2024-06-13 20:00:00+00:00, run_after=2024-06-14 00:00:00+00:00
[2024-06-14T02:17:22.816+0000] {processor.py:183} INFO - Processing /home/airflow/.local/lib/python3.8/site-packages/airflow/example_dags/example_latest_only.py took 0.239 seconds
[2024-06-14T02:17:53.684+0000] {processor.py:161} INFO - Started process (PID=983) to work on /home/airflow/.local/lib/python3.8/site-packages/airflow/example_dags/example_latest_only.py
[2024-06-14T02:17:53.686+0000] {processor.py:830} INFO - Processing file /home/airflow/.local/lib/python3.8/site-packages/airflow/example_dags/example_latest_only.py for tasks to queue
[2024-06-14T02:17:53.690+0000] {logging_mixin.py:188} INFO - [2024-06-14T02:17:53.689+0000] {dagbag.py:540} INFO - Filling up the DagBag from /home/airflow/.local/lib/python3.8/site-packages/airflow/example_dags/example_latest_only.py
[2024-06-14T02:17:53.699+0000] {processor.py:840} INFO - DAG(s) 'latest_only' retrieved from /home/airflow/.local/lib/python3.8/site-packages/airflow/example_dags/example_latest_only.py
[2024-06-14T02:17:53.740+0000] {logging_mixin.py:188} INFO - [2024-06-14T02:17:53.739+0000] {dag.py:3047} INFO - Sync 1 DAGs
[2024-06-14T02:17:53.783+0000] {logging_mixin.py:188} INFO - [2024-06-14T02:17:53.783+0000] {dag.py:3834} INFO - Setting next_dagrun for latest_only to 2024-06-13 20:00:00+00:00, run_after=2024-06-14 00:00:00+00:00
[2024-06-14T02:17:53.826+0000] {processor.py:183} INFO - Processing /home/airflow/.local/lib/python3.8/site-packages/airflow/example_dags/example_latest_only.py took 0.151 seconds
[2024-06-14T02:18:24.105+0000] {processor.py:161} INFO - Started process (PID=1044) to work on /home/airflow/.local/lib/python3.8/site-packages/airflow/example_dags/example_latest_only.py
[2024-06-14T02:18:24.107+0000] {processor.py:830} INFO - Processing file /home/airflow/.local/lib/python3.8/site-packages/airflow/example_dags/example_latest_only.py for tasks to queue
[2024-06-14T02:18:24.110+0000] {logging_mixin.py:188} INFO - [2024-06-14T02:18:24.110+0000] {dagbag.py:540} INFO - Filling up the DagBag from /home/airflow/.local/lib/python3.8/site-packages/airflow/example_dags/example_latest_only.py
[2024-06-14T02:18:24.115+0000] {processor.py:840} INFO - DAG(s) 'latest_only' retrieved from /home/airflow/.local/lib/python3.8/site-packages/airflow/example_dags/example_latest_only.py
[2024-06-14T02:18:24.139+0000] {logging_mixin.py:188} INFO - [2024-06-14T02:18:24.139+0000] {dag.py:3047} INFO - Sync 1 DAGs
[2024-06-14T02:18:24.169+0000] {logging_mixin.py:188} INFO - [2024-06-14T02:18:24.169+0000] {dag.py:3834} INFO - Setting next_dagrun for latest_only to 2024-06-13 20:00:00+00:00, run_after=2024-06-14 00:00:00+00:00
[2024-06-14T02:18:24.194+0000] {processor.py:183} INFO - Processing /home/airflow/.local/lib/python3.8/site-packages/airflow/example_dags/example_latest_only.py took 0.094 seconds
[2024-06-14T02:18:54.551+0000] {processor.py:161} INFO - Started process (PID=1105) to work on /home/airflow/.local/lib/python3.8/site-packages/airflow/example_dags/example_latest_only.py
[2024-06-14T02:18:54.553+0000] {processor.py:830} INFO - Processing file /home/airflow/.local/lib/python3.8/site-packages/airflow/example_dags/example_latest_only.py for tasks to queue
[2024-06-14T02:18:54.557+0000] {logging_mixin.py:188} INFO - [2024-06-14T02:18:54.556+0000] {dagbag.py:540} INFO - Filling up the DagBag from /home/airflow/.local/lib/python3.8/site-packages/airflow/example_dags/example_latest_only.py
[2024-06-14T02:18:54.564+0000] {processor.py:840} INFO - DAG(s) 'latest_only' retrieved from /home/airflow/.local/lib/python3.8/site-packages/airflow/example_dags/example_latest_only.py
[2024-06-14T02:18:54.591+0000] {logging_mixin.py:188} INFO - [2024-06-14T02:18:54.591+0000] {dag.py:3047} INFO - Sync 1 DAGs
[2024-06-14T02:18:54.619+0000] {logging_mixin.py:188} INFO - [2024-06-14T02:18:54.619+0000] {dag.py:3834} INFO - Setting next_dagrun for latest_only to 2024-06-13 20:00:00+00:00, run_after=2024-06-14 00:00:00+00:00
[2024-06-14T02:18:54.649+0000] {processor.py:183} INFO - Processing /home/airflow/.local/lib/python3.8/site-packages/airflow/example_dags/example_latest_only.py took 0.105 seconds
[2024-06-14T02:19:25.054+0000] {processor.py:161} INFO - Started process (PID=1166) to work on /home/airflow/.local/lib/python3.8/site-packages/airflow/example_dags/example_latest_only.py
[2024-06-14T02:19:25.056+0000] {processor.py:830} INFO - Processing file /home/airflow/.local/lib/python3.8/site-packages/airflow/example_dags/example_latest_only.py for tasks to queue
[2024-06-14T02:19:25.059+0000] {logging_mixin.py:188} INFO - [2024-06-14T02:19:25.059+0000] {dagbag.py:540} INFO - Filling up the DagBag from /home/airflow/.local/lib/python3.8/site-packages/airflow/example_dags/example_latest_only.py
[2024-06-14T02:19:25.067+0000] {processor.py:840} INFO - DAG(s) 'latest_only' retrieved from /home/airflow/.local/lib/python3.8/site-packages/airflow/example_dags/example_latest_only.py
[2024-06-14T02:19:25.093+0000] {logging_mixin.py:188} INFO - [2024-06-14T02:19:25.093+0000] {dag.py:3047} INFO - Sync 1 DAGs
[2024-06-14T02:19:25.125+0000] {logging_mixin.py:188} INFO - [2024-06-14T02:19:25.125+0000] {dag.py:3834} INFO - Setting next_dagrun for latest_only to 2024-06-13 20:00:00+00:00, run_after=2024-06-14 00:00:00+00:00
[2024-06-14T02:19:25.152+0000] {processor.py:183} INFO - Processing /home/airflow/.local/lib/python3.8/site-packages/airflow/example_dags/example_latest_only.py took 0.104 seconds
[2024-06-14T02:19:55.524+0000] {processor.py:161} INFO - Started process (PID=1226) to work on /home/airflow/.local/lib/python3.8/site-packages/airflow/example_dags/example_latest_only.py
[2024-06-14T02:19:55.526+0000] {processor.py:830} INFO - Processing file /home/airflow/.local/lib/python3.8/site-packages/airflow/example_dags/example_latest_only.py for tasks to queue
[2024-06-14T02:19:55.528+0000] {logging_mixin.py:188} INFO - [2024-06-14T02:19:55.528+0000] {dagbag.py:540} INFO - Filling up the DagBag from /home/airflow/.local/lib/python3.8/site-packages/airflow/example_dags/example_latest_only.py
[2024-06-14T02:19:55.534+0000] {processor.py:840} INFO - DAG(s) 'latest_only' retrieved from /home/airflow/.local/lib/python3.8/site-packages/airflow/example_dags/example_latest_only.py
[2024-06-14T02:19:55.559+0000] {logging_mixin.py:188} INFO - [2024-06-14T02:19:55.559+0000] {dag.py:3047} INFO - Sync 1 DAGs
[2024-06-14T02:19:55.589+0000] {logging_mixin.py:188} INFO - [2024-06-14T02:19:55.589+0000] {dag.py:3834} INFO - Setting next_dagrun for latest_only to 2024-06-13 20:00:00+00:00, run_after=2024-06-14 00:00:00+00:00
[2024-06-14T02:19:55.615+0000] {processor.py:183} INFO - Processing /home/airflow/.local/lib/python3.8/site-packages/airflow/example_dags/example_latest_only.py took 0.096 seconds
[2024-06-14T02:20:28.041+0000] {processor.py:161} INFO - Started process (PID=1287) to work on /home/airflow/.local/lib/python3.8/site-packages/airflow/example_dags/example_latest_only.py
[2024-06-14T02:20:28.043+0000] {processor.py:830} INFO - Processing file /home/airflow/.local/lib/python3.8/site-packages/airflow/example_dags/example_latest_only.py for tasks to queue
[2024-06-14T02:20:28.047+0000] {logging_mixin.py:188} INFO - [2024-06-14T02:20:28.046+0000] {dagbag.py:540} INFO - Filling up the DagBag from /home/airflow/.local/lib/python3.8/site-packages/airflow/example_dags/example_latest_only.py
[2024-06-14T02:20:28.059+0000] {processor.py:840} INFO - DAG(s) 'latest_only' retrieved from /home/airflow/.local/lib/python3.8/site-packages/airflow/example_dags/example_latest_only.py
[2024-06-14T02:20:28.095+0000] {logging_mixin.py:188} INFO - [2024-06-14T02:20:28.095+0000] {dag.py:3047} INFO - Sync 1 DAGs
[2024-06-14T02:20:28.129+0000] {logging_mixin.py:188} INFO - [2024-06-14T02:20:28.128+0000] {dag.py:3834} INFO - Setting next_dagrun for latest_only to 2024-06-13 20:00:00+00:00, run_after=2024-06-14 00:00:00+00:00
[2024-06-14T02:20:28.157+0000] {processor.py:183} INFO - Processing /home/airflow/.local/lib/python3.8/site-packages/airflow/example_dags/example_latest_only.py took 0.122 seconds
[2024-06-14T02:20:58.484+0000] {processor.py:161} INFO - Started process (PID=1348) to work on /home/airflow/.local/lib/python3.8/site-packages/airflow/example_dags/example_latest_only.py
[2024-06-14T02:20:58.486+0000] {processor.py:830} INFO - Processing file /home/airflow/.local/lib/python3.8/site-packages/airflow/example_dags/example_latest_only.py for tasks to queue
[2024-06-14T02:20:58.490+0000] {logging_mixin.py:188} INFO - [2024-06-14T02:20:58.489+0000] {dagbag.py:540} INFO - Filling up the DagBag from /home/airflow/.local/lib/python3.8/site-packages/airflow/example_dags/example_latest_only.py
[2024-06-14T02:20:58.495+0000] {processor.py:840} INFO - DAG(s) 'latest_only' retrieved from /home/airflow/.local/lib/python3.8/site-packages/airflow/example_dags/example_latest_only.py
[2024-06-14T02:20:58.522+0000] {logging_mixin.py:188} INFO - [2024-06-14T02:20:58.522+0000] {dag.py:3047} INFO - Sync 1 DAGs
[2024-06-14T02:20:58.558+0000] {logging_mixin.py:188} INFO - [2024-06-14T02:20:58.558+0000] {dag.py:3834} INFO - Setting next_dagrun for latest_only to 2024-06-13 20:00:00+00:00, run_after=2024-06-14 00:00:00+00:00
[2024-06-14T02:20:58.588+0000] {processor.py:183} INFO - Processing /home/airflow/.local/lib/python3.8/site-packages/airflow/example_dags/example_latest_only.py took 0.109 seconds
[2024-06-14T02:21:30.158+0000] {processor.py:161} INFO - Started process (PID=1409) to work on /home/airflow/.local/lib/python3.8/site-packages/airflow/example_dags/example_latest_only.py
[2024-06-14T02:21:30.160+0000] {processor.py:830} INFO - Processing file /home/airflow/.local/lib/python3.8/site-packages/airflow/example_dags/example_latest_only.py for tasks to queue
[2024-06-14T02:21:30.163+0000] {logging_mixin.py:188} INFO - [2024-06-14T02:21:30.163+0000] {dagbag.py:540} INFO - Filling up the DagBag from /home/airflow/.local/lib/python3.8/site-packages/airflow/example_dags/example_latest_only.py
[2024-06-14T02:21:30.176+0000] {processor.py:840} INFO - DAG(s) 'latest_only' retrieved from /home/airflow/.local/lib/python3.8/site-packages/airflow/example_dags/example_latest_only.py
[2024-06-14T02:21:30.213+0000] {logging_mixin.py:188} INFO - [2024-06-14T02:21:30.212+0000] {dag.py:3047} INFO - Sync 1 DAGs
[2024-06-14T02:21:30.259+0000] {logging_mixin.py:188} INFO - [2024-06-14T02:21:30.258+0000] {dag.py:3834} INFO - Setting next_dagrun for latest_only to 2024-06-13 20:00:00+00:00, run_after=2024-06-14 00:00:00+00:00
[2024-06-14T02:21:30.297+0000] {processor.py:183} INFO - Processing /home/airflow/.local/lib/python3.8/site-packages/airflow/example_dags/example_latest_only.py took 0.147 seconds
[2024-06-14T02:22:01.183+0000] {processor.py:161} INFO - Started process (PID=1470) to work on /home/airflow/.local/lib/python3.8/site-packages/airflow/example_dags/example_latest_only.py
[2024-06-14T02:22:01.185+0000] {processor.py:830} INFO - Processing file /home/airflow/.local/lib/python3.8/site-packages/airflow/example_dags/example_latest_only.py for tasks to queue
[2024-06-14T02:22:01.187+0000] {logging_mixin.py:188} INFO - [2024-06-14T02:22:01.187+0000] {dagbag.py:540} INFO - Filling up the DagBag from /home/airflow/.local/lib/python3.8/site-packages/airflow/example_dags/example_latest_only.py
[2024-06-14T02:22:01.194+0000] {processor.py:840} INFO - DAG(s) 'latest_only' retrieved from /home/airflow/.local/lib/python3.8/site-packages/airflow/example_dags/example_latest_only.py
[2024-06-14T02:22:01.220+0000] {logging_mixin.py:188} INFO - [2024-06-14T02:22:01.220+0000] {dag.py:3047} INFO - Sync 1 DAGs
[2024-06-14T02:22:01.244+0000] {logging_mixin.py:188} INFO - [2024-06-14T02:22:01.243+0000] {dag.py:3834} INFO - Setting next_dagrun for latest_only to 2024-06-13 20:00:00+00:00, run_after=2024-06-14 00:00:00+00:00
[2024-06-14T02:22:01.273+0000] {processor.py:183} INFO - Processing /home/airflow/.local/lib/python3.8/site-packages/airflow/example_dags/example_latest_only.py took 0.093 seconds
[2024-06-14T02:22:32.032+0000] {processor.py:161} INFO - Started process (PID=1529) to work on /home/airflow/.local/lib/python3.8/site-packages/airflow/example_dags/example_latest_only.py
[2024-06-14T02:22:32.034+0000] {processor.py:830} INFO - Processing file /home/airflow/.local/lib/python3.8/site-packages/airflow/example_dags/example_latest_only.py for tasks to queue
[2024-06-14T02:22:32.037+0000] {logging_mixin.py:188} INFO - [2024-06-14T02:22:32.036+0000] {dagbag.py:540} INFO - Filling up the DagBag from /home/airflow/.local/lib/python3.8/site-packages/airflow/example_dags/example_latest_only.py
[2024-06-14T02:22:32.048+0000] {processor.py:840} INFO - DAG(s) 'latest_only' retrieved from /home/airflow/.local/lib/python3.8/site-packages/airflow/example_dags/example_latest_only.py
[2024-06-14T02:22:32.079+0000] {logging_mixin.py:188} INFO - [2024-06-14T02:22:32.078+0000] {dag.py:3047} INFO - Sync 1 DAGs
[2024-06-14T02:22:32.116+0000] {logging_mixin.py:188} INFO - [2024-06-14T02:22:32.115+0000] {dag.py:3834} INFO - Setting next_dagrun for latest_only to 2024-06-13 20:00:00+00:00, run_after=2024-06-14 00:00:00+00:00
[2024-06-14T02:22:32.146+0000] {processor.py:183} INFO - Processing /home/airflow/.local/lib/python3.8/site-packages/airflow/example_dags/example_latest_only.py took 0.118 seconds
[2024-06-14T02:23:02.932+0000] {processor.py:161} INFO - Started process (PID=1590) to work on /home/airflow/.local/lib/python3.8/site-packages/airflow/example_dags/example_latest_only.py
[2024-06-14T02:23:02.936+0000] {processor.py:830} INFO - Processing file /home/airflow/.local/lib/python3.8/site-packages/airflow/example_dags/example_latest_only.py for tasks to queue
[2024-06-14T02:23:02.941+0000] {logging_mixin.py:188} INFO - [2024-06-14T02:23:02.939+0000] {dagbag.py:540} INFO - Filling up the DagBag from /home/airflow/.local/lib/python3.8/site-packages/airflow/example_dags/example_latest_only.py
[2024-06-14T02:23:02.948+0000] {processor.py:840} INFO - DAG(s) 'latest_only' retrieved from /home/airflow/.local/lib/python3.8/site-packages/airflow/example_dags/example_latest_only.py
[2024-06-14T02:23:02.971+0000] {logging_mixin.py:188} INFO - [2024-06-14T02:23:02.971+0000] {dag.py:3047} INFO - Sync 1 DAGs
[2024-06-14T02:23:02.995+0000] {logging_mixin.py:188} INFO - [2024-06-14T02:23:02.994+0000] {dag.py:3834} INFO - Setting next_dagrun for latest_only to 2024-06-13 20:00:00+00:00, run_after=2024-06-14 00:00:00+00:00
[2024-06-14T02:23:03.017+0000] {processor.py:183} INFO - Processing /home/airflow/.local/lib/python3.8/site-packages/airflow/example_dags/example_latest_only.py took 0.089 seconds
[2024-06-14T02:23:33.705+0000] {processor.py:161} INFO - Started process (PID=1652) to work on /home/airflow/.local/lib/python3.8/site-packages/airflow/example_dags/example_latest_only.py
[2024-06-14T02:23:33.707+0000] {processor.py:830} INFO - Processing file /home/airflow/.local/lib/python3.8/site-packages/airflow/example_dags/example_latest_only.py for tasks to queue
[2024-06-14T02:23:33.709+0000] {logging_mixin.py:188} INFO - [2024-06-14T02:23:33.709+0000] {dagbag.py:540} INFO - Filling up the DagBag from /home/airflow/.local/lib/python3.8/site-packages/airflow/example_dags/example_latest_only.py
[2024-06-14T02:23:33.715+0000] {processor.py:840} INFO - DAG(s) 'latest_only' retrieved from /home/airflow/.local/lib/python3.8/site-packages/airflow/example_dags/example_latest_only.py
[2024-06-14T02:23:33.737+0000] {logging_mixin.py:188} INFO - [2024-06-14T02:23:33.737+0000] {dag.py:3047} INFO - Sync 1 DAGs
[2024-06-14T02:23:33.762+0000] {logging_mixin.py:188} INFO - [2024-06-14T02:23:33.762+0000] {dag.py:3834} INFO - Setting next_dagrun for latest_only to 2024-06-13 20:00:00+00:00, run_after=2024-06-14 00:00:00+00:00
[2024-06-14T02:23:33.790+0000] {processor.py:183} INFO - Processing /home/airflow/.local/lib/python3.8/site-packages/airflow/example_dags/example_latest_only.py took 0.088 seconds
[2024-06-14T02:24:04.253+0000] {processor.py:161} INFO - Started process (PID=1713) to work on /home/airflow/.local/lib/python3.8/site-packages/airflow/example_dags/example_latest_only.py
[2024-06-14T02:24:04.255+0000] {processor.py:830} INFO - Processing file /home/airflow/.local/lib/python3.8/site-packages/airflow/example_dags/example_latest_only.py for tasks to queue
[2024-06-14T02:24:04.259+0000] {logging_mixin.py:188} INFO - [2024-06-14T02:24:04.258+0000] {dagbag.py:540} INFO - Filling up the DagBag from /home/airflow/.local/lib/python3.8/site-packages/airflow/example_dags/example_latest_only.py
[2024-06-14T02:24:04.266+0000] {processor.py:840} INFO - DAG(s) 'latest_only' retrieved from /home/airflow/.local/lib/python3.8/site-packages/airflow/example_dags/example_latest_only.py
[2024-06-14T02:24:04.296+0000] {logging_mixin.py:188} INFO - [2024-06-14T02:24:04.295+0000] {dag.py:3047} INFO - Sync 1 DAGs
[2024-06-14T02:24:04.332+0000] {logging_mixin.py:188} INFO - [2024-06-14T02:24:04.332+0000] {dag.py:3834} INFO - Setting next_dagrun for latest_only to 2024-06-13 20:00:00+00:00, run_after=2024-06-14 00:00:00+00:00
[2024-06-14T02:24:04.367+0000] {processor.py:183} INFO - Processing /home/airflow/.local/lib/python3.8/site-packages/airflow/example_dags/example_latest_only.py took 0.121 seconds
[2024-06-14T02:24:35.463+0000] {processor.py:161} INFO - Started process (PID=1780) to work on /home/airflow/.local/lib/python3.8/site-packages/airflow/example_dags/example_latest_only.py
[2024-06-14T02:24:35.464+0000] {processor.py:830} INFO - Processing file /home/airflow/.local/lib/python3.8/site-packages/airflow/example_dags/example_latest_only.py for tasks to queue
[2024-06-14T02:24:35.468+0000] {logging_mixin.py:188} INFO - [2024-06-14T02:24:35.468+0000] {dagbag.py:540} INFO - Filling up the DagBag from /home/airflow/.local/lib/python3.8/site-packages/airflow/example_dags/example_latest_only.py
[2024-06-14T02:24:35.477+0000] {processor.py:840} INFO - DAG(s) 'latest_only' retrieved from /home/airflow/.local/lib/python3.8/site-packages/airflow/example_dags/example_latest_only.py
[2024-06-14T02:24:35.508+0000] {logging_mixin.py:188} INFO - [2024-06-14T02:24:35.507+0000] {dag.py:3047} INFO - Sync 1 DAGs
[2024-06-14T02:24:35.543+0000] {logging_mixin.py:188} INFO - [2024-06-14T02:24:35.543+0000] {dag.py:3834} INFO - Setting next_dagrun for latest_only to 2024-06-13 20:00:00+00:00, run_after=2024-06-14 00:00:00+00:00
[2024-06-14T02:24:35.588+0000] {processor.py:183} INFO - Processing /home/airflow/.local/lib/python3.8/site-packages/airflow/example_dags/example_latest_only.py took 0.131 seconds
[2024-06-14T02:25:05.674+0000] {processor.py:161} INFO - Started process (PID=1839) to work on /home/airflow/.local/lib/python3.8/site-packages/airflow/example_dags/example_latest_only.py
[2024-06-14T02:25:05.677+0000] {processor.py:830} INFO - Processing file /home/airflow/.local/lib/python3.8/site-packages/airflow/example_dags/example_latest_only.py for tasks to queue
[2024-06-14T02:25:05.681+0000] {logging_mixin.py:188} INFO - [2024-06-14T02:25:05.680+0000] {dagbag.py:540} INFO - Filling up the DagBag from /home/airflow/.local/lib/python3.8/site-packages/airflow/example_dags/example_latest_only.py
[2024-06-14T02:25:05.692+0000] {processor.py:840} INFO - DAG(s) 'latest_only' retrieved from /home/airflow/.local/lib/python3.8/site-packages/airflow/example_dags/example_latest_only.py
[2024-06-14T02:25:05.724+0000] {logging_mixin.py:188} INFO - [2024-06-14T02:25:05.723+0000] {dag.py:3047} INFO - Sync 1 DAGs
[2024-06-14T02:25:05.761+0000] {logging_mixin.py:188} INFO - [2024-06-14T02:25:05.761+0000] {dag.py:3834} INFO - Setting next_dagrun for latest_only to 2024-06-13 20:00:00+00:00, run_after=2024-06-14 00:00:00+00:00
[2024-06-14T02:25:05.804+0000] {processor.py:183} INFO - Processing /home/airflow/.local/lib/python3.8/site-packages/airflow/example_dags/example_latest_only.py took 0.136 seconds
[2024-06-14T02:25:35.949+0000] {processor.py:161} INFO - Started process (PID=1901) to work on /home/airflow/.local/lib/python3.8/site-packages/airflow/example_dags/example_latest_only.py
[2024-06-14T02:25:35.951+0000] {processor.py:830} INFO - Processing file /home/airflow/.local/lib/python3.8/site-packages/airflow/example_dags/example_latest_only.py for tasks to queue
[2024-06-14T02:25:35.954+0000] {logging_mixin.py:188} INFO - [2024-06-14T02:25:35.954+0000] {dagbag.py:540} INFO - Filling up the DagBag from /home/airflow/.local/lib/python3.8/site-packages/airflow/example_dags/example_latest_only.py
[2024-06-14T02:25:35.963+0000] {processor.py:840} INFO - DAG(s) 'latest_only' retrieved from /home/airflow/.local/lib/python3.8/site-packages/airflow/example_dags/example_latest_only.py
[2024-06-14T02:25:35.991+0000] {logging_mixin.py:188} INFO - [2024-06-14T02:25:35.991+0000] {dag.py:3047} INFO - Sync 1 DAGs
[2024-06-14T02:25:36.018+0000] {logging_mixin.py:188} INFO - [2024-06-14T02:25:36.018+0000] {dag.py:3834} INFO - Setting next_dagrun for latest_only to 2024-06-13 20:00:00+00:00, run_after=2024-06-14 00:00:00+00:00
[2024-06-14T02:25:36.050+0000] {processor.py:183} INFO - Processing /home/airflow/.local/lib/python3.8/site-packages/airflow/example_dags/example_latest_only.py took 0.106 seconds
[2024-06-14T02:26:07.013+0000] {processor.py:161} INFO - Started process (PID=1962) to work on /home/airflow/.local/lib/python3.8/site-packages/airflow/example_dags/example_latest_only.py
[2024-06-14T02:26:07.016+0000] {processor.py:830} INFO - Processing file /home/airflow/.local/lib/python3.8/site-packages/airflow/example_dags/example_latest_only.py for tasks to queue
[2024-06-14T02:26:07.019+0000] {logging_mixin.py:188} INFO - [2024-06-14T02:26:07.019+0000] {dagbag.py:540} INFO - Filling up the DagBag from /home/airflow/.local/lib/python3.8/site-packages/airflow/example_dags/example_latest_only.py
[2024-06-14T02:26:07.027+0000] {processor.py:840} INFO - DAG(s) 'latest_only' retrieved from /home/airflow/.local/lib/python3.8/site-packages/airflow/example_dags/example_latest_only.py
[2024-06-14T02:26:07.056+0000] {logging_mixin.py:188} INFO - [2024-06-14T02:26:07.056+0000] {dag.py:3047} INFO - Sync 1 DAGs
[2024-06-14T02:26:07.088+0000] {logging_mixin.py:188} INFO - [2024-06-14T02:26:07.088+0000] {dag.py:3834} INFO - Setting next_dagrun for latest_only to 2024-06-13 20:00:00+00:00, run_after=2024-06-14 00:00:00+00:00
[2024-06-14T02:26:07.120+0000] {processor.py:183} INFO - Processing /home/airflow/.local/lib/python3.8/site-packages/airflow/example_dags/example_latest_only.py took 0.112 seconds
[2024-06-14T02:26:38.435+0000] {processor.py:161} INFO - Started process (PID=2023) to work on /home/airflow/.local/lib/python3.8/site-packages/airflow/example_dags/example_latest_only.py
[2024-06-14T02:26:38.437+0000] {processor.py:830} INFO - Processing file /home/airflow/.local/lib/python3.8/site-packages/airflow/example_dags/example_latest_only.py for tasks to queue
[2024-06-14T02:26:38.440+0000] {logging_mixin.py:188} INFO - [2024-06-14T02:26:38.439+0000] {dagbag.py:540} INFO - Filling up the DagBag from /home/airflow/.local/lib/python3.8/site-packages/airflow/example_dags/example_latest_only.py
[2024-06-14T02:26:38.447+0000] {processor.py:840} INFO - DAG(s) 'latest_only' retrieved from /home/airflow/.local/lib/python3.8/site-packages/airflow/example_dags/example_latest_only.py
[2024-06-14T02:26:38.477+0000] {logging_mixin.py:188} INFO - [2024-06-14T02:26:38.477+0000] {dag.py:3047} INFO - Sync 1 DAGs
[2024-06-14T02:26:38.516+0000] {logging_mixin.py:188} INFO - [2024-06-14T02:26:38.515+0000] {dag.py:3834} INFO - Setting next_dagrun for latest_only to 2024-06-13 20:00:00+00:00, run_after=2024-06-14 00:00:00+00:00
[2024-06-14T02:26:38.549+0000] {processor.py:183} INFO - Processing /home/airflow/.local/lib/python3.8/site-packages/airflow/example_dags/example_latest_only.py took 0.120 seconds
[2024-06-14T02:27:10.130+0000] {processor.py:161} INFO - Started process (PID=2084) to work on /home/airflow/.local/lib/python3.8/site-packages/airflow/example_dags/example_latest_only.py
[2024-06-14T02:27:10.131+0000] {processor.py:830} INFO - Processing file /home/airflow/.local/lib/python3.8/site-packages/airflow/example_dags/example_latest_only.py for tasks to queue
[2024-06-14T02:27:10.134+0000] {logging_mixin.py:188} INFO - [2024-06-14T02:27:10.134+0000] {dagbag.py:540} INFO - Filling up the DagBag from /home/airflow/.local/lib/python3.8/site-packages/airflow/example_dags/example_latest_only.py
[2024-06-14T02:27:10.141+0000] {processor.py:840} INFO - DAG(s) 'latest_only' retrieved from /home/airflow/.local/lib/python3.8/site-packages/airflow/example_dags/example_latest_only.py
[2024-06-14T02:27:10.168+0000] {logging_mixin.py:188} INFO - [2024-06-14T02:27:10.168+0000] {dag.py:3047} INFO - Sync 1 DAGs
[2024-06-14T02:27:10.199+0000] {logging_mixin.py:188} INFO - [2024-06-14T02:27:10.199+0000] {dag.py:3834} INFO - Setting next_dagrun for latest_only to 2024-06-13 20:00:00+00:00, run_after=2024-06-14 00:00:00+00:00
[2024-06-14T02:27:10.226+0000] {processor.py:183} INFO - Processing /home/airflow/.local/lib/python3.8/site-packages/airflow/example_dags/example_latest_only.py took 0.100 seconds
[2024-06-14T02:27:41.290+0000] {processor.py:161} INFO - Started process (PID=2145) to work on /home/airflow/.local/lib/python3.8/site-packages/airflow/example_dags/example_latest_only.py
[2024-06-14T02:27:41.292+0000] {processor.py:830} INFO - Processing file /home/airflow/.local/lib/python3.8/site-packages/airflow/example_dags/example_latest_only.py for tasks to queue
[2024-06-14T02:27:41.295+0000] {logging_mixin.py:188} INFO - [2024-06-14T02:27:41.294+0000] {dagbag.py:540} INFO - Filling up the DagBag from /home/airflow/.local/lib/python3.8/site-packages/airflow/example_dags/example_latest_only.py
[2024-06-14T02:27:41.303+0000] {processor.py:840} INFO - DAG(s) 'latest_only' retrieved from /home/airflow/.local/lib/python3.8/site-packages/airflow/example_dags/example_latest_only.py
[2024-06-14T02:27:41.333+0000] {logging_mixin.py:188} INFO - [2024-06-14T02:27:41.332+0000] {dag.py:3047} INFO - Sync 1 DAGs
[2024-06-14T02:27:41.530+0000] {logging_mixin.py:188} INFO - [2024-06-14T02:27:41.530+0000] {dag.py:3834} INFO - Setting next_dagrun for latest_only to 2024-06-13 20:00:00+00:00, run_after=2024-06-14 00:00:00+00:00
[2024-06-14T02:27:41.558+0000] {processor.py:183} INFO - Processing /home/airflow/.local/lib/python3.8/site-packages/airflow/example_dags/example_latest_only.py took 0.273 seconds
[2024-06-14T02:28:12.083+0000] {processor.py:161} INFO - Started process (PID=2206) to work on /home/airflow/.local/lib/python3.8/site-packages/airflow/example_dags/example_latest_only.py
[2024-06-14T02:28:12.085+0000] {processor.py:830} INFO - Processing file /home/airflow/.local/lib/python3.8/site-packages/airflow/example_dags/example_latest_only.py for tasks to queue
[2024-06-14T02:28:12.088+0000] {logging_mixin.py:188} INFO - [2024-06-14T02:28:12.087+0000] {dagbag.py:540} INFO - Filling up the DagBag from /home/airflow/.local/lib/python3.8/site-packages/airflow/example_dags/example_latest_only.py
[2024-06-14T02:28:12.095+0000] {processor.py:840} INFO - DAG(s) 'latest_only' retrieved from /home/airflow/.local/lib/python3.8/site-packages/airflow/example_dags/example_latest_only.py
[2024-06-14T02:28:12.285+0000] {logging_mixin.py:188} INFO - [2024-06-14T02:28:12.285+0000] {dag.py:3047} INFO - Sync 1 DAGs
[2024-06-14T02:28:12.321+0000] {logging_mixin.py:188} INFO - [2024-06-14T02:28:12.321+0000] {dag.py:3834} INFO - Setting next_dagrun for latest_only to 2024-06-13 20:00:00+00:00, run_after=2024-06-14 00:00:00+00:00
[2024-06-14T02:28:12.353+0000] {processor.py:183} INFO - Processing /home/airflow/.local/lib/python3.8/site-packages/airflow/example_dags/example_latest_only.py took 0.274 seconds
[2024-06-14T02:28:42.828+0000] {processor.py:161} INFO - Started process (PID=2267) to work on /home/airflow/.local/lib/python3.8/site-packages/airflow/example_dags/example_latest_only.py
[2024-06-14T02:28:42.830+0000] {processor.py:830} INFO - Processing file /home/airflow/.local/lib/python3.8/site-packages/airflow/example_dags/example_latest_only.py for tasks to queue
[2024-06-14T02:28:42.833+0000] {logging_mixin.py:188} INFO - [2024-06-14T02:28:42.833+0000] {dagbag.py:540} INFO - Filling up the DagBag from /home/airflow/.local/lib/python3.8/site-packages/airflow/example_dags/example_latest_only.py
[2024-06-14T02:28:42.841+0000] {processor.py:840} INFO - DAG(s) 'latest_only' retrieved from /home/airflow/.local/lib/python3.8/site-packages/airflow/example_dags/example_latest_only.py
[2024-06-14T02:28:42.872+0000] {logging_mixin.py:188} INFO - [2024-06-14T02:28:42.871+0000] {dag.py:3047} INFO - Sync 1 DAGs
[2024-06-14T02:28:42.910+0000] {logging_mixin.py:188} INFO - [2024-06-14T02:28:42.910+0000] {dag.py:3834} INFO - Setting next_dagrun for latest_only to 2024-06-13 20:00:00+00:00, run_after=2024-06-14 00:00:00+00:00
[2024-06-14T02:28:42.969+0000] {processor.py:183} INFO - Processing /home/airflow/.local/lib/python3.8/site-packages/airflow/example_dags/example_latest_only.py took 0.145 seconds
[2024-06-14T02:29:13.415+0000] {processor.py:161} INFO - Started process (PID=2328) to work on /home/airflow/.local/lib/python3.8/site-packages/airflow/example_dags/example_latest_only.py
[2024-06-14T02:29:13.417+0000] {processor.py:830} INFO - Processing file /home/airflow/.local/lib/python3.8/site-packages/airflow/example_dags/example_latest_only.py for tasks to queue
[2024-06-14T02:29:13.419+0000] {logging_mixin.py:188} INFO - [2024-06-14T02:29:13.419+0000] {dagbag.py:540} INFO - Filling up the DagBag from /home/airflow/.local/lib/python3.8/site-packages/airflow/example_dags/example_latest_only.py
[2024-06-14T02:29:13.426+0000] {processor.py:840} INFO - DAG(s) 'latest_only' retrieved from /home/airflow/.local/lib/python3.8/site-packages/airflow/example_dags/example_latest_only.py
[2024-06-14T02:29:13.453+0000] {logging_mixin.py:188} INFO - [2024-06-14T02:29:13.452+0000] {dag.py:3047} INFO - Sync 1 DAGs
[2024-06-14T02:29:13.482+0000] {logging_mixin.py:188} INFO - [2024-06-14T02:29:13.481+0000] {dag.py:3834} INFO - Setting next_dagrun for latest_only to 2024-06-13 20:00:00+00:00, run_after=2024-06-14 00:00:00+00:00
[2024-06-14T02:29:13.515+0000] {processor.py:183} INFO - Processing /home/airflow/.local/lib/python3.8/site-packages/airflow/example_dags/example_latest_only.py took 0.104 seconds
[2024-06-14T02:29:44.295+0000] {processor.py:161} INFO - Started process (PID=2389) to work on /home/airflow/.local/lib/python3.8/site-packages/airflow/example_dags/example_latest_only.py
[2024-06-14T02:29:44.297+0000] {processor.py:830} INFO - Processing file /home/airflow/.local/lib/python3.8/site-packages/airflow/example_dags/example_latest_only.py for tasks to queue
[2024-06-14T02:29:44.299+0000] {logging_mixin.py:188} INFO - [2024-06-14T02:29:44.299+0000] {dagbag.py:540} INFO - Filling up the DagBag from /home/airflow/.local/lib/python3.8/site-packages/airflow/example_dags/example_latest_only.py
[2024-06-14T02:29:44.305+0000] {processor.py:840} INFO - DAG(s) 'latest_only' retrieved from /home/airflow/.local/lib/python3.8/site-packages/airflow/example_dags/example_latest_only.py
[2024-06-14T02:29:44.337+0000] {logging_mixin.py:188} INFO - [2024-06-14T02:29:44.337+0000] {dag.py:3047} INFO - Sync 1 DAGs
[2024-06-14T02:29:44.366+0000] {logging_mixin.py:188} INFO - [2024-06-14T02:29:44.365+0000] {dag.py:3834} INFO - Setting next_dagrun for latest_only to 2024-06-13 20:00:00+00:00, run_after=2024-06-14 00:00:00+00:00
[2024-06-14T02:29:44.391+0000] {processor.py:183} INFO - Processing /home/airflow/.local/lib/python3.8/site-packages/airflow/example_dags/example_latest_only.py took 0.101 seconds
[2024-06-14T02:30:15.134+0000] {processor.py:161} INFO - Started process (PID=2450) to work on /home/airflow/.local/lib/python3.8/site-packages/airflow/example_dags/example_latest_only.py
[2024-06-14T02:30:15.135+0000] {processor.py:830} INFO - Processing file /home/airflow/.local/lib/python3.8/site-packages/airflow/example_dags/example_latest_only.py for tasks to queue
[2024-06-14T02:30:15.138+0000] {logging_mixin.py:188} INFO - [2024-06-14T02:30:15.138+0000] {dagbag.py:540} INFO - Filling up the DagBag from /home/airflow/.local/lib/python3.8/site-packages/airflow/example_dags/example_latest_only.py
[2024-06-14T02:30:15.149+0000] {processor.py:840} INFO - DAG(s) 'latest_only' retrieved from /home/airflow/.local/lib/python3.8/site-packages/airflow/example_dags/example_latest_only.py
[2024-06-14T02:30:15.185+0000] {logging_mixin.py:188} INFO - [2024-06-14T02:30:15.184+0000] {dag.py:3047} INFO - Sync 1 DAGs
[2024-06-14T02:30:15.231+0000] {logging_mixin.py:188} INFO - [2024-06-14T02:30:15.231+0000] {dag.py:3834} INFO - Setting next_dagrun for latest_only to 2024-06-13 20:00:00+00:00, run_after=2024-06-14 00:00:00+00:00
[2024-06-14T02:30:15.279+0000] {processor.py:183} INFO - Processing /home/airflow/.local/lib/python3.8/site-packages/airflow/example_dags/example_latest_only.py took 0.150 seconds
[2024-06-14T02:30:45.928+0000] {processor.py:161} INFO - Started process (PID=2511) to work on /home/airflow/.local/lib/python3.8/site-packages/airflow/example_dags/example_latest_only.py
[2024-06-14T02:30:45.930+0000] {processor.py:830} INFO - Processing file /home/airflow/.local/lib/python3.8/site-packages/airflow/example_dags/example_latest_only.py for tasks to queue
[2024-06-14T02:30:45.936+0000] {logging_mixin.py:188} INFO - [2024-06-14T02:30:45.935+0000] {dagbag.py:540} INFO - Filling up the DagBag from /home/airflow/.local/lib/python3.8/site-packages/airflow/example_dags/example_latest_only.py
[2024-06-14T02:30:45.944+0000] {processor.py:840} INFO - DAG(s) 'latest_only' retrieved from /home/airflow/.local/lib/python3.8/site-packages/airflow/example_dags/example_latest_only.py
[2024-06-14T02:30:45.980+0000] {logging_mixin.py:188} INFO - [2024-06-14T02:30:45.980+0000] {dag.py:3047} INFO - Sync 1 DAGs
[2024-06-14T02:30:46.025+0000] {logging_mixin.py:188} INFO - [2024-06-14T02:30:46.025+0000] {dag.py:3834} INFO - Setting next_dagrun for latest_only to 2024-06-13 20:00:00+00:00, run_after=2024-06-14 00:00:00+00:00
[2024-06-14T02:30:46.063+0000] {processor.py:183} INFO - Processing /home/airflow/.local/lib/python3.8/site-packages/airflow/example_dags/example_latest_only.py took 0.141 seconds
[2024-06-14T02:31:16.499+0000] {processor.py:161} INFO - Started process (PID=2572) to work on /home/airflow/.local/lib/python3.8/site-packages/airflow/example_dags/example_latest_only.py
[2024-06-14T02:31:16.501+0000] {processor.py:830} INFO - Processing file /home/airflow/.local/lib/python3.8/site-packages/airflow/example_dags/example_latest_only.py for tasks to queue
[2024-06-14T02:31:16.505+0000] {logging_mixin.py:188} INFO - [2024-06-14T02:31:16.504+0000] {dagbag.py:540} INFO - Filling up the DagBag from /home/airflow/.local/lib/python3.8/site-packages/airflow/example_dags/example_latest_only.py
[2024-06-14T02:31:16.516+0000] {processor.py:840} INFO - DAG(s) 'latest_only' retrieved from /home/airflow/.local/lib/python3.8/site-packages/airflow/example_dags/example_latest_only.py
[2024-06-14T02:31:16.552+0000] {logging_mixin.py:188} INFO - [2024-06-14T02:31:16.551+0000] {dag.py:3047} INFO - Sync 1 DAGs
[2024-06-14T02:31:16.587+0000] {logging_mixin.py:188} INFO - [2024-06-14T02:31:16.587+0000] {dag.py:3834} INFO - Setting next_dagrun for latest_only to 2024-06-13 20:00:00+00:00, run_after=2024-06-14 00:00:00+00:00
[2024-06-14T02:31:16.619+0000] {processor.py:183} INFO - Processing /home/airflow/.local/lib/python3.8/site-packages/airflow/example_dags/example_latest_only.py took 0.127 seconds
[2024-06-14T02:31:46.663+0000] {processor.py:161} INFO - Started process (PID=2633) to work on /home/airflow/.local/lib/python3.8/site-packages/airflow/example_dags/example_latest_only.py
[2024-06-14T02:31:46.665+0000] {processor.py:830} INFO - Processing file /home/airflow/.local/lib/python3.8/site-packages/airflow/example_dags/example_latest_only.py for tasks to queue
[2024-06-14T02:31:46.668+0000] {logging_mixin.py:188} INFO - [2024-06-14T02:31:46.667+0000] {dagbag.py:540} INFO - Filling up the DagBag from /home/airflow/.local/lib/python3.8/site-packages/airflow/example_dags/example_latest_only.py
[2024-06-14T02:31:46.674+0000] {processor.py:840} INFO - DAG(s) 'latest_only' retrieved from /home/airflow/.local/lib/python3.8/site-packages/airflow/example_dags/example_latest_only.py
[2024-06-14T02:31:46.700+0000] {logging_mixin.py:188} INFO - [2024-06-14T02:31:46.699+0000] {dag.py:3047} INFO - Sync 1 DAGs
[2024-06-14T02:31:46.728+0000] {logging_mixin.py:188} INFO - [2024-06-14T02:31:46.728+0000] {dag.py:3834} INFO - Setting next_dagrun for latest_only to 2024-06-13 20:00:00+00:00, run_after=2024-06-14 00:00:00+00:00
[2024-06-14T02:31:46.755+0000] {processor.py:183} INFO - Processing /home/airflow/.local/lib/python3.8/site-packages/airflow/example_dags/example_latest_only.py took 0.096 seconds
[2024-06-14T02:32:16.983+0000] {processor.py:161} INFO - Started process (PID=2693) to work on /home/airflow/.local/lib/python3.8/site-packages/airflow/example_dags/example_latest_only.py
[2024-06-14T02:32:16.984+0000] {processor.py:830} INFO - Processing file /home/airflow/.local/lib/python3.8/site-packages/airflow/example_dags/example_latest_only.py for tasks to queue
[2024-06-14T02:32:16.987+0000] {logging_mixin.py:188} INFO - [2024-06-14T02:32:16.986+0000] {dagbag.py:540} INFO - Filling up the DagBag from /home/airflow/.local/lib/python3.8/site-packages/airflow/example_dags/example_latest_only.py
[2024-06-14T02:32:16.993+0000] {processor.py:840} INFO - DAG(s) 'latest_only' retrieved from /home/airflow/.local/lib/python3.8/site-packages/airflow/example_dags/example_latest_only.py
[2024-06-14T02:32:17.019+0000] {logging_mixin.py:188} INFO - [2024-06-14T02:32:17.018+0000] {dag.py:3047} INFO - Sync 1 DAGs
[2024-06-14T02:32:17.051+0000] {logging_mixin.py:188} INFO - [2024-06-14T02:32:17.050+0000] {dag.py:3834} INFO - Setting next_dagrun for latest_only to 2024-06-13 20:00:00+00:00, run_after=2024-06-14 00:00:00+00:00
[2024-06-14T02:32:17.079+0000] {processor.py:183} INFO - Processing /home/airflow/.local/lib/python3.8/site-packages/airflow/example_dags/example_latest_only.py took 0.100 seconds
[2024-06-14T02:32:47.925+0000] {processor.py:161} INFO - Started process (PID=2755) to work on /home/airflow/.local/lib/python3.8/site-packages/airflow/example_dags/example_latest_only.py
[2024-06-14T02:32:47.927+0000] {processor.py:830} INFO - Processing file /home/airflow/.local/lib/python3.8/site-packages/airflow/example_dags/example_latest_only.py for tasks to queue
[2024-06-14T02:32:47.930+0000] {logging_mixin.py:188} INFO - [2024-06-14T02:32:47.930+0000] {dagbag.py:540} INFO - Filling up the DagBag from /home/airflow/.local/lib/python3.8/site-packages/airflow/example_dags/example_latest_only.py
[2024-06-14T02:32:47.937+0000] {processor.py:840} INFO - DAG(s) 'latest_only' retrieved from /home/airflow/.local/lib/python3.8/site-packages/airflow/example_dags/example_latest_only.py
[2024-06-14T02:32:47.971+0000] {logging_mixin.py:188} INFO - [2024-06-14T02:32:47.971+0000] {dag.py:3047} INFO - Sync 1 DAGs
[2024-06-14T02:32:48.010+0000] {logging_mixin.py:188} INFO - [2024-06-14T02:32:48.010+0000] {dag.py:3834} INFO - Setting next_dagrun for latest_only to 2024-06-13 20:00:00+00:00, run_after=2024-06-14 00:00:00+00:00
[2024-06-14T02:32:48.050+0000] {processor.py:183} INFO - Processing /home/airflow/.local/lib/python3.8/site-packages/airflow/example_dags/example_latest_only.py took 0.130 seconds
[2024-06-14T02:33:18.883+0000] {processor.py:161} INFO - Started process (PID=2816) to work on /home/airflow/.local/lib/python3.8/site-packages/airflow/example_dags/example_latest_only.py
[2024-06-14T02:33:18.884+0000] {processor.py:830} INFO - Processing file /home/airflow/.local/lib/python3.8/site-packages/airflow/example_dags/example_latest_only.py for tasks to queue
[2024-06-14T02:33:18.887+0000] {logging_mixin.py:188} INFO - [2024-06-14T02:33:18.887+0000] {dagbag.py:540} INFO - Filling up the DagBag from /home/airflow/.local/lib/python3.8/site-packages/airflow/example_dags/example_latest_only.py
[2024-06-14T02:33:18.895+0000] {processor.py:840} INFO - DAG(s) 'latest_only' retrieved from /home/airflow/.local/lib/python3.8/site-packages/airflow/example_dags/example_latest_only.py
[2024-06-14T02:33:18.922+0000] {logging_mixin.py:188} INFO - [2024-06-14T02:33:18.922+0000] {dag.py:3047} INFO - Sync 1 DAGs
[2024-06-14T02:33:18.958+0000] {logging_mixin.py:188} INFO - [2024-06-14T02:33:18.957+0000] {dag.py:3834} INFO - Setting next_dagrun for latest_only to 2024-06-13 20:00:00+00:00, run_after=2024-06-14 00:00:00+00:00
[2024-06-14T02:33:18.985+0000] {processor.py:183} INFO - Processing /home/airflow/.local/lib/python3.8/site-packages/airflow/example_dags/example_latest_only.py took 0.106 seconds
[2024-06-14T02:33:49.833+0000] {processor.py:161} INFO - Started process (PID=2877) to work on /home/airflow/.local/lib/python3.8/site-packages/airflow/example_dags/example_latest_only.py
[2024-06-14T02:33:49.835+0000] {processor.py:830} INFO - Processing file /home/airflow/.local/lib/python3.8/site-packages/airflow/example_dags/example_latest_only.py for tasks to queue
[2024-06-14T02:33:49.838+0000] {logging_mixin.py:188} INFO - [2024-06-14T02:33:49.837+0000] {dagbag.py:540} INFO - Filling up the DagBag from /home/airflow/.local/lib/python3.8/site-packages/airflow/example_dags/example_latest_only.py
[2024-06-14T02:33:49.846+0000] {processor.py:840} INFO - DAG(s) 'latest_only' retrieved from /home/airflow/.local/lib/python3.8/site-packages/airflow/example_dags/example_latest_only.py
[2024-06-14T02:33:49.881+0000] {logging_mixin.py:188} INFO - [2024-06-14T02:33:49.880+0000] {dag.py:3047} INFO - Sync 1 DAGs
[2024-06-14T02:33:49.931+0000] {logging_mixin.py:188} INFO - [2024-06-14T02:33:49.930+0000] {dag.py:3834} INFO - Setting next_dagrun for latest_only to 2024-06-13 20:00:00+00:00, run_after=2024-06-14 00:00:00+00:00
[2024-06-14T02:33:49.966+0000] {processor.py:183} INFO - Processing /home/airflow/.local/lib/python3.8/site-packages/airflow/example_dags/example_latest_only.py took 0.138 seconds
[2024-06-14T02:34:20.147+0000] {processor.py:161} INFO - Started process (PID=2938) to work on /home/airflow/.local/lib/python3.8/site-packages/airflow/example_dags/example_latest_only.py
[2024-06-14T02:34:20.151+0000] {processor.py:830} INFO - Processing file /home/airflow/.local/lib/python3.8/site-packages/airflow/example_dags/example_latest_only.py for tasks to queue
[2024-06-14T02:34:20.155+0000] {logging_mixin.py:188} INFO - [2024-06-14T02:34:20.155+0000] {dagbag.py:540} INFO - Filling up the DagBag from /home/airflow/.local/lib/python3.8/site-packages/airflow/example_dags/example_latest_only.py
[2024-06-14T02:34:20.163+0000] {processor.py:840} INFO - DAG(s) 'latest_only' retrieved from /home/airflow/.local/lib/python3.8/site-packages/airflow/example_dags/example_latest_only.py
[2024-06-14T02:34:20.188+0000] {logging_mixin.py:188} INFO - [2024-06-14T02:34:20.187+0000] {dag.py:3047} INFO - Sync 1 DAGs
[2024-06-14T02:34:20.214+0000] {logging_mixin.py:188} INFO - [2024-06-14T02:34:20.214+0000] {dag.py:3834} INFO - Setting next_dagrun for latest_only to 2024-06-13 20:00:00+00:00, run_after=2024-06-14 00:00:00+00:00
[2024-06-14T02:34:20.241+0000] {processor.py:183} INFO - Processing /home/airflow/.local/lib/python3.8/site-packages/airflow/example_dags/example_latest_only.py took 0.099 seconds
[2024-06-14T02:34:50.748+0000] {processor.py:161} INFO - Started process (PID=2998) to work on /home/airflow/.local/lib/python3.8/site-packages/airflow/example_dags/example_latest_only.py
[2024-06-14T02:34:50.750+0000] {processor.py:830} INFO - Processing file /home/airflow/.local/lib/python3.8/site-packages/airflow/example_dags/example_latest_only.py for tasks to queue
[2024-06-14T02:34:50.753+0000] {logging_mixin.py:188} INFO - [2024-06-14T02:34:50.752+0000] {dagbag.py:540} INFO - Filling up the DagBag from /home/airflow/.local/lib/python3.8/site-packages/airflow/example_dags/example_latest_only.py
[2024-06-14T02:34:50.760+0000] {processor.py:840} INFO - DAG(s) 'latest_only' retrieved from /home/airflow/.local/lib/python3.8/site-packages/airflow/example_dags/example_latest_only.py
[2024-06-14T02:34:50.792+0000] {logging_mixin.py:188} INFO - [2024-06-14T02:34:50.791+0000] {dag.py:3047} INFO - Sync 1 DAGs
[2024-06-14T02:34:50.824+0000] {logging_mixin.py:188} INFO - [2024-06-14T02:34:50.824+0000] {dag.py:3834} INFO - Setting next_dagrun for latest_only to 2024-06-13 20:00:00+00:00, run_after=2024-06-14 00:00:00+00:00
[2024-06-14T02:34:50.859+0000] {processor.py:183} INFO - Processing /home/airflow/.local/lib/python3.8/site-packages/airflow/example_dags/example_latest_only.py took 0.118 seconds
[2024-06-14T02:35:21.846+0000] {processor.py:161} INFO - Started process (PID=3058) to work on /home/airflow/.local/lib/python3.8/site-packages/airflow/example_dags/example_latest_only.py
[2024-06-14T02:35:21.852+0000] {processor.py:830} INFO - Processing file /home/airflow/.local/lib/python3.8/site-packages/airflow/example_dags/example_latest_only.py for tasks to queue
[2024-06-14T02:35:21.856+0000] {logging_mixin.py:188} INFO - [2024-06-14T02:35:21.855+0000] {dagbag.py:540} INFO - Filling up the DagBag from /home/airflow/.local/lib/python3.8/site-packages/airflow/example_dags/example_latest_only.py
[2024-06-14T02:35:21.873+0000] {processor.py:840} INFO - DAG(s) 'latest_only' retrieved from /home/airflow/.local/lib/python3.8/site-packages/airflow/example_dags/example_latest_only.py
[2024-06-14T02:35:21.951+0000] {logging_mixin.py:188} INFO - [2024-06-14T02:35:21.951+0000] {dag.py:3047} INFO - Sync 1 DAGs
[2024-06-14T02:35:22.023+0000] {logging_mixin.py:188} INFO - [2024-06-14T02:35:22.023+0000] {dag.py:3834} INFO - Setting next_dagrun for latest_only to 2024-06-13 20:00:00+00:00, run_after=2024-06-14 00:00:00+00:00
[2024-06-14T02:35:22.106+0000] {processor.py:183} INFO - Processing /home/airflow/.local/lib/python3.8/site-packages/airflow/example_dags/example_latest_only.py took 0.268 seconds
[2024-06-14T02:35:53.025+0000] {processor.py:161} INFO - Started process (PID=3119) to work on /home/airflow/.local/lib/python3.8/site-packages/airflow/example_dags/example_latest_only.py
[2024-06-14T02:35:53.026+0000] {processor.py:830} INFO - Processing file /home/airflow/.local/lib/python3.8/site-packages/airflow/example_dags/example_latest_only.py for tasks to queue
[2024-06-14T02:35:53.029+0000] {logging_mixin.py:188} INFO - [2024-06-14T02:35:53.029+0000] {dagbag.py:540} INFO - Filling up the DagBag from /home/airflow/.local/lib/python3.8/site-packages/airflow/example_dags/example_latest_only.py
[2024-06-14T02:35:53.036+0000] {processor.py:840} INFO - DAG(s) 'latest_only' retrieved from /home/airflow/.local/lib/python3.8/site-packages/airflow/example_dags/example_latest_only.py
[2024-06-14T02:35:53.062+0000] {logging_mixin.py:188} INFO - [2024-06-14T02:35:53.062+0000] {dag.py:3047} INFO - Sync 1 DAGs
[2024-06-14T02:35:53.090+0000] {logging_mixin.py:188} INFO - [2024-06-14T02:35:53.089+0000] {dag.py:3834} INFO - Setting next_dagrun for latest_only to 2024-06-13 20:00:00+00:00, run_after=2024-06-14 00:00:00+00:00
[2024-06-14T02:35:53.118+0000] {processor.py:183} INFO - Processing /home/airflow/.local/lib/python3.8/site-packages/airflow/example_dags/example_latest_only.py took 0.097 seconds
[2024-06-14T02:36:23.564+0000] {processor.py:161} INFO - Started process (PID=3180) to work on /home/airflow/.local/lib/python3.8/site-packages/airflow/example_dags/example_latest_only.py
[2024-06-14T02:36:23.565+0000] {processor.py:830} INFO - Processing file /home/airflow/.local/lib/python3.8/site-packages/airflow/example_dags/example_latest_only.py for tasks to queue
[2024-06-14T02:36:23.568+0000] {logging_mixin.py:188} INFO - [2024-06-14T02:36:23.568+0000] {dagbag.py:540} INFO - Filling up the DagBag from /home/airflow/.local/lib/python3.8/site-packages/airflow/example_dags/example_latest_only.py
[2024-06-14T02:36:23.574+0000] {processor.py:840} INFO - DAG(s) 'latest_only' retrieved from /home/airflow/.local/lib/python3.8/site-packages/airflow/example_dags/example_latest_only.py
[2024-06-14T02:36:23.602+0000] {logging_mixin.py:188} INFO - [2024-06-14T02:36:23.602+0000] {dag.py:3047} INFO - Sync 1 DAGs
[2024-06-14T02:36:23.630+0000] {logging_mixin.py:188} INFO - [2024-06-14T02:36:23.630+0000] {dag.py:3834} INFO - Setting next_dagrun for latest_only to 2024-06-13 20:00:00+00:00, run_after=2024-06-14 00:00:00+00:00
[2024-06-14T02:36:23.659+0000] {processor.py:183} INFO - Processing /home/airflow/.local/lib/python3.8/site-packages/airflow/example_dags/example_latest_only.py took 0.099 seconds
[2024-06-14T02:36:53.772+0000] {processor.py:161} INFO - Started process (PID=3241) to work on /home/airflow/.local/lib/python3.8/site-packages/airflow/example_dags/example_latest_only.py
[2024-06-14T02:36:53.780+0000] {processor.py:830} INFO - Processing file /home/airflow/.local/lib/python3.8/site-packages/airflow/example_dags/example_latest_only.py for tasks to queue
[2024-06-14T02:36:53.787+0000] {logging_mixin.py:188} INFO - [2024-06-14T02:36:53.786+0000] {dagbag.py:540} INFO - Filling up the DagBag from /home/airflow/.local/lib/python3.8/site-packages/airflow/example_dags/example_latest_only.py
[2024-06-14T02:36:53.803+0000] {processor.py:840} INFO - DAG(s) 'latest_only' retrieved from /home/airflow/.local/lib/python3.8/site-packages/airflow/example_dags/example_latest_only.py
[2024-06-14T02:36:53.884+0000] {logging_mixin.py:188} INFO - [2024-06-14T02:36:53.883+0000] {dag.py:3047} INFO - Sync 1 DAGs
[2024-06-14T02:36:53.968+0000] {logging_mixin.py:188} INFO - [2024-06-14T02:36:53.968+0000] {dag.py:3834} INFO - Setting next_dagrun for latest_only to 2024-06-13 20:00:00+00:00, run_after=2024-06-14 00:00:00+00:00
[2024-06-14T02:36:54.051+0000] {processor.py:183} INFO - Processing /home/airflow/.local/lib/python3.8/site-packages/airflow/example_dags/example_latest_only.py took 0.296 seconds
[2024-06-14T02:37:24.612+0000] {processor.py:161} INFO - Started process (PID=3302) to work on /home/airflow/.local/lib/python3.8/site-packages/airflow/example_dags/example_latest_only.py
[2024-06-14T02:37:24.618+0000] {processor.py:830} INFO - Processing file /home/airflow/.local/lib/python3.8/site-packages/airflow/example_dags/example_latest_only.py for tasks to queue
[2024-06-14T02:37:24.622+0000] {logging_mixin.py:188} INFO - [2024-06-14T02:37:24.621+0000] {dagbag.py:540} INFO - Filling up the DagBag from /home/airflow/.local/lib/python3.8/site-packages/airflow/example_dags/example_latest_only.py
[2024-06-14T02:37:24.638+0000] {processor.py:840} INFO - DAG(s) 'latest_only' retrieved from /home/airflow/.local/lib/python3.8/site-packages/airflow/example_dags/example_latest_only.py
[2024-06-14T02:37:24.676+0000] {logging_mixin.py:188} INFO - [2024-06-14T02:37:24.675+0000] {dag.py:3047} INFO - Sync 1 DAGs
[2024-06-14T02:37:24.705+0000] {logging_mixin.py:188} INFO - [2024-06-14T02:37:24.705+0000] {dag.py:3834} INFO - Setting next_dagrun for latest_only to 2024-06-13 20:00:00+00:00, run_after=2024-06-14 00:00:00+00:00
[2024-06-14T02:37:24.729+0000] {processor.py:183} INFO - Processing /home/airflow/.local/lib/python3.8/site-packages/airflow/example_dags/example_latest_only.py took 0.125 seconds
