[2024-06-14T02:09:51.535+0000] {processor.py:161} INFO - Started process (PID=73) to work on /home/airflow/.local/lib/python3.8/site-packages/airflow/example_dags/example_branch_labels.py
[2024-06-14T02:09:51.550+0000] {processor.py:830} INFO - Processing file /home/airflow/.local/lib/python3.8/site-packages/airflow/example_dags/example_branch_labels.py for tasks to queue
[2024-06-14T02:09:51.559+0000] {logging_mixin.py:188} INFO - [2024-06-14T02:09:51.559+0000] {dagbag.py:540} INFO - Filling up the DagBag from /home/airflow/.local/lib/python3.8/site-packages/airflow/example_dags/example_branch_labels.py
[2024-06-14T02:09:51.587+0000] {processor.py:840} INFO - DAG(s) 'example_branch_labels' retrieved from /home/airflow/.local/lib/python3.8/site-packages/airflow/example_dags/example_branch_labels.py
[2024-06-14T02:09:51.682+0000] {logging_mixin.py:188} INFO - [2024-06-14T02:09:51.682+0000] {dag.py:3047} INFO - Sync 1 DAGs
[2024-06-14T02:09:51.780+0000] {logging_mixin.py:188} INFO - [2024-06-14T02:09:51.780+0000] {dag.py:3834} INFO - Setting next_dagrun for example_branch_labels to 2024-06-13 00:00:00+00:00, run_after=2024-06-14 00:00:00+00:00
[2024-06-14T02:09:51.863+0000] {processor.py:183} INFO - Processing /home/airflow/.local/lib/python3.8/site-packages/airflow/example_dags/example_branch_labels.py took 0.334 seconds
[2024-06-14T02:10:27.864+0000] {processor.py:161} INFO - Started process (PID=55) to work on /home/airflow/.local/lib/python3.8/site-packages/airflow/example_dags/example_branch_labels.py
[2024-06-14T02:10:27.868+0000] {processor.py:830} INFO - Processing file /home/airflow/.local/lib/python3.8/site-packages/airflow/example_dags/example_branch_labels.py for tasks to queue
[2024-06-14T02:10:27.875+0000] {logging_mixin.py:188} INFO - [2024-06-14T02:10:27.874+0000] {dagbag.py:540} INFO - Filling up the DagBag from /home/airflow/.local/lib/python3.8/site-packages/airflow/example_dags/example_branch_labels.py
[2024-06-14T02:10:27.928+0000] {processor.py:840} INFO - DAG(s) 'example_branch_labels' retrieved from /home/airflow/.local/lib/python3.8/site-packages/airflow/example_dags/example_branch_labels.py
[2024-06-14T02:10:28.043+0000] {logging_mixin.py:188} INFO - [2024-06-14T02:10:28.042+0000] {dag.py:3047} INFO - Sync 1 DAGs
[2024-06-14T02:10:28.104+0000] {logging_mixin.py:188} INFO - [2024-06-14T02:10:28.103+0000] {dag.py:3834} INFO - Setting next_dagrun for example_branch_labels to 2024-06-13 00:00:00+00:00, run_after=2024-06-14 00:00:00+00:00
[2024-06-14T02:10:28.174+0000] {processor.py:183} INFO - Processing /home/airflow/.local/lib/python3.8/site-packages/airflow/example_dags/example_branch_labels.py took 0.316 seconds
[2024-06-14T02:10:59.107+0000] {processor.py:161} INFO - Started process (PID=142) to work on /home/airflow/.local/lib/python3.8/site-packages/airflow/example_dags/example_branch_labels.py
[2024-06-14T02:10:59.109+0000] {processor.py:830} INFO - Processing file /home/airflow/.local/lib/python3.8/site-packages/airflow/example_dags/example_branch_labels.py for tasks to queue
[2024-06-14T02:10:59.112+0000] {logging_mixin.py:188} INFO - [2024-06-14T02:10:59.111+0000] {dagbag.py:540} INFO - Filling up the DagBag from /home/airflow/.local/lib/python3.8/site-packages/airflow/example_dags/example_branch_labels.py
[2024-06-14T02:10:59.122+0000] {processor.py:840} INFO - DAG(s) 'example_branch_labels' retrieved from /home/airflow/.local/lib/python3.8/site-packages/airflow/example_dags/example_branch_labels.py
[2024-06-14T02:10:59.151+0000] {logging_mixin.py:188} INFO - [2024-06-14T02:10:59.150+0000] {dag.py:3047} INFO - Sync 1 DAGs
[2024-06-14T02:10:59.180+0000] {logging_mixin.py:188} INFO - [2024-06-14T02:10:59.180+0000] {dag.py:3834} INFO - Setting next_dagrun for example_branch_labels to 2024-06-13 00:00:00+00:00, run_after=2024-06-14 00:00:00+00:00
[2024-06-14T02:10:59.213+0000] {processor.py:183} INFO - Processing /home/airflow/.local/lib/python3.8/site-packages/airflow/example_dags/example_branch_labels.py took 0.112 seconds
[2024-06-14T02:11:29.646+0000] {processor.py:161} INFO - Started process (PID=212) to work on /home/airflow/.local/lib/python3.8/site-packages/airflow/example_dags/example_branch_labels.py
[2024-06-14T02:11:29.649+0000] {processor.py:830} INFO - Processing file /home/airflow/.local/lib/python3.8/site-packages/airflow/example_dags/example_branch_labels.py for tasks to queue
[2024-06-14T02:11:29.652+0000] {logging_mixin.py:188} INFO - [2024-06-14T02:11:29.651+0000] {dagbag.py:540} INFO - Filling up the DagBag from /home/airflow/.local/lib/python3.8/site-packages/airflow/example_dags/example_branch_labels.py
[2024-06-14T02:11:29.662+0000] {processor.py:840} INFO - DAG(s) 'example_branch_labels' retrieved from /home/airflow/.local/lib/python3.8/site-packages/airflow/example_dags/example_branch_labels.py
[2024-06-14T02:11:29.692+0000] {logging_mixin.py:188} INFO - [2024-06-14T02:11:29.692+0000] {dag.py:3047} INFO - Sync 1 DAGs
[2024-06-14T02:11:29.724+0000] {logging_mixin.py:188} INFO - [2024-06-14T02:11:29.723+0000] {dag.py:3834} INFO - Setting next_dagrun for example_branch_labels to 2024-06-13 00:00:00+00:00, run_after=2024-06-14 00:00:00+00:00
[2024-06-14T02:11:29.755+0000] {processor.py:183} INFO - Processing /home/airflow/.local/lib/python3.8/site-packages/airflow/example_dags/example_branch_labels.py took 0.113 seconds
[2024-06-14T02:12:00.704+0000] {processor.py:161} INFO - Started process (PID=281) to work on /home/airflow/.local/lib/python3.8/site-packages/airflow/example_dags/example_branch_labels.py
[2024-06-14T02:12:00.705+0000] {processor.py:830} INFO - Processing file /home/airflow/.local/lib/python3.8/site-packages/airflow/example_dags/example_branch_labels.py for tasks to queue
[2024-06-14T02:12:00.710+0000] {logging_mixin.py:188} INFO - [2024-06-14T02:12:00.709+0000] {dagbag.py:540} INFO - Filling up the DagBag from /home/airflow/.local/lib/python3.8/site-packages/airflow/example_dags/example_branch_labels.py
[2024-06-14T02:12:00.720+0000] {processor.py:840} INFO - DAG(s) 'example_branch_labels' retrieved from /home/airflow/.local/lib/python3.8/site-packages/airflow/example_dags/example_branch_labels.py
[2024-06-14T02:12:00.749+0000] {logging_mixin.py:188} INFO - [2024-06-14T02:12:00.749+0000] {dag.py:3047} INFO - Sync 1 DAGs
[2024-06-14T02:12:00.778+0000] {logging_mixin.py:188} INFO - [2024-06-14T02:12:00.778+0000] {dag.py:3834} INFO - Setting next_dagrun for example_branch_labels to 2024-06-13 00:00:00+00:00, run_after=2024-06-14 00:00:00+00:00
[2024-06-14T02:12:00.809+0000] {processor.py:183} INFO - Processing /home/airflow/.local/lib/python3.8/site-packages/airflow/example_dags/example_branch_labels.py took 0.110 seconds
[2024-06-14T02:12:32.239+0000] {processor.py:161} INFO - Started process (PID=342) to work on /home/airflow/.local/lib/python3.8/site-packages/airflow/example_dags/example_branch_labels.py
[2024-06-14T02:12:32.240+0000] {processor.py:830} INFO - Processing file /home/airflow/.local/lib/python3.8/site-packages/airflow/example_dags/example_branch_labels.py for tasks to queue
[2024-06-14T02:12:32.243+0000] {logging_mixin.py:188} INFO - [2024-06-14T02:12:32.242+0000] {dagbag.py:540} INFO - Filling up the DagBag from /home/airflow/.local/lib/python3.8/site-packages/airflow/example_dags/example_branch_labels.py
[2024-06-14T02:12:32.253+0000] {processor.py:840} INFO - DAG(s) 'example_branch_labels' retrieved from /home/airflow/.local/lib/python3.8/site-packages/airflow/example_dags/example_branch_labels.py
[2024-06-14T02:12:32.286+0000] {logging_mixin.py:188} INFO - [2024-06-14T02:12:32.285+0000] {dag.py:3047} INFO - Sync 1 DAGs
[2024-06-14T02:12:32.326+0000] {logging_mixin.py:188} INFO - [2024-06-14T02:12:32.326+0000] {dag.py:3834} INFO - Setting next_dagrun for example_branch_labels to 2024-06-13 00:00:00+00:00, run_after=2024-06-14 00:00:00+00:00
[2024-06-14T02:12:32.359+0000] {processor.py:183} INFO - Processing /home/airflow/.local/lib/python3.8/site-packages/airflow/example_dags/example_branch_labels.py took 0.125 seconds
[2024-06-14T02:13:03.639+0000] {processor.py:161} INFO - Started process (PID=403) to work on /home/airflow/.local/lib/python3.8/site-packages/airflow/example_dags/example_branch_labels.py
[2024-06-14T02:13:03.642+0000] {processor.py:830} INFO - Processing file /home/airflow/.local/lib/python3.8/site-packages/airflow/example_dags/example_branch_labels.py for tasks to queue
[2024-06-14T02:13:03.646+0000] {logging_mixin.py:188} INFO - [2024-06-14T02:13:03.645+0000] {dagbag.py:540} INFO - Filling up the DagBag from /home/airflow/.local/lib/python3.8/site-packages/airflow/example_dags/example_branch_labels.py
[2024-06-14T02:13:03.662+0000] {processor.py:840} INFO - DAG(s) 'example_branch_labels' retrieved from /home/airflow/.local/lib/python3.8/site-packages/airflow/example_dags/example_branch_labels.py
[2024-06-14T02:13:03.713+0000] {logging_mixin.py:188} INFO - [2024-06-14T02:13:03.712+0000] {dag.py:3047} INFO - Sync 1 DAGs
[2024-06-14T02:13:03.760+0000] {logging_mixin.py:188} INFO - [2024-06-14T02:13:03.760+0000] {dag.py:3834} INFO - Setting next_dagrun for example_branch_labels to 2024-06-13 00:00:00+00:00, run_after=2024-06-14 00:00:00+00:00
[2024-06-14T02:13:03.792+0000] {processor.py:183} INFO - Processing /home/airflow/.local/lib/python3.8/site-packages/airflow/example_dags/example_branch_labels.py took 0.159 seconds
[2024-06-14T02:13:35.158+0000] {processor.py:161} INFO - Started process (PID=470) to work on /home/airflow/.local/lib/python3.8/site-packages/airflow/example_dags/example_branch_labels.py
[2024-06-14T02:13:35.159+0000] {processor.py:830} INFO - Processing file /home/airflow/.local/lib/python3.8/site-packages/airflow/example_dags/example_branch_labels.py for tasks to queue
[2024-06-14T02:13:35.162+0000] {logging_mixin.py:188} INFO - [2024-06-14T02:13:35.161+0000] {dagbag.py:540} INFO - Filling up the DagBag from /home/airflow/.local/lib/python3.8/site-packages/airflow/example_dags/example_branch_labels.py
[2024-06-14T02:13:35.172+0000] {processor.py:840} INFO - DAG(s) 'example_branch_labels' retrieved from /home/airflow/.local/lib/python3.8/site-packages/airflow/example_dags/example_branch_labels.py
[2024-06-14T02:13:35.199+0000] {logging_mixin.py:188} INFO - [2024-06-14T02:13:35.199+0000] {dag.py:3047} INFO - Sync 1 DAGs
[2024-06-14T02:13:35.233+0000] {logging_mixin.py:188} INFO - [2024-06-14T02:13:35.232+0000] {dag.py:3834} INFO - Setting next_dagrun for example_branch_labels to 2024-06-13 00:00:00+00:00, run_after=2024-06-14 00:00:00+00:00
[2024-06-14T02:13:35.261+0000] {processor.py:183} INFO - Processing /home/airflow/.local/lib/python3.8/site-packages/airflow/example_dags/example_branch_labels.py took 0.106 seconds
[2024-06-14T02:14:06.559+0000] {processor.py:161} INFO - Started process (PID=532) to work on /home/airflow/.local/lib/python3.8/site-packages/airflow/example_dags/example_branch_labels.py
[2024-06-14T02:14:06.561+0000] {processor.py:830} INFO - Processing file /home/airflow/.local/lib/python3.8/site-packages/airflow/example_dags/example_branch_labels.py for tasks to queue
[2024-06-14T02:14:06.565+0000] {logging_mixin.py:188} INFO - [2024-06-14T02:14:06.564+0000] {dagbag.py:540} INFO - Filling up the DagBag from /home/airflow/.local/lib/python3.8/site-packages/airflow/example_dags/example_branch_labels.py
[2024-06-14T02:14:06.576+0000] {processor.py:840} INFO - DAG(s) 'example_branch_labels' retrieved from /home/airflow/.local/lib/python3.8/site-packages/airflow/example_dags/example_branch_labels.py
[2024-06-14T02:14:06.609+0000] {logging_mixin.py:188} INFO - [2024-06-14T02:14:06.608+0000] {dag.py:3047} INFO - Sync 1 DAGs
[2024-06-14T02:14:06.650+0000] {logging_mixin.py:188} INFO - [2024-06-14T02:14:06.650+0000] {dag.py:3834} INFO - Setting next_dagrun for example_branch_labels to 2024-06-13 00:00:00+00:00, run_after=2024-06-14 00:00:00+00:00
[2024-06-14T02:14:06.677+0000] {processor.py:183} INFO - Processing /home/airflow/.local/lib/python3.8/site-packages/airflow/example_dags/example_branch_labels.py took 0.122 seconds
[2024-06-14T02:14:38.819+0000] {processor.py:161} INFO - Started process (PID=593) to work on /home/airflow/.local/lib/python3.8/site-packages/airflow/example_dags/example_branch_labels.py
[2024-06-14T02:14:38.831+0000] {processor.py:830} INFO - Processing file /home/airflow/.local/lib/python3.8/site-packages/airflow/example_dags/example_branch_labels.py for tasks to queue
[2024-06-14T02:14:38.835+0000] {logging_mixin.py:188} INFO - [2024-06-14T02:14:38.834+0000] {dagbag.py:540} INFO - Filling up the DagBag from /home/airflow/.local/lib/python3.8/site-packages/airflow/example_dags/example_branch_labels.py
[2024-06-14T02:14:38.850+0000] {processor.py:840} INFO - DAG(s) 'example_branch_labels' retrieved from /home/airflow/.local/lib/python3.8/site-packages/airflow/example_dags/example_branch_labels.py
[2024-06-14T02:14:38.885+0000] {logging_mixin.py:188} INFO - [2024-06-14T02:14:38.885+0000] {dag.py:3047} INFO - Sync 1 DAGs
[2024-06-14T02:14:38.956+0000] {logging_mixin.py:188} INFO - [2024-06-14T02:14:38.955+0000] {dag.py:3834} INFO - Setting next_dagrun for example_branch_labels to 2024-06-13 00:00:00+00:00, run_after=2024-06-14 00:00:00+00:00
[2024-06-14T02:14:39.021+0000] {processor.py:183} INFO - Processing /home/airflow/.local/lib/python3.8/site-packages/airflow/example_dags/example_branch_labels.py took 0.215 seconds
[2024-06-14T02:15:09.893+0000] {processor.py:161} INFO - Started process (PID=654) to work on /home/airflow/.local/lib/python3.8/site-packages/airflow/example_dags/example_branch_labels.py
[2024-06-14T02:15:09.895+0000] {processor.py:830} INFO - Processing file /home/airflow/.local/lib/python3.8/site-packages/airflow/example_dags/example_branch_labels.py for tasks to queue
[2024-06-14T02:15:09.897+0000] {logging_mixin.py:188} INFO - [2024-06-14T02:15:09.897+0000] {dagbag.py:540} INFO - Filling up the DagBag from /home/airflow/.local/lib/python3.8/site-packages/airflow/example_dags/example_branch_labels.py
[2024-06-14T02:15:09.907+0000] {processor.py:840} INFO - DAG(s) 'example_branch_labels' retrieved from /home/airflow/.local/lib/python3.8/site-packages/airflow/example_dags/example_branch_labels.py
[2024-06-14T02:15:09.934+0000] {logging_mixin.py:188} INFO - [2024-06-14T02:15:09.933+0000] {dag.py:3047} INFO - Sync 1 DAGs
[2024-06-14T02:15:09.966+0000] {logging_mixin.py:188} INFO - [2024-06-14T02:15:09.965+0000] {dag.py:3834} INFO - Setting next_dagrun for example_branch_labels to 2024-06-13 00:00:00+00:00, run_after=2024-06-14 00:00:00+00:00
[2024-06-14T02:15:09.990+0000] {processor.py:183} INFO - Processing /home/airflow/.local/lib/python3.8/site-packages/airflow/example_dags/example_branch_labels.py took 0.100 seconds
[2024-06-14T02:15:41.461+0000] {processor.py:161} INFO - Started process (PID=715) to work on /home/airflow/.local/lib/python3.8/site-packages/airflow/example_dags/example_branch_labels.py
[2024-06-14T02:15:41.463+0000] {processor.py:830} INFO - Processing file /home/airflow/.local/lib/python3.8/site-packages/airflow/example_dags/example_branch_labels.py for tasks to queue
[2024-06-14T02:15:41.467+0000] {logging_mixin.py:188} INFO - [2024-06-14T02:15:41.466+0000] {dagbag.py:540} INFO - Filling up the DagBag from /home/airflow/.local/lib/python3.8/site-packages/airflow/example_dags/example_branch_labels.py
[2024-06-14T02:15:41.481+0000] {processor.py:840} INFO - DAG(s) 'example_branch_labels' retrieved from /home/airflow/.local/lib/python3.8/site-packages/airflow/example_dags/example_branch_labels.py
[2024-06-14T02:15:41.517+0000] {logging_mixin.py:188} INFO - [2024-06-14T02:15:41.517+0000] {dag.py:3047} INFO - Sync 1 DAGs
[2024-06-14T02:15:41.548+0000] {logging_mixin.py:188} INFO - [2024-06-14T02:15:41.548+0000] {dag.py:3834} INFO - Setting next_dagrun for example_branch_labels to 2024-06-13 00:00:00+00:00, run_after=2024-06-14 00:00:00+00:00
[2024-06-14T02:15:41.577+0000] {processor.py:183} INFO - Processing /home/airflow/.local/lib/python3.8/site-packages/airflow/example_dags/example_branch_labels.py took 0.121 seconds
[2024-06-14T02:16:13.681+0000] {processor.py:161} INFO - Started process (PID=775) to work on /home/airflow/.local/lib/python3.8/site-packages/airflow/example_dags/example_branch_labels.py
[2024-06-14T02:16:13.683+0000] {processor.py:830} INFO - Processing file /home/airflow/.local/lib/python3.8/site-packages/airflow/example_dags/example_branch_labels.py for tasks to queue
[2024-06-14T02:16:13.687+0000] {logging_mixin.py:188} INFO - [2024-06-14T02:16:13.686+0000] {dagbag.py:540} INFO - Filling up the DagBag from /home/airflow/.local/lib/python3.8/site-packages/airflow/example_dags/example_branch_labels.py
[2024-06-14T02:16:13.702+0000] {processor.py:840} INFO - DAG(s) 'example_branch_labels' retrieved from /home/airflow/.local/lib/python3.8/site-packages/airflow/example_dags/example_branch_labels.py
[2024-06-14T02:16:13.739+0000] {logging_mixin.py:188} INFO - [2024-06-14T02:16:13.738+0000] {dag.py:3047} INFO - Sync 1 DAGs
[2024-06-14T02:16:13.786+0000] {logging_mixin.py:188} INFO - [2024-06-14T02:16:13.785+0000] {dag.py:3834} INFO - Setting next_dagrun for example_branch_labels to 2024-06-13 00:00:00+00:00, run_after=2024-06-14 00:00:00+00:00
[2024-06-14T02:16:13.821+0000] {processor.py:183} INFO - Processing /home/airflow/.local/lib/python3.8/site-packages/airflow/example_dags/example_branch_labels.py took 0.148 seconds
[2024-06-14T02:16:46.010+0000] {processor.py:161} INFO - Started process (PID=837) to work on /home/airflow/.local/lib/python3.8/site-packages/airflow/example_dags/example_branch_labels.py
[2024-06-14T02:16:46.031+0000] {processor.py:830} INFO - Processing file /home/airflow/.local/lib/python3.8/site-packages/airflow/example_dags/example_branch_labels.py for tasks to queue
[2024-06-14T02:16:46.034+0000] {logging_mixin.py:188} INFO - [2024-06-14T02:16:46.033+0000] {dagbag.py:540} INFO - Filling up the DagBag from /home/airflow/.local/lib/python3.8/site-packages/airflow/example_dags/example_branch_labels.py
[2024-06-14T02:16:46.049+0000] {processor.py:840} INFO - DAG(s) 'example_branch_labels' retrieved from /home/airflow/.local/lib/python3.8/site-packages/airflow/example_dags/example_branch_labels.py
[2024-06-14T02:16:46.120+0000] {logging_mixin.py:188} INFO - [2024-06-14T02:16:46.119+0000] {dag.py:3047} INFO - Sync 1 DAGs
[2024-06-14T02:16:46.218+0000] {logging_mixin.py:188} INFO - [2024-06-14T02:16:46.218+0000] {dag.py:3834} INFO - Setting next_dagrun for example_branch_labels to 2024-06-13 00:00:00+00:00, run_after=2024-06-14 00:00:00+00:00
[2024-06-14T02:16:46.477+0000] {processor.py:183} INFO - Processing /home/airflow/.local/lib/python3.8/site-packages/airflow/example_dags/example_branch_labels.py took 0.471 seconds
[2024-06-14T02:17:17.228+0000] {processor.py:161} INFO - Started process (PID=898) to work on /home/airflow/.local/lib/python3.8/site-packages/airflow/example_dags/example_branch_labels.py
[2024-06-14T02:17:17.230+0000] {processor.py:830} INFO - Processing file /home/airflow/.local/lib/python3.8/site-packages/airflow/example_dags/example_branch_labels.py for tasks to queue
[2024-06-14T02:17:17.233+0000] {logging_mixin.py:188} INFO - [2024-06-14T02:17:17.233+0000] {dagbag.py:540} INFO - Filling up the DagBag from /home/airflow/.local/lib/python3.8/site-packages/airflow/example_dags/example_branch_labels.py
[2024-06-14T02:17:17.247+0000] {processor.py:840} INFO - DAG(s) 'example_branch_labels' retrieved from /home/airflow/.local/lib/python3.8/site-packages/airflow/example_dags/example_branch_labels.py
[2024-06-14T02:17:17.285+0000] {logging_mixin.py:188} INFO - [2024-06-14T02:17:17.285+0000] {dag.py:3047} INFO - Sync 1 DAGs
[2024-06-14T02:17:17.324+0000] {logging_mixin.py:188} INFO - [2024-06-14T02:17:17.323+0000] {dag.py:3834} INFO - Setting next_dagrun for example_branch_labels to 2024-06-13 00:00:00+00:00, run_after=2024-06-14 00:00:00+00:00
[2024-06-14T02:17:17.357+0000] {processor.py:183} INFO - Processing /home/airflow/.local/lib/python3.8/site-packages/airflow/example_dags/example_branch_labels.py took 0.135 seconds
[2024-06-14T02:17:48.433+0000] {processor.py:161} INFO - Started process (PID=959) to work on /home/airflow/.local/lib/python3.8/site-packages/airflow/example_dags/example_branch_labels.py
[2024-06-14T02:17:48.435+0000] {processor.py:830} INFO - Processing file /home/airflow/.local/lib/python3.8/site-packages/airflow/example_dags/example_branch_labels.py for tasks to queue
[2024-06-14T02:17:48.439+0000] {logging_mixin.py:188} INFO - [2024-06-14T02:17:48.438+0000] {dagbag.py:540} INFO - Filling up the DagBag from /home/airflow/.local/lib/python3.8/site-packages/airflow/example_dags/example_branch_labels.py
[2024-06-14T02:17:48.450+0000] {processor.py:840} INFO - DAG(s) 'example_branch_labels' retrieved from /home/airflow/.local/lib/python3.8/site-packages/airflow/example_dags/example_branch_labels.py
[2024-06-14T02:17:48.492+0000] {logging_mixin.py:188} INFO - [2024-06-14T02:17:48.492+0000] {dag.py:3047} INFO - Sync 1 DAGs
[2024-06-14T02:17:48.561+0000] {logging_mixin.py:188} INFO - [2024-06-14T02:17:48.561+0000] {dag.py:3834} INFO - Setting next_dagrun for example_branch_labels to 2024-06-13 00:00:00+00:00, run_after=2024-06-14 00:00:00+00:00
[2024-06-14T02:17:48.627+0000] {processor.py:183} INFO - Processing /home/airflow/.local/lib/python3.8/site-packages/airflow/example_dags/example_branch_labels.py took 0.200 seconds
[2024-06-14T02:18:19.153+0000] {processor.py:161} INFO - Started process (PID=1018) to work on /home/airflow/.local/lib/python3.8/site-packages/airflow/example_dags/example_branch_labels.py
[2024-06-14T02:18:19.155+0000] {processor.py:830} INFO - Processing file /home/airflow/.local/lib/python3.8/site-packages/airflow/example_dags/example_branch_labels.py for tasks to queue
[2024-06-14T02:18:19.157+0000] {logging_mixin.py:188} INFO - [2024-06-14T02:18:19.157+0000] {dagbag.py:540} INFO - Filling up the DagBag from /home/airflow/.local/lib/python3.8/site-packages/airflow/example_dags/example_branch_labels.py
[2024-06-14T02:18:19.167+0000] {processor.py:840} INFO - DAG(s) 'example_branch_labels' retrieved from /home/airflow/.local/lib/python3.8/site-packages/airflow/example_dags/example_branch_labels.py
[2024-06-14T02:18:19.196+0000] {logging_mixin.py:188} INFO - [2024-06-14T02:18:19.196+0000] {dag.py:3047} INFO - Sync 1 DAGs
[2024-06-14T02:18:19.226+0000] {logging_mixin.py:188} INFO - [2024-06-14T02:18:19.226+0000] {dag.py:3834} INFO - Setting next_dagrun for example_branch_labels to 2024-06-13 00:00:00+00:00, run_after=2024-06-14 00:00:00+00:00
[2024-06-14T02:18:19.251+0000] {processor.py:183} INFO - Processing /home/airflow/.local/lib/python3.8/site-packages/airflow/example_dags/example_branch_labels.py took 0.102 seconds
[2024-06-14T02:18:50.165+0000] {processor.py:161} INFO - Started process (PID=1079) to work on /home/airflow/.local/lib/python3.8/site-packages/airflow/example_dags/example_branch_labels.py
[2024-06-14T02:18:50.167+0000] {processor.py:830} INFO - Processing file /home/airflow/.local/lib/python3.8/site-packages/airflow/example_dags/example_branch_labels.py for tasks to queue
[2024-06-14T02:18:50.170+0000] {logging_mixin.py:188} INFO - [2024-06-14T02:18:50.169+0000] {dagbag.py:540} INFO - Filling up the DagBag from /home/airflow/.local/lib/python3.8/site-packages/airflow/example_dags/example_branch_labels.py
[2024-06-14T02:18:50.180+0000] {processor.py:840} INFO - DAG(s) 'example_branch_labels' retrieved from /home/airflow/.local/lib/python3.8/site-packages/airflow/example_dags/example_branch_labels.py
[2024-06-14T02:18:50.209+0000] {logging_mixin.py:188} INFO - [2024-06-14T02:18:50.209+0000] {dag.py:3047} INFO - Sync 1 DAGs
[2024-06-14T02:18:50.238+0000] {logging_mixin.py:188} INFO - [2024-06-14T02:18:50.237+0000] {dag.py:3834} INFO - Setting next_dagrun for example_branch_labels to 2024-06-13 00:00:00+00:00, run_after=2024-06-14 00:00:00+00:00
[2024-06-14T02:18:50.264+0000] {processor.py:183} INFO - Processing /home/airflow/.local/lib/python3.8/site-packages/airflow/example_dags/example_branch_labels.py took 0.104 seconds
[2024-06-14T02:19:21.666+0000] {processor.py:161} INFO - Started process (PID=1140) to work on /home/airflow/.local/lib/python3.8/site-packages/airflow/example_dags/example_branch_labels.py
[2024-06-14T02:19:21.667+0000] {processor.py:830} INFO - Processing file /home/airflow/.local/lib/python3.8/site-packages/airflow/example_dags/example_branch_labels.py for tasks to queue
[2024-06-14T02:19:21.671+0000] {logging_mixin.py:188} INFO - [2024-06-14T02:19:21.670+0000] {dagbag.py:540} INFO - Filling up the DagBag from /home/airflow/.local/lib/python3.8/site-packages/airflow/example_dags/example_branch_labels.py
[2024-06-14T02:19:21.684+0000] {processor.py:840} INFO - DAG(s) 'example_branch_labels' retrieved from /home/airflow/.local/lib/python3.8/site-packages/airflow/example_dags/example_branch_labels.py
[2024-06-14T02:19:21.710+0000] {logging_mixin.py:188} INFO - [2024-06-14T02:19:21.710+0000] {dag.py:3047} INFO - Sync 1 DAGs
[2024-06-14T02:19:21.737+0000] {logging_mixin.py:188} INFO - [2024-06-14T02:19:21.736+0000] {dag.py:3834} INFO - Setting next_dagrun for example_branch_labels to 2024-06-13 00:00:00+00:00, run_after=2024-06-14 00:00:00+00:00
[2024-06-14T02:19:21.762+0000] {processor.py:183} INFO - Processing /home/airflow/.local/lib/python3.8/site-packages/airflow/example_dags/example_branch_labels.py took 0.100 seconds
[2024-06-14T02:19:53.149+0000] {processor.py:161} INFO - Started process (PID=1201) to work on /home/airflow/.local/lib/python3.8/site-packages/airflow/example_dags/example_branch_labels.py
[2024-06-14T02:19:53.150+0000] {processor.py:830} INFO - Processing file /home/airflow/.local/lib/python3.8/site-packages/airflow/example_dags/example_branch_labels.py for tasks to queue
[2024-06-14T02:19:53.153+0000] {logging_mixin.py:188} INFO - [2024-06-14T02:19:53.152+0000] {dagbag.py:540} INFO - Filling up the DagBag from /home/airflow/.local/lib/python3.8/site-packages/airflow/example_dags/example_branch_labels.py
[2024-06-14T02:19:53.163+0000] {processor.py:840} INFO - DAG(s) 'example_branch_labels' retrieved from /home/airflow/.local/lib/python3.8/site-packages/airflow/example_dags/example_branch_labels.py
[2024-06-14T02:19:53.191+0000] {logging_mixin.py:188} INFO - [2024-06-14T02:19:53.191+0000] {dag.py:3047} INFO - Sync 1 DAGs
[2024-06-14T02:19:53.218+0000] {logging_mixin.py:188} INFO - [2024-06-14T02:19:53.218+0000] {dag.py:3834} INFO - Setting next_dagrun for example_branch_labels to 2024-06-13 00:00:00+00:00, run_after=2024-06-14 00:00:00+00:00
[2024-06-14T02:19:53.246+0000] {processor.py:183} INFO - Processing /home/airflow/.local/lib/python3.8/site-packages/airflow/example_dags/example_branch_labels.py took 0.101 seconds
[2024-06-14T02:20:23.500+0000] {processor.py:161} INFO - Started process (PID=1260) to work on /home/airflow/.local/lib/python3.8/site-packages/airflow/example_dags/example_branch_labels.py
[2024-06-14T02:20:23.502+0000] {processor.py:830} INFO - Processing file /home/airflow/.local/lib/python3.8/site-packages/airflow/example_dags/example_branch_labels.py for tasks to queue
[2024-06-14T02:20:23.505+0000] {logging_mixin.py:188} INFO - [2024-06-14T02:20:23.504+0000] {dagbag.py:540} INFO - Filling up the DagBag from /home/airflow/.local/lib/python3.8/site-packages/airflow/example_dags/example_branch_labels.py
[2024-06-14T02:20:23.517+0000] {processor.py:840} INFO - DAG(s) 'example_branch_labels' retrieved from /home/airflow/.local/lib/python3.8/site-packages/airflow/example_dags/example_branch_labels.py
[2024-06-14T02:20:23.554+0000] {logging_mixin.py:188} INFO - [2024-06-14T02:20:23.553+0000] {dag.py:3047} INFO - Sync 1 DAGs
[2024-06-14T02:20:23.613+0000] {logging_mixin.py:188} INFO - [2024-06-14T02:20:23.612+0000] {dag.py:3834} INFO - Setting next_dagrun for example_branch_labels to 2024-06-13 00:00:00+00:00, run_after=2024-06-14 00:00:00+00:00
[2024-06-14T02:20:23.654+0000] {processor.py:183} INFO - Processing /home/airflow/.local/lib/python3.8/site-packages/airflow/example_dags/example_branch_labels.py took 0.159 seconds
[2024-06-14T02:20:53.768+0000] {processor.py:161} INFO - Started process (PID=1319) to work on /home/airflow/.local/lib/python3.8/site-packages/airflow/example_dags/example_branch_labels.py
[2024-06-14T02:20:53.770+0000] {processor.py:830} INFO - Processing file /home/airflow/.local/lib/python3.8/site-packages/airflow/example_dags/example_branch_labels.py for tasks to queue
[2024-06-14T02:20:53.773+0000] {logging_mixin.py:188} INFO - [2024-06-14T02:20:53.773+0000] {dagbag.py:540} INFO - Filling up the DagBag from /home/airflow/.local/lib/python3.8/site-packages/airflow/example_dags/example_branch_labels.py
[2024-06-14T02:20:53.784+0000] {processor.py:840} INFO - DAG(s) 'example_branch_labels' retrieved from /home/airflow/.local/lib/python3.8/site-packages/airflow/example_dags/example_branch_labels.py
[2024-06-14T02:20:53.812+0000] {logging_mixin.py:188} INFO - [2024-06-14T02:20:53.811+0000] {dag.py:3047} INFO - Sync 1 DAGs
[2024-06-14T02:20:53.843+0000] {logging_mixin.py:188} INFO - [2024-06-14T02:20:53.843+0000] {dag.py:3834} INFO - Setting next_dagrun for example_branch_labels to 2024-06-13 00:00:00+00:00, run_after=2024-06-14 00:00:00+00:00
[2024-06-14T02:20:53.867+0000] {processor.py:183} INFO - Processing /home/airflow/.local/lib/python3.8/site-packages/airflow/example_dags/example_branch_labels.py took 0.105 seconds
[2024-06-14T02:21:24.582+0000] {processor.py:161} INFO - Started process (PID=1380) to work on /home/airflow/.local/lib/python3.8/site-packages/airflow/example_dags/example_branch_labels.py
[2024-06-14T02:21:24.583+0000] {processor.py:830} INFO - Processing file /home/airflow/.local/lib/python3.8/site-packages/airflow/example_dags/example_branch_labels.py for tasks to queue
[2024-06-14T02:21:24.587+0000] {logging_mixin.py:188} INFO - [2024-06-14T02:21:24.586+0000] {dagbag.py:540} INFO - Filling up the DagBag from /home/airflow/.local/lib/python3.8/site-packages/airflow/example_dags/example_branch_labels.py
[2024-06-14T02:21:24.602+0000] {processor.py:840} INFO - DAG(s) 'example_branch_labels' retrieved from /home/airflow/.local/lib/python3.8/site-packages/airflow/example_dags/example_branch_labels.py
[2024-06-14T02:21:24.642+0000] {logging_mixin.py:188} INFO - [2024-06-14T02:21:24.642+0000] {dag.py:3047} INFO - Sync 1 DAGs
[2024-06-14T02:21:24.687+0000] {logging_mixin.py:188} INFO - [2024-06-14T02:21:24.687+0000] {dag.py:3834} INFO - Setting next_dagrun for example_branch_labels to 2024-06-13 00:00:00+00:00, run_after=2024-06-14 00:00:00+00:00
[2024-06-14T02:21:24.726+0000] {processor.py:183} INFO - Processing /home/airflow/.local/lib/python3.8/site-packages/airflow/example_dags/example_branch_labels.py took 0.150 seconds
[2024-06-14T02:21:55.015+0000] {processor.py:161} INFO - Started process (PID=1441) to work on /home/airflow/.local/lib/python3.8/site-packages/airflow/example_dags/example_branch_labels.py
[2024-06-14T02:21:55.017+0000] {processor.py:830} INFO - Processing file /home/airflow/.local/lib/python3.8/site-packages/airflow/example_dags/example_branch_labels.py for tasks to queue
[2024-06-14T02:21:55.020+0000] {logging_mixin.py:188} INFO - [2024-06-14T02:21:55.019+0000] {dagbag.py:540} INFO - Filling up the DagBag from /home/airflow/.local/lib/python3.8/site-packages/airflow/example_dags/example_branch_labels.py
[2024-06-14T02:21:55.030+0000] {processor.py:840} INFO - DAG(s) 'example_branch_labels' retrieved from /home/airflow/.local/lib/python3.8/site-packages/airflow/example_dags/example_branch_labels.py
[2024-06-14T02:21:55.058+0000] {logging_mixin.py:188} INFO - [2024-06-14T02:21:55.058+0000] {dag.py:3047} INFO - Sync 1 DAGs
[2024-06-14T02:21:55.087+0000] {logging_mixin.py:188} INFO - [2024-06-14T02:21:55.086+0000] {dag.py:3834} INFO - Setting next_dagrun for example_branch_labels to 2024-06-13 00:00:00+00:00, run_after=2024-06-14 00:00:00+00:00
[2024-06-14T02:21:55.110+0000] {processor.py:183} INFO - Processing /home/airflow/.local/lib/python3.8/site-packages/airflow/example_dags/example_branch_labels.py took 0.099 seconds
[2024-06-14T02:22:25.835+0000] {processor.py:161} INFO - Started process (PID=1502) to work on /home/airflow/.local/lib/python3.8/site-packages/airflow/example_dags/example_branch_labels.py
[2024-06-14T02:22:25.837+0000] {processor.py:830} INFO - Processing file /home/airflow/.local/lib/python3.8/site-packages/airflow/example_dags/example_branch_labels.py for tasks to queue
[2024-06-14T02:22:25.839+0000] {logging_mixin.py:188} INFO - [2024-06-14T02:22:25.839+0000] {dagbag.py:540} INFO - Filling up the DagBag from /home/airflow/.local/lib/python3.8/site-packages/airflow/example_dags/example_branch_labels.py
[2024-06-14T02:22:25.850+0000] {processor.py:840} INFO - DAG(s) 'example_branch_labels' retrieved from /home/airflow/.local/lib/python3.8/site-packages/airflow/example_dags/example_branch_labels.py
[2024-06-14T02:22:25.879+0000] {logging_mixin.py:188} INFO - [2024-06-14T02:22:25.878+0000] {dag.py:3047} INFO - Sync 1 DAGs
[2024-06-14T02:22:25.909+0000] {logging_mixin.py:188} INFO - [2024-06-14T02:22:25.909+0000] {dag.py:3834} INFO - Setting next_dagrun for example_branch_labels to 2024-06-13 00:00:00+00:00, run_after=2024-06-14 00:00:00+00:00
[2024-06-14T02:22:25.936+0000] {processor.py:183} INFO - Processing /home/airflow/.local/lib/python3.8/site-packages/airflow/example_dags/example_branch_labels.py took 0.104 seconds
[2024-06-14T02:22:56.340+0000] {processor.py:161} INFO - Started process (PID=1563) to work on /home/airflow/.local/lib/python3.8/site-packages/airflow/example_dags/example_branch_labels.py
[2024-06-14T02:22:56.342+0000] {processor.py:830} INFO - Processing file /home/airflow/.local/lib/python3.8/site-packages/airflow/example_dags/example_branch_labels.py for tasks to queue
[2024-06-14T02:22:56.345+0000] {logging_mixin.py:188} INFO - [2024-06-14T02:22:56.344+0000] {dagbag.py:540} INFO - Filling up the DagBag from /home/airflow/.local/lib/python3.8/site-packages/airflow/example_dags/example_branch_labels.py
[2024-06-14T02:22:56.355+0000] {processor.py:840} INFO - DAG(s) 'example_branch_labels' retrieved from /home/airflow/.local/lib/python3.8/site-packages/airflow/example_dags/example_branch_labels.py
[2024-06-14T02:22:56.389+0000] {logging_mixin.py:188} INFO - [2024-06-14T02:22:56.389+0000] {dag.py:3047} INFO - Sync 1 DAGs
[2024-06-14T02:22:56.429+0000] {logging_mixin.py:188} INFO - [2024-06-14T02:22:56.428+0000] {dag.py:3834} INFO - Setting next_dagrun for example_branch_labels to 2024-06-13 00:00:00+00:00, run_after=2024-06-14 00:00:00+00:00
[2024-06-14T02:22:56.462+0000] {processor.py:183} INFO - Processing /home/airflow/.local/lib/python3.8/site-packages/airflow/example_dags/example_branch_labels.py took 0.125 seconds
[2024-06-14T02:23:26.623+0000] {processor.py:161} INFO - Started process (PID=1625) to work on /home/airflow/.local/lib/python3.8/site-packages/airflow/example_dags/example_branch_labels.py
[2024-06-14T02:23:26.625+0000] {processor.py:830} INFO - Processing file /home/airflow/.local/lib/python3.8/site-packages/airflow/example_dags/example_branch_labels.py for tasks to queue
[2024-06-14T02:23:26.627+0000] {logging_mixin.py:188} INFO - [2024-06-14T02:23:26.627+0000] {dagbag.py:540} INFO - Filling up the DagBag from /home/airflow/.local/lib/python3.8/site-packages/airflow/example_dags/example_branch_labels.py
[2024-06-14T02:23:26.638+0000] {processor.py:840} INFO - DAG(s) 'example_branch_labels' retrieved from /home/airflow/.local/lib/python3.8/site-packages/airflow/example_dags/example_branch_labels.py
[2024-06-14T02:23:26.666+0000] {logging_mixin.py:188} INFO - [2024-06-14T02:23:26.666+0000] {dag.py:3047} INFO - Sync 1 DAGs
[2024-06-14T02:23:26.701+0000] {logging_mixin.py:188} INFO - [2024-06-14T02:23:26.701+0000] {dag.py:3834} INFO - Setting next_dagrun for example_branch_labels to 2024-06-13 00:00:00+00:00, run_after=2024-06-14 00:00:00+00:00
[2024-06-14T02:23:26.729+0000] {processor.py:183} INFO - Processing /home/airflow/.local/lib/python3.8/site-packages/airflow/example_dags/example_branch_labels.py took 0.110 seconds
[2024-06-14T02:23:57.219+0000] {processor.py:161} INFO - Started process (PID=1686) to work on /home/airflow/.local/lib/python3.8/site-packages/airflow/example_dags/example_branch_labels.py
[2024-06-14T02:23:57.221+0000] {processor.py:830} INFO - Processing file /home/airflow/.local/lib/python3.8/site-packages/airflow/example_dags/example_branch_labels.py for tasks to queue
[2024-06-14T02:23:57.224+0000] {logging_mixin.py:188} INFO - [2024-06-14T02:23:57.224+0000] {dagbag.py:540} INFO - Filling up the DagBag from /home/airflow/.local/lib/python3.8/site-packages/airflow/example_dags/example_branch_labels.py
[2024-06-14T02:23:57.237+0000] {processor.py:840} INFO - DAG(s) 'example_branch_labels' retrieved from /home/airflow/.local/lib/python3.8/site-packages/airflow/example_dags/example_branch_labels.py
[2024-06-14T02:23:57.269+0000] {logging_mixin.py:188} INFO - [2024-06-14T02:23:57.268+0000] {dag.py:3047} INFO - Sync 1 DAGs
[2024-06-14T02:23:57.303+0000] {logging_mixin.py:188} INFO - [2024-06-14T02:23:57.302+0000] {dag.py:3834} INFO - Setting next_dagrun for example_branch_labels to 2024-06-13 00:00:00+00:00, run_after=2024-06-14 00:00:00+00:00
[2024-06-14T02:23:57.332+0000] {processor.py:183} INFO - Processing /home/airflow/.local/lib/python3.8/site-packages/airflow/example_dags/example_branch_labels.py took 0.118 seconds
[2024-06-14T02:24:27.469+0000] {processor.py:161} INFO - Started process (PID=1747) to work on /home/airflow/.local/lib/python3.8/site-packages/airflow/example_dags/example_branch_labels.py
[2024-06-14T02:24:27.471+0000] {processor.py:830} INFO - Processing file /home/airflow/.local/lib/python3.8/site-packages/airflow/example_dags/example_branch_labels.py for tasks to queue
[2024-06-14T02:24:27.474+0000] {logging_mixin.py:188} INFO - [2024-06-14T02:24:27.473+0000] {dagbag.py:540} INFO - Filling up the DagBag from /home/airflow/.local/lib/python3.8/site-packages/airflow/example_dags/example_branch_labels.py
[2024-06-14T02:24:27.486+0000] {processor.py:840} INFO - DAG(s) 'example_branch_labels' retrieved from /home/airflow/.local/lib/python3.8/site-packages/airflow/example_dags/example_branch_labels.py
[2024-06-14T02:24:27.516+0000] {logging_mixin.py:188} INFO - [2024-06-14T02:24:27.515+0000] {dag.py:3047} INFO - Sync 1 DAGs
[2024-06-14T02:24:27.549+0000] {logging_mixin.py:188} INFO - [2024-06-14T02:24:27.549+0000] {dag.py:3834} INFO - Setting next_dagrun for example_branch_labels to 2024-06-13 00:00:00+00:00, run_after=2024-06-14 00:00:00+00:00
[2024-06-14T02:24:27.579+0000] {processor.py:183} INFO - Processing /home/airflow/.local/lib/python3.8/site-packages/airflow/example_dags/example_branch_labels.py took 0.114 seconds
[2024-06-14T02:24:57.654+0000] {processor.py:161} INFO - Started process (PID=1808) to work on /home/airflow/.local/lib/python3.8/site-packages/airflow/example_dags/example_branch_labels.py
[2024-06-14T02:24:57.655+0000] {processor.py:830} INFO - Processing file /home/airflow/.local/lib/python3.8/site-packages/airflow/example_dags/example_branch_labels.py for tasks to queue
[2024-06-14T02:24:57.659+0000] {logging_mixin.py:188} INFO - [2024-06-14T02:24:57.658+0000] {dagbag.py:540} INFO - Filling up the DagBag from /home/airflow/.local/lib/python3.8/site-packages/airflow/example_dags/example_branch_labels.py
[2024-06-14T02:24:57.670+0000] {processor.py:840} INFO - DAG(s) 'example_branch_labels' retrieved from /home/airflow/.local/lib/python3.8/site-packages/airflow/example_dags/example_branch_labels.py
[2024-06-14T02:24:57.703+0000] {logging_mixin.py:188} INFO - [2024-06-14T02:24:57.702+0000] {dag.py:3047} INFO - Sync 1 DAGs
[2024-06-14T02:24:57.735+0000] {logging_mixin.py:188} INFO - [2024-06-14T02:24:57.734+0000] {dag.py:3834} INFO - Setting next_dagrun for example_branch_labels to 2024-06-13 00:00:00+00:00, run_after=2024-06-14 00:00:00+00:00
[2024-06-14T02:24:57.771+0000] {processor.py:183} INFO - Processing /home/airflow/.local/lib/python3.8/site-packages/airflow/example_dags/example_branch_labels.py took 0.122 seconds
[2024-06-14T02:25:27.881+0000] {processor.py:161} INFO - Started process (PID=1869) to work on /home/airflow/.local/lib/python3.8/site-packages/airflow/example_dags/example_branch_labels.py
[2024-06-14T02:25:27.883+0000] {processor.py:830} INFO - Processing file /home/airflow/.local/lib/python3.8/site-packages/airflow/example_dags/example_branch_labels.py for tasks to queue
[2024-06-14T02:25:27.887+0000] {logging_mixin.py:188} INFO - [2024-06-14T02:25:27.886+0000] {dagbag.py:540} INFO - Filling up the DagBag from /home/airflow/.local/lib/python3.8/site-packages/airflow/example_dags/example_branch_labels.py
[2024-06-14T02:25:27.900+0000] {processor.py:840} INFO - DAG(s) 'example_branch_labels' retrieved from /home/airflow/.local/lib/python3.8/site-packages/airflow/example_dags/example_branch_labels.py
[2024-06-14T02:25:27.934+0000] {logging_mixin.py:188} INFO - [2024-06-14T02:25:27.934+0000] {dag.py:3047} INFO - Sync 1 DAGs
[2024-06-14T02:25:27.968+0000] {logging_mixin.py:188} INFO - [2024-06-14T02:25:27.968+0000] {dag.py:3834} INFO - Setting next_dagrun for example_branch_labels to 2024-06-13 00:00:00+00:00, run_after=2024-06-14 00:00:00+00:00
[2024-06-14T02:25:28.004+0000] {processor.py:183} INFO - Processing /home/airflow/.local/lib/python3.8/site-packages/airflow/example_dags/example_branch_labels.py took 0.130 seconds
[2024-06-14T02:25:58.499+0000] {processor.py:161} INFO - Started process (PID=1931) to work on /home/airflow/.local/lib/python3.8/site-packages/airflow/example_dags/example_branch_labels.py
[2024-06-14T02:25:58.501+0000] {processor.py:830} INFO - Processing file /home/airflow/.local/lib/python3.8/site-packages/airflow/example_dags/example_branch_labels.py for tasks to queue
[2024-06-14T02:25:58.504+0000] {logging_mixin.py:188} INFO - [2024-06-14T02:25:58.503+0000] {dagbag.py:540} INFO - Filling up the DagBag from /home/airflow/.local/lib/python3.8/site-packages/airflow/example_dags/example_branch_labels.py
[2024-06-14T02:25:58.516+0000] {processor.py:840} INFO - DAG(s) 'example_branch_labels' retrieved from /home/airflow/.local/lib/python3.8/site-packages/airflow/example_dags/example_branch_labels.py
[2024-06-14T02:25:58.546+0000] {logging_mixin.py:188} INFO - [2024-06-14T02:25:58.545+0000] {dag.py:3047} INFO - Sync 1 DAGs
[2024-06-14T02:25:58.581+0000] {logging_mixin.py:188} INFO - [2024-06-14T02:25:58.580+0000] {dag.py:3834} INFO - Setting next_dagrun for example_branch_labels to 2024-06-13 00:00:00+00:00, run_after=2024-06-14 00:00:00+00:00
[2024-06-14T02:25:58.613+0000] {processor.py:183} INFO - Processing /home/airflow/.local/lib/python3.8/site-packages/airflow/example_dags/example_branch_labels.py took 0.119 seconds
[2024-06-14T02:26:28.998+0000] {processor.py:161} INFO - Started process (PID=1992) to work on /home/airflow/.local/lib/python3.8/site-packages/airflow/example_dags/example_branch_labels.py
[2024-06-14T02:26:29.000+0000] {processor.py:830} INFO - Processing file /home/airflow/.local/lib/python3.8/site-packages/airflow/example_dags/example_branch_labels.py for tasks to queue
[2024-06-14T02:26:29.002+0000] {logging_mixin.py:188} INFO - [2024-06-14T02:26:29.002+0000] {dagbag.py:540} INFO - Filling up the DagBag from /home/airflow/.local/lib/python3.8/site-packages/airflow/example_dags/example_branch_labels.py
[2024-06-14T02:26:29.014+0000] {processor.py:840} INFO - DAG(s) 'example_branch_labels' retrieved from /home/airflow/.local/lib/python3.8/site-packages/airflow/example_dags/example_branch_labels.py
[2024-06-14T02:26:29.046+0000] {logging_mixin.py:188} INFO - [2024-06-14T02:26:29.046+0000] {dag.py:3047} INFO - Sync 1 DAGs
[2024-06-14T02:26:29.086+0000] {logging_mixin.py:188} INFO - [2024-06-14T02:26:29.085+0000] {dag.py:3834} INFO - Setting next_dagrun for example_branch_labels to 2024-06-13 00:00:00+00:00, run_after=2024-06-14 00:00:00+00:00
[2024-06-14T02:26:29.114+0000] {processor.py:183} INFO - Processing /home/airflow/.local/lib/python3.8/site-packages/airflow/example_dags/example_branch_labels.py took 0.122 seconds
[2024-06-14T02:26:59.407+0000] {processor.py:161} INFO - Started process (PID=2053) to work on /home/airflow/.local/lib/python3.8/site-packages/airflow/example_dags/example_branch_labels.py
[2024-06-14T02:26:59.408+0000] {processor.py:830} INFO - Processing file /home/airflow/.local/lib/python3.8/site-packages/airflow/example_dags/example_branch_labels.py for tasks to queue
[2024-06-14T02:26:59.411+0000] {logging_mixin.py:188} INFO - [2024-06-14T02:26:59.411+0000] {dagbag.py:540} INFO - Filling up the DagBag from /home/airflow/.local/lib/python3.8/site-packages/airflow/example_dags/example_branch_labels.py
[2024-06-14T02:26:59.427+0000] {processor.py:840} INFO - DAG(s) 'example_branch_labels' retrieved from /home/airflow/.local/lib/python3.8/site-packages/airflow/example_dags/example_branch_labels.py
[2024-06-14T02:26:59.457+0000] {logging_mixin.py:188} INFO - [2024-06-14T02:26:59.457+0000] {dag.py:3047} INFO - Sync 1 DAGs
[2024-06-14T02:26:59.504+0000] {logging_mixin.py:188} INFO - [2024-06-14T02:26:59.504+0000] {dag.py:3834} INFO - Setting next_dagrun for example_branch_labels to 2024-06-13 00:00:00+00:00, run_after=2024-06-14 00:00:00+00:00
[2024-06-14T02:26:59.547+0000] {processor.py:183} INFO - Processing /home/airflow/.local/lib/python3.8/site-packages/airflow/example_dags/example_branch_labels.py took 0.144 seconds
[2024-06-14T02:27:29.822+0000] {processor.py:161} INFO - Started process (PID=2114) to work on /home/airflow/.local/lib/python3.8/site-packages/airflow/example_dags/example_branch_labels.py
[2024-06-14T02:27:29.824+0000] {processor.py:830} INFO - Processing file /home/airflow/.local/lib/python3.8/site-packages/airflow/example_dags/example_branch_labels.py for tasks to queue
[2024-06-14T02:27:29.827+0000] {logging_mixin.py:188} INFO - [2024-06-14T02:27:29.826+0000] {dagbag.py:540} INFO - Filling up the DagBag from /home/airflow/.local/lib/python3.8/site-packages/airflow/example_dags/example_branch_labels.py
[2024-06-14T02:27:29.838+0000] {processor.py:840} INFO - DAG(s) 'example_branch_labels' retrieved from /home/airflow/.local/lib/python3.8/site-packages/airflow/example_dags/example_branch_labels.py
[2024-06-14T02:27:29.869+0000] {logging_mixin.py:188} INFO - [2024-06-14T02:27:29.868+0000] {dag.py:3047} INFO - Sync 1 DAGs
[2024-06-14T02:27:29.904+0000] {logging_mixin.py:188} INFO - [2024-06-14T02:27:29.903+0000] {dag.py:3834} INFO - Setting next_dagrun for example_branch_labels to 2024-06-13 00:00:00+00:00, run_after=2024-06-14 00:00:00+00:00
[2024-06-14T02:27:29.934+0000] {processor.py:183} INFO - Processing /home/airflow/.local/lib/python3.8/site-packages/airflow/example_dags/example_branch_labels.py took 0.116 seconds
[2024-06-14T02:28:00.477+0000] {processor.py:161} INFO - Started process (PID=2175) to work on /home/airflow/.local/lib/python3.8/site-packages/airflow/example_dags/example_branch_labels.py
[2024-06-14T02:28:00.480+0000] {processor.py:830} INFO - Processing file /home/airflow/.local/lib/python3.8/site-packages/airflow/example_dags/example_branch_labels.py for tasks to queue
[2024-06-14T02:28:00.483+0000] {logging_mixin.py:188} INFO - [2024-06-14T02:28:00.482+0000] {dagbag.py:540} INFO - Filling up the DagBag from /home/airflow/.local/lib/python3.8/site-packages/airflow/example_dags/example_branch_labels.py
[2024-06-14T02:28:00.495+0000] {processor.py:840} INFO - DAG(s) 'example_branch_labels' retrieved from /home/airflow/.local/lib/python3.8/site-packages/airflow/example_dags/example_branch_labels.py
[2024-06-14T02:28:00.528+0000] {logging_mixin.py:188} INFO - [2024-06-14T02:28:00.527+0000] {dag.py:3047} INFO - Sync 1 DAGs
[2024-06-14T02:28:00.561+0000] {logging_mixin.py:188} INFO - [2024-06-14T02:28:00.561+0000] {dag.py:3834} INFO - Setting next_dagrun for example_branch_labels to 2024-06-13 00:00:00+00:00, run_after=2024-06-14 00:00:00+00:00
[2024-06-14T02:28:00.741+0000] {processor.py:183} INFO - Processing /home/airflow/.local/lib/python3.8/site-packages/airflow/example_dags/example_branch_labels.py took 0.268 seconds
[2024-06-14T02:28:30.925+0000] {processor.py:161} INFO - Started process (PID=2236) to work on /home/airflow/.local/lib/python3.8/site-packages/airflow/example_dags/example_branch_labels.py
[2024-06-14T02:28:30.927+0000] {processor.py:830} INFO - Processing file /home/airflow/.local/lib/python3.8/site-packages/airflow/example_dags/example_branch_labels.py for tasks to queue
[2024-06-14T02:28:30.931+0000] {logging_mixin.py:188} INFO - [2024-06-14T02:28:30.930+0000] {dagbag.py:540} INFO - Filling up the DagBag from /home/airflow/.local/lib/python3.8/site-packages/airflow/example_dags/example_branch_labels.py
[2024-06-14T02:28:30.943+0000] {processor.py:840} INFO - DAG(s) 'example_branch_labels' retrieved from /home/airflow/.local/lib/python3.8/site-packages/airflow/example_dags/example_branch_labels.py
[2024-06-14T02:28:30.986+0000] {logging_mixin.py:188} INFO - [2024-06-14T02:28:30.986+0000] {dag.py:3047} INFO - Sync 1 DAGs
[2024-06-14T02:28:31.021+0000] {logging_mixin.py:188} INFO - [2024-06-14T02:28:31.021+0000] {dag.py:3834} INFO - Setting next_dagrun for example_branch_labels to 2024-06-13 00:00:00+00:00, run_after=2024-06-14 00:00:00+00:00
[2024-06-14T02:28:31.058+0000] {processor.py:183} INFO - Processing /home/airflow/.local/lib/python3.8/site-packages/airflow/example_dags/example_branch_labels.py took 0.138 seconds
[2024-06-14T02:29:01.479+0000] {processor.py:161} INFO - Started process (PID=2297) to work on /home/airflow/.local/lib/python3.8/site-packages/airflow/example_dags/example_branch_labels.py
[2024-06-14T02:29:01.481+0000] {processor.py:830} INFO - Processing file /home/airflow/.local/lib/python3.8/site-packages/airflow/example_dags/example_branch_labels.py for tasks to queue
[2024-06-14T02:29:01.487+0000] {logging_mixin.py:188} INFO - [2024-06-14T02:29:01.486+0000] {dagbag.py:540} INFO - Filling up the DagBag from /home/airflow/.local/lib/python3.8/site-packages/airflow/example_dags/example_branch_labels.py
[2024-06-14T02:29:01.504+0000] {processor.py:840} INFO - DAG(s) 'example_branch_labels' retrieved from /home/airflow/.local/lib/python3.8/site-packages/airflow/example_dags/example_branch_labels.py
[2024-06-14T02:29:01.539+0000] {logging_mixin.py:188} INFO - [2024-06-14T02:29:01.539+0000] {dag.py:3047} INFO - Sync 1 DAGs
[2024-06-14T02:29:01.581+0000] {logging_mixin.py:188} INFO - [2024-06-14T02:29:01.580+0000] {dag.py:3834} INFO - Setting next_dagrun for example_branch_labels to 2024-06-13 00:00:00+00:00, run_after=2024-06-14 00:00:00+00:00
[2024-06-14T02:29:01.636+0000] {processor.py:183} INFO - Processing /home/airflow/.local/lib/python3.8/site-packages/airflow/example_dags/example_branch_labels.py took 0.161 seconds
[2024-06-14T02:29:32.522+0000] {processor.py:161} INFO - Started process (PID=2358) to work on /home/airflow/.local/lib/python3.8/site-packages/airflow/example_dags/example_branch_labels.py
[2024-06-14T02:29:32.524+0000] {processor.py:830} INFO - Processing file /home/airflow/.local/lib/python3.8/site-packages/airflow/example_dags/example_branch_labels.py for tasks to queue
[2024-06-14T02:29:32.527+0000] {logging_mixin.py:188} INFO - [2024-06-14T02:29:32.526+0000] {dagbag.py:540} INFO - Filling up the DagBag from /home/airflow/.local/lib/python3.8/site-packages/airflow/example_dags/example_branch_labels.py
[2024-06-14T02:29:32.540+0000] {processor.py:840} INFO - DAG(s) 'example_branch_labels' retrieved from /home/airflow/.local/lib/python3.8/site-packages/airflow/example_dags/example_branch_labels.py
[2024-06-14T02:29:32.571+0000] {logging_mixin.py:188} INFO - [2024-06-14T02:29:32.570+0000] {dag.py:3047} INFO - Sync 1 DAGs
[2024-06-14T02:29:32.609+0000] {logging_mixin.py:188} INFO - [2024-06-14T02:29:32.609+0000] {dag.py:3834} INFO - Setting next_dagrun for example_branch_labels to 2024-06-13 00:00:00+00:00, run_after=2024-06-14 00:00:00+00:00
[2024-06-14T02:29:32.647+0000] {processor.py:183} INFO - Processing /home/airflow/.local/lib/python3.8/site-packages/airflow/example_dags/example_branch_labels.py took 0.130 seconds
[2024-06-14T02:30:03.220+0000] {processor.py:161} INFO - Started process (PID=2419) to work on /home/airflow/.local/lib/python3.8/site-packages/airflow/example_dags/example_branch_labels.py
[2024-06-14T02:30:03.228+0000] {processor.py:830} INFO - Processing file /home/airflow/.local/lib/python3.8/site-packages/airflow/example_dags/example_branch_labels.py for tasks to queue
[2024-06-14T02:30:03.239+0000] {logging_mixin.py:188} INFO - [2024-06-14T02:30:03.238+0000] {dagbag.py:540} INFO - Filling up the DagBag from /home/airflow/.local/lib/python3.8/site-packages/airflow/example_dags/example_branch_labels.py
[2024-06-14T02:30:03.260+0000] {processor.py:840} INFO - DAG(s) 'example_branch_labels' retrieved from /home/airflow/.local/lib/python3.8/site-packages/airflow/example_dags/example_branch_labels.py
[2024-06-14T02:30:03.403+0000] {logging_mixin.py:188} INFO - [2024-06-14T02:30:03.402+0000] {dag.py:3047} INFO - Sync 1 DAGs
[2024-06-14T02:30:03.544+0000] {logging_mixin.py:188} INFO - [2024-06-14T02:30:03.543+0000] {dag.py:3834} INFO - Setting next_dagrun for example_branch_labels to 2024-06-13 00:00:00+00:00, run_after=2024-06-14 00:00:00+00:00
[2024-06-14T02:30:03.630+0000] {processor.py:183} INFO - Processing /home/airflow/.local/lib/python3.8/site-packages/airflow/example_dags/example_branch_labels.py took 0.434 seconds
[2024-06-14T02:30:33.833+0000] {processor.py:161} INFO - Started process (PID=2480) to work on /home/airflow/.local/lib/python3.8/site-packages/airflow/example_dags/example_branch_labels.py
[2024-06-14T02:30:33.835+0000] {processor.py:830} INFO - Processing file /home/airflow/.local/lib/python3.8/site-packages/airflow/example_dags/example_branch_labels.py for tasks to queue
[2024-06-14T02:30:33.839+0000] {logging_mixin.py:188} INFO - [2024-06-14T02:30:33.839+0000] {dagbag.py:540} INFO - Filling up the DagBag from /home/airflow/.local/lib/python3.8/site-packages/airflow/example_dags/example_branch_labels.py
[2024-06-14T02:30:33.851+0000] {processor.py:840} INFO - DAG(s) 'example_branch_labels' retrieved from /home/airflow/.local/lib/python3.8/site-packages/airflow/example_dags/example_branch_labels.py
[2024-06-14T02:30:33.920+0000] {logging_mixin.py:188} INFO - [2024-06-14T02:30:33.919+0000] {dag.py:3047} INFO - Sync 1 DAGs
[2024-06-14T02:30:33.979+0000] {logging_mixin.py:188} INFO - [2024-06-14T02:30:33.979+0000] {dag.py:3834} INFO - Setting next_dagrun for example_branch_labels to 2024-06-13 00:00:00+00:00, run_after=2024-06-14 00:00:00+00:00
[2024-06-14T02:30:34.039+0000] {processor.py:183} INFO - Processing /home/airflow/.local/lib/python3.8/site-packages/airflow/example_dags/example_branch_labels.py took 0.211 seconds
[2024-06-14T02:31:04.493+0000] {processor.py:161} INFO - Started process (PID=2541) to work on /home/airflow/.local/lib/python3.8/site-packages/airflow/example_dags/example_branch_labels.py
[2024-06-14T02:31:04.495+0000] {processor.py:830} INFO - Processing file /home/airflow/.local/lib/python3.8/site-packages/airflow/example_dags/example_branch_labels.py for tasks to queue
[2024-06-14T02:31:04.500+0000] {logging_mixin.py:188} INFO - [2024-06-14T02:31:04.500+0000] {dagbag.py:540} INFO - Filling up the DagBag from /home/airflow/.local/lib/python3.8/site-packages/airflow/example_dags/example_branch_labels.py
[2024-06-14T02:31:04.517+0000] {processor.py:840} INFO - DAG(s) 'example_branch_labels' retrieved from /home/airflow/.local/lib/python3.8/site-packages/airflow/example_dags/example_branch_labels.py
[2024-06-14T02:31:04.562+0000] {logging_mixin.py:188} INFO - [2024-06-14T02:31:04.560+0000] {dag.py:3047} INFO - Sync 1 DAGs
[2024-06-14T02:31:04.604+0000] {logging_mixin.py:188} INFO - [2024-06-14T02:31:04.604+0000] {dag.py:3834} INFO - Setting next_dagrun for example_branch_labels to 2024-06-13 00:00:00+00:00, run_after=2024-06-14 00:00:00+00:00
[2024-06-14T02:31:04.648+0000] {processor.py:183} INFO - Processing /home/airflow/.local/lib/python3.8/site-packages/airflow/example_dags/example_branch_labels.py took 0.161 seconds
[2024-06-14T02:31:34.998+0000] {processor.py:161} INFO - Started process (PID=2602) to work on /home/airflow/.local/lib/python3.8/site-packages/airflow/example_dags/example_branch_labels.py
[2024-06-14T02:31:35.000+0000] {processor.py:830} INFO - Processing file /home/airflow/.local/lib/python3.8/site-packages/airflow/example_dags/example_branch_labels.py for tasks to queue
[2024-06-14T02:31:35.004+0000] {logging_mixin.py:188} INFO - [2024-06-14T02:31:35.003+0000] {dagbag.py:540} INFO - Filling up the DagBag from /home/airflow/.local/lib/python3.8/site-packages/airflow/example_dags/example_branch_labels.py
[2024-06-14T02:31:35.024+0000] {processor.py:840} INFO - DAG(s) 'example_branch_labels' retrieved from /home/airflow/.local/lib/python3.8/site-packages/airflow/example_dags/example_branch_labels.py
[2024-06-14T02:31:35.053+0000] {logging_mixin.py:188} INFO - [2024-06-14T02:31:35.053+0000] {dag.py:3047} INFO - Sync 1 DAGs
[2024-06-14T02:31:35.082+0000] {logging_mixin.py:188} INFO - [2024-06-14T02:31:35.082+0000] {dag.py:3834} INFO - Setting next_dagrun for example_branch_labels to 2024-06-13 00:00:00+00:00, run_after=2024-06-14 00:00:00+00:00
[2024-06-14T02:31:35.107+0000] {processor.py:183} INFO - Processing /home/airflow/.local/lib/python3.8/site-packages/airflow/example_dags/example_branch_labels.py took 0.114 seconds
[2024-06-14T02:32:05.814+0000] {processor.py:161} INFO - Started process (PID=2663) to work on /home/airflow/.local/lib/python3.8/site-packages/airflow/example_dags/example_branch_labels.py
[2024-06-14T02:32:05.816+0000] {processor.py:830} INFO - Processing file /home/airflow/.local/lib/python3.8/site-packages/airflow/example_dags/example_branch_labels.py for tasks to queue
[2024-06-14T02:32:05.819+0000] {logging_mixin.py:188} INFO - [2024-06-14T02:32:05.818+0000] {dagbag.py:540} INFO - Filling up the DagBag from /home/airflow/.local/lib/python3.8/site-packages/airflow/example_dags/example_branch_labels.py
[2024-06-14T02:32:05.832+0000] {processor.py:840} INFO - DAG(s) 'example_branch_labels' retrieved from /home/airflow/.local/lib/python3.8/site-packages/airflow/example_dags/example_branch_labels.py
[2024-06-14T02:32:05.864+0000] {logging_mixin.py:188} INFO - [2024-06-14T02:32:05.864+0000] {dag.py:3047} INFO - Sync 1 DAGs
[2024-06-14T02:32:05.895+0000] {logging_mixin.py:188} INFO - [2024-06-14T02:32:05.894+0000] {dag.py:3834} INFO - Setting next_dagrun for example_branch_labels to 2024-06-13 00:00:00+00:00, run_after=2024-06-14 00:00:00+00:00
[2024-06-14T02:32:05.923+0000] {processor.py:183} INFO - Processing /home/airflow/.local/lib/python3.8/site-packages/airflow/example_dags/example_branch_labels.py took 0.114 seconds
[2024-06-14T02:32:36.280+0000] {processor.py:161} INFO - Started process (PID=2730) to work on /home/airflow/.local/lib/python3.8/site-packages/airflow/example_dags/example_branch_labels.py
[2024-06-14T02:32:36.282+0000] {processor.py:830} INFO - Processing file /home/airflow/.local/lib/python3.8/site-packages/airflow/example_dags/example_branch_labels.py for tasks to queue
[2024-06-14T02:32:36.284+0000] {logging_mixin.py:188} INFO - [2024-06-14T02:32:36.284+0000] {dagbag.py:540} INFO - Filling up the DagBag from /home/airflow/.local/lib/python3.8/site-packages/airflow/example_dags/example_branch_labels.py
[2024-06-14T02:32:36.294+0000] {processor.py:840} INFO - DAG(s) 'example_branch_labels' retrieved from /home/airflow/.local/lib/python3.8/site-packages/airflow/example_dags/example_branch_labels.py
[2024-06-14T02:32:36.325+0000] {logging_mixin.py:188} INFO - [2024-06-14T02:32:36.325+0000] {dag.py:3047} INFO - Sync 1 DAGs
[2024-06-14T02:32:36.354+0000] {logging_mixin.py:188} INFO - [2024-06-14T02:32:36.354+0000] {dag.py:3834} INFO - Setting next_dagrun for example_branch_labels to 2024-06-13 00:00:00+00:00, run_after=2024-06-14 00:00:00+00:00
[2024-06-14T02:32:36.376+0000] {processor.py:183} INFO - Processing /home/airflow/.local/lib/python3.8/site-packages/airflow/example_dags/example_branch_labels.py took 0.100 seconds
[2024-06-14T02:33:06.758+0000] {processor.py:161} INFO - Started process (PID=2791) to work on /home/airflow/.local/lib/python3.8/site-packages/airflow/example_dags/example_branch_labels.py
[2024-06-14T02:33:06.760+0000] {processor.py:830} INFO - Processing file /home/airflow/.local/lib/python3.8/site-packages/airflow/example_dags/example_branch_labels.py for tasks to queue
[2024-06-14T02:33:06.762+0000] {logging_mixin.py:188} INFO - [2024-06-14T02:33:06.762+0000] {dagbag.py:540} INFO - Filling up the DagBag from /home/airflow/.local/lib/python3.8/site-packages/airflow/example_dags/example_branch_labels.py
[2024-06-14T02:33:06.775+0000] {processor.py:840} INFO - DAG(s) 'example_branch_labels' retrieved from /home/airflow/.local/lib/python3.8/site-packages/airflow/example_dags/example_branch_labels.py
[2024-06-14T02:33:06.809+0000] {logging_mixin.py:188} INFO - [2024-06-14T02:33:06.808+0000] {dag.py:3047} INFO - Sync 1 DAGs
[2024-06-14T02:33:06.840+0000] {logging_mixin.py:188} INFO - [2024-06-14T02:33:06.840+0000] {dag.py:3834} INFO - Setting next_dagrun for example_branch_labels to 2024-06-13 00:00:00+00:00, run_after=2024-06-14 00:00:00+00:00
[2024-06-14T02:33:06.867+0000] {processor.py:183} INFO - Processing /home/airflow/.local/lib/python3.8/site-packages/airflow/example_dags/example_branch_labels.py took 0.114 seconds
[2024-06-14T02:33:37.588+0000] {processor.py:161} INFO - Started process (PID=2852) to work on /home/airflow/.local/lib/python3.8/site-packages/airflow/example_dags/example_branch_labels.py
[2024-06-14T02:33:37.590+0000] {processor.py:830} INFO - Processing file /home/airflow/.local/lib/python3.8/site-packages/airflow/example_dags/example_branch_labels.py for tasks to queue
[2024-06-14T02:33:37.592+0000] {logging_mixin.py:188} INFO - [2024-06-14T02:33:37.592+0000] {dagbag.py:540} INFO - Filling up the DagBag from /home/airflow/.local/lib/python3.8/site-packages/airflow/example_dags/example_branch_labels.py
[2024-06-14T02:33:37.604+0000] {processor.py:840} INFO - DAG(s) 'example_branch_labels' retrieved from /home/airflow/.local/lib/python3.8/site-packages/airflow/example_dags/example_branch_labels.py
[2024-06-14T02:33:37.640+0000] {logging_mixin.py:188} INFO - [2024-06-14T02:33:37.640+0000] {dag.py:3047} INFO - Sync 1 DAGs
[2024-06-14T02:33:37.670+0000] {logging_mixin.py:188} INFO - [2024-06-14T02:33:37.669+0000] {dag.py:3834} INFO - Setting next_dagrun for example_branch_labels to 2024-06-13 00:00:00+00:00, run_after=2024-06-14 00:00:00+00:00
[2024-06-14T02:33:37.698+0000] {processor.py:183} INFO - Processing /home/airflow/.local/lib/python3.8/site-packages/airflow/example_dags/example_branch_labels.py took 0.116 seconds
[2024-06-14T02:34:08.264+0000] {processor.py:161} INFO - Started process (PID=2913) to work on /home/airflow/.local/lib/python3.8/site-packages/airflow/example_dags/example_branch_labels.py
[2024-06-14T02:34:08.265+0000] {processor.py:830} INFO - Processing file /home/airflow/.local/lib/python3.8/site-packages/airflow/example_dags/example_branch_labels.py for tasks to queue
[2024-06-14T02:34:08.268+0000] {logging_mixin.py:188} INFO - [2024-06-14T02:34:08.267+0000] {dagbag.py:540} INFO - Filling up the DagBag from /home/airflow/.local/lib/python3.8/site-packages/airflow/example_dags/example_branch_labels.py
[2024-06-14T02:34:08.282+0000] {processor.py:840} INFO - DAG(s) 'example_branch_labels' retrieved from /home/airflow/.local/lib/python3.8/site-packages/airflow/example_dags/example_branch_labels.py
[2024-06-14T02:34:08.318+0000] {logging_mixin.py:188} INFO - [2024-06-14T02:34:08.317+0000] {dag.py:3047} INFO - Sync 1 DAGs
[2024-06-14T02:34:08.355+0000] {logging_mixin.py:188} INFO - [2024-06-14T02:34:08.355+0000] {dag.py:3834} INFO - Setting next_dagrun for example_branch_labels to 2024-06-13 00:00:00+00:00, run_after=2024-06-14 00:00:00+00:00
[2024-06-14T02:34:08.387+0000] {processor.py:183} INFO - Processing /home/airflow/.local/lib/python3.8/site-packages/airflow/example_dags/example_branch_labels.py took 0.128 seconds
[2024-06-14T02:34:38.777+0000] {processor.py:161} INFO - Started process (PID=2972) to work on /home/airflow/.local/lib/python3.8/site-packages/airflow/example_dags/example_branch_labels.py
[2024-06-14T02:34:38.779+0000] {processor.py:830} INFO - Processing file /home/airflow/.local/lib/python3.8/site-packages/airflow/example_dags/example_branch_labels.py for tasks to queue
[2024-06-14T02:34:38.782+0000] {logging_mixin.py:188} INFO - [2024-06-14T02:34:38.781+0000] {dagbag.py:540} INFO - Filling up the DagBag from /home/airflow/.local/lib/python3.8/site-packages/airflow/example_dags/example_branch_labels.py
[2024-06-14T02:34:38.797+0000] {processor.py:840} INFO - DAG(s) 'example_branch_labels' retrieved from /home/airflow/.local/lib/python3.8/site-packages/airflow/example_dags/example_branch_labels.py
[2024-06-14T02:34:38.835+0000] {logging_mixin.py:188} INFO - [2024-06-14T02:34:38.835+0000] {dag.py:3047} INFO - Sync 1 DAGs
[2024-06-14T02:34:38.872+0000] {logging_mixin.py:188} INFO - [2024-06-14T02:34:38.872+0000] {dag.py:3834} INFO - Setting next_dagrun for example_branch_labels to 2024-06-13 00:00:00+00:00, run_after=2024-06-14 00:00:00+00:00
[2024-06-14T02:34:38.905+0000] {processor.py:183} INFO - Processing /home/airflow/.local/lib/python3.8/site-packages/airflow/example_dags/example_branch_labels.py took 0.133 seconds
[2024-06-14T02:35:09.312+0000] {processor.py:161} INFO - Started process (PID=3033) to work on /home/airflow/.local/lib/python3.8/site-packages/airflow/example_dags/example_branch_labels.py
[2024-06-14T02:35:09.315+0000] {processor.py:830} INFO - Processing file /home/airflow/.local/lib/python3.8/site-packages/airflow/example_dags/example_branch_labels.py for tasks to queue
[2024-06-14T02:35:09.319+0000] {logging_mixin.py:188} INFO - [2024-06-14T02:35:09.319+0000] {dagbag.py:540} INFO - Filling up the DagBag from /home/airflow/.local/lib/python3.8/site-packages/airflow/example_dags/example_branch_labels.py
[2024-06-14T02:35:09.333+0000] {processor.py:840} INFO - DAG(s) 'example_branch_labels' retrieved from /home/airflow/.local/lib/python3.8/site-packages/airflow/example_dags/example_branch_labels.py
[2024-06-14T02:35:09.364+0000] {logging_mixin.py:188} INFO - [2024-06-14T02:35:09.363+0000] {dag.py:3047} INFO - Sync 1 DAGs
[2024-06-14T02:35:09.393+0000] {logging_mixin.py:188} INFO - [2024-06-14T02:35:09.392+0000] {dag.py:3834} INFO - Setting next_dagrun for example_branch_labels to 2024-06-13 00:00:00+00:00, run_after=2024-06-14 00:00:00+00:00
[2024-06-14T02:35:09.423+0000] {processor.py:183} INFO - Processing /home/airflow/.local/lib/python3.8/site-packages/airflow/example_dags/example_branch_labels.py took 0.116 seconds
[2024-06-14T02:35:39.586+0000] {processor.py:161} INFO - Started process (PID=3092) to work on /home/airflow/.local/lib/python3.8/site-packages/airflow/example_dags/example_branch_labels.py
[2024-06-14T02:35:39.588+0000] {processor.py:830} INFO - Processing file /home/airflow/.local/lib/python3.8/site-packages/airflow/example_dags/example_branch_labels.py for tasks to queue
[2024-06-14T02:35:39.591+0000] {logging_mixin.py:188} INFO - [2024-06-14T02:35:39.591+0000] {dagbag.py:540} INFO - Filling up the DagBag from /home/airflow/.local/lib/python3.8/site-packages/airflow/example_dags/example_branch_labels.py
[2024-06-14T02:35:39.603+0000] {processor.py:840} INFO - DAG(s) 'example_branch_labels' retrieved from /home/airflow/.local/lib/python3.8/site-packages/airflow/example_dags/example_branch_labels.py
[2024-06-14T02:35:39.643+0000] {logging_mixin.py:188} INFO - [2024-06-14T02:35:39.642+0000] {dag.py:3047} INFO - Sync 1 DAGs
[2024-06-14T02:35:39.689+0000] {logging_mixin.py:188} INFO - [2024-06-14T02:35:39.688+0000] {dag.py:3834} INFO - Setting next_dagrun for example_branch_labels to 2024-06-13 00:00:00+00:00, run_after=2024-06-14 00:00:00+00:00
[2024-06-14T02:35:39.734+0000] {processor.py:183} INFO - Processing /home/airflow/.local/lib/python3.8/site-packages/airflow/example_dags/example_branch_labels.py took 0.152 seconds
[2024-06-14T02:36:10.207+0000] {processor.py:161} INFO - Started process (PID=3153) to work on /home/airflow/.local/lib/python3.8/site-packages/airflow/example_dags/example_branch_labels.py
[2024-06-14T02:36:10.208+0000] {processor.py:830} INFO - Processing file /home/airflow/.local/lib/python3.8/site-packages/airflow/example_dags/example_branch_labels.py for tasks to queue
[2024-06-14T02:36:10.211+0000] {logging_mixin.py:188} INFO - [2024-06-14T02:36:10.210+0000] {dagbag.py:540} INFO - Filling up the DagBag from /home/airflow/.local/lib/python3.8/site-packages/airflow/example_dags/example_branch_labels.py
[2024-06-14T02:36:10.220+0000] {processor.py:840} INFO - DAG(s) 'example_branch_labels' retrieved from /home/airflow/.local/lib/python3.8/site-packages/airflow/example_dags/example_branch_labels.py
[2024-06-14T02:36:10.247+0000] {logging_mixin.py:188} INFO - [2024-06-14T02:36:10.246+0000] {dag.py:3047} INFO - Sync 1 DAGs
[2024-06-14T02:36:10.277+0000] {logging_mixin.py:188} INFO - [2024-06-14T02:36:10.277+0000] {dag.py:3834} INFO - Setting next_dagrun for example_branch_labels to 2024-06-13 00:00:00+00:00, run_after=2024-06-14 00:00:00+00:00
[2024-06-14T02:36:10.301+0000] {processor.py:183} INFO - Processing /home/airflow/.local/lib/python3.8/site-packages/airflow/example_dags/example_branch_labels.py took 0.098 seconds
[2024-06-14T02:36:40.840+0000] {processor.py:161} INFO - Started process (PID=3214) to work on /home/airflow/.local/lib/python3.8/site-packages/airflow/example_dags/example_branch_labels.py
[2024-06-14T02:36:40.860+0000] {processor.py:830} INFO - Processing file /home/airflow/.local/lib/python3.8/site-packages/airflow/example_dags/example_branch_labels.py for tasks to queue
[2024-06-14T02:36:40.871+0000] {logging_mixin.py:188} INFO - [2024-06-14T02:36:40.870+0000] {dagbag.py:540} INFO - Filling up the DagBag from /home/airflow/.local/lib/python3.8/site-packages/airflow/example_dags/example_branch_labels.py
[2024-06-14T02:36:40.907+0000] {processor.py:840} INFO - DAG(s) 'example_branch_labels' retrieved from /home/airflow/.local/lib/python3.8/site-packages/airflow/example_dags/example_branch_labels.py
[2024-06-14T02:36:40.969+0000] {logging_mixin.py:188} INFO - [2024-06-14T02:36:40.967+0000] {dag.py:3047} INFO - Sync 1 DAGs
[2024-06-14T02:36:41.037+0000] {logging_mixin.py:188} INFO - [2024-06-14T02:36:41.037+0000] {dag.py:3834} INFO - Setting next_dagrun for example_branch_labels to 2024-06-13 00:00:00+00:00, run_after=2024-06-14 00:00:00+00:00
[2024-06-14T02:36:41.120+0000] {processor.py:183} INFO - Processing /home/airflow/.local/lib/python3.8/site-packages/airflow/example_dags/example_branch_labels.py took 0.299 seconds
[2024-06-14T02:37:11.182+0000] {processor.py:161} INFO - Started process (PID=3275) to work on /home/airflow/.local/lib/python3.8/site-packages/airflow/example_dags/example_branch_labels.py
[2024-06-14T02:37:11.184+0000] {processor.py:830} INFO - Processing file /home/airflow/.local/lib/python3.8/site-packages/airflow/example_dags/example_branch_labels.py for tasks to queue
[2024-06-14T02:37:11.188+0000] {logging_mixin.py:188} INFO - [2024-06-14T02:37:11.187+0000] {dagbag.py:540} INFO - Filling up the DagBag from /home/airflow/.local/lib/python3.8/site-packages/airflow/example_dags/example_branch_labels.py
[2024-06-14T02:37:11.201+0000] {processor.py:840} INFO - DAG(s) 'example_branch_labels' retrieved from /home/airflow/.local/lib/python3.8/site-packages/airflow/example_dags/example_branch_labels.py
[2024-06-14T02:37:11.226+0000] {logging_mixin.py:188} INFO - [2024-06-14T02:37:11.226+0000] {dag.py:3047} INFO - Sync 1 DAGs
[2024-06-14T02:37:11.255+0000] {logging_mixin.py:188} INFO - [2024-06-14T02:37:11.255+0000] {dag.py:3834} INFO - Setting next_dagrun for example_branch_labels to 2024-06-13 00:00:00+00:00, run_after=2024-06-14 00:00:00+00:00
[2024-06-14T02:37:11.281+0000] {processor.py:183} INFO - Processing /home/airflow/.local/lib/python3.8/site-packages/airflow/example_dags/example_branch_labels.py took 0.104 seconds
[2024-06-14T02:37:41.517+0000] {processor.py:161} INFO - Started process (PID=3336) to work on /home/airflow/.local/lib/python3.8/site-packages/airflow/example_dags/example_branch_labels.py
[2024-06-14T02:37:41.518+0000] {processor.py:830} INFO - Processing file /home/airflow/.local/lib/python3.8/site-packages/airflow/example_dags/example_branch_labels.py for tasks to queue
[2024-06-14T02:37:41.521+0000] {logging_mixin.py:188} INFO - [2024-06-14T02:37:41.520+0000] {dagbag.py:540} INFO - Filling up the DagBag from /home/airflow/.local/lib/python3.8/site-packages/airflow/example_dags/example_branch_labels.py
[2024-06-14T02:37:41.529+0000] {processor.py:840} INFO - DAG(s) 'example_branch_labels' retrieved from /home/airflow/.local/lib/python3.8/site-packages/airflow/example_dags/example_branch_labels.py
[2024-06-14T02:37:41.559+0000] {logging_mixin.py:188} INFO - [2024-06-14T02:37:41.558+0000] {dag.py:3047} INFO - Sync 1 DAGs
[2024-06-14T02:37:41.585+0000] {logging_mixin.py:188} INFO - [2024-06-14T02:37:41.584+0000] {dag.py:3834} INFO - Setting next_dagrun for example_branch_labels to 2024-06-13 00:00:00+00:00, run_after=2024-06-14 00:00:00+00:00
[2024-06-14T02:37:41.614+0000] {processor.py:183} INFO - Processing /home/airflow/.local/lib/python3.8/site-packages/airflow/example_dags/example_branch_labels.py took 0.100 seconds
