[2024-06-14T02:10:33.392+0000] {processor.py:161} INFO - Started process (PID=81) to work on /home/airflow/.local/lib/python3.8/site-packages/airflow/example_dags/example_sensors.py
[2024-06-14T02:10:33.395+0000] {processor.py:830} INFO - Processing file /home/airflow/.local/lib/python3.8/site-packages/airflow/example_dags/example_sensors.py for tasks to queue
[2024-06-14T02:10:33.428+0000] {logging_mixin.py:188} INFO - [2024-06-14T02:10:33.426+0000] {dagbag.py:540} INFO - Filling up the DagBag from /home/airflow/.local/lib/python3.8/site-packages/airflow/example_dags/example_sensors.py
[2024-06-14T02:10:33.551+0000] {processor.py:840} INFO - DAG(s) 'example_sensors' retrieved from /home/airflow/.local/lib/python3.8/site-packages/airflow/example_dags/example_sensors.py
[2024-06-14T02:10:33.642+0000] {logging_mixin.py:188} INFO - [2024-06-14T02:10:33.641+0000] {dag.py:3047} INFO - Sync 1 DAGs
[2024-06-14T02:10:33.724+0000] {logging_mixin.py:188} INFO - [2024-06-14T02:10:33.723+0000] {dag.py:3834} INFO - Setting next_dagrun for example_sensors to None, run_after=None
[2024-06-14T02:10:33.853+0000] {processor.py:183} INFO - Processing /home/airflow/.local/lib/python3.8/site-packages/airflow/example_dags/example_sensors.py took 0.487 seconds
[2024-06-14T02:11:04.757+0000] {processor.py:161} INFO - Started process (PID=165) to work on /home/airflow/.local/lib/python3.8/site-packages/airflow/example_dags/example_sensors.py
[2024-06-14T02:11:04.759+0000] {processor.py:830} INFO - Processing file /home/airflow/.local/lib/python3.8/site-packages/airflow/example_dags/example_sensors.py for tasks to queue
[2024-06-14T02:11:04.764+0000] {logging_mixin.py:188} INFO - [2024-06-14T02:11:04.763+0000] {dagbag.py:540} INFO - Filling up the DagBag from /home/airflow/.local/lib/python3.8/site-packages/airflow/example_dags/example_sensors.py
[2024-06-14T02:11:04.776+0000] {processor.py:840} INFO - DAG(s) 'example_sensors' retrieved from /home/airflow/.local/lib/python3.8/site-packages/airflow/example_dags/example_sensors.py
[2024-06-14T02:11:04.816+0000] {logging_mixin.py:188} INFO - [2024-06-14T02:11:04.815+0000] {dag.py:3047} INFO - Sync 1 DAGs
[2024-06-14T02:11:04.835+0000] {logging_mixin.py:188} INFO - [2024-06-14T02:11:04.835+0000] {dag.py:3834} INFO - Setting next_dagrun for example_sensors to None, run_after=None
[2024-06-14T02:11:04.871+0000] {processor.py:183} INFO - Processing /home/airflow/.local/lib/python3.8/site-packages/airflow/example_dags/example_sensors.py took 0.119 seconds
[2024-06-14T02:11:35.471+0000] {processor.py:161} INFO - Started process (PID=235) to work on /home/airflow/.local/lib/python3.8/site-packages/airflow/example_dags/example_sensors.py
[2024-06-14T02:11:35.473+0000] {processor.py:830} INFO - Processing file /home/airflow/.local/lib/python3.8/site-packages/airflow/example_dags/example_sensors.py for tasks to queue
[2024-06-14T02:11:35.476+0000] {logging_mixin.py:188} INFO - [2024-06-14T02:11:35.476+0000] {dagbag.py:540} INFO - Filling up the DagBag from /home/airflow/.local/lib/python3.8/site-packages/airflow/example_dags/example_sensors.py
[2024-06-14T02:11:35.487+0000] {processor.py:840} INFO - DAG(s) 'example_sensors' retrieved from /home/airflow/.local/lib/python3.8/site-packages/airflow/example_dags/example_sensors.py
[2024-06-14T02:11:35.517+0000] {logging_mixin.py:188} INFO - [2024-06-14T02:11:35.517+0000] {dag.py:3047} INFO - Sync 1 DAGs
[2024-06-14T02:11:35.531+0000] {logging_mixin.py:188} INFO - [2024-06-14T02:11:35.531+0000] {dag.py:3834} INFO - Setting next_dagrun for example_sensors to None, run_after=None
[2024-06-14T02:11:35.559+0000] {processor.py:183} INFO - Processing /home/airflow/.local/lib/python3.8/site-packages/airflow/example_dags/example_sensors.py took 0.094 seconds
[2024-06-14T02:12:06.297+0000] {processor.py:161} INFO - Started process (PID=304) to work on /home/airflow/.local/lib/python3.8/site-packages/airflow/example_dags/example_sensors.py
[2024-06-14T02:12:06.299+0000] {processor.py:830} INFO - Processing file /home/airflow/.local/lib/python3.8/site-packages/airflow/example_dags/example_sensors.py for tasks to queue
[2024-06-14T02:12:06.302+0000] {logging_mixin.py:188} INFO - [2024-06-14T02:12:06.302+0000] {dagbag.py:540} INFO - Filling up the DagBag from /home/airflow/.local/lib/python3.8/site-packages/airflow/example_dags/example_sensors.py
[2024-06-14T02:12:06.316+0000] {processor.py:840} INFO - DAG(s) 'example_sensors' retrieved from /home/airflow/.local/lib/python3.8/site-packages/airflow/example_dags/example_sensors.py
[2024-06-14T02:12:06.352+0000] {logging_mixin.py:188} INFO - [2024-06-14T02:12:06.352+0000] {dag.py:3047} INFO - Sync 1 DAGs
[2024-06-14T02:12:06.392+0000] {logging_mixin.py:188} INFO - [2024-06-14T02:12:06.392+0000] {dag.py:3834} INFO - Setting next_dagrun for example_sensors to None, run_after=None
[2024-06-14T02:12:06.428+0000] {processor.py:183} INFO - Processing /home/airflow/.local/lib/python3.8/site-packages/airflow/example_dags/example_sensors.py took 0.137 seconds
[2024-06-14T02:12:36.690+0000] {processor.py:161} INFO - Started process (PID=365) to work on /home/airflow/.local/lib/python3.8/site-packages/airflow/example_dags/example_sensors.py
[2024-06-14T02:12:36.691+0000] {processor.py:830} INFO - Processing file /home/airflow/.local/lib/python3.8/site-packages/airflow/example_dags/example_sensors.py for tasks to queue
[2024-06-14T02:12:36.694+0000] {logging_mixin.py:188} INFO - [2024-06-14T02:12:36.694+0000] {dagbag.py:540} INFO - Filling up the DagBag from /home/airflow/.local/lib/python3.8/site-packages/airflow/example_dags/example_sensors.py
[2024-06-14T02:12:36.704+0000] {processor.py:840} INFO - DAG(s) 'example_sensors' retrieved from /home/airflow/.local/lib/python3.8/site-packages/airflow/example_dags/example_sensors.py
[2024-06-14T02:12:36.736+0000] {logging_mixin.py:188} INFO - [2024-06-14T02:12:36.736+0000] {dag.py:3047} INFO - Sync 1 DAGs
[2024-06-14T02:12:36.753+0000] {logging_mixin.py:188} INFO - [2024-06-14T02:12:36.753+0000] {dag.py:3834} INFO - Setting next_dagrun for example_sensors to None, run_after=None
[2024-06-14T02:12:36.780+0000] {processor.py:183} INFO - Processing /home/airflow/.local/lib/python3.8/site-packages/airflow/example_dags/example_sensors.py took 0.094 seconds
[2024-06-14T02:13:07.146+0000] {processor.py:161} INFO - Started process (PID=426) to work on /home/airflow/.local/lib/python3.8/site-packages/airflow/example_dags/example_sensors.py
[2024-06-14T02:13:07.148+0000] {processor.py:830} INFO - Processing file /home/airflow/.local/lib/python3.8/site-packages/airflow/example_dags/example_sensors.py for tasks to queue
[2024-06-14T02:13:07.151+0000] {logging_mixin.py:188} INFO - [2024-06-14T02:13:07.150+0000] {dagbag.py:540} INFO - Filling up the DagBag from /home/airflow/.local/lib/python3.8/site-packages/airflow/example_dags/example_sensors.py
[2024-06-14T02:13:07.162+0000] {processor.py:840} INFO - DAG(s) 'example_sensors' retrieved from /home/airflow/.local/lib/python3.8/site-packages/airflow/example_dags/example_sensors.py
[2024-06-14T02:13:07.194+0000] {logging_mixin.py:188} INFO - [2024-06-14T02:13:07.194+0000] {dag.py:3047} INFO - Sync 1 DAGs
[2024-06-14T02:13:07.208+0000] {logging_mixin.py:188} INFO - [2024-06-14T02:13:07.207+0000] {dag.py:3834} INFO - Setting next_dagrun for example_sensors to None, run_after=None
[2024-06-14T02:13:07.237+0000] {processor.py:183} INFO - Processing /home/airflow/.local/lib/python3.8/site-packages/airflow/example_dags/example_sensors.py took 0.095 seconds
[2024-06-14T02:13:37.719+0000] {processor.py:161} INFO - Started process (PID=487) to work on /home/airflow/.local/lib/python3.8/site-packages/airflow/example_dags/example_sensors.py
[2024-06-14T02:13:37.720+0000] {processor.py:830} INFO - Processing file /home/airflow/.local/lib/python3.8/site-packages/airflow/example_dags/example_sensors.py for tasks to queue
[2024-06-14T02:13:37.724+0000] {logging_mixin.py:188} INFO - [2024-06-14T02:13:37.723+0000] {dagbag.py:540} INFO - Filling up the DagBag from /home/airflow/.local/lib/python3.8/site-packages/airflow/example_dags/example_sensors.py
[2024-06-14T02:13:37.737+0000] {processor.py:840} INFO - DAG(s) 'example_sensors' retrieved from /home/airflow/.local/lib/python3.8/site-packages/airflow/example_dags/example_sensors.py
[2024-06-14T02:13:37.774+0000] {logging_mixin.py:188} INFO - [2024-06-14T02:13:37.774+0000] {dag.py:3047} INFO - Sync 1 DAGs
[2024-06-14T02:13:37.789+0000] {logging_mixin.py:188} INFO - [2024-06-14T02:13:37.789+0000] {dag.py:3834} INFO - Setting next_dagrun for example_sensors to None, run_after=None
[2024-06-14T02:13:37.818+0000] {processor.py:183} INFO - Processing /home/airflow/.local/lib/python3.8/site-packages/airflow/example_dags/example_sensors.py took 0.103 seconds
[2024-06-14T02:14:07.918+0000] {processor.py:161} INFO - Started process (PID=549) to work on /home/airflow/.local/lib/python3.8/site-packages/airflow/example_dags/example_sensors.py
[2024-06-14T02:14:07.921+0000] {processor.py:830} INFO - Processing file /home/airflow/.local/lib/python3.8/site-packages/airflow/example_dags/example_sensors.py for tasks to queue
[2024-06-14T02:14:07.933+0000] {logging_mixin.py:188} INFO - [2024-06-14T02:14:07.932+0000] {dagbag.py:540} INFO - Filling up the DagBag from /home/airflow/.local/lib/python3.8/site-packages/airflow/example_dags/example_sensors.py
[2024-06-14T02:14:07.946+0000] {processor.py:840} INFO - DAG(s) 'example_sensors' retrieved from /home/airflow/.local/lib/python3.8/site-packages/airflow/example_dags/example_sensors.py
[2024-06-14T02:14:07.979+0000] {logging_mixin.py:188} INFO - [2024-06-14T02:14:07.979+0000] {dag.py:3047} INFO - Sync 1 DAGs
[2024-06-14T02:14:07.993+0000] {logging_mixin.py:188} INFO - [2024-06-14T02:14:07.993+0000] {dag.py:3834} INFO - Setting next_dagrun for example_sensors to None, run_after=None
[2024-06-14T02:14:08.018+0000] {processor.py:183} INFO - Processing /home/airflow/.local/lib/python3.8/site-packages/airflow/example_dags/example_sensors.py took 0.104 seconds
[2024-06-14T02:14:41.245+0000] {processor.py:161} INFO - Started process (PID=610) to work on /home/airflow/.local/lib/python3.8/site-packages/airflow/example_dags/example_sensors.py
[2024-06-14T02:14:41.248+0000] {processor.py:830} INFO - Processing file /home/airflow/.local/lib/python3.8/site-packages/airflow/example_dags/example_sensors.py for tasks to queue
[2024-06-14T02:14:41.259+0000] {logging_mixin.py:188} INFO - [2024-06-14T02:14:41.258+0000] {dagbag.py:540} INFO - Filling up the DagBag from /home/airflow/.local/lib/python3.8/site-packages/airflow/example_dags/example_sensors.py
[2024-06-14T02:14:41.282+0000] {processor.py:840} INFO - DAG(s) 'example_sensors' retrieved from /home/airflow/.local/lib/python3.8/site-packages/airflow/example_dags/example_sensors.py
[2024-06-14T02:14:41.331+0000] {logging_mixin.py:188} INFO - [2024-06-14T02:14:41.331+0000] {dag.py:3047} INFO - Sync 1 DAGs
[2024-06-14T02:14:41.353+0000] {logging_mixin.py:188} INFO - [2024-06-14T02:14:41.352+0000] {dag.py:3834} INFO - Setting next_dagrun for example_sensors to None, run_after=None
[2024-06-14T02:14:41.395+0000] {processor.py:183} INFO - Processing /home/airflow/.local/lib/python3.8/site-packages/airflow/example_dags/example_sensors.py took 0.155 seconds
[2024-06-14T02:15:12.434+0000] {processor.py:161} INFO - Started process (PID=671) to work on /home/airflow/.local/lib/python3.8/site-packages/airflow/example_dags/example_sensors.py
[2024-06-14T02:15:12.436+0000] {processor.py:830} INFO - Processing file /home/airflow/.local/lib/python3.8/site-packages/airflow/example_dags/example_sensors.py for tasks to queue
[2024-06-14T02:15:12.440+0000] {logging_mixin.py:188} INFO - [2024-06-14T02:15:12.439+0000] {dagbag.py:540} INFO - Filling up the DagBag from /home/airflow/.local/lib/python3.8/site-packages/airflow/example_dags/example_sensors.py
[2024-06-14T02:15:12.454+0000] {processor.py:840} INFO - DAG(s) 'example_sensors' retrieved from /home/airflow/.local/lib/python3.8/site-packages/airflow/example_dags/example_sensors.py
[2024-06-14T02:15:12.485+0000] {logging_mixin.py:188} INFO - [2024-06-14T02:15:12.485+0000] {dag.py:3047} INFO - Sync 1 DAGs
[2024-06-14T02:15:12.503+0000] {logging_mixin.py:188} INFO - [2024-06-14T02:15:12.502+0000] {dag.py:3834} INFO - Setting next_dagrun for example_sensors to None, run_after=None
[2024-06-14T02:15:12.526+0000] {processor.py:183} INFO - Processing /home/airflow/.local/lib/python3.8/site-packages/airflow/example_dags/example_sensors.py took 0.097 seconds
[2024-06-14T02:15:43.258+0000] {processor.py:161} INFO - Started process (PID=732) to work on /home/airflow/.local/lib/python3.8/site-packages/airflow/example_dags/example_sensors.py
[2024-06-14T02:15:43.260+0000] {processor.py:830} INFO - Processing file /home/airflow/.local/lib/python3.8/site-packages/airflow/example_dags/example_sensors.py for tasks to queue
[2024-06-14T02:15:43.264+0000] {logging_mixin.py:188} INFO - [2024-06-14T02:15:43.264+0000] {dagbag.py:540} INFO - Filling up the DagBag from /home/airflow/.local/lib/python3.8/site-packages/airflow/example_dags/example_sensors.py
[2024-06-14T02:15:43.279+0000] {processor.py:840} INFO - DAG(s) 'example_sensors' retrieved from /home/airflow/.local/lib/python3.8/site-packages/airflow/example_dags/example_sensors.py
[2024-06-14T02:15:43.313+0000] {logging_mixin.py:188} INFO - [2024-06-14T02:15:43.313+0000] {dag.py:3047} INFO - Sync 1 DAGs
[2024-06-14T02:15:43.333+0000] {logging_mixin.py:188} INFO - [2024-06-14T02:15:43.333+0000] {dag.py:3834} INFO - Setting next_dagrun for example_sensors to None, run_after=None
[2024-06-14T02:15:43.371+0000] {processor.py:183} INFO - Processing /home/airflow/.local/lib/python3.8/site-packages/airflow/example_dags/example_sensors.py took 0.111 seconds
[2024-06-14T02:16:15.726+0000] {processor.py:161} INFO - Started process (PID=792) to work on /home/airflow/.local/lib/python3.8/site-packages/airflow/example_dags/example_sensors.py
[2024-06-14T02:16:15.728+0000] {processor.py:830} INFO - Processing file /home/airflow/.local/lib/python3.8/site-packages/airflow/example_dags/example_sensors.py for tasks to queue
[2024-06-14T02:16:15.731+0000] {logging_mixin.py:188} INFO - [2024-06-14T02:16:15.731+0000] {dagbag.py:540} INFO - Filling up the DagBag from /home/airflow/.local/lib/python3.8/site-packages/airflow/example_dags/example_sensors.py
[2024-06-14T02:16:15.747+0000] {processor.py:840} INFO - DAG(s) 'example_sensors' retrieved from /home/airflow/.local/lib/python3.8/site-packages/airflow/example_dags/example_sensors.py
[2024-06-14T02:16:15.795+0000] {logging_mixin.py:188} INFO - [2024-06-14T02:16:15.794+0000] {dag.py:3047} INFO - Sync 1 DAGs
[2024-06-14T02:16:15.819+0000] {logging_mixin.py:188} INFO - [2024-06-14T02:16:15.818+0000] {dag.py:3834} INFO - Setting next_dagrun for example_sensors to None, run_after=None
[2024-06-14T02:16:15.862+0000] {processor.py:183} INFO - Processing /home/airflow/.local/lib/python3.8/site-packages/airflow/example_dags/example_sensors.py took 0.143 seconds
[2024-06-14T02:16:49.963+0000] {processor.py:161} INFO - Started process (PID=854) to work on /home/airflow/.local/lib/python3.8/site-packages/airflow/example_dags/example_sensors.py
[2024-06-14T02:16:49.983+0000] {processor.py:830} INFO - Processing file /home/airflow/.local/lib/python3.8/site-packages/airflow/example_dags/example_sensors.py for tasks to queue
[2024-06-14T02:16:49.986+0000] {logging_mixin.py:188} INFO - [2024-06-14T02:16:49.985+0000] {dagbag.py:540} INFO - Filling up the DagBag from /home/airflow/.local/lib/python3.8/site-packages/airflow/example_dags/example_sensors.py
[2024-06-14T02:16:50.001+0000] {processor.py:840} INFO - DAG(s) 'example_sensors' retrieved from /home/airflow/.local/lib/python3.8/site-packages/airflow/example_dags/example_sensors.py
[2024-06-14T02:16:50.043+0000] {logging_mixin.py:188} INFO - [2024-06-14T02:16:50.042+0000] {dag.py:3047} INFO - Sync 1 DAGs
[2024-06-14T02:16:50.067+0000] {logging_mixin.py:188} INFO - [2024-06-14T02:16:50.066+0000] {dag.py:3834} INFO - Setting next_dagrun for example_sensors to None, run_after=None
[2024-06-14T02:16:50.175+0000] {processor.py:183} INFO - Processing /home/airflow/.local/lib/python3.8/site-packages/airflow/example_dags/example_sensors.py took 0.216 seconds
[2024-06-14T02:17:20.552+0000] {processor.py:161} INFO - Started process (PID=915) to work on /home/airflow/.local/lib/python3.8/site-packages/airflow/example_dags/example_sensors.py
[2024-06-14T02:17:20.554+0000] {processor.py:830} INFO - Processing file /home/airflow/.local/lib/python3.8/site-packages/airflow/example_dags/example_sensors.py for tasks to queue
[2024-06-14T02:17:20.561+0000] {logging_mixin.py:188} INFO - [2024-06-14T02:17:20.560+0000] {dagbag.py:540} INFO - Filling up the DagBag from /home/airflow/.local/lib/python3.8/site-packages/airflow/example_dags/example_sensors.py
[2024-06-14T02:17:20.581+0000] {processor.py:840} INFO - DAG(s) 'example_sensors' retrieved from /home/airflow/.local/lib/python3.8/site-packages/airflow/example_dags/example_sensors.py
[2024-06-14T02:17:20.664+0000] {logging_mixin.py:188} INFO - [2024-06-14T02:17:20.663+0000] {dag.py:3047} INFO - Sync 1 DAGs
[2024-06-14T02:17:20.727+0000] {logging_mixin.py:188} INFO - [2024-06-14T02:17:20.726+0000] {dag.py:3834} INFO - Setting next_dagrun for example_sensors to None, run_after=None
[2024-06-14T02:17:20.796+0000] {processor.py:183} INFO - Processing /home/airflow/.local/lib/python3.8/site-packages/airflow/example_dags/example_sensors.py took 0.249 seconds
[2024-06-14T02:17:51.835+0000] {processor.py:161} INFO - Started process (PID=976) to work on /home/airflow/.local/lib/python3.8/site-packages/airflow/example_dags/example_sensors.py
[2024-06-14T02:17:51.837+0000] {processor.py:830} INFO - Processing file /home/airflow/.local/lib/python3.8/site-packages/airflow/example_dags/example_sensors.py for tasks to queue
[2024-06-14T02:17:51.841+0000] {logging_mixin.py:188} INFO - [2024-06-14T02:17:51.840+0000] {dagbag.py:540} INFO - Filling up the DagBag from /home/airflow/.local/lib/python3.8/site-packages/airflow/example_dags/example_sensors.py
[2024-06-14T02:17:51.857+0000] {processor.py:840} INFO - DAG(s) 'example_sensors' retrieved from /home/airflow/.local/lib/python3.8/site-packages/airflow/example_dags/example_sensors.py
[2024-06-14T02:17:51.895+0000] {logging_mixin.py:188} INFO - [2024-06-14T02:17:51.894+0000] {dag.py:3047} INFO - Sync 1 DAGs
[2024-06-14T02:17:51.921+0000] {logging_mixin.py:188} INFO - [2024-06-14T02:17:51.920+0000] {dag.py:3834} INFO - Setting next_dagrun for example_sensors to None, run_after=None
[2024-06-14T02:17:51.978+0000] {processor.py:183} INFO - Processing /home/airflow/.local/lib/python3.8/site-packages/airflow/example_dags/example_sensors.py took 0.149 seconds
[2024-06-14T02:18:22.289+0000] {processor.py:161} INFO - Started process (PID=1037) to work on /home/airflow/.local/lib/python3.8/site-packages/airflow/example_dags/example_sensors.py
[2024-06-14T02:18:22.291+0000] {processor.py:830} INFO - Processing file /home/airflow/.local/lib/python3.8/site-packages/airflow/example_dags/example_sensors.py for tasks to queue
[2024-06-14T02:18:22.294+0000] {logging_mixin.py:188} INFO - [2024-06-14T02:18:22.293+0000] {dagbag.py:540} INFO - Filling up the DagBag from /home/airflow/.local/lib/python3.8/site-packages/airflow/example_dags/example_sensors.py
[2024-06-14T02:18:22.311+0000] {processor.py:840} INFO - DAG(s) 'example_sensors' retrieved from /home/airflow/.local/lib/python3.8/site-packages/airflow/example_dags/example_sensors.py
[2024-06-14T02:18:22.359+0000] {logging_mixin.py:188} INFO - [2024-06-14T02:18:22.359+0000] {dag.py:3047} INFO - Sync 1 DAGs
[2024-06-14T02:18:22.384+0000] {logging_mixin.py:188} INFO - [2024-06-14T02:18:22.383+0000] {dag.py:3834} INFO - Setting next_dagrun for example_sensors to None, run_after=None
[2024-06-14T02:18:22.426+0000] {processor.py:183} INFO - Processing /home/airflow/.local/lib/python3.8/site-packages/airflow/example_dags/example_sensors.py took 0.145 seconds
[2024-06-14T02:18:53.059+0000] {processor.py:161} INFO - Started process (PID=1098) to work on /home/airflow/.local/lib/python3.8/site-packages/airflow/example_dags/example_sensors.py
[2024-06-14T02:18:53.061+0000] {processor.py:830} INFO - Processing file /home/airflow/.local/lib/python3.8/site-packages/airflow/example_dags/example_sensors.py for tasks to queue
[2024-06-14T02:18:53.064+0000] {logging_mixin.py:188} INFO - [2024-06-14T02:18:53.064+0000] {dagbag.py:540} INFO - Filling up the DagBag from /home/airflow/.local/lib/python3.8/site-packages/airflow/example_dags/example_sensors.py
[2024-06-14T02:18:53.075+0000] {processor.py:840} INFO - DAG(s) 'example_sensors' retrieved from /home/airflow/.local/lib/python3.8/site-packages/airflow/example_dags/example_sensors.py
[2024-06-14T02:18:53.114+0000] {logging_mixin.py:188} INFO - [2024-06-14T02:18:53.113+0000] {dag.py:3047} INFO - Sync 1 DAGs
[2024-06-14T02:18:53.131+0000] {logging_mixin.py:188} INFO - [2024-06-14T02:18:53.131+0000] {dag.py:3834} INFO - Setting next_dagrun for example_sensors to None, run_after=None
[2024-06-14T02:18:53.160+0000] {processor.py:183} INFO - Processing /home/airflow/.local/lib/python3.8/site-packages/airflow/example_dags/example_sensors.py took 0.107 seconds
[2024-06-14T02:19:23.532+0000] {processor.py:161} INFO - Started process (PID=1159) to work on /home/airflow/.local/lib/python3.8/site-packages/airflow/example_dags/example_sensors.py
[2024-06-14T02:19:23.533+0000] {processor.py:830} INFO - Processing file /home/airflow/.local/lib/python3.8/site-packages/airflow/example_dags/example_sensors.py for tasks to queue
[2024-06-14T02:19:23.536+0000] {logging_mixin.py:188} INFO - [2024-06-14T02:19:23.536+0000] {dagbag.py:540} INFO - Filling up the DagBag from /home/airflow/.local/lib/python3.8/site-packages/airflow/example_dags/example_sensors.py
[2024-06-14T02:19:23.550+0000] {processor.py:840} INFO - DAG(s) 'example_sensors' retrieved from /home/airflow/.local/lib/python3.8/site-packages/airflow/example_dags/example_sensors.py
[2024-06-14T02:19:23.588+0000] {logging_mixin.py:188} INFO - [2024-06-14T02:19:23.588+0000] {dag.py:3047} INFO - Sync 1 DAGs
[2024-06-14T02:19:23.602+0000] {logging_mixin.py:188} INFO - [2024-06-14T02:19:23.602+0000] {dag.py:3834} INFO - Setting next_dagrun for example_sensors to None, run_after=None
[2024-06-14T02:19:23.629+0000] {processor.py:183} INFO - Processing /home/airflow/.local/lib/python3.8/site-packages/airflow/example_dags/example_sensors.py took 0.101 seconds
[2024-06-14T02:19:55.061+0000] {processor.py:161} INFO - Started process (PID=1220) to work on /home/airflow/.local/lib/python3.8/site-packages/airflow/example_dags/example_sensors.py
[2024-06-14T02:19:55.062+0000] {processor.py:830} INFO - Processing file /home/airflow/.local/lib/python3.8/site-packages/airflow/example_dags/example_sensors.py for tasks to queue
[2024-06-14T02:19:55.065+0000] {logging_mixin.py:188} INFO - [2024-06-14T02:19:55.064+0000] {dagbag.py:540} INFO - Filling up the DagBag from /home/airflow/.local/lib/python3.8/site-packages/airflow/example_dags/example_sensors.py
[2024-06-14T02:19:55.078+0000] {processor.py:840} INFO - DAG(s) 'example_sensors' retrieved from /home/airflow/.local/lib/python3.8/site-packages/airflow/example_dags/example_sensors.py
[2024-06-14T02:19:55.110+0000] {logging_mixin.py:188} INFO - [2024-06-14T02:19:55.110+0000] {dag.py:3047} INFO - Sync 1 DAGs
[2024-06-14T02:19:55.129+0000] {logging_mixin.py:188} INFO - [2024-06-14T02:19:55.129+0000] {dag.py:3834} INFO - Setting next_dagrun for example_sensors to None, run_after=None
[2024-06-14T02:19:55.155+0000] {processor.py:183} INFO - Processing /home/airflow/.local/lib/python3.8/site-packages/airflow/example_dags/example_sensors.py took 0.099 seconds
[2024-06-14T02:20:27.420+0000] {processor.py:161} INFO - Started process (PID=1281) to work on /home/airflow/.local/lib/python3.8/site-packages/airflow/example_dags/example_sensors.py
[2024-06-14T02:20:27.423+0000] {processor.py:830} INFO - Processing file /home/airflow/.local/lib/python3.8/site-packages/airflow/example_dags/example_sensors.py for tasks to queue
[2024-06-14T02:20:27.426+0000] {logging_mixin.py:188} INFO - [2024-06-14T02:20:27.426+0000] {dagbag.py:540} INFO - Filling up the DagBag from /home/airflow/.local/lib/python3.8/site-packages/airflow/example_dags/example_sensors.py
[2024-06-14T02:20:27.439+0000] {processor.py:840} INFO - DAG(s) 'example_sensors' retrieved from /home/airflow/.local/lib/python3.8/site-packages/airflow/example_dags/example_sensors.py
[2024-06-14T02:20:27.482+0000] {logging_mixin.py:188} INFO - [2024-06-14T02:20:27.481+0000] {dag.py:3047} INFO - Sync 1 DAGs
[2024-06-14T02:20:27.504+0000] {logging_mixin.py:188} INFO - [2024-06-14T02:20:27.504+0000] {dag.py:3834} INFO - Setting next_dagrun for example_sensors to None, run_after=None
[2024-06-14T02:20:27.542+0000] {processor.py:183} INFO - Processing /home/airflow/.local/lib/python3.8/site-packages/airflow/example_dags/example_sensors.py took 0.126 seconds
[2024-06-14T02:20:57.859+0000] {processor.py:161} INFO - Started process (PID=1342) to work on /home/airflow/.local/lib/python3.8/site-packages/airflow/example_dags/example_sensors.py
[2024-06-14T02:20:57.861+0000] {processor.py:830} INFO - Processing file /home/airflow/.local/lib/python3.8/site-packages/airflow/example_dags/example_sensors.py for tasks to queue
[2024-06-14T02:20:57.864+0000] {logging_mixin.py:188} INFO - [2024-06-14T02:20:57.863+0000] {dagbag.py:540} INFO - Filling up the DagBag from /home/airflow/.local/lib/python3.8/site-packages/airflow/example_dags/example_sensors.py
[2024-06-14T02:20:57.874+0000] {processor.py:840} INFO - DAG(s) 'example_sensors' retrieved from /home/airflow/.local/lib/python3.8/site-packages/airflow/example_dags/example_sensors.py
[2024-06-14T02:20:57.909+0000] {logging_mixin.py:188} INFO - [2024-06-14T02:20:57.908+0000] {dag.py:3047} INFO - Sync 1 DAGs
[2024-06-14T02:20:57.924+0000] {logging_mixin.py:188} INFO - [2024-06-14T02:20:57.924+0000] {dag.py:3834} INFO - Setting next_dagrun for example_sensors to None, run_after=None
[2024-06-14T02:20:57.964+0000] {processor.py:183} INFO - Processing /home/airflow/.local/lib/python3.8/site-packages/airflow/example_dags/example_sensors.py took 0.110 seconds
[2024-06-14T02:21:29.163+0000] {processor.py:161} INFO - Started process (PID=1403) to work on /home/airflow/.local/lib/python3.8/site-packages/airflow/example_dags/example_sensors.py
[2024-06-14T02:21:29.166+0000] {processor.py:830} INFO - Processing file /home/airflow/.local/lib/python3.8/site-packages/airflow/example_dags/example_sensors.py for tasks to queue
[2024-06-14T02:21:29.171+0000] {logging_mixin.py:188} INFO - [2024-06-14T02:21:29.170+0000] {dagbag.py:540} INFO - Filling up the DagBag from /home/airflow/.local/lib/python3.8/site-packages/airflow/example_dags/example_sensors.py
[2024-06-14T02:21:29.195+0000] {processor.py:840} INFO - DAG(s) 'example_sensors' retrieved from /home/airflow/.local/lib/python3.8/site-packages/airflow/example_dags/example_sensors.py
[2024-06-14T02:21:29.252+0000] {logging_mixin.py:188} INFO - [2024-06-14T02:21:29.252+0000] {dag.py:3047} INFO - Sync 1 DAGs
[2024-06-14T02:21:29.281+0000] {logging_mixin.py:188} INFO - [2024-06-14T02:21:29.280+0000] {dag.py:3834} INFO - Setting next_dagrun for example_sensors to None, run_after=None
[2024-06-14T02:21:29.321+0000] {processor.py:183} INFO - Processing /home/airflow/.local/lib/python3.8/site-packages/airflow/example_dags/example_sensors.py took 0.164 seconds
[2024-06-14T02:21:59.538+0000] {processor.py:161} INFO - Started process (PID=1462) to work on /home/airflow/.local/lib/python3.8/site-packages/airflow/example_dags/example_sensors.py
[2024-06-14T02:21:59.540+0000] {processor.py:830} INFO - Processing file /home/airflow/.local/lib/python3.8/site-packages/airflow/example_dags/example_sensors.py for tasks to queue
[2024-06-14T02:21:59.543+0000] {logging_mixin.py:188} INFO - [2024-06-14T02:21:59.542+0000] {dagbag.py:540} INFO - Filling up the DagBag from /home/airflow/.local/lib/python3.8/site-packages/airflow/example_dags/example_sensors.py
[2024-06-14T02:21:59.556+0000] {processor.py:840} INFO - DAG(s) 'example_sensors' retrieved from /home/airflow/.local/lib/python3.8/site-packages/airflow/example_dags/example_sensors.py
[2024-06-14T02:21:59.587+0000] {logging_mixin.py:188} INFO - [2024-06-14T02:21:59.587+0000] {dag.py:3047} INFO - Sync 1 DAGs
[2024-06-14T02:21:59.606+0000] {logging_mixin.py:188} INFO - [2024-06-14T02:21:59.606+0000] {dag.py:3834} INFO - Setting next_dagrun for example_sensors to None, run_after=None
[2024-06-14T02:21:59.632+0000] {processor.py:183} INFO - Processing /home/airflow/.local/lib/python3.8/site-packages/airflow/example_dags/example_sensors.py took 0.099 seconds
[2024-06-14T02:22:30.502+0000] {processor.py:161} INFO - Started process (PID=1523) to work on /home/airflow/.local/lib/python3.8/site-packages/airflow/example_dags/example_sensors.py
[2024-06-14T02:22:30.504+0000] {processor.py:830} INFO - Processing file /home/airflow/.local/lib/python3.8/site-packages/airflow/example_dags/example_sensors.py for tasks to queue
[2024-06-14T02:22:30.506+0000] {logging_mixin.py:188} INFO - [2024-06-14T02:22:30.506+0000] {dagbag.py:540} INFO - Filling up the DagBag from /home/airflow/.local/lib/python3.8/site-packages/airflow/example_dags/example_sensors.py
[2024-06-14T02:22:30.516+0000] {processor.py:840} INFO - DAG(s) 'example_sensors' retrieved from /home/airflow/.local/lib/python3.8/site-packages/airflow/example_dags/example_sensors.py
[2024-06-14T02:22:30.548+0000] {logging_mixin.py:188} INFO - [2024-06-14T02:22:30.547+0000] {dag.py:3047} INFO - Sync 1 DAGs
[2024-06-14T02:22:30.564+0000] {logging_mixin.py:188} INFO - [2024-06-14T02:22:30.564+0000] {dag.py:3834} INFO - Setting next_dagrun for example_sensors to None, run_after=None
[2024-06-14T02:22:30.592+0000] {processor.py:183} INFO - Processing /home/airflow/.local/lib/python3.8/site-packages/airflow/example_dags/example_sensors.py took 0.094 seconds
[2024-06-14T02:23:01.439+0000] {processor.py:161} INFO - Started process (PID=1584) to work on /home/airflow/.local/lib/python3.8/site-packages/airflow/example_dags/example_sensors.py
[2024-06-14T02:23:01.440+0000] {processor.py:830} INFO - Processing file /home/airflow/.local/lib/python3.8/site-packages/airflow/example_dags/example_sensors.py for tasks to queue
[2024-06-14T02:23:01.444+0000] {logging_mixin.py:188} INFO - [2024-06-14T02:23:01.443+0000] {dagbag.py:540} INFO - Filling up the DagBag from /home/airflow/.local/lib/python3.8/site-packages/airflow/example_dags/example_sensors.py
[2024-06-14T02:23:01.455+0000] {processor.py:840} INFO - DAG(s) 'example_sensors' retrieved from /home/airflow/.local/lib/python3.8/site-packages/airflow/example_dags/example_sensors.py
[2024-06-14T02:23:01.485+0000] {logging_mixin.py:188} INFO - [2024-06-14T02:23:01.484+0000] {dag.py:3047} INFO - Sync 1 DAGs
[2024-06-14T02:23:01.498+0000] {logging_mixin.py:188} INFO - [2024-06-14T02:23:01.498+0000] {dag.py:3834} INFO - Setting next_dagrun for example_sensors to None, run_after=None
[2024-06-14T02:23:01.527+0000] {processor.py:183} INFO - Processing /home/airflow/.local/lib/python3.8/site-packages/airflow/example_dags/example_sensors.py took 0.092 seconds
[2024-06-14T02:23:32.106+0000] {processor.py:161} INFO - Started process (PID=1646) to work on /home/airflow/.local/lib/python3.8/site-packages/airflow/example_dags/example_sensors.py
[2024-06-14T02:23:32.108+0000] {processor.py:830} INFO - Processing file /home/airflow/.local/lib/python3.8/site-packages/airflow/example_dags/example_sensors.py for tasks to queue
[2024-06-14T02:23:32.110+0000] {logging_mixin.py:188} INFO - [2024-06-14T02:23:32.110+0000] {dagbag.py:540} INFO - Filling up the DagBag from /home/airflow/.local/lib/python3.8/site-packages/airflow/example_dags/example_sensors.py
[2024-06-14T02:23:32.124+0000] {processor.py:840} INFO - DAG(s) 'example_sensors' retrieved from /home/airflow/.local/lib/python3.8/site-packages/airflow/example_dags/example_sensors.py
[2024-06-14T02:23:32.156+0000] {logging_mixin.py:188} INFO - [2024-06-14T02:23:32.155+0000] {dag.py:3047} INFO - Sync 1 DAGs
[2024-06-14T02:23:32.169+0000] {logging_mixin.py:188} INFO - [2024-06-14T02:23:32.169+0000] {dag.py:3834} INFO - Setting next_dagrun for example_sensors to None, run_after=None
[2024-06-14T02:23:32.193+0000] {processor.py:183} INFO - Processing /home/airflow/.local/lib/python3.8/site-packages/airflow/example_dags/example_sensors.py took 0.093 seconds
[2024-06-14T02:24:02.669+0000] {processor.py:161} INFO - Started process (PID=1705) to work on /home/airflow/.local/lib/python3.8/site-packages/airflow/example_dags/example_sensors.py
[2024-06-14T02:24:02.671+0000] {processor.py:830} INFO - Processing file /home/airflow/.local/lib/python3.8/site-packages/airflow/example_dags/example_sensors.py for tasks to queue
[2024-06-14T02:24:02.674+0000] {logging_mixin.py:188} INFO - [2024-06-14T02:24:02.673+0000] {dagbag.py:540} INFO - Filling up the DagBag from /home/airflow/.local/lib/python3.8/site-packages/airflow/example_dags/example_sensors.py
[2024-06-14T02:24:02.684+0000] {processor.py:840} INFO - DAG(s) 'example_sensors' retrieved from /home/airflow/.local/lib/python3.8/site-packages/airflow/example_dags/example_sensors.py
[2024-06-14T02:24:02.727+0000] {logging_mixin.py:188} INFO - [2024-06-14T02:24:02.727+0000] {dag.py:3047} INFO - Sync 1 DAGs
[2024-06-14T02:24:02.748+0000] {logging_mixin.py:188} INFO - [2024-06-14T02:24:02.746+0000] {dag.py:3834} INFO - Setting next_dagrun for example_sensors to None, run_after=None
[2024-06-14T02:24:02.780+0000] {processor.py:183} INFO - Processing /home/airflow/.local/lib/python3.8/site-packages/airflow/example_dags/example_sensors.py took 0.116 seconds
[2024-06-14T02:24:33.509+0000] {processor.py:161} INFO - Started process (PID=1766) to work on /home/airflow/.local/lib/python3.8/site-packages/airflow/example_dags/example_sensors.py
[2024-06-14T02:24:33.511+0000] {processor.py:830} INFO - Processing file /home/airflow/.local/lib/python3.8/site-packages/airflow/example_dags/example_sensors.py for tasks to queue
[2024-06-14T02:24:33.514+0000] {logging_mixin.py:188} INFO - [2024-06-14T02:24:33.514+0000] {dagbag.py:540} INFO - Filling up the DagBag from /home/airflow/.local/lib/python3.8/site-packages/airflow/example_dags/example_sensors.py
[2024-06-14T02:24:33.531+0000] {processor.py:840} INFO - DAG(s) 'example_sensors' retrieved from /home/airflow/.local/lib/python3.8/site-packages/airflow/example_dags/example_sensors.py
[2024-06-14T02:24:33.572+0000] {logging_mixin.py:188} INFO - [2024-06-14T02:24:33.572+0000] {dag.py:3047} INFO - Sync 1 DAGs
[2024-06-14T02:24:33.593+0000] {logging_mixin.py:188} INFO - [2024-06-14T02:24:33.592+0000] {dag.py:3834} INFO - Setting next_dagrun for example_sensors to None, run_after=None
[2024-06-14T02:24:33.625+0000] {processor.py:183} INFO - Processing /home/airflow/.local/lib/python3.8/site-packages/airflow/example_dags/example_sensors.py took 0.121 seconds
[2024-06-14T02:25:04.624+0000] {processor.py:161} INFO - Started process (PID=1827) to work on /home/airflow/.local/lib/python3.8/site-packages/airflow/example_dags/example_sensors.py
[2024-06-14T02:25:04.626+0000] {processor.py:830} INFO - Processing file /home/airflow/.local/lib/python3.8/site-packages/airflow/example_dags/example_sensors.py for tasks to queue
[2024-06-14T02:25:04.629+0000] {logging_mixin.py:188} INFO - [2024-06-14T02:25:04.628+0000] {dagbag.py:540} INFO - Filling up the DagBag from /home/airflow/.local/lib/python3.8/site-packages/airflow/example_dags/example_sensors.py
[2024-06-14T02:25:04.642+0000] {processor.py:840} INFO - DAG(s) 'example_sensors' retrieved from /home/airflow/.local/lib/python3.8/site-packages/airflow/example_dags/example_sensors.py
[2024-06-14T02:25:04.674+0000] {logging_mixin.py:188} INFO - [2024-06-14T02:25:04.674+0000] {dag.py:3047} INFO - Sync 1 DAGs
[2024-06-14T02:25:04.693+0000] {logging_mixin.py:188} INFO - [2024-06-14T02:25:04.693+0000] {dag.py:3834} INFO - Setting next_dagrun for example_sensors to None, run_after=None
[2024-06-14T02:25:04.727+0000] {processor.py:183} INFO - Processing /home/airflow/.local/lib/python3.8/site-packages/airflow/example_dags/example_sensors.py took 0.107 seconds
[2024-06-14T02:25:35.333+0000] {processor.py:161} INFO - Started process (PID=1895) to work on /home/airflow/.local/lib/python3.8/site-packages/airflow/example_dags/example_sensors.py
[2024-06-14T02:25:35.335+0000] {processor.py:830} INFO - Processing file /home/airflow/.local/lib/python3.8/site-packages/airflow/example_dags/example_sensors.py for tasks to queue
[2024-06-14T02:25:35.338+0000] {logging_mixin.py:188} INFO - [2024-06-14T02:25:35.338+0000] {dagbag.py:540} INFO - Filling up the DagBag from /home/airflow/.local/lib/python3.8/site-packages/airflow/example_dags/example_sensors.py
[2024-06-14T02:25:35.353+0000] {processor.py:840} INFO - DAG(s) 'example_sensors' retrieved from /home/airflow/.local/lib/python3.8/site-packages/airflow/example_dags/example_sensors.py
[2024-06-14T02:25:35.392+0000] {logging_mixin.py:188} INFO - [2024-06-14T02:25:35.391+0000] {dag.py:3047} INFO - Sync 1 DAGs
[2024-06-14T02:25:35.411+0000] {logging_mixin.py:188} INFO - [2024-06-14T02:25:35.410+0000] {dag.py:3834} INFO - Setting next_dagrun for example_sensors to None, run_after=None
[2024-06-14T02:25:35.450+0000] {processor.py:183} INFO - Processing /home/airflow/.local/lib/python3.8/site-packages/airflow/example_dags/example_sensors.py took 0.122 seconds
[2024-06-14T02:26:06.519+0000] {processor.py:161} INFO - Started process (PID=1956) to work on /home/airflow/.local/lib/python3.8/site-packages/airflow/example_dags/example_sensors.py
[2024-06-14T02:26:06.521+0000] {processor.py:830} INFO - Processing file /home/airflow/.local/lib/python3.8/site-packages/airflow/example_dags/example_sensors.py for tasks to queue
[2024-06-14T02:26:06.524+0000] {logging_mixin.py:188} INFO - [2024-06-14T02:26:06.523+0000] {dagbag.py:540} INFO - Filling up the DagBag from /home/airflow/.local/lib/python3.8/site-packages/airflow/example_dags/example_sensors.py
[2024-06-14T02:26:06.538+0000] {processor.py:840} INFO - DAG(s) 'example_sensors' retrieved from /home/airflow/.local/lib/python3.8/site-packages/airflow/example_dags/example_sensors.py
[2024-06-14T02:26:06.575+0000] {logging_mixin.py:188} INFO - [2024-06-14T02:26:06.574+0000] {dag.py:3047} INFO - Sync 1 DAGs
[2024-06-14T02:26:06.592+0000] {logging_mixin.py:188} INFO - [2024-06-14T02:26:06.591+0000] {dag.py:3834} INFO - Setting next_dagrun for example_sensors to None, run_after=None
[2024-06-14T02:26:06.628+0000] {processor.py:183} INFO - Processing /home/airflow/.local/lib/python3.8/site-packages/airflow/example_dags/example_sensors.py took 0.115 seconds
[2024-06-14T02:26:37.887+0000] {processor.py:161} INFO - Started process (PID=2017) to work on /home/airflow/.local/lib/python3.8/site-packages/airflow/example_dags/example_sensors.py
[2024-06-14T02:26:37.888+0000] {processor.py:830} INFO - Processing file /home/airflow/.local/lib/python3.8/site-packages/airflow/example_dags/example_sensors.py for tasks to queue
[2024-06-14T02:26:37.892+0000] {logging_mixin.py:188} INFO - [2024-06-14T02:26:37.891+0000] {dagbag.py:540} INFO - Filling up the DagBag from /home/airflow/.local/lib/python3.8/site-packages/airflow/example_dags/example_sensors.py
[2024-06-14T02:26:37.911+0000] {processor.py:840} INFO - DAG(s) 'example_sensors' retrieved from /home/airflow/.local/lib/python3.8/site-packages/airflow/example_dags/example_sensors.py
[2024-06-14T02:26:37.955+0000] {logging_mixin.py:188} INFO - [2024-06-14T02:26:37.955+0000] {dag.py:3047} INFO - Sync 1 DAGs
[2024-06-14T02:26:37.972+0000] {logging_mixin.py:188} INFO - [2024-06-14T02:26:37.972+0000] {dag.py:3834} INFO - Setting next_dagrun for example_sensors to None, run_after=None
[2024-06-14T02:26:37.999+0000] {processor.py:183} INFO - Processing /home/airflow/.local/lib/python3.8/site-packages/airflow/example_dags/example_sensors.py took 0.118 seconds
[2024-06-14T02:27:09.294+0000] {processor.py:161} INFO - Started process (PID=2078) to work on /home/airflow/.local/lib/python3.8/site-packages/airflow/example_dags/example_sensors.py
[2024-06-14T02:27:09.295+0000] {processor.py:830} INFO - Processing file /home/airflow/.local/lib/python3.8/site-packages/airflow/example_dags/example_sensors.py for tasks to queue
[2024-06-14T02:27:09.298+0000] {logging_mixin.py:188} INFO - [2024-06-14T02:27:09.298+0000] {dagbag.py:540} INFO - Filling up the DagBag from /home/airflow/.local/lib/python3.8/site-packages/airflow/example_dags/example_sensors.py
[2024-06-14T02:27:09.311+0000] {processor.py:840} INFO - DAG(s) 'example_sensors' retrieved from /home/airflow/.local/lib/python3.8/site-packages/airflow/example_dags/example_sensors.py
[2024-06-14T02:27:09.355+0000] {logging_mixin.py:188} INFO - [2024-06-14T02:27:09.354+0000] {dag.py:3047} INFO - Sync 1 DAGs
[2024-06-14T02:27:09.373+0000] {logging_mixin.py:188} INFO - [2024-06-14T02:27:09.372+0000] {dag.py:3834} INFO - Setting next_dagrun for example_sensors to None, run_after=None
[2024-06-14T02:27:09.401+0000] {processor.py:183} INFO - Processing /home/airflow/.local/lib/python3.8/site-packages/airflow/example_dags/example_sensors.py took 0.112 seconds
[2024-06-14T02:27:40.265+0000] {processor.py:161} INFO - Started process (PID=2139) to work on /home/airflow/.local/lib/python3.8/site-packages/airflow/example_dags/example_sensors.py
[2024-06-14T02:27:40.267+0000] {processor.py:830} INFO - Processing file /home/airflow/.local/lib/python3.8/site-packages/airflow/example_dags/example_sensors.py for tasks to queue
[2024-06-14T02:27:40.270+0000] {logging_mixin.py:188} INFO - [2024-06-14T02:27:40.270+0000] {dagbag.py:540} INFO - Filling up the DagBag from /home/airflow/.local/lib/python3.8/site-packages/airflow/example_dags/example_sensors.py
[2024-06-14T02:27:40.287+0000] {processor.py:840} INFO - DAG(s) 'example_sensors' retrieved from /home/airflow/.local/lib/python3.8/site-packages/airflow/example_dags/example_sensors.py
[2024-06-14T02:27:40.327+0000] {logging_mixin.py:188} INFO - [2024-06-14T02:27:40.326+0000] {dag.py:3047} INFO - Sync 1 DAGs
[2024-06-14T02:27:40.349+0000] {logging_mixin.py:188} INFO - [2024-06-14T02:27:40.349+0000] {dag.py:3834} INFO - Setting next_dagrun for example_sensors to None, run_after=None
[2024-06-14T02:27:40.545+0000] {processor.py:183} INFO - Processing /home/airflow/.local/lib/python3.8/site-packages/airflow/example_dags/example_sensors.py took 0.285 seconds
[2024-06-14T02:28:11.017+0000] {processor.py:161} INFO - Started process (PID=2200) to work on /home/airflow/.local/lib/python3.8/site-packages/airflow/example_dags/example_sensors.py
[2024-06-14T02:28:11.019+0000] {processor.py:830} INFO - Processing file /home/airflow/.local/lib/python3.8/site-packages/airflow/example_dags/example_sensors.py for tasks to queue
[2024-06-14T02:28:11.024+0000] {logging_mixin.py:188} INFO - [2024-06-14T02:28:11.023+0000] {dagbag.py:540} INFO - Filling up the DagBag from /home/airflow/.local/lib/python3.8/site-packages/airflow/example_dags/example_sensors.py
[2024-06-14T02:28:11.042+0000] {processor.py:840} INFO - DAG(s) 'example_sensors' retrieved from /home/airflow/.local/lib/python3.8/site-packages/airflow/example_dags/example_sensors.py
[2024-06-14T02:28:11.249+0000] {logging_mixin.py:188} INFO - [2024-06-14T02:28:11.249+0000] {dag.py:3047} INFO - Sync 1 DAGs
[2024-06-14T02:28:11.269+0000] {logging_mixin.py:188} INFO - [2024-06-14T02:28:11.268+0000] {dag.py:3834} INFO - Setting next_dagrun for example_sensors to None, run_after=None
[2024-06-14T02:28:11.300+0000] {processor.py:183} INFO - Processing /home/airflow/.local/lib/python3.8/site-packages/airflow/example_dags/example_sensors.py took 0.290 seconds
[2024-06-14T02:28:42.050+0000] {processor.py:161} INFO - Started process (PID=2261) to work on /home/airflow/.local/lib/python3.8/site-packages/airflow/example_dags/example_sensors.py
[2024-06-14T02:28:42.052+0000] {processor.py:830} INFO - Processing file /home/airflow/.local/lib/python3.8/site-packages/airflow/example_dags/example_sensors.py for tasks to queue
[2024-06-14T02:28:42.054+0000] {logging_mixin.py:188} INFO - [2024-06-14T02:28:42.054+0000] {dagbag.py:540} INFO - Filling up the DagBag from /home/airflow/.local/lib/python3.8/site-packages/airflow/example_dags/example_sensors.py
[2024-06-14T02:28:42.067+0000] {processor.py:840} INFO - DAG(s) 'example_sensors' retrieved from /home/airflow/.local/lib/python3.8/site-packages/airflow/example_dags/example_sensors.py
[2024-06-14T02:28:42.111+0000] {logging_mixin.py:188} INFO - [2024-06-14T02:28:42.110+0000] {dag.py:3047} INFO - Sync 1 DAGs
[2024-06-14T02:28:42.133+0000] {logging_mixin.py:188} INFO - [2024-06-14T02:28:42.132+0000] {dag.py:3834} INFO - Setting next_dagrun for example_sensors to None, run_after=None
[2024-06-14T02:28:42.164+0000] {processor.py:183} INFO - Processing /home/airflow/.local/lib/python3.8/site-packages/airflow/example_dags/example_sensors.py took 0.118 seconds
[2024-06-14T02:29:12.267+0000] {processor.py:161} INFO - Started process (PID=2320) to work on /home/airflow/.local/lib/python3.8/site-packages/airflow/example_dags/example_sensors.py
[2024-06-14T02:29:12.268+0000] {processor.py:830} INFO - Processing file /home/airflow/.local/lib/python3.8/site-packages/airflow/example_dags/example_sensors.py for tasks to queue
[2024-06-14T02:29:12.271+0000] {logging_mixin.py:188} INFO - [2024-06-14T02:29:12.270+0000] {dagbag.py:540} INFO - Filling up the DagBag from /home/airflow/.local/lib/python3.8/site-packages/airflow/example_dags/example_sensors.py
[2024-06-14T02:29:12.285+0000] {processor.py:840} INFO - DAG(s) 'example_sensors' retrieved from /home/airflow/.local/lib/python3.8/site-packages/airflow/example_dags/example_sensors.py
[2024-06-14T02:29:12.327+0000] {logging_mixin.py:188} INFO - [2024-06-14T02:29:12.326+0000] {dag.py:3047} INFO - Sync 1 DAGs
[2024-06-14T02:29:12.345+0000] {logging_mixin.py:188} INFO - [2024-06-14T02:29:12.345+0000] {dag.py:3834} INFO - Setting next_dagrun for example_sensors to None, run_after=None
[2024-06-14T02:29:12.378+0000] {processor.py:183} INFO - Processing /home/airflow/.local/lib/python3.8/site-packages/airflow/example_dags/example_sensors.py took 0.116 seconds
[2024-06-14T02:29:43.580+0000] {processor.py:161} INFO - Started process (PID=2383) to work on /home/airflow/.local/lib/python3.8/site-packages/airflow/example_dags/example_sensors.py
[2024-06-14T02:29:43.582+0000] {processor.py:830} INFO - Processing file /home/airflow/.local/lib/python3.8/site-packages/airflow/example_dags/example_sensors.py for tasks to queue
[2024-06-14T02:29:43.587+0000] {logging_mixin.py:188} INFO - [2024-06-14T02:29:43.586+0000] {dagbag.py:540} INFO - Filling up the DagBag from /home/airflow/.local/lib/python3.8/site-packages/airflow/example_dags/example_sensors.py
[2024-06-14T02:29:43.599+0000] {processor.py:840} INFO - DAG(s) 'example_sensors' retrieved from /home/airflow/.local/lib/python3.8/site-packages/airflow/example_dags/example_sensors.py
[2024-06-14T02:29:43.642+0000] {logging_mixin.py:188} INFO - [2024-06-14T02:29:43.641+0000] {dag.py:3047} INFO - Sync 1 DAGs
[2024-06-14T02:29:43.662+0000] {logging_mixin.py:188} INFO - [2024-06-14T02:29:43.662+0000] {dag.py:3834} INFO - Setting next_dagrun for example_sensors to None, run_after=None
[2024-06-14T02:29:43.694+0000] {processor.py:183} INFO - Processing /home/airflow/.local/lib/python3.8/site-packages/airflow/example_dags/example_sensors.py took 0.120 seconds
[2024-06-14T02:30:14.211+0000] {processor.py:161} INFO - Started process (PID=2444) to work on /home/airflow/.local/lib/python3.8/site-packages/airflow/example_dags/example_sensors.py
[2024-06-14T02:30:14.214+0000] {processor.py:830} INFO - Processing file /home/airflow/.local/lib/python3.8/site-packages/airflow/example_dags/example_sensors.py for tasks to queue
[2024-06-14T02:30:14.218+0000] {logging_mixin.py:188} INFO - [2024-06-14T02:30:14.218+0000] {dagbag.py:540} INFO - Filling up the DagBag from /home/airflow/.local/lib/python3.8/site-packages/airflow/example_dags/example_sensors.py
[2024-06-14T02:30:14.234+0000] {processor.py:840} INFO - DAG(s) 'example_sensors' retrieved from /home/airflow/.local/lib/python3.8/site-packages/airflow/example_dags/example_sensors.py
[2024-06-14T02:30:14.284+0000] {logging_mixin.py:188} INFO - [2024-06-14T02:30:14.283+0000] {dag.py:3047} INFO - Sync 1 DAGs
[2024-06-14T02:30:14.306+0000] {logging_mixin.py:188} INFO - [2024-06-14T02:30:14.305+0000] {dag.py:3834} INFO - Setting next_dagrun for example_sensors to None, run_after=None
[2024-06-14T02:30:14.351+0000] {processor.py:183} INFO - Processing /home/airflow/.local/lib/python3.8/site-packages/airflow/example_dags/example_sensors.py took 0.147 seconds
[2024-06-14T02:30:45.154+0000] {processor.py:161} INFO - Started process (PID=2505) to work on /home/airflow/.local/lib/python3.8/site-packages/airflow/example_dags/example_sensors.py
[2024-06-14T02:30:45.155+0000] {processor.py:830} INFO - Processing file /home/airflow/.local/lib/python3.8/site-packages/airflow/example_dags/example_sensors.py for tasks to queue
[2024-06-14T02:30:45.161+0000] {logging_mixin.py:188} INFO - [2024-06-14T02:30:45.159+0000] {dagbag.py:540} INFO - Filling up the DagBag from /home/airflow/.local/lib/python3.8/site-packages/airflow/example_dags/example_sensors.py
[2024-06-14T02:30:45.180+0000] {processor.py:840} INFO - DAG(s) 'example_sensors' retrieved from /home/airflow/.local/lib/python3.8/site-packages/airflow/example_dags/example_sensors.py
[2024-06-14T02:30:45.229+0000] {logging_mixin.py:188} INFO - [2024-06-14T02:30:45.228+0000] {dag.py:3047} INFO - Sync 1 DAGs
[2024-06-14T02:30:45.249+0000] {logging_mixin.py:188} INFO - [2024-06-14T02:30:45.249+0000] {dag.py:3834} INFO - Setting next_dagrun for example_sensors to None, run_after=None
[2024-06-14T02:30:45.284+0000] {processor.py:183} INFO - Processing /home/airflow/.local/lib/python3.8/site-packages/airflow/example_dags/example_sensors.py took 0.136 seconds
[2024-06-14T02:31:15.425+0000] {processor.py:161} INFO - Started process (PID=2564) to work on /home/airflow/.local/lib/python3.8/site-packages/airflow/example_dags/example_sensors.py
[2024-06-14T02:31:15.427+0000] {processor.py:830} INFO - Processing file /home/airflow/.local/lib/python3.8/site-packages/airflow/example_dags/example_sensors.py for tasks to queue
[2024-06-14T02:31:15.430+0000] {logging_mixin.py:188} INFO - [2024-06-14T02:31:15.429+0000] {dagbag.py:540} INFO - Filling up the DagBag from /home/airflow/.local/lib/python3.8/site-packages/airflow/example_dags/example_sensors.py
[2024-06-14T02:31:15.441+0000] {processor.py:840} INFO - DAG(s) 'example_sensors' retrieved from /home/airflow/.local/lib/python3.8/site-packages/airflow/example_dags/example_sensors.py
[2024-06-14T02:31:15.472+0000] {logging_mixin.py:188} INFO - [2024-06-14T02:31:15.471+0000] {dag.py:3047} INFO - Sync 1 DAGs
[2024-06-14T02:31:15.486+0000] {logging_mixin.py:188} INFO - [2024-06-14T02:31:15.485+0000] {dag.py:3834} INFO - Setting next_dagrun for example_sensors to None, run_after=None
[2024-06-14T02:31:15.515+0000] {processor.py:183} INFO - Processing /home/airflow/.local/lib/python3.8/site-packages/airflow/example_dags/example_sensors.py took 0.095 seconds
[2024-06-14T02:31:45.705+0000] {processor.py:161} INFO - Started process (PID=2625) to work on /home/airflow/.local/lib/python3.8/site-packages/airflow/example_dags/example_sensors.py
[2024-06-14T02:31:45.707+0000] {processor.py:830} INFO - Processing file /home/airflow/.local/lib/python3.8/site-packages/airflow/example_dags/example_sensors.py for tasks to queue
[2024-06-14T02:31:45.710+0000] {logging_mixin.py:188} INFO - [2024-06-14T02:31:45.710+0000] {dagbag.py:540} INFO - Filling up the DagBag from /home/airflow/.local/lib/python3.8/site-packages/airflow/example_dags/example_sensors.py
[2024-06-14T02:31:45.725+0000] {processor.py:840} INFO - DAG(s) 'example_sensors' retrieved from /home/airflow/.local/lib/python3.8/site-packages/airflow/example_dags/example_sensors.py
[2024-06-14T02:31:45.758+0000] {logging_mixin.py:188} INFO - [2024-06-14T02:31:45.758+0000] {dag.py:3047} INFO - Sync 1 DAGs
[2024-06-14T02:31:45.778+0000] {logging_mixin.py:188} INFO - [2024-06-14T02:31:45.778+0000] {dag.py:3834} INFO - Setting next_dagrun for example_sensors to None, run_after=None
[2024-06-14T02:31:45.805+0000] {processor.py:183} INFO - Processing /home/airflow/.local/lib/python3.8/site-packages/airflow/example_dags/example_sensors.py took 0.104 seconds
[2024-06-14T02:32:16.236+0000] {processor.py:161} INFO - Started process (PID=2686) to work on /home/airflow/.local/lib/python3.8/site-packages/airflow/example_dags/example_sensors.py
[2024-06-14T02:32:16.238+0000] {processor.py:830} INFO - Processing file /home/airflow/.local/lib/python3.8/site-packages/airflow/example_dags/example_sensors.py for tasks to queue
[2024-06-14T02:32:16.241+0000] {logging_mixin.py:188} INFO - [2024-06-14T02:32:16.241+0000] {dagbag.py:540} INFO - Filling up the DagBag from /home/airflow/.local/lib/python3.8/site-packages/airflow/example_dags/example_sensors.py
[2024-06-14T02:32:16.254+0000] {processor.py:840} INFO - DAG(s) 'example_sensors' retrieved from /home/airflow/.local/lib/python3.8/site-packages/airflow/example_dags/example_sensors.py
[2024-06-14T02:32:16.288+0000] {logging_mixin.py:188} INFO - [2024-06-14T02:32:16.287+0000] {dag.py:3047} INFO - Sync 1 DAGs
[2024-06-14T02:32:16.303+0000] {logging_mixin.py:188} INFO - [2024-06-14T02:32:16.303+0000] {dag.py:3834} INFO - Setting next_dagrun for example_sensors to None, run_after=None
[2024-06-14T02:32:16.333+0000] {processor.py:183} INFO - Processing /home/airflow/.local/lib/python3.8/site-packages/airflow/example_dags/example_sensors.py took 0.101 seconds
[2024-06-14T02:32:46.762+0000] {processor.py:161} INFO - Started process (PID=2747) to work on /home/airflow/.local/lib/python3.8/site-packages/airflow/example_dags/example_sensors.py
[2024-06-14T02:32:46.766+0000] {processor.py:830} INFO - Processing file /home/airflow/.local/lib/python3.8/site-packages/airflow/example_dags/example_sensors.py for tasks to queue
[2024-06-14T02:32:46.772+0000] {logging_mixin.py:188} INFO - [2024-06-14T02:32:46.771+0000] {dagbag.py:540} INFO - Filling up the DagBag from /home/airflow/.local/lib/python3.8/site-packages/airflow/example_dags/example_sensors.py
[2024-06-14T02:32:46.792+0000] {processor.py:840} INFO - DAG(s) 'example_sensors' retrieved from /home/airflow/.local/lib/python3.8/site-packages/airflow/example_dags/example_sensors.py
[2024-06-14T02:32:46.849+0000] {logging_mixin.py:188} INFO - [2024-06-14T02:32:46.849+0000] {dag.py:3047} INFO - Sync 1 DAGs
[2024-06-14T02:32:46.878+0000] {logging_mixin.py:188} INFO - [2024-06-14T02:32:46.877+0000] {dag.py:3834} INFO - Setting next_dagrun for example_sensors to None, run_after=None
[2024-06-14T02:32:46.920+0000] {processor.py:183} INFO - Processing /home/airflow/.local/lib/python3.8/site-packages/airflow/example_dags/example_sensors.py took 0.162 seconds
[2024-06-14T02:33:17.071+0000] {processor.py:161} INFO - Started process (PID=2808) to work on /home/airflow/.local/lib/python3.8/site-packages/airflow/example_dags/example_sensors.py
[2024-06-14T02:33:17.073+0000] {processor.py:830} INFO - Processing file /home/airflow/.local/lib/python3.8/site-packages/airflow/example_dags/example_sensors.py for tasks to queue
[2024-06-14T02:33:17.076+0000] {logging_mixin.py:188} INFO - [2024-06-14T02:33:17.075+0000] {dagbag.py:540} INFO - Filling up the DagBag from /home/airflow/.local/lib/python3.8/site-packages/airflow/example_dags/example_sensors.py
[2024-06-14T02:33:17.088+0000] {processor.py:840} INFO - DAG(s) 'example_sensors' retrieved from /home/airflow/.local/lib/python3.8/site-packages/airflow/example_dags/example_sensors.py
[2024-06-14T02:33:17.122+0000] {logging_mixin.py:188} INFO - [2024-06-14T02:33:17.122+0000] {dag.py:3047} INFO - Sync 1 DAGs
[2024-06-14T02:33:17.143+0000] {logging_mixin.py:188} INFO - [2024-06-14T02:33:17.143+0000] {dag.py:3834} INFO - Setting next_dagrun for example_sensors to None, run_after=None
[2024-06-14T02:33:17.170+0000] {processor.py:183} INFO - Processing /home/airflow/.local/lib/python3.8/site-packages/airflow/example_dags/example_sensors.py took 0.104 seconds
[2024-06-14T02:33:47.656+0000] {processor.py:161} INFO - Started process (PID=2869) to work on /home/airflow/.local/lib/python3.8/site-packages/airflow/example_dags/example_sensors.py
[2024-06-14T02:33:47.658+0000] {processor.py:830} INFO - Processing file /home/airflow/.local/lib/python3.8/site-packages/airflow/example_dags/example_sensors.py for tasks to queue
[2024-06-14T02:33:47.661+0000] {logging_mixin.py:188} INFO - [2024-06-14T02:33:47.661+0000] {dagbag.py:540} INFO - Filling up the DagBag from /home/airflow/.local/lib/python3.8/site-packages/airflow/example_dags/example_sensors.py
[2024-06-14T02:33:47.678+0000] {processor.py:840} INFO - DAG(s) 'example_sensors' retrieved from /home/airflow/.local/lib/python3.8/site-packages/airflow/example_dags/example_sensors.py
[2024-06-14T02:33:47.720+0000] {logging_mixin.py:188} INFO - [2024-06-14T02:33:47.719+0000] {dag.py:3047} INFO - Sync 1 DAGs
[2024-06-14T02:33:47.738+0000] {logging_mixin.py:188} INFO - [2024-06-14T02:33:47.737+0000] {dag.py:3834} INFO - Setting next_dagrun for example_sensors to None, run_after=None
[2024-06-14T02:33:47.769+0000] {processor.py:183} INFO - Processing /home/airflow/.local/lib/python3.8/site-packages/airflow/example_dags/example_sensors.py took 0.123 seconds
[2024-06-14T02:34:18.441+0000] {processor.py:161} INFO - Started process (PID=2930) to work on /home/airflow/.local/lib/python3.8/site-packages/airflow/example_dags/example_sensors.py
[2024-06-14T02:34:18.443+0000] {processor.py:830} INFO - Processing file /home/airflow/.local/lib/python3.8/site-packages/airflow/example_dags/example_sensors.py for tasks to queue
[2024-06-14T02:34:18.445+0000] {logging_mixin.py:188} INFO - [2024-06-14T02:34:18.445+0000] {dagbag.py:540} INFO - Filling up the DagBag from /home/airflow/.local/lib/python3.8/site-packages/airflow/example_dags/example_sensors.py
[2024-06-14T02:34:18.463+0000] {processor.py:840} INFO - DAG(s) 'example_sensors' retrieved from /home/airflow/.local/lib/python3.8/site-packages/airflow/example_dags/example_sensors.py
[2024-06-14T02:34:18.507+0000] {logging_mixin.py:188} INFO - [2024-06-14T02:34:18.507+0000] {dag.py:3047} INFO - Sync 1 DAGs
[2024-06-14T02:34:18.527+0000] {logging_mixin.py:188} INFO - [2024-06-14T02:34:18.526+0000] {dag.py:3834} INFO - Setting next_dagrun for example_sensors to None, run_after=None
[2024-06-14T02:34:18.556+0000] {processor.py:183} INFO - Processing /home/airflow/.local/lib/python3.8/site-packages/airflow/example_dags/example_sensors.py took 0.122 seconds
[2024-06-14T02:34:49.090+0000] {processor.py:161} INFO - Started process (PID=2991) to work on /home/airflow/.local/lib/python3.8/site-packages/airflow/example_dags/example_sensors.py
[2024-06-14T02:34:49.092+0000] {processor.py:830} INFO - Processing file /home/airflow/.local/lib/python3.8/site-packages/airflow/example_dags/example_sensors.py for tasks to queue
[2024-06-14T02:34:49.095+0000] {logging_mixin.py:188} INFO - [2024-06-14T02:34:49.094+0000] {dagbag.py:540} INFO - Filling up the DagBag from /home/airflow/.local/lib/python3.8/site-packages/airflow/example_dags/example_sensors.py
[2024-06-14T02:34:49.108+0000] {processor.py:840} INFO - DAG(s) 'example_sensors' retrieved from /home/airflow/.local/lib/python3.8/site-packages/airflow/example_dags/example_sensors.py
[2024-06-14T02:34:49.140+0000] {logging_mixin.py:188} INFO - [2024-06-14T02:34:49.140+0000] {dag.py:3047} INFO - Sync 1 DAGs
[2024-06-14T02:34:49.156+0000] {logging_mixin.py:188} INFO - [2024-06-14T02:34:49.156+0000] {dag.py:3834} INFO - Setting next_dagrun for example_sensors to None, run_after=None
[2024-06-14T02:34:49.181+0000] {processor.py:183} INFO - Processing /home/airflow/.local/lib/python3.8/site-packages/airflow/example_dags/example_sensors.py took 0.097 seconds
[2024-06-14T02:35:19.975+0000] {processor.py:161} INFO - Started process (PID=3052) to work on /home/airflow/.local/lib/python3.8/site-packages/airflow/example_dags/example_sensors.py
[2024-06-14T02:35:19.983+0000] {processor.py:830} INFO - Processing file /home/airflow/.local/lib/python3.8/site-packages/airflow/example_dags/example_sensors.py for tasks to queue
[2024-06-14T02:35:19.986+0000] {logging_mixin.py:188} INFO - [2024-06-14T02:35:19.986+0000] {dagbag.py:540} INFO - Filling up the DagBag from /home/airflow/.local/lib/python3.8/site-packages/airflow/example_dags/example_sensors.py
[2024-06-14T02:35:20.020+0000] {processor.py:840} INFO - DAG(s) 'example_sensors' retrieved from /home/airflow/.local/lib/python3.8/site-packages/airflow/example_dags/example_sensors.py
[2024-06-14T02:35:20.095+0000] {logging_mixin.py:188} INFO - [2024-06-14T02:35:20.094+0000] {dag.py:3047} INFO - Sync 1 DAGs
[2024-06-14T02:35:20.121+0000] {logging_mixin.py:188} INFO - [2024-06-14T02:35:20.120+0000] {dag.py:3834} INFO - Setting next_dagrun for example_sensors to None, run_after=None
[2024-06-14T02:35:20.151+0000] {processor.py:183} INFO - Processing /home/airflow/.local/lib/python3.8/site-packages/airflow/example_dags/example_sensors.py took 0.182 seconds
[2024-06-14T02:35:50.584+0000] {processor.py:161} INFO - Started process (PID=3113) to work on /home/airflow/.local/lib/python3.8/site-packages/airflow/example_dags/example_sensors.py
[2024-06-14T02:35:50.587+0000] {processor.py:830} INFO - Processing file /home/airflow/.local/lib/python3.8/site-packages/airflow/example_dags/example_sensors.py for tasks to queue
[2024-06-14T02:35:50.590+0000] {logging_mixin.py:188} INFO - [2024-06-14T02:35:50.589+0000] {dagbag.py:540} INFO - Filling up the DagBag from /home/airflow/.local/lib/python3.8/site-packages/airflow/example_dags/example_sensors.py
[2024-06-14T02:35:50.610+0000] {processor.py:840} INFO - DAG(s) 'example_sensors' retrieved from /home/airflow/.local/lib/python3.8/site-packages/airflow/example_dags/example_sensors.py
[2024-06-14T02:35:50.672+0000] {logging_mixin.py:188} INFO - [2024-06-14T02:35:50.671+0000] {dag.py:3047} INFO - Sync 1 DAGs
[2024-06-14T02:35:50.693+0000] {logging_mixin.py:188} INFO - [2024-06-14T02:35:50.692+0000] {dag.py:3834} INFO - Setting next_dagrun for example_sensors to None, run_after=None
[2024-06-14T02:35:50.723+0000] {processor.py:183} INFO - Processing /home/airflow/.local/lib/python3.8/site-packages/airflow/example_dags/example_sensors.py took 0.144 seconds
[2024-06-14T02:36:21.141+0000] {processor.py:161} INFO - Started process (PID=3174) to work on /home/airflow/.local/lib/python3.8/site-packages/airflow/example_dags/example_sensors.py
[2024-06-14T02:36:21.142+0000] {processor.py:830} INFO - Processing file /home/airflow/.local/lib/python3.8/site-packages/airflow/example_dags/example_sensors.py for tasks to queue
[2024-06-14T02:36:21.145+0000] {logging_mixin.py:188} INFO - [2024-06-14T02:36:21.145+0000] {dagbag.py:540} INFO - Filling up the DagBag from /home/airflow/.local/lib/python3.8/site-packages/airflow/example_dags/example_sensors.py
[2024-06-14T02:36:21.158+0000] {processor.py:840} INFO - DAG(s) 'example_sensors' retrieved from /home/airflow/.local/lib/python3.8/site-packages/airflow/example_dags/example_sensors.py
[2024-06-14T02:36:21.189+0000] {logging_mixin.py:188} INFO - [2024-06-14T02:36:21.189+0000] {dag.py:3047} INFO - Sync 1 DAGs
[2024-06-14T02:36:21.204+0000] {logging_mixin.py:188} INFO - [2024-06-14T02:36:21.203+0000] {dag.py:3834} INFO - Setting next_dagrun for example_sensors to None, run_after=None
[2024-06-14T02:36:21.238+0000] {processor.py:183} INFO - Processing /home/airflow/.local/lib/python3.8/site-packages/airflow/example_dags/example_sensors.py took 0.102 seconds
[2024-06-14T02:36:51.457+0000] {processor.py:161} INFO - Started process (PID=3235) to work on /home/airflow/.local/lib/python3.8/site-packages/airflow/example_dags/example_sensors.py
[2024-06-14T02:36:51.460+0000] {processor.py:830} INFO - Processing file /home/airflow/.local/lib/python3.8/site-packages/airflow/example_dags/example_sensors.py for tasks to queue
[2024-06-14T02:36:51.472+0000] {logging_mixin.py:188} INFO - [2024-06-14T02:36:51.471+0000] {dagbag.py:540} INFO - Filling up the DagBag from /home/airflow/.local/lib/python3.8/site-packages/airflow/example_dags/example_sensors.py
[2024-06-14T02:36:51.507+0000] {processor.py:840} INFO - DAG(s) 'example_sensors' retrieved from /home/airflow/.local/lib/python3.8/site-packages/airflow/example_dags/example_sensors.py
[2024-06-14T02:36:51.608+0000] {logging_mixin.py:188} INFO - [2024-06-14T02:36:51.607+0000] {dag.py:3047} INFO - Sync 1 DAGs
[2024-06-14T02:36:51.650+0000] {logging_mixin.py:188} INFO - [2024-06-14T02:36:51.648+0000] {dag.py:3834} INFO - Setting next_dagrun for example_sensors to None, run_after=None
[2024-06-14T02:36:51.738+0000] {processor.py:183} INFO - Processing /home/airflow/.local/lib/python3.8/site-packages/airflow/example_dags/example_sensors.py took 0.296 seconds
[2024-06-14T02:37:21.890+0000] {processor.py:161} INFO - Started process (PID=3296) to work on /home/airflow/.local/lib/python3.8/site-packages/airflow/example_dags/example_sensors.py
[2024-06-14T02:37:21.891+0000] {processor.py:830} INFO - Processing file /home/airflow/.local/lib/python3.8/site-packages/airflow/example_dags/example_sensors.py for tasks to queue
[2024-06-14T02:37:21.894+0000] {logging_mixin.py:188} INFO - [2024-06-14T02:37:21.893+0000] {dagbag.py:540} INFO - Filling up the DagBag from /home/airflow/.local/lib/python3.8/site-packages/airflow/example_dags/example_sensors.py
[2024-06-14T02:37:21.907+0000] {processor.py:840} INFO - DAG(s) 'example_sensors' retrieved from /home/airflow/.local/lib/python3.8/site-packages/airflow/example_dags/example_sensors.py
[2024-06-14T02:37:21.942+0000] {logging_mixin.py:188} INFO - [2024-06-14T02:37:21.941+0000] {dag.py:3047} INFO - Sync 1 DAGs
[2024-06-14T02:37:21.960+0000] {logging_mixin.py:188} INFO - [2024-06-14T02:37:21.960+0000] {dag.py:3834} INFO - Setting next_dagrun for example_sensors to None, run_after=None
[2024-06-14T02:37:21.987+0000] {processor.py:183} INFO - Processing /home/airflow/.local/lib/python3.8/site-packages/airflow/example_dags/example_sensors.py took 0.102 seconds
