[2024-06-14T02:10:30.537+0000] {processor.py:161} INFO - Started process (PID=62) to work on /home/airflow/.local/lib/python3.8/site-packages/airflow/example_dags/example_skip_dag.py
[2024-06-14T02:10:30.541+0000] {processor.py:830} INFO - Processing file /home/airflow/.local/lib/python3.8/site-packages/airflow/example_dags/example_skip_dag.py for tasks to queue
[2024-06-14T02:10:30.554+0000] {logging_mixin.py:188} INFO - [2024-06-14T02:10:30.553+0000] {dagbag.py:540} INFO - Filling up the DagBag from /home/airflow/.local/lib/python3.8/site-packages/airflow/example_dags/example_skip_dag.py
[2024-06-14T02:10:30.594+0000] {processor.py:840} INFO - DAG(s) 'example_skip_dag' retrieved from /home/airflow/.local/lib/python3.8/site-packages/airflow/example_dags/example_skip_dag.py
[2024-06-14T02:10:30.733+0000] {logging_mixin.py:188} INFO - [2024-06-14T02:10:30.732+0000] {dag.py:3047} INFO - Sync 1 DAGs
[2024-06-14T02:10:30.877+0000] {logging_mixin.py:188} INFO - [2024-06-14T02:10:30.877+0000] {dag.py:3834} INFO - Setting next_dagrun for example_skip_dag to 2024-06-13 00:00:00+00:00, run_after=2024-06-14 00:00:00+00:00
[2024-06-14T02:10:30.929+0000] {processor.py:183} INFO - Processing /home/airflow/.local/lib/python3.8/site-packages/airflow/example_dags/example_skip_dag.py took 0.407 seconds
[2024-06-14T02:11:01.639+0000] {processor.py:161} INFO - Started process (PID=149) to work on /home/airflow/.local/lib/python3.8/site-packages/airflow/example_dags/example_skip_dag.py
[2024-06-14T02:11:01.643+0000] {processor.py:830} INFO - Processing file /home/airflow/.local/lib/python3.8/site-packages/airflow/example_dags/example_skip_dag.py for tasks to queue
[2024-06-14T02:11:01.646+0000] {logging_mixin.py:188} INFO - [2024-06-14T02:11:01.646+0000] {dagbag.py:540} INFO - Filling up the DagBag from /home/airflow/.local/lib/python3.8/site-packages/airflow/example_dags/example_skip_dag.py
[2024-06-14T02:11:01.663+0000] {processor.py:840} INFO - DAG(s) 'example_skip_dag' retrieved from /home/airflow/.local/lib/python3.8/site-packages/airflow/example_dags/example_skip_dag.py
[2024-06-14T02:11:01.719+0000] {logging_mixin.py:188} INFO - [2024-06-14T02:11:01.718+0000] {dag.py:3047} INFO - Sync 1 DAGs
[2024-06-14T02:11:01.772+0000] {logging_mixin.py:188} INFO - [2024-06-14T02:11:01.772+0000] {dag.py:3834} INFO - Setting next_dagrun for example_skip_dag to 2024-06-13 00:00:00+00:00, run_after=2024-06-14 00:00:00+00:00
[2024-06-14T02:11:01.846+0000] {processor.py:183} INFO - Processing /home/airflow/.local/lib/python3.8/site-packages/airflow/example_dags/example_skip_dag.py took 0.212 seconds
[2024-06-14T02:11:32.082+0000] {processor.py:161} INFO - Started process (PID=219) to work on /home/airflow/.local/lib/python3.8/site-packages/airflow/example_dags/example_skip_dag.py
[2024-06-14T02:11:32.083+0000] {processor.py:830} INFO - Processing file /home/airflow/.local/lib/python3.8/site-packages/airflow/example_dags/example_skip_dag.py for tasks to queue
[2024-06-14T02:11:32.087+0000] {logging_mixin.py:188} INFO - [2024-06-14T02:11:32.086+0000] {dagbag.py:540} INFO - Filling up the DagBag from /home/airflow/.local/lib/python3.8/site-packages/airflow/example_dags/example_skip_dag.py
[2024-06-14T02:11:32.105+0000] {processor.py:840} INFO - DAG(s) 'example_skip_dag' retrieved from /home/airflow/.local/lib/python3.8/site-packages/airflow/example_dags/example_skip_dag.py
[2024-06-14T02:11:32.133+0000] {logging_mixin.py:188} INFO - [2024-06-14T02:11:32.133+0000] {dag.py:3047} INFO - Sync 1 DAGs
[2024-06-14T02:11:32.162+0000] {logging_mixin.py:188} INFO - [2024-06-14T02:11:32.162+0000] {dag.py:3834} INFO - Setting next_dagrun for example_skip_dag to 2024-06-13 00:00:00+00:00, run_after=2024-06-14 00:00:00+00:00
[2024-06-14T02:11:32.186+0000] {processor.py:183} INFO - Processing /home/airflow/.local/lib/python3.8/site-packages/airflow/example_dags/example_skip_dag.py took 0.112 seconds
[2024-06-14T02:12:02.255+0000] {processor.py:161} INFO - Started process (PID=288) to work on /home/airflow/.local/lib/python3.8/site-packages/airflow/example_dags/example_skip_dag.py
[2024-06-14T02:12:02.257+0000] {processor.py:830} INFO - Processing file /home/airflow/.local/lib/python3.8/site-packages/airflow/example_dags/example_skip_dag.py for tasks to queue
[2024-06-14T02:12:02.259+0000] {logging_mixin.py:188} INFO - [2024-06-14T02:12:02.259+0000] {dagbag.py:540} INFO - Filling up the DagBag from /home/airflow/.local/lib/python3.8/site-packages/airflow/example_dags/example_skip_dag.py
[2024-06-14T02:12:02.270+0000] {processor.py:840} INFO - DAG(s) 'example_skip_dag' retrieved from /home/airflow/.local/lib/python3.8/site-packages/airflow/example_dags/example_skip_dag.py
[2024-06-14T02:12:02.302+0000] {logging_mixin.py:188} INFO - [2024-06-14T02:12:02.302+0000] {dag.py:3047} INFO - Sync 1 DAGs
[2024-06-14T02:12:02.336+0000] {logging_mixin.py:188} INFO - [2024-06-14T02:12:02.335+0000] {dag.py:3834} INFO - Setting next_dagrun for example_skip_dag to 2024-06-13 00:00:00+00:00, run_after=2024-06-14 00:00:00+00:00
[2024-06-14T02:12:02.367+0000] {processor.py:183} INFO - Processing /home/airflow/.local/lib/python3.8/site-packages/airflow/example_dags/example_skip_dag.py took 0.118 seconds
[2024-06-14T02:12:32.813+0000] {processor.py:161} INFO - Started process (PID=349) to work on /home/airflow/.local/lib/python3.8/site-packages/airflow/example_dags/example_skip_dag.py
[2024-06-14T02:12:32.815+0000] {processor.py:830} INFO - Processing file /home/airflow/.local/lib/python3.8/site-packages/airflow/example_dags/example_skip_dag.py for tasks to queue
[2024-06-14T02:12:32.818+0000] {logging_mixin.py:188} INFO - [2024-06-14T02:12:32.817+0000] {dagbag.py:540} INFO - Filling up the DagBag from /home/airflow/.local/lib/python3.8/site-packages/airflow/example_dags/example_skip_dag.py
[2024-06-14T02:12:32.828+0000] {processor.py:840} INFO - DAG(s) 'example_skip_dag' retrieved from /home/airflow/.local/lib/python3.8/site-packages/airflow/example_dags/example_skip_dag.py
[2024-06-14T02:12:32.858+0000] {logging_mixin.py:188} INFO - [2024-06-14T02:12:32.858+0000] {dag.py:3047} INFO - Sync 1 DAGs
[2024-06-14T02:12:32.885+0000] {logging_mixin.py:188} INFO - [2024-06-14T02:12:32.885+0000] {dag.py:3834} INFO - Setting next_dagrun for example_skip_dag to 2024-06-13 00:00:00+00:00, run_after=2024-06-14 00:00:00+00:00
[2024-06-14T02:12:32.910+0000] {processor.py:183} INFO - Processing /home/airflow/.local/lib/python3.8/site-packages/airflow/example_dags/example_skip_dag.py took 0.101 seconds
[2024-06-14T02:13:04.224+0000] {processor.py:161} INFO - Started process (PID=416) to work on /home/airflow/.local/lib/python3.8/site-packages/airflow/example_dags/example_skip_dag.py
[2024-06-14T02:13:04.225+0000] {processor.py:830} INFO - Processing file /home/airflow/.local/lib/python3.8/site-packages/airflow/example_dags/example_skip_dag.py for tasks to queue
[2024-06-14T02:13:04.228+0000] {logging_mixin.py:188} INFO - [2024-06-14T02:13:04.227+0000] {dagbag.py:540} INFO - Filling up the DagBag from /home/airflow/.local/lib/python3.8/site-packages/airflow/example_dags/example_skip_dag.py
[2024-06-14T02:13:04.235+0000] {processor.py:840} INFO - DAG(s) 'example_skip_dag' retrieved from /home/airflow/.local/lib/python3.8/site-packages/airflow/example_dags/example_skip_dag.py
[2024-06-14T02:13:04.263+0000] {logging_mixin.py:188} INFO - [2024-06-14T02:13:04.263+0000] {dag.py:3047} INFO - Sync 1 DAGs
[2024-06-14T02:13:04.298+0000] {logging_mixin.py:188} INFO - [2024-06-14T02:13:04.298+0000] {dag.py:3834} INFO - Setting next_dagrun for example_skip_dag to 2024-06-13 00:00:00+00:00, run_after=2024-06-14 00:00:00+00:00
[2024-06-14T02:13:04.324+0000] {processor.py:183} INFO - Processing /home/airflow/.local/lib/python3.8/site-packages/airflow/example_dags/example_skip_dag.py took 0.104 seconds
[2024-06-14T02:13:35.813+0000] {processor.py:161} INFO - Started process (PID=477) to work on /home/airflow/.local/lib/python3.8/site-packages/airflow/example_dags/example_skip_dag.py
[2024-06-14T02:13:35.815+0000] {processor.py:830} INFO - Processing file /home/airflow/.local/lib/python3.8/site-packages/airflow/example_dags/example_skip_dag.py for tasks to queue
[2024-06-14T02:13:35.818+0000] {logging_mixin.py:188} INFO - [2024-06-14T02:13:35.818+0000] {dagbag.py:540} INFO - Filling up the DagBag from /home/airflow/.local/lib/python3.8/site-packages/airflow/example_dags/example_skip_dag.py
[2024-06-14T02:13:35.828+0000] {processor.py:840} INFO - DAG(s) 'example_skip_dag' retrieved from /home/airflow/.local/lib/python3.8/site-packages/airflow/example_dags/example_skip_dag.py
[2024-06-14T02:13:35.854+0000] {logging_mixin.py:188} INFO - [2024-06-14T02:13:35.854+0000] {dag.py:3047} INFO - Sync 1 DAGs
[2024-06-14T02:13:35.884+0000] {logging_mixin.py:188} INFO - [2024-06-14T02:13:35.883+0000] {dag.py:3834} INFO - Setting next_dagrun for example_skip_dag to 2024-06-13 00:00:00+00:00, run_after=2024-06-14 00:00:00+00:00
[2024-06-14T02:13:35.914+0000] {processor.py:183} INFO - Processing /home/airflow/.local/lib/python3.8/site-packages/airflow/example_dags/example_skip_dag.py took 0.107 seconds
[2024-06-14T02:14:07.095+0000] {processor.py:161} INFO - Started process (PID=539) to work on /home/airflow/.local/lib/python3.8/site-packages/airflow/example_dags/example_skip_dag.py
[2024-06-14T02:14:07.096+0000] {processor.py:830} INFO - Processing file /home/airflow/.local/lib/python3.8/site-packages/airflow/example_dags/example_skip_dag.py for tasks to queue
[2024-06-14T02:14:07.099+0000] {logging_mixin.py:188} INFO - [2024-06-14T02:14:07.098+0000] {dagbag.py:540} INFO - Filling up the DagBag from /home/airflow/.local/lib/python3.8/site-packages/airflow/example_dags/example_skip_dag.py
[2024-06-14T02:14:07.107+0000] {processor.py:840} INFO - DAG(s) 'example_skip_dag' retrieved from /home/airflow/.local/lib/python3.8/site-packages/airflow/example_dags/example_skip_dag.py
[2024-06-14T02:14:07.141+0000] {logging_mixin.py:188} INFO - [2024-06-14T02:14:07.140+0000] {dag.py:3047} INFO - Sync 1 DAGs
[2024-06-14T02:14:07.170+0000] {logging_mixin.py:188} INFO - [2024-06-14T02:14:07.170+0000] {dag.py:3834} INFO - Setting next_dagrun for example_skip_dag to 2024-06-13 00:00:00+00:00, run_after=2024-06-14 00:00:00+00:00
[2024-06-14T02:14:07.198+0000] {processor.py:183} INFO - Processing /home/airflow/.local/lib/python3.8/site-packages/airflow/example_dags/example_skip_dag.py took 0.107 seconds
[2024-06-14T02:14:40.233+0000] {processor.py:161} INFO - Started process (PID=600) to work on /home/airflow/.local/lib/python3.8/site-packages/airflow/example_dags/example_skip_dag.py
[2024-06-14T02:14:40.244+0000] {processor.py:830} INFO - Processing file /home/airflow/.local/lib/python3.8/site-packages/airflow/example_dags/example_skip_dag.py for tasks to queue
[2024-06-14T02:14:40.247+0000] {logging_mixin.py:188} INFO - [2024-06-14T02:14:40.247+0000] {dagbag.py:540} INFO - Filling up the DagBag from /home/airflow/.local/lib/python3.8/site-packages/airflow/example_dags/example_skip_dag.py
[2024-06-14T02:14:40.268+0000] {processor.py:840} INFO - DAG(s) 'example_skip_dag' retrieved from /home/airflow/.local/lib/python3.8/site-packages/airflow/example_dags/example_skip_dag.py
[2024-06-14T02:14:40.310+0000] {logging_mixin.py:188} INFO - [2024-06-14T02:14:40.309+0000] {dag.py:3047} INFO - Sync 1 DAGs
[2024-06-14T02:14:40.366+0000] {logging_mixin.py:188} INFO - [2024-06-14T02:14:40.365+0000] {dag.py:3834} INFO - Setting next_dagrun for example_skip_dag to 2024-06-13 00:00:00+00:00, run_after=2024-06-14 00:00:00+00:00
[2024-06-14T02:14:40.426+0000] {processor.py:183} INFO - Processing /home/airflow/.local/lib/python3.8/site-packages/airflow/example_dags/example_skip_dag.py took 0.199 seconds
[2024-06-14T02:15:10.527+0000] {processor.py:161} INFO - Started process (PID=661) to work on /home/airflow/.local/lib/python3.8/site-packages/airflow/example_dags/example_skip_dag.py
[2024-06-14T02:15:10.528+0000] {processor.py:830} INFO - Processing file /home/airflow/.local/lib/python3.8/site-packages/airflow/example_dags/example_skip_dag.py for tasks to queue
[2024-06-14T02:15:10.531+0000] {logging_mixin.py:188} INFO - [2024-06-14T02:15:10.531+0000] {dagbag.py:540} INFO - Filling up the DagBag from /home/airflow/.local/lib/python3.8/site-packages/airflow/example_dags/example_skip_dag.py
[2024-06-14T02:15:10.541+0000] {processor.py:840} INFO - DAG(s) 'example_skip_dag' retrieved from /home/airflow/.local/lib/python3.8/site-packages/airflow/example_dags/example_skip_dag.py
[2024-06-14T02:15:10.579+0000] {logging_mixin.py:188} INFO - [2024-06-14T02:15:10.579+0000] {dag.py:3047} INFO - Sync 1 DAGs
[2024-06-14T02:15:10.603+0000] {logging_mixin.py:188} INFO - [2024-06-14T02:15:10.603+0000] {dag.py:3834} INFO - Setting next_dagrun for example_skip_dag to 2024-06-13 00:00:00+00:00, run_after=2024-06-14 00:00:00+00:00
[2024-06-14T02:15:10.625+0000] {processor.py:183} INFO - Processing /home/airflow/.local/lib/python3.8/site-packages/airflow/example_dags/example_skip_dag.py took 0.103 seconds
[2024-06-14T02:15:42.211+0000] {processor.py:161} INFO - Started process (PID=722) to work on /home/airflow/.local/lib/python3.8/site-packages/airflow/example_dags/example_skip_dag.py
[2024-06-14T02:15:42.212+0000] {processor.py:830} INFO - Processing file /home/airflow/.local/lib/python3.8/site-packages/airflow/example_dags/example_skip_dag.py for tasks to queue
[2024-06-14T02:15:42.215+0000] {logging_mixin.py:188} INFO - [2024-06-14T02:15:42.214+0000] {dagbag.py:540} INFO - Filling up the DagBag from /home/airflow/.local/lib/python3.8/site-packages/airflow/example_dags/example_skip_dag.py
[2024-06-14T02:15:42.224+0000] {processor.py:840} INFO - DAG(s) 'example_skip_dag' retrieved from /home/airflow/.local/lib/python3.8/site-packages/airflow/example_dags/example_skip_dag.py
[2024-06-14T02:15:42.258+0000] {logging_mixin.py:188} INFO - [2024-06-14T02:15:42.258+0000] {dag.py:3047} INFO - Sync 1 DAGs
[2024-06-14T02:15:42.292+0000] {logging_mixin.py:188} INFO - [2024-06-14T02:15:42.292+0000] {dag.py:3834} INFO - Setting next_dagrun for example_skip_dag to 2024-06-13 00:00:00+00:00, run_after=2024-06-14 00:00:00+00:00
[2024-06-14T02:15:42.322+0000] {processor.py:183} INFO - Processing /home/airflow/.local/lib/python3.8/site-packages/airflow/example_dags/example_skip_dag.py took 0.115 seconds
[2024-06-14T02:16:14.326+0000] {processor.py:161} INFO - Started process (PID=782) to work on /home/airflow/.local/lib/python3.8/site-packages/airflow/example_dags/example_skip_dag.py
[2024-06-14T02:16:14.328+0000] {processor.py:830} INFO - Processing file /home/airflow/.local/lib/python3.8/site-packages/airflow/example_dags/example_skip_dag.py for tasks to queue
[2024-06-14T02:16:14.332+0000] {logging_mixin.py:188} INFO - [2024-06-14T02:16:14.332+0000] {dagbag.py:540} INFO - Filling up the DagBag from /home/airflow/.local/lib/python3.8/site-packages/airflow/example_dags/example_skip_dag.py
[2024-06-14T02:16:14.345+0000] {processor.py:840} INFO - DAG(s) 'example_skip_dag' retrieved from /home/airflow/.local/lib/python3.8/site-packages/airflow/example_dags/example_skip_dag.py
[2024-06-14T02:16:14.384+0000] {logging_mixin.py:188} INFO - [2024-06-14T02:16:14.384+0000] {dag.py:3047} INFO - Sync 1 DAGs
[2024-06-14T02:16:14.419+0000] {logging_mixin.py:188} INFO - [2024-06-14T02:16:14.419+0000] {dag.py:3834} INFO - Setting next_dagrun for example_skip_dag to 2024-06-13 00:00:00+00:00, run_after=2024-06-14 00:00:00+00:00
[2024-06-14T02:16:14.463+0000] {processor.py:183} INFO - Processing /home/airflow/.local/lib/python3.8/site-packages/airflow/example_dags/example_skip_dag.py took 0.143 seconds
[2024-06-14T02:16:47.481+0000] {processor.py:161} INFO - Started process (PID=844) to work on /home/airflow/.local/lib/python3.8/site-packages/airflow/example_dags/example_skip_dag.py
[2024-06-14T02:16:47.492+0000] {processor.py:830} INFO - Processing file /home/airflow/.local/lib/python3.8/site-packages/airflow/example_dags/example_skip_dag.py for tasks to queue
[2024-06-14T02:16:47.495+0000] {logging_mixin.py:188} INFO - [2024-06-14T02:16:47.495+0000] {dagbag.py:540} INFO - Filling up the DagBag from /home/airflow/.local/lib/python3.8/site-packages/airflow/example_dags/example_skip_dag.py
[2024-06-14T02:16:47.506+0000] {processor.py:840} INFO - DAG(s) 'example_skip_dag' retrieved from /home/airflow/.local/lib/python3.8/site-packages/airflow/example_dags/example_skip_dag.py
[2024-06-14T02:16:47.534+0000] {logging_mixin.py:188} INFO - [2024-06-14T02:16:47.534+0000] {dag.py:3047} INFO - Sync 1 DAGs
[2024-06-14T02:16:47.568+0000] {logging_mixin.py:188} INFO - [2024-06-14T02:16:47.568+0000] {dag.py:3834} INFO - Setting next_dagrun for example_skip_dag to 2024-06-13 00:00:00+00:00, run_after=2024-06-14 00:00:00+00:00
[2024-06-14T02:16:47.978+0000] {processor.py:183} INFO - Processing /home/airflow/.local/lib/python3.8/site-packages/airflow/example_dags/example_skip_dag.py took 0.501 seconds
[2024-06-14T02:17:18.871+0000] {processor.py:161} INFO - Started process (PID=905) to work on /home/airflow/.local/lib/python3.8/site-packages/airflow/example_dags/example_skip_dag.py
[2024-06-14T02:17:18.874+0000] {processor.py:830} INFO - Processing file /home/airflow/.local/lib/python3.8/site-packages/airflow/example_dags/example_skip_dag.py for tasks to queue
[2024-06-14T02:17:18.877+0000] {logging_mixin.py:188} INFO - [2024-06-14T02:17:18.876+0000] {dagbag.py:540} INFO - Filling up the DagBag from /home/airflow/.local/lib/python3.8/site-packages/airflow/example_dags/example_skip_dag.py
[2024-06-14T02:17:18.893+0000] {processor.py:840} INFO - DAG(s) 'example_skip_dag' retrieved from /home/airflow/.local/lib/python3.8/site-packages/airflow/example_dags/example_skip_dag.py
[2024-06-14T02:17:18.946+0000] {logging_mixin.py:188} INFO - [2024-06-14T02:17:18.945+0000] {dag.py:3047} INFO - Sync 1 DAGs
[2024-06-14T02:17:18.990+0000] {logging_mixin.py:188} INFO - [2024-06-14T02:17:18.990+0000] {dag.py:3834} INFO - Setting next_dagrun for example_skip_dag to 2024-06-13 00:00:00+00:00, run_after=2024-06-14 00:00:00+00:00
[2024-06-14T02:17:19.028+0000] {processor.py:183} INFO - Processing /home/airflow/.local/lib/python3.8/site-packages/airflow/example_dags/example_skip_dag.py took 0.163 seconds
[2024-06-14T02:17:49.469+0000] {processor.py:161} INFO - Started process (PID=966) to work on /home/airflow/.local/lib/python3.8/site-packages/airflow/example_dags/example_skip_dag.py
[2024-06-14T02:17:49.471+0000] {processor.py:830} INFO - Processing file /home/airflow/.local/lib/python3.8/site-packages/airflow/example_dags/example_skip_dag.py for tasks to queue
[2024-06-14T02:17:49.475+0000] {logging_mixin.py:188} INFO - [2024-06-14T02:17:49.474+0000] {dagbag.py:540} INFO - Filling up the DagBag from /home/airflow/.local/lib/python3.8/site-packages/airflow/example_dags/example_skip_dag.py
[2024-06-14T02:17:49.491+0000] {processor.py:840} INFO - DAG(s) 'example_skip_dag' retrieved from /home/airflow/.local/lib/python3.8/site-packages/airflow/example_dags/example_skip_dag.py
[2024-06-14T02:17:49.527+0000] {logging_mixin.py:188} INFO - [2024-06-14T02:17:49.527+0000] {dag.py:3047} INFO - Sync 1 DAGs
[2024-06-14T02:17:49.569+0000] {logging_mixin.py:188} INFO - [2024-06-14T02:17:49.569+0000] {dag.py:3834} INFO - Setting next_dagrun for example_skip_dag to 2024-06-13 00:00:00+00:00, run_after=2024-06-14 00:00:00+00:00
[2024-06-14T02:17:49.625+0000] {processor.py:183} INFO - Processing /home/airflow/.local/lib/python3.8/site-packages/airflow/example_dags/example_skip_dag.py took 0.160 seconds
[2024-06-14T02:18:20.048+0000] {processor.py:161} INFO - Started process (PID=1027) to work on /home/airflow/.local/lib/python3.8/site-packages/airflow/example_dags/example_skip_dag.py
[2024-06-14T02:18:20.049+0000] {processor.py:830} INFO - Processing file /home/airflow/.local/lib/python3.8/site-packages/airflow/example_dags/example_skip_dag.py for tasks to queue
[2024-06-14T02:18:20.051+0000] {logging_mixin.py:188} INFO - [2024-06-14T02:18:20.051+0000] {dagbag.py:540} INFO - Filling up the DagBag from /home/airflow/.local/lib/python3.8/site-packages/airflow/example_dags/example_skip_dag.py
[2024-06-14T02:18:20.060+0000] {processor.py:840} INFO - DAG(s) 'example_skip_dag' retrieved from /home/airflow/.local/lib/python3.8/site-packages/airflow/example_dags/example_skip_dag.py
[2024-06-14T02:18:20.083+0000] {logging_mixin.py:188} INFO - [2024-06-14T02:18:20.083+0000] {dag.py:3047} INFO - Sync 1 DAGs
[2024-06-14T02:18:20.107+0000] {logging_mixin.py:188} INFO - [2024-06-14T02:18:20.107+0000] {dag.py:3834} INFO - Setting next_dagrun for example_skip_dag to 2024-06-13 00:00:00+00:00, run_after=2024-06-14 00:00:00+00:00
[2024-06-14T02:18:20.128+0000] {processor.py:183} INFO - Processing /home/airflow/.local/lib/python3.8/site-packages/airflow/example_dags/example_skip_dag.py took 0.084 seconds
[2024-06-14T02:18:50.731+0000] {processor.py:161} INFO - Started process (PID=1086) to work on /home/airflow/.local/lib/python3.8/site-packages/airflow/example_dags/example_skip_dag.py
[2024-06-14T02:18:50.733+0000] {processor.py:830} INFO - Processing file /home/airflow/.local/lib/python3.8/site-packages/airflow/example_dags/example_skip_dag.py for tasks to queue
[2024-06-14T02:18:50.737+0000] {logging_mixin.py:188} INFO - [2024-06-14T02:18:50.736+0000] {dagbag.py:540} INFO - Filling up the DagBag from /home/airflow/.local/lib/python3.8/site-packages/airflow/example_dags/example_skip_dag.py
[2024-06-14T02:18:50.746+0000] {processor.py:840} INFO - DAG(s) 'example_skip_dag' retrieved from /home/airflow/.local/lib/python3.8/site-packages/airflow/example_dags/example_skip_dag.py
[2024-06-14T02:18:50.773+0000] {logging_mixin.py:188} INFO - [2024-06-14T02:18:50.772+0000] {dag.py:3047} INFO - Sync 1 DAGs
[2024-06-14T02:18:50.799+0000] {logging_mixin.py:188} INFO - [2024-06-14T02:18:50.799+0000] {dag.py:3834} INFO - Setting next_dagrun for example_skip_dag to 2024-06-13 00:00:00+00:00, run_after=2024-06-14 00:00:00+00:00
[2024-06-14T02:18:50.826+0000] {processor.py:183} INFO - Processing /home/airflow/.local/lib/python3.8/site-packages/airflow/example_dags/example_skip_dag.py took 0.099 seconds
[2024-06-14T02:19:22.235+0000] {processor.py:161} INFO - Started process (PID=1147) to work on /home/airflow/.local/lib/python3.8/site-packages/airflow/example_dags/example_skip_dag.py
[2024-06-14T02:19:22.237+0000] {processor.py:830} INFO - Processing file /home/airflow/.local/lib/python3.8/site-packages/airflow/example_dags/example_skip_dag.py for tasks to queue
[2024-06-14T02:19:22.239+0000] {logging_mixin.py:188} INFO - [2024-06-14T02:19:22.239+0000] {dagbag.py:540} INFO - Filling up the DagBag from /home/airflow/.local/lib/python3.8/site-packages/airflow/example_dags/example_skip_dag.py
[2024-06-14T02:19:22.248+0000] {processor.py:840} INFO - DAG(s) 'example_skip_dag' retrieved from /home/airflow/.local/lib/python3.8/site-packages/airflow/example_dags/example_skip_dag.py
[2024-06-14T02:19:22.286+0000] {logging_mixin.py:188} INFO - [2024-06-14T02:19:22.285+0000] {dag.py:3047} INFO - Sync 1 DAGs
[2024-06-14T02:19:22.315+0000] {logging_mixin.py:188} INFO - [2024-06-14T02:19:22.314+0000] {dag.py:3834} INFO - Setting next_dagrun for example_skip_dag to 2024-06-13 00:00:00+00:00, run_after=2024-06-14 00:00:00+00:00
[2024-06-14T02:19:22.340+0000] {processor.py:183} INFO - Processing /home/airflow/.local/lib/python3.8/site-packages/airflow/example_dags/example_skip_dag.py took 0.110 seconds
[2024-06-14T02:19:53.769+0000] {processor.py:161} INFO - Started process (PID=1209) to work on /home/airflow/.local/lib/python3.8/site-packages/airflow/example_dags/example_skip_dag.py
[2024-06-14T02:19:53.771+0000] {processor.py:830} INFO - Processing file /home/airflow/.local/lib/python3.8/site-packages/airflow/example_dags/example_skip_dag.py for tasks to queue
[2024-06-14T02:19:53.774+0000] {logging_mixin.py:188} INFO - [2024-06-14T02:19:53.773+0000] {dagbag.py:540} INFO - Filling up the DagBag from /home/airflow/.local/lib/python3.8/site-packages/airflow/example_dags/example_skip_dag.py
[2024-06-14T02:19:53.783+0000] {processor.py:840} INFO - DAG(s) 'example_skip_dag' retrieved from /home/airflow/.local/lib/python3.8/site-packages/airflow/example_dags/example_skip_dag.py
[2024-06-14T02:19:53.811+0000] {logging_mixin.py:188} INFO - [2024-06-14T02:19:53.810+0000] {dag.py:3047} INFO - Sync 1 DAGs
[2024-06-14T02:19:53.840+0000] {logging_mixin.py:188} INFO - [2024-06-14T02:19:53.840+0000] {dag.py:3834} INFO - Setting next_dagrun for example_skip_dag to 2024-06-13 00:00:00+00:00, run_after=2024-06-14 00:00:00+00:00
[2024-06-14T02:19:53.865+0000] {processor.py:183} INFO - Processing /home/airflow/.local/lib/python3.8/site-packages/airflow/example_dags/example_skip_dag.py took 0.099 seconds
[2024-06-14T02:20:25.549+0000] {processor.py:161} INFO - Started process (PID=1271) to work on /home/airflow/.local/lib/python3.8/site-packages/airflow/example_dags/example_skip_dag.py
[2024-06-14T02:20:25.550+0000] {processor.py:830} INFO - Processing file /home/airflow/.local/lib/python3.8/site-packages/airflow/example_dags/example_skip_dag.py for tasks to queue
[2024-06-14T02:20:25.553+0000] {logging_mixin.py:188} INFO - [2024-06-14T02:20:25.552+0000] {dagbag.py:540} INFO - Filling up the DagBag from /home/airflow/.local/lib/python3.8/site-packages/airflow/example_dags/example_skip_dag.py
[2024-06-14T02:20:25.560+0000] {processor.py:840} INFO - DAG(s) 'example_skip_dag' retrieved from /home/airflow/.local/lib/python3.8/site-packages/airflow/example_dags/example_skip_dag.py
[2024-06-14T02:20:25.593+0000] {logging_mixin.py:188} INFO - [2024-06-14T02:20:25.592+0000] {dag.py:3047} INFO - Sync 1 DAGs
[2024-06-14T02:20:25.618+0000] {logging_mixin.py:188} INFO - [2024-06-14T02:20:25.618+0000] {dag.py:3834} INFO - Setting next_dagrun for example_skip_dag to 2024-06-13 00:00:00+00:00, run_after=2024-06-14 00:00:00+00:00
[2024-06-14T02:20:25.644+0000] {processor.py:183} INFO - Processing /home/airflow/.local/lib/python3.8/site-packages/airflow/example_dags/example_skip_dag.py took 0.099 seconds
[2024-06-14T02:20:55.974+0000] {processor.py:161} INFO - Started process (PID=1330) to work on /home/airflow/.local/lib/python3.8/site-packages/airflow/example_dags/example_skip_dag.py
[2024-06-14T02:20:55.975+0000] {processor.py:830} INFO - Processing file /home/airflow/.local/lib/python3.8/site-packages/airflow/example_dags/example_skip_dag.py for tasks to queue
[2024-06-14T02:20:55.978+0000] {logging_mixin.py:188} INFO - [2024-06-14T02:20:55.977+0000] {dagbag.py:540} INFO - Filling up the DagBag from /home/airflow/.local/lib/python3.8/site-packages/airflow/example_dags/example_skip_dag.py
[2024-06-14T02:20:55.985+0000] {processor.py:840} INFO - DAG(s) 'example_skip_dag' retrieved from /home/airflow/.local/lib/python3.8/site-packages/airflow/example_dags/example_skip_dag.py
[2024-06-14T02:20:56.011+0000] {logging_mixin.py:188} INFO - [2024-06-14T02:20:56.010+0000] {dag.py:3047} INFO - Sync 1 DAGs
[2024-06-14T02:20:56.037+0000] {logging_mixin.py:188} INFO - [2024-06-14T02:20:56.037+0000] {dag.py:3834} INFO - Setting next_dagrun for example_skip_dag to 2024-06-13 00:00:00+00:00, run_after=2024-06-14 00:00:00+00:00
[2024-06-14T02:20:56.069+0000] {processor.py:183} INFO - Processing /home/airflow/.local/lib/python3.8/site-packages/airflow/example_dags/example_skip_dag.py took 0.100 seconds
[2024-06-14T02:21:27.651+0000] {processor.py:161} INFO - Started process (PID=1391) to work on /home/airflow/.local/lib/python3.8/site-packages/airflow/example_dags/example_skip_dag.py
[2024-06-14T02:21:27.653+0000] {processor.py:830} INFO - Processing file /home/airflow/.local/lib/python3.8/site-packages/airflow/example_dags/example_skip_dag.py for tasks to queue
[2024-06-14T02:21:27.655+0000] {logging_mixin.py:188} INFO - [2024-06-14T02:21:27.655+0000] {dagbag.py:540} INFO - Filling up the DagBag from /home/airflow/.local/lib/python3.8/site-packages/airflow/example_dags/example_skip_dag.py
[2024-06-14T02:21:27.666+0000] {processor.py:840} INFO - DAG(s) 'example_skip_dag' retrieved from /home/airflow/.local/lib/python3.8/site-packages/airflow/example_dags/example_skip_dag.py
[2024-06-14T02:21:27.696+0000] {logging_mixin.py:188} INFO - [2024-06-14T02:21:27.696+0000] {dag.py:3047} INFO - Sync 1 DAGs
[2024-06-14T02:21:27.730+0000] {logging_mixin.py:188} INFO - [2024-06-14T02:21:27.730+0000] {dag.py:3834} INFO - Setting next_dagrun for example_skip_dag to 2024-06-13 00:00:00+00:00, run_after=2024-06-14 00:00:00+00:00
[2024-06-14T02:21:27.757+0000] {processor.py:183} INFO - Processing /home/airflow/.local/lib/python3.8/site-packages/airflow/example_dags/example_skip_dag.py took 0.109 seconds
[2024-06-14T02:21:58.268+0000] {processor.py:161} INFO - Started process (PID=1452) to work on /home/airflow/.local/lib/python3.8/site-packages/airflow/example_dags/example_skip_dag.py
[2024-06-14T02:21:58.270+0000] {processor.py:830} INFO - Processing file /home/airflow/.local/lib/python3.8/site-packages/airflow/example_dags/example_skip_dag.py for tasks to queue
[2024-06-14T02:21:58.273+0000] {logging_mixin.py:188} INFO - [2024-06-14T02:21:58.273+0000] {dagbag.py:540} INFO - Filling up the DagBag from /home/airflow/.local/lib/python3.8/site-packages/airflow/example_dags/example_skip_dag.py
[2024-06-14T02:21:58.282+0000] {processor.py:840} INFO - DAG(s) 'example_skip_dag' retrieved from /home/airflow/.local/lib/python3.8/site-packages/airflow/example_dags/example_skip_dag.py
[2024-06-14T02:21:58.307+0000] {logging_mixin.py:188} INFO - [2024-06-14T02:21:58.306+0000] {dag.py:3047} INFO - Sync 1 DAGs
[2024-06-14T02:21:58.334+0000] {logging_mixin.py:188} INFO - [2024-06-14T02:21:58.333+0000] {dag.py:3834} INFO - Setting next_dagrun for example_skip_dag to 2024-06-13 00:00:00+00:00, run_after=2024-06-14 00:00:00+00:00
[2024-06-14T02:21:58.359+0000] {processor.py:183} INFO - Processing /home/airflow/.local/lib/python3.8/site-packages/airflow/example_dags/example_skip_dag.py took 0.097 seconds
[2024-06-14T02:22:28.543+0000] {processor.py:161} INFO - Started process (PID=1511) to work on /home/airflow/.local/lib/python3.8/site-packages/airflow/example_dags/example_skip_dag.py
[2024-06-14T02:22:28.544+0000] {processor.py:830} INFO - Processing file /home/airflow/.local/lib/python3.8/site-packages/airflow/example_dags/example_skip_dag.py for tasks to queue
[2024-06-14T02:22:28.546+0000] {logging_mixin.py:188} INFO - [2024-06-14T02:22:28.546+0000] {dagbag.py:540} INFO - Filling up the DagBag from /home/airflow/.local/lib/python3.8/site-packages/airflow/example_dags/example_skip_dag.py
[2024-06-14T02:22:28.556+0000] {processor.py:840} INFO - DAG(s) 'example_skip_dag' retrieved from /home/airflow/.local/lib/python3.8/site-packages/airflow/example_dags/example_skip_dag.py
[2024-06-14T02:22:28.582+0000] {logging_mixin.py:188} INFO - [2024-06-14T02:22:28.582+0000] {dag.py:3047} INFO - Sync 1 DAGs
[2024-06-14T02:22:28.609+0000] {logging_mixin.py:188} INFO - [2024-06-14T02:22:28.609+0000] {dag.py:3834} INFO - Setting next_dagrun for example_skip_dag to 2024-06-13 00:00:00+00:00, run_after=2024-06-14 00:00:00+00:00
[2024-06-14T02:22:28.632+0000] {processor.py:183} INFO - Processing /home/airflow/.local/lib/python3.8/site-packages/airflow/example_dags/example_skip_dag.py took 0.094 seconds
[2024-06-14T02:22:58.886+0000] {processor.py:161} INFO - Started process (PID=1570) to work on /home/airflow/.local/lib/python3.8/site-packages/airflow/example_dags/example_skip_dag.py
[2024-06-14T02:22:58.888+0000] {processor.py:830} INFO - Processing file /home/airflow/.local/lib/python3.8/site-packages/airflow/example_dags/example_skip_dag.py for tasks to queue
[2024-06-14T02:22:58.891+0000] {logging_mixin.py:188} INFO - [2024-06-14T02:22:58.890+0000] {dagbag.py:540} INFO - Filling up the DagBag from /home/airflow/.local/lib/python3.8/site-packages/airflow/example_dags/example_skip_dag.py
[2024-06-14T02:22:58.898+0000] {processor.py:840} INFO - DAG(s) 'example_skip_dag' retrieved from /home/airflow/.local/lib/python3.8/site-packages/airflow/example_dags/example_skip_dag.py
[2024-06-14T02:22:58.927+0000] {logging_mixin.py:188} INFO - [2024-06-14T02:22:58.926+0000] {dag.py:3047} INFO - Sync 1 DAGs
[2024-06-14T02:22:58.951+0000] {logging_mixin.py:188} INFO - [2024-06-14T02:22:58.951+0000] {dag.py:3834} INFO - Setting next_dagrun for example_skip_dag to 2024-06-13 00:00:00+00:00, run_after=2024-06-14 00:00:00+00:00
[2024-06-14T02:22:58.976+0000] {processor.py:183} INFO - Processing /home/airflow/.local/lib/python3.8/site-packages/airflow/example_dags/example_skip_dag.py took 0.094 seconds
[2024-06-14T02:23:29.141+0000] {processor.py:161} INFO - Started process (PID=1632) to work on /home/airflow/.local/lib/python3.8/site-packages/airflow/example_dags/example_skip_dag.py
[2024-06-14T02:23:29.142+0000] {processor.py:830} INFO - Processing file /home/airflow/.local/lib/python3.8/site-packages/airflow/example_dags/example_skip_dag.py for tasks to queue
[2024-06-14T02:23:29.145+0000] {logging_mixin.py:188} INFO - [2024-06-14T02:23:29.144+0000] {dagbag.py:540} INFO - Filling up the DagBag from /home/airflow/.local/lib/python3.8/site-packages/airflow/example_dags/example_skip_dag.py
[2024-06-14T02:23:29.154+0000] {processor.py:840} INFO - DAG(s) 'example_skip_dag' retrieved from /home/airflow/.local/lib/python3.8/site-packages/airflow/example_dags/example_skip_dag.py
[2024-06-14T02:23:29.185+0000] {logging_mixin.py:188} INFO - [2024-06-14T02:23:29.184+0000] {dag.py:3047} INFO - Sync 1 DAGs
[2024-06-14T02:23:29.212+0000] {logging_mixin.py:188} INFO - [2024-06-14T02:23:29.211+0000] {dag.py:3834} INFO - Setting next_dagrun for example_skip_dag to 2024-06-13 00:00:00+00:00, run_after=2024-06-14 00:00:00+00:00
[2024-06-14T02:23:29.237+0000] {processor.py:183} INFO - Processing /home/airflow/.local/lib/python3.8/site-packages/airflow/example_dags/example_skip_dag.py took 0.100 seconds
[2024-06-14T02:23:59.663+0000] {processor.py:161} INFO - Started process (PID=1693) to work on /home/airflow/.local/lib/python3.8/site-packages/airflow/example_dags/example_skip_dag.py
[2024-06-14T02:23:59.664+0000] {processor.py:830} INFO - Processing file /home/airflow/.local/lib/python3.8/site-packages/airflow/example_dags/example_skip_dag.py for tasks to queue
[2024-06-14T02:23:59.667+0000] {logging_mixin.py:188} INFO - [2024-06-14T02:23:59.667+0000] {dagbag.py:540} INFO - Filling up the DagBag from /home/airflow/.local/lib/python3.8/site-packages/airflow/example_dags/example_skip_dag.py
[2024-06-14T02:23:59.678+0000] {processor.py:840} INFO - DAG(s) 'example_skip_dag' retrieved from /home/airflow/.local/lib/python3.8/site-packages/airflow/example_dags/example_skip_dag.py
[2024-06-14T02:23:59.720+0000] {logging_mixin.py:188} INFO - [2024-06-14T02:23:59.719+0000] {dag.py:3047} INFO - Sync 1 DAGs
[2024-06-14T02:23:59.759+0000] {logging_mixin.py:188} INFO - [2024-06-14T02:23:59.759+0000] {dag.py:3834} INFO - Setting next_dagrun for example_skip_dag to 2024-06-13 00:00:00+00:00, run_after=2024-06-14 00:00:00+00:00
[2024-06-14T02:23:59.802+0000] {processor.py:183} INFO - Processing /home/airflow/.local/lib/python3.8/site-packages/airflow/example_dags/example_skip_dag.py took 0.144 seconds
[2024-06-14T02:24:29.894+0000] {processor.py:161} INFO - Started process (PID=1754) to work on /home/airflow/.local/lib/python3.8/site-packages/airflow/example_dags/example_skip_dag.py
[2024-06-14T02:24:29.896+0000] {processor.py:830} INFO - Processing file /home/airflow/.local/lib/python3.8/site-packages/airflow/example_dags/example_skip_dag.py for tasks to queue
[2024-06-14T02:24:29.899+0000] {logging_mixin.py:188} INFO - [2024-06-14T02:24:29.898+0000] {dagbag.py:540} INFO - Filling up the DagBag from /home/airflow/.local/lib/python3.8/site-packages/airflow/example_dags/example_skip_dag.py
[2024-06-14T02:24:29.908+0000] {processor.py:840} INFO - DAG(s) 'example_skip_dag' retrieved from /home/airflow/.local/lib/python3.8/site-packages/airflow/example_dags/example_skip_dag.py
[2024-06-14T02:24:29.942+0000] {logging_mixin.py:188} INFO - [2024-06-14T02:24:29.942+0000] {dag.py:3047} INFO - Sync 1 DAGs
[2024-06-14T02:24:29.978+0000] {logging_mixin.py:188} INFO - [2024-06-14T02:24:29.978+0000] {dag.py:3834} INFO - Setting next_dagrun for example_skip_dag to 2024-06-13 00:00:00+00:00, run_after=2024-06-14 00:00:00+00:00
[2024-06-14T02:24:30.014+0000] {processor.py:183} INFO - Processing /home/airflow/.local/lib/python3.8/site-packages/airflow/example_dags/example_skip_dag.py took 0.126 seconds
[2024-06-14T02:25:00.209+0000] {processor.py:161} INFO - Started process (PID=1815) to work on /home/airflow/.local/lib/python3.8/site-packages/airflow/example_dags/example_skip_dag.py
[2024-06-14T02:25:00.210+0000] {processor.py:830} INFO - Processing file /home/airflow/.local/lib/python3.8/site-packages/airflow/example_dags/example_skip_dag.py for tasks to queue
[2024-06-14T02:25:00.213+0000] {logging_mixin.py:188} INFO - [2024-06-14T02:25:00.212+0000] {dagbag.py:540} INFO - Filling up the DagBag from /home/airflow/.local/lib/python3.8/site-packages/airflow/example_dags/example_skip_dag.py
[2024-06-14T02:25:00.223+0000] {processor.py:840} INFO - DAG(s) 'example_skip_dag' retrieved from /home/airflow/.local/lib/python3.8/site-packages/airflow/example_dags/example_skip_dag.py
[2024-06-14T02:25:00.258+0000] {logging_mixin.py:188} INFO - [2024-06-14T02:25:00.257+0000] {dag.py:3047} INFO - Sync 1 DAGs
[2024-06-14T02:25:00.286+0000] {logging_mixin.py:188} INFO - [2024-06-14T02:25:00.285+0000] {dag.py:3834} INFO - Setting next_dagrun for example_skip_dag to 2024-06-13 00:00:00+00:00, run_after=2024-06-14 00:00:00+00:00
[2024-06-14T02:25:00.312+0000] {processor.py:183} INFO - Processing /home/airflow/.local/lib/python3.8/site-packages/airflow/example_dags/example_skip_dag.py took 0.108 seconds
[2024-06-14T02:25:30.637+0000] {processor.py:161} INFO - Started process (PID=1876) to work on /home/airflow/.local/lib/python3.8/site-packages/airflow/example_dags/example_skip_dag.py
[2024-06-14T02:25:30.639+0000] {processor.py:830} INFO - Processing file /home/airflow/.local/lib/python3.8/site-packages/airflow/example_dags/example_skip_dag.py for tasks to queue
[2024-06-14T02:25:30.641+0000] {logging_mixin.py:188} INFO - [2024-06-14T02:25:30.641+0000] {dagbag.py:540} INFO - Filling up the DagBag from /home/airflow/.local/lib/python3.8/site-packages/airflow/example_dags/example_skip_dag.py
[2024-06-14T02:25:30.649+0000] {processor.py:840} INFO - DAG(s) 'example_skip_dag' retrieved from /home/airflow/.local/lib/python3.8/site-packages/airflow/example_dags/example_skip_dag.py
[2024-06-14T02:25:30.676+0000] {logging_mixin.py:188} INFO - [2024-06-14T02:25:30.676+0000] {dag.py:3047} INFO - Sync 1 DAGs
[2024-06-14T02:25:30.714+0000] {logging_mixin.py:188} INFO - [2024-06-14T02:25:30.713+0000] {dag.py:3834} INFO - Setting next_dagrun for example_skip_dag to 2024-06-13 00:00:00+00:00, run_after=2024-06-14 00:00:00+00:00
[2024-06-14T02:25:30.897+0000] {processor.py:183} INFO - Processing /home/airflow/.local/lib/python3.8/site-packages/airflow/example_dags/example_skip_dag.py took 0.264 seconds
[2024-06-14T02:26:01.956+0000] {processor.py:161} INFO - Started process (PID=1938) to work on /home/airflow/.local/lib/python3.8/site-packages/airflow/example_dags/example_skip_dag.py
[2024-06-14T02:26:01.958+0000] {processor.py:830} INFO - Processing file /home/airflow/.local/lib/python3.8/site-packages/airflow/example_dags/example_skip_dag.py for tasks to queue
[2024-06-14T02:26:01.961+0000] {logging_mixin.py:188} INFO - [2024-06-14T02:26:01.960+0000] {dagbag.py:540} INFO - Filling up the DagBag from /home/airflow/.local/lib/python3.8/site-packages/airflow/example_dags/example_skip_dag.py
[2024-06-14T02:26:01.980+0000] {processor.py:840} INFO - DAG(s) 'example_skip_dag' retrieved from /home/airflow/.local/lib/python3.8/site-packages/airflow/example_dags/example_skip_dag.py
[2024-06-14T02:26:02.050+0000] {logging_mixin.py:188} INFO - [2024-06-14T02:26:02.049+0000] {dag.py:3047} INFO - Sync 1 DAGs
[2024-06-14T02:26:02.104+0000] {logging_mixin.py:188} INFO - [2024-06-14T02:26:02.104+0000] {dag.py:3834} INFO - Setting next_dagrun for example_skip_dag to 2024-06-13 00:00:00+00:00, run_after=2024-06-14 00:00:00+00:00
[2024-06-14T02:26:02.175+0000] {processor.py:183} INFO - Processing /home/airflow/.local/lib/python3.8/site-packages/airflow/example_dags/example_skip_dag.py took 0.230 seconds
[2024-06-14T02:26:32.557+0000] {processor.py:161} INFO - Started process (PID=1999) to work on /home/airflow/.local/lib/python3.8/site-packages/airflow/example_dags/example_skip_dag.py
[2024-06-14T02:26:32.559+0000] {processor.py:830} INFO - Processing file /home/airflow/.local/lib/python3.8/site-packages/airflow/example_dags/example_skip_dag.py for tasks to queue
[2024-06-14T02:26:32.562+0000] {logging_mixin.py:188} INFO - [2024-06-14T02:26:32.561+0000] {dagbag.py:540} INFO - Filling up the DagBag from /home/airflow/.local/lib/python3.8/site-packages/airflow/example_dags/example_skip_dag.py
[2024-06-14T02:26:32.572+0000] {processor.py:840} INFO - DAG(s) 'example_skip_dag' retrieved from /home/airflow/.local/lib/python3.8/site-packages/airflow/example_dags/example_skip_dag.py
[2024-06-14T02:26:32.608+0000] {logging_mixin.py:188} INFO - [2024-06-14T02:26:32.608+0000] {dag.py:3047} INFO - Sync 1 DAGs
[2024-06-14T02:26:32.643+0000] {logging_mixin.py:188} INFO - [2024-06-14T02:26:32.643+0000] {dag.py:3834} INFO - Setting next_dagrun for example_skip_dag to 2024-06-13 00:00:00+00:00, run_after=2024-06-14 00:00:00+00:00
[2024-06-14T02:26:32.676+0000] {processor.py:183} INFO - Processing /home/airflow/.local/lib/python3.8/site-packages/airflow/example_dags/example_skip_dag.py took 0.124 seconds
[2024-06-14T02:27:03.009+0000] {processor.py:161} INFO - Started process (PID=2060) to work on /home/airflow/.local/lib/python3.8/site-packages/airflow/example_dags/example_skip_dag.py
[2024-06-14T02:27:03.011+0000] {processor.py:830} INFO - Processing file /home/airflow/.local/lib/python3.8/site-packages/airflow/example_dags/example_skip_dag.py for tasks to queue
[2024-06-14T02:27:03.015+0000] {logging_mixin.py:188} INFO - [2024-06-14T02:27:03.014+0000] {dagbag.py:540} INFO - Filling up the DagBag from /home/airflow/.local/lib/python3.8/site-packages/airflow/example_dags/example_skip_dag.py
[2024-06-14T02:27:03.023+0000] {processor.py:840} INFO - DAG(s) 'example_skip_dag' retrieved from /home/airflow/.local/lib/python3.8/site-packages/airflow/example_dags/example_skip_dag.py
[2024-06-14T02:27:03.055+0000] {logging_mixin.py:188} INFO - [2024-06-14T02:27:03.054+0000] {dag.py:3047} INFO - Sync 1 DAGs
[2024-06-14T02:27:03.093+0000] {logging_mixin.py:188} INFO - [2024-06-14T02:27:03.093+0000] {dag.py:3834} INFO - Setting next_dagrun for example_skip_dag to 2024-06-13 00:00:00+00:00, run_after=2024-06-14 00:00:00+00:00
[2024-06-14T02:27:03.127+0000] {processor.py:183} INFO - Processing /home/airflow/.local/lib/python3.8/site-packages/airflow/example_dags/example_skip_dag.py took 0.123 seconds
[2024-06-14T02:27:33.376+0000] {processor.py:161} INFO - Started process (PID=2121) to work on /home/airflow/.local/lib/python3.8/site-packages/airflow/example_dags/example_skip_dag.py
[2024-06-14T02:27:33.378+0000] {processor.py:830} INFO - Processing file /home/airflow/.local/lib/python3.8/site-packages/airflow/example_dags/example_skip_dag.py for tasks to queue
[2024-06-14T02:27:33.381+0000] {logging_mixin.py:188} INFO - [2024-06-14T02:27:33.380+0000] {dagbag.py:540} INFO - Filling up the DagBag from /home/airflow/.local/lib/python3.8/site-packages/airflow/example_dags/example_skip_dag.py
[2024-06-14T02:27:33.391+0000] {processor.py:840} INFO - DAG(s) 'example_skip_dag' retrieved from /home/airflow/.local/lib/python3.8/site-packages/airflow/example_dags/example_skip_dag.py
[2024-06-14T02:27:33.425+0000] {logging_mixin.py:188} INFO - [2024-06-14T02:27:33.425+0000] {dag.py:3047} INFO - Sync 1 DAGs
[2024-06-14T02:27:33.460+0000] {logging_mixin.py:188} INFO - [2024-06-14T02:27:33.459+0000] {dag.py:3834} INFO - Setting next_dagrun for example_skip_dag to 2024-06-13 00:00:00+00:00, run_after=2024-06-14 00:00:00+00:00
[2024-06-14T02:27:33.492+0000] {processor.py:183} INFO - Processing /home/airflow/.local/lib/python3.8/site-packages/airflow/example_dags/example_skip_dag.py took 0.122 seconds
[2024-06-14T02:28:03.841+0000] {processor.py:161} INFO - Started process (PID=2182) to work on /home/airflow/.local/lib/python3.8/site-packages/airflow/example_dags/example_skip_dag.py
[2024-06-14T02:28:03.843+0000] {processor.py:830} INFO - Processing file /home/airflow/.local/lib/python3.8/site-packages/airflow/example_dags/example_skip_dag.py for tasks to queue
[2024-06-14T02:28:03.846+0000] {logging_mixin.py:188} INFO - [2024-06-14T02:28:03.846+0000] {dagbag.py:540} INFO - Filling up the DagBag from /home/airflow/.local/lib/python3.8/site-packages/airflow/example_dags/example_skip_dag.py
[2024-06-14T02:28:03.856+0000] {processor.py:840} INFO - DAG(s) 'example_skip_dag' retrieved from /home/airflow/.local/lib/python3.8/site-packages/airflow/example_dags/example_skip_dag.py
[2024-06-14T02:28:03.888+0000] {logging_mixin.py:188} INFO - [2024-06-14T02:28:03.888+0000] {dag.py:3047} INFO - Sync 1 DAGs
[2024-06-14T02:28:04.102+0000] {logging_mixin.py:188} INFO - [2024-06-14T02:28:04.101+0000] {dag.py:3834} INFO - Setting next_dagrun for example_skip_dag to 2024-06-13 00:00:00+00:00, run_after=2024-06-14 00:00:00+00:00
[2024-06-14T02:28:04.137+0000] {processor.py:183} INFO - Processing /home/airflow/.local/lib/python3.8/site-packages/airflow/example_dags/example_skip_dag.py took 0.301 seconds
[2024-06-14T02:28:34.673+0000] {processor.py:161} INFO - Started process (PID=2243) to work on /home/airflow/.local/lib/python3.8/site-packages/airflow/example_dags/example_skip_dag.py
[2024-06-14T02:28:34.675+0000] {processor.py:830} INFO - Processing file /home/airflow/.local/lib/python3.8/site-packages/airflow/example_dags/example_skip_dag.py for tasks to queue
[2024-06-14T02:28:34.679+0000] {logging_mixin.py:188} INFO - [2024-06-14T02:28:34.678+0000] {dagbag.py:540} INFO - Filling up the DagBag from /home/airflow/.local/lib/python3.8/site-packages/airflow/example_dags/example_skip_dag.py
[2024-06-14T02:28:34.691+0000] {processor.py:840} INFO - DAG(s) 'example_skip_dag' retrieved from /home/airflow/.local/lib/python3.8/site-packages/airflow/example_dags/example_skip_dag.py
[2024-06-14T02:28:34.723+0000] {logging_mixin.py:188} INFO - [2024-06-14T02:28:34.723+0000] {dag.py:3047} INFO - Sync 1 DAGs
[2024-06-14T02:28:34.757+0000] {logging_mixin.py:188} INFO - [2024-06-14T02:28:34.756+0000] {dag.py:3834} INFO - Setting next_dagrun for example_skip_dag to 2024-06-13 00:00:00+00:00, run_after=2024-06-14 00:00:00+00:00
[2024-06-14T02:28:34.787+0000] {processor.py:183} INFO - Processing /home/airflow/.local/lib/python3.8/site-packages/airflow/example_dags/example_skip_dag.py took 0.119 seconds
[2024-06-14T02:29:05.207+0000] {processor.py:161} INFO - Started process (PID=2304) to work on /home/airflow/.local/lib/python3.8/site-packages/airflow/example_dags/example_skip_dag.py
[2024-06-14T02:29:05.209+0000] {processor.py:830} INFO - Processing file /home/airflow/.local/lib/python3.8/site-packages/airflow/example_dags/example_skip_dag.py for tasks to queue
[2024-06-14T02:29:05.213+0000] {logging_mixin.py:188} INFO - [2024-06-14T02:29:05.212+0000] {dagbag.py:540} INFO - Filling up the DagBag from /home/airflow/.local/lib/python3.8/site-packages/airflow/example_dags/example_skip_dag.py
[2024-06-14T02:29:05.226+0000] {processor.py:840} INFO - DAG(s) 'example_skip_dag' retrieved from /home/airflow/.local/lib/python3.8/site-packages/airflow/example_dags/example_skip_dag.py
[2024-06-14T02:29:05.260+0000] {logging_mixin.py:188} INFO - [2024-06-14T02:29:05.259+0000] {dag.py:3047} INFO - Sync 1 DAGs
[2024-06-14T02:29:05.291+0000] {logging_mixin.py:188} INFO - [2024-06-14T02:29:05.291+0000] {dag.py:3834} INFO - Setting next_dagrun for example_skip_dag to 2024-06-13 00:00:00+00:00, run_after=2024-06-14 00:00:00+00:00
[2024-06-14T02:29:05.322+0000] {processor.py:183} INFO - Processing /home/airflow/.local/lib/python3.8/site-packages/airflow/example_dags/example_skip_dag.py took 0.119 seconds
[2024-06-14T02:29:36.252+0000] {processor.py:161} INFO - Started process (PID=2371) to work on /home/airflow/.local/lib/python3.8/site-packages/airflow/example_dags/example_skip_dag.py
[2024-06-14T02:29:36.253+0000] {processor.py:830} INFO - Processing file /home/airflow/.local/lib/python3.8/site-packages/airflow/example_dags/example_skip_dag.py for tasks to queue
[2024-06-14T02:29:36.256+0000] {logging_mixin.py:188} INFO - [2024-06-14T02:29:36.256+0000] {dagbag.py:540} INFO - Filling up the DagBag from /home/airflow/.local/lib/python3.8/site-packages/airflow/example_dags/example_skip_dag.py
[2024-06-14T02:29:36.267+0000] {processor.py:840} INFO - DAG(s) 'example_skip_dag' retrieved from /home/airflow/.local/lib/python3.8/site-packages/airflow/example_dags/example_skip_dag.py
[2024-06-14T02:29:36.308+0000] {logging_mixin.py:188} INFO - [2024-06-14T02:29:36.308+0000] {dag.py:3047} INFO - Sync 1 DAGs
[2024-06-14T02:29:36.341+0000] {logging_mixin.py:188} INFO - [2024-06-14T02:29:36.341+0000] {dag.py:3834} INFO - Setting next_dagrun for example_skip_dag to 2024-06-13 00:00:00+00:00, run_after=2024-06-14 00:00:00+00:00
[2024-06-14T02:29:36.372+0000] {processor.py:183} INFO - Processing /home/airflow/.local/lib/python3.8/site-packages/airflow/example_dags/example_skip_dag.py took 0.125 seconds
[2024-06-14T02:30:07.076+0000] {processor.py:161} INFO - Started process (PID=2432) to work on /home/airflow/.local/lib/python3.8/site-packages/airflow/example_dags/example_skip_dag.py
[2024-06-14T02:30:07.078+0000] {processor.py:830} INFO - Processing file /home/airflow/.local/lib/python3.8/site-packages/airflow/example_dags/example_skip_dag.py for tasks to queue
[2024-06-14T02:30:07.081+0000] {logging_mixin.py:188} INFO - [2024-06-14T02:30:07.081+0000] {dagbag.py:540} INFO - Filling up the DagBag from /home/airflow/.local/lib/python3.8/site-packages/airflow/example_dags/example_skip_dag.py
[2024-06-14T02:30:07.102+0000] {processor.py:840} INFO - DAG(s) 'example_skip_dag' retrieved from /home/airflow/.local/lib/python3.8/site-packages/airflow/example_dags/example_skip_dag.py
[2024-06-14T02:30:07.180+0000] {logging_mixin.py:188} INFO - [2024-06-14T02:30:07.179+0000] {dag.py:3047} INFO - Sync 1 DAGs
[2024-06-14T02:30:07.269+0000] {logging_mixin.py:188} INFO - [2024-06-14T02:30:07.269+0000] {dag.py:3834} INFO - Setting next_dagrun for example_skip_dag to 2024-06-13 00:00:00+00:00, run_after=2024-06-14 00:00:00+00:00
[2024-06-14T02:30:07.370+0000] {processor.py:183} INFO - Processing /home/airflow/.local/lib/python3.8/site-packages/airflow/example_dags/example_skip_dag.py took 0.306 seconds
[2024-06-14T02:30:37.744+0000] {processor.py:161} INFO - Started process (PID=2493) to work on /home/airflow/.local/lib/python3.8/site-packages/airflow/example_dags/example_skip_dag.py
[2024-06-14T02:30:37.746+0000] {processor.py:830} INFO - Processing file /home/airflow/.local/lib/python3.8/site-packages/airflow/example_dags/example_skip_dag.py for tasks to queue
[2024-06-14T02:30:37.753+0000] {logging_mixin.py:188} INFO - [2024-06-14T02:30:37.752+0000] {dagbag.py:540} INFO - Filling up the DagBag from /home/airflow/.local/lib/python3.8/site-packages/airflow/example_dags/example_skip_dag.py
[2024-06-14T02:30:37.762+0000] {processor.py:840} INFO - DAG(s) 'example_skip_dag' retrieved from /home/airflow/.local/lib/python3.8/site-packages/airflow/example_dags/example_skip_dag.py
[2024-06-14T02:30:37.791+0000] {logging_mixin.py:188} INFO - [2024-06-14T02:30:37.790+0000] {dag.py:3047} INFO - Sync 1 DAGs
[2024-06-14T02:30:37.827+0000] {logging_mixin.py:188} INFO - [2024-06-14T02:30:37.826+0000] {dag.py:3834} INFO - Setting next_dagrun for example_skip_dag to 2024-06-13 00:00:00+00:00, run_after=2024-06-14 00:00:00+00:00
[2024-06-14T02:30:37.883+0000] {processor.py:183} INFO - Processing /home/airflow/.local/lib/python3.8/site-packages/airflow/example_dags/example_skip_dag.py took 0.143 seconds
[2024-06-14T02:31:08.218+0000] {processor.py:161} INFO - Started process (PID=2554) to work on /home/airflow/.local/lib/python3.8/site-packages/airflow/example_dags/example_skip_dag.py
[2024-06-14T02:31:08.220+0000] {processor.py:830} INFO - Processing file /home/airflow/.local/lib/python3.8/site-packages/airflow/example_dags/example_skip_dag.py for tasks to queue
[2024-06-14T02:31:08.222+0000] {logging_mixin.py:188} INFO - [2024-06-14T02:31:08.222+0000] {dagbag.py:540} INFO - Filling up the DagBag from /home/airflow/.local/lib/python3.8/site-packages/airflow/example_dags/example_skip_dag.py
[2024-06-14T02:31:08.231+0000] {processor.py:840} INFO - DAG(s) 'example_skip_dag' retrieved from /home/airflow/.local/lib/python3.8/site-packages/airflow/example_dags/example_skip_dag.py
[2024-06-14T02:31:08.261+0000] {logging_mixin.py:188} INFO - [2024-06-14T02:31:08.260+0000] {dag.py:3047} INFO - Sync 1 DAGs
[2024-06-14T02:31:08.317+0000] {logging_mixin.py:188} INFO - [2024-06-14T02:31:08.316+0000] {dag.py:3834} INFO - Setting next_dagrun for example_skip_dag to 2024-06-13 00:00:00+00:00, run_after=2024-06-14 00:00:00+00:00
[2024-06-14T02:31:08.343+0000] {processor.py:183} INFO - Processing /home/airflow/.local/lib/python3.8/site-packages/airflow/example_dags/example_skip_dag.py took 0.131 seconds
[2024-06-14T02:31:38.789+0000] {processor.py:161} INFO - Started process (PID=2615) to work on /home/airflow/.local/lib/python3.8/site-packages/airflow/example_dags/example_skip_dag.py
[2024-06-14T02:31:38.791+0000] {processor.py:830} INFO - Processing file /home/airflow/.local/lib/python3.8/site-packages/airflow/example_dags/example_skip_dag.py for tasks to queue
[2024-06-14T02:31:38.794+0000] {logging_mixin.py:188} INFO - [2024-06-14T02:31:38.794+0000] {dagbag.py:540} INFO - Filling up the DagBag from /home/airflow/.local/lib/python3.8/site-packages/airflow/example_dags/example_skip_dag.py
[2024-06-14T02:31:38.809+0000] {processor.py:840} INFO - DAG(s) 'example_skip_dag' retrieved from /home/airflow/.local/lib/python3.8/site-packages/airflow/example_dags/example_skip_dag.py
[2024-06-14T02:31:38.841+0000] {logging_mixin.py:188} INFO - [2024-06-14T02:31:38.841+0000] {dag.py:3047} INFO - Sync 1 DAGs
[2024-06-14T02:31:38.881+0000] {logging_mixin.py:188} INFO - [2024-06-14T02:31:38.881+0000] {dag.py:3834} INFO - Setting next_dagrun for example_skip_dag to 2024-06-13 00:00:00+00:00, run_after=2024-06-14 00:00:00+00:00
[2024-06-14T02:31:38.911+0000] {processor.py:183} INFO - Processing /home/airflow/.local/lib/python3.8/site-packages/airflow/example_dags/example_skip_dag.py took 0.129 seconds
[2024-06-14T02:32:09.447+0000] {processor.py:161} INFO - Started process (PID=2676) to work on /home/airflow/.local/lib/python3.8/site-packages/airflow/example_dags/example_skip_dag.py
[2024-06-14T02:32:09.449+0000] {processor.py:830} INFO - Processing file /home/airflow/.local/lib/python3.8/site-packages/airflow/example_dags/example_skip_dag.py for tasks to queue
[2024-06-14T02:32:09.453+0000] {logging_mixin.py:188} INFO - [2024-06-14T02:32:09.452+0000] {dagbag.py:540} INFO - Filling up the DagBag from /home/airflow/.local/lib/python3.8/site-packages/airflow/example_dags/example_skip_dag.py
[2024-06-14T02:32:09.461+0000] {processor.py:840} INFO - DAG(s) 'example_skip_dag' retrieved from /home/airflow/.local/lib/python3.8/site-packages/airflow/example_dags/example_skip_dag.py
[2024-06-14T02:32:09.496+0000] {logging_mixin.py:188} INFO - [2024-06-14T02:32:09.495+0000] {dag.py:3047} INFO - Sync 1 DAGs
[2024-06-14T02:32:09.524+0000] {logging_mixin.py:188} INFO - [2024-06-14T02:32:09.524+0000] {dag.py:3834} INFO - Setting next_dagrun for example_skip_dag to 2024-06-13 00:00:00+00:00, run_after=2024-06-14 00:00:00+00:00
[2024-06-14T02:32:09.552+0000] {processor.py:183} INFO - Processing /home/airflow/.local/lib/python3.8/site-packages/airflow/example_dags/example_skip_dag.py took 0.109 seconds
[2024-06-14T02:32:39.817+0000] {processor.py:161} INFO - Started process (PID=2737) to work on /home/airflow/.local/lib/python3.8/site-packages/airflow/example_dags/example_skip_dag.py
[2024-06-14T02:32:39.819+0000] {processor.py:830} INFO - Processing file /home/airflow/.local/lib/python3.8/site-packages/airflow/example_dags/example_skip_dag.py for tasks to queue
[2024-06-14T02:32:39.822+0000] {logging_mixin.py:188} INFO - [2024-06-14T02:32:39.822+0000] {dagbag.py:540} INFO - Filling up the DagBag from /home/airflow/.local/lib/python3.8/site-packages/airflow/example_dags/example_skip_dag.py
[2024-06-14T02:32:39.834+0000] {processor.py:840} INFO - DAG(s) 'example_skip_dag' retrieved from /home/airflow/.local/lib/python3.8/site-packages/airflow/example_dags/example_skip_dag.py
[2024-06-14T02:32:39.873+0000] {logging_mixin.py:188} INFO - [2024-06-14T02:32:39.873+0000] {dag.py:3047} INFO - Sync 1 DAGs
[2024-06-14T02:32:39.919+0000] {logging_mixin.py:188} INFO - [2024-06-14T02:32:39.918+0000] {dag.py:3834} INFO - Setting next_dagrun for example_skip_dag to 2024-06-13 00:00:00+00:00, run_after=2024-06-14 00:00:00+00:00
[2024-06-14T02:32:39.952+0000] {processor.py:183} INFO - Processing /home/airflow/.local/lib/python3.8/site-packages/airflow/example_dags/example_skip_dag.py took 0.143 seconds
[2024-06-14T02:33:10.333+0000] {processor.py:161} INFO - Started process (PID=2798) to work on /home/airflow/.local/lib/python3.8/site-packages/airflow/example_dags/example_skip_dag.py
[2024-06-14T02:33:10.335+0000] {processor.py:830} INFO - Processing file /home/airflow/.local/lib/python3.8/site-packages/airflow/example_dags/example_skip_dag.py for tasks to queue
[2024-06-14T02:33:10.338+0000] {logging_mixin.py:188} INFO - [2024-06-14T02:33:10.337+0000] {dagbag.py:540} INFO - Filling up the DagBag from /home/airflow/.local/lib/python3.8/site-packages/airflow/example_dags/example_skip_dag.py
[2024-06-14T02:33:10.347+0000] {processor.py:840} INFO - DAG(s) 'example_skip_dag' retrieved from /home/airflow/.local/lib/python3.8/site-packages/airflow/example_dags/example_skip_dag.py
[2024-06-14T02:33:10.376+0000] {logging_mixin.py:188} INFO - [2024-06-14T02:33:10.375+0000] {dag.py:3047} INFO - Sync 1 DAGs
[2024-06-14T02:33:10.404+0000] {logging_mixin.py:188} INFO - [2024-06-14T02:33:10.404+0000] {dag.py:3834} INFO - Setting next_dagrun for example_skip_dag to 2024-06-13 00:00:00+00:00, run_after=2024-06-14 00:00:00+00:00
[2024-06-14T02:33:10.432+0000] {processor.py:183} INFO - Processing /home/airflow/.local/lib/python3.8/site-packages/airflow/example_dags/example_skip_dag.py took 0.104 seconds
[2024-06-14T02:33:41.257+0000] {processor.py:161} INFO - Started process (PID=2859) to work on /home/airflow/.local/lib/python3.8/site-packages/airflow/example_dags/example_skip_dag.py
[2024-06-14T02:33:41.261+0000] {processor.py:830} INFO - Processing file /home/airflow/.local/lib/python3.8/site-packages/airflow/example_dags/example_skip_dag.py for tasks to queue
[2024-06-14T02:33:41.265+0000] {logging_mixin.py:188} INFO - [2024-06-14T02:33:41.264+0000] {dagbag.py:540} INFO - Filling up the DagBag from /home/airflow/.local/lib/python3.8/site-packages/airflow/example_dags/example_skip_dag.py
[2024-06-14T02:33:41.281+0000] {processor.py:840} INFO - DAG(s) 'example_skip_dag' retrieved from /home/airflow/.local/lib/python3.8/site-packages/airflow/example_dags/example_skip_dag.py
[2024-06-14T02:33:41.340+0000] {logging_mixin.py:188} INFO - [2024-06-14T02:33:41.339+0000] {dag.py:3047} INFO - Sync 1 DAGs
[2024-06-14T02:33:41.375+0000] {logging_mixin.py:188} INFO - [2024-06-14T02:33:41.374+0000] {dag.py:3834} INFO - Setting next_dagrun for example_skip_dag to 2024-06-13 00:00:00+00:00, run_after=2024-06-14 00:00:00+00:00
[2024-06-14T02:33:41.410+0000] {processor.py:183} INFO - Processing /home/airflow/.local/lib/python3.8/site-packages/airflow/example_dags/example_skip_dag.py took 0.159 seconds
[2024-06-14T02:34:12.184+0000] {processor.py:161} INFO - Started process (PID=2920) to work on /home/airflow/.local/lib/python3.8/site-packages/airflow/example_dags/example_skip_dag.py
[2024-06-14T02:34:12.188+0000] {processor.py:830} INFO - Processing file /home/airflow/.local/lib/python3.8/site-packages/airflow/example_dags/example_skip_dag.py for tasks to queue
[2024-06-14T02:34:12.193+0000] {logging_mixin.py:188} INFO - [2024-06-14T02:34:12.192+0000] {dagbag.py:540} INFO - Filling up the DagBag from /home/airflow/.local/lib/python3.8/site-packages/airflow/example_dags/example_skip_dag.py
[2024-06-14T02:34:12.213+0000] {processor.py:840} INFO - DAG(s) 'example_skip_dag' retrieved from /home/airflow/.local/lib/python3.8/site-packages/airflow/example_dags/example_skip_dag.py
[2024-06-14T02:34:12.290+0000] {logging_mixin.py:188} INFO - [2024-06-14T02:34:12.288+0000] {dag.py:3047} INFO - Sync 1 DAGs
[2024-06-14T02:34:12.409+0000] {logging_mixin.py:188} INFO - [2024-06-14T02:34:12.408+0000] {dag.py:3834} INFO - Setting next_dagrun for example_skip_dag to 2024-06-13 00:00:00+00:00, run_after=2024-06-14 00:00:00+00:00
[2024-06-14T02:34:12.453+0000] {processor.py:183} INFO - Processing /home/airflow/.local/lib/python3.8/site-packages/airflow/example_dags/example_skip_dag.py took 0.279 seconds
[2024-06-14T02:34:42.537+0000] {processor.py:161} INFO - Started process (PID=2982) to work on /home/airflow/.local/lib/python3.8/site-packages/airflow/example_dags/example_skip_dag.py
[2024-06-14T02:34:42.541+0000] {processor.py:830} INFO - Processing file /home/airflow/.local/lib/python3.8/site-packages/airflow/example_dags/example_skip_dag.py for tasks to queue
[2024-06-14T02:34:42.544+0000] {logging_mixin.py:188} INFO - [2024-06-14T02:34:42.544+0000] {dagbag.py:540} INFO - Filling up the DagBag from /home/airflow/.local/lib/python3.8/site-packages/airflow/example_dags/example_skip_dag.py
[2024-06-14T02:34:42.562+0000] {processor.py:840} INFO - DAG(s) 'example_skip_dag' retrieved from /home/airflow/.local/lib/python3.8/site-packages/airflow/example_dags/example_skip_dag.py
[2024-06-14T02:34:42.603+0000] {logging_mixin.py:188} INFO - [2024-06-14T02:34:42.602+0000] {dag.py:3047} INFO - Sync 1 DAGs
[2024-06-14T02:34:42.642+0000] {logging_mixin.py:188} INFO - [2024-06-14T02:34:42.641+0000] {dag.py:3834} INFO - Setting next_dagrun for example_skip_dag to 2024-06-13 00:00:00+00:00, run_after=2024-06-14 00:00:00+00:00
[2024-06-14T02:34:42.675+0000] {processor.py:183} INFO - Processing /home/airflow/.local/lib/python3.8/site-packages/airflow/example_dags/example_skip_dag.py took 0.142 seconds
[2024-06-14T02:35:13.041+0000] {processor.py:161} INFO - Started process (PID=3042) to work on /home/airflow/.local/lib/python3.8/site-packages/airflow/example_dags/example_skip_dag.py
[2024-06-14T02:35:13.042+0000] {processor.py:830} INFO - Processing file /home/airflow/.local/lib/python3.8/site-packages/airflow/example_dags/example_skip_dag.py for tasks to queue
[2024-06-14T02:35:13.045+0000] {logging_mixin.py:188} INFO - [2024-06-14T02:35:13.044+0000] {dagbag.py:540} INFO - Filling up the DagBag from /home/airflow/.local/lib/python3.8/site-packages/airflow/example_dags/example_skip_dag.py
[2024-06-14T02:35:13.055+0000] {processor.py:840} INFO - DAG(s) 'example_skip_dag' retrieved from /home/airflow/.local/lib/python3.8/site-packages/airflow/example_dags/example_skip_dag.py
[2024-06-14T02:35:13.088+0000] {logging_mixin.py:188} INFO - [2024-06-14T02:35:13.088+0000] {dag.py:3047} INFO - Sync 1 DAGs
[2024-06-14T02:35:13.116+0000] {logging_mixin.py:188} INFO - [2024-06-14T02:35:13.116+0000] {dag.py:3834} INFO - Setting next_dagrun for example_skip_dag to 2024-06-13 00:00:00+00:00, run_after=2024-06-14 00:00:00+00:00
[2024-06-14T02:35:13.142+0000] {processor.py:183} INFO - Processing /home/airflow/.local/lib/python3.8/site-packages/airflow/example_dags/example_skip_dag.py took 0.106 seconds
[2024-06-14T02:35:43.221+0000] {processor.py:161} INFO - Started process (PID=3103) to work on /home/airflow/.local/lib/python3.8/site-packages/airflow/example_dags/example_skip_dag.py
[2024-06-14T02:35:43.222+0000] {processor.py:830} INFO - Processing file /home/airflow/.local/lib/python3.8/site-packages/airflow/example_dags/example_skip_dag.py for tasks to queue
[2024-06-14T02:35:43.225+0000] {logging_mixin.py:188} INFO - [2024-06-14T02:35:43.225+0000] {dagbag.py:540} INFO - Filling up the DagBag from /home/airflow/.local/lib/python3.8/site-packages/airflow/example_dags/example_skip_dag.py
[2024-06-14T02:35:43.236+0000] {processor.py:840} INFO - DAG(s) 'example_skip_dag' retrieved from /home/airflow/.local/lib/python3.8/site-packages/airflow/example_dags/example_skip_dag.py
[2024-06-14T02:35:43.273+0000] {logging_mixin.py:188} INFO - [2024-06-14T02:35:43.273+0000] {dag.py:3047} INFO - Sync 1 DAGs
[2024-06-14T02:35:43.316+0000] {logging_mixin.py:188} INFO - [2024-06-14T02:35:43.315+0000] {dag.py:3834} INFO - Setting next_dagrun for example_skip_dag to 2024-06-13 00:00:00+00:00, run_after=2024-06-14 00:00:00+00:00
[2024-06-14T02:35:43.348+0000] {processor.py:183} INFO - Processing /home/airflow/.local/lib/python3.8/site-packages/airflow/example_dags/example_skip_dag.py took 0.132 seconds
[2024-06-14T02:36:14.153+0000] {processor.py:161} INFO - Started process (PID=3164) to work on /home/airflow/.local/lib/python3.8/site-packages/airflow/example_dags/example_skip_dag.py
[2024-06-14T02:36:14.155+0000] {processor.py:830} INFO - Processing file /home/airflow/.local/lib/python3.8/site-packages/airflow/example_dags/example_skip_dag.py for tasks to queue
[2024-06-14T02:36:14.157+0000] {logging_mixin.py:188} INFO - [2024-06-14T02:36:14.157+0000] {dagbag.py:540} INFO - Filling up the DagBag from /home/airflow/.local/lib/python3.8/site-packages/airflow/example_dags/example_skip_dag.py
[2024-06-14T02:36:14.164+0000] {processor.py:840} INFO - DAG(s) 'example_skip_dag' retrieved from /home/airflow/.local/lib/python3.8/site-packages/airflow/example_dags/example_skip_dag.py
[2024-06-14T02:36:14.193+0000] {logging_mixin.py:188} INFO - [2024-06-14T02:36:14.193+0000] {dag.py:3047} INFO - Sync 1 DAGs
[2024-06-14T02:36:14.221+0000] {logging_mixin.py:188} INFO - [2024-06-14T02:36:14.221+0000] {dag.py:3834} INFO - Setting next_dagrun for example_skip_dag to 2024-06-13 00:00:00+00:00, run_after=2024-06-14 00:00:00+00:00
[2024-06-14T02:36:14.252+0000] {processor.py:183} INFO - Processing /home/airflow/.local/lib/python3.8/site-packages/airflow/example_dags/example_skip_dag.py took 0.102 seconds
[2024-06-14T02:36:44.612+0000] {processor.py:161} INFO - Started process (PID=3224) to work on /home/airflow/.local/lib/python3.8/site-packages/airflow/example_dags/example_skip_dag.py
[2024-06-14T02:36:44.613+0000] {processor.py:830} INFO - Processing file /home/airflow/.local/lib/python3.8/site-packages/airflow/example_dags/example_skip_dag.py for tasks to queue
[2024-06-14T02:36:44.621+0000] {logging_mixin.py:188} INFO - [2024-06-14T02:36:44.620+0000] {dagbag.py:540} INFO - Filling up the DagBag from /home/airflow/.local/lib/python3.8/site-packages/airflow/example_dags/example_skip_dag.py
[2024-06-14T02:36:44.644+0000] {processor.py:840} INFO - DAG(s) 'example_skip_dag' retrieved from /home/airflow/.local/lib/python3.8/site-packages/airflow/example_dags/example_skip_dag.py
[2024-06-14T02:36:44.707+0000] {logging_mixin.py:188} INFO - [2024-06-14T02:36:44.707+0000] {dag.py:3047} INFO - Sync 1 DAGs
[2024-06-14T02:36:44.777+0000] {logging_mixin.py:188} INFO - [2024-06-14T02:36:44.776+0000] {dag.py:3834} INFO - Setting next_dagrun for example_skip_dag to 2024-06-13 00:00:00+00:00, run_after=2024-06-14 00:00:00+00:00
[2024-06-14T02:36:44.803+0000] {processor.py:183} INFO - Processing /home/airflow/.local/lib/python3.8/site-packages/airflow/example_dags/example_skip_dag.py took 0.196 seconds
[2024-06-14T02:37:15.637+0000] {processor.py:161} INFO - Started process (PID=3284) to work on /home/airflow/.local/lib/python3.8/site-packages/airflow/example_dags/example_skip_dag.py
[2024-06-14T02:37:15.639+0000] {processor.py:830} INFO - Processing file /home/airflow/.local/lib/python3.8/site-packages/airflow/example_dags/example_skip_dag.py for tasks to queue
[2024-06-14T02:37:15.642+0000] {logging_mixin.py:188} INFO - [2024-06-14T02:37:15.641+0000] {dagbag.py:540} INFO - Filling up the DagBag from /home/airflow/.local/lib/python3.8/site-packages/airflow/example_dags/example_skip_dag.py
[2024-06-14T02:37:15.649+0000] {processor.py:840} INFO - DAG(s) 'example_skip_dag' retrieved from /home/airflow/.local/lib/python3.8/site-packages/airflow/example_dags/example_skip_dag.py
[2024-06-14T02:37:15.683+0000] {logging_mixin.py:188} INFO - [2024-06-14T02:37:15.682+0000] {dag.py:3047} INFO - Sync 1 DAGs
[2024-06-14T02:37:15.717+0000] {logging_mixin.py:188} INFO - [2024-06-14T02:37:15.716+0000] {dag.py:3834} INFO - Setting next_dagrun for example_skip_dag to 2024-06-13 00:00:00+00:00, run_after=2024-06-14 00:00:00+00:00
[2024-06-14T02:37:15.746+0000] {processor.py:183} INFO - Processing /home/airflow/.local/lib/python3.8/site-packages/airflow/example_dags/example_skip_dag.py took 0.113 seconds
