[2024-06-14T02:10:33.089+0000] {processor.py:161} INFO - Started process (PID=80) to work on /home/airflow/.local/lib/python3.8/site-packages/airflow/example_dags/example_setup_teardown.py
[2024-06-14T02:10:33.096+0000] {processor.py:830} INFO - Processing file /home/airflow/.local/lib/python3.8/site-packages/airflow/example_dags/example_setup_teardown.py for tasks to queue
[2024-06-14T02:10:33.101+0000] {logging_mixin.py:188} INFO - [2024-06-14T02:10:33.100+0000] {dagbag.py:540} INFO - Filling up the DagBag from /home/airflow/.local/lib/python3.8/site-packages/airflow/example_dags/example_setup_teardown.py
[2024-06-14T02:10:33.141+0000] {processor.py:840} INFO - DAG(s) 'example_setup_teardown' retrieved from /home/airflow/.local/lib/python3.8/site-packages/airflow/example_dags/example_setup_teardown.py
[2024-06-14T02:10:33.205+0000] {logging_mixin.py:188} INFO - [2024-06-14T02:10:33.205+0000] {dag.py:3047} INFO - Sync 1 DAGs
[2024-06-14T02:10:33.255+0000] {logging_mixin.py:188} INFO - [2024-06-14T02:10:33.254+0000] {dag.py:3834} INFO - Setting next_dagrun for example_setup_teardown to 2024-06-13 00:00:00+00:00, run_after=2024-06-14 00:00:00+00:00
[2024-06-14T02:10:33.299+0000] {processor.py:183} INFO - Processing /home/airflow/.local/lib/python3.8/site-packages/airflow/example_dags/example_setup_teardown.py took 0.218 seconds
[2024-06-14T02:11:03.591+0000] {processor.py:161} INFO - Started process (PID=164) to work on /home/airflow/.local/lib/python3.8/site-packages/airflow/example_dags/example_setup_teardown.py
[2024-06-14T02:11:03.593+0000] {processor.py:830} INFO - Processing file /home/airflow/.local/lib/python3.8/site-packages/airflow/example_dags/example_setup_teardown.py for tasks to queue
[2024-06-14T02:11:03.597+0000] {logging_mixin.py:188} INFO - [2024-06-14T02:11:03.597+0000] {dagbag.py:540} INFO - Filling up the DagBag from /home/airflow/.local/lib/python3.8/site-packages/airflow/example_dags/example_setup_teardown.py
[2024-06-14T02:11:03.611+0000] {processor.py:840} INFO - DAG(s) 'example_setup_teardown' retrieved from /home/airflow/.local/lib/python3.8/site-packages/airflow/example_dags/example_setup_teardown.py
[2024-06-14T02:11:03.650+0000] {logging_mixin.py:188} INFO - [2024-06-14T02:11:03.650+0000] {dag.py:3047} INFO - Sync 1 DAGs
[2024-06-14T02:11:03.705+0000] {logging_mixin.py:188} INFO - [2024-06-14T02:11:03.705+0000] {dag.py:3834} INFO - Setting next_dagrun for example_setup_teardown to 2024-06-13 00:00:00+00:00, run_after=2024-06-14 00:00:00+00:00
[2024-06-14T02:11:03.744+0000] {processor.py:183} INFO - Processing /home/airflow/.local/lib/python3.8/site-packages/airflow/example_dags/example_setup_teardown.py took 0.160 seconds
[2024-06-14T02:11:34.264+0000] {processor.py:161} INFO - Started process (PID=234) to work on /home/airflow/.local/lib/python3.8/site-packages/airflow/example_dags/example_setup_teardown.py
[2024-06-14T02:11:34.266+0000] {processor.py:830} INFO - Processing file /home/airflow/.local/lib/python3.8/site-packages/airflow/example_dags/example_setup_teardown.py for tasks to queue
[2024-06-14T02:11:34.270+0000] {logging_mixin.py:188} INFO - [2024-06-14T02:11:34.269+0000] {dagbag.py:540} INFO - Filling up the DagBag from /home/airflow/.local/lib/python3.8/site-packages/airflow/example_dags/example_setup_teardown.py
[2024-06-14T02:11:34.277+0000] {processor.py:840} INFO - DAG(s) 'example_setup_teardown' retrieved from /home/airflow/.local/lib/python3.8/site-packages/airflow/example_dags/example_setup_teardown.py
[2024-06-14T02:11:34.307+0000] {logging_mixin.py:188} INFO - [2024-06-14T02:11:34.306+0000] {dag.py:3047} INFO - Sync 1 DAGs
[2024-06-14T02:11:34.343+0000] {logging_mixin.py:188} INFO - [2024-06-14T02:11:34.343+0000] {dag.py:3834} INFO - Setting next_dagrun for example_setup_teardown to 2024-06-13 00:00:00+00:00, run_after=2024-06-14 00:00:00+00:00
[2024-06-14T02:11:34.381+0000] {processor.py:183} INFO - Processing /home/airflow/.local/lib/python3.8/site-packages/airflow/example_dags/example_setup_teardown.py took 0.123 seconds
[2024-06-14T02:12:05.169+0000] {processor.py:161} INFO - Started process (PID=303) to work on /home/airflow/.local/lib/python3.8/site-packages/airflow/example_dags/example_setup_teardown.py
[2024-06-14T02:12:05.171+0000] {processor.py:830} INFO - Processing file /home/airflow/.local/lib/python3.8/site-packages/airflow/example_dags/example_setup_teardown.py for tasks to queue
[2024-06-14T02:12:05.175+0000] {logging_mixin.py:188} INFO - [2024-06-14T02:12:05.175+0000] {dagbag.py:540} INFO - Filling up the DagBag from /home/airflow/.local/lib/python3.8/site-packages/airflow/example_dags/example_setup_teardown.py
[2024-06-14T02:12:05.186+0000] {processor.py:840} INFO - DAG(s) 'example_setup_teardown' retrieved from /home/airflow/.local/lib/python3.8/site-packages/airflow/example_dags/example_setup_teardown.py
[2024-06-14T02:12:05.215+0000] {logging_mixin.py:188} INFO - [2024-06-14T02:12:05.215+0000] {dag.py:3047} INFO - Sync 1 DAGs
[2024-06-14T02:12:05.247+0000] {logging_mixin.py:188} INFO - [2024-06-14T02:12:05.247+0000] {dag.py:3834} INFO - Setting next_dagrun for example_setup_teardown to 2024-06-13 00:00:00+00:00, run_after=2024-06-14 00:00:00+00:00
[2024-06-14T02:12:05.269+0000] {processor.py:183} INFO - Processing /home/airflow/.local/lib/python3.8/site-packages/airflow/example_dags/example_setup_teardown.py took 0.104 seconds
[2024-06-14T02:12:35.566+0000] {processor.py:161} INFO - Started process (PID=364) to work on /home/airflow/.local/lib/python3.8/site-packages/airflow/example_dags/example_setup_teardown.py
[2024-06-14T02:12:35.568+0000] {processor.py:830} INFO - Processing file /home/airflow/.local/lib/python3.8/site-packages/airflow/example_dags/example_setup_teardown.py for tasks to queue
[2024-06-14T02:12:35.573+0000] {logging_mixin.py:188} INFO - [2024-06-14T02:12:35.572+0000] {dagbag.py:540} INFO - Filling up the DagBag from /home/airflow/.local/lib/python3.8/site-packages/airflow/example_dags/example_setup_teardown.py
[2024-06-14T02:12:35.582+0000] {processor.py:840} INFO - DAG(s) 'example_setup_teardown' retrieved from /home/airflow/.local/lib/python3.8/site-packages/airflow/example_dags/example_setup_teardown.py
[2024-06-14T02:12:35.607+0000] {logging_mixin.py:188} INFO - [2024-06-14T02:12:35.607+0000] {dag.py:3047} INFO - Sync 1 DAGs
[2024-06-14T02:12:35.634+0000] {logging_mixin.py:188} INFO - [2024-06-14T02:12:35.634+0000] {dag.py:3834} INFO - Setting next_dagrun for example_setup_teardown to 2024-06-13 00:00:00+00:00, run_after=2024-06-14 00:00:00+00:00
[2024-06-14T02:12:35.658+0000] {processor.py:183} INFO - Processing /home/airflow/.local/lib/python3.8/site-packages/airflow/example_dags/example_setup_teardown.py took 0.096 seconds
[2024-06-14T02:13:05.988+0000] {processor.py:161} INFO - Started process (PID=425) to work on /home/airflow/.local/lib/python3.8/site-packages/airflow/example_dags/example_setup_teardown.py
[2024-06-14T02:13:05.989+0000] {processor.py:830} INFO - Processing file /home/airflow/.local/lib/python3.8/site-packages/airflow/example_dags/example_setup_teardown.py for tasks to queue
[2024-06-14T02:13:05.992+0000] {logging_mixin.py:188} INFO - [2024-06-14T02:13:05.992+0000] {dagbag.py:540} INFO - Filling up the DagBag from /home/airflow/.local/lib/python3.8/site-packages/airflow/example_dags/example_setup_teardown.py
[2024-06-14T02:13:06.001+0000] {processor.py:840} INFO - DAG(s) 'example_setup_teardown' retrieved from /home/airflow/.local/lib/python3.8/site-packages/airflow/example_dags/example_setup_teardown.py
[2024-06-14T02:13:06.028+0000] {logging_mixin.py:188} INFO - [2024-06-14T02:13:06.028+0000] {dag.py:3047} INFO - Sync 1 DAGs
[2024-06-14T02:13:06.062+0000] {logging_mixin.py:188} INFO - [2024-06-14T02:13:06.061+0000] {dag.py:3834} INFO - Setting next_dagrun for example_setup_teardown to 2024-06-13 00:00:00+00:00, run_after=2024-06-14 00:00:00+00:00
[2024-06-14T02:13:06.087+0000] {processor.py:183} INFO - Processing /home/airflow/.local/lib/python3.8/site-packages/airflow/example_dags/example_setup_teardown.py took 0.104 seconds
[2024-06-14T02:13:36.535+0000] {processor.py:161} INFO - Started process (PID=486) to work on /home/airflow/.local/lib/python3.8/site-packages/airflow/example_dags/example_setup_teardown.py
[2024-06-14T02:13:36.537+0000] {processor.py:830} INFO - Processing file /home/airflow/.local/lib/python3.8/site-packages/airflow/example_dags/example_setup_teardown.py for tasks to queue
[2024-06-14T02:13:36.541+0000] {logging_mixin.py:188} INFO - [2024-06-14T02:13:36.540+0000] {dagbag.py:540} INFO - Filling up the DagBag from /home/airflow/.local/lib/python3.8/site-packages/airflow/example_dags/example_setup_teardown.py
[2024-06-14T02:13:36.552+0000] {processor.py:840} INFO - DAG(s) 'example_setup_teardown' retrieved from /home/airflow/.local/lib/python3.8/site-packages/airflow/example_dags/example_setup_teardown.py
[2024-06-14T02:13:36.584+0000] {logging_mixin.py:188} INFO - [2024-06-14T02:13:36.583+0000] {dag.py:3047} INFO - Sync 1 DAGs
[2024-06-14T02:13:36.615+0000] {logging_mixin.py:188} INFO - [2024-06-14T02:13:36.614+0000] {dag.py:3834} INFO - Setting next_dagrun for example_setup_teardown to 2024-06-13 00:00:00+00:00, run_after=2024-06-14 00:00:00+00:00
[2024-06-14T02:13:36.650+0000] {processor.py:183} INFO - Processing /home/airflow/.local/lib/python3.8/site-packages/airflow/example_dags/example_setup_teardown.py took 0.120 seconds
[2024-06-14T02:14:07.782+0000] {processor.py:161} INFO - Started process (PID=548) to work on /home/airflow/.local/lib/python3.8/site-packages/airflow/example_dags/example_setup_teardown.py
[2024-06-14T02:14:07.783+0000] {processor.py:830} INFO - Processing file /home/airflow/.local/lib/python3.8/site-packages/airflow/example_dags/example_setup_teardown.py for tasks to queue
[2024-06-14T02:14:07.786+0000] {logging_mixin.py:188} INFO - [2024-06-14T02:14:07.785+0000] {dagbag.py:540} INFO - Filling up the DagBag from /home/airflow/.local/lib/python3.8/site-packages/airflow/example_dags/example_setup_teardown.py
[2024-06-14T02:14:07.797+0000] {processor.py:840} INFO - DAG(s) 'example_setup_teardown' retrieved from /home/airflow/.local/lib/python3.8/site-packages/airflow/example_dags/example_setup_teardown.py
[2024-06-14T02:14:07.828+0000] {logging_mixin.py:188} INFO - [2024-06-14T02:14:07.828+0000] {dag.py:3047} INFO - Sync 1 DAGs
[2024-06-14T02:14:07.852+0000] {logging_mixin.py:188} INFO - [2024-06-14T02:14:07.852+0000] {dag.py:3834} INFO - Setting next_dagrun for example_setup_teardown to 2024-06-13 00:00:00+00:00, run_after=2024-06-14 00:00:00+00:00
[2024-06-14T02:14:07.872+0000] {processor.py:183} INFO - Processing /home/airflow/.local/lib/python3.8/site-packages/airflow/example_dags/example_setup_teardown.py took 0.095 seconds
[2024-06-14T02:14:41.156+0000] {processor.py:161} INFO - Started process (PID=609) to work on /home/airflow/.local/lib/python3.8/site-packages/airflow/example_dags/example_setup_teardown.py
[2024-06-14T02:14:41.157+0000] {processor.py:830} INFO - Processing file /home/airflow/.local/lib/python3.8/site-packages/airflow/example_dags/example_setup_teardown.py for tasks to queue
[2024-06-14T02:14:41.160+0000] {logging_mixin.py:188} INFO - [2024-06-14T02:14:41.160+0000] {dagbag.py:540} INFO - Filling up the DagBag from /home/airflow/.local/lib/python3.8/site-packages/airflow/example_dags/example_setup_teardown.py
[2024-06-14T02:14:41.171+0000] {processor.py:840} INFO - DAG(s) 'example_setup_teardown' retrieved from /home/airflow/.local/lib/python3.8/site-packages/airflow/example_dags/example_setup_teardown.py
[2024-06-14T02:14:41.200+0000] {logging_mixin.py:188} INFO - [2024-06-14T02:14:41.199+0000] {dag.py:3047} INFO - Sync 1 DAGs
[2024-06-14T02:14:41.243+0000] {logging_mixin.py:188} INFO - [2024-06-14T02:14:41.243+0000] {dag.py:3834} INFO - Setting next_dagrun for example_setup_teardown to 2024-06-13 00:00:00+00:00, run_after=2024-06-14 00:00:00+00:00
[2024-06-14T02:14:41.302+0000] {processor.py:183} INFO - Processing /home/airflow/.local/lib/python3.8/site-packages/airflow/example_dags/example_setup_teardown.py took 0.151 seconds
[2024-06-14T02:15:12.330+0000] {processor.py:161} INFO - Started process (PID=670) to work on /home/airflow/.local/lib/python3.8/site-packages/airflow/example_dags/example_setup_teardown.py
[2024-06-14T02:15:12.332+0000] {processor.py:830} INFO - Processing file /home/airflow/.local/lib/python3.8/site-packages/airflow/example_dags/example_setup_teardown.py for tasks to queue
[2024-06-14T02:15:12.336+0000] {logging_mixin.py:188} INFO - [2024-06-14T02:15:12.335+0000] {dagbag.py:540} INFO - Filling up the DagBag from /home/airflow/.local/lib/python3.8/site-packages/airflow/example_dags/example_setup_teardown.py
[2024-06-14T02:15:12.346+0000] {processor.py:840} INFO - DAG(s) 'example_setup_teardown' retrieved from /home/airflow/.local/lib/python3.8/site-packages/airflow/example_dags/example_setup_teardown.py
[2024-06-14T02:15:12.373+0000] {logging_mixin.py:188} INFO - [2024-06-14T02:15:12.373+0000] {dag.py:3047} INFO - Sync 1 DAGs
[2024-06-14T02:15:12.405+0000] {logging_mixin.py:188} INFO - [2024-06-14T02:15:12.405+0000] {dag.py:3834} INFO - Setting next_dagrun for example_setup_teardown to 2024-06-13 00:00:00+00:00, run_after=2024-06-14 00:00:00+00:00
[2024-06-14T02:15:12.436+0000] {processor.py:183} INFO - Processing /home/airflow/.local/lib/python3.8/site-packages/airflow/example_dags/example_setup_teardown.py took 0.112 seconds
[2024-06-14T02:15:43.179+0000] {processor.py:161} INFO - Started process (PID=731) to work on /home/airflow/.local/lib/python3.8/site-packages/airflow/example_dags/example_setup_teardown.py
[2024-06-14T02:15:43.181+0000] {processor.py:830} INFO - Processing file /home/airflow/.local/lib/python3.8/site-packages/airflow/example_dags/example_setup_teardown.py for tasks to queue
[2024-06-14T02:15:43.183+0000] {logging_mixin.py:188} INFO - [2024-06-14T02:15:43.183+0000] {dagbag.py:540} INFO - Filling up the DagBag from /home/airflow/.local/lib/python3.8/site-packages/airflow/example_dags/example_setup_teardown.py
[2024-06-14T02:15:43.196+0000] {processor.py:840} INFO - DAG(s) 'example_setup_teardown' retrieved from /home/airflow/.local/lib/python3.8/site-packages/airflow/example_dags/example_setup_teardown.py
[2024-06-14T02:15:43.229+0000] {logging_mixin.py:188} INFO - [2024-06-14T02:15:43.229+0000] {dag.py:3047} INFO - Sync 1 DAGs
[2024-06-14T02:15:43.272+0000] {logging_mixin.py:188} INFO - [2024-06-14T02:15:43.271+0000] {dag.py:3834} INFO - Setting next_dagrun for example_setup_teardown to 2024-06-13 00:00:00+00:00, run_after=2024-06-14 00:00:00+00:00
[2024-06-14T02:15:43.302+0000] {processor.py:183} INFO - Processing /home/airflow/.local/lib/python3.8/site-packages/airflow/example_dags/example_setup_teardown.py took 0.128 seconds
[2024-06-14T02:16:15.508+0000] {processor.py:161} INFO - Started process (PID=791) to work on /home/airflow/.local/lib/python3.8/site-packages/airflow/example_dags/example_setup_teardown.py
[2024-06-14T02:16:15.510+0000] {processor.py:830} INFO - Processing file /home/airflow/.local/lib/python3.8/site-packages/airflow/example_dags/example_setup_teardown.py for tasks to queue
[2024-06-14T02:16:15.514+0000] {logging_mixin.py:188} INFO - [2024-06-14T02:16:15.513+0000] {dagbag.py:540} INFO - Filling up the DagBag from /home/airflow/.local/lib/python3.8/site-packages/airflow/example_dags/example_setup_teardown.py
[2024-06-14T02:16:15.527+0000] {processor.py:840} INFO - DAG(s) 'example_setup_teardown' retrieved from /home/airflow/.local/lib/python3.8/site-packages/airflow/example_dags/example_setup_teardown.py
[2024-06-14T02:16:15.574+0000] {logging_mixin.py:188} INFO - [2024-06-14T02:16:15.573+0000] {dag.py:3047} INFO - Sync 1 DAGs
[2024-06-14T02:16:15.623+0000] {logging_mixin.py:188} INFO - [2024-06-14T02:16:15.623+0000] {dag.py:3834} INFO - Setting next_dagrun for example_setup_teardown to 2024-06-13 00:00:00+00:00, run_after=2024-06-14 00:00:00+00:00
[2024-06-14T02:16:15.671+0000] {processor.py:183} INFO - Processing /home/airflow/.local/lib/python3.8/site-packages/airflow/example_dags/example_setup_teardown.py took 0.167 seconds
[2024-06-14T02:16:49.830+0000] {processor.py:161} INFO - Started process (PID=853) to work on /home/airflow/.local/lib/python3.8/site-packages/airflow/example_dags/example_setup_teardown.py
[2024-06-14T02:16:49.859+0000] {processor.py:830} INFO - Processing file /home/airflow/.local/lib/python3.8/site-packages/airflow/example_dags/example_setup_teardown.py for tasks to queue
[2024-06-14T02:16:49.861+0000] {logging_mixin.py:188} INFO - [2024-06-14T02:16:49.861+0000] {dagbag.py:540} INFO - Filling up the DagBag from /home/airflow/.local/lib/python3.8/site-packages/airflow/example_dags/example_setup_teardown.py
[2024-06-14T02:16:49.870+0000] {processor.py:840} INFO - DAG(s) 'example_setup_teardown' retrieved from /home/airflow/.local/lib/python3.8/site-packages/airflow/example_dags/example_setup_teardown.py
[2024-06-14T02:16:49.900+0000] {logging_mixin.py:188} INFO - [2024-06-14T02:16:49.899+0000] {dag.py:3047} INFO - Sync 1 DAGs
[2024-06-14T02:16:49.930+0000] {logging_mixin.py:188} INFO - [2024-06-14T02:16:49.930+0000] {dag.py:3834} INFO - Setting next_dagrun for example_setup_teardown to 2024-06-13 00:00:00+00:00, run_after=2024-06-14 00:00:00+00:00
[2024-06-14T02:16:50.027+0000] {processor.py:183} INFO - Processing /home/airflow/.local/lib/python3.8/site-packages/airflow/example_dags/example_setup_teardown.py took 0.201 seconds
[2024-06-14T02:17:20.164+0000] {processor.py:161} INFO - Started process (PID=914) to work on /home/airflow/.local/lib/python3.8/site-packages/airflow/example_dags/example_setup_teardown.py
[2024-06-14T02:17:20.166+0000] {processor.py:830} INFO - Processing file /home/airflow/.local/lib/python3.8/site-packages/airflow/example_dags/example_setup_teardown.py for tasks to queue
[2024-06-14T02:17:20.172+0000] {logging_mixin.py:188} INFO - [2024-06-14T02:17:20.171+0000] {dagbag.py:540} INFO - Filling up the DagBag from /home/airflow/.local/lib/python3.8/site-packages/airflow/example_dags/example_setup_teardown.py
[2024-06-14T02:17:20.185+0000] {processor.py:840} INFO - DAG(s) 'example_setup_teardown' retrieved from /home/airflow/.local/lib/python3.8/site-packages/airflow/example_dags/example_setup_teardown.py
[2024-06-14T02:17:20.232+0000] {logging_mixin.py:188} INFO - [2024-06-14T02:17:20.232+0000] {dag.py:3047} INFO - Sync 1 DAGs
[2024-06-14T02:17:20.299+0000] {logging_mixin.py:188} INFO - [2024-06-14T02:17:20.298+0000] {dag.py:3834} INFO - Setting next_dagrun for example_setup_teardown to 2024-06-13 00:00:00+00:00, run_after=2024-06-14 00:00:00+00:00
[2024-06-14T02:17:20.365+0000] {processor.py:183} INFO - Processing /home/airflow/.local/lib/python3.8/site-packages/airflow/example_dags/example_setup_teardown.py took 0.206 seconds
[2024-06-14T02:17:50.636+0000] {processor.py:161} INFO - Started process (PID=975) to work on /home/airflow/.local/lib/python3.8/site-packages/airflow/example_dags/example_setup_teardown.py
[2024-06-14T02:17:50.638+0000] {processor.py:830} INFO - Processing file /home/airflow/.local/lib/python3.8/site-packages/airflow/example_dags/example_setup_teardown.py for tasks to queue
[2024-06-14T02:17:50.643+0000] {logging_mixin.py:188} INFO - [2024-06-14T02:17:50.642+0000] {dagbag.py:540} INFO - Filling up the DagBag from /home/airflow/.local/lib/python3.8/site-packages/airflow/example_dags/example_setup_teardown.py
[2024-06-14T02:17:50.655+0000] {processor.py:840} INFO - DAG(s) 'example_setup_teardown' retrieved from /home/airflow/.local/lib/python3.8/site-packages/airflow/example_dags/example_setup_teardown.py
[2024-06-14T02:17:50.691+0000] {logging_mixin.py:188} INFO - [2024-06-14T02:17:50.691+0000] {dag.py:3047} INFO - Sync 1 DAGs
[2024-06-14T02:17:50.727+0000] {logging_mixin.py:188} INFO - [2024-06-14T02:17:50.727+0000] {dag.py:3834} INFO - Setting next_dagrun for example_setup_teardown to 2024-06-13 00:00:00+00:00, run_after=2024-06-14 00:00:00+00:00
[2024-06-14T02:17:50.764+0000] {processor.py:183} INFO - Processing /home/airflow/.local/lib/python3.8/site-packages/airflow/example_dags/example_setup_teardown.py took 0.132 seconds
[2024-06-14T02:18:21.085+0000] {processor.py:161} INFO - Started process (PID=1036) to work on /home/airflow/.local/lib/python3.8/site-packages/airflow/example_dags/example_setup_teardown.py
[2024-06-14T02:18:21.087+0000] {processor.py:830} INFO - Processing file /home/airflow/.local/lib/python3.8/site-packages/airflow/example_dags/example_setup_teardown.py for tasks to queue
[2024-06-14T02:18:21.091+0000] {logging_mixin.py:188} INFO - [2024-06-14T02:18:21.090+0000] {dagbag.py:540} INFO - Filling up the DagBag from /home/airflow/.local/lib/python3.8/site-packages/airflow/example_dags/example_setup_teardown.py
[2024-06-14T02:18:21.104+0000] {processor.py:840} INFO - DAG(s) 'example_setup_teardown' retrieved from /home/airflow/.local/lib/python3.8/site-packages/airflow/example_dags/example_setup_teardown.py
[2024-06-14T02:18:21.141+0000] {logging_mixin.py:188} INFO - [2024-06-14T02:18:21.141+0000] {dag.py:3047} INFO - Sync 1 DAGs
[2024-06-14T02:18:21.183+0000] {logging_mixin.py:188} INFO - [2024-06-14T02:18:21.182+0000] {dag.py:3834} INFO - Setting next_dagrun for example_setup_teardown to 2024-06-13 00:00:00+00:00, run_after=2024-06-14 00:00:00+00:00
[2024-06-14T02:18:21.245+0000] {processor.py:183} INFO - Processing /home/airflow/.local/lib/python3.8/site-packages/airflow/example_dags/example_setup_teardown.py took 0.163 seconds
[2024-06-14T02:18:51.955+0000] {processor.py:161} INFO - Started process (PID=1097) to work on /home/airflow/.local/lib/python3.8/site-packages/airflow/example_dags/example_setup_teardown.py
[2024-06-14T02:18:51.956+0000] {processor.py:830} INFO - Processing file /home/airflow/.local/lib/python3.8/site-packages/airflow/example_dags/example_setup_teardown.py for tasks to queue
[2024-06-14T02:18:51.959+0000] {logging_mixin.py:188} INFO - [2024-06-14T02:18:51.958+0000] {dagbag.py:540} INFO - Filling up the DagBag from /home/airflow/.local/lib/python3.8/site-packages/airflow/example_dags/example_setup_teardown.py
[2024-06-14T02:18:51.967+0000] {processor.py:840} INFO - DAG(s) 'example_setup_teardown' retrieved from /home/airflow/.local/lib/python3.8/site-packages/airflow/example_dags/example_setup_teardown.py
[2024-06-14T02:18:51.994+0000] {logging_mixin.py:188} INFO - [2024-06-14T02:18:51.994+0000] {dag.py:3047} INFO - Sync 1 DAGs
[2024-06-14T02:18:52.018+0000] {logging_mixin.py:188} INFO - [2024-06-14T02:18:52.018+0000] {dag.py:3834} INFO - Setting next_dagrun for example_setup_teardown to 2024-06-13 00:00:00+00:00, run_after=2024-06-14 00:00:00+00:00
[2024-06-14T02:18:52.047+0000] {processor.py:183} INFO - Processing /home/airflow/.local/lib/python3.8/site-packages/airflow/example_dags/example_setup_teardown.py took 0.097 seconds
[2024-06-14T02:19:23.451+0000] {processor.py:161} INFO - Started process (PID=1158) to work on /home/airflow/.local/lib/python3.8/site-packages/airflow/example_dags/example_setup_teardown.py
[2024-06-14T02:19:23.452+0000] {processor.py:830} INFO - Processing file /home/airflow/.local/lib/python3.8/site-packages/airflow/example_dags/example_setup_teardown.py for tasks to queue
[2024-06-14T02:19:23.455+0000] {logging_mixin.py:188} INFO - [2024-06-14T02:19:23.454+0000] {dagbag.py:540} INFO - Filling up the DagBag from /home/airflow/.local/lib/python3.8/site-packages/airflow/example_dags/example_setup_teardown.py
[2024-06-14T02:19:23.463+0000] {processor.py:840} INFO - DAG(s) 'example_setup_teardown' retrieved from /home/airflow/.local/lib/python3.8/site-packages/airflow/example_dags/example_setup_teardown.py
[2024-06-14T02:19:23.489+0000] {logging_mixin.py:188} INFO - [2024-06-14T02:19:23.489+0000] {dag.py:3047} INFO - Sync 1 DAGs
[2024-06-14T02:19:23.521+0000] {logging_mixin.py:188} INFO - [2024-06-14T02:19:23.520+0000] {dag.py:3834} INFO - Setting next_dagrun for example_setup_teardown to 2024-06-13 00:00:00+00:00, run_after=2024-06-14 00:00:00+00:00
[2024-06-14T02:19:23.546+0000] {processor.py:183} INFO - Processing /home/airflow/.local/lib/python3.8/site-packages/airflow/example_dags/example_setup_teardown.py took 0.099 seconds
[2024-06-14T02:19:55.059+0000] {processor.py:161} INFO - Started process (PID=1219) to work on /home/airflow/.local/lib/python3.8/site-packages/airflow/example_dags/example_setup_teardown.py
[2024-06-14T02:19:55.060+0000] {processor.py:830} INFO - Processing file /home/airflow/.local/lib/python3.8/site-packages/airflow/example_dags/example_setup_teardown.py for tasks to queue
[2024-06-14T02:19:55.063+0000] {logging_mixin.py:188} INFO - [2024-06-14T02:19:55.062+0000] {dagbag.py:540} INFO - Filling up the DagBag from /home/airflow/.local/lib/python3.8/site-packages/airflow/example_dags/example_setup_teardown.py
[2024-06-14T02:19:55.073+0000] {processor.py:840} INFO - DAG(s) 'example_setup_teardown' retrieved from /home/airflow/.local/lib/python3.8/site-packages/airflow/example_dags/example_setup_teardown.py
[2024-06-14T02:19:55.102+0000] {logging_mixin.py:188} INFO - [2024-06-14T02:19:55.101+0000] {dag.py:3047} INFO - Sync 1 DAGs
[2024-06-14T02:19:55.133+0000] {logging_mixin.py:188} INFO - [2024-06-14T02:19:55.132+0000] {dag.py:3834} INFO - Setting next_dagrun for example_setup_teardown to 2024-06-13 00:00:00+00:00, run_after=2024-06-14 00:00:00+00:00
[2024-06-14T02:19:55.155+0000] {processor.py:183} INFO - Processing /home/airflow/.local/lib/python3.8/site-packages/airflow/example_dags/example_setup_teardown.py took 0.101 seconds
[2024-06-14T02:20:27.253+0000] {processor.py:161} INFO - Started process (PID=1280) to work on /home/airflow/.local/lib/python3.8/site-packages/airflow/example_dags/example_setup_teardown.py
[2024-06-14T02:20:27.255+0000] {processor.py:830} INFO - Processing file /home/airflow/.local/lib/python3.8/site-packages/airflow/example_dags/example_setup_teardown.py for tasks to queue
[2024-06-14T02:20:27.259+0000] {logging_mixin.py:188} INFO - [2024-06-14T02:20:27.258+0000] {dagbag.py:540} INFO - Filling up the DagBag from /home/airflow/.local/lib/python3.8/site-packages/airflow/example_dags/example_setup_teardown.py
[2024-06-14T02:20:27.269+0000] {processor.py:840} INFO - DAG(s) 'example_setup_teardown' retrieved from /home/airflow/.local/lib/python3.8/site-packages/airflow/example_dags/example_setup_teardown.py
[2024-06-14T02:20:27.304+0000] {logging_mixin.py:188} INFO - [2024-06-14T02:20:27.303+0000] {dag.py:3047} INFO - Sync 1 DAGs
[2024-06-14T02:20:27.340+0000] {logging_mixin.py:188} INFO - [2024-06-14T02:20:27.339+0000] {dag.py:3834} INFO - Setting next_dagrun for example_setup_teardown to 2024-06-13 00:00:00+00:00, run_after=2024-06-14 00:00:00+00:00
[2024-06-14T02:20:27.381+0000] {processor.py:183} INFO - Processing /home/airflow/.local/lib/python3.8/site-packages/airflow/example_dags/example_setup_teardown.py took 0.133 seconds
[2024-06-14T02:20:57.763+0000] {processor.py:161} INFO - Started process (PID=1341) to work on /home/airflow/.local/lib/python3.8/site-packages/airflow/example_dags/example_setup_teardown.py
[2024-06-14T02:20:57.764+0000] {processor.py:830} INFO - Processing file /home/airflow/.local/lib/python3.8/site-packages/airflow/example_dags/example_setup_teardown.py for tasks to queue
[2024-06-14T02:20:57.766+0000] {logging_mixin.py:188} INFO - [2024-06-14T02:20:57.766+0000] {dagbag.py:540} INFO - Filling up the DagBag from /home/airflow/.local/lib/python3.8/site-packages/airflow/example_dags/example_setup_teardown.py
[2024-06-14T02:20:57.776+0000] {processor.py:840} INFO - DAG(s) 'example_setup_teardown' retrieved from /home/airflow/.local/lib/python3.8/site-packages/airflow/example_dags/example_setup_teardown.py
[2024-06-14T02:20:57.802+0000] {logging_mixin.py:188} INFO - [2024-06-14T02:20:57.801+0000] {dag.py:3047} INFO - Sync 1 DAGs
[2024-06-14T02:20:57.833+0000] {logging_mixin.py:188} INFO - [2024-06-14T02:20:57.832+0000] {dag.py:3834} INFO - Setting next_dagrun for example_setup_teardown to 2024-06-13 00:00:00+00:00, run_after=2024-06-14 00:00:00+00:00
[2024-06-14T02:20:57.862+0000] {processor.py:183} INFO - Processing /home/airflow/.local/lib/python3.8/site-packages/airflow/example_dags/example_setup_teardown.py took 0.103 seconds
[2024-06-14T02:21:28.952+0000] {processor.py:161} INFO - Started process (PID=1402) to work on /home/airflow/.local/lib/python3.8/site-packages/airflow/example_dags/example_setup_teardown.py
[2024-06-14T02:21:28.956+0000] {processor.py:830} INFO - Processing file /home/airflow/.local/lib/python3.8/site-packages/airflow/example_dags/example_setup_teardown.py for tasks to queue
[2024-06-14T02:21:28.962+0000] {logging_mixin.py:188} INFO - [2024-06-14T02:21:28.962+0000] {dagbag.py:540} INFO - Filling up the DagBag from /home/airflow/.local/lib/python3.8/site-packages/airflow/example_dags/example_setup_teardown.py
[2024-06-14T02:21:28.979+0000] {processor.py:840} INFO - DAG(s) 'example_setup_teardown' retrieved from /home/airflow/.local/lib/python3.8/site-packages/airflow/example_dags/example_setup_teardown.py
[2024-06-14T02:21:29.026+0000] {logging_mixin.py:188} INFO - [2024-06-14T02:21:29.025+0000] {dag.py:3047} INFO - Sync 1 DAGs
[2024-06-14T02:21:29.075+0000] {logging_mixin.py:188} INFO - [2024-06-14T02:21:29.074+0000] {dag.py:3834} INFO - Setting next_dagrun for example_setup_teardown to 2024-06-13 00:00:00+00:00, run_after=2024-06-14 00:00:00+00:00
[2024-06-14T02:21:29.111+0000] {processor.py:183} INFO - Processing /home/airflow/.local/lib/python3.8/site-packages/airflow/example_dags/example_setup_teardown.py took 0.166 seconds
[2024-06-14T02:21:59.401+0000] {processor.py:161} INFO - Started process (PID=1461) to work on /home/airflow/.local/lib/python3.8/site-packages/airflow/example_dags/example_setup_teardown.py
[2024-06-14T02:21:59.402+0000] {processor.py:830} INFO - Processing file /home/airflow/.local/lib/python3.8/site-packages/airflow/example_dags/example_setup_teardown.py for tasks to queue
[2024-06-14T02:21:59.404+0000] {logging_mixin.py:188} INFO - [2024-06-14T02:21:59.404+0000] {dagbag.py:540} INFO - Filling up the DagBag from /home/airflow/.local/lib/python3.8/site-packages/airflow/example_dags/example_setup_teardown.py
[2024-06-14T02:21:59.413+0000] {processor.py:840} INFO - DAG(s) 'example_setup_teardown' retrieved from /home/airflow/.local/lib/python3.8/site-packages/airflow/example_dags/example_setup_teardown.py
[2024-06-14T02:21:59.437+0000] {logging_mixin.py:188} INFO - [2024-06-14T02:21:59.437+0000] {dag.py:3047} INFO - Sync 1 DAGs
[2024-06-14T02:21:59.461+0000] {logging_mixin.py:188} INFO - [2024-06-14T02:21:59.461+0000] {dag.py:3834} INFO - Setting next_dagrun for example_setup_teardown to 2024-06-13 00:00:00+00:00, run_after=2024-06-14 00:00:00+00:00
[2024-06-14T02:21:59.489+0000] {processor.py:183} INFO - Processing /home/airflow/.local/lib/python3.8/site-packages/airflow/example_dags/example_setup_teardown.py took 0.092 seconds
[2024-06-14T02:22:30.456+0000] {processor.py:161} INFO - Started process (PID=1522) to work on /home/airflow/.local/lib/python3.8/site-packages/airflow/example_dags/example_setup_teardown.py
[2024-06-14T02:22:30.457+0000] {processor.py:830} INFO - Processing file /home/airflow/.local/lib/python3.8/site-packages/airflow/example_dags/example_setup_teardown.py for tasks to queue
[2024-06-14T02:22:30.460+0000] {logging_mixin.py:188} INFO - [2024-06-14T02:22:30.459+0000] {dagbag.py:540} INFO - Filling up the DagBag from /home/airflow/.local/lib/python3.8/site-packages/airflow/example_dags/example_setup_teardown.py
[2024-06-14T02:22:30.469+0000] {processor.py:840} INFO - DAG(s) 'example_setup_teardown' retrieved from /home/airflow/.local/lib/python3.8/site-packages/airflow/example_dags/example_setup_teardown.py
[2024-06-14T02:22:30.498+0000] {logging_mixin.py:188} INFO - [2024-06-14T02:22:30.497+0000] {dag.py:3047} INFO - Sync 1 DAGs
[2024-06-14T02:22:30.524+0000] {logging_mixin.py:188} INFO - [2024-06-14T02:22:30.524+0000] {dag.py:3834} INFO - Setting next_dagrun for example_setup_teardown to 2024-06-13 00:00:00+00:00, run_after=2024-06-14 00:00:00+00:00
[2024-06-14T02:22:30.547+0000] {processor.py:183} INFO - Processing /home/airflow/.local/lib/python3.8/site-packages/airflow/example_dags/example_setup_teardown.py took 0.097 seconds
[2024-06-14T02:23:01.308+0000] {processor.py:161} INFO - Started process (PID=1583) to work on /home/airflow/.local/lib/python3.8/site-packages/airflow/example_dags/example_setup_teardown.py
[2024-06-14T02:23:01.311+0000] {processor.py:830} INFO - Processing file /home/airflow/.local/lib/python3.8/site-packages/airflow/example_dags/example_setup_teardown.py for tasks to queue
[2024-06-14T02:23:01.313+0000] {logging_mixin.py:188} INFO - [2024-06-14T02:23:01.313+0000] {dagbag.py:540} INFO - Filling up the DagBag from /home/airflow/.local/lib/python3.8/site-packages/airflow/example_dags/example_setup_teardown.py
[2024-06-14T02:23:01.321+0000] {processor.py:840} INFO - DAG(s) 'example_setup_teardown' retrieved from /home/airflow/.local/lib/python3.8/site-packages/airflow/example_dags/example_setup_teardown.py
[2024-06-14T02:23:01.345+0000] {logging_mixin.py:188} INFO - [2024-06-14T02:23:01.345+0000] {dag.py:3047} INFO - Sync 1 DAGs
[2024-06-14T02:23:01.369+0000] {logging_mixin.py:188} INFO - [2024-06-14T02:23:01.369+0000] {dag.py:3834} INFO - Setting next_dagrun for example_setup_teardown to 2024-06-13 00:00:00+00:00, run_after=2024-06-14 00:00:00+00:00
[2024-06-14T02:23:01.396+0000] {processor.py:183} INFO - Processing /home/airflow/.local/lib/python3.8/site-packages/airflow/example_dags/example_setup_teardown.py took 0.093 seconds
[2024-06-14T02:23:31.971+0000] {processor.py:161} INFO - Started process (PID=1645) to work on /home/airflow/.local/lib/python3.8/site-packages/airflow/example_dags/example_setup_teardown.py
[2024-06-14T02:23:31.973+0000] {processor.py:830} INFO - Processing file /home/airflow/.local/lib/python3.8/site-packages/airflow/example_dags/example_setup_teardown.py for tasks to queue
[2024-06-14T02:23:31.976+0000] {logging_mixin.py:188} INFO - [2024-06-14T02:23:31.976+0000] {dagbag.py:540} INFO - Filling up the DagBag from /home/airflow/.local/lib/python3.8/site-packages/airflow/example_dags/example_setup_teardown.py
[2024-06-14T02:23:31.985+0000] {processor.py:840} INFO - DAG(s) 'example_setup_teardown' retrieved from /home/airflow/.local/lib/python3.8/site-packages/airflow/example_dags/example_setup_teardown.py
[2024-06-14T02:23:32.014+0000] {logging_mixin.py:188} INFO - [2024-06-14T02:23:32.013+0000] {dag.py:3047} INFO - Sync 1 DAGs
[2024-06-14T02:23:32.042+0000] {logging_mixin.py:188} INFO - [2024-06-14T02:23:32.042+0000] {dag.py:3834} INFO - Setting next_dagrun for example_setup_teardown to 2024-06-13 00:00:00+00:00, run_after=2024-06-14 00:00:00+00:00
[2024-06-14T02:23:32.067+0000] {processor.py:183} INFO - Processing /home/airflow/.local/lib/python3.8/site-packages/airflow/example_dags/example_setup_teardown.py took 0.099 seconds
[2024-06-14T02:24:02.516+0000] {processor.py:161} INFO - Started process (PID=1704) to work on /home/airflow/.local/lib/python3.8/site-packages/airflow/example_dags/example_setup_teardown.py
[2024-06-14T02:24:02.518+0000] {processor.py:830} INFO - Processing file /home/airflow/.local/lib/python3.8/site-packages/airflow/example_dags/example_setup_teardown.py for tasks to queue
[2024-06-14T02:24:02.522+0000] {logging_mixin.py:188} INFO - [2024-06-14T02:24:02.521+0000] {dagbag.py:540} INFO - Filling up the DagBag from /home/airflow/.local/lib/python3.8/site-packages/airflow/example_dags/example_setup_teardown.py
[2024-06-14T02:24:02.532+0000] {processor.py:840} INFO - DAG(s) 'example_setup_teardown' retrieved from /home/airflow/.local/lib/python3.8/site-packages/airflow/example_dags/example_setup_teardown.py
[2024-06-14T02:24:02.563+0000] {logging_mixin.py:188} INFO - [2024-06-14T02:24:02.562+0000] {dag.py:3047} INFO - Sync 1 DAGs
[2024-06-14T02:24:02.597+0000] {logging_mixin.py:188} INFO - [2024-06-14T02:24:02.597+0000] {dag.py:3834} INFO - Setting next_dagrun for example_setup_teardown to 2024-06-13 00:00:00+00:00, run_after=2024-06-14 00:00:00+00:00
[2024-06-14T02:24:02.632+0000] {processor.py:183} INFO - Processing /home/airflow/.local/lib/python3.8/site-packages/airflow/example_dags/example_setup_teardown.py took 0.121 seconds
[2024-06-14T02:24:33.506+0000] {processor.py:161} INFO - Started process (PID=1765) to work on /home/airflow/.local/lib/python3.8/site-packages/airflow/example_dags/example_setup_teardown.py
[2024-06-14T02:24:33.508+0000] {processor.py:830} INFO - Processing file /home/airflow/.local/lib/python3.8/site-packages/airflow/example_dags/example_setup_teardown.py for tasks to queue
[2024-06-14T02:24:33.511+0000] {logging_mixin.py:188} INFO - [2024-06-14T02:24:33.511+0000] {dagbag.py:540} INFO - Filling up the DagBag from /home/airflow/.local/lib/python3.8/site-packages/airflow/example_dags/example_setup_teardown.py
[2024-06-14T02:24:33.522+0000] {processor.py:840} INFO - DAG(s) 'example_setup_teardown' retrieved from /home/airflow/.local/lib/python3.8/site-packages/airflow/example_dags/example_setup_teardown.py
[2024-06-14T02:24:33.558+0000] {logging_mixin.py:188} INFO - [2024-06-14T02:24:33.558+0000] {dag.py:3047} INFO - Sync 1 DAGs
[2024-06-14T02:24:33.594+0000] {logging_mixin.py:188} INFO - [2024-06-14T02:24:33.594+0000] {dag.py:3834} INFO - Setting next_dagrun for example_setup_teardown to 2024-06-13 00:00:00+00:00, run_after=2024-06-14 00:00:00+00:00
[2024-06-14T02:24:33.625+0000] {processor.py:183} INFO - Processing /home/airflow/.local/lib/python3.8/site-packages/airflow/example_dags/example_setup_teardown.py took 0.123 seconds
[2024-06-14T02:25:04.624+0000] {processor.py:161} INFO - Started process (PID=1826) to work on /home/airflow/.local/lib/python3.8/site-packages/airflow/example_dags/example_setup_teardown.py
[2024-06-14T02:25:04.626+0000] {processor.py:830} INFO - Processing file /home/airflow/.local/lib/python3.8/site-packages/airflow/example_dags/example_setup_teardown.py for tasks to queue
[2024-06-14T02:25:04.628+0000] {logging_mixin.py:188} INFO - [2024-06-14T02:25:04.628+0000] {dagbag.py:540} INFO - Filling up the DagBag from /home/airflow/.local/lib/python3.8/site-packages/airflow/example_dags/example_setup_teardown.py
[2024-06-14T02:25:04.638+0000] {processor.py:840} INFO - DAG(s) 'example_setup_teardown' retrieved from /home/airflow/.local/lib/python3.8/site-packages/airflow/example_dags/example_setup_teardown.py
[2024-06-14T02:25:04.667+0000] {logging_mixin.py:188} INFO - [2024-06-14T02:25:04.667+0000] {dag.py:3047} INFO - Sync 1 DAGs
[2024-06-14T02:25:04.702+0000] {logging_mixin.py:188} INFO - [2024-06-14T02:25:04.702+0000] {dag.py:3834} INFO - Setting next_dagrun for example_setup_teardown to 2024-06-13 00:00:00+00:00, run_after=2024-06-14 00:00:00+00:00
[2024-06-14T02:25:04.738+0000] {processor.py:183} INFO - Processing /home/airflow/.local/lib/python3.8/site-packages/airflow/example_dags/example_setup_teardown.py took 0.119 seconds
[2024-06-14T02:25:35.163+0000] {processor.py:161} INFO - Started process (PID=1887) to work on /home/airflow/.local/lib/python3.8/site-packages/airflow/example_dags/example_setup_teardown.py
[2024-06-14T02:25:35.165+0000] {processor.py:830} INFO - Processing file /home/airflow/.local/lib/python3.8/site-packages/airflow/example_dags/example_setup_teardown.py for tasks to queue
[2024-06-14T02:25:35.168+0000] {logging_mixin.py:188} INFO - [2024-06-14T02:25:35.168+0000] {dagbag.py:540} INFO - Filling up the DagBag from /home/airflow/.local/lib/python3.8/site-packages/airflow/example_dags/example_setup_teardown.py
[2024-06-14T02:25:35.179+0000] {processor.py:840} INFO - DAG(s) 'example_setup_teardown' retrieved from /home/airflow/.local/lib/python3.8/site-packages/airflow/example_dags/example_setup_teardown.py
[2024-06-14T02:25:35.215+0000] {logging_mixin.py:188} INFO - [2024-06-14T02:25:35.214+0000] {dag.py:3047} INFO - Sync 1 DAGs
[2024-06-14T02:25:35.249+0000] {logging_mixin.py:188} INFO - [2024-06-14T02:25:35.248+0000] {dag.py:3834} INFO - Setting next_dagrun for example_setup_teardown to 2024-06-13 00:00:00+00:00, run_after=2024-06-14 00:00:00+00:00
[2024-06-14T02:25:35.279+0000] {processor.py:183} INFO - Processing /home/airflow/.local/lib/python3.8/site-packages/airflow/example_dags/example_setup_teardown.py took 0.122 seconds
[2024-06-14T02:26:06.377+0000] {processor.py:161} INFO - Started process (PID=1955) to work on /home/airflow/.local/lib/python3.8/site-packages/airflow/example_dags/example_setup_teardown.py
[2024-06-14T02:26:06.378+0000] {processor.py:830} INFO - Processing file /home/airflow/.local/lib/python3.8/site-packages/airflow/example_dags/example_setup_teardown.py for tasks to queue
[2024-06-14T02:26:06.383+0000] {logging_mixin.py:188} INFO - [2024-06-14T02:26:06.383+0000] {dagbag.py:540} INFO - Filling up the DagBag from /home/airflow/.local/lib/python3.8/site-packages/airflow/example_dags/example_setup_teardown.py
[2024-06-14T02:26:06.396+0000] {processor.py:840} INFO - DAG(s) 'example_setup_teardown' retrieved from /home/airflow/.local/lib/python3.8/site-packages/airflow/example_dags/example_setup_teardown.py
[2024-06-14T02:26:06.428+0000] {logging_mixin.py:188} INFO - [2024-06-14T02:26:06.428+0000] {dag.py:3047} INFO - Sync 1 DAGs
[2024-06-14T02:26:06.464+0000] {logging_mixin.py:188} INFO - [2024-06-14T02:26:06.464+0000] {dag.py:3834} INFO - Setting next_dagrun for example_setup_teardown to 2024-06-13 00:00:00+00:00, run_after=2024-06-14 00:00:00+00:00
[2024-06-14T02:26:06.499+0000] {processor.py:183} INFO - Processing /home/airflow/.local/lib/python3.8/site-packages/airflow/example_dags/example_setup_teardown.py took 0.128 seconds
[2024-06-14T02:26:37.880+0000] {processor.py:161} INFO - Started process (PID=2016) to work on /home/airflow/.local/lib/python3.8/site-packages/airflow/example_dags/example_setup_teardown.py
[2024-06-14T02:26:37.882+0000] {processor.py:830} INFO - Processing file /home/airflow/.local/lib/python3.8/site-packages/airflow/example_dags/example_setup_teardown.py for tasks to queue
[2024-06-14T02:26:37.885+0000] {logging_mixin.py:188} INFO - [2024-06-14T02:26:37.885+0000] {dagbag.py:540} INFO - Filling up the DagBag from /home/airflow/.local/lib/python3.8/site-packages/airflow/example_dags/example_setup_teardown.py
[2024-06-14T02:26:37.897+0000] {processor.py:840} INFO - DAG(s) 'example_setup_teardown' retrieved from /home/airflow/.local/lib/python3.8/site-packages/airflow/example_dags/example_setup_teardown.py
[2024-06-14T02:26:37.936+0000] {logging_mixin.py:188} INFO - [2024-06-14T02:26:37.936+0000] {dag.py:3047} INFO - Sync 1 DAGs
[2024-06-14T02:26:37.969+0000] {logging_mixin.py:188} INFO - [2024-06-14T02:26:37.968+0000] {dag.py:3834} INFO - Setting next_dagrun for example_setup_teardown to 2024-06-13 00:00:00+00:00, run_after=2024-06-14 00:00:00+00:00
[2024-06-14T02:26:37.997+0000] {processor.py:183} INFO - Processing /home/airflow/.local/lib/python3.8/site-packages/airflow/example_dags/example_setup_teardown.py took 0.123 seconds
[2024-06-14T02:27:09.290+0000] {processor.py:161} INFO - Started process (PID=2077) to work on /home/airflow/.local/lib/python3.8/site-packages/airflow/example_dags/example_setup_teardown.py
[2024-06-14T02:27:09.292+0000] {processor.py:830} INFO - Processing file /home/airflow/.local/lib/python3.8/site-packages/airflow/example_dags/example_setup_teardown.py for tasks to queue
[2024-06-14T02:27:09.295+0000] {logging_mixin.py:188} INFO - [2024-06-14T02:27:09.294+0000] {dagbag.py:540} INFO - Filling up the DagBag from /home/airflow/.local/lib/python3.8/site-packages/airflow/example_dags/example_setup_teardown.py
[2024-06-14T02:27:09.305+0000] {processor.py:840} INFO - DAG(s) 'example_setup_teardown' retrieved from /home/airflow/.local/lib/python3.8/site-packages/airflow/example_dags/example_setup_teardown.py
[2024-06-14T02:27:09.337+0000] {logging_mixin.py:188} INFO - [2024-06-14T02:27:09.336+0000] {dag.py:3047} INFO - Sync 1 DAGs
[2024-06-14T02:27:09.373+0000] {logging_mixin.py:188} INFO - [2024-06-14T02:27:09.372+0000] {dag.py:3834} INFO - Setting next_dagrun for example_setup_teardown to 2024-06-13 00:00:00+00:00, run_after=2024-06-14 00:00:00+00:00
[2024-06-14T02:27:09.402+0000] {processor.py:183} INFO - Processing /home/airflow/.local/lib/python3.8/site-packages/airflow/example_dags/example_setup_teardown.py took 0.116 seconds
[2024-06-14T02:27:40.048+0000] {processor.py:161} INFO - Started process (PID=2138) to work on /home/airflow/.local/lib/python3.8/site-packages/airflow/example_dags/example_setup_teardown.py
[2024-06-14T02:27:40.050+0000] {processor.py:830} INFO - Processing file /home/airflow/.local/lib/python3.8/site-packages/airflow/example_dags/example_setup_teardown.py for tasks to queue
[2024-06-14T02:27:40.054+0000] {logging_mixin.py:188} INFO - [2024-06-14T02:27:40.053+0000] {dagbag.py:540} INFO - Filling up the DagBag from /home/airflow/.local/lib/python3.8/site-packages/airflow/example_dags/example_setup_teardown.py
[2024-06-14T02:27:40.064+0000] {processor.py:840} INFO - DAG(s) 'example_setup_teardown' retrieved from /home/airflow/.local/lib/python3.8/site-packages/airflow/example_dags/example_setup_teardown.py
[2024-06-14T02:27:40.096+0000] {logging_mixin.py:188} INFO - [2024-06-14T02:27:40.095+0000] {dag.py:3047} INFO - Sync 1 DAGs
[2024-06-14T02:27:40.128+0000] {logging_mixin.py:188} INFO - [2024-06-14T02:27:40.127+0000] {dag.py:3834} INFO - Setting next_dagrun for example_setup_teardown to 2024-06-13 00:00:00+00:00, run_after=2024-06-14 00:00:00+00:00
[2024-06-14T02:27:40.323+0000] {processor.py:183} INFO - Processing /home/airflow/.local/lib/python3.8/site-packages/airflow/example_dags/example_setup_teardown.py took 0.281 seconds
[2024-06-14T02:28:10.652+0000] {processor.py:161} INFO - Started process (PID=2198) to work on /home/airflow/.local/lib/python3.8/site-packages/airflow/example_dags/example_setup_teardown.py
[2024-06-14T02:28:10.654+0000] {processor.py:830} INFO - Processing file /home/airflow/.local/lib/python3.8/site-packages/airflow/example_dags/example_setup_teardown.py for tasks to queue
[2024-06-14T02:28:10.657+0000] {logging_mixin.py:188} INFO - [2024-06-14T02:28:10.656+0000] {dagbag.py:540} INFO - Filling up the DagBag from /home/airflow/.local/lib/python3.8/site-packages/airflow/example_dags/example_setup_teardown.py
[2024-06-14T02:28:10.670+0000] {processor.py:840} INFO - DAG(s) 'example_setup_teardown' retrieved from /home/airflow/.local/lib/python3.8/site-packages/airflow/example_dags/example_setup_teardown.py
[2024-06-14T02:28:10.703+0000] {logging_mixin.py:188} INFO - [2024-06-14T02:28:10.702+0000] {dag.py:3047} INFO - Sync 1 DAGs
[2024-06-14T02:28:10.922+0000] {logging_mixin.py:188} INFO - [2024-06-14T02:28:10.922+0000] {dag.py:3834} INFO - Setting next_dagrun for example_setup_teardown to 2024-06-13 00:00:00+00:00, run_after=2024-06-14 00:00:00+00:00
[2024-06-14T02:28:10.956+0000] {processor.py:183} INFO - Processing /home/airflow/.local/lib/python3.8/site-packages/airflow/example_dags/example_setup_teardown.py took 0.309 seconds
[2024-06-14T02:28:41.859+0000] {processor.py:161} INFO - Started process (PID=2259) to work on /home/airflow/.local/lib/python3.8/site-packages/airflow/example_dags/example_setup_teardown.py
[2024-06-14T02:28:41.861+0000] {processor.py:830} INFO - Processing file /home/airflow/.local/lib/python3.8/site-packages/airflow/example_dags/example_setup_teardown.py for tasks to queue
[2024-06-14T02:28:41.864+0000] {logging_mixin.py:188} INFO - [2024-06-14T02:28:41.863+0000] {dagbag.py:540} INFO - Filling up the DagBag from /home/airflow/.local/lib/python3.8/site-packages/airflow/example_dags/example_setup_teardown.py
[2024-06-14T02:28:41.874+0000] {processor.py:840} INFO - DAG(s) 'example_setup_teardown' retrieved from /home/airflow/.local/lib/python3.8/site-packages/airflow/example_dags/example_setup_teardown.py
[2024-06-14T02:28:41.907+0000] {logging_mixin.py:188} INFO - [2024-06-14T02:28:41.906+0000] {dag.py:3047} INFO - Sync 1 DAGs
[2024-06-14T02:28:41.942+0000] {logging_mixin.py:188} INFO - [2024-06-14T02:28:41.941+0000] {dag.py:3834} INFO - Setting next_dagrun for example_setup_teardown to 2024-06-13 00:00:00+00:00, run_after=2024-06-14 00:00:00+00:00
[2024-06-14T02:28:41.980+0000] {processor.py:183} INFO - Processing /home/airflow/.local/lib/python3.8/site-packages/airflow/example_dags/example_setup_teardown.py took 0.127 seconds
[2024-06-14T02:29:12.261+0000] {processor.py:161} INFO - Started process (PID=2319) to work on /home/airflow/.local/lib/python3.8/site-packages/airflow/example_dags/example_setup_teardown.py
[2024-06-14T02:29:12.263+0000] {processor.py:830} INFO - Processing file /home/airflow/.local/lib/python3.8/site-packages/airflow/example_dags/example_setup_teardown.py for tasks to queue
[2024-06-14T02:29:12.267+0000] {logging_mixin.py:188} INFO - [2024-06-14T02:29:12.266+0000] {dagbag.py:540} INFO - Filling up the DagBag from /home/airflow/.local/lib/python3.8/site-packages/airflow/example_dags/example_setup_teardown.py
[2024-06-14T02:29:12.277+0000] {processor.py:840} INFO - DAG(s) 'example_setup_teardown' retrieved from /home/airflow/.local/lib/python3.8/site-packages/airflow/example_dags/example_setup_teardown.py
[2024-06-14T02:29:12.311+0000] {logging_mixin.py:188} INFO - [2024-06-14T02:29:12.310+0000] {dag.py:3047} INFO - Sync 1 DAGs
[2024-06-14T02:29:12.346+0000] {logging_mixin.py:188} INFO - [2024-06-14T02:29:12.345+0000] {dag.py:3834} INFO - Setting next_dagrun for example_setup_teardown to 2024-06-13 00:00:00+00:00, run_after=2024-06-14 00:00:00+00:00
[2024-06-14T02:29:12.375+0000] {processor.py:183} INFO - Processing /home/airflow/.local/lib/python3.8/site-packages/airflow/example_dags/example_setup_teardown.py took 0.119 seconds
[2024-06-14T02:29:43.403+0000] {processor.py:161} INFO - Started process (PID=2381) to work on /home/airflow/.local/lib/python3.8/site-packages/airflow/example_dags/example_setup_teardown.py
[2024-06-14T02:29:43.405+0000] {processor.py:830} INFO - Processing file /home/airflow/.local/lib/python3.8/site-packages/airflow/example_dags/example_setup_teardown.py for tasks to queue
[2024-06-14T02:29:43.409+0000] {logging_mixin.py:188} INFO - [2024-06-14T02:29:43.408+0000] {dagbag.py:540} INFO - Filling up the DagBag from /home/airflow/.local/lib/python3.8/site-packages/airflow/example_dags/example_setup_teardown.py
[2024-06-14T02:29:43.421+0000] {processor.py:840} INFO - DAG(s) 'example_setup_teardown' retrieved from /home/airflow/.local/lib/python3.8/site-packages/airflow/example_dags/example_setup_teardown.py
[2024-06-14T02:29:43.458+0000] {logging_mixin.py:188} INFO - [2024-06-14T02:29:43.458+0000] {dag.py:3047} INFO - Sync 1 DAGs
[2024-06-14T02:29:43.496+0000] {logging_mixin.py:188} INFO - [2024-06-14T02:29:43.496+0000] {dag.py:3834} INFO - Setting next_dagrun for example_setup_teardown to 2024-06-13 00:00:00+00:00, run_after=2024-06-14 00:00:00+00:00
[2024-06-14T02:29:43.531+0000] {processor.py:183} INFO - Processing /home/airflow/.local/lib/python3.8/site-packages/airflow/example_dags/example_setup_teardown.py took 0.134 seconds
[2024-06-14T02:30:14.054+0000] {processor.py:161} INFO - Started process (PID=2442) to work on /home/airflow/.local/lib/python3.8/site-packages/airflow/example_dags/example_setup_teardown.py
[2024-06-14T02:30:14.055+0000] {processor.py:830} INFO - Processing file /home/airflow/.local/lib/python3.8/site-packages/airflow/example_dags/example_setup_teardown.py for tasks to queue
[2024-06-14T02:30:14.058+0000] {logging_mixin.py:188} INFO - [2024-06-14T02:30:14.058+0000] {dagbag.py:540} INFO - Filling up the DagBag from /home/airflow/.local/lib/python3.8/site-packages/airflow/example_dags/example_setup_teardown.py
[2024-06-14T02:30:14.073+0000] {processor.py:840} INFO - DAG(s) 'example_setup_teardown' retrieved from /home/airflow/.local/lib/python3.8/site-packages/airflow/example_dags/example_setup_teardown.py
[2024-06-14T02:30:14.103+0000] {logging_mixin.py:188} INFO - [2024-06-14T02:30:14.103+0000] {dag.py:3047} INFO - Sync 1 DAGs
[2024-06-14T02:30:14.131+0000] {logging_mixin.py:188} INFO - [2024-06-14T02:30:14.131+0000] {dag.py:3834} INFO - Setting next_dagrun for example_setup_teardown to 2024-06-13 00:00:00+00:00, run_after=2024-06-14 00:00:00+00:00
[2024-06-14T02:30:14.162+0000] {processor.py:183} INFO - Processing /home/airflow/.local/lib/python3.8/site-packages/airflow/example_dags/example_setup_teardown.py took 0.113 seconds
[2024-06-14T02:30:44.945+0000] {processor.py:161} INFO - Started process (PID=2503) to work on /home/airflow/.local/lib/python3.8/site-packages/airflow/example_dags/example_setup_teardown.py
[2024-06-14T02:30:44.947+0000] {processor.py:830} INFO - Processing file /home/airflow/.local/lib/python3.8/site-packages/airflow/example_dags/example_setup_teardown.py for tasks to queue
[2024-06-14T02:30:44.951+0000] {logging_mixin.py:188} INFO - [2024-06-14T02:30:44.950+0000] {dagbag.py:540} INFO - Filling up the DagBag from /home/airflow/.local/lib/python3.8/site-packages/airflow/example_dags/example_setup_teardown.py
[2024-06-14T02:30:44.966+0000] {processor.py:840} INFO - DAG(s) 'example_setup_teardown' retrieved from /home/airflow/.local/lib/python3.8/site-packages/airflow/example_dags/example_setup_teardown.py
[2024-06-14T02:30:45.006+0000] {logging_mixin.py:188} INFO - [2024-06-14T02:30:45.005+0000] {dag.py:3047} INFO - Sync 1 DAGs
[2024-06-14T02:30:45.054+0000] {logging_mixin.py:188} INFO - [2024-06-14T02:30:45.054+0000] {dag.py:3834} INFO - Setting next_dagrun for example_setup_teardown to 2024-06-13 00:00:00+00:00, run_after=2024-06-14 00:00:00+00:00
[2024-06-14T02:30:45.100+0000] {processor.py:183} INFO - Processing /home/airflow/.local/lib/python3.8/site-packages/airflow/example_dags/example_setup_teardown.py took 0.163 seconds
[2024-06-14T02:31:15.240+0000] {processor.py:161} INFO - Started process (PID=2563) to work on /home/airflow/.local/lib/python3.8/site-packages/airflow/example_dags/example_setup_teardown.py
[2024-06-14T02:31:15.242+0000] {processor.py:830} INFO - Processing file /home/airflow/.local/lib/python3.8/site-packages/airflow/example_dags/example_setup_teardown.py for tasks to queue
[2024-06-14T02:31:15.246+0000] {logging_mixin.py:188} INFO - [2024-06-14T02:31:15.245+0000] {dagbag.py:540} INFO - Filling up the DagBag from /home/airflow/.local/lib/python3.8/site-packages/airflow/example_dags/example_setup_teardown.py
[2024-06-14T02:31:15.255+0000] {processor.py:840} INFO - DAG(s) 'example_setup_teardown' retrieved from /home/airflow/.local/lib/python3.8/site-packages/airflow/example_dags/example_setup_teardown.py
[2024-06-14T02:31:15.290+0000] {logging_mixin.py:188} INFO - [2024-06-14T02:31:15.290+0000] {dag.py:3047} INFO - Sync 1 DAGs
[2024-06-14T02:31:15.337+0000] {logging_mixin.py:188} INFO - [2024-06-14T02:31:15.337+0000] {dag.py:3834} INFO - Setting next_dagrun for example_setup_teardown to 2024-06-13 00:00:00+00:00, run_after=2024-06-14 00:00:00+00:00
[2024-06-14T02:31:15.368+0000] {processor.py:183} INFO - Processing /home/airflow/.local/lib/python3.8/site-packages/airflow/example_dags/example_setup_teardown.py took 0.135 seconds
[2024-06-14T02:31:45.701+0000] {processor.py:161} INFO - Started process (PID=2624) to work on /home/airflow/.local/lib/python3.8/site-packages/airflow/example_dags/example_setup_teardown.py
[2024-06-14T02:31:45.702+0000] {processor.py:830} INFO - Processing file /home/airflow/.local/lib/python3.8/site-packages/airflow/example_dags/example_setup_teardown.py for tasks to queue
[2024-06-14T02:31:45.707+0000] {logging_mixin.py:188} INFO - [2024-06-14T02:31:45.706+0000] {dagbag.py:540} INFO - Filling up the DagBag from /home/airflow/.local/lib/python3.8/site-packages/airflow/example_dags/example_setup_teardown.py
[2024-06-14T02:31:45.717+0000] {processor.py:840} INFO - DAG(s) 'example_setup_teardown' retrieved from /home/airflow/.local/lib/python3.8/site-packages/airflow/example_dags/example_setup_teardown.py
[2024-06-14T02:31:45.745+0000] {logging_mixin.py:188} INFO - [2024-06-14T02:31:45.745+0000] {dag.py:3047} INFO - Sync 1 DAGs
[2024-06-14T02:31:45.777+0000] {logging_mixin.py:188} INFO - [2024-06-14T02:31:45.777+0000] {dag.py:3834} INFO - Setting next_dagrun for example_setup_teardown to 2024-06-13 00:00:00+00:00, run_after=2024-06-14 00:00:00+00:00
[2024-06-14T02:31:45.804+0000] {processor.py:183} INFO - Processing /home/airflow/.local/lib/python3.8/site-packages/airflow/example_dags/example_setup_teardown.py took 0.109 seconds
[2024-06-14T02:32:16.233+0000] {processor.py:161} INFO - Started process (PID=2685) to work on /home/airflow/.local/lib/python3.8/site-packages/airflow/example_dags/example_setup_teardown.py
[2024-06-14T02:32:16.235+0000] {processor.py:830} INFO - Processing file /home/airflow/.local/lib/python3.8/site-packages/airflow/example_dags/example_setup_teardown.py for tasks to queue
[2024-06-14T02:32:16.240+0000] {logging_mixin.py:188} INFO - [2024-06-14T02:32:16.240+0000] {dagbag.py:540} INFO - Filling up the DagBag from /home/airflow/.local/lib/python3.8/site-packages/airflow/example_dags/example_setup_teardown.py
[2024-06-14T02:32:16.249+0000] {processor.py:840} INFO - DAG(s) 'example_setup_teardown' retrieved from /home/airflow/.local/lib/python3.8/site-packages/airflow/example_dags/example_setup_teardown.py
[2024-06-14T02:32:16.280+0000] {logging_mixin.py:188} INFO - [2024-06-14T02:32:16.280+0000] {dag.py:3047} INFO - Sync 1 DAGs
[2024-06-14T02:32:16.309+0000] {logging_mixin.py:188} INFO - [2024-06-14T02:32:16.309+0000] {dag.py:3834} INFO - Setting next_dagrun for example_setup_teardown to 2024-06-13 00:00:00+00:00, run_after=2024-06-14 00:00:00+00:00
[2024-06-14T02:32:16.334+0000] {processor.py:183} INFO - Processing /home/airflow/.local/lib/python3.8/site-packages/airflow/example_dags/example_setup_teardown.py took 0.105 seconds
[2024-06-14T02:32:46.759+0000] {processor.py:161} INFO - Started process (PID=2746) to work on /home/airflow/.local/lib/python3.8/site-packages/airflow/example_dags/example_setup_teardown.py
[2024-06-14T02:32:46.761+0000] {processor.py:830} INFO - Processing file /home/airflow/.local/lib/python3.8/site-packages/airflow/example_dags/example_setup_teardown.py for tasks to queue
[2024-06-14T02:32:46.764+0000] {logging_mixin.py:188} INFO - [2024-06-14T02:32:46.763+0000] {dagbag.py:540} INFO - Filling up the DagBag from /home/airflow/.local/lib/python3.8/site-packages/airflow/example_dags/example_setup_teardown.py
[2024-06-14T02:32:46.778+0000] {processor.py:840} INFO - DAG(s) 'example_setup_teardown' retrieved from /home/airflow/.local/lib/python3.8/site-packages/airflow/example_dags/example_setup_teardown.py
[2024-06-14T02:32:46.831+0000] {logging_mixin.py:188} INFO - [2024-06-14T02:32:46.831+0000] {dag.py:3047} INFO - Sync 1 DAGs
[2024-06-14T02:32:46.884+0000] {logging_mixin.py:188} INFO - [2024-06-14T02:32:46.883+0000] {dag.py:3834} INFO - Setting next_dagrun for example_setup_teardown to 2024-06-13 00:00:00+00:00, run_after=2024-06-14 00:00:00+00:00
[2024-06-14T02:32:46.925+0000] {processor.py:183} INFO - Processing /home/airflow/.local/lib/python3.8/site-packages/airflow/example_dags/example_setup_teardown.py took 0.172 seconds
[2024-06-14T02:33:17.068+0000] {processor.py:161} INFO - Started process (PID=2807) to work on /home/airflow/.local/lib/python3.8/site-packages/airflow/example_dags/example_setup_teardown.py
[2024-06-14T02:33:17.071+0000] {processor.py:830} INFO - Processing file /home/airflow/.local/lib/python3.8/site-packages/airflow/example_dags/example_setup_teardown.py for tasks to queue
[2024-06-14T02:33:17.074+0000] {logging_mixin.py:188} INFO - [2024-06-14T02:33:17.073+0000] {dagbag.py:540} INFO - Filling up the DagBag from /home/airflow/.local/lib/python3.8/site-packages/airflow/example_dags/example_setup_teardown.py
[2024-06-14T02:33:17.084+0000] {processor.py:840} INFO - DAG(s) 'example_setup_teardown' retrieved from /home/airflow/.local/lib/python3.8/site-packages/airflow/example_dags/example_setup_teardown.py
[2024-06-14T02:33:17.116+0000] {logging_mixin.py:188} INFO - [2024-06-14T02:33:17.115+0000] {dag.py:3047} INFO - Sync 1 DAGs
[2024-06-14T02:33:17.152+0000] {logging_mixin.py:188} INFO - [2024-06-14T02:33:17.151+0000] {dag.py:3834} INFO - Setting next_dagrun for example_setup_teardown to 2024-06-13 00:00:00+00:00, run_after=2024-06-14 00:00:00+00:00
[2024-06-14T02:33:17.179+0000] {processor.py:183} INFO - Processing /home/airflow/.local/lib/python3.8/site-packages/airflow/example_dags/example_setup_teardown.py took 0.115 seconds
[2024-06-14T02:33:47.653+0000] {processor.py:161} INFO - Started process (PID=2868) to work on /home/airflow/.local/lib/python3.8/site-packages/airflow/example_dags/example_setup_teardown.py
[2024-06-14T02:33:47.657+0000] {processor.py:830} INFO - Processing file /home/airflow/.local/lib/python3.8/site-packages/airflow/example_dags/example_setup_teardown.py for tasks to queue
[2024-06-14T02:33:47.660+0000] {logging_mixin.py:188} INFO - [2024-06-14T02:33:47.659+0000] {dagbag.py:540} INFO - Filling up the DagBag from /home/airflow/.local/lib/python3.8/site-packages/airflow/example_dags/example_setup_teardown.py
[2024-06-14T02:33:47.671+0000] {processor.py:840} INFO - DAG(s) 'example_setup_teardown' retrieved from /home/airflow/.local/lib/python3.8/site-packages/airflow/example_dags/example_setup_teardown.py
[2024-06-14T02:33:47.711+0000] {logging_mixin.py:188} INFO - [2024-06-14T02:33:47.710+0000] {dag.py:3047} INFO - Sync 1 DAGs
[2024-06-14T02:33:47.749+0000] {logging_mixin.py:188} INFO - [2024-06-14T02:33:47.748+0000] {dag.py:3834} INFO - Setting next_dagrun for example_setup_teardown to 2024-06-13 00:00:00+00:00, run_after=2024-06-14 00:00:00+00:00
[2024-06-14T02:33:47.787+0000] {processor.py:183} INFO - Processing /home/airflow/.local/lib/python3.8/site-packages/airflow/example_dags/example_setup_teardown.py took 0.141 seconds
[2024-06-14T02:34:18.435+0000] {processor.py:161} INFO - Started process (PID=2929) to work on /home/airflow/.local/lib/python3.8/site-packages/airflow/example_dags/example_setup_teardown.py
[2024-06-14T02:34:18.437+0000] {processor.py:830} INFO - Processing file /home/airflow/.local/lib/python3.8/site-packages/airflow/example_dags/example_setup_teardown.py for tasks to queue
[2024-06-14T02:34:18.442+0000] {logging_mixin.py:188} INFO - [2024-06-14T02:34:18.441+0000] {dagbag.py:540} INFO - Filling up the DagBag from /home/airflow/.local/lib/python3.8/site-packages/airflow/example_dags/example_setup_teardown.py
[2024-06-14T02:34:18.454+0000] {processor.py:840} INFO - DAG(s) 'example_setup_teardown' retrieved from /home/airflow/.local/lib/python3.8/site-packages/airflow/example_dags/example_setup_teardown.py
[2024-06-14T02:34:18.502+0000] {logging_mixin.py:188} INFO - [2024-06-14T02:34:18.501+0000] {dag.py:3047} INFO - Sync 1 DAGs
[2024-06-14T02:34:18.542+0000] {logging_mixin.py:188} INFO - [2024-06-14T02:34:18.542+0000] {dag.py:3834} INFO - Setting next_dagrun for example_setup_teardown to 2024-06-13 00:00:00+00:00, run_after=2024-06-14 00:00:00+00:00
[2024-06-14T02:34:18.574+0000] {processor.py:183} INFO - Processing /home/airflow/.local/lib/python3.8/site-packages/airflow/example_dags/example_setup_teardown.py took 0.146 seconds
[2024-06-14T02:34:49.086+0000] {processor.py:161} INFO - Started process (PID=2990) to work on /home/airflow/.local/lib/python3.8/site-packages/airflow/example_dags/example_setup_teardown.py
[2024-06-14T02:34:49.088+0000] {processor.py:830} INFO - Processing file /home/airflow/.local/lib/python3.8/site-packages/airflow/example_dags/example_setup_teardown.py for tasks to queue
[2024-06-14T02:34:49.091+0000] {logging_mixin.py:188} INFO - [2024-06-14T02:34:49.091+0000] {dagbag.py:540} INFO - Filling up the DagBag from /home/airflow/.local/lib/python3.8/site-packages/airflow/example_dags/example_setup_teardown.py
[2024-06-14T02:34:49.102+0000] {processor.py:840} INFO - DAG(s) 'example_setup_teardown' retrieved from /home/airflow/.local/lib/python3.8/site-packages/airflow/example_dags/example_setup_teardown.py
[2024-06-14T02:34:49.130+0000] {logging_mixin.py:188} INFO - [2024-06-14T02:34:49.129+0000] {dag.py:3047} INFO - Sync 1 DAGs
[2024-06-14T02:34:49.157+0000] {logging_mixin.py:188} INFO - [2024-06-14T02:34:49.157+0000] {dag.py:3834} INFO - Setting next_dagrun for example_setup_teardown to 2024-06-13 00:00:00+00:00, run_after=2024-06-14 00:00:00+00:00
[2024-06-14T02:34:49.181+0000] {processor.py:183} INFO - Processing /home/airflow/.local/lib/python3.8/site-packages/airflow/example_dags/example_setup_teardown.py took 0.100 seconds
[2024-06-14T02:35:19.970+0000] {processor.py:161} INFO - Started process (PID=3051) to work on /home/airflow/.local/lib/python3.8/site-packages/airflow/example_dags/example_setup_teardown.py
[2024-06-14T02:35:19.972+0000] {processor.py:830} INFO - Processing file /home/airflow/.local/lib/python3.8/site-packages/airflow/example_dags/example_setup_teardown.py for tasks to queue
[2024-06-14T02:35:19.984+0000] {logging_mixin.py:188} INFO - [2024-06-14T02:35:19.983+0000] {dagbag.py:540} INFO - Filling up the DagBag from /home/airflow/.local/lib/python3.8/site-packages/airflow/example_dags/example_setup_teardown.py
[2024-06-14T02:35:20.004+0000] {processor.py:840} INFO - DAG(s) 'example_setup_teardown' retrieved from /home/airflow/.local/lib/python3.8/site-packages/airflow/example_dags/example_setup_teardown.py
[2024-06-14T02:35:20.082+0000] {logging_mixin.py:188} INFO - [2024-06-14T02:35:20.081+0000] {dag.py:3047} INFO - Sync 1 DAGs
[2024-06-14T02:35:20.119+0000] {logging_mixin.py:188} INFO - [2024-06-14T02:35:20.119+0000] {dag.py:3834} INFO - Setting next_dagrun for example_setup_teardown to 2024-06-13 00:00:00+00:00, run_after=2024-06-14 00:00:00+00:00
[2024-06-14T02:35:20.151+0000] {processor.py:183} INFO - Processing /home/airflow/.local/lib/python3.8/site-packages/airflow/example_dags/example_setup_teardown.py took 0.196 seconds
[2024-06-14T02:35:50.573+0000] {processor.py:161} INFO - Started process (PID=3112) to work on /home/airflow/.local/lib/python3.8/site-packages/airflow/example_dags/example_setup_teardown.py
[2024-06-14T02:35:50.575+0000] {processor.py:830} INFO - Processing file /home/airflow/.local/lib/python3.8/site-packages/airflow/example_dags/example_setup_teardown.py for tasks to queue
[2024-06-14T02:35:50.578+0000] {logging_mixin.py:188} INFO - [2024-06-14T02:35:50.578+0000] {dagbag.py:540} INFO - Filling up the DagBag from /home/airflow/.local/lib/python3.8/site-packages/airflow/example_dags/example_setup_teardown.py
[2024-06-14T02:35:50.595+0000] {processor.py:840} INFO - DAG(s) 'example_setup_teardown' retrieved from /home/airflow/.local/lib/python3.8/site-packages/airflow/example_dags/example_setup_teardown.py
[2024-06-14T02:35:50.654+0000] {logging_mixin.py:188} INFO - [2024-06-14T02:35:50.653+0000] {dag.py:3047} INFO - Sync 1 DAGs
[2024-06-14T02:35:50.695+0000] {logging_mixin.py:188} INFO - [2024-06-14T02:35:50.695+0000] {dag.py:3834} INFO - Setting next_dagrun for example_setup_teardown to 2024-06-13 00:00:00+00:00, run_after=2024-06-14 00:00:00+00:00
[2024-06-14T02:35:50.723+0000] {processor.py:183} INFO - Processing /home/airflow/.local/lib/python3.8/site-packages/airflow/example_dags/example_setup_teardown.py took 0.156 seconds
[2024-06-14T02:36:21.141+0000] {processor.py:161} INFO - Started process (PID=3173) to work on /home/airflow/.local/lib/python3.8/site-packages/airflow/example_dags/example_setup_teardown.py
[2024-06-14T02:36:21.142+0000] {processor.py:830} INFO - Processing file /home/airflow/.local/lib/python3.8/site-packages/airflow/example_dags/example_setup_teardown.py for tasks to queue
[2024-06-14T02:36:21.145+0000] {logging_mixin.py:188} INFO - [2024-06-14T02:36:21.145+0000] {dagbag.py:540} INFO - Filling up the DagBag from /home/airflow/.local/lib/python3.8/site-packages/airflow/example_dags/example_setup_teardown.py
[2024-06-14T02:36:21.155+0000] {processor.py:840} INFO - DAG(s) 'example_setup_teardown' retrieved from /home/airflow/.local/lib/python3.8/site-packages/airflow/example_dags/example_setup_teardown.py
[2024-06-14T02:36:21.184+0000] {logging_mixin.py:188} INFO - [2024-06-14T02:36:21.184+0000] {dag.py:3047} INFO - Sync 1 DAGs
[2024-06-14T02:36:21.211+0000] {logging_mixin.py:188} INFO - [2024-06-14T02:36:21.211+0000] {dag.py:3834} INFO - Setting next_dagrun for example_setup_teardown to 2024-06-13 00:00:00+00:00, run_after=2024-06-14 00:00:00+00:00
[2024-06-14T02:36:21.243+0000] {processor.py:183} INFO - Processing /home/airflow/.local/lib/python3.8/site-packages/airflow/example_dags/example_setup_teardown.py took 0.109 seconds
[2024-06-14T02:36:51.452+0000] {processor.py:161} INFO - Started process (PID=3234) to work on /home/airflow/.local/lib/python3.8/site-packages/airflow/example_dags/example_setup_teardown.py
[2024-06-14T02:36:51.459+0000] {processor.py:830} INFO - Processing file /home/airflow/.local/lib/python3.8/site-packages/airflow/example_dags/example_setup_teardown.py for tasks to queue
[2024-06-14T02:36:51.472+0000] {logging_mixin.py:188} INFO - [2024-06-14T02:36:51.469+0000] {dagbag.py:540} INFO - Filling up the DagBag from /home/airflow/.local/lib/python3.8/site-packages/airflow/example_dags/example_setup_teardown.py
[2024-06-14T02:36:51.502+0000] {processor.py:840} INFO - DAG(s) 'example_setup_teardown' retrieved from /home/airflow/.local/lib/python3.8/site-packages/airflow/example_dags/example_setup_teardown.py
[2024-06-14T02:36:51.578+0000] {logging_mixin.py:188} INFO - [2024-06-14T02:36:51.577+0000] {dag.py:3047} INFO - Sync 1 DAGs
[2024-06-14T02:36:51.674+0000] {logging_mixin.py:188} INFO - [2024-06-14T02:36:51.674+0000] {dag.py:3834} INFO - Setting next_dagrun for example_setup_teardown to 2024-06-13 00:00:00+00:00, run_after=2024-06-14 00:00:00+00:00
[2024-06-14T02:36:51.754+0000] {processor.py:183} INFO - Processing /home/airflow/.local/lib/python3.8/site-packages/airflow/example_dags/example_setup_teardown.py took 0.315 seconds
[2024-06-14T02:37:21.885+0000] {processor.py:161} INFO - Started process (PID=3295) to work on /home/airflow/.local/lib/python3.8/site-packages/airflow/example_dags/example_setup_teardown.py
[2024-06-14T02:37:21.886+0000] {processor.py:830} INFO - Processing file /home/airflow/.local/lib/python3.8/site-packages/airflow/example_dags/example_setup_teardown.py for tasks to queue
[2024-06-14T02:37:21.889+0000] {logging_mixin.py:188} INFO - [2024-06-14T02:37:21.888+0000] {dagbag.py:540} INFO - Filling up the DagBag from /home/airflow/.local/lib/python3.8/site-packages/airflow/example_dags/example_setup_teardown.py
[2024-06-14T02:37:21.899+0000] {processor.py:840} INFO - DAG(s) 'example_setup_teardown' retrieved from /home/airflow/.local/lib/python3.8/site-packages/airflow/example_dags/example_setup_teardown.py
[2024-06-14T02:37:21.928+0000] {logging_mixin.py:188} INFO - [2024-06-14T02:37:21.928+0000] {dag.py:3047} INFO - Sync 1 DAGs
[2024-06-14T02:37:21.959+0000] {logging_mixin.py:188} INFO - [2024-06-14T02:37:21.958+0000] {dag.py:3834} INFO - Setting next_dagrun for example_setup_teardown to 2024-06-13 00:00:00+00:00, run_after=2024-06-14 00:00:00+00:00
[2024-06-14T02:37:21.986+0000] {processor.py:183} INFO - Processing /home/airflow/.local/lib/python3.8/site-packages/airflow/example_dags/example_setup_teardown.py took 0.107 seconds
