[2024-06-14T02:09:51.723+0000] {processor.py:161} INFO - Started process (PID=74) to work on /home/airflow/.local/lib/python3.8/site-packages/airflow/example_dags/tutorial_dag.py
[2024-06-14T02:09:51.730+0000] {processor.py:830} INFO - Processing file /home/airflow/.local/lib/python3.8/site-packages/airflow/example_dags/tutorial_dag.py for tasks to queue
[2024-06-14T02:09:51.740+0000] {logging_mixin.py:188} INFO - [2024-06-14T02:09:51.736+0000] {dagbag.py:540} INFO - Filling up the DagBag from /home/airflow/.local/lib/python3.8/site-packages/airflow/example_dags/tutorial_dag.py
[2024-06-14T02:09:51.789+0000] {processor.py:840} INFO - DAG(s) 'tutorial_dag' retrieved from /home/airflow/.local/lib/python3.8/site-packages/airflow/example_dags/tutorial_dag.py
[2024-06-14T02:09:51.994+0000] {logging_mixin.py:188} INFO - [2024-06-14T02:09:51.993+0000] {dag.py:3047} INFO - Sync 1 DAGs
[2024-06-14T02:09:52.070+0000] {logging_mixin.py:188} INFO - [2024-06-14T02:09:52.070+0000] {dag.py:3834} INFO - Setting next_dagrun for tutorial_dag to None, run_after=None
[2024-06-14T02:09:52.262+0000] {processor.py:183} INFO - Processing /home/airflow/.local/lib/python3.8/site-packages/airflow/example_dags/tutorial_dag.py took 0.557 seconds
[2024-06-14T02:10:27.905+0000] {processor.py:161} INFO - Started process (PID=56) to work on /home/airflow/.local/lib/python3.8/site-packages/airflow/example_dags/tutorial_dag.py
[2024-06-14T02:10:27.910+0000] {processor.py:830} INFO - Processing file /home/airflow/.local/lib/python3.8/site-packages/airflow/example_dags/tutorial_dag.py for tasks to queue
[2024-06-14T02:10:27.914+0000] {logging_mixin.py:188} INFO - [2024-06-14T02:10:27.914+0000] {dagbag.py:540} INFO - Filling up the DagBag from /home/airflow/.local/lib/python3.8/site-packages/airflow/example_dags/tutorial_dag.py
[2024-06-14T02:10:27.944+0000] {processor.py:840} INFO - DAG(s) 'tutorial_dag' retrieved from /home/airflow/.local/lib/python3.8/site-packages/airflow/example_dags/tutorial_dag.py
[2024-06-14T02:10:28.061+0000] {logging_mixin.py:188} INFO - [2024-06-14T02:10:28.061+0000] {dag.py:3047} INFO - Sync 1 DAGs
[2024-06-14T02:10:28.110+0000] {logging_mixin.py:188} INFO - [2024-06-14T02:10:28.109+0000] {dag.py:3834} INFO - Setting next_dagrun for tutorial_dag to None, run_after=None
[2024-06-14T02:10:28.193+0000] {processor.py:183} INFO - Processing /home/airflow/.local/lib/python3.8/site-packages/airflow/example_dags/tutorial_dag.py took 0.307 seconds
[2024-06-14T02:10:59.107+0000] {processor.py:161} INFO - Started process (PID=143) to work on /home/airflow/.local/lib/python3.8/site-packages/airflow/example_dags/tutorial_dag.py
[2024-06-14T02:10:59.108+0000] {processor.py:830} INFO - Processing file /home/airflow/.local/lib/python3.8/site-packages/airflow/example_dags/tutorial_dag.py for tasks to queue
[2024-06-14T02:10:59.111+0000] {logging_mixin.py:188} INFO - [2024-06-14T02:10:59.111+0000] {dagbag.py:540} INFO - Filling up the DagBag from /home/airflow/.local/lib/python3.8/site-packages/airflow/example_dags/tutorial_dag.py
[2024-06-14T02:10:59.119+0000] {processor.py:840} INFO - DAG(s) 'tutorial_dag' retrieved from /home/airflow/.local/lib/python3.8/site-packages/airflow/example_dags/tutorial_dag.py
[2024-06-14T02:10:59.149+0000] {logging_mixin.py:188} INFO - [2024-06-14T02:10:59.148+0000] {dag.py:3047} INFO - Sync 1 DAGs
[2024-06-14T02:10:59.164+0000] {logging_mixin.py:188} INFO - [2024-06-14T02:10:59.164+0000] {dag.py:3834} INFO - Setting next_dagrun for tutorial_dag to None, run_after=None
[2024-06-14T02:10:59.200+0000] {processor.py:183} INFO - Processing /home/airflow/.local/lib/python3.8/site-packages/airflow/example_dags/tutorial_dag.py took 0.099 seconds
[2024-06-14T02:11:29.650+0000] {processor.py:161} INFO - Started process (PID=213) to work on /home/airflow/.local/lib/python3.8/site-packages/airflow/example_dags/tutorial_dag.py
[2024-06-14T02:11:29.651+0000] {processor.py:830} INFO - Processing file /home/airflow/.local/lib/python3.8/site-packages/airflow/example_dags/tutorial_dag.py for tasks to queue
[2024-06-14T02:11:29.654+0000] {logging_mixin.py:188} INFO - [2024-06-14T02:11:29.654+0000] {dagbag.py:540} INFO - Filling up the DagBag from /home/airflow/.local/lib/python3.8/site-packages/airflow/example_dags/tutorial_dag.py
[2024-06-14T02:11:29.661+0000] {processor.py:840} INFO - DAG(s) 'tutorial_dag' retrieved from /home/airflow/.local/lib/python3.8/site-packages/airflow/example_dags/tutorial_dag.py
[2024-06-14T02:11:29.690+0000] {logging_mixin.py:188} INFO - [2024-06-14T02:11:29.690+0000] {dag.py:3047} INFO - Sync 1 DAGs
[2024-06-14T02:11:29.707+0000] {logging_mixin.py:188} INFO - [2024-06-14T02:11:29.706+0000] {dag.py:3834} INFO - Setting next_dagrun for tutorial_dag to None, run_after=None
[2024-06-14T02:11:29.737+0000] {processor.py:183} INFO - Processing /home/airflow/.local/lib/python3.8/site-packages/airflow/example_dags/tutorial_dag.py took 0.092 seconds
[2024-06-14T02:12:00.809+0000] {processor.py:161} INFO - Started process (PID=282) to work on /home/airflow/.local/lib/python3.8/site-packages/airflow/example_dags/tutorial_dag.py
[2024-06-14T02:12:00.810+0000] {processor.py:830} INFO - Processing file /home/airflow/.local/lib/python3.8/site-packages/airflow/example_dags/tutorial_dag.py for tasks to queue
[2024-06-14T02:12:00.813+0000] {logging_mixin.py:188} INFO - [2024-06-14T02:12:00.813+0000] {dagbag.py:540} INFO - Filling up the DagBag from /home/airflow/.local/lib/python3.8/site-packages/airflow/example_dags/tutorial_dag.py
[2024-06-14T02:12:00.820+0000] {processor.py:840} INFO - DAG(s) 'tutorial_dag' retrieved from /home/airflow/.local/lib/python3.8/site-packages/airflow/example_dags/tutorial_dag.py
[2024-06-14T02:12:00.850+0000] {logging_mixin.py:188} INFO - [2024-06-14T02:12:00.850+0000] {dag.py:3047} INFO - Sync 1 DAGs
[2024-06-14T02:12:00.866+0000] {logging_mixin.py:188} INFO - [2024-06-14T02:12:00.865+0000] {dag.py:3834} INFO - Setting next_dagrun for tutorial_dag to None, run_after=None
[2024-06-14T02:12:00.892+0000] {processor.py:183} INFO - Processing /home/airflow/.local/lib/python3.8/site-packages/airflow/example_dags/tutorial_dag.py took 0.087 seconds
[2024-06-14T02:12:32.362+0000] {processor.py:161} INFO - Started process (PID=343) to work on /home/airflow/.local/lib/python3.8/site-packages/airflow/example_dags/tutorial_dag.py
[2024-06-14T02:12:32.364+0000] {processor.py:830} INFO - Processing file /home/airflow/.local/lib/python3.8/site-packages/airflow/example_dags/tutorial_dag.py for tasks to queue
[2024-06-14T02:12:32.367+0000] {logging_mixin.py:188} INFO - [2024-06-14T02:12:32.366+0000] {dagbag.py:540} INFO - Filling up the DagBag from /home/airflow/.local/lib/python3.8/site-packages/airflow/example_dags/tutorial_dag.py
[2024-06-14T02:12:32.377+0000] {processor.py:840} INFO - DAG(s) 'tutorial_dag' retrieved from /home/airflow/.local/lib/python3.8/site-packages/airflow/example_dags/tutorial_dag.py
[2024-06-14T02:12:32.413+0000] {logging_mixin.py:188} INFO - [2024-06-14T02:12:32.412+0000] {dag.py:3047} INFO - Sync 1 DAGs
[2024-06-14T02:12:32.429+0000] {logging_mixin.py:188} INFO - [2024-06-14T02:12:32.429+0000] {dag.py:3834} INFO - Setting next_dagrun for tutorial_dag to None, run_after=None
[2024-06-14T02:12:32.460+0000] {processor.py:183} INFO - Processing /home/airflow/.local/lib/python3.8/site-packages/airflow/example_dags/tutorial_dag.py took 0.103 seconds
[2024-06-14T02:13:03.738+0000] {processor.py:161} INFO - Started process (PID=404) to work on /home/airflow/.local/lib/python3.8/site-packages/airflow/example_dags/tutorial_dag.py
[2024-06-14T02:13:03.740+0000] {processor.py:830} INFO - Processing file /home/airflow/.local/lib/python3.8/site-packages/airflow/example_dags/tutorial_dag.py for tasks to queue
[2024-06-14T02:13:03.744+0000] {logging_mixin.py:188} INFO - [2024-06-14T02:13:03.743+0000] {dagbag.py:540} INFO - Filling up the DagBag from /home/airflow/.local/lib/python3.8/site-packages/airflow/example_dags/tutorial_dag.py
[2024-06-14T02:13:03.753+0000] {processor.py:840} INFO - DAG(s) 'tutorial_dag' retrieved from /home/airflow/.local/lib/python3.8/site-packages/airflow/example_dags/tutorial_dag.py
[2024-06-14T02:13:03.786+0000] {logging_mixin.py:188} INFO - [2024-06-14T02:13:03.785+0000] {dag.py:3047} INFO - Sync 1 DAGs
[2024-06-14T02:13:03.811+0000] {logging_mixin.py:188} INFO - [2024-06-14T02:13:03.810+0000] {dag.py:3834} INFO - Setting next_dagrun for tutorial_dag to None, run_after=None
[2024-06-14T02:13:03.849+0000] {processor.py:183} INFO - Processing /home/airflow/.local/lib/python3.8/site-packages/airflow/example_dags/tutorial_dag.py took 0.116 seconds
[2024-06-14T02:13:35.270+0000] {processor.py:161} INFO - Started process (PID=471) to work on /home/airflow/.local/lib/python3.8/site-packages/airflow/example_dags/tutorial_dag.py
[2024-06-14T02:13:35.272+0000] {processor.py:830} INFO - Processing file /home/airflow/.local/lib/python3.8/site-packages/airflow/example_dags/tutorial_dag.py for tasks to queue
[2024-06-14T02:13:35.274+0000] {logging_mixin.py:188} INFO - [2024-06-14T02:13:35.274+0000] {dagbag.py:540} INFO - Filling up the DagBag from /home/airflow/.local/lib/python3.8/site-packages/airflow/example_dags/tutorial_dag.py
[2024-06-14T02:13:35.281+0000] {processor.py:840} INFO - DAG(s) 'tutorial_dag' retrieved from /home/airflow/.local/lib/python3.8/site-packages/airflow/example_dags/tutorial_dag.py
[2024-06-14T02:13:35.306+0000] {logging_mixin.py:188} INFO - [2024-06-14T02:13:35.306+0000] {dag.py:3047} INFO - Sync 1 DAGs
[2024-06-14T02:13:35.323+0000] {logging_mixin.py:188} INFO - [2024-06-14T02:13:35.323+0000] {dag.py:3834} INFO - Setting next_dagrun for tutorial_dag to None, run_after=None
[2024-06-14T02:13:35.353+0000] {processor.py:183} INFO - Processing /home/airflow/.local/lib/python3.8/site-packages/airflow/example_dags/tutorial_dag.py took 0.087 seconds
[2024-06-14T02:14:06.646+0000] {processor.py:161} INFO - Started process (PID=533) to work on /home/airflow/.local/lib/python3.8/site-packages/airflow/example_dags/tutorial_dag.py
[2024-06-14T02:14:06.648+0000] {processor.py:830} INFO - Processing file /home/airflow/.local/lib/python3.8/site-packages/airflow/example_dags/tutorial_dag.py for tasks to queue
[2024-06-14T02:14:06.651+0000] {logging_mixin.py:188} INFO - [2024-06-14T02:14:06.651+0000] {dagbag.py:540} INFO - Filling up the DagBag from /home/airflow/.local/lib/python3.8/site-packages/airflow/example_dags/tutorial_dag.py
[2024-06-14T02:14:06.659+0000] {processor.py:840} INFO - DAG(s) 'tutorial_dag' retrieved from /home/airflow/.local/lib/python3.8/site-packages/airflow/example_dags/tutorial_dag.py
[2024-06-14T02:14:06.689+0000] {logging_mixin.py:188} INFO - [2024-06-14T02:14:06.689+0000] {dag.py:3047} INFO - Sync 1 DAGs
[2024-06-14T02:14:06.710+0000] {logging_mixin.py:188} INFO - [2024-06-14T02:14:06.709+0000] {dag.py:3834} INFO - Setting next_dagrun for tutorial_dag to None, run_after=None
[2024-06-14T02:14:06.736+0000] {processor.py:183} INFO - Processing /home/airflow/.local/lib/python3.8/site-packages/airflow/example_dags/tutorial_dag.py took 0.095 seconds
[2024-06-14T02:14:39.027+0000] {processor.py:161} INFO - Started process (PID=594) to work on /home/airflow/.local/lib/python3.8/site-packages/airflow/example_dags/tutorial_dag.py
[2024-06-14T02:14:39.034+0000] {processor.py:830} INFO - Processing file /home/airflow/.local/lib/python3.8/site-packages/airflow/example_dags/tutorial_dag.py for tasks to queue
[2024-06-14T02:14:39.038+0000] {logging_mixin.py:188} INFO - [2024-06-14T02:14:39.038+0000] {dagbag.py:540} INFO - Filling up the DagBag from /home/airflow/.local/lib/python3.8/site-packages/airflow/example_dags/tutorial_dag.py
[2024-06-14T02:14:39.057+0000] {processor.py:840} INFO - DAG(s) 'tutorial_dag' retrieved from /home/airflow/.local/lib/python3.8/site-packages/airflow/example_dags/tutorial_dag.py
[2024-06-14T02:14:39.123+0000] {logging_mixin.py:188} INFO - [2024-06-14T02:14:39.123+0000] {dag.py:3047} INFO - Sync 1 DAGs
[2024-06-14T02:14:39.154+0000] {logging_mixin.py:188} INFO - [2024-06-14T02:14:39.154+0000] {dag.py:3834} INFO - Setting next_dagrun for tutorial_dag to None, run_after=None
[2024-06-14T02:14:39.196+0000] {processor.py:183} INFO - Processing /home/airflow/.local/lib/python3.8/site-packages/airflow/example_dags/tutorial_dag.py took 0.180 seconds
[2024-06-14T02:15:09.913+0000] {processor.py:161} INFO - Started process (PID=655) to work on /home/airflow/.local/lib/python3.8/site-packages/airflow/example_dags/tutorial_dag.py
[2024-06-14T02:15:09.914+0000] {processor.py:830} INFO - Processing file /home/airflow/.local/lib/python3.8/site-packages/airflow/example_dags/tutorial_dag.py for tasks to queue
[2024-06-14T02:15:09.918+0000] {logging_mixin.py:188} INFO - [2024-06-14T02:15:09.917+0000] {dagbag.py:540} INFO - Filling up the DagBag from /home/airflow/.local/lib/python3.8/site-packages/airflow/example_dags/tutorial_dag.py
[2024-06-14T02:15:09.925+0000] {processor.py:840} INFO - DAG(s) 'tutorial_dag' retrieved from /home/airflow/.local/lib/python3.8/site-packages/airflow/example_dags/tutorial_dag.py
[2024-06-14T02:15:09.953+0000] {logging_mixin.py:188} INFO - [2024-06-14T02:15:09.952+0000] {dag.py:3047} INFO - Sync 1 DAGs
[2024-06-14T02:15:09.970+0000] {logging_mixin.py:188} INFO - [2024-06-14T02:15:09.970+0000] {dag.py:3834} INFO - Setting next_dagrun for tutorial_dag to None, run_after=None
[2024-06-14T02:15:09.993+0000] {processor.py:183} INFO - Processing /home/airflow/.local/lib/python3.8/site-packages/airflow/example_dags/tutorial_dag.py took 0.085 seconds
[2024-06-14T02:15:41.639+0000] {processor.py:161} INFO - Started process (PID=716) to work on /home/airflow/.local/lib/python3.8/site-packages/airflow/example_dags/tutorial_dag.py
[2024-06-14T02:15:41.640+0000] {processor.py:830} INFO - Processing file /home/airflow/.local/lib/python3.8/site-packages/airflow/example_dags/tutorial_dag.py for tasks to queue
[2024-06-14T02:15:41.644+0000] {logging_mixin.py:188} INFO - [2024-06-14T02:15:41.643+0000] {dagbag.py:540} INFO - Filling up the DagBag from /home/airflow/.local/lib/python3.8/site-packages/airflow/example_dags/tutorial_dag.py
[2024-06-14T02:15:41.655+0000] {processor.py:840} INFO - DAG(s) 'tutorial_dag' retrieved from /home/airflow/.local/lib/python3.8/site-packages/airflow/example_dags/tutorial_dag.py
[2024-06-14T02:15:41.683+0000] {logging_mixin.py:188} INFO - [2024-06-14T02:15:41.682+0000] {dag.py:3047} INFO - Sync 1 DAGs
[2024-06-14T02:15:41.704+0000] {logging_mixin.py:188} INFO - [2024-06-14T02:15:41.704+0000] {dag.py:3834} INFO - Setting next_dagrun for tutorial_dag to None, run_after=None
[2024-06-14T02:15:41.742+0000] {processor.py:183} INFO - Processing /home/airflow/.local/lib/python3.8/site-packages/airflow/example_dags/tutorial_dag.py took 0.108 seconds
[2024-06-14T02:16:13.773+0000] {processor.py:161} INFO - Started process (PID=776) to work on /home/airflow/.local/lib/python3.8/site-packages/airflow/example_dags/tutorial_dag.py
[2024-06-14T02:16:13.778+0000] {processor.py:830} INFO - Processing file /home/airflow/.local/lib/python3.8/site-packages/airflow/example_dags/tutorial_dag.py for tasks to queue
[2024-06-14T02:16:13.781+0000] {logging_mixin.py:188} INFO - [2024-06-14T02:16:13.781+0000] {dagbag.py:540} INFO - Filling up the DagBag from /home/airflow/.local/lib/python3.8/site-packages/airflow/example_dags/tutorial_dag.py
[2024-06-14T02:16:13.792+0000] {processor.py:840} INFO - DAG(s) 'tutorial_dag' retrieved from /home/airflow/.local/lib/python3.8/site-packages/airflow/example_dags/tutorial_dag.py
[2024-06-14T02:16:13.829+0000] {logging_mixin.py:188} INFO - [2024-06-14T02:16:13.829+0000] {dag.py:3047} INFO - Sync 1 DAGs
[2024-06-14T02:16:13.855+0000] {logging_mixin.py:188} INFO - [2024-06-14T02:16:13.855+0000] {dag.py:3834} INFO - Setting next_dagrun for tutorial_dag to None, run_after=None
[2024-06-14T02:16:13.893+0000] {processor.py:183} INFO - Processing /home/airflow/.local/lib/python3.8/site-packages/airflow/example_dags/tutorial_dag.py took 0.124 seconds
[2024-06-14T02:16:46.064+0000] {processor.py:161} INFO - Started process (PID=838) to work on /home/airflow/.local/lib/python3.8/site-packages/airflow/example_dags/tutorial_dag.py
[2024-06-14T02:16:46.124+0000] {processor.py:830} INFO - Processing file /home/airflow/.local/lib/python3.8/site-packages/airflow/example_dags/tutorial_dag.py for tasks to queue
[2024-06-14T02:16:46.137+0000] {logging_mixin.py:188} INFO - [2024-06-14T02:16:46.137+0000] {dagbag.py:540} INFO - Filling up the DagBag from /home/airflow/.local/lib/python3.8/site-packages/airflow/example_dags/tutorial_dag.py
[2024-06-14T02:16:46.167+0000] {processor.py:840} INFO - DAG(s) 'tutorial_dag' retrieved from /home/airflow/.local/lib/python3.8/site-packages/airflow/example_dags/tutorial_dag.py
[2024-06-14T02:16:46.228+0000] {logging_mixin.py:188} INFO - [2024-06-14T02:16:46.228+0000] {dag.py:3047} INFO - Sync 1 DAGs
[2024-06-14T02:16:46.274+0000] {logging_mixin.py:188} INFO - [2024-06-14T02:16:46.273+0000] {dag.py:3834} INFO - Setting next_dagrun for tutorial_dag to None, run_after=None
[2024-06-14T02:16:46.480+0000] {processor.py:183} INFO - Processing /home/airflow/.local/lib/python3.8/site-packages/airflow/example_dags/tutorial_dag.py took 0.430 seconds
[2024-06-14T02:17:17.328+0000] {processor.py:161} INFO - Started process (PID=899) to work on /home/airflow/.local/lib/python3.8/site-packages/airflow/example_dags/tutorial_dag.py
[2024-06-14T02:17:17.330+0000] {processor.py:830} INFO - Processing file /home/airflow/.local/lib/python3.8/site-packages/airflow/example_dags/tutorial_dag.py for tasks to queue
[2024-06-14T02:17:17.333+0000] {logging_mixin.py:188} INFO - [2024-06-14T02:17:17.332+0000] {dagbag.py:540} INFO - Filling up the DagBag from /home/airflow/.local/lib/python3.8/site-packages/airflow/example_dags/tutorial_dag.py
[2024-06-14T02:17:17.343+0000] {processor.py:840} INFO - DAG(s) 'tutorial_dag' retrieved from /home/airflow/.local/lib/python3.8/site-packages/airflow/example_dags/tutorial_dag.py
[2024-06-14T02:17:17.392+0000] {logging_mixin.py:188} INFO - [2024-06-14T02:17:17.392+0000] {dag.py:3047} INFO - Sync 1 DAGs
[2024-06-14T02:17:17.425+0000] {logging_mixin.py:188} INFO - [2024-06-14T02:17:17.425+0000] {dag.py:3834} INFO - Setting next_dagrun for tutorial_dag to None, run_after=None
[2024-06-14T02:17:17.469+0000] {processor.py:183} INFO - Processing /home/airflow/.local/lib/python3.8/site-packages/airflow/example_dags/tutorial_dag.py took 0.147 seconds
[2024-06-14T02:17:48.674+0000] {processor.py:161} INFO - Started process (PID=960) to work on /home/airflow/.local/lib/python3.8/site-packages/airflow/example_dags/tutorial_dag.py
[2024-06-14T02:17:48.677+0000] {processor.py:830} INFO - Processing file /home/airflow/.local/lib/python3.8/site-packages/airflow/example_dags/tutorial_dag.py for tasks to queue
[2024-06-14T02:17:48.682+0000] {logging_mixin.py:188} INFO - [2024-06-14T02:17:48.681+0000] {dagbag.py:540} INFO - Filling up the DagBag from /home/airflow/.local/lib/python3.8/site-packages/airflow/example_dags/tutorial_dag.py
[2024-06-14T02:17:48.693+0000] {processor.py:840} INFO - DAG(s) 'tutorial_dag' retrieved from /home/airflow/.local/lib/python3.8/site-packages/airflow/example_dags/tutorial_dag.py
[2024-06-14T02:17:48.730+0000] {logging_mixin.py:188} INFO - [2024-06-14T02:17:48.730+0000] {dag.py:3047} INFO - Sync 1 DAGs
[2024-06-14T02:17:48.751+0000] {logging_mixin.py:188} INFO - [2024-06-14T02:17:48.751+0000] {dag.py:3834} INFO - Setting next_dagrun for tutorial_dag to None, run_after=None
[2024-06-14T02:17:48.777+0000] {processor.py:183} INFO - Processing /home/airflow/.local/lib/python3.8/site-packages/airflow/example_dags/tutorial_dag.py took 0.111 seconds
[2024-06-14T02:18:19.220+0000] {processor.py:161} INFO - Started process (PID=1019) to work on /home/airflow/.local/lib/python3.8/site-packages/airflow/example_dags/tutorial_dag.py
[2024-06-14T02:18:19.222+0000] {processor.py:830} INFO - Processing file /home/airflow/.local/lib/python3.8/site-packages/airflow/example_dags/tutorial_dag.py for tasks to queue
[2024-06-14T02:18:19.224+0000] {logging_mixin.py:188} INFO - [2024-06-14T02:18:19.224+0000] {dagbag.py:540} INFO - Filling up the DagBag from /home/airflow/.local/lib/python3.8/site-packages/airflow/example_dags/tutorial_dag.py
[2024-06-14T02:18:19.230+0000] {processor.py:840} INFO - DAG(s) 'tutorial_dag' retrieved from /home/airflow/.local/lib/python3.8/site-packages/airflow/example_dags/tutorial_dag.py
[2024-06-14T02:18:19.256+0000] {logging_mixin.py:188} INFO - [2024-06-14T02:18:19.256+0000] {dag.py:3047} INFO - Sync 1 DAGs
[2024-06-14T02:18:19.270+0000] {logging_mixin.py:188} INFO - [2024-06-14T02:18:19.270+0000] {dag.py:3834} INFO - Setting next_dagrun for tutorial_dag to None, run_after=None
[2024-06-14T02:18:19.295+0000] {processor.py:183} INFO - Processing /home/airflow/.local/lib/python3.8/site-packages/airflow/example_dags/tutorial_dag.py took 0.080 seconds
[2024-06-14T02:18:50.304+0000] {processor.py:161} INFO - Started process (PID=1080) to work on /home/airflow/.local/lib/python3.8/site-packages/airflow/example_dags/tutorial_dag.py
[2024-06-14T02:18:50.306+0000] {processor.py:830} INFO - Processing file /home/airflow/.local/lib/python3.8/site-packages/airflow/example_dags/tutorial_dag.py for tasks to queue
[2024-06-14T02:18:50.309+0000] {logging_mixin.py:188} INFO - [2024-06-14T02:18:50.308+0000] {dagbag.py:540} INFO - Filling up the DagBag from /home/airflow/.local/lib/python3.8/site-packages/airflow/example_dags/tutorial_dag.py
[2024-06-14T02:18:50.316+0000] {processor.py:840} INFO - DAG(s) 'tutorial_dag' retrieved from /home/airflow/.local/lib/python3.8/site-packages/airflow/example_dags/tutorial_dag.py
[2024-06-14T02:18:50.345+0000] {logging_mixin.py:188} INFO - [2024-06-14T02:18:50.345+0000] {dag.py:3047} INFO - Sync 1 DAGs
[2024-06-14T02:18:50.359+0000] {logging_mixin.py:188} INFO - [2024-06-14T02:18:50.359+0000] {dag.py:3834} INFO - Setting next_dagrun for tutorial_dag to None, run_after=None
[2024-06-14T02:18:50.384+0000] {processor.py:183} INFO - Processing /home/airflow/.local/lib/python3.8/site-packages/airflow/example_dags/tutorial_dag.py took 0.084 seconds
[2024-06-14T02:19:21.805+0000] {processor.py:161} INFO - Started process (PID=1141) to work on /home/airflow/.local/lib/python3.8/site-packages/airflow/example_dags/tutorial_dag.py
[2024-06-14T02:19:21.807+0000] {processor.py:830} INFO - Processing file /home/airflow/.local/lib/python3.8/site-packages/airflow/example_dags/tutorial_dag.py for tasks to queue
[2024-06-14T02:19:21.810+0000] {logging_mixin.py:188} INFO - [2024-06-14T02:19:21.810+0000] {dagbag.py:540} INFO - Filling up the DagBag from /home/airflow/.local/lib/python3.8/site-packages/airflow/example_dags/tutorial_dag.py
[2024-06-14T02:19:21.819+0000] {processor.py:840} INFO - DAG(s) 'tutorial_dag' retrieved from /home/airflow/.local/lib/python3.8/site-packages/airflow/example_dags/tutorial_dag.py
[2024-06-14T02:19:21.844+0000] {logging_mixin.py:188} INFO - [2024-06-14T02:19:21.844+0000] {dag.py:3047} INFO - Sync 1 DAGs
[2024-06-14T02:19:21.859+0000] {logging_mixin.py:188} INFO - [2024-06-14T02:19:21.859+0000] {dag.py:3834} INFO - Setting next_dagrun for tutorial_dag to None, run_after=None
[2024-06-14T02:19:21.884+0000] {processor.py:183} INFO - Processing /home/airflow/.local/lib/python3.8/site-packages/airflow/example_dags/tutorial_dag.py took 0.084 seconds
[2024-06-14T02:19:53.282+0000] {processor.py:161} INFO - Started process (PID=1202) to work on /home/airflow/.local/lib/python3.8/site-packages/airflow/example_dags/tutorial_dag.py
[2024-06-14T02:19:53.284+0000] {processor.py:830} INFO - Processing file /home/airflow/.local/lib/python3.8/site-packages/airflow/example_dags/tutorial_dag.py for tasks to queue
[2024-06-14T02:19:53.287+0000] {logging_mixin.py:188} INFO - [2024-06-14T02:19:53.286+0000] {dagbag.py:540} INFO - Filling up the DagBag from /home/airflow/.local/lib/python3.8/site-packages/airflow/example_dags/tutorial_dag.py
[2024-06-14T02:19:53.294+0000] {processor.py:840} INFO - DAG(s) 'tutorial_dag' retrieved from /home/airflow/.local/lib/python3.8/site-packages/airflow/example_dags/tutorial_dag.py
[2024-06-14T02:19:53.322+0000] {logging_mixin.py:188} INFO - [2024-06-14T02:19:53.321+0000] {dag.py:3047} INFO - Sync 1 DAGs
[2024-06-14T02:19:53.340+0000] {logging_mixin.py:188} INFO - [2024-06-14T02:19:53.340+0000] {dag.py:3834} INFO - Setting next_dagrun for tutorial_dag to None, run_after=None
[2024-06-14T02:19:53.369+0000] {processor.py:183} INFO - Processing /home/airflow/.local/lib/python3.8/site-packages/airflow/example_dags/tutorial_dag.py took 0.090 seconds
[2024-06-14T02:20:24.232+0000] {processor.py:161} INFO - Started process (PID=1263) to work on /home/airflow/.local/lib/python3.8/site-packages/airflow/example_dags/tutorial_dag.py
[2024-06-14T02:20:24.235+0000] {processor.py:830} INFO - Processing file /home/airflow/.local/lib/python3.8/site-packages/airflow/example_dags/tutorial_dag.py for tasks to queue
[2024-06-14T02:20:24.238+0000] {logging_mixin.py:188} INFO - [2024-06-14T02:20:24.238+0000] {dagbag.py:540} INFO - Filling up the DagBag from /home/airflow/.local/lib/python3.8/site-packages/airflow/example_dags/tutorial_dag.py
[2024-06-14T02:20:24.253+0000] {processor.py:840} INFO - DAG(s) 'tutorial_dag' retrieved from /home/airflow/.local/lib/python3.8/site-packages/airflow/example_dags/tutorial_dag.py
[2024-06-14T02:20:24.289+0000] {logging_mixin.py:188} INFO - [2024-06-14T02:20:24.289+0000] {dag.py:3047} INFO - Sync 1 DAGs
[2024-06-14T02:20:24.311+0000] {logging_mixin.py:188} INFO - [2024-06-14T02:20:24.311+0000] {dag.py:3834} INFO - Setting next_dagrun for tutorial_dag to None, run_after=None
[2024-06-14T02:20:24.346+0000] {processor.py:183} INFO - Processing /home/airflow/.local/lib/python3.8/site-packages/airflow/example_dags/tutorial_dag.py took 0.121 seconds
[2024-06-14T02:20:54.960+0000] {processor.py:161} INFO - Started process (PID=1321) to work on /home/airflow/.local/lib/python3.8/site-packages/airflow/example_dags/tutorial_dag.py
[2024-06-14T02:20:54.961+0000] {processor.py:830} INFO - Processing file /home/airflow/.local/lib/python3.8/site-packages/airflow/example_dags/tutorial_dag.py for tasks to queue
[2024-06-14T02:20:54.963+0000] {logging_mixin.py:188} INFO - [2024-06-14T02:20:54.963+0000] {dagbag.py:540} INFO - Filling up the DagBag from /home/airflow/.local/lib/python3.8/site-packages/airflow/example_dags/tutorial_dag.py
[2024-06-14T02:20:54.971+0000] {processor.py:840} INFO - DAG(s) 'tutorial_dag' retrieved from /home/airflow/.local/lib/python3.8/site-packages/airflow/example_dags/tutorial_dag.py
[2024-06-14T02:20:55.000+0000] {logging_mixin.py:188} INFO - [2024-06-14T02:20:54.999+0000] {dag.py:3047} INFO - Sync 1 DAGs
[2024-06-14T02:20:55.018+0000] {logging_mixin.py:188} INFO - [2024-06-14T02:20:55.018+0000] {dag.py:3834} INFO - Setting next_dagrun for tutorial_dag to None, run_after=None
[2024-06-14T02:20:55.047+0000] {processor.py:183} INFO - Processing /home/airflow/.local/lib/python3.8/site-packages/airflow/example_dags/tutorial_dag.py took 0.091 seconds
[2024-06-14T02:21:25.819+0000] {processor.py:161} INFO - Started process (PID=1382) to work on /home/airflow/.local/lib/python3.8/site-packages/airflow/example_dags/tutorial_dag.py
[2024-06-14T02:21:25.821+0000] {processor.py:830} INFO - Processing file /home/airflow/.local/lib/python3.8/site-packages/airflow/example_dags/tutorial_dag.py for tasks to queue
[2024-06-14T02:21:25.826+0000] {logging_mixin.py:188} INFO - [2024-06-14T02:21:25.825+0000] {dagbag.py:540} INFO - Filling up the DagBag from /home/airflow/.local/lib/python3.8/site-packages/airflow/example_dags/tutorial_dag.py
[2024-06-14T02:21:25.837+0000] {processor.py:840} INFO - DAG(s) 'tutorial_dag' retrieved from /home/airflow/.local/lib/python3.8/site-packages/airflow/example_dags/tutorial_dag.py
[2024-06-14T02:21:25.878+0000] {logging_mixin.py:188} INFO - [2024-06-14T02:21:25.877+0000] {dag.py:3047} INFO - Sync 1 DAGs
[2024-06-14T02:21:25.906+0000] {logging_mixin.py:188} INFO - [2024-06-14T02:21:25.905+0000] {dag.py:3834} INFO - Setting next_dagrun for tutorial_dag to None, run_after=None
[2024-06-14T02:21:25.949+0000] {processor.py:183} INFO - Processing /home/airflow/.local/lib/python3.8/site-packages/airflow/example_dags/tutorial_dag.py took 0.139 seconds
[2024-06-14T02:21:56.156+0000] {processor.py:161} INFO - Started process (PID=1442) to work on /home/airflow/.local/lib/python3.8/site-packages/airflow/example_dags/tutorial_dag.py
[2024-06-14T02:21:56.158+0000] {processor.py:830} INFO - Processing file /home/airflow/.local/lib/python3.8/site-packages/airflow/example_dags/tutorial_dag.py for tasks to queue
[2024-06-14T02:21:56.163+0000] {logging_mixin.py:188} INFO - [2024-06-14T02:21:56.163+0000] {dagbag.py:540} INFO - Filling up the DagBag from /home/airflow/.local/lib/python3.8/site-packages/airflow/example_dags/tutorial_dag.py
[2024-06-14T02:21:56.174+0000] {processor.py:840} INFO - DAG(s) 'tutorial_dag' retrieved from /home/airflow/.local/lib/python3.8/site-packages/airflow/example_dags/tutorial_dag.py
[2024-06-14T02:21:56.210+0000] {logging_mixin.py:188} INFO - [2024-06-14T02:21:56.210+0000] {dag.py:3047} INFO - Sync 1 DAGs
[2024-06-14T02:21:56.227+0000] {logging_mixin.py:188} INFO - [2024-06-14T02:21:56.227+0000] {dag.py:3834} INFO - Setting next_dagrun for tutorial_dag to None, run_after=None
[2024-06-14T02:21:56.256+0000] {processor.py:183} INFO - Processing /home/airflow/.local/lib/python3.8/site-packages/airflow/example_dags/tutorial_dag.py took 0.105 seconds
[2024-06-14T02:22:27.007+0000] {processor.py:161} INFO - Started process (PID=1503) to work on /home/airflow/.local/lib/python3.8/site-packages/airflow/example_dags/tutorial_dag.py
[2024-06-14T02:22:27.009+0000] {processor.py:830} INFO - Processing file /home/airflow/.local/lib/python3.8/site-packages/airflow/example_dags/tutorial_dag.py for tasks to queue
[2024-06-14T02:22:27.012+0000] {logging_mixin.py:188} INFO - [2024-06-14T02:22:27.012+0000] {dagbag.py:540} INFO - Filling up the DagBag from /home/airflow/.local/lib/python3.8/site-packages/airflow/example_dags/tutorial_dag.py
[2024-06-14T02:22:27.020+0000] {processor.py:840} INFO - DAG(s) 'tutorial_dag' retrieved from /home/airflow/.local/lib/python3.8/site-packages/airflow/example_dags/tutorial_dag.py
[2024-06-14T02:22:27.050+0000] {logging_mixin.py:188} INFO - [2024-06-14T02:22:27.050+0000] {dag.py:3047} INFO - Sync 1 DAGs
[2024-06-14T02:22:27.064+0000] {logging_mixin.py:188} INFO - [2024-06-14T02:22:27.064+0000] {dag.py:3834} INFO - Setting next_dagrun for tutorial_dag to None, run_after=None
[2024-06-14T02:22:27.092+0000] {processor.py:183} INFO - Processing /home/airflow/.local/lib/python3.8/site-packages/airflow/example_dags/tutorial_dag.py took 0.088 seconds
[2024-06-14T02:22:57.414+0000] {processor.py:161} INFO - Started process (PID=1564) to work on /home/airflow/.local/lib/python3.8/site-packages/airflow/example_dags/tutorial_dag.py
[2024-06-14T02:22:57.416+0000] {processor.py:830} INFO - Processing file /home/airflow/.local/lib/python3.8/site-packages/airflow/example_dags/tutorial_dag.py for tasks to queue
[2024-06-14T02:22:57.418+0000] {logging_mixin.py:188} INFO - [2024-06-14T02:22:57.418+0000] {dagbag.py:540} INFO - Filling up the DagBag from /home/airflow/.local/lib/python3.8/site-packages/airflow/example_dags/tutorial_dag.py
[2024-06-14T02:22:57.424+0000] {processor.py:840} INFO - DAG(s) 'tutorial_dag' retrieved from /home/airflow/.local/lib/python3.8/site-packages/airflow/example_dags/tutorial_dag.py
[2024-06-14T02:22:57.451+0000] {logging_mixin.py:188} INFO - [2024-06-14T02:22:57.450+0000] {dag.py:3047} INFO - Sync 1 DAGs
[2024-06-14T02:22:57.464+0000] {logging_mixin.py:188} INFO - [2024-06-14T02:22:57.464+0000] {dag.py:3834} INFO - Setting next_dagrun for tutorial_dag to None, run_after=None
[2024-06-14T02:22:57.493+0000] {processor.py:183} INFO - Processing /home/airflow/.local/lib/python3.8/site-packages/airflow/example_dags/tutorial_dag.py took 0.084 seconds
[2024-06-14T02:23:27.773+0000] {processor.py:161} INFO - Started process (PID=1626) to work on /home/airflow/.local/lib/python3.8/site-packages/airflow/example_dags/tutorial_dag.py
[2024-06-14T02:23:27.775+0000] {processor.py:830} INFO - Processing file /home/airflow/.local/lib/python3.8/site-packages/airflow/example_dags/tutorial_dag.py for tasks to queue
[2024-06-14T02:23:27.777+0000] {logging_mixin.py:188} INFO - [2024-06-14T02:23:27.777+0000] {dagbag.py:540} INFO - Filling up the DagBag from /home/airflow/.local/lib/python3.8/site-packages/airflow/example_dags/tutorial_dag.py
[2024-06-14T02:23:27.786+0000] {processor.py:840} INFO - DAG(s) 'tutorial_dag' retrieved from /home/airflow/.local/lib/python3.8/site-packages/airflow/example_dags/tutorial_dag.py
[2024-06-14T02:23:27.818+0000] {logging_mixin.py:188} INFO - [2024-06-14T02:23:27.817+0000] {dag.py:3047} INFO - Sync 1 DAGs
[2024-06-14T02:23:27.836+0000] {logging_mixin.py:188} INFO - [2024-06-14T02:23:27.836+0000] {dag.py:3834} INFO - Setting next_dagrun for tutorial_dag to None, run_after=None
[2024-06-14T02:23:27.866+0000] {processor.py:183} INFO - Processing /home/airflow/.local/lib/python3.8/site-packages/airflow/example_dags/tutorial_dag.py took 0.097 seconds
[2024-06-14T02:23:58.264+0000] {processor.py:161} INFO - Started process (PID=1687) to work on /home/airflow/.local/lib/python3.8/site-packages/airflow/example_dags/tutorial_dag.py
[2024-06-14T02:23:58.266+0000] {processor.py:830} INFO - Processing file /home/airflow/.local/lib/python3.8/site-packages/airflow/example_dags/tutorial_dag.py for tasks to queue
[2024-06-14T02:23:58.269+0000] {logging_mixin.py:188} INFO - [2024-06-14T02:23:58.268+0000] {dagbag.py:540} INFO - Filling up the DagBag from /home/airflow/.local/lib/python3.8/site-packages/airflow/example_dags/tutorial_dag.py
[2024-06-14T02:23:58.277+0000] {processor.py:840} INFO - DAG(s) 'tutorial_dag' retrieved from /home/airflow/.local/lib/python3.8/site-packages/airflow/example_dags/tutorial_dag.py
[2024-06-14T02:23:58.308+0000] {logging_mixin.py:188} INFO - [2024-06-14T02:23:58.307+0000] {dag.py:3047} INFO - Sync 1 DAGs
[2024-06-14T02:23:58.327+0000] {logging_mixin.py:188} INFO - [2024-06-14T02:23:58.326+0000] {dag.py:3834} INFO - Setting next_dagrun for tutorial_dag to None, run_after=None
[2024-06-14T02:23:58.364+0000] {processor.py:183} INFO - Processing /home/airflow/.local/lib/python3.8/site-packages/airflow/example_dags/tutorial_dag.py took 0.104 seconds
[2024-06-14T02:24:28.514+0000] {processor.py:161} INFO - Started process (PID=1748) to work on /home/airflow/.local/lib/python3.8/site-packages/airflow/example_dags/tutorial_dag.py
[2024-06-14T02:24:28.515+0000] {processor.py:830} INFO - Processing file /home/airflow/.local/lib/python3.8/site-packages/airflow/example_dags/tutorial_dag.py for tasks to queue
[2024-06-14T02:24:28.519+0000] {logging_mixin.py:188} INFO - [2024-06-14T02:24:28.518+0000] {dagbag.py:540} INFO - Filling up the DagBag from /home/airflow/.local/lib/python3.8/site-packages/airflow/example_dags/tutorial_dag.py
[2024-06-14T02:24:28.527+0000] {processor.py:840} INFO - DAG(s) 'tutorial_dag' retrieved from /home/airflow/.local/lib/python3.8/site-packages/airflow/example_dags/tutorial_dag.py
[2024-06-14T02:24:28.558+0000] {logging_mixin.py:188} INFO - [2024-06-14T02:24:28.557+0000] {dag.py:3047} INFO - Sync 1 DAGs
[2024-06-14T02:24:28.577+0000] {logging_mixin.py:188} INFO - [2024-06-14T02:24:28.577+0000] {dag.py:3834} INFO - Setting next_dagrun for tutorial_dag to None, run_after=None
[2024-06-14T02:24:28.610+0000] {processor.py:183} INFO - Processing /home/airflow/.local/lib/python3.8/site-packages/airflow/example_dags/tutorial_dag.py took 0.102 seconds
[2024-06-14T02:24:58.809+0000] {processor.py:161} INFO - Started process (PID=1809) to work on /home/airflow/.local/lib/python3.8/site-packages/airflow/example_dags/tutorial_dag.py
[2024-06-14T02:24:58.811+0000] {processor.py:830} INFO - Processing file /home/airflow/.local/lib/python3.8/site-packages/airflow/example_dags/tutorial_dag.py for tasks to queue
[2024-06-14T02:24:58.815+0000] {logging_mixin.py:188} INFO - [2024-06-14T02:24:58.814+0000] {dagbag.py:540} INFO - Filling up the DagBag from /home/airflow/.local/lib/python3.8/site-packages/airflow/example_dags/tutorial_dag.py
[2024-06-14T02:24:58.825+0000] {processor.py:840} INFO - DAG(s) 'tutorial_dag' retrieved from /home/airflow/.local/lib/python3.8/site-packages/airflow/example_dags/tutorial_dag.py
[2024-06-14T02:24:58.861+0000] {logging_mixin.py:188} INFO - [2024-06-14T02:24:58.860+0000] {dag.py:3047} INFO - Sync 1 DAGs
[2024-06-14T02:24:58.880+0000] {logging_mixin.py:188} INFO - [2024-06-14T02:24:58.880+0000] {dag.py:3834} INFO - Setting next_dagrun for tutorial_dag to None, run_after=None
[2024-06-14T02:24:58.910+0000] {processor.py:183} INFO - Processing /home/airflow/.local/lib/python3.8/site-packages/airflow/example_dags/tutorial_dag.py took 0.108 seconds
[2024-06-14T02:25:29.077+0000] {processor.py:161} INFO - Started process (PID=1870) to work on /home/airflow/.local/lib/python3.8/site-packages/airflow/example_dags/tutorial_dag.py
[2024-06-14T02:25:29.079+0000] {processor.py:830} INFO - Processing file /home/airflow/.local/lib/python3.8/site-packages/airflow/example_dags/tutorial_dag.py for tasks to queue
[2024-06-14T02:25:29.082+0000] {logging_mixin.py:188} INFO - [2024-06-14T02:25:29.082+0000] {dagbag.py:540} INFO - Filling up the DagBag from /home/airflow/.local/lib/python3.8/site-packages/airflow/example_dags/tutorial_dag.py
[2024-06-14T02:25:29.091+0000] {processor.py:840} INFO - DAG(s) 'tutorial_dag' retrieved from /home/airflow/.local/lib/python3.8/site-packages/airflow/example_dags/tutorial_dag.py
[2024-06-14T02:25:29.121+0000] {logging_mixin.py:188} INFO - [2024-06-14T02:25:29.121+0000] {dag.py:3047} INFO - Sync 1 DAGs
[2024-06-14T02:25:29.138+0000] {logging_mixin.py:188} INFO - [2024-06-14T02:25:29.138+0000] {dag.py:3834} INFO - Setting next_dagrun for tutorial_dag to None, run_after=None
[2024-06-14T02:25:29.171+0000] {processor.py:183} INFO - Processing /home/airflow/.local/lib/python3.8/site-packages/airflow/example_dags/tutorial_dag.py took 0.099 seconds
[2024-06-14T02:25:59.543+0000] {processor.py:161} INFO - Started process (PID=1932) to work on /home/airflow/.local/lib/python3.8/site-packages/airflow/example_dags/tutorial_dag.py
[2024-06-14T02:25:59.545+0000] {processor.py:830} INFO - Processing file /home/airflow/.local/lib/python3.8/site-packages/airflow/example_dags/tutorial_dag.py for tasks to queue
[2024-06-14T02:25:59.548+0000] {logging_mixin.py:188} INFO - [2024-06-14T02:25:59.547+0000] {dagbag.py:540} INFO - Filling up the DagBag from /home/airflow/.local/lib/python3.8/site-packages/airflow/example_dags/tutorial_dag.py
[2024-06-14T02:25:59.557+0000] {processor.py:840} INFO - DAG(s) 'tutorial_dag' retrieved from /home/airflow/.local/lib/python3.8/site-packages/airflow/example_dags/tutorial_dag.py
[2024-06-14T02:25:59.588+0000] {logging_mixin.py:188} INFO - [2024-06-14T02:25:59.587+0000] {dag.py:3047} INFO - Sync 1 DAGs
[2024-06-14T02:25:59.609+0000] {logging_mixin.py:188} INFO - [2024-06-14T02:25:59.608+0000] {dag.py:3834} INFO - Setting next_dagrun for tutorial_dag to None, run_after=None
[2024-06-14T02:25:59.638+0000] {processor.py:183} INFO - Processing /home/airflow/.local/lib/python3.8/site-packages/airflow/example_dags/tutorial_dag.py took 0.100 seconds
[2024-06-14T02:26:30.169+0000] {processor.py:161} INFO - Started process (PID=1993) to work on /home/airflow/.local/lib/python3.8/site-packages/airflow/example_dags/tutorial_dag.py
[2024-06-14T02:26:30.171+0000] {processor.py:830} INFO - Processing file /home/airflow/.local/lib/python3.8/site-packages/airflow/example_dags/tutorial_dag.py for tasks to queue
[2024-06-14T02:26:30.174+0000] {logging_mixin.py:188} INFO - [2024-06-14T02:26:30.173+0000] {dagbag.py:540} INFO - Filling up the DagBag from /home/airflow/.local/lib/python3.8/site-packages/airflow/example_dags/tutorial_dag.py
[2024-06-14T02:26:30.181+0000] {processor.py:840} INFO - DAG(s) 'tutorial_dag' retrieved from /home/airflow/.local/lib/python3.8/site-packages/airflow/example_dags/tutorial_dag.py
[2024-06-14T02:26:30.211+0000] {logging_mixin.py:188} INFO - [2024-06-14T02:26:30.211+0000] {dag.py:3047} INFO - Sync 1 DAGs
[2024-06-14T02:26:30.228+0000] {logging_mixin.py:188} INFO - [2024-06-14T02:26:30.228+0000] {dag.py:3834} INFO - Setting next_dagrun for tutorial_dag to None, run_after=None
[2024-06-14T02:26:30.268+0000] {processor.py:183} INFO - Processing /home/airflow/.local/lib/python3.8/site-packages/airflow/example_dags/tutorial_dag.py took 0.104 seconds
[2024-06-14T02:27:00.587+0000] {processor.py:161} INFO - Started process (PID=2054) to work on /home/airflow/.local/lib/python3.8/site-packages/airflow/example_dags/tutorial_dag.py
[2024-06-14T02:27:00.588+0000] {processor.py:830} INFO - Processing file /home/airflow/.local/lib/python3.8/site-packages/airflow/example_dags/tutorial_dag.py for tasks to queue
[2024-06-14T02:27:00.592+0000] {logging_mixin.py:188} INFO - [2024-06-14T02:27:00.591+0000] {dagbag.py:540} INFO - Filling up the DagBag from /home/airflow/.local/lib/python3.8/site-packages/airflow/example_dags/tutorial_dag.py
[2024-06-14T02:27:00.603+0000] {processor.py:840} INFO - DAG(s) 'tutorial_dag' retrieved from /home/airflow/.local/lib/python3.8/site-packages/airflow/example_dags/tutorial_dag.py
[2024-06-14T02:27:00.636+0000] {logging_mixin.py:188} INFO - [2024-06-14T02:27:00.635+0000] {dag.py:3047} INFO - Sync 1 DAGs
[2024-06-14T02:27:00.662+0000] {logging_mixin.py:188} INFO - [2024-06-14T02:27:00.661+0000] {dag.py:3834} INFO - Setting next_dagrun for tutorial_dag to None, run_after=None
[2024-06-14T02:27:00.706+0000] {processor.py:183} INFO - Processing /home/airflow/.local/lib/python3.8/site-packages/airflow/example_dags/tutorial_dag.py took 0.123 seconds
[2024-06-14T02:27:30.996+0000] {processor.py:161} INFO - Started process (PID=2115) to work on /home/airflow/.local/lib/python3.8/site-packages/airflow/example_dags/tutorial_dag.py
[2024-06-14T02:27:30.998+0000] {processor.py:830} INFO - Processing file /home/airflow/.local/lib/python3.8/site-packages/airflow/example_dags/tutorial_dag.py for tasks to queue
[2024-06-14T02:27:31.001+0000] {logging_mixin.py:188} INFO - [2024-06-14T02:27:31.000+0000] {dagbag.py:540} INFO - Filling up the DagBag from /home/airflow/.local/lib/python3.8/site-packages/airflow/example_dags/tutorial_dag.py
[2024-06-14T02:27:31.010+0000] {processor.py:840} INFO - DAG(s) 'tutorial_dag' retrieved from /home/airflow/.local/lib/python3.8/site-packages/airflow/example_dags/tutorial_dag.py
[2024-06-14T02:27:31.039+0000] {logging_mixin.py:188} INFO - [2024-06-14T02:27:31.039+0000] {dag.py:3047} INFO - Sync 1 DAGs
[2024-06-14T02:27:31.056+0000] {logging_mixin.py:188} INFO - [2024-06-14T02:27:31.055+0000] {dag.py:3834} INFO - Setting next_dagrun for tutorial_dag to None, run_after=None
[2024-06-14T02:27:31.090+0000] {processor.py:183} INFO - Processing /home/airflow/.local/lib/python3.8/site-packages/airflow/example_dags/tutorial_dag.py took 0.100 seconds
[2024-06-14T02:28:01.769+0000] {processor.py:161} INFO - Started process (PID=2176) to work on /home/airflow/.local/lib/python3.8/site-packages/airflow/example_dags/tutorial_dag.py
[2024-06-14T02:28:01.771+0000] {processor.py:830} INFO - Processing file /home/airflow/.local/lib/python3.8/site-packages/airflow/example_dags/tutorial_dag.py for tasks to queue
[2024-06-14T02:28:01.775+0000] {logging_mixin.py:188} INFO - [2024-06-14T02:28:01.774+0000] {dagbag.py:540} INFO - Filling up the DagBag from /home/airflow/.local/lib/python3.8/site-packages/airflow/example_dags/tutorial_dag.py
[2024-06-14T02:28:01.784+0000] {processor.py:840} INFO - DAG(s) 'tutorial_dag' retrieved from /home/airflow/.local/lib/python3.8/site-packages/airflow/example_dags/tutorial_dag.py
[2024-06-14T02:28:01.815+0000] {logging_mixin.py:188} INFO - [2024-06-14T02:28:01.815+0000] {dag.py:3047} INFO - Sync 1 DAGs
[2024-06-14T02:28:01.832+0000] {logging_mixin.py:188} INFO - [2024-06-14T02:28:01.832+0000] {dag.py:3834} INFO - Setting next_dagrun for tutorial_dag to None, run_after=None
[2024-06-14T02:28:02.052+0000] {processor.py:183} INFO - Processing /home/airflow/.local/lib/python3.8/site-packages/airflow/example_dags/tutorial_dag.py took 0.288 seconds
[2024-06-14T02:28:32.134+0000] {processor.py:161} INFO - Started process (PID=2237) to work on /home/airflow/.local/lib/python3.8/site-packages/airflow/example_dags/tutorial_dag.py
[2024-06-14T02:28:32.136+0000] {processor.py:830} INFO - Processing file /home/airflow/.local/lib/python3.8/site-packages/airflow/example_dags/tutorial_dag.py for tasks to queue
[2024-06-14T02:28:32.139+0000] {logging_mixin.py:188} INFO - [2024-06-14T02:28:32.139+0000] {dagbag.py:540} INFO - Filling up the DagBag from /home/airflow/.local/lib/python3.8/site-packages/airflow/example_dags/tutorial_dag.py
[2024-06-14T02:28:32.147+0000] {processor.py:840} INFO - DAG(s) 'tutorial_dag' retrieved from /home/airflow/.local/lib/python3.8/site-packages/airflow/example_dags/tutorial_dag.py
[2024-06-14T02:28:32.177+0000] {logging_mixin.py:188} INFO - [2024-06-14T02:28:32.176+0000] {dag.py:3047} INFO - Sync 1 DAGs
[2024-06-14T02:28:32.196+0000] {logging_mixin.py:188} INFO - [2024-06-14T02:28:32.195+0000] {dag.py:3834} INFO - Setting next_dagrun for tutorial_dag to None, run_after=None
[2024-06-14T02:28:32.224+0000] {processor.py:183} INFO - Processing /home/airflow/.local/lib/python3.8/site-packages/airflow/example_dags/tutorial_dag.py took 0.095 seconds
[2024-06-14T02:29:02.672+0000] {processor.py:161} INFO - Started process (PID=2298) to work on /home/airflow/.local/lib/python3.8/site-packages/airflow/example_dags/tutorial_dag.py
[2024-06-14T02:29:02.674+0000] {processor.py:830} INFO - Processing file /home/airflow/.local/lib/python3.8/site-packages/airflow/example_dags/tutorial_dag.py for tasks to queue
[2024-06-14T02:29:02.678+0000] {logging_mixin.py:188} INFO - [2024-06-14T02:29:02.677+0000] {dagbag.py:540} INFO - Filling up the DagBag from /home/airflow/.local/lib/python3.8/site-packages/airflow/example_dags/tutorial_dag.py
[2024-06-14T02:29:02.687+0000] {processor.py:840} INFO - DAG(s) 'tutorial_dag' retrieved from /home/airflow/.local/lib/python3.8/site-packages/airflow/example_dags/tutorial_dag.py
[2024-06-14T02:29:02.722+0000] {logging_mixin.py:188} INFO - [2024-06-14T02:29:02.721+0000] {dag.py:3047} INFO - Sync 1 DAGs
[2024-06-14T02:29:02.743+0000] {logging_mixin.py:188} INFO - [2024-06-14T02:29:02.743+0000] {dag.py:3834} INFO - Setting next_dagrun for tutorial_dag to None, run_after=None
[2024-06-14T02:29:02.782+0000] {processor.py:183} INFO - Processing /home/airflow/.local/lib/python3.8/site-packages/airflow/example_dags/tutorial_dag.py took 0.115 seconds
[2024-06-14T02:29:33.711+0000] {processor.py:161} INFO - Started process (PID=2359) to work on /home/airflow/.local/lib/python3.8/site-packages/airflow/example_dags/tutorial_dag.py
[2024-06-14T02:29:33.713+0000] {processor.py:830} INFO - Processing file /home/airflow/.local/lib/python3.8/site-packages/airflow/example_dags/tutorial_dag.py for tasks to queue
[2024-06-14T02:29:33.716+0000] {logging_mixin.py:188} INFO - [2024-06-14T02:29:33.715+0000] {dagbag.py:540} INFO - Filling up the DagBag from /home/airflow/.local/lib/python3.8/site-packages/airflow/example_dags/tutorial_dag.py
[2024-06-14T02:29:33.724+0000] {processor.py:840} INFO - DAG(s) 'tutorial_dag' retrieved from /home/airflow/.local/lib/python3.8/site-packages/airflow/example_dags/tutorial_dag.py
[2024-06-14T02:29:33.754+0000] {logging_mixin.py:188} INFO - [2024-06-14T02:29:33.754+0000] {dag.py:3047} INFO - Sync 1 DAGs
[2024-06-14T02:29:33.773+0000] {logging_mixin.py:188} INFO - [2024-06-14T02:29:33.773+0000] {dag.py:3834} INFO - Setting next_dagrun for tutorial_dag to None, run_after=None
[2024-06-14T02:29:33.809+0000] {processor.py:183} INFO - Processing /home/airflow/.local/lib/python3.8/site-packages/airflow/example_dags/tutorial_dag.py took 0.103 seconds
[2024-06-14T02:30:04.625+0000] {processor.py:161} INFO - Started process (PID=2420) to work on /home/airflow/.local/lib/python3.8/site-packages/airflow/example_dags/tutorial_dag.py
[2024-06-14T02:30:04.636+0000] {processor.py:830} INFO - Processing file /home/airflow/.local/lib/python3.8/site-packages/airflow/example_dags/tutorial_dag.py for tasks to queue
[2024-06-14T02:30:04.642+0000] {logging_mixin.py:188} INFO - [2024-06-14T02:30:04.640+0000] {dagbag.py:540} INFO - Filling up the DagBag from /home/airflow/.local/lib/python3.8/site-packages/airflow/example_dags/tutorial_dag.py
[2024-06-14T02:30:04.671+0000] {processor.py:840} INFO - DAG(s) 'tutorial_dag' retrieved from /home/airflow/.local/lib/python3.8/site-packages/airflow/example_dags/tutorial_dag.py
[2024-06-14T02:30:04.767+0000] {logging_mixin.py:188} INFO - [2024-06-14T02:30:04.766+0000] {dag.py:3047} INFO - Sync 1 DAGs
[2024-06-14T02:30:04.836+0000] {logging_mixin.py:188} INFO - [2024-06-14T02:30:04.836+0000] {dag.py:3834} INFO - Setting next_dagrun for tutorial_dag to None, run_after=None
[2024-06-14T02:30:04.942+0000] {processor.py:183} INFO - Processing /home/airflow/.local/lib/python3.8/site-packages/airflow/example_dags/tutorial_dag.py took 0.325 seconds
[2024-06-14T02:30:35.130+0000] {processor.py:161} INFO - Started process (PID=2481) to work on /home/airflow/.local/lib/python3.8/site-packages/airflow/example_dags/tutorial_dag.py
[2024-06-14T02:30:35.137+0000] {processor.py:830} INFO - Processing file /home/airflow/.local/lib/python3.8/site-packages/airflow/example_dags/tutorial_dag.py for tasks to queue
[2024-06-14T02:30:35.141+0000] {logging_mixin.py:188} INFO - [2024-06-14T02:30:35.140+0000] {dagbag.py:540} INFO - Filling up the DagBag from /home/airflow/.local/lib/python3.8/site-packages/airflow/example_dags/tutorial_dag.py
[2024-06-14T02:30:35.154+0000] {processor.py:840} INFO - DAG(s) 'tutorial_dag' retrieved from /home/airflow/.local/lib/python3.8/site-packages/airflow/example_dags/tutorial_dag.py
[2024-06-14T02:30:35.194+0000] {logging_mixin.py:188} INFO - [2024-06-14T02:30:35.193+0000] {dag.py:3047} INFO - Sync 1 DAGs
[2024-06-14T02:30:35.218+0000] {logging_mixin.py:188} INFO - [2024-06-14T02:30:35.217+0000] {dag.py:3834} INFO - Setting next_dagrun for tutorial_dag to None, run_after=None
[2024-06-14T02:30:35.268+0000] {processor.py:183} INFO - Processing /home/airflow/.local/lib/python3.8/site-packages/airflow/example_dags/tutorial_dag.py took 0.144 seconds
[2024-06-14T02:31:05.687+0000] {processor.py:161} INFO - Started process (PID=2542) to work on /home/airflow/.local/lib/python3.8/site-packages/airflow/example_dags/tutorial_dag.py
[2024-06-14T02:31:05.690+0000] {processor.py:830} INFO - Processing file /home/airflow/.local/lib/python3.8/site-packages/airflow/example_dags/tutorial_dag.py for tasks to queue
[2024-06-14T02:31:05.693+0000] {logging_mixin.py:188} INFO - [2024-06-14T02:31:05.692+0000] {dagbag.py:540} INFO - Filling up the DagBag from /home/airflow/.local/lib/python3.8/site-packages/airflow/example_dags/tutorial_dag.py
[2024-06-14T02:31:05.699+0000] {processor.py:840} INFO - DAG(s) 'tutorial_dag' retrieved from /home/airflow/.local/lib/python3.8/site-packages/airflow/example_dags/tutorial_dag.py
[2024-06-14T02:31:05.732+0000] {logging_mixin.py:188} INFO - [2024-06-14T02:31:05.732+0000] {dag.py:3047} INFO - Sync 1 DAGs
[2024-06-14T02:31:05.748+0000] {logging_mixin.py:188} INFO - [2024-06-14T02:31:05.748+0000] {dag.py:3834} INFO - Setting next_dagrun for tutorial_dag to None, run_after=None
[2024-06-14T02:31:05.781+0000] {processor.py:183} INFO - Processing /home/airflow/.local/lib/python3.8/site-packages/airflow/example_dags/tutorial_dag.py took 0.100 seconds
[2024-06-14T02:31:36.142+0000] {processor.py:161} INFO - Started process (PID=2609) to work on /home/airflow/.local/lib/python3.8/site-packages/airflow/example_dags/tutorial_dag.py
[2024-06-14T02:31:36.145+0000] {processor.py:830} INFO - Processing file /home/airflow/.local/lib/python3.8/site-packages/airflow/example_dags/tutorial_dag.py for tasks to queue
[2024-06-14T02:31:36.151+0000] {logging_mixin.py:188} INFO - [2024-06-14T02:31:36.149+0000] {dagbag.py:540} INFO - Filling up the DagBag from /home/airflow/.local/lib/python3.8/site-packages/airflow/example_dags/tutorial_dag.py
[2024-06-14T02:31:36.161+0000] {processor.py:840} INFO - DAG(s) 'tutorial_dag' retrieved from /home/airflow/.local/lib/python3.8/site-packages/airflow/example_dags/tutorial_dag.py
[2024-06-14T02:31:36.201+0000] {logging_mixin.py:188} INFO - [2024-06-14T02:31:36.200+0000] {dag.py:3047} INFO - Sync 1 DAGs
[2024-06-14T02:31:36.221+0000] {logging_mixin.py:188} INFO - [2024-06-14T02:31:36.220+0000] {dag.py:3834} INFO - Setting next_dagrun for tutorial_dag to None, run_after=None
[2024-06-14T02:31:36.260+0000] {processor.py:183} INFO - Processing /home/airflow/.local/lib/python3.8/site-packages/airflow/example_dags/tutorial_dag.py took 0.125 seconds
[2024-06-14T02:32:06.966+0000] {processor.py:161} INFO - Started process (PID=2670) to work on /home/airflow/.local/lib/python3.8/site-packages/airflow/example_dags/tutorial_dag.py
[2024-06-14T02:32:06.968+0000] {processor.py:830} INFO - Processing file /home/airflow/.local/lib/python3.8/site-packages/airflow/example_dags/tutorial_dag.py for tasks to queue
[2024-06-14T02:32:06.970+0000] {logging_mixin.py:188} INFO - [2024-06-14T02:32:06.970+0000] {dagbag.py:540} INFO - Filling up the DagBag from /home/airflow/.local/lib/python3.8/site-packages/airflow/example_dags/tutorial_dag.py
[2024-06-14T02:32:06.977+0000] {processor.py:840} INFO - DAG(s) 'tutorial_dag' retrieved from /home/airflow/.local/lib/python3.8/site-packages/airflow/example_dags/tutorial_dag.py
[2024-06-14T02:32:07.005+0000] {logging_mixin.py:188} INFO - [2024-06-14T02:32:07.005+0000] {dag.py:3047} INFO - Sync 1 DAGs
[2024-06-14T02:32:07.021+0000] {logging_mixin.py:188} INFO - [2024-06-14T02:32:07.021+0000] {dag.py:3834} INFO - Setting next_dagrun for tutorial_dag to None, run_after=None
[2024-06-14T02:32:07.049+0000] {processor.py:183} INFO - Processing /home/airflow/.local/lib/python3.8/site-packages/airflow/example_dags/tutorial_dag.py took 0.088 seconds
[2024-06-14T02:32:37.324+0000] {processor.py:161} INFO - Started process (PID=2731) to work on /home/airflow/.local/lib/python3.8/site-packages/airflow/example_dags/tutorial_dag.py
[2024-06-14T02:32:37.326+0000] {processor.py:830} INFO - Processing file /home/airflow/.local/lib/python3.8/site-packages/airflow/example_dags/tutorial_dag.py for tasks to queue
[2024-06-14T02:32:37.329+0000] {logging_mixin.py:188} INFO - [2024-06-14T02:32:37.329+0000] {dagbag.py:540} INFO - Filling up the DagBag from /home/airflow/.local/lib/python3.8/site-packages/airflow/example_dags/tutorial_dag.py
[2024-06-14T02:32:37.337+0000] {processor.py:840} INFO - DAG(s) 'tutorial_dag' retrieved from /home/airflow/.local/lib/python3.8/site-packages/airflow/example_dags/tutorial_dag.py
[2024-06-14T02:32:37.363+0000] {logging_mixin.py:188} INFO - [2024-06-14T02:32:37.362+0000] {dag.py:3047} INFO - Sync 1 DAGs
[2024-06-14T02:32:37.383+0000] {logging_mixin.py:188} INFO - [2024-06-14T02:32:37.383+0000] {dag.py:3834} INFO - Setting next_dagrun for tutorial_dag to None, run_after=None
[2024-06-14T02:32:37.412+0000] {processor.py:183} INFO - Processing /home/airflow/.local/lib/python3.8/site-packages/airflow/example_dags/tutorial_dag.py took 0.092 seconds
[2024-06-14T02:33:07.806+0000] {processor.py:161} INFO - Started process (PID=2792) to work on /home/airflow/.local/lib/python3.8/site-packages/airflow/example_dags/tutorial_dag.py
[2024-06-14T02:33:07.809+0000] {processor.py:830} INFO - Processing file /home/airflow/.local/lib/python3.8/site-packages/airflow/example_dags/tutorial_dag.py for tasks to queue
[2024-06-14T02:33:07.813+0000] {logging_mixin.py:188} INFO - [2024-06-14T02:33:07.812+0000] {dagbag.py:540} INFO - Filling up the DagBag from /home/airflow/.local/lib/python3.8/site-packages/airflow/example_dags/tutorial_dag.py
[2024-06-14T02:33:07.821+0000] {processor.py:840} INFO - DAG(s) 'tutorial_dag' retrieved from /home/airflow/.local/lib/python3.8/site-packages/airflow/example_dags/tutorial_dag.py
[2024-06-14T02:33:07.854+0000] {logging_mixin.py:188} INFO - [2024-06-14T02:33:07.853+0000] {dag.py:3047} INFO - Sync 1 DAGs
[2024-06-14T02:33:07.879+0000] {logging_mixin.py:188} INFO - [2024-06-14T02:33:07.878+0000] {dag.py:3834} INFO - Setting next_dagrun for tutorial_dag to None, run_after=None
[2024-06-14T02:33:07.911+0000] {processor.py:183} INFO - Processing /home/airflow/.local/lib/python3.8/site-packages/airflow/example_dags/tutorial_dag.py took 0.112 seconds
[2024-06-14T02:33:38.701+0000] {processor.py:161} INFO - Started process (PID=2853) to work on /home/airflow/.local/lib/python3.8/site-packages/airflow/example_dags/tutorial_dag.py
[2024-06-14T02:33:38.704+0000] {processor.py:830} INFO - Processing file /home/airflow/.local/lib/python3.8/site-packages/airflow/example_dags/tutorial_dag.py for tasks to queue
[2024-06-14T02:33:38.707+0000] {logging_mixin.py:188} INFO - [2024-06-14T02:33:38.706+0000] {dagbag.py:540} INFO - Filling up the DagBag from /home/airflow/.local/lib/python3.8/site-packages/airflow/example_dags/tutorial_dag.py
[2024-06-14T02:33:38.714+0000] {processor.py:840} INFO - DAG(s) 'tutorial_dag' retrieved from /home/airflow/.local/lib/python3.8/site-packages/airflow/example_dags/tutorial_dag.py
[2024-06-14T02:33:38.742+0000] {logging_mixin.py:188} INFO - [2024-06-14T02:33:38.742+0000] {dag.py:3047} INFO - Sync 1 DAGs
[2024-06-14T02:33:38.759+0000] {logging_mixin.py:188} INFO - [2024-06-14T02:33:38.758+0000] {dag.py:3834} INFO - Setting next_dagrun for tutorial_dag to None, run_after=None
[2024-06-14T02:33:38.808+0000] {processor.py:183} INFO - Processing /home/airflow/.local/lib/python3.8/site-packages/airflow/example_dags/tutorial_dag.py took 0.114 seconds
[2024-06-14T02:34:09.457+0000] {processor.py:161} INFO - Started process (PID=2914) to work on /home/airflow/.local/lib/python3.8/site-packages/airflow/example_dags/tutorial_dag.py
[2024-06-14T02:34:09.458+0000] {processor.py:830} INFO - Processing file /home/airflow/.local/lib/python3.8/site-packages/airflow/example_dags/tutorial_dag.py for tasks to queue
[2024-06-14T02:34:09.461+0000] {logging_mixin.py:188} INFO - [2024-06-14T02:34:09.461+0000] {dagbag.py:540} INFO - Filling up the DagBag from /home/airflow/.local/lib/python3.8/site-packages/airflow/example_dags/tutorial_dag.py
[2024-06-14T02:34:09.469+0000] {processor.py:840} INFO - DAG(s) 'tutorial_dag' retrieved from /home/airflow/.local/lib/python3.8/site-packages/airflow/example_dags/tutorial_dag.py
[2024-06-14T02:34:09.500+0000] {logging_mixin.py:188} INFO - [2024-06-14T02:34:09.500+0000] {dag.py:3047} INFO - Sync 1 DAGs
[2024-06-14T02:34:09.523+0000] {logging_mixin.py:188} INFO - [2024-06-14T02:34:09.522+0000] {dag.py:3834} INFO - Setting next_dagrun for tutorial_dag to None, run_after=None
[2024-06-14T02:34:09.554+0000] {processor.py:183} INFO - Processing /home/airflow/.local/lib/python3.8/site-packages/airflow/example_dags/tutorial_dag.py took 0.101 seconds
[2024-06-14T02:34:39.857+0000] {processor.py:161} INFO - Started process (PID=2975) to work on /home/airflow/.local/lib/python3.8/site-packages/airflow/example_dags/tutorial_dag.py
[2024-06-14T02:34:39.859+0000] {processor.py:830} INFO - Processing file /home/airflow/.local/lib/python3.8/site-packages/airflow/example_dags/tutorial_dag.py for tasks to queue
[2024-06-14T02:34:39.862+0000] {logging_mixin.py:188} INFO - [2024-06-14T02:34:39.862+0000] {dagbag.py:540} INFO - Filling up the DagBag from /home/airflow/.local/lib/python3.8/site-packages/airflow/example_dags/tutorial_dag.py
[2024-06-14T02:34:39.871+0000] {processor.py:840} INFO - DAG(s) 'tutorial_dag' retrieved from /home/airflow/.local/lib/python3.8/site-packages/airflow/example_dags/tutorial_dag.py
[2024-06-14T02:34:39.905+0000] {logging_mixin.py:188} INFO - [2024-06-14T02:34:39.904+0000] {dag.py:3047} INFO - Sync 1 DAGs
[2024-06-14T02:34:39.923+0000] {logging_mixin.py:188} INFO - [2024-06-14T02:34:39.923+0000] {dag.py:3834} INFO - Setting next_dagrun for tutorial_dag to None, run_after=None
[2024-06-14T02:34:39.949+0000] {processor.py:183} INFO - Processing /home/airflow/.local/lib/python3.8/site-packages/airflow/example_dags/tutorial_dag.py took 0.096 seconds
[2024-06-14T02:35:10.504+0000] {processor.py:161} INFO - Started process (PID=3035) to work on /home/airflow/.local/lib/python3.8/site-packages/airflow/example_dags/tutorial_dag.py
[2024-06-14T02:35:10.505+0000] {processor.py:830} INFO - Processing file /home/airflow/.local/lib/python3.8/site-packages/airflow/example_dags/tutorial_dag.py for tasks to queue
[2024-06-14T02:35:10.511+0000] {logging_mixin.py:188} INFO - [2024-06-14T02:35:10.510+0000] {dagbag.py:540} INFO - Filling up the DagBag from /home/airflow/.local/lib/python3.8/site-packages/airflow/example_dags/tutorial_dag.py
[2024-06-14T02:35:10.520+0000] {processor.py:840} INFO - DAG(s) 'tutorial_dag' retrieved from /home/airflow/.local/lib/python3.8/site-packages/airflow/example_dags/tutorial_dag.py
[2024-06-14T02:35:10.551+0000] {logging_mixin.py:188} INFO - [2024-06-14T02:35:10.550+0000] {dag.py:3047} INFO - Sync 1 DAGs
[2024-06-14T02:35:10.567+0000] {logging_mixin.py:188} INFO - [2024-06-14T02:35:10.567+0000] {dag.py:3834} INFO - Setting next_dagrun for tutorial_dag to None, run_after=None
[2024-06-14T02:35:10.602+0000] {processor.py:183} INFO - Processing /home/airflow/.local/lib/python3.8/site-packages/airflow/example_dags/tutorial_dag.py took 0.103 seconds
[2024-06-14T02:35:40.722+0000] {processor.py:161} INFO - Started process (PID=3095) to work on /home/airflow/.local/lib/python3.8/site-packages/airflow/example_dags/tutorial_dag.py
[2024-06-14T02:35:40.724+0000] {processor.py:830} INFO - Processing file /home/airflow/.local/lib/python3.8/site-packages/airflow/example_dags/tutorial_dag.py for tasks to queue
[2024-06-14T02:35:40.727+0000] {logging_mixin.py:188} INFO - [2024-06-14T02:35:40.727+0000] {dagbag.py:540} INFO - Filling up the DagBag from /home/airflow/.local/lib/python3.8/site-packages/airflow/example_dags/tutorial_dag.py
[2024-06-14T02:35:40.735+0000] {processor.py:840} INFO - DAG(s) 'tutorial_dag' retrieved from /home/airflow/.local/lib/python3.8/site-packages/airflow/example_dags/tutorial_dag.py
[2024-06-14T02:35:40.763+0000] {logging_mixin.py:188} INFO - [2024-06-14T02:35:40.763+0000] {dag.py:3047} INFO - Sync 1 DAGs
[2024-06-14T02:35:40.778+0000] {logging_mixin.py:188} INFO - [2024-06-14T02:35:40.778+0000] {dag.py:3834} INFO - Setting next_dagrun for tutorial_dag to None, run_after=None
[2024-06-14T02:35:40.805+0000] {processor.py:183} INFO - Processing /home/airflow/.local/lib/python3.8/site-packages/airflow/example_dags/tutorial_dag.py took 0.089 seconds
[2024-06-14T02:36:11.250+0000] {processor.py:161} INFO - Started process (PID=3155) to work on /home/airflow/.local/lib/python3.8/site-packages/airflow/example_dags/tutorial_dag.py
[2024-06-14T02:36:11.251+0000] {processor.py:830} INFO - Processing file /home/airflow/.local/lib/python3.8/site-packages/airflow/example_dags/tutorial_dag.py for tasks to queue
[2024-06-14T02:36:11.254+0000] {logging_mixin.py:188} INFO - [2024-06-14T02:36:11.253+0000] {dagbag.py:540} INFO - Filling up the DagBag from /home/airflow/.local/lib/python3.8/site-packages/airflow/example_dags/tutorial_dag.py
[2024-06-14T02:36:11.261+0000] {processor.py:840} INFO - DAG(s) 'tutorial_dag' retrieved from /home/airflow/.local/lib/python3.8/site-packages/airflow/example_dags/tutorial_dag.py
[2024-06-14T02:36:11.286+0000] {logging_mixin.py:188} INFO - [2024-06-14T02:36:11.285+0000] {dag.py:3047} INFO - Sync 1 DAGs
[2024-06-14T02:36:11.307+0000] {logging_mixin.py:188} INFO - [2024-06-14T02:36:11.307+0000] {dag.py:3834} INFO - Setting next_dagrun for tutorial_dag to None, run_after=None
[2024-06-14T02:36:11.339+0000] {processor.py:183} INFO - Processing /home/airflow/.local/lib/python3.8/site-packages/airflow/example_dags/tutorial_dag.py took 0.094 seconds
[2024-06-14T02:36:41.866+0000] {processor.py:161} INFO - Started process (PID=3215) to work on /home/airflow/.local/lib/python3.8/site-packages/airflow/example_dags/tutorial_dag.py
[2024-06-14T02:36:41.868+0000] {processor.py:830} INFO - Processing file /home/airflow/.local/lib/python3.8/site-packages/airflow/example_dags/tutorial_dag.py for tasks to queue
[2024-06-14T02:36:41.870+0000] {logging_mixin.py:188} INFO - [2024-06-14T02:36:41.869+0000] {dagbag.py:540} INFO - Filling up the DagBag from /home/airflow/.local/lib/python3.8/site-packages/airflow/example_dags/tutorial_dag.py
[2024-06-14T02:36:41.879+0000] {processor.py:840} INFO - DAG(s) 'tutorial_dag' retrieved from /home/airflow/.local/lib/python3.8/site-packages/airflow/example_dags/tutorial_dag.py
[2024-06-14T02:36:41.908+0000] {logging_mixin.py:188} INFO - [2024-06-14T02:36:41.907+0000] {dag.py:3047} INFO - Sync 1 DAGs
[2024-06-14T02:36:41.934+0000] {logging_mixin.py:188} INFO - [2024-06-14T02:36:41.934+0000] {dag.py:3834} INFO - Setting next_dagrun for tutorial_dag to None, run_after=None
[2024-06-14T02:36:41.963+0000] {processor.py:183} INFO - Processing /home/airflow/.local/lib/python3.8/site-packages/airflow/example_dags/tutorial_dag.py took 0.101 seconds
[2024-06-14T02:37:12.234+0000] {processor.py:161} INFO - Started process (PID=3276) to work on /home/airflow/.local/lib/python3.8/site-packages/airflow/example_dags/tutorial_dag.py
[2024-06-14T02:37:12.236+0000] {processor.py:830} INFO - Processing file /home/airflow/.local/lib/python3.8/site-packages/airflow/example_dags/tutorial_dag.py for tasks to queue
[2024-06-14T02:37:12.240+0000] {logging_mixin.py:188} INFO - [2024-06-14T02:37:12.240+0000] {dagbag.py:540} INFO - Filling up the DagBag from /home/airflow/.local/lib/python3.8/site-packages/airflow/example_dags/tutorial_dag.py
[2024-06-14T02:37:12.250+0000] {processor.py:840} INFO - DAG(s) 'tutorial_dag' retrieved from /home/airflow/.local/lib/python3.8/site-packages/airflow/example_dags/tutorial_dag.py
[2024-06-14T02:37:12.282+0000] {logging_mixin.py:188} INFO - [2024-06-14T02:37:12.282+0000] {dag.py:3047} INFO - Sync 1 DAGs
[2024-06-14T02:37:12.298+0000] {logging_mixin.py:188} INFO - [2024-06-14T02:37:12.298+0000] {dag.py:3834} INFO - Setting next_dagrun for tutorial_dag to None, run_after=None
[2024-06-14T02:37:12.325+0000] {processor.py:183} INFO - Processing /home/airflow/.local/lib/python3.8/site-packages/airflow/example_dags/tutorial_dag.py took 0.097 seconds
[2024-06-14T02:37:42.667+0000] {processor.py:161} INFO - Started process (PID=3337) to work on /home/airflow/.local/lib/python3.8/site-packages/airflow/example_dags/tutorial_dag.py
[2024-06-14T02:37:42.669+0000] {processor.py:830} INFO - Processing file /home/airflow/.local/lib/python3.8/site-packages/airflow/example_dags/tutorial_dag.py for tasks to queue
[2024-06-14T02:37:42.673+0000] {logging_mixin.py:188} INFO - [2024-06-14T02:37:42.672+0000] {dagbag.py:540} INFO - Filling up the DagBag from /home/airflow/.local/lib/python3.8/site-packages/airflow/example_dags/tutorial_dag.py
[2024-06-14T02:37:42.681+0000] {processor.py:840} INFO - DAG(s) 'tutorial_dag' retrieved from /home/airflow/.local/lib/python3.8/site-packages/airflow/example_dags/tutorial_dag.py
[2024-06-14T02:37:42.713+0000] {logging_mixin.py:188} INFO - [2024-06-14T02:37:42.712+0000] {dag.py:3047} INFO - Sync 1 DAGs
[2024-06-14T02:37:42.730+0000] {logging_mixin.py:188} INFO - [2024-06-14T02:37:42.730+0000] {dag.py:3834} INFO - Setting next_dagrun for tutorial_dag to None, run_after=None
[2024-06-14T02:37:42.763+0000] {processor.py:183} INFO - Processing /home/airflow/.local/lib/python3.8/site-packages/airflow/example_dags/tutorial_dag.py took 0.103 seconds
