[2024-04-15T10:41:35.544+0000] {processor.py:161} INFO - Started process (PID=67) to work on /home/airflow/.local/lib/python3.8/site-packages/airflow/example_dags/example_params_trigger_ui.py
[2024-04-15T10:41:35.548+0000] {processor.py:830} INFO - Processing file /home/airflow/.local/lib/python3.8/site-packages/airflow/example_dags/example_params_trigger_ui.py for tasks to queue
[2024-04-15T10:41:35.553+0000] {logging_mixin.py:188} INFO - [2024-04-15T10:41:35.553+0000] {dagbag.py:540} INFO - Filling up the DagBag from /home/airflow/.local/lib/python3.8/site-packages/airflow/example_dags/example_params_trigger_ui.py
[2024-04-15T10:41:35.590+0000] {processor.py:840} INFO - DAG(s) 'example_params_trigger_ui' retrieved from /home/airflow/.local/lib/python3.8/site-packages/airflow/example_dags/example_params_trigger_ui.py
[2024-04-15T10:41:35.698+0000] {logging_mixin.py:188} INFO - [2024-04-15T10:41:35.698+0000] {dag.py:3047} INFO - Sync 1 DAGs
[2024-04-15T10:41:35.719+0000] {logging_mixin.py:188} INFO - [2024-04-15T10:41:35.719+0000] {dag.py:3834} INFO - Setting next_dagrun for example_params_trigger_ui to None, run_after=None
[2024-04-15T10:41:35.761+0000] {processor.py:183} INFO - Processing /home/airflow/.local/lib/python3.8/site-packages/airflow/example_dags/example_params_trigger_ui.py took 0.224 seconds
[2024-04-15T10:42:05.838+0000] {processor.py:161} INFO - Started process (PID=122) to work on /home/airflow/.local/lib/python3.8/site-packages/airflow/example_dags/example_params_trigger_ui.py
[2024-04-15T10:42:05.840+0000] {processor.py:830} INFO - Processing file /home/airflow/.local/lib/python3.8/site-packages/airflow/example_dags/example_params_trigger_ui.py for tasks to queue
[2024-04-15T10:42:05.841+0000] {logging_mixin.py:188} INFO - [2024-04-15T10:42:05.841+0000] {dagbag.py:540} INFO - Filling up the DagBag from /home/airflow/.local/lib/python3.8/site-packages/airflow/example_dags/example_params_trigger_ui.py
[2024-04-15T10:42:05.853+0000] {processor.py:840} INFO - DAG(s) 'example_params_trigger_ui' retrieved from /home/airflow/.local/lib/python3.8/site-packages/airflow/example_dags/example_params_trigger_ui.py
[2024-04-15T10:42:05.907+0000] {logging_mixin.py:188} INFO - [2024-04-15T10:42:05.907+0000] {dag.py:3047} INFO - Sync 1 DAGs
[2024-04-15T10:42:05.925+0000] {logging_mixin.py:188} INFO - [2024-04-15T10:42:05.924+0000] {dag.py:3834} INFO - Setting next_dagrun for example_params_trigger_ui to None, run_after=None
[2024-04-15T10:42:05.954+0000] {processor.py:183} INFO - Processing /home/airflow/.local/lib/python3.8/site-packages/airflow/example_dags/example_params_trigger_ui.py took 0.119 seconds
[2024-04-15T10:42:36.132+0000] {processor.py:161} INFO - Started process (PID=177) to work on /home/airflow/.local/lib/python3.8/site-packages/airflow/example_dags/example_params_trigger_ui.py
[2024-04-15T10:42:36.134+0000] {processor.py:830} INFO - Processing file /home/airflow/.local/lib/python3.8/site-packages/airflow/example_dags/example_params_trigger_ui.py for tasks to queue
[2024-04-15T10:42:36.137+0000] {logging_mixin.py:188} INFO - [2024-04-15T10:42:36.137+0000] {dagbag.py:540} INFO - Filling up the DagBag from /home/airflow/.local/lib/python3.8/site-packages/airflow/example_dags/example_params_trigger_ui.py
[2024-04-15T10:42:36.158+0000] {processor.py:840} INFO - DAG(s) 'example_params_trigger_ui' retrieved from /home/airflow/.local/lib/python3.8/site-packages/airflow/example_dags/example_params_trigger_ui.py
[2024-04-15T10:42:36.220+0000] {logging_mixin.py:188} INFO - [2024-04-15T10:42:36.219+0000] {dag.py:3047} INFO - Sync 1 DAGs
[2024-04-15T10:42:36.234+0000] {logging_mixin.py:188} INFO - [2024-04-15T10:42:36.234+0000] {dag.py:3834} INFO - Setting next_dagrun for example_params_trigger_ui to None, run_after=None
[2024-04-15T10:42:36.261+0000] {processor.py:183} INFO - Processing /home/airflow/.local/lib/python3.8/site-packages/airflow/example_dags/example_params_trigger_ui.py took 0.134 seconds
[2024-04-15T10:43:06.982+0000] {processor.py:161} INFO - Started process (PID=232) to work on /home/airflow/.local/lib/python3.8/site-packages/airflow/example_dags/example_params_trigger_ui.py
[2024-04-15T10:43:06.983+0000] {processor.py:830} INFO - Processing file /home/airflow/.local/lib/python3.8/site-packages/airflow/example_dags/example_params_trigger_ui.py for tasks to queue
[2024-04-15T10:43:06.985+0000] {logging_mixin.py:188} INFO - [2024-04-15T10:43:06.985+0000] {dagbag.py:540} INFO - Filling up the DagBag from /home/airflow/.local/lib/python3.8/site-packages/airflow/example_dags/example_params_trigger_ui.py
[2024-04-15T10:43:06.998+0000] {processor.py:840} INFO - DAG(s) 'example_params_trigger_ui' retrieved from /home/airflow/.local/lib/python3.8/site-packages/airflow/example_dags/example_params_trigger_ui.py
[2024-04-15T10:43:07.050+0000] {logging_mixin.py:188} INFO - [2024-04-15T10:43:07.050+0000] {dag.py:3047} INFO - Sync 1 DAGs
[2024-04-15T10:43:07.063+0000] {logging_mixin.py:188} INFO - [2024-04-15T10:43:07.063+0000] {dag.py:3834} INFO - Setting next_dagrun for example_params_trigger_ui to None, run_after=None
[2024-04-15T10:43:07.088+0000] {processor.py:183} INFO - Processing /home/airflow/.local/lib/python3.8/site-packages/airflow/example_dags/example_params_trigger_ui.py took 0.109 seconds
[2024-04-15T10:43:37.312+0000] {processor.py:161} INFO - Started process (PID=287) to work on /home/airflow/.local/lib/python3.8/site-packages/airflow/example_dags/example_params_trigger_ui.py
[2024-04-15T10:43:37.313+0000] {processor.py:830} INFO - Processing file /home/airflow/.local/lib/python3.8/site-packages/airflow/example_dags/example_params_trigger_ui.py for tasks to queue
[2024-04-15T10:43:37.315+0000] {logging_mixin.py:188} INFO - [2024-04-15T10:43:37.315+0000] {dagbag.py:540} INFO - Filling up the DagBag from /home/airflow/.local/lib/python3.8/site-packages/airflow/example_dags/example_params_trigger_ui.py
[2024-04-15T10:43:37.329+0000] {processor.py:840} INFO - DAG(s) 'example_params_trigger_ui' retrieved from /home/airflow/.local/lib/python3.8/site-packages/airflow/example_dags/example_params_trigger_ui.py
[2024-04-15T10:43:37.382+0000] {logging_mixin.py:188} INFO - [2024-04-15T10:43:37.382+0000] {dag.py:3047} INFO - Sync 1 DAGs
[2024-04-15T10:43:37.397+0000] {logging_mixin.py:188} INFO - [2024-04-15T10:43:37.397+0000] {dag.py:3834} INFO - Setting next_dagrun for example_params_trigger_ui to None, run_after=None
[2024-04-15T10:43:37.419+0000] {processor.py:183} INFO - Processing /home/airflow/.local/lib/python3.8/site-packages/airflow/example_dags/example_params_trigger_ui.py took 0.110 seconds
[2024-04-15T10:44:07.852+0000] {processor.py:161} INFO - Started process (PID=341) to work on /home/airflow/.local/lib/python3.8/site-packages/airflow/example_dags/example_params_trigger_ui.py
[2024-04-15T10:44:07.853+0000] {processor.py:830} INFO - Processing file /home/airflow/.local/lib/python3.8/site-packages/airflow/example_dags/example_params_trigger_ui.py for tasks to queue
[2024-04-15T10:44:07.855+0000] {logging_mixin.py:188} INFO - [2024-04-15T10:44:07.855+0000] {dagbag.py:540} INFO - Filling up the DagBag from /home/airflow/.local/lib/python3.8/site-packages/airflow/example_dags/example_params_trigger_ui.py
[2024-04-15T10:44:07.870+0000] {processor.py:840} INFO - DAG(s) 'example_params_trigger_ui' retrieved from /home/airflow/.local/lib/python3.8/site-packages/airflow/example_dags/example_params_trigger_ui.py
[2024-04-15T10:44:07.934+0000] {logging_mixin.py:188} INFO - [2024-04-15T10:44:07.933+0000] {dag.py:3047} INFO - Sync 1 DAGs
[2024-04-15T10:44:07.947+0000] {logging_mixin.py:188} INFO - [2024-04-15T10:44:07.947+0000] {dag.py:3834} INFO - Setting next_dagrun for example_params_trigger_ui to None, run_after=None
[2024-04-15T10:44:07.971+0000] {processor.py:183} INFO - Processing /home/airflow/.local/lib/python3.8/site-packages/airflow/example_dags/example_params_trigger_ui.py took 0.123 seconds
[2024-04-15T10:44:38.108+0000] {processor.py:161} INFO - Started process (PID=396) to work on /home/airflow/.local/lib/python3.8/site-packages/airflow/example_dags/example_params_trigger_ui.py
[2024-04-15T10:44:38.110+0000] {processor.py:830} INFO - Processing file /home/airflow/.local/lib/python3.8/site-packages/airflow/example_dags/example_params_trigger_ui.py for tasks to queue
[2024-04-15T10:44:38.113+0000] {logging_mixin.py:188} INFO - [2024-04-15T10:44:38.112+0000] {dagbag.py:540} INFO - Filling up the DagBag from /home/airflow/.local/lib/python3.8/site-packages/airflow/example_dags/example_params_trigger_ui.py
[2024-04-15T10:44:38.128+0000] {processor.py:840} INFO - DAG(s) 'example_params_trigger_ui' retrieved from /home/airflow/.local/lib/python3.8/site-packages/airflow/example_dags/example_params_trigger_ui.py
[2024-04-15T10:44:38.185+0000] {logging_mixin.py:188} INFO - [2024-04-15T10:44:38.185+0000] {dag.py:3047} INFO - Sync 1 DAGs
[2024-04-15T10:44:38.199+0000] {logging_mixin.py:188} INFO - [2024-04-15T10:44:38.198+0000] {dag.py:3834} INFO - Setting next_dagrun for example_params_trigger_ui to None, run_after=None
[2024-04-15T10:44:38.224+0000] {processor.py:183} INFO - Processing /home/airflow/.local/lib/python3.8/site-packages/airflow/example_dags/example_params_trigger_ui.py took 0.119 seconds
[2024-04-15T10:45:08.284+0000] {processor.py:161} INFO - Started process (PID=451) to work on /home/airflow/.local/lib/python3.8/site-packages/airflow/example_dags/example_params_trigger_ui.py
[2024-04-15T10:45:08.285+0000] {processor.py:830} INFO - Processing file /home/airflow/.local/lib/python3.8/site-packages/airflow/example_dags/example_params_trigger_ui.py for tasks to queue
[2024-04-15T10:45:08.287+0000] {logging_mixin.py:188} INFO - [2024-04-15T10:45:08.287+0000] {dagbag.py:540} INFO - Filling up the DagBag from /home/airflow/.local/lib/python3.8/site-packages/airflow/example_dags/example_params_trigger_ui.py
[2024-04-15T10:45:08.304+0000] {processor.py:840} INFO - DAG(s) 'example_params_trigger_ui' retrieved from /home/airflow/.local/lib/python3.8/site-packages/airflow/example_dags/example_params_trigger_ui.py
[2024-04-15T10:45:08.375+0000] {logging_mixin.py:188} INFO - [2024-04-15T10:45:08.375+0000] {dag.py:3047} INFO - Sync 1 DAGs
[2024-04-15T10:45:08.389+0000] {logging_mixin.py:188} INFO - [2024-04-15T10:45:08.388+0000] {dag.py:3834} INFO - Setting next_dagrun for example_params_trigger_ui to None, run_after=None
[2024-04-15T10:45:08.410+0000] {processor.py:183} INFO - Processing /home/airflow/.local/lib/python3.8/site-packages/airflow/example_dags/example_params_trigger_ui.py took 0.130 seconds
[2024-04-15T10:45:38.639+0000] {processor.py:161} INFO - Started process (PID=506) to work on /home/airflow/.local/lib/python3.8/site-packages/airflow/example_dags/example_params_trigger_ui.py
[2024-04-15T10:45:38.641+0000] {processor.py:830} INFO - Processing file /home/airflow/.local/lib/python3.8/site-packages/airflow/example_dags/example_params_trigger_ui.py for tasks to queue
[2024-04-15T10:45:38.643+0000] {logging_mixin.py:188} INFO - [2024-04-15T10:45:38.642+0000] {dagbag.py:540} INFO - Filling up the DagBag from /home/airflow/.local/lib/python3.8/site-packages/airflow/example_dags/example_params_trigger_ui.py
[2024-04-15T10:45:38.656+0000] {processor.py:840} INFO - DAG(s) 'example_params_trigger_ui' retrieved from /home/airflow/.local/lib/python3.8/site-packages/airflow/example_dags/example_params_trigger_ui.py
[2024-04-15T10:45:38.706+0000] {logging_mixin.py:188} INFO - [2024-04-15T10:45:38.705+0000] {dag.py:3047} INFO - Sync 1 DAGs
[2024-04-15T10:45:38.718+0000] {logging_mixin.py:188} INFO - [2024-04-15T10:45:38.718+0000] {dag.py:3834} INFO - Setting next_dagrun for example_params_trigger_ui to None, run_after=None
[2024-04-15T10:45:38.744+0000] {processor.py:183} INFO - Processing /home/airflow/.local/lib/python3.8/site-packages/airflow/example_dags/example_params_trigger_ui.py took 0.108 seconds
[2024-04-15T10:46:08.900+0000] {processor.py:161} INFO - Started process (PID=561) to work on /home/airflow/.local/lib/python3.8/site-packages/airflow/example_dags/example_params_trigger_ui.py
[2024-04-15T10:46:08.902+0000] {processor.py:830} INFO - Processing file /home/airflow/.local/lib/python3.8/site-packages/airflow/example_dags/example_params_trigger_ui.py for tasks to queue
[2024-04-15T10:46:08.904+0000] {logging_mixin.py:188} INFO - [2024-04-15T10:46:08.904+0000] {dagbag.py:540} INFO - Filling up the DagBag from /home/airflow/.local/lib/python3.8/site-packages/airflow/example_dags/example_params_trigger_ui.py
[2024-04-15T10:46:08.917+0000] {processor.py:840} INFO - DAG(s) 'example_params_trigger_ui' retrieved from /home/airflow/.local/lib/python3.8/site-packages/airflow/example_dags/example_params_trigger_ui.py
[2024-04-15T10:46:08.966+0000] {logging_mixin.py:188} INFO - [2024-04-15T10:46:08.966+0000] {dag.py:3047} INFO - Sync 1 DAGs
[2024-04-15T10:46:08.978+0000] {logging_mixin.py:188} INFO - [2024-04-15T10:46:08.978+0000] {dag.py:3834} INFO - Setting next_dagrun for example_params_trigger_ui to None, run_after=None
[2024-04-15T10:46:09.002+0000] {processor.py:183} INFO - Processing /home/airflow/.local/lib/python3.8/site-packages/airflow/example_dags/example_params_trigger_ui.py took 0.105 seconds
[2024-04-15T10:46:39.049+0000] {processor.py:161} INFO - Started process (PID=616) to work on /home/airflow/.local/lib/python3.8/site-packages/airflow/example_dags/example_params_trigger_ui.py
[2024-04-15T10:46:39.051+0000] {processor.py:830} INFO - Processing file /home/airflow/.local/lib/python3.8/site-packages/airflow/example_dags/example_params_trigger_ui.py for tasks to queue
[2024-04-15T10:46:39.053+0000] {logging_mixin.py:188} INFO - [2024-04-15T10:46:39.053+0000] {dagbag.py:540} INFO - Filling up the DagBag from /home/airflow/.local/lib/python3.8/site-packages/airflow/example_dags/example_params_trigger_ui.py
[2024-04-15T10:46:39.066+0000] {processor.py:840} INFO - DAG(s) 'example_params_trigger_ui' retrieved from /home/airflow/.local/lib/python3.8/site-packages/airflow/example_dags/example_params_trigger_ui.py
[2024-04-15T10:46:39.115+0000] {logging_mixin.py:188} INFO - [2024-04-15T10:46:39.114+0000] {dag.py:3047} INFO - Sync 1 DAGs
[2024-04-15T10:46:39.128+0000] {logging_mixin.py:188} INFO - [2024-04-15T10:46:39.128+0000] {dag.py:3834} INFO - Setting next_dagrun for example_params_trigger_ui to None, run_after=None
[2024-04-15T10:46:39.153+0000] {processor.py:183} INFO - Processing /home/airflow/.local/lib/python3.8/site-packages/airflow/example_dags/example_params_trigger_ui.py took 0.106 seconds
[2024-04-15T10:47:09.508+0000] {processor.py:161} INFO - Started process (PID=671) to work on /home/airflow/.local/lib/python3.8/site-packages/airflow/example_dags/example_params_trigger_ui.py
[2024-04-15T10:47:09.510+0000] {processor.py:830} INFO - Processing file /home/airflow/.local/lib/python3.8/site-packages/airflow/example_dags/example_params_trigger_ui.py for tasks to queue
[2024-04-15T10:47:09.512+0000] {logging_mixin.py:188} INFO - [2024-04-15T10:47:09.512+0000] {dagbag.py:540} INFO - Filling up the DagBag from /home/airflow/.local/lib/python3.8/site-packages/airflow/example_dags/example_params_trigger_ui.py
[2024-04-15T10:47:09.525+0000] {processor.py:840} INFO - DAG(s) 'example_params_trigger_ui' retrieved from /home/airflow/.local/lib/python3.8/site-packages/airflow/example_dags/example_params_trigger_ui.py
[2024-04-15T10:47:09.607+0000] {logging_mixin.py:188} INFO - [2024-04-15T10:47:09.606+0000] {dag.py:3047} INFO - Sync 1 DAGs
[2024-04-15T10:47:09.625+0000] {logging_mixin.py:188} INFO - [2024-04-15T10:47:09.625+0000] {dag.py:3834} INFO - Setting next_dagrun for example_params_trigger_ui to None, run_after=None
[2024-04-15T10:47:09.656+0000] {processor.py:183} INFO - Processing /home/airflow/.local/lib/python3.8/site-packages/airflow/example_dags/example_params_trigger_ui.py took 0.151 seconds
[2024-04-15T10:47:39.765+0000] {processor.py:161} INFO - Started process (PID=727) to work on /home/airflow/.local/lib/python3.8/site-packages/airflow/example_dags/example_params_trigger_ui.py
[2024-04-15T10:47:39.766+0000] {processor.py:830} INFO - Processing file /home/airflow/.local/lib/python3.8/site-packages/airflow/example_dags/example_params_trigger_ui.py for tasks to queue
[2024-04-15T10:47:39.769+0000] {logging_mixin.py:188} INFO - [2024-04-15T10:47:39.769+0000] {dagbag.py:540} INFO - Filling up the DagBag from /home/airflow/.local/lib/python3.8/site-packages/airflow/example_dags/example_params_trigger_ui.py
[2024-04-15T10:47:39.784+0000] {processor.py:840} INFO - DAG(s) 'example_params_trigger_ui' retrieved from /home/airflow/.local/lib/python3.8/site-packages/airflow/example_dags/example_params_trigger_ui.py
[2024-04-15T10:47:39.838+0000] {logging_mixin.py:188} INFO - [2024-04-15T10:47:39.837+0000] {dag.py:3047} INFO - Sync 1 DAGs
[2024-04-15T10:47:39.850+0000] {logging_mixin.py:188} INFO - [2024-04-15T10:47:39.850+0000] {dag.py:3834} INFO - Setting next_dagrun for example_params_trigger_ui to None, run_after=None
[2024-04-15T10:47:39.873+0000] {processor.py:183} INFO - Processing /home/airflow/.local/lib/python3.8/site-packages/airflow/example_dags/example_params_trigger_ui.py took 0.112 seconds
[2024-04-15T10:48:10.099+0000] {processor.py:161} INFO - Started process (PID=782) to work on /home/airflow/.local/lib/python3.8/site-packages/airflow/example_dags/example_params_trigger_ui.py
[2024-04-15T10:48:10.100+0000] {processor.py:830} INFO - Processing file /home/airflow/.local/lib/python3.8/site-packages/airflow/example_dags/example_params_trigger_ui.py for tasks to queue
[2024-04-15T10:48:10.102+0000] {logging_mixin.py:188} INFO - [2024-04-15T10:48:10.102+0000] {dagbag.py:540} INFO - Filling up the DagBag from /home/airflow/.local/lib/python3.8/site-packages/airflow/example_dags/example_params_trigger_ui.py
[2024-04-15T10:48:10.116+0000] {processor.py:840} INFO - DAG(s) 'example_params_trigger_ui' retrieved from /home/airflow/.local/lib/python3.8/site-packages/airflow/example_dags/example_params_trigger_ui.py
[2024-04-15T10:48:10.165+0000] {logging_mixin.py:188} INFO - [2024-04-15T10:48:10.165+0000] {dag.py:3047} INFO - Sync 1 DAGs
[2024-04-15T10:48:10.178+0000] {logging_mixin.py:188} INFO - [2024-04-15T10:48:10.178+0000] {dag.py:3834} INFO - Setting next_dagrun for example_params_trigger_ui to None, run_after=None
[2024-04-15T10:48:10.205+0000] {processor.py:183} INFO - Processing /home/airflow/.local/lib/python3.8/site-packages/airflow/example_dags/example_params_trigger_ui.py took 0.109 seconds
[2024-04-15T10:48:40.425+0000] {processor.py:161} INFO - Started process (PID=837) to work on /home/airflow/.local/lib/python3.8/site-packages/airflow/example_dags/example_params_trigger_ui.py
[2024-04-15T10:48:40.426+0000] {processor.py:830} INFO - Processing file /home/airflow/.local/lib/python3.8/site-packages/airflow/example_dags/example_params_trigger_ui.py for tasks to queue
[2024-04-15T10:48:40.429+0000] {logging_mixin.py:188} INFO - [2024-04-15T10:48:40.428+0000] {dagbag.py:540} INFO - Filling up the DagBag from /home/airflow/.local/lib/python3.8/site-packages/airflow/example_dags/example_params_trigger_ui.py
[2024-04-15T10:48:40.442+0000] {processor.py:840} INFO - DAG(s) 'example_params_trigger_ui' retrieved from /home/airflow/.local/lib/python3.8/site-packages/airflow/example_dags/example_params_trigger_ui.py
[2024-04-15T10:48:40.494+0000] {logging_mixin.py:188} INFO - [2024-04-15T10:48:40.493+0000] {dag.py:3047} INFO - Sync 1 DAGs
[2024-04-15T10:48:40.506+0000] {logging_mixin.py:188} INFO - [2024-04-15T10:48:40.506+0000] {dag.py:3834} INFO - Setting next_dagrun for example_params_trigger_ui to None, run_after=None
[2024-04-15T10:48:40.533+0000] {processor.py:183} INFO - Processing /home/airflow/.local/lib/python3.8/site-packages/airflow/example_dags/example_params_trigger_ui.py took 0.111 seconds
[2024-04-15T10:49:58.946+0000] {processor.py:161} INFO - Started process (PID=892) to work on /home/airflow/.local/lib/python3.8/site-packages/airflow/example_dags/example_params_trigger_ui.py
[2024-04-15T10:49:58.948+0000] {processor.py:830} INFO - Processing file /home/airflow/.local/lib/python3.8/site-packages/airflow/example_dags/example_params_trigger_ui.py for tasks to queue
[2024-04-15T10:49:58.950+0000] {logging_mixin.py:188} INFO - [2024-04-15T10:49:58.950+0000] {dagbag.py:540} INFO - Filling up the DagBag from /home/airflow/.local/lib/python3.8/site-packages/airflow/example_dags/example_params_trigger_ui.py
[2024-04-15T10:49:58.962+0000] {processor.py:840} INFO - DAG(s) 'example_params_trigger_ui' retrieved from /home/airflow/.local/lib/python3.8/site-packages/airflow/example_dags/example_params_trigger_ui.py
[2024-04-15T10:49:59.015+0000] {logging_mixin.py:188} INFO - [2024-04-15T10:49:59.015+0000] {dag.py:3047} INFO - Sync 1 DAGs
[2024-04-15T10:49:59.028+0000] {logging_mixin.py:188} INFO - [2024-04-15T10:49:59.027+0000] {dag.py:3834} INFO - Setting next_dagrun for example_params_trigger_ui to None, run_after=None
[2024-04-15T10:49:59.051+0000] {processor.py:183} INFO - Processing /home/airflow/.local/lib/python3.8/site-packages/airflow/example_dags/example_params_trigger_ui.py took 0.108 seconds
[2024-04-15T10:50:29.636+0000] {processor.py:161} INFO - Started process (PID=947) to work on /home/airflow/.local/lib/python3.8/site-packages/airflow/example_dags/example_params_trigger_ui.py
[2024-04-15T10:50:29.637+0000] {processor.py:830} INFO - Processing file /home/airflow/.local/lib/python3.8/site-packages/airflow/example_dags/example_params_trigger_ui.py for tasks to queue
[2024-04-15T10:50:29.639+0000] {logging_mixin.py:188} INFO - [2024-04-15T10:50:29.639+0000] {dagbag.py:540} INFO - Filling up the DagBag from /home/airflow/.local/lib/python3.8/site-packages/airflow/example_dags/example_params_trigger_ui.py
[2024-04-15T10:50:29.651+0000] {processor.py:840} INFO - DAG(s) 'example_params_trigger_ui' retrieved from /home/airflow/.local/lib/python3.8/site-packages/airflow/example_dags/example_params_trigger_ui.py
[2024-04-15T10:50:29.706+0000] {logging_mixin.py:188} INFO - [2024-04-15T10:50:29.705+0000] {dag.py:3047} INFO - Sync 1 DAGs
[2024-04-15T10:50:29.720+0000] {logging_mixin.py:188} INFO - [2024-04-15T10:50:29.720+0000] {dag.py:3834} INFO - Setting next_dagrun for example_params_trigger_ui to None, run_after=None
[2024-04-15T10:50:29.744+0000] {processor.py:183} INFO - Processing /home/airflow/.local/lib/python3.8/site-packages/airflow/example_dags/example_params_trigger_ui.py took 0.113 seconds
[2024-04-15T10:51:00.020+0000] {processor.py:161} INFO - Started process (PID=1002) to work on /home/airflow/.local/lib/python3.8/site-packages/airflow/example_dags/example_params_trigger_ui.py
[2024-04-15T10:51:00.024+0000] {processor.py:830} INFO - Processing file /home/airflow/.local/lib/python3.8/site-packages/airflow/example_dags/example_params_trigger_ui.py for tasks to queue
[2024-04-15T10:51:00.029+0000] {logging_mixin.py:188} INFO - [2024-04-15T10:51:00.028+0000] {dagbag.py:540} INFO - Filling up the DagBag from /home/airflow/.local/lib/python3.8/site-packages/airflow/example_dags/example_params_trigger_ui.py
[2024-04-15T10:51:00.050+0000] {processor.py:840} INFO - DAG(s) 'example_params_trigger_ui' retrieved from /home/airflow/.local/lib/python3.8/site-packages/airflow/example_dags/example_params_trigger_ui.py
[2024-04-15T10:51:00.109+0000] {logging_mixin.py:188} INFO - [2024-04-15T10:51:00.109+0000] {dag.py:3047} INFO - Sync 1 DAGs
[2024-04-15T10:51:00.120+0000] {logging_mixin.py:188} INFO - [2024-04-15T10:51:00.120+0000] {dag.py:3834} INFO - Setting next_dagrun for example_params_trigger_ui to None, run_after=None
[2024-04-15T10:51:00.141+0000] {processor.py:183} INFO - Processing /home/airflow/.local/lib/python3.8/site-packages/airflow/example_dags/example_params_trigger_ui.py took 0.131 seconds
[2024-04-15T10:51:30.466+0000] {processor.py:161} INFO - Started process (PID=1057) to work on /home/airflow/.local/lib/python3.8/site-packages/airflow/example_dags/example_params_trigger_ui.py
[2024-04-15T10:51:30.467+0000] {processor.py:830} INFO - Processing file /home/airflow/.local/lib/python3.8/site-packages/airflow/example_dags/example_params_trigger_ui.py for tasks to queue
[2024-04-15T10:51:30.469+0000] {logging_mixin.py:188} INFO - [2024-04-15T10:51:30.469+0000] {dagbag.py:540} INFO - Filling up the DagBag from /home/airflow/.local/lib/python3.8/site-packages/airflow/example_dags/example_params_trigger_ui.py
[2024-04-15T10:51:30.485+0000] {processor.py:840} INFO - DAG(s) 'example_params_trigger_ui' retrieved from /home/airflow/.local/lib/python3.8/site-packages/airflow/example_dags/example_params_trigger_ui.py
[2024-04-15T10:51:30.546+0000] {logging_mixin.py:188} INFO - [2024-04-15T10:51:30.546+0000] {dag.py:3047} INFO - Sync 1 DAGs
[2024-04-15T10:51:30.562+0000] {logging_mixin.py:188} INFO - [2024-04-15T10:51:30.562+0000] {dag.py:3834} INFO - Setting next_dagrun for example_params_trigger_ui to None, run_after=None
[2024-04-15T10:51:30.590+0000] {processor.py:183} INFO - Processing /home/airflow/.local/lib/python3.8/site-packages/airflow/example_dags/example_params_trigger_ui.py took 0.127 seconds
[2024-04-15T10:52:00.977+0000] {processor.py:161} INFO - Started process (PID=1112) to work on /home/airflow/.local/lib/python3.8/site-packages/airflow/example_dags/example_params_trigger_ui.py
[2024-04-15T10:52:00.979+0000] {processor.py:830} INFO - Processing file /home/airflow/.local/lib/python3.8/site-packages/airflow/example_dags/example_params_trigger_ui.py for tasks to queue
[2024-04-15T10:52:00.981+0000] {logging_mixin.py:188} INFO - [2024-04-15T10:52:00.981+0000] {dagbag.py:540} INFO - Filling up the DagBag from /home/airflow/.local/lib/python3.8/site-packages/airflow/example_dags/example_params_trigger_ui.py
[2024-04-15T10:52:00.992+0000] {processor.py:840} INFO - DAG(s) 'example_params_trigger_ui' retrieved from /home/airflow/.local/lib/python3.8/site-packages/airflow/example_dags/example_params_trigger_ui.py
[2024-04-15T10:52:01.039+0000] {logging_mixin.py:188} INFO - [2024-04-15T10:52:01.039+0000] {dag.py:3047} INFO - Sync 1 DAGs
[2024-04-15T10:52:01.050+0000] {logging_mixin.py:188} INFO - [2024-04-15T10:52:01.050+0000] {dag.py:3834} INFO - Setting next_dagrun for example_params_trigger_ui to None, run_after=None
[2024-04-15T10:52:01.072+0000] {processor.py:183} INFO - Processing /home/airflow/.local/lib/python3.8/site-packages/airflow/example_dags/example_params_trigger_ui.py took 0.097 seconds
[2024-04-15T10:52:31.439+0000] {processor.py:161} INFO - Started process (PID=1167) to work on /home/airflow/.local/lib/python3.8/site-packages/airflow/example_dags/example_params_trigger_ui.py
[2024-04-15T10:52:31.440+0000] {processor.py:830} INFO - Processing file /home/airflow/.local/lib/python3.8/site-packages/airflow/example_dags/example_params_trigger_ui.py for tasks to queue
[2024-04-15T10:52:31.442+0000] {logging_mixin.py:188} INFO - [2024-04-15T10:52:31.442+0000] {dagbag.py:540} INFO - Filling up the DagBag from /home/airflow/.local/lib/python3.8/site-packages/airflow/example_dags/example_params_trigger_ui.py
[2024-04-15T10:52:31.453+0000] {processor.py:840} INFO - DAG(s) 'example_params_trigger_ui' retrieved from /home/airflow/.local/lib/python3.8/site-packages/airflow/example_dags/example_params_trigger_ui.py
[2024-04-15T10:52:31.500+0000] {logging_mixin.py:188} INFO - [2024-04-15T10:52:31.500+0000] {dag.py:3047} INFO - Sync 1 DAGs
[2024-04-15T10:52:31.512+0000] {logging_mixin.py:188} INFO - [2024-04-15T10:52:31.512+0000] {dag.py:3834} INFO - Setting next_dagrun for example_params_trigger_ui to None, run_after=None
[2024-04-15T10:52:31.539+0000] {processor.py:183} INFO - Processing /home/airflow/.local/lib/python3.8/site-packages/airflow/example_dags/example_params_trigger_ui.py took 0.103 seconds
[2024-04-15T11:28:58.892+0000] {processor.py:161} INFO - Started process (PID=1236) to work on /home/airflow/.local/lib/python3.8/site-packages/airflow/example_dags/example_params_trigger_ui.py
[2024-04-15T11:28:58.894+0000] {processor.py:830} INFO - Processing file /home/airflow/.local/lib/python3.8/site-packages/airflow/example_dags/example_params_trigger_ui.py for tasks to queue
[2024-04-15T11:28:58.898+0000] {logging_mixin.py:188} INFO - [2024-04-15T11:28:58.897+0000] {dagbag.py:540} INFO - Filling up the DagBag from /home/airflow/.local/lib/python3.8/site-packages/airflow/example_dags/example_params_trigger_ui.py
[2024-04-15T11:28:58.939+0000] {processor.py:840} INFO - DAG(s) 'example_params_trigger_ui' retrieved from /home/airflow/.local/lib/python3.8/site-packages/airflow/example_dags/example_params_trigger_ui.py
[2024-04-15T11:28:59.074+0000] {logging_mixin.py:188} INFO - [2024-04-15T11:28:59.074+0000] {dag.py:3047} INFO - Sync 1 DAGs
[2024-04-15T11:28:59.102+0000] {logging_mixin.py:188} INFO - [2024-04-15T11:28:59.101+0000] {dag.py:3834} INFO - Setting next_dagrun for example_params_trigger_ui to None, run_after=None
[2024-04-15T11:28:59.146+0000] {processor.py:183} INFO - Processing /home/airflow/.local/lib/python3.8/site-packages/airflow/example_dags/example_params_trigger_ui.py took 0.260 seconds
[2024-04-15T11:29:29.408+0000] {processor.py:161} INFO - Started process (PID=1291) to work on /home/airflow/.local/lib/python3.8/site-packages/airflow/example_dags/example_params_trigger_ui.py
[2024-04-15T11:29:29.410+0000] {processor.py:830} INFO - Processing file /home/airflow/.local/lib/python3.8/site-packages/airflow/example_dags/example_params_trigger_ui.py for tasks to queue
[2024-04-15T11:29:29.412+0000] {logging_mixin.py:188} INFO - [2024-04-15T11:29:29.412+0000] {dagbag.py:540} INFO - Filling up the DagBag from /home/airflow/.local/lib/python3.8/site-packages/airflow/example_dags/example_params_trigger_ui.py
[2024-04-15T11:29:29.427+0000] {processor.py:840} INFO - DAG(s) 'example_params_trigger_ui' retrieved from /home/airflow/.local/lib/python3.8/site-packages/airflow/example_dags/example_params_trigger_ui.py
[2024-04-15T11:29:29.474+0000] {logging_mixin.py:188} INFO - [2024-04-15T11:29:29.474+0000] {dag.py:3047} INFO - Sync 1 DAGs
[2024-04-15T11:29:29.487+0000] {logging_mixin.py:188} INFO - [2024-04-15T11:29:29.487+0000] {dag.py:3834} INFO - Setting next_dagrun for example_params_trigger_ui to None, run_after=None
[2024-04-15T11:29:29.511+0000] {processor.py:183} INFO - Processing /home/airflow/.local/lib/python3.8/site-packages/airflow/example_dags/example_params_trigger_ui.py took 0.106 seconds
[2024-04-15T11:29:59.792+0000] {processor.py:161} INFO - Started process (PID=1346) to work on /home/airflow/.local/lib/python3.8/site-packages/airflow/example_dags/example_params_trigger_ui.py
[2024-04-15T11:29:59.794+0000] {processor.py:830} INFO - Processing file /home/airflow/.local/lib/python3.8/site-packages/airflow/example_dags/example_params_trigger_ui.py for tasks to queue
[2024-04-15T11:29:59.796+0000] {logging_mixin.py:188} INFO - [2024-04-15T11:29:59.796+0000] {dagbag.py:540} INFO - Filling up the DagBag from /home/airflow/.local/lib/python3.8/site-packages/airflow/example_dags/example_params_trigger_ui.py
[2024-04-15T11:29:59.807+0000] {processor.py:840} INFO - DAG(s) 'example_params_trigger_ui' retrieved from /home/airflow/.local/lib/python3.8/site-packages/airflow/example_dags/example_params_trigger_ui.py
[2024-04-15T11:29:59.853+0000] {logging_mixin.py:188} INFO - [2024-04-15T11:29:59.853+0000] {dag.py:3047} INFO - Sync 1 DAGs
[2024-04-15T11:29:59.864+0000] {logging_mixin.py:188} INFO - [2024-04-15T11:29:59.864+0000] {dag.py:3834} INFO - Setting next_dagrun for example_params_trigger_ui to None, run_after=None
[2024-04-15T11:29:59.887+0000] {processor.py:183} INFO - Processing /home/airflow/.local/lib/python3.8/site-packages/airflow/example_dags/example_params_trigger_ui.py took 0.098 seconds
[2024-04-15T11:30:30.225+0000] {processor.py:161} INFO - Started process (PID=1401) to work on /home/airflow/.local/lib/python3.8/site-packages/airflow/example_dags/example_params_trigger_ui.py
[2024-04-15T11:30:30.227+0000] {processor.py:830} INFO - Processing file /home/airflow/.local/lib/python3.8/site-packages/airflow/example_dags/example_params_trigger_ui.py for tasks to queue
[2024-04-15T11:30:30.229+0000] {logging_mixin.py:188} INFO - [2024-04-15T11:30:30.228+0000] {dagbag.py:540} INFO - Filling up the DagBag from /home/airflow/.local/lib/python3.8/site-packages/airflow/example_dags/example_params_trigger_ui.py
[2024-04-15T11:30:30.240+0000] {processor.py:840} INFO - DAG(s) 'example_params_trigger_ui' retrieved from /home/airflow/.local/lib/python3.8/site-packages/airflow/example_dags/example_params_trigger_ui.py
[2024-04-15T11:30:30.288+0000] {logging_mixin.py:188} INFO - [2024-04-15T11:30:30.288+0000] {dag.py:3047} INFO - Sync 1 DAGs
[2024-04-15T11:30:30.299+0000] {logging_mixin.py:188} INFO - [2024-04-15T11:30:30.299+0000] {dag.py:3834} INFO - Setting next_dagrun for example_params_trigger_ui to None, run_after=None
[2024-04-15T11:30:30.321+0000] {processor.py:183} INFO - Processing /home/airflow/.local/lib/python3.8/site-packages/airflow/example_dags/example_params_trigger_ui.py took 0.099 seconds
[2024-04-15T11:31:00.560+0000] {processor.py:161} INFO - Started process (PID=1456) to work on /home/airflow/.local/lib/python3.8/site-packages/airflow/example_dags/example_params_trigger_ui.py
[2024-04-15T11:31:00.562+0000] {processor.py:830} INFO - Processing file /home/airflow/.local/lib/python3.8/site-packages/airflow/example_dags/example_params_trigger_ui.py for tasks to queue
[2024-04-15T11:31:00.564+0000] {logging_mixin.py:188} INFO - [2024-04-15T11:31:00.564+0000] {dagbag.py:540} INFO - Filling up the DagBag from /home/airflow/.local/lib/python3.8/site-packages/airflow/example_dags/example_params_trigger_ui.py
[2024-04-15T11:31:00.578+0000] {processor.py:840} INFO - DAG(s) 'example_params_trigger_ui' retrieved from /home/airflow/.local/lib/python3.8/site-packages/airflow/example_dags/example_params_trigger_ui.py
[2024-04-15T11:31:00.627+0000] {logging_mixin.py:188} INFO - [2024-04-15T11:31:00.627+0000] {dag.py:3047} INFO - Sync 1 DAGs
[2024-04-15T11:31:00.642+0000] {logging_mixin.py:188} INFO - [2024-04-15T11:31:00.642+0000] {dag.py:3834} INFO - Setting next_dagrun for example_params_trigger_ui to None, run_after=None
[2024-04-15T11:31:00.667+0000] {processor.py:183} INFO - Processing /home/airflow/.local/lib/python3.8/site-packages/airflow/example_dags/example_params_trigger_ui.py took 0.110 seconds
[2024-04-15T11:31:30.956+0000] {processor.py:161} INFO - Started process (PID=1511) to work on /home/airflow/.local/lib/python3.8/site-packages/airflow/example_dags/example_params_trigger_ui.py
[2024-04-15T11:31:30.958+0000] {processor.py:830} INFO - Processing file /home/airflow/.local/lib/python3.8/site-packages/airflow/example_dags/example_params_trigger_ui.py for tasks to queue
[2024-04-15T11:31:30.960+0000] {logging_mixin.py:188} INFO - [2024-04-15T11:31:30.960+0000] {dagbag.py:540} INFO - Filling up the DagBag from /home/airflow/.local/lib/python3.8/site-packages/airflow/example_dags/example_params_trigger_ui.py
[2024-04-15T11:31:30.973+0000] {processor.py:840} INFO - DAG(s) 'example_params_trigger_ui' retrieved from /home/airflow/.local/lib/python3.8/site-packages/airflow/example_dags/example_params_trigger_ui.py
[2024-04-15T11:31:31.022+0000] {logging_mixin.py:188} INFO - [2024-04-15T11:31:31.021+0000] {dag.py:3047} INFO - Sync 1 DAGs
[2024-04-15T11:31:31.034+0000] {logging_mixin.py:188} INFO - [2024-04-15T11:31:31.034+0000] {dag.py:3834} INFO - Setting next_dagrun for example_params_trigger_ui to None, run_after=None
[2024-04-15T11:31:31.057+0000] {processor.py:183} INFO - Processing /home/airflow/.local/lib/python3.8/site-packages/airflow/example_dags/example_params_trigger_ui.py took 0.104 seconds
[2024-04-15T11:32:02.988+0000] {processor.py:161} INFO - Started process (PID=1572) to work on /home/airflow/.local/lib/python3.8/site-packages/airflow/example_dags/example_params_trigger_ui.py
[2024-04-15T11:32:02.990+0000] {processor.py:830} INFO - Processing file /home/airflow/.local/lib/python3.8/site-packages/airflow/example_dags/example_params_trigger_ui.py for tasks to queue
[2024-04-15T11:32:02.992+0000] {logging_mixin.py:188} INFO - [2024-04-15T11:32:02.992+0000] {dagbag.py:540} INFO - Filling up the DagBag from /home/airflow/.local/lib/python3.8/site-packages/airflow/example_dags/example_params_trigger_ui.py
[2024-04-15T11:32:03.005+0000] {processor.py:840} INFO - DAG(s) 'example_params_trigger_ui' retrieved from /home/airflow/.local/lib/python3.8/site-packages/airflow/example_dags/example_params_trigger_ui.py
[2024-04-15T11:32:03.058+0000] {logging_mixin.py:188} INFO - [2024-04-15T11:32:03.058+0000] {dag.py:3047} INFO - Sync 1 DAGs
[2024-04-15T11:32:03.076+0000] {logging_mixin.py:188} INFO - [2024-04-15T11:32:03.076+0000] {dag.py:3834} INFO - Setting next_dagrun for example_params_trigger_ui to None, run_after=None
[2024-04-15T11:32:03.411+0000] {processor.py:183} INFO - Processing /home/airflow/.local/lib/python3.8/site-packages/airflow/example_dags/example_params_trigger_ui.py took 0.426 seconds
[2024-04-15T12:11:22.623+0000] {processor.py:161} INFO - Started process (PID=1610) to work on /home/airflow/.local/lib/python3.8/site-packages/airflow/example_dags/example_params_trigger_ui.py
[2024-04-15T12:11:22.625+0000] {processor.py:830} INFO - Processing file /home/airflow/.local/lib/python3.8/site-packages/airflow/example_dags/example_params_trigger_ui.py for tasks to queue
[2024-04-15T12:11:22.626+0000] {logging_mixin.py:188} INFO - [2024-04-15T12:11:22.625+0000] {dagbag.py:540} INFO - Filling up the DagBag from /home/airflow/.local/lib/python3.8/site-packages/airflow/example_dags/example_params_trigger_ui.py
[2024-04-15T12:11:22.641+0000] {processor.py:840} INFO - DAG(s) 'example_params_trigger_ui' retrieved from /home/airflow/.local/lib/python3.8/site-packages/airflow/example_dags/example_params_trigger_ui.py
[2024-04-15T12:11:22.816+0000] {logging_mixin.py:188} INFO - [2024-04-15T12:11:22.816+0000] {dag.py:3047} INFO - Sync 1 DAGs
[2024-04-15T12:11:22.868+0000] {logging_mixin.py:188} INFO - [2024-04-15T12:11:22.868+0000] {dag.py:3834} INFO - Setting next_dagrun for example_params_trigger_ui to None, run_after=None
[2024-04-15T12:11:22.947+0000] {processor.py:183} INFO - Processing /home/airflow/.local/lib/python3.8/site-packages/airflow/example_dags/example_params_trigger_ui.py took 0.328 seconds
[2024-04-15T12:11:53.552+0000] {processor.py:161} INFO - Started process (PID=1665) to work on /home/airflow/.local/lib/python3.8/site-packages/airflow/example_dags/example_params_trigger_ui.py
[2024-04-15T12:11:53.553+0000] {processor.py:830} INFO - Processing file /home/airflow/.local/lib/python3.8/site-packages/airflow/example_dags/example_params_trigger_ui.py for tasks to queue
[2024-04-15T12:11:53.554+0000] {logging_mixin.py:188} INFO - [2024-04-15T12:11:53.554+0000] {dagbag.py:540} INFO - Filling up the DagBag from /home/airflow/.local/lib/python3.8/site-packages/airflow/example_dags/example_params_trigger_ui.py
[2024-04-15T12:11:53.567+0000] {processor.py:840} INFO - DAG(s) 'example_params_trigger_ui' retrieved from /home/airflow/.local/lib/python3.8/site-packages/airflow/example_dags/example_params_trigger_ui.py
[2024-04-15T12:11:53.624+0000] {logging_mixin.py:188} INFO - [2024-04-15T12:11:53.624+0000] {dag.py:3047} INFO - Sync 1 DAGs
[2024-04-15T12:11:53.637+0000] {logging_mixin.py:188} INFO - [2024-04-15T12:11:53.636+0000] {dag.py:3834} INFO - Setting next_dagrun for example_params_trigger_ui to None, run_after=None
[2024-04-15T12:11:53.659+0000] {processor.py:183} INFO - Processing /home/airflow/.local/lib/python3.8/site-packages/airflow/example_dags/example_params_trigger_ui.py took 0.111 seconds
[2024-04-15T12:12:25.461+0000] {processor.py:161} INFO - Started process (PID=1720) to work on /home/airflow/.local/lib/python3.8/site-packages/airflow/example_dags/example_params_trigger_ui.py
[2024-04-15T12:12:25.470+0000] {processor.py:830} INFO - Processing file /home/airflow/.local/lib/python3.8/site-packages/airflow/example_dags/example_params_trigger_ui.py for tasks to queue
[2024-04-15T12:12:25.473+0000] {logging_mixin.py:188} INFO - [2024-04-15T12:12:25.472+0000] {dagbag.py:540} INFO - Filling up the DagBag from /home/airflow/.local/lib/python3.8/site-packages/airflow/example_dags/example_params_trigger_ui.py
[2024-04-15T12:12:25.513+0000] {processor.py:840} INFO - DAG(s) 'example_params_trigger_ui' retrieved from /home/airflow/.local/lib/python3.8/site-packages/airflow/example_dags/example_params_trigger_ui.py
[2024-04-15T12:12:25.637+0000] {logging_mixin.py:188} INFO - [2024-04-15T12:12:25.637+0000] {dag.py:3047} INFO - Sync 1 DAGs
[2024-04-15T12:12:25.672+0000] {logging_mixin.py:188} INFO - [2024-04-15T12:12:25.672+0000] {dag.py:3834} INFO - Setting next_dagrun for example_params_trigger_ui to None, run_after=None
[2024-04-15T12:12:25.729+0000] {processor.py:183} INFO - Processing /home/airflow/.local/lib/python3.8/site-packages/airflow/example_dags/example_params_trigger_ui.py took 0.274 seconds
[2024-04-15T12:12:56.279+0000] {processor.py:161} INFO - Started process (PID=1775) to work on /home/airflow/.local/lib/python3.8/site-packages/airflow/example_dags/example_params_trigger_ui.py
[2024-04-15T12:12:56.281+0000] {processor.py:830} INFO - Processing file /home/airflow/.local/lib/python3.8/site-packages/airflow/example_dags/example_params_trigger_ui.py for tasks to queue
[2024-04-15T12:12:56.283+0000] {logging_mixin.py:188} INFO - [2024-04-15T12:12:56.282+0000] {dagbag.py:540} INFO - Filling up the DagBag from /home/airflow/.local/lib/python3.8/site-packages/airflow/example_dags/example_params_trigger_ui.py
[2024-04-15T12:12:56.295+0000] {processor.py:840} INFO - DAG(s) 'example_params_trigger_ui' retrieved from /home/airflow/.local/lib/python3.8/site-packages/airflow/example_dags/example_params_trigger_ui.py
[2024-04-15T12:12:56.348+0000] {logging_mixin.py:188} INFO - [2024-04-15T12:12:56.348+0000] {dag.py:3047} INFO - Sync 1 DAGs
[2024-04-15T12:12:56.362+0000] {logging_mixin.py:188} INFO - [2024-04-15T12:12:56.362+0000] {dag.py:3834} INFO - Setting next_dagrun for example_params_trigger_ui to None, run_after=None
[2024-04-15T12:12:56.385+0000] {processor.py:183} INFO - Processing /home/airflow/.local/lib/python3.8/site-packages/airflow/example_dags/example_params_trigger_ui.py took 0.109 seconds
[2024-04-15T12:13:26.584+0000] {processor.py:161} INFO - Started process (PID=1830) to work on /home/airflow/.local/lib/python3.8/site-packages/airflow/example_dags/example_params_trigger_ui.py
[2024-04-15T12:13:26.587+0000] {processor.py:830} INFO - Processing file /home/airflow/.local/lib/python3.8/site-packages/airflow/example_dags/example_params_trigger_ui.py for tasks to queue
[2024-04-15T12:13:26.589+0000] {logging_mixin.py:188} INFO - [2024-04-15T12:13:26.588+0000] {dagbag.py:540} INFO - Filling up the DagBag from /home/airflow/.local/lib/python3.8/site-packages/airflow/example_dags/example_params_trigger_ui.py
[2024-04-15T12:13:26.602+0000] {processor.py:840} INFO - DAG(s) 'example_params_trigger_ui' retrieved from /home/airflow/.local/lib/python3.8/site-packages/airflow/example_dags/example_params_trigger_ui.py
[2024-04-15T12:13:26.649+0000] {logging_mixin.py:188} INFO - [2024-04-15T12:13:26.649+0000] {dag.py:3047} INFO - Sync 1 DAGs
[2024-04-15T12:13:26.662+0000] {logging_mixin.py:188} INFO - [2024-04-15T12:13:26.661+0000] {dag.py:3834} INFO - Setting next_dagrun for example_params_trigger_ui to None, run_after=None
[2024-04-15T12:13:26.686+0000] {processor.py:183} INFO - Processing /home/airflow/.local/lib/python3.8/site-packages/airflow/example_dags/example_params_trigger_ui.py took 0.105 seconds
[2024-04-15T12:13:57.210+0000] {processor.py:161} INFO - Started process (PID=1885) to work on /home/airflow/.local/lib/python3.8/site-packages/airflow/example_dags/example_params_trigger_ui.py
[2024-04-15T12:13:57.212+0000] {processor.py:830} INFO - Processing file /home/airflow/.local/lib/python3.8/site-packages/airflow/example_dags/example_params_trigger_ui.py for tasks to queue
[2024-04-15T12:13:57.213+0000] {logging_mixin.py:188} INFO - [2024-04-15T12:13:57.213+0000] {dagbag.py:540} INFO - Filling up the DagBag from /home/airflow/.local/lib/python3.8/site-packages/airflow/example_dags/example_params_trigger_ui.py
[2024-04-15T12:13:57.225+0000] {processor.py:840} INFO - DAG(s) 'example_params_trigger_ui' retrieved from /home/airflow/.local/lib/python3.8/site-packages/airflow/example_dags/example_params_trigger_ui.py
[2024-04-15T12:13:57.277+0000] {logging_mixin.py:188} INFO - [2024-04-15T12:13:57.276+0000] {dag.py:3047} INFO - Sync 1 DAGs
[2024-04-15T12:13:57.288+0000] {logging_mixin.py:188} INFO - [2024-04-15T12:13:57.288+0000] {dag.py:3834} INFO - Setting next_dagrun for example_params_trigger_ui to None, run_after=None
[2024-04-15T12:13:57.313+0000] {processor.py:183} INFO - Processing /home/airflow/.local/lib/python3.8/site-packages/airflow/example_dags/example_params_trigger_ui.py took 0.106 seconds
[2024-04-15T12:14:27.372+0000] {processor.py:161} INFO - Started process (PID=1940) to work on /home/airflow/.local/lib/python3.8/site-packages/airflow/example_dags/example_params_trigger_ui.py
[2024-04-15T12:14:27.374+0000] {processor.py:830} INFO - Processing file /home/airflow/.local/lib/python3.8/site-packages/airflow/example_dags/example_params_trigger_ui.py for tasks to queue
[2024-04-15T12:14:27.375+0000] {logging_mixin.py:188} INFO - [2024-04-15T12:14:27.375+0000] {dagbag.py:540} INFO - Filling up the DagBag from /home/airflow/.local/lib/python3.8/site-packages/airflow/example_dags/example_params_trigger_ui.py
[2024-04-15T12:14:27.388+0000] {processor.py:840} INFO - DAG(s) 'example_params_trigger_ui' retrieved from /home/airflow/.local/lib/python3.8/site-packages/airflow/example_dags/example_params_trigger_ui.py
[2024-04-15T12:14:27.439+0000] {logging_mixin.py:188} INFO - [2024-04-15T12:14:27.439+0000] {dag.py:3047} INFO - Sync 1 DAGs
[2024-04-15T12:14:27.452+0000] {logging_mixin.py:188} INFO - [2024-04-15T12:14:27.452+0000] {dag.py:3834} INFO - Setting next_dagrun for example_params_trigger_ui to None, run_after=None
[2024-04-15T12:14:27.476+0000] {processor.py:183} INFO - Processing /home/airflow/.local/lib/python3.8/site-packages/airflow/example_dags/example_params_trigger_ui.py took 0.107 seconds
[2024-04-15T12:14:57.844+0000] {processor.py:161} INFO - Started process (PID=1995) to work on /home/airflow/.local/lib/python3.8/site-packages/airflow/example_dags/example_params_trigger_ui.py
[2024-04-15T12:14:57.846+0000] {processor.py:830} INFO - Processing file /home/airflow/.local/lib/python3.8/site-packages/airflow/example_dags/example_params_trigger_ui.py for tasks to queue
[2024-04-15T12:14:57.847+0000] {logging_mixin.py:188} INFO - [2024-04-15T12:14:57.847+0000] {dagbag.py:540} INFO - Filling up the DagBag from /home/airflow/.local/lib/python3.8/site-packages/airflow/example_dags/example_params_trigger_ui.py
[2024-04-15T12:14:57.859+0000] {processor.py:840} INFO - DAG(s) 'example_params_trigger_ui' retrieved from /home/airflow/.local/lib/python3.8/site-packages/airflow/example_dags/example_params_trigger_ui.py
[2024-04-15T12:14:57.916+0000] {logging_mixin.py:188} INFO - [2024-04-15T12:14:57.916+0000] {dag.py:3047} INFO - Sync 1 DAGs
[2024-04-15T12:14:57.931+0000] {logging_mixin.py:188} INFO - [2024-04-15T12:14:57.930+0000] {dag.py:3834} INFO - Setting next_dagrun for example_params_trigger_ui to None, run_after=None
[2024-04-15T12:14:57.956+0000] {processor.py:183} INFO - Processing /home/airflow/.local/lib/python3.8/site-packages/airflow/example_dags/example_params_trigger_ui.py took 0.115 seconds
[2024-04-15T12:15:28.313+0000] {processor.py:161} INFO - Started process (PID=2050) to work on /home/airflow/.local/lib/python3.8/site-packages/airflow/example_dags/example_params_trigger_ui.py
[2024-04-15T12:15:28.315+0000] {processor.py:830} INFO - Processing file /home/airflow/.local/lib/python3.8/site-packages/airflow/example_dags/example_params_trigger_ui.py for tasks to queue
[2024-04-15T12:15:28.316+0000] {logging_mixin.py:188} INFO - [2024-04-15T12:15:28.316+0000] {dagbag.py:540} INFO - Filling up the DagBag from /home/airflow/.local/lib/python3.8/site-packages/airflow/example_dags/example_params_trigger_ui.py
[2024-04-15T12:15:28.329+0000] {processor.py:840} INFO - DAG(s) 'example_params_trigger_ui' retrieved from /home/airflow/.local/lib/python3.8/site-packages/airflow/example_dags/example_params_trigger_ui.py
[2024-04-15T12:15:28.378+0000] {logging_mixin.py:188} INFO - [2024-04-15T12:15:28.377+0000] {dag.py:3047} INFO - Sync 1 DAGs
[2024-04-15T12:15:28.390+0000] {logging_mixin.py:188} INFO - [2024-04-15T12:15:28.389+0000] {dag.py:3834} INFO - Setting next_dagrun for example_params_trigger_ui to None, run_after=None
[2024-04-15T12:15:28.412+0000] {processor.py:183} INFO - Processing /home/airflow/.local/lib/python3.8/site-packages/airflow/example_dags/example_params_trigger_ui.py took 0.102 seconds
[2024-04-15T12:15:58.475+0000] {processor.py:161} INFO - Started process (PID=2105) to work on /home/airflow/.local/lib/python3.8/site-packages/airflow/example_dags/example_params_trigger_ui.py
[2024-04-15T12:15:58.476+0000] {processor.py:830} INFO - Processing file /home/airflow/.local/lib/python3.8/site-packages/airflow/example_dags/example_params_trigger_ui.py for tasks to queue
[2024-04-15T12:15:58.478+0000] {logging_mixin.py:188} INFO - [2024-04-15T12:15:58.477+0000] {dagbag.py:540} INFO - Filling up the DagBag from /home/airflow/.local/lib/python3.8/site-packages/airflow/example_dags/example_params_trigger_ui.py
[2024-04-15T12:15:58.494+0000] {processor.py:840} INFO - DAG(s) 'example_params_trigger_ui' retrieved from /home/airflow/.local/lib/python3.8/site-packages/airflow/example_dags/example_params_trigger_ui.py
[2024-04-15T12:15:58.558+0000] {logging_mixin.py:188} INFO - [2024-04-15T12:15:58.558+0000] {dag.py:3047} INFO - Sync 1 DAGs
[2024-04-15T12:15:58.570+0000] {logging_mixin.py:188} INFO - [2024-04-15T12:15:58.569+0000] {dag.py:3834} INFO - Setting next_dagrun for example_params_trigger_ui to None, run_after=None
[2024-04-15T12:15:58.592+0000] {processor.py:183} INFO - Processing /home/airflow/.local/lib/python3.8/site-packages/airflow/example_dags/example_params_trigger_ui.py took 0.121 seconds
[2024-04-15T12:16:28.806+0000] {processor.py:161} INFO - Started process (PID=2160) to work on /home/airflow/.local/lib/python3.8/site-packages/airflow/example_dags/example_params_trigger_ui.py
[2024-04-15T12:16:28.808+0000] {processor.py:830} INFO - Processing file /home/airflow/.local/lib/python3.8/site-packages/airflow/example_dags/example_params_trigger_ui.py for tasks to queue
[2024-04-15T12:16:28.810+0000] {logging_mixin.py:188} INFO - [2024-04-15T12:16:28.809+0000] {dagbag.py:540} INFO - Filling up the DagBag from /home/airflow/.local/lib/python3.8/site-packages/airflow/example_dags/example_params_trigger_ui.py
[2024-04-15T12:16:28.823+0000] {processor.py:840} INFO - DAG(s) 'example_params_trigger_ui' retrieved from /home/airflow/.local/lib/python3.8/site-packages/airflow/example_dags/example_params_trigger_ui.py
[2024-04-15T12:16:28.874+0000] {logging_mixin.py:188} INFO - [2024-04-15T12:16:28.873+0000] {dag.py:3047} INFO - Sync 1 DAGs
[2024-04-15T12:16:28.885+0000] {logging_mixin.py:188} INFO - [2024-04-15T12:16:28.885+0000] {dag.py:3834} INFO - Setting next_dagrun for example_params_trigger_ui to None, run_after=None
[2024-04-15T12:16:28.909+0000] {processor.py:183} INFO - Processing /home/airflow/.local/lib/python3.8/site-packages/airflow/example_dags/example_params_trigger_ui.py took 0.105 seconds
[2024-04-15T12:16:59.112+0000] {processor.py:161} INFO - Started process (PID=2215) to work on /home/airflow/.local/lib/python3.8/site-packages/airflow/example_dags/example_params_trigger_ui.py
[2024-04-15T12:16:59.114+0000] {processor.py:830} INFO - Processing file /home/airflow/.local/lib/python3.8/site-packages/airflow/example_dags/example_params_trigger_ui.py for tasks to queue
[2024-04-15T12:16:59.115+0000] {logging_mixin.py:188} INFO - [2024-04-15T12:16:59.115+0000] {dagbag.py:540} INFO - Filling up the DagBag from /home/airflow/.local/lib/python3.8/site-packages/airflow/example_dags/example_params_trigger_ui.py
[2024-04-15T12:16:59.129+0000] {processor.py:840} INFO - DAG(s) 'example_params_trigger_ui' retrieved from /home/airflow/.local/lib/python3.8/site-packages/airflow/example_dags/example_params_trigger_ui.py
[2024-04-15T12:16:59.197+0000] {logging_mixin.py:188} INFO - [2024-04-15T12:16:59.196+0000] {dag.py:3047} INFO - Sync 1 DAGs
[2024-04-15T12:16:59.209+0000] {logging_mixin.py:188} INFO - [2024-04-15T12:16:59.209+0000] {dag.py:3834} INFO - Setting next_dagrun for example_params_trigger_ui to None, run_after=None
[2024-04-15T12:16:59.235+0000] {processor.py:183} INFO - Processing /home/airflow/.local/lib/python3.8/site-packages/airflow/example_dags/example_params_trigger_ui.py took 0.127 seconds
[2024-04-15T12:17:29.406+0000] {processor.py:161} INFO - Started process (PID=2269) to work on /home/airflow/.local/lib/python3.8/site-packages/airflow/example_dags/example_params_trigger_ui.py
[2024-04-15T12:17:29.408+0000] {processor.py:830} INFO - Processing file /home/airflow/.local/lib/python3.8/site-packages/airflow/example_dags/example_params_trigger_ui.py for tasks to queue
[2024-04-15T12:17:29.409+0000] {logging_mixin.py:188} INFO - [2024-04-15T12:17:29.409+0000] {dagbag.py:540} INFO - Filling up the DagBag from /home/airflow/.local/lib/python3.8/site-packages/airflow/example_dags/example_params_trigger_ui.py
[2024-04-15T12:17:29.421+0000] {processor.py:840} INFO - DAG(s) 'example_params_trigger_ui' retrieved from /home/airflow/.local/lib/python3.8/site-packages/airflow/example_dags/example_params_trigger_ui.py
[2024-04-15T12:17:29.472+0000] {logging_mixin.py:188} INFO - [2024-04-15T12:17:29.472+0000] {dag.py:3047} INFO - Sync 1 DAGs
[2024-04-15T12:17:29.484+0000] {logging_mixin.py:188} INFO - [2024-04-15T12:17:29.484+0000] {dag.py:3834} INFO - Setting next_dagrun for example_params_trigger_ui to None, run_after=None
[2024-04-15T12:17:29.508+0000] {processor.py:183} INFO - Processing /home/airflow/.local/lib/python3.8/site-packages/airflow/example_dags/example_params_trigger_ui.py took 0.105 seconds
[2024-04-15T12:18:00.023+0000] {processor.py:161} INFO - Started process (PID=2324) to work on /home/airflow/.local/lib/python3.8/site-packages/airflow/example_dags/example_params_trigger_ui.py
[2024-04-15T12:18:00.027+0000] {processor.py:830} INFO - Processing file /home/airflow/.local/lib/python3.8/site-packages/airflow/example_dags/example_params_trigger_ui.py for tasks to queue
[2024-04-15T12:18:00.030+0000] {logging_mixin.py:188} INFO - [2024-04-15T12:18:00.029+0000] {dagbag.py:540} INFO - Filling up the DagBag from /home/airflow/.local/lib/python3.8/site-packages/airflow/example_dags/example_params_trigger_ui.py
[2024-04-15T12:18:00.053+0000] {processor.py:840} INFO - DAG(s) 'example_params_trigger_ui' retrieved from /home/airflow/.local/lib/python3.8/site-packages/airflow/example_dags/example_params_trigger_ui.py
[2024-04-15T12:18:00.106+0000] {logging_mixin.py:188} INFO - [2024-04-15T12:18:00.106+0000] {dag.py:3047} INFO - Sync 1 DAGs
[2024-04-15T12:18:00.117+0000] {logging_mixin.py:188} INFO - [2024-04-15T12:18:00.117+0000] {dag.py:3834} INFO - Setting next_dagrun for example_params_trigger_ui to None, run_after=None
[2024-04-15T12:18:00.142+0000] {processor.py:183} INFO - Processing /home/airflow/.local/lib/python3.8/site-packages/airflow/example_dags/example_params_trigger_ui.py took 0.129 seconds
[2024-04-15T12:18:30.357+0000] {processor.py:161} INFO - Started process (PID=2379) to work on /home/airflow/.local/lib/python3.8/site-packages/airflow/example_dags/example_params_trigger_ui.py
[2024-04-15T12:18:30.358+0000] {processor.py:830} INFO - Processing file /home/airflow/.local/lib/python3.8/site-packages/airflow/example_dags/example_params_trigger_ui.py for tasks to queue
[2024-04-15T12:18:30.359+0000] {logging_mixin.py:188} INFO - [2024-04-15T12:18:30.359+0000] {dagbag.py:540} INFO - Filling up the DagBag from /home/airflow/.local/lib/python3.8/site-packages/airflow/example_dags/example_params_trigger_ui.py
[2024-04-15T12:18:30.373+0000] {processor.py:840} INFO - DAG(s) 'example_params_trigger_ui' retrieved from /home/airflow/.local/lib/python3.8/site-packages/airflow/example_dags/example_params_trigger_ui.py
[2024-04-15T12:18:30.421+0000] {logging_mixin.py:188} INFO - [2024-04-15T12:18:30.421+0000] {dag.py:3047} INFO - Sync 1 DAGs
[2024-04-15T12:18:30.432+0000] {logging_mixin.py:188} INFO - [2024-04-15T12:18:30.432+0000] {dag.py:3834} INFO - Setting next_dagrun for example_params_trigger_ui to None, run_after=None
[2024-04-15T12:18:30.456+0000] {processor.py:183} INFO - Processing /home/airflow/.local/lib/python3.8/site-packages/airflow/example_dags/example_params_trigger_ui.py took 0.103 seconds
[2024-04-15T12:19:00.567+0000] {processor.py:161} INFO - Started process (PID=2434) to work on /home/airflow/.local/lib/python3.8/site-packages/airflow/example_dags/example_params_trigger_ui.py
[2024-04-15T12:19:00.569+0000] {processor.py:830} INFO - Processing file /home/airflow/.local/lib/python3.8/site-packages/airflow/example_dags/example_params_trigger_ui.py for tasks to queue
[2024-04-15T12:19:00.570+0000] {logging_mixin.py:188} INFO - [2024-04-15T12:19:00.570+0000] {dagbag.py:540} INFO - Filling up the DagBag from /home/airflow/.local/lib/python3.8/site-packages/airflow/example_dags/example_params_trigger_ui.py
[2024-04-15T12:19:00.583+0000] {processor.py:840} INFO - DAG(s) 'example_params_trigger_ui' retrieved from /home/airflow/.local/lib/python3.8/site-packages/airflow/example_dags/example_params_trigger_ui.py
[2024-04-15T12:19:00.630+0000] {logging_mixin.py:188} INFO - [2024-04-15T12:19:00.630+0000] {dag.py:3047} INFO - Sync 1 DAGs
[2024-04-15T12:19:00.642+0000] {logging_mixin.py:188} INFO - [2024-04-15T12:19:00.641+0000] {dag.py:3834} INFO - Setting next_dagrun for example_params_trigger_ui to None, run_after=None
[2024-04-15T12:19:00.664+0000] {processor.py:183} INFO - Processing /home/airflow/.local/lib/python3.8/site-packages/airflow/example_dags/example_params_trigger_ui.py took 0.100 seconds
[2024-04-15T12:19:30.847+0000] {processor.py:161} INFO - Started process (PID=2489) to work on /home/airflow/.local/lib/python3.8/site-packages/airflow/example_dags/example_params_trigger_ui.py
[2024-04-15T12:19:30.848+0000] {processor.py:830} INFO - Processing file /home/airflow/.local/lib/python3.8/site-packages/airflow/example_dags/example_params_trigger_ui.py for tasks to queue
[2024-04-15T12:19:30.849+0000] {logging_mixin.py:188} INFO - [2024-04-15T12:19:30.849+0000] {dagbag.py:540} INFO - Filling up the DagBag from /home/airflow/.local/lib/python3.8/site-packages/airflow/example_dags/example_params_trigger_ui.py
[2024-04-15T12:19:30.861+0000] {processor.py:840} INFO - DAG(s) 'example_params_trigger_ui' retrieved from /home/airflow/.local/lib/python3.8/site-packages/airflow/example_dags/example_params_trigger_ui.py
[2024-04-15T12:19:30.909+0000] {logging_mixin.py:188} INFO - [2024-04-15T12:19:30.908+0000] {dag.py:3047} INFO - Sync 1 DAGs
[2024-04-15T12:19:30.921+0000] {logging_mixin.py:188} INFO - [2024-04-15T12:19:30.921+0000] {dag.py:3834} INFO - Setting next_dagrun for example_params_trigger_ui to None, run_after=None
[2024-04-15T12:19:30.945+0000] {processor.py:183} INFO - Processing /home/airflow/.local/lib/python3.8/site-packages/airflow/example_dags/example_params_trigger_ui.py took 0.102 seconds
[2024-04-15T12:20:01.354+0000] {processor.py:161} INFO - Started process (PID=2544) to work on /home/airflow/.local/lib/python3.8/site-packages/airflow/example_dags/example_params_trigger_ui.py
[2024-04-15T12:20:01.356+0000] {processor.py:830} INFO - Processing file /home/airflow/.local/lib/python3.8/site-packages/airflow/example_dags/example_params_trigger_ui.py for tasks to queue
[2024-04-15T12:20:01.357+0000] {logging_mixin.py:188} INFO - [2024-04-15T12:20:01.357+0000] {dagbag.py:540} INFO - Filling up the DagBag from /home/airflow/.local/lib/python3.8/site-packages/airflow/example_dags/example_params_trigger_ui.py
[2024-04-15T12:20:01.370+0000] {processor.py:840} INFO - DAG(s) 'example_params_trigger_ui' retrieved from /home/airflow/.local/lib/python3.8/site-packages/airflow/example_dags/example_params_trigger_ui.py
[2024-04-15T12:20:01.420+0000] {logging_mixin.py:188} INFO - [2024-04-15T12:20:01.420+0000] {dag.py:3047} INFO - Sync 1 DAGs
[2024-04-15T12:20:01.434+0000] {logging_mixin.py:188} INFO - [2024-04-15T12:20:01.434+0000] {dag.py:3834} INFO - Setting next_dagrun for example_params_trigger_ui to None, run_after=None
[2024-04-15T12:20:01.460+0000] {processor.py:183} INFO - Processing /home/airflow/.local/lib/python3.8/site-packages/airflow/example_dags/example_params_trigger_ui.py took 0.108 seconds
[2024-04-15T12:26:48.338+0000] {processor.py:161} INFO - Started process (PID=2597) to work on /home/airflow/.local/lib/python3.8/site-packages/airflow/example_dags/example_params_trigger_ui.py
[2024-04-15T12:26:48.339+0000] {processor.py:830} INFO - Processing file /home/airflow/.local/lib/python3.8/site-packages/airflow/example_dags/example_params_trigger_ui.py for tasks to queue
[2024-04-15T12:26:48.340+0000] {logging_mixin.py:188} INFO - [2024-04-15T12:26:48.340+0000] {dagbag.py:540} INFO - Filling up the DagBag from /home/airflow/.local/lib/python3.8/site-packages/airflow/example_dags/example_params_trigger_ui.py
[2024-04-15T12:26:48.357+0000] {processor.py:840} INFO - DAG(s) 'example_params_trigger_ui' retrieved from /home/airflow/.local/lib/python3.8/site-packages/airflow/example_dags/example_params_trigger_ui.py
[2024-04-15T12:26:48.415+0000] {logging_mixin.py:188} INFO - [2024-04-15T12:26:48.414+0000] {dag.py:3047} INFO - Sync 1 DAGs
[2024-04-15T12:26:48.427+0000] {logging_mixin.py:188} INFO - [2024-04-15T12:26:48.427+0000] {dag.py:3834} INFO - Setting next_dagrun for example_params_trigger_ui to None, run_after=None
[2024-04-15T12:26:48.448+0000] {processor.py:183} INFO - Processing /home/airflow/.local/lib/python3.8/site-packages/airflow/example_dags/example_params_trigger_ui.py took 0.114 seconds
[2024-04-15T12:27:19.194+0000] {processor.py:161} INFO - Started process (PID=2652) to work on /home/airflow/.local/lib/python3.8/site-packages/airflow/example_dags/example_params_trigger_ui.py
[2024-04-15T12:27:19.196+0000] {processor.py:830} INFO - Processing file /home/airflow/.local/lib/python3.8/site-packages/airflow/example_dags/example_params_trigger_ui.py for tasks to queue
[2024-04-15T12:27:19.197+0000] {logging_mixin.py:188} INFO - [2024-04-15T12:27:19.197+0000] {dagbag.py:540} INFO - Filling up the DagBag from /home/airflow/.local/lib/python3.8/site-packages/airflow/example_dags/example_params_trigger_ui.py
[2024-04-15T12:27:19.210+0000] {processor.py:840} INFO - DAG(s) 'example_params_trigger_ui' retrieved from /home/airflow/.local/lib/python3.8/site-packages/airflow/example_dags/example_params_trigger_ui.py
[2024-04-15T12:27:19.264+0000] {logging_mixin.py:188} INFO - [2024-04-15T12:27:19.263+0000] {dag.py:3047} INFO - Sync 1 DAGs
[2024-04-15T12:27:19.277+0000] {logging_mixin.py:188} INFO - [2024-04-15T12:27:19.277+0000] {dag.py:3834} INFO - Setting next_dagrun for example_params_trigger_ui to None, run_after=None
[2024-04-15T12:27:19.306+0000] {processor.py:183} INFO - Processing /home/airflow/.local/lib/python3.8/site-packages/airflow/example_dags/example_params_trigger_ui.py took 0.116 seconds
[2024-04-15T12:27:49.644+0000] {processor.py:161} INFO - Started process (PID=2707) to work on /home/airflow/.local/lib/python3.8/site-packages/airflow/example_dags/example_params_trigger_ui.py
[2024-04-15T12:27:49.645+0000] {processor.py:830} INFO - Processing file /home/airflow/.local/lib/python3.8/site-packages/airflow/example_dags/example_params_trigger_ui.py for tasks to queue
[2024-04-15T12:27:49.646+0000] {logging_mixin.py:188} INFO - [2024-04-15T12:27:49.646+0000] {dagbag.py:540} INFO - Filling up the DagBag from /home/airflow/.local/lib/python3.8/site-packages/airflow/example_dags/example_params_trigger_ui.py
[2024-04-15T12:27:49.661+0000] {processor.py:840} INFO - DAG(s) 'example_params_trigger_ui' retrieved from /home/airflow/.local/lib/python3.8/site-packages/airflow/example_dags/example_params_trigger_ui.py
[2024-04-15T12:27:49.718+0000] {logging_mixin.py:188} INFO - [2024-04-15T12:27:49.717+0000] {dag.py:3047} INFO - Sync 1 DAGs
[2024-04-15T12:27:49.731+0000] {logging_mixin.py:188} INFO - [2024-04-15T12:27:49.731+0000] {dag.py:3834} INFO - Setting next_dagrun for example_params_trigger_ui to None, run_after=None
[2024-04-15T12:27:49.754+0000] {processor.py:183} INFO - Processing /home/airflow/.local/lib/python3.8/site-packages/airflow/example_dags/example_params_trigger_ui.py took 0.114 seconds
[2024-04-15T12:28:20.342+0000] {processor.py:161} INFO - Started process (PID=2762) to work on /home/airflow/.local/lib/python3.8/site-packages/airflow/example_dags/example_params_trigger_ui.py
[2024-04-15T12:28:20.344+0000] {processor.py:830} INFO - Processing file /home/airflow/.local/lib/python3.8/site-packages/airflow/example_dags/example_params_trigger_ui.py for tasks to queue
[2024-04-15T12:28:20.346+0000] {logging_mixin.py:188} INFO - [2024-04-15T12:28:20.345+0000] {dagbag.py:540} INFO - Filling up the DagBag from /home/airflow/.local/lib/python3.8/site-packages/airflow/example_dags/example_params_trigger_ui.py
[2024-04-15T12:28:20.361+0000] {processor.py:840} INFO - DAG(s) 'example_params_trigger_ui' retrieved from /home/airflow/.local/lib/python3.8/site-packages/airflow/example_dags/example_params_trigger_ui.py
[2024-04-15T12:28:20.415+0000] {logging_mixin.py:188} INFO - [2024-04-15T12:28:20.415+0000] {dag.py:3047} INFO - Sync 1 DAGs
[2024-04-15T12:28:20.427+0000] {logging_mixin.py:188} INFO - [2024-04-15T12:28:20.427+0000] {dag.py:3834} INFO - Setting next_dagrun for example_params_trigger_ui to None, run_after=None
[2024-04-15T12:28:20.450+0000] {processor.py:183} INFO - Processing /home/airflow/.local/lib/python3.8/site-packages/airflow/example_dags/example_params_trigger_ui.py took 0.111 seconds
[2024-04-15T12:28:51.438+0000] {processor.py:161} INFO - Started process (PID=2818) to work on /home/airflow/.local/lib/python3.8/site-packages/airflow/example_dags/example_params_trigger_ui.py
[2024-04-15T12:28:51.440+0000] {processor.py:830} INFO - Processing file /home/airflow/.local/lib/python3.8/site-packages/airflow/example_dags/example_params_trigger_ui.py for tasks to queue
[2024-04-15T12:28:51.441+0000] {logging_mixin.py:188} INFO - [2024-04-15T12:28:51.441+0000] {dagbag.py:540} INFO - Filling up the DagBag from /home/airflow/.local/lib/python3.8/site-packages/airflow/example_dags/example_params_trigger_ui.py
[2024-04-15T12:28:51.459+0000] {processor.py:840} INFO - DAG(s) 'example_params_trigger_ui' retrieved from /home/airflow/.local/lib/python3.8/site-packages/airflow/example_dags/example_params_trigger_ui.py
[2024-04-15T12:28:51.514+0000] {logging_mixin.py:188} INFO - [2024-04-15T12:28:51.514+0000] {dag.py:3047} INFO - Sync 1 DAGs
[2024-04-15T12:28:51.528+0000] {logging_mixin.py:188} INFO - [2024-04-15T12:28:51.528+0000] {dag.py:3834} INFO - Setting next_dagrun for example_params_trigger_ui to None, run_after=None
[2024-04-15T12:28:51.552+0000] {processor.py:183} INFO - Processing /home/airflow/.local/lib/python3.8/site-packages/airflow/example_dags/example_params_trigger_ui.py took 0.118 seconds
[2024-04-15T12:29:22.049+0000] {processor.py:161} INFO - Started process (PID=2873) to work on /home/airflow/.local/lib/python3.8/site-packages/airflow/example_dags/example_params_trigger_ui.py
[2024-04-15T12:29:22.051+0000] {processor.py:830} INFO - Processing file /home/airflow/.local/lib/python3.8/site-packages/airflow/example_dags/example_params_trigger_ui.py for tasks to queue
[2024-04-15T12:29:22.052+0000] {logging_mixin.py:188} INFO - [2024-04-15T12:29:22.051+0000] {dagbag.py:540} INFO - Filling up the DagBag from /home/airflow/.local/lib/python3.8/site-packages/airflow/example_dags/example_params_trigger_ui.py
[2024-04-15T12:29:22.068+0000] {processor.py:840} INFO - DAG(s) 'example_params_trigger_ui' retrieved from /home/airflow/.local/lib/python3.8/site-packages/airflow/example_dags/example_params_trigger_ui.py
[2024-04-15T12:29:22.120+0000] {logging_mixin.py:188} INFO - [2024-04-15T12:29:22.119+0000] {dag.py:3047} INFO - Sync 1 DAGs
[2024-04-15T12:29:22.133+0000] {logging_mixin.py:188} INFO - [2024-04-15T12:29:22.132+0000] {dag.py:3834} INFO - Setting next_dagrun for example_params_trigger_ui to None, run_after=None
[2024-04-15T12:29:22.154+0000] {processor.py:183} INFO - Processing /home/airflow/.local/lib/python3.8/site-packages/airflow/example_dags/example_params_trigger_ui.py took 0.108 seconds
[2024-04-15T12:29:52.752+0000] {processor.py:161} INFO - Started process (PID=2928) to work on /home/airflow/.local/lib/python3.8/site-packages/airflow/example_dags/example_params_trigger_ui.py
[2024-04-15T12:29:52.754+0000] {processor.py:830} INFO - Processing file /home/airflow/.local/lib/python3.8/site-packages/airflow/example_dags/example_params_trigger_ui.py for tasks to queue
[2024-04-15T12:29:52.755+0000] {logging_mixin.py:188} INFO - [2024-04-15T12:29:52.755+0000] {dagbag.py:540} INFO - Filling up the DagBag from /home/airflow/.local/lib/python3.8/site-packages/airflow/example_dags/example_params_trigger_ui.py
[2024-04-15T12:29:52.770+0000] {processor.py:840} INFO - DAG(s) 'example_params_trigger_ui' retrieved from /home/airflow/.local/lib/python3.8/site-packages/airflow/example_dags/example_params_trigger_ui.py
[2024-04-15T12:29:52.825+0000] {logging_mixin.py:188} INFO - [2024-04-15T12:29:52.824+0000] {dag.py:3047} INFO - Sync 1 DAGs
[2024-04-15T12:29:52.836+0000] {logging_mixin.py:188} INFO - [2024-04-15T12:29:52.836+0000] {dag.py:3834} INFO - Setting next_dagrun for example_params_trigger_ui to None, run_after=None
[2024-04-15T12:29:52.859+0000] {processor.py:183} INFO - Processing /home/airflow/.local/lib/python3.8/site-packages/airflow/example_dags/example_params_trigger_ui.py took 0.110 seconds
[2024-04-15T12:30:23.240+0000] {processor.py:161} INFO - Started process (PID=2983) to work on /home/airflow/.local/lib/python3.8/site-packages/airflow/example_dags/example_params_trigger_ui.py
[2024-04-15T12:30:23.242+0000] {processor.py:830} INFO - Processing file /home/airflow/.local/lib/python3.8/site-packages/airflow/example_dags/example_params_trigger_ui.py for tasks to queue
[2024-04-15T12:30:23.243+0000] {logging_mixin.py:188} INFO - [2024-04-15T12:30:23.243+0000] {dagbag.py:540} INFO - Filling up the DagBag from /home/airflow/.local/lib/python3.8/site-packages/airflow/example_dags/example_params_trigger_ui.py
[2024-04-15T12:30:23.258+0000] {processor.py:840} INFO - DAG(s) 'example_params_trigger_ui' retrieved from /home/airflow/.local/lib/python3.8/site-packages/airflow/example_dags/example_params_trigger_ui.py
[2024-04-15T12:30:23.317+0000] {logging_mixin.py:188} INFO - [2024-04-15T12:30:23.317+0000] {dag.py:3047} INFO - Sync 1 DAGs
[2024-04-15T12:30:23.328+0000] {logging_mixin.py:188} INFO - [2024-04-15T12:30:23.328+0000] {dag.py:3834} INFO - Setting next_dagrun for example_params_trigger_ui to None, run_after=None
[2024-04-15T12:30:23.352+0000] {processor.py:183} INFO - Processing /home/airflow/.local/lib/python3.8/site-packages/airflow/example_dags/example_params_trigger_ui.py took 0.115 seconds
[2024-04-15T12:30:53.906+0000] {processor.py:161} INFO - Started process (PID=3038) to work on /home/airflow/.local/lib/python3.8/site-packages/airflow/example_dags/example_params_trigger_ui.py
[2024-04-15T12:30:53.908+0000] {processor.py:830} INFO - Processing file /home/airflow/.local/lib/python3.8/site-packages/airflow/example_dags/example_params_trigger_ui.py for tasks to queue
[2024-04-15T12:30:53.909+0000] {logging_mixin.py:188} INFO - [2024-04-15T12:30:53.909+0000] {dagbag.py:540} INFO - Filling up the DagBag from /home/airflow/.local/lib/python3.8/site-packages/airflow/example_dags/example_params_trigger_ui.py
[2024-04-15T12:30:53.925+0000] {processor.py:840} INFO - DAG(s) 'example_params_trigger_ui' retrieved from /home/airflow/.local/lib/python3.8/site-packages/airflow/example_dags/example_params_trigger_ui.py
[2024-04-15T12:30:53.983+0000] {logging_mixin.py:188} INFO - [2024-04-15T12:30:53.982+0000] {dag.py:3047} INFO - Sync 1 DAGs
[2024-04-15T12:30:53.998+0000] {logging_mixin.py:188} INFO - [2024-04-15T12:30:53.998+0000] {dag.py:3834} INFO - Setting next_dagrun for example_params_trigger_ui to None, run_after=None
[2024-04-15T12:30:54.021+0000] {processor.py:183} INFO - Processing /home/airflow/.local/lib/python3.8/site-packages/airflow/example_dags/example_params_trigger_ui.py took 0.123 seconds
[2024-04-15T12:31:24.424+0000] {processor.py:161} INFO - Started process (PID=3093) to work on /home/airflow/.local/lib/python3.8/site-packages/airflow/example_dags/example_params_trigger_ui.py
[2024-04-15T12:31:24.425+0000] {processor.py:830} INFO - Processing file /home/airflow/.local/lib/python3.8/site-packages/airflow/example_dags/example_params_trigger_ui.py for tasks to queue
[2024-04-15T12:31:24.427+0000] {logging_mixin.py:188} INFO - [2024-04-15T12:31:24.427+0000] {dagbag.py:540} INFO - Filling up the DagBag from /home/airflow/.local/lib/python3.8/site-packages/airflow/example_dags/example_params_trigger_ui.py
[2024-04-15T12:31:24.439+0000] {processor.py:840} INFO - DAG(s) 'example_params_trigger_ui' retrieved from /home/airflow/.local/lib/python3.8/site-packages/airflow/example_dags/example_params_trigger_ui.py
[2024-04-15T12:31:24.489+0000] {logging_mixin.py:188} INFO - [2024-04-15T12:31:24.489+0000] {dag.py:3047} INFO - Sync 1 DAGs
[2024-04-15T12:31:24.505+0000] {logging_mixin.py:188} INFO - [2024-04-15T12:31:24.505+0000] {dag.py:3834} INFO - Setting next_dagrun for example_params_trigger_ui to None, run_after=None
[2024-04-15T12:31:24.530+0000] {processor.py:183} INFO - Processing /home/airflow/.local/lib/python3.8/site-packages/airflow/example_dags/example_params_trigger_ui.py took 0.109 seconds
[2024-04-15T12:31:54.882+0000] {processor.py:161} INFO - Started process (PID=3148) to work on /home/airflow/.local/lib/python3.8/site-packages/airflow/example_dags/example_params_trigger_ui.py
[2024-04-15T12:31:54.883+0000] {processor.py:830} INFO - Processing file /home/airflow/.local/lib/python3.8/site-packages/airflow/example_dags/example_params_trigger_ui.py for tasks to queue
[2024-04-15T12:31:54.885+0000] {logging_mixin.py:188} INFO - [2024-04-15T12:31:54.884+0000] {dagbag.py:540} INFO - Filling up the DagBag from /home/airflow/.local/lib/python3.8/site-packages/airflow/example_dags/example_params_trigger_ui.py
[2024-04-15T12:31:54.899+0000] {processor.py:840} INFO - DAG(s) 'example_params_trigger_ui' retrieved from /home/airflow/.local/lib/python3.8/site-packages/airflow/example_dags/example_params_trigger_ui.py
[2024-04-15T12:31:54.961+0000] {logging_mixin.py:188} INFO - [2024-04-15T12:31:54.960+0000] {dag.py:3047} INFO - Sync 1 DAGs
[2024-04-15T12:31:54.974+0000] {logging_mixin.py:188} INFO - [2024-04-15T12:31:54.974+0000] {dag.py:3834} INFO - Setting next_dagrun for example_params_trigger_ui to None, run_after=None
[2024-04-15T12:31:54.997+0000] {processor.py:183} INFO - Processing /home/airflow/.local/lib/python3.8/site-packages/airflow/example_dags/example_params_trigger_ui.py took 0.118 seconds
[2024-04-15T12:34:42.161+0000] {processor.py:161} INFO - Started process (PID=3203) to work on /home/airflow/.local/lib/python3.8/site-packages/airflow/example_dags/example_params_trigger_ui.py
[2024-04-15T12:34:42.162+0000] {processor.py:830} INFO - Processing file /home/airflow/.local/lib/python3.8/site-packages/airflow/example_dags/example_params_trigger_ui.py for tasks to queue
[2024-04-15T12:34:42.163+0000] {logging_mixin.py:188} INFO - [2024-04-15T12:34:42.163+0000] {dagbag.py:540} INFO - Filling up the DagBag from /home/airflow/.local/lib/python3.8/site-packages/airflow/example_dags/example_params_trigger_ui.py
[2024-04-15T12:34:42.177+0000] {processor.py:840} INFO - DAG(s) 'example_params_trigger_ui' retrieved from /home/airflow/.local/lib/python3.8/site-packages/airflow/example_dags/example_params_trigger_ui.py
[2024-04-15T12:34:42.232+0000] {logging_mixin.py:188} INFO - [2024-04-15T12:34:42.231+0000] {dag.py:3047} INFO - Sync 1 DAGs
[2024-04-15T12:34:42.245+0000] {logging_mixin.py:188} INFO - [2024-04-15T12:34:42.245+0000] {dag.py:3834} INFO - Setting next_dagrun for example_params_trigger_ui to None, run_after=None
[2024-04-15T12:34:42.269+0000] {processor.py:183} INFO - Processing /home/airflow/.local/lib/python3.8/site-packages/airflow/example_dags/example_params_trigger_ui.py took 0.111 seconds
[2024-04-15T12:35:12.953+0000] {processor.py:161} INFO - Started process (PID=3258) to work on /home/airflow/.local/lib/python3.8/site-packages/airflow/example_dags/example_params_trigger_ui.py
[2024-04-15T12:35:12.954+0000] {processor.py:830} INFO - Processing file /home/airflow/.local/lib/python3.8/site-packages/airflow/example_dags/example_params_trigger_ui.py for tasks to queue
[2024-04-15T12:35:12.956+0000] {logging_mixin.py:188} INFO - [2024-04-15T12:35:12.956+0000] {dagbag.py:540} INFO - Filling up the DagBag from /home/airflow/.local/lib/python3.8/site-packages/airflow/example_dags/example_params_trigger_ui.py
[2024-04-15T12:35:12.972+0000] {processor.py:840} INFO - DAG(s) 'example_params_trigger_ui' retrieved from /home/airflow/.local/lib/python3.8/site-packages/airflow/example_dags/example_params_trigger_ui.py
[2024-04-15T12:35:13.025+0000] {logging_mixin.py:188} INFO - [2024-04-15T12:35:13.025+0000] {dag.py:3047} INFO - Sync 1 DAGs
[2024-04-15T12:35:13.037+0000] {logging_mixin.py:188} INFO - [2024-04-15T12:35:13.036+0000] {dag.py:3834} INFO - Setting next_dagrun for example_params_trigger_ui to None, run_after=None
[2024-04-15T12:35:13.063+0000] {processor.py:183} INFO - Processing /home/airflow/.local/lib/python3.8/site-packages/airflow/example_dags/example_params_trigger_ui.py took 0.113 seconds
[2024-04-15T12:35:44.522+0000] {processor.py:161} INFO - Started process (PID=3313) to work on /home/airflow/.local/lib/python3.8/site-packages/airflow/example_dags/example_params_trigger_ui.py
[2024-04-15T12:35:44.524+0000] {processor.py:830} INFO - Processing file /home/airflow/.local/lib/python3.8/site-packages/airflow/example_dags/example_params_trigger_ui.py for tasks to queue
[2024-04-15T12:35:44.525+0000] {logging_mixin.py:188} INFO - [2024-04-15T12:35:44.525+0000] {dagbag.py:540} INFO - Filling up the DagBag from /home/airflow/.local/lib/python3.8/site-packages/airflow/example_dags/example_params_trigger_ui.py
[2024-04-15T12:35:44.540+0000] {processor.py:840} INFO - DAG(s) 'example_params_trigger_ui' retrieved from /home/airflow/.local/lib/python3.8/site-packages/airflow/example_dags/example_params_trigger_ui.py
[2024-04-15T12:35:44.590+0000] {logging_mixin.py:188} INFO - [2024-04-15T12:35:44.590+0000] {dag.py:3047} INFO - Sync 1 DAGs
[2024-04-15T12:35:44.602+0000] {logging_mixin.py:188} INFO - [2024-04-15T12:35:44.601+0000] {dag.py:3834} INFO - Setting next_dagrun for example_params_trigger_ui to None, run_after=None
[2024-04-15T12:35:44.627+0000] {processor.py:183} INFO - Processing /home/airflow/.local/lib/python3.8/site-packages/airflow/example_dags/example_params_trigger_ui.py took 0.108 seconds
[2024-04-15T12:36:15.825+0000] {processor.py:161} INFO - Started process (PID=3368) to work on /home/airflow/.local/lib/python3.8/site-packages/airflow/example_dags/example_params_trigger_ui.py
[2024-04-15T12:36:15.827+0000] {processor.py:830} INFO - Processing file /home/airflow/.local/lib/python3.8/site-packages/airflow/example_dags/example_params_trigger_ui.py for tasks to queue
[2024-04-15T12:36:15.828+0000] {logging_mixin.py:188} INFO - [2024-04-15T12:36:15.828+0000] {dagbag.py:540} INFO - Filling up the DagBag from /home/airflow/.local/lib/python3.8/site-packages/airflow/example_dags/example_params_trigger_ui.py
[2024-04-15T12:36:15.840+0000] {processor.py:840} INFO - DAG(s) 'example_params_trigger_ui' retrieved from /home/airflow/.local/lib/python3.8/site-packages/airflow/example_dags/example_params_trigger_ui.py
[2024-04-15T12:36:15.981+0000] {logging_mixin.py:188} INFO - [2024-04-15T12:36:15.981+0000] {dag.py:3047} INFO - Sync 1 DAGs
[2024-04-15T12:36:15.993+0000] {logging_mixin.py:188} INFO - [2024-04-15T12:36:15.993+0000] {dag.py:3834} INFO - Setting next_dagrun for example_params_trigger_ui to None, run_after=None
[2024-04-15T12:36:16.015+0000] {processor.py:183} INFO - Processing /home/airflow/.local/lib/python3.8/site-packages/airflow/example_dags/example_params_trigger_ui.py took 0.193 seconds
[2024-04-15T12:36:47.060+0000] {processor.py:161} INFO - Started process (PID=3423) to work on /home/airflow/.local/lib/python3.8/site-packages/airflow/example_dags/example_params_trigger_ui.py
[2024-04-15T12:36:47.062+0000] {processor.py:830} INFO - Processing file /home/airflow/.local/lib/python3.8/site-packages/airflow/example_dags/example_params_trigger_ui.py for tasks to queue
[2024-04-15T12:36:47.063+0000] {logging_mixin.py:188} INFO - [2024-04-15T12:36:47.063+0000] {dagbag.py:540} INFO - Filling up the DagBag from /home/airflow/.local/lib/python3.8/site-packages/airflow/example_dags/example_params_trigger_ui.py
[2024-04-15T12:36:47.077+0000] {processor.py:840} INFO - DAG(s) 'example_params_trigger_ui' retrieved from /home/airflow/.local/lib/python3.8/site-packages/airflow/example_dags/example_params_trigger_ui.py
[2024-04-15T12:36:47.128+0000] {logging_mixin.py:188} INFO - [2024-04-15T12:36:47.127+0000] {dag.py:3047} INFO - Sync 1 DAGs
[2024-04-15T12:36:47.258+0000] {logging_mixin.py:188} INFO - [2024-04-15T12:36:47.257+0000] {dag.py:3834} INFO - Setting next_dagrun for example_params_trigger_ui to None, run_after=None
[2024-04-15T12:36:47.288+0000] {processor.py:183} INFO - Processing /home/airflow/.local/lib/python3.8/site-packages/airflow/example_dags/example_params_trigger_ui.py took 0.231 seconds
[2024-04-15T12:37:17.503+0000] {processor.py:161} INFO - Started process (PID=3479) to work on /home/airflow/.local/lib/python3.8/site-packages/airflow/example_dags/example_params_trigger_ui.py
[2024-04-15T12:37:17.505+0000] {processor.py:830} INFO - Processing file /home/airflow/.local/lib/python3.8/site-packages/airflow/example_dags/example_params_trigger_ui.py for tasks to queue
[2024-04-15T12:37:17.507+0000] {logging_mixin.py:188} INFO - [2024-04-15T12:37:17.506+0000] {dagbag.py:540} INFO - Filling up the DagBag from /home/airflow/.local/lib/python3.8/site-packages/airflow/example_dags/example_params_trigger_ui.py
[2024-04-15T12:37:17.518+0000] {processor.py:840} INFO - DAG(s) 'example_params_trigger_ui' retrieved from /home/airflow/.local/lib/python3.8/site-packages/airflow/example_dags/example_params_trigger_ui.py
[2024-04-15T12:37:17.568+0000] {logging_mixin.py:188} INFO - [2024-04-15T12:37:17.568+0000] {dag.py:3047} INFO - Sync 1 DAGs
[2024-04-15T12:37:17.584+0000] {logging_mixin.py:188} INFO - [2024-04-15T12:37:17.583+0000] {dag.py:3834} INFO - Setting next_dagrun for example_params_trigger_ui to None, run_after=None
[2024-04-15T12:37:17.730+0000] {processor.py:183} INFO - Processing /home/airflow/.local/lib/python3.8/site-packages/airflow/example_dags/example_params_trigger_ui.py took 0.231 seconds
[2024-04-15T12:43:03.047+0000] {processor.py:161} INFO - Started process (PID=3533) to work on /home/airflow/.local/lib/python3.8/site-packages/airflow/example_dags/example_params_trigger_ui.py
[2024-04-15T12:43:03.049+0000] {processor.py:830} INFO - Processing file /home/airflow/.local/lib/python3.8/site-packages/airflow/example_dags/example_params_trigger_ui.py for tasks to queue
[2024-04-15T12:43:03.051+0000] {logging_mixin.py:188} INFO - [2024-04-15T12:43:03.050+0000] {dagbag.py:540} INFO - Filling up the DagBag from /home/airflow/.local/lib/python3.8/site-packages/airflow/example_dags/example_params_trigger_ui.py
[2024-04-15T12:43:03.067+0000] {processor.py:840} INFO - DAG(s) 'example_params_trigger_ui' retrieved from /home/airflow/.local/lib/python3.8/site-packages/airflow/example_dags/example_params_trigger_ui.py
[2024-04-15T12:43:03.129+0000] {logging_mixin.py:188} INFO - [2024-04-15T12:43:03.128+0000] {dag.py:3047} INFO - Sync 1 DAGs
[2024-04-15T12:43:03.140+0000] {logging_mixin.py:188} INFO - [2024-04-15T12:43:03.140+0000] {dag.py:3834} INFO - Setting next_dagrun for example_params_trigger_ui to None, run_after=None
[2024-04-15T12:43:03.165+0000] {processor.py:183} INFO - Processing /home/airflow/.local/lib/python3.8/site-packages/airflow/example_dags/example_params_trigger_ui.py took 0.122 seconds
[2024-04-15T12:43:35.005+0000] {processor.py:161} INFO - Started process (PID=3588) to work on /home/airflow/.local/lib/python3.8/site-packages/airflow/example_dags/example_params_trigger_ui.py
[2024-04-15T12:43:35.007+0000] {processor.py:830} INFO - Processing file /home/airflow/.local/lib/python3.8/site-packages/airflow/example_dags/example_params_trigger_ui.py for tasks to queue
[2024-04-15T12:43:35.008+0000] {logging_mixin.py:188} INFO - [2024-04-15T12:43:35.008+0000] {dagbag.py:540} INFO - Filling up the DagBag from /home/airflow/.local/lib/python3.8/site-packages/airflow/example_dags/example_params_trigger_ui.py
[2024-04-15T12:43:35.023+0000] {processor.py:840} INFO - DAG(s) 'example_params_trigger_ui' retrieved from /home/airflow/.local/lib/python3.8/site-packages/airflow/example_dags/example_params_trigger_ui.py
[2024-04-15T12:43:35.074+0000] {logging_mixin.py:188} INFO - [2024-04-15T12:43:35.074+0000] {dag.py:3047} INFO - Sync 1 DAGs
[2024-04-15T12:43:35.088+0000] {logging_mixin.py:188} INFO - [2024-04-15T12:43:35.087+0000] {dag.py:3834} INFO - Setting next_dagrun for example_params_trigger_ui to None, run_after=None
[2024-04-15T12:43:35.114+0000] {processor.py:183} INFO - Processing /home/airflow/.local/lib/python3.8/site-packages/airflow/example_dags/example_params_trigger_ui.py took 0.112 seconds
[2024-04-15T12:44:05.848+0000] {processor.py:161} INFO - Started process (PID=3643) to work on /home/airflow/.local/lib/python3.8/site-packages/airflow/example_dags/example_params_trigger_ui.py
[2024-04-15T12:44:05.849+0000] {processor.py:830} INFO - Processing file /home/airflow/.local/lib/python3.8/site-packages/airflow/example_dags/example_params_trigger_ui.py for tasks to queue
[2024-04-15T12:44:05.850+0000] {logging_mixin.py:188} INFO - [2024-04-15T12:44:05.850+0000] {dagbag.py:540} INFO - Filling up the DagBag from /home/airflow/.local/lib/python3.8/site-packages/airflow/example_dags/example_params_trigger_ui.py
[2024-04-15T12:44:05.866+0000] {processor.py:840} INFO - DAG(s) 'example_params_trigger_ui' retrieved from /home/airflow/.local/lib/python3.8/site-packages/airflow/example_dags/example_params_trigger_ui.py
[2024-04-15T12:44:05.919+0000] {logging_mixin.py:188} INFO - [2024-04-15T12:44:05.919+0000] {dag.py:3047} INFO - Sync 1 DAGs
[2024-04-15T12:44:05.931+0000] {logging_mixin.py:188} INFO - [2024-04-15T12:44:05.931+0000] {dag.py:3834} INFO - Setting next_dagrun for example_params_trigger_ui to None, run_after=None
[2024-04-15T12:44:05.950+0000] {processor.py:183} INFO - Processing /home/airflow/.local/lib/python3.8/site-packages/airflow/example_dags/example_params_trigger_ui.py took 0.106 seconds
[2024-04-15T12:44:36.159+0000] {processor.py:161} INFO - Started process (PID=3698) to work on /home/airflow/.local/lib/python3.8/site-packages/airflow/example_dags/example_params_trigger_ui.py
[2024-04-15T12:44:36.161+0000] {processor.py:830} INFO - Processing file /home/airflow/.local/lib/python3.8/site-packages/airflow/example_dags/example_params_trigger_ui.py for tasks to queue
[2024-04-15T12:44:36.163+0000] {logging_mixin.py:188} INFO - [2024-04-15T12:44:36.162+0000] {dagbag.py:540} INFO - Filling up the DagBag from /home/airflow/.local/lib/python3.8/site-packages/airflow/example_dags/example_params_trigger_ui.py
[2024-04-15T12:44:36.174+0000] {processor.py:840} INFO - DAG(s) 'example_params_trigger_ui' retrieved from /home/airflow/.local/lib/python3.8/site-packages/airflow/example_dags/example_params_trigger_ui.py
[2024-04-15T12:44:36.222+0000] {logging_mixin.py:188} INFO - [2024-04-15T12:44:36.222+0000] {dag.py:3047} INFO - Sync 1 DAGs
[2024-04-15T12:44:36.234+0000] {logging_mixin.py:188} INFO - [2024-04-15T12:44:36.234+0000] {dag.py:3834} INFO - Setting next_dagrun for example_params_trigger_ui to None, run_after=None
[2024-04-15T12:44:36.258+0000] {processor.py:183} INFO - Processing /home/airflow/.local/lib/python3.8/site-packages/airflow/example_dags/example_params_trigger_ui.py took 0.102 seconds
[2024-04-15T12:45:06.349+0000] {processor.py:161} INFO - Started process (PID=3753) to work on /home/airflow/.local/lib/python3.8/site-packages/airflow/example_dags/example_params_trigger_ui.py
[2024-04-15T12:45:06.350+0000] {processor.py:830} INFO - Processing file /home/airflow/.local/lib/python3.8/site-packages/airflow/example_dags/example_params_trigger_ui.py for tasks to queue
[2024-04-15T12:45:06.352+0000] {logging_mixin.py:188} INFO - [2024-04-15T12:45:06.351+0000] {dagbag.py:540} INFO - Filling up the DagBag from /home/airflow/.local/lib/python3.8/site-packages/airflow/example_dags/example_params_trigger_ui.py
[2024-04-15T12:45:06.372+0000] {processor.py:840} INFO - DAG(s) 'example_params_trigger_ui' retrieved from /home/airflow/.local/lib/python3.8/site-packages/airflow/example_dags/example_params_trigger_ui.py
[2024-04-15T12:45:06.421+0000] {logging_mixin.py:188} INFO - [2024-04-15T12:45:06.420+0000] {dag.py:3047} INFO - Sync 1 DAGs
[2024-04-15T12:45:06.434+0000] {logging_mixin.py:188} INFO - [2024-04-15T12:45:06.434+0000] {dag.py:3834} INFO - Setting next_dagrun for example_params_trigger_ui to None, run_after=None
[2024-04-15T12:45:06.461+0000] {processor.py:183} INFO - Processing /home/airflow/.local/lib/python3.8/site-packages/airflow/example_dags/example_params_trigger_ui.py took 0.115 seconds
[2024-04-15T12:45:36.714+0000] {processor.py:161} INFO - Started process (PID=3808) to work on /home/airflow/.local/lib/python3.8/site-packages/airflow/example_dags/example_params_trigger_ui.py
[2024-04-15T12:45:36.715+0000] {processor.py:830} INFO - Processing file /home/airflow/.local/lib/python3.8/site-packages/airflow/example_dags/example_params_trigger_ui.py for tasks to queue
[2024-04-15T12:45:36.717+0000] {logging_mixin.py:188} INFO - [2024-04-15T12:45:36.716+0000] {dagbag.py:540} INFO - Filling up the DagBag from /home/airflow/.local/lib/python3.8/site-packages/airflow/example_dags/example_params_trigger_ui.py
[2024-04-15T12:45:36.731+0000] {processor.py:840} INFO - DAG(s) 'example_params_trigger_ui' retrieved from /home/airflow/.local/lib/python3.8/site-packages/airflow/example_dags/example_params_trigger_ui.py
[2024-04-15T12:45:36.780+0000] {logging_mixin.py:188} INFO - [2024-04-15T12:45:36.780+0000] {dag.py:3047} INFO - Sync 1 DAGs
[2024-04-15T12:45:36.793+0000] {logging_mixin.py:188} INFO - [2024-04-15T12:45:36.793+0000] {dag.py:3834} INFO - Setting next_dagrun for example_params_trigger_ui to None, run_after=None
[2024-04-15T12:45:36.816+0000] {processor.py:183} INFO - Processing /home/airflow/.local/lib/python3.8/site-packages/airflow/example_dags/example_params_trigger_ui.py took 0.105 seconds
