[2024-04-15T10:41:31.729+0000] {processor.py:161} INFO - Started process (PID=40) to work on /home/airflow/.local/lib/python3.8/site-packages/airflow/example_dags/example_branch_labels.py
[2024-04-15T10:41:31.731+0000] {processor.py:830} INFO - Processing file /home/airflow/.local/lib/python3.8/site-packages/airflow/example_dags/example_branch_labels.py for tasks to queue
[2024-04-15T10:41:31.733+0000] {logging_mixin.py:188} INFO - [2024-04-15T10:41:31.733+0000] {dagbag.py:540} INFO - Filling up the DagBag from /home/airflow/.local/lib/python3.8/site-packages/airflow/example_dags/example_branch_labels.py
[2024-04-15T10:41:31.751+0000] {processor.py:840} INFO - DAG(s) 'example_branch_labels' retrieved from /home/airflow/.local/lib/python3.8/site-packages/airflow/example_dags/example_branch_labels.py
[2024-04-15T10:41:31.794+0000] {logging_mixin.py:188} INFO - [2024-04-15T10:41:31.794+0000] {dag.py:3047} INFO - Sync 1 DAGs
[2024-04-15T10:41:31.828+0000] {logging_mixin.py:188} INFO - [2024-04-15T10:41:31.828+0000] {dag.py:3834} INFO - Setting next_dagrun for example_branch_labels to 2024-04-14 00:00:00+00:00, run_after=2024-04-15 00:00:00+00:00
[2024-04-15T10:41:31.858+0000] {processor.py:183} INFO - Processing /home/airflow/.local/lib/python3.8/site-packages/airflow/example_dags/example_branch_labels.py took 0.133 seconds
[2024-04-15T10:42:02.540+0000] {processor.py:161} INFO - Started process (PID=95) to work on /home/airflow/.local/lib/python3.8/site-packages/airflow/example_dags/example_branch_labels.py
[2024-04-15T10:42:02.542+0000] {processor.py:830} INFO - Processing file /home/airflow/.local/lib/python3.8/site-packages/airflow/example_dags/example_branch_labels.py for tasks to queue
[2024-04-15T10:42:02.544+0000] {logging_mixin.py:188} INFO - [2024-04-15T10:42:02.544+0000] {dagbag.py:540} INFO - Filling up the DagBag from /home/airflow/.local/lib/python3.8/site-packages/airflow/example_dags/example_branch_labels.py
[2024-04-15T10:42:02.552+0000] {processor.py:840} INFO - DAG(s) 'example_branch_labels' retrieved from /home/airflow/.local/lib/python3.8/site-packages/airflow/example_dags/example_branch_labels.py
[2024-04-15T10:42:02.573+0000] {logging_mixin.py:188} INFO - [2024-04-15T10:42:02.573+0000] {dag.py:3047} INFO - Sync 1 DAGs
[2024-04-15T10:42:02.594+0000] {logging_mixin.py:188} INFO - [2024-04-15T10:42:02.594+0000] {dag.py:3834} INFO - Setting next_dagrun for example_branch_labels to 2024-04-14 00:00:00+00:00, run_after=2024-04-15 00:00:00+00:00
[2024-04-15T10:42:02.611+0000] {processor.py:183} INFO - Processing /home/airflow/.local/lib/python3.8/site-packages/airflow/example_dags/example_branch_labels.py took 0.074 seconds
[2024-04-15T10:42:32.932+0000] {processor.py:161} INFO - Started process (PID=150) to work on /home/airflow/.local/lib/python3.8/site-packages/airflow/example_dags/example_branch_labels.py
[2024-04-15T10:42:32.934+0000] {processor.py:830} INFO - Processing file /home/airflow/.local/lib/python3.8/site-packages/airflow/example_dags/example_branch_labels.py for tasks to queue
[2024-04-15T10:42:32.936+0000] {logging_mixin.py:188} INFO - [2024-04-15T10:42:32.936+0000] {dagbag.py:540} INFO - Filling up the DagBag from /home/airflow/.local/lib/python3.8/site-packages/airflow/example_dags/example_branch_labels.py
[2024-04-15T10:42:32.943+0000] {processor.py:840} INFO - DAG(s) 'example_branch_labels' retrieved from /home/airflow/.local/lib/python3.8/site-packages/airflow/example_dags/example_branch_labels.py
[2024-04-15T10:42:32.965+0000] {logging_mixin.py:188} INFO - [2024-04-15T10:42:32.964+0000] {dag.py:3047} INFO - Sync 1 DAGs
[2024-04-15T10:42:32.985+0000] {logging_mixin.py:188} INFO - [2024-04-15T10:42:32.984+0000] {dag.py:3834} INFO - Setting next_dagrun for example_branch_labels to 2024-04-14 00:00:00+00:00, run_after=2024-04-15 00:00:00+00:00
[2024-04-15T10:42:33.007+0000] {processor.py:183} INFO - Processing /home/airflow/.local/lib/python3.8/site-packages/airflow/example_dags/example_branch_labels.py took 0.077 seconds
[2024-04-15T10:43:03.394+0000] {processor.py:161} INFO - Started process (PID=205) to work on /home/airflow/.local/lib/python3.8/site-packages/airflow/example_dags/example_branch_labels.py
[2024-04-15T10:43:03.396+0000] {processor.py:830} INFO - Processing file /home/airflow/.local/lib/python3.8/site-packages/airflow/example_dags/example_branch_labels.py for tasks to queue
[2024-04-15T10:43:03.399+0000] {logging_mixin.py:188} INFO - [2024-04-15T10:43:03.398+0000] {dagbag.py:540} INFO - Filling up the DagBag from /home/airflow/.local/lib/python3.8/site-packages/airflow/example_dags/example_branch_labels.py
[2024-04-15T10:43:03.409+0000] {processor.py:840} INFO - DAG(s) 'example_branch_labels' retrieved from /home/airflow/.local/lib/python3.8/site-packages/airflow/example_dags/example_branch_labels.py
[2024-04-15T10:43:03.435+0000] {logging_mixin.py:188} INFO - [2024-04-15T10:43:03.435+0000] {dag.py:3047} INFO - Sync 1 DAGs
[2024-04-15T10:43:03.457+0000] {logging_mixin.py:188} INFO - [2024-04-15T10:43:03.457+0000] {dag.py:3834} INFO - Setting next_dagrun for example_branch_labels to 2024-04-14 00:00:00+00:00, run_after=2024-04-15 00:00:00+00:00
[2024-04-15T10:43:03.479+0000] {processor.py:183} INFO - Processing /home/airflow/.local/lib/python3.8/site-packages/airflow/example_dags/example_branch_labels.py took 0.089 seconds
[2024-04-15T10:43:33.524+0000] {processor.py:161} INFO - Started process (PID=260) to work on /home/airflow/.local/lib/python3.8/site-packages/airflow/example_dags/example_branch_labels.py
[2024-04-15T10:43:33.526+0000] {processor.py:830} INFO - Processing file /home/airflow/.local/lib/python3.8/site-packages/airflow/example_dags/example_branch_labels.py for tasks to queue
[2024-04-15T10:43:33.528+0000] {logging_mixin.py:188} INFO - [2024-04-15T10:43:33.528+0000] {dagbag.py:540} INFO - Filling up the DagBag from /home/airflow/.local/lib/python3.8/site-packages/airflow/example_dags/example_branch_labels.py
[2024-04-15T10:43:33.536+0000] {processor.py:840} INFO - DAG(s) 'example_branch_labels' retrieved from /home/airflow/.local/lib/python3.8/site-packages/airflow/example_dags/example_branch_labels.py
[2024-04-15T10:43:33.560+0000] {logging_mixin.py:188} INFO - [2024-04-15T10:43:33.559+0000] {dag.py:3047} INFO - Sync 1 DAGs
[2024-04-15T10:43:33.582+0000] {logging_mixin.py:188} INFO - [2024-04-15T10:43:33.581+0000] {dag.py:3834} INFO - Setting next_dagrun for example_branch_labels to 2024-04-14 00:00:00+00:00, run_after=2024-04-15 00:00:00+00:00
[2024-04-15T10:43:33.606+0000] {processor.py:183} INFO - Processing /home/airflow/.local/lib/python3.8/site-packages/airflow/example_dags/example_branch_labels.py took 0.085 seconds
[2024-04-15T10:44:03.794+0000] {processor.py:161} INFO - Started process (PID=314) to work on /home/airflow/.local/lib/python3.8/site-packages/airflow/example_dags/example_branch_labels.py
[2024-04-15T10:44:03.795+0000] {processor.py:830} INFO - Processing file /home/airflow/.local/lib/python3.8/site-packages/airflow/example_dags/example_branch_labels.py for tasks to queue
[2024-04-15T10:44:03.797+0000] {logging_mixin.py:188} INFO - [2024-04-15T10:44:03.797+0000] {dagbag.py:540} INFO - Filling up the DagBag from /home/airflow/.local/lib/python3.8/site-packages/airflow/example_dags/example_branch_labels.py
[2024-04-15T10:44:03.806+0000] {processor.py:840} INFO - DAG(s) 'example_branch_labels' retrieved from /home/airflow/.local/lib/python3.8/site-packages/airflow/example_dags/example_branch_labels.py
[2024-04-15T10:44:03.831+0000] {logging_mixin.py:188} INFO - [2024-04-15T10:44:03.831+0000] {dag.py:3047} INFO - Sync 1 DAGs
[2024-04-15T10:44:03.864+0000] {logging_mixin.py:188} INFO - [2024-04-15T10:44:03.864+0000] {dag.py:3834} INFO - Setting next_dagrun for example_branch_labels to 2024-04-14 00:00:00+00:00, run_after=2024-04-15 00:00:00+00:00
[2024-04-15T10:44:03.893+0000] {processor.py:183} INFO - Processing /home/airflow/.local/lib/python3.8/site-packages/airflow/example_dags/example_branch_labels.py took 0.105 seconds
[2024-04-15T10:44:34.355+0000] {processor.py:161} INFO - Started process (PID=369) to work on /home/airflow/.local/lib/python3.8/site-packages/airflow/example_dags/example_branch_labels.py
[2024-04-15T10:44:34.357+0000] {processor.py:830} INFO - Processing file /home/airflow/.local/lib/python3.8/site-packages/airflow/example_dags/example_branch_labels.py for tasks to queue
[2024-04-15T10:44:34.360+0000] {logging_mixin.py:188} INFO - [2024-04-15T10:44:34.359+0000] {dagbag.py:540} INFO - Filling up the DagBag from /home/airflow/.local/lib/python3.8/site-packages/airflow/example_dags/example_branch_labels.py
[2024-04-15T10:44:34.370+0000] {processor.py:840} INFO - DAG(s) 'example_branch_labels' retrieved from /home/airflow/.local/lib/python3.8/site-packages/airflow/example_dags/example_branch_labels.py
[2024-04-15T10:44:34.396+0000] {logging_mixin.py:188} INFO - [2024-04-15T10:44:34.395+0000] {dag.py:3047} INFO - Sync 1 DAGs
[2024-04-15T10:44:34.422+0000] {logging_mixin.py:188} INFO - [2024-04-15T10:44:34.422+0000] {dag.py:3834} INFO - Setting next_dagrun for example_branch_labels to 2024-04-14 00:00:00+00:00, run_after=2024-04-15 00:00:00+00:00
[2024-04-15T10:44:34.452+0000] {processor.py:183} INFO - Processing /home/airflow/.local/lib/python3.8/site-packages/airflow/example_dags/example_branch_labels.py took 0.101 seconds
[2024-04-15T10:45:04.677+0000] {processor.py:161} INFO - Started process (PID=424) to work on /home/airflow/.local/lib/python3.8/site-packages/airflow/example_dags/example_branch_labels.py
[2024-04-15T10:45:04.679+0000] {processor.py:830} INFO - Processing file /home/airflow/.local/lib/python3.8/site-packages/airflow/example_dags/example_branch_labels.py for tasks to queue
[2024-04-15T10:45:04.681+0000] {logging_mixin.py:188} INFO - [2024-04-15T10:45:04.680+0000] {dagbag.py:540} INFO - Filling up the DagBag from /home/airflow/.local/lib/python3.8/site-packages/airflow/example_dags/example_branch_labels.py
[2024-04-15T10:45:04.688+0000] {processor.py:840} INFO - DAG(s) 'example_branch_labels' retrieved from /home/airflow/.local/lib/python3.8/site-packages/airflow/example_dags/example_branch_labels.py
[2024-04-15T10:45:04.712+0000] {logging_mixin.py:188} INFO - [2024-04-15T10:45:04.711+0000] {dag.py:3047} INFO - Sync 1 DAGs
[2024-04-15T10:45:04.739+0000] {logging_mixin.py:188} INFO - [2024-04-15T10:45:04.738+0000] {dag.py:3834} INFO - Setting next_dagrun for example_branch_labels to 2024-04-14 00:00:00+00:00, run_after=2024-04-15 00:00:00+00:00
[2024-04-15T10:45:04.766+0000] {processor.py:183} INFO - Processing /home/airflow/.local/lib/python3.8/site-packages/airflow/example_dags/example_branch_labels.py took 0.091 seconds
[2024-04-15T10:45:34.955+0000] {processor.py:161} INFO - Started process (PID=479) to work on /home/airflow/.local/lib/python3.8/site-packages/airflow/example_dags/example_branch_labels.py
[2024-04-15T10:45:34.957+0000] {processor.py:830} INFO - Processing file /home/airflow/.local/lib/python3.8/site-packages/airflow/example_dags/example_branch_labels.py for tasks to queue
[2024-04-15T10:45:34.959+0000] {logging_mixin.py:188} INFO - [2024-04-15T10:45:34.959+0000] {dagbag.py:540} INFO - Filling up the DagBag from /home/airflow/.local/lib/python3.8/site-packages/airflow/example_dags/example_branch_labels.py
[2024-04-15T10:45:34.967+0000] {processor.py:840} INFO - DAG(s) 'example_branch_labels' retrieved from /home/airflow/.local/lib/python3.8/site-packages/airflow/example_dags/example_branch_labels.py
[2024-04-15T10:45:34.990+0000] {logging_mixin.py:188} INFO - [2024-04-15T10:45:34.990+0000] {dag.py:3047} INFO - Sync 1 DAGs
[2024-04-15T10:45:35.012+0000] {logging_mixin.py:188} INFO - [2024-04-15T10:45:35.012+0000] {dag.py:3834} INFO - Setting next_dagrun for example_branch_labels to 2024-04-14 00:00:00+00:00, run_after=2024-04-15 00:00:00+00:00
[2024-04-15T10:45:35.036+0000] {processor.py:183} INFO - Processing /home/airflow/.local/lib/python3.8/site-packages/airflow/example_dags/example_branch_labels.py took 0.085 seconds
[2024-04-15T10:46:05.091+0000] {processor.py:161} INFO - Started process (PID=534) to work on /home/airflow/.local/lib/python3.8/site-packages/airflow/example_dags/example_branch_labels.py
[2024-04-15T10:46:05.092+0000] {processor.py:830} INFO - Processing file /home/airflow/.local/lib/python3.8/site-packages/airflow/example_dags/example_branch_labels.py for tasks to queue
[2024-04-15T10:46:05.095+0000] {logging_mixin.py:188} INFO - [2024-04-15T10:46:05.094+0000] {dagbag.py:540} INFO - Filling up the DagBag from /home/airflow/.local/lib/python3.8/site-packages/airflow/example_dags/example_branch_labels.py
[2024-04-15T10:46:05.103+0000] {processor.py:840} INFO - DAG(s) 'example_branch_labels' retrieved from /home/airflow/.local/lib/python3.8/site-packages/airflow/example_dags/example_branch_labels.py
[2024-04-15T10:46:05.127+0000] {logging_mixin.py:188} INFO - [2024-04-15T10:46:05.127+0000] {dag.py:3047} INFO - Sync 1 DAGs
[2024-04-15T10:46:05.150+0000] {logging_mixin.py:188} INFO - [2024-04-15T10:46:05.150+0000] {dag.py:3834} INFO - Setting next_dagrun for example_branch_labels to 2024-04-14 00:00:00+00:00, run_after=2024-04-15 00:00:00+00:00
[2024-04-15T10:46:05.169+0000] {processor.py:183} INFO - Processing /home/airflow/.local/lib/python3.8/site-packages/airflow/example_dags/example_branch_labels.py took 0.081 seconds
[2024-04-15T10:46:35.367+0000] {processor.py:161} INFO - Started process (PID=589) to work on /home/airflow/.local/lib/python3.8/site-packages/airflow/example_dags/example_branch_labels.py
[2024-04-15T10:46:35.368+0000] {processor.py:830} INFO - Processing file /home/airflow/.local/lib/python3.8/site-packages/airflow/example_dags/example_branch_labels.py for tasks to queue
[2024-04-15T10:46:35.370+0000] {logging_mixin.py:188} INFO - [2024-04-15T10:46:35.370+0000] {dagbag.py:540} INFO - Filling up the DagBag from /home/airflow/.local/lib/python3.8/site-packages/airflow/example_dags/example_branch_labels.py
[2024-04-15T10:46:35.378+0000] {processor.py:840} INFO - DAG(s) 'example_branch_labels' retrieved from /home/airflow/.local/lib/python3.8/site-packages/airflow/example_dags/example_branch_labels.py
[2024-04-15T10:46:35.399+0000] {logging_mixin.py:188} INFO - [2024-04-15T10:46:35.399+0000] {dag.py:3047} INFO - Sync 1 DAGs
[2024-04-15T10:46:35.423+0000] {logging_mixin.py:188} INFO - [2024-04-15T10:46:35.423+0000] {dag.py:3834} INFO - Setting next_dagrun for example_branch_labels to 2024-04-14 00:00:00+00:00, run_after=2024-04-15 00:00:00+00:00
[2024-04-15T10:46:35.450+0000] {processor.py:183} INFO - Processing /home/airflow/.local/lib/python3.8/site-packages/airflow/example_dags/example_branch_labels.py took 0.086 seconds
[2024-04-15T10:47:05.733+0000] {processor.py:161} INFO - Started process (PID=644) to work on /home/airflow/.local/lib/python3.8/site-packages/airflow/example_dags/example_branch_labels.py
[2024-04-15T10:47:05.734+0000] {processor.py:830} INFO - Processing file /home/airflow/.local/lib/python3.8/site-packages/airflow/example_dags/example_branch_labels.py for tasks to queue
[2024-04-15T10:47:05.736+0000] {logging_mixin.py:188} INFO - [2024-04-15T10:47:05.736+0000] {dagbag.py:540} INFO - Filling up the DagBag from /home/airflow/.local/lib/python3.8/site-packages/airflow/example_dags/example_branch_labels.py
[2024-04-15T10:47:05.745+0000] {processor.py:840} INFO - DAG(s) 'example_branch_labels' retrieved from /home/airflow/.local/lib/python3.8/site-packages/airflow/example_dags/example_branch_labels.py
[2024-04-15T10:47:05.769+0000] {logging_mixin.py:188} INFO - [2024-04-15T10:47:05.768+0000] {dag.py:3047} INFO - Sync 1 DAGs
[2024-04-15T10:47:05.790+0000] {logging_mixin.py:188} INFO - [2024-04-15T10:47:05.790+0000] {dag.py:3834} INFO - Setting next_dagrun for example_branch_labels to 2024-04-14 00:00:00+00:00, run_after=2024-04-15 00:00:00+00:00
[2024-04-15T10:47:05.812+0000] {processor.py:183} INFO - Processing /home/airflow/.local/lib/python3.8/site-packages/airflow/example_dags/example_branch_labels.py took 0.083 seconds
[2024-04-15T10:47:36.048+0000] {processor.py:161} INFO - Started process (PID=700) to work on /home/airflow/.local/lib/python3.8/site-packages/airflow/example_dags/example_branch_labels.py
[2024-04-15T10:47:36.049+0000] {processor.py:830} INFO - Processing file /home/airflow/.local/lib/python3.8/site-packages/airflow/example_dags/example_branch_labels.py for tasks to queue
[2024-04-15T10:47:36.051+0000] {logging_mixin.py:188} INFO - [2024-04-15T10:47:36.051+0000] {dagbag.py:540} INFO - Filling up the DagBag from /home/airflow/.local/lib/python3.8/site-packages/airflow/example_dags/example_branch_labels.py
[2024-04-15T10:47:36.059+0000] {processor.py:840} INFO - DAG(s) 'example_branch_labels' retrieved from /home/airflow/.local/lib/python3.8/site-packages/airflow/example_dags/example_branch_labels.py
[2024-04-15T10:47:36.081+0000] {logging_mixin.py:188} INFO - [2024-04-15T10:47:36.081+0000] {dag.py:3047} INFO - Sync 1 DAGs
[2024-04-15T10:47:36.102+0000] {logging_mixin.py:188} INFO - [2024-04-15T10:47:36.101+0000] {dag.py:3834} INFO - Setting next_dagrun for example_branch_labels to 2024-04-14 00:00:00+00:00, run_after=2024-04-15 00:00:00+00:00
[2024-04-15T10:47:36.126+0000] {processor.py:183} INFO - Processing /home/airflow/.local/lib/python3.8/site-packages/airflow/example_dags/example_branch_labels.py took 0.081 seconds
[2024-04-15T10:48:06.336+0000] {processor.py:161} INFO - Started process (PID=755) to work on /home/airflow/.local/lib/python3.8/site-packages/airflow/example_dags/example_branch_labels.py
[2024-04-15T10:48:06.338+0000] {processor.py:830} INFO - Processing file /home/airflow/.local/lib/python3.8/site-packages/airflow/example_dags/example_branch_labels.py for tasks to queue
[2024-04-15T10:48:06.340+0000] {logging_mixin.py:188} INFO - [2024-04-15T10:48:06.340+0000] {dagbag.py:540} INFO - Filling up the DagBag from /home/airflow/.local/lib/python3.8/site-packages/airflow/example_dags/example_branch_labels.py
[2024-04-15T10:48:06.347+0000] {processor.py:840} INFO - DAG(s) 'example_branch_labels' retrieved from /home/airflow/.local/lib/python3.8/site-packages/airflow/example_dags/example_branch_labels.py
[2024-04-15T10:48:06.372+0000] {logging_mixin.py:188} INFO - [2024-04-15T10:48:06.372+0000] {dag.py:3047} INFO - Sync 1 DAGs
[2024-04-15T10:48:06.392+0000] {logging_mixin.py:188} INFO - [2024-04-15T10:48:06.392+0000] {dag.py:3834} INFO - Setting next_dagrun for example_branch_labels to 2024-04-14 00:00:00+00:00, run_after=2024-04-15 00:00:00+00:00
[2024-04-15T10:48:06.416+0000] {processor.py:183} INFO - Processing /home/airflow/.local/lib/python3.8/site-packages/airflow/example_dags/example_branch_labels.py took 0.083 seconds
[2024-04-15T10:48:36.802+0000] {processor.py:161} INFO - Started process (PID=811) to work on /home/airflow/.local/lib/python3.8/site-packages/airflow/example_dags/example_branch_labels.py
[2024-04-15T10:48:36.804+0000] {processor.py:830} INFO - Processing file /home/airflow/.local/lib/python3.8/site-packages/airflow/example_dags/example_branch_labels.py for tasks to queue
[2024-04-15T10:48:36.807+0000] {logging_mixin.py:188} INFO - [2024-04-15T10:48:36.806+0000] {dagbag.py:540} INFO - Filling up the DagBag from /home/airflow/.local/lib/python3.8/site-packages/airflow/example_dags/example_branch_labels.py
[2024-04-15T10:48:36.814+0000] {processor.py:840} INFO - DAG(s) 'example_branch_labels' retrieved from /home/airflow/.local/lib/python3.8/site-packages/airflow/example_dags/example_branch_labels.py
[2024-04-15T10:48:36.839+0000] {logging_mixin.py:188} INFO - [2024-04-15T10:48:36.839+0000] {dag.py:3047} INFO - Sync 1 DAGs
[2024-04-15T10:48:36.862+0000] {logging_mixin.py:188} INFO - [2024-04-15T10:48:36.861+0000] {dag.py:3834} INFO - Setting next_dagrun for example_branch_labels to 2024-04-14 00:00:00+00:00, run_after=2024-04-15 00:00:00+00:00
[2024-04-15T10:48:36.883+0000] {processor.py:183} INFO - Processing /home/airflow/.local/lib/python3.8/site-packages/airflow/example_dags/example_branch_labels.py took 0.086 seconds
[2024-04-15T10:49:57.084+0000] {processor.py:161} INFO - Started process (PID=865) to work on /home/airflow/.local/lib/python3.8/site-packages/airflow/example_dags/example_branch_labels.py
[2024-04-15T10:49:57.085+0000] {processor.py:830} INFO - Processing file /home/airflow/.local/lib/python3.8/site-packages/airflow/example_dags/example_branch_labels.py for tasks to queue
[2024-04-15T10:49:57.088+0000] {logging_mixin.py:188} INFO - [2024-04-15T10:49:57.087+0000] {dagbag.py:540} INFO - Filling up the DagBag from /home/airflow/.local/lib/python3.8/site-packages/airflow/example_dags/example_branch_labels.py
[2024-04-15T10:49:57.095+0000] {processor.py:840} INFO - DAG(s) 'example_branch_labels' retrieved from /home/airflow/.local/lib/python3.8/site-packages/airflow/example_dags/example_branch_labels.py
[2024-04-15T10:49:57.126+0000] {logging_mixin.py:188} INFO - [2024-04-15T10:49:57.126+0000] {dag.py:3047} INFO - Sync 1 DAGs
[2024-04-15T10:49:57.160+0000] {logging_mixin.py:188} INFO - [2024-04-15T10:49:57.159+0000] {dag.py:3834} INFO - Setting next_dagrun for example_branch_labels to 2024-04-14 00:00:00+00:00, run_after=2024-04-15 00:00:00+00:00
[2024-04-15T10:49:57.191+0000] {processor.py:183} INFO - Processing /home/airflow/.local/lib/python3.8/site-packages/airflow/example_dags/example_branch_labels.py took 0.111 seconds
[2024-04-15T10:50:27.905+0000] {processor.py:161} INFO - Started process (PID=920) to work on /home/airflow/.local/lib/python3.8/site-packages/airflow/example_dags/example_branch_labels.py
[2024-04-15T10:50:27.906+0000] {processor.py:830} INFO - Processing file /home/airflow/.local/lib/python3.8/site-packages/airflow/example_dags/example_branch_labels.py for tasks to queue
[2024-04-15T10:50:27.909+0000] {logging_mixin.py:188} INFO - [2024-04-15T10:50:27.909+0000] {dagbag.py:540} INFO - Filling up the DagBag from /home/airflow/.local/lib/python3.8/site-packages/airflow/example_dags/example_branch_labels.py
[2024-04-15T10:50:27.917+0000] {processor.py:840} INFO - DAG(s) 'example_branch_labels' retrieved from /home/airflow/.local/lib/python3.8/site-packages/airflow/example_dags/example_branch_labels.py
[2024-04-15T10:50:27.940+0000] {logging_mixin.py:188} INFO - [2024-04-15T10:50:27.940+0000] {dag.py:3047} INFO - Sync 1 DAGs
[2024-04-15T10:50:27.962+0000] {logging_mixin.py:188} INFO - [2024-04-15T10:50:27.961+0000] {dag.py:3834} INFO - Setting next_dagrun for example_branch_labels to 2024-04-14 00:00:00+00:00, run_after=2024-04-15 00:00:00+00:00
[2024-04-15T10:50:27.988+0000] {processor.py:183} INFO - Processing /home/airflow/.local/lib/python3.8/site-packages/airflow/example_dags/example_branch_labels.py took 0.086 seconds
[2024-04-15T10:50:58.301+0000] {processor.py:161} INFO - Started process (PID=975) to work on /home/airflow/.local/lib/python3.8/site-packages/airflow/example_dags/example_branch_labels.py
[2024-04-15T10:50:58.302+0000] {processor.py:830} INFO - Processing file /home/airflow/.local/lib/python3.8/site-packages/airflow/example_dags/example_branch_labels.py for tasks to queue
[2024-04-15T10:50:58.305+0000] {logging_mixin.py:188} INFO - [2024-04-15T10:50:58.304+0000] {dagbag.py:540} INFO - Filling up the DagBag from /home/airflow/.local/lib/python3.8/site-packages/airflow/example_dags/example_branch_labels.py
[2024-04-15T10:50:58.313+0000] {processor.py:840} INFO - DAG(s) 'example_branch_labels' retrieved from /home/airflow/.local/lib/python3.8/site-packages/airflow/example_dags/example_branch_labels.py
[2024-04-15T10:50:58.337+0000] {logging_mixin.py:188} INFO - [2024-04-15T10:50:58.337+0000] {dag.py:3047} INFO - Sync 1 DAGs
[2024-04-15T10:50:58.359+0000] {logging_mixin.py:188} INFO - [2024-04-15T10:50:58.359+0000] {dag.py:3834} INFO - Setting next_dagrun for example_branch_labels to 2024-04-14 00:00:00+00:00, run_after=2024-04-15 00:00:00+00:00
[2024-04-15T10:50:58.383+0000] {processor.py:183} INFO - Processing /home/airflow/.local/lib/python3.8/site-packages/airflow/example_dags/example_branch_labels.py took 0.085 seconds
[2024-04-15T10:51:28.640+0000] {processor.py:161} INFO - Started process (PID=1030) to work on /home/airflow/.local/lib/python3.8/site-packages/airflow/example_dags/example_branch_labels.py
[2024-04-15T10:51:28.641+0000] {processor.py:830} INFO - Processing file /home/airflow/.local/lib/python3.8/site-packages/airflow/example_dags/example_branch_labels.py for tasks to queue
[2024-04-15T10:51:28.644+0000] {logging_mixin.py:188} INFO - [2024-04-15T10:51:28.643+0000] {dagbag.py:540} INFO - Filling up the DagBag from /home/airflow/.local/lib/python3.8/site-packages/airflow/example_dags/example_branch_labels.py
[2024-04-15T10:51:28.651+0000] {processor.py:840} INFO - DAG(s) 'example_branch_labels' retrieved from /home/airflow/.local/lib/python3.8/site-packages/airflow/example_dags/example_branch_labels.py
[2024-04-15T10:51:28.674+0000] {logging_mixin.py:188} INFO - [2024-04-15T10:51:28.674+0000] {dag.py:3047} INFO - Sync 1 DAGs
[2024-04-15T10:51:28.695+0000] {logging_mixin.py:188} INFO - [2024-04-15T10:51:28.694+0000] {dag.py:3834} INFO - Setting next_dagrun for example_branch_labels to 2024-04-14 00:00:00+00:00, run_after=2024-04-15 00:00:00+00:00
[2024-04-15T10:51:28.718+0000] {processor.py:183} INFO - Processing /home/airflow/.local/lib/python3.8/site-packages/airflow/example_dags/example_branch_labels.py took 0.081 seconds
[2024-04-15T10:51:58.987+0000] {processor.py:161} INFO - Started process (PID=1085) to work on /home/airflow/.local/lib/python3.8/site-packages/airflow/example_dags/example_branch_labels.py
[2024-04-15T10:51:58.989+0000] {processor.py:830} INFO - Processing file /home/airflow/.local/lib/python3.8/site-packages/airflow/example_dags/example_branch_labels.py for tasks to queue
[2024-04-15T10:51:58.992+0000] {logging_mixin.py:188} INFO - [2024-04-15T10:51:58.991+0000] {dagbag.py:540} INFO - Filling up the DagBag from /home/airflow/.local/lib/python3.8/site-packages/airflow/example_dags/example_branch_labels.py
[2024-04-15T10:51:58.999+0000] {processor.py:840} INFO - DAG(s) 'example_branch_labels' retrieved from /home/airflow/.local/lib/python3.8/site-packages/airflow/example_dags/example_branch_labels.py
[2024-04-15T10:51:59.023+0000] {logging_mixin.py:188} INFO - [2024-04-15T10:51:59.023+0000] {dag.py:3047} INFO - Sync 1 DAGs
[2024-04-15T10:51:59.046+0000] {logging_mixin.py:188} INFO - [2024-04-15T10:51:59.045+0000] {dag.py:3834} INFO - Setting next_dagrun for example_branch_labels to 2024-04-14 00:00:00+00:00, run_after=2024-04-15 00:00:00+00:00
[2024-04-15T10:51:59.069+0000] {processor.py:183} INFO - Processing /home/airflow/.local/lib/python3.8/site-packages/airflow/example_dags/example_branch_labels.py took 0.085 seconds
[2024-04-15T10:52:29.518+0000] {processor.py:161} INFO - Started process (PID=1140) to work on /home/airflow/.local/lib/python3.8/site-packages/airflow/example_dags/example_branch_labels.py
[2024-04-15T10:52:29.520+0000] {processor.py:830} INFO - Processing file /home/airflow/.local/lib/python3.8/site-packages/airflow/example_dags/example_branch_labels.py for tasks to queue
[2024-04-15T10:52:29.522+0000] {logging_mixin.py:188} INFO - [2024-04-15T10:52:29.522+0000] {dagbag.py:540} INFO - Filling up the DagBag from /home/airflow/.local/lib/python3.8/site-packages/airflow/example_dags/example_branch_labels.py
[2024-04-15T10:52:29.530+0000] {processor.py:840} INFO - DAG(s) 'example_branch_labels' retrieved from /home/airflow/.local/lib/python3.8/site-packages/airflow/example_dags/example_branch_labels.py
[2024-04-15T10:52:29.553+0000] {logging_mixin.py:188} INFO - [2024-04-15T10:52:29.553+0000] {dag.py:3047} INFO - Sync 1 DAGs
[2024-04-15T10:52:29.574+0000] {logging_mixin.py:188} INFO - [2024-04-15T10:52:29.574+0000] {dag.py:3834} INFO - Setting next_dagrun for example_branch_labels to 2024-04-14 00:00:00+00:00, run_after=2024-04-15 00:00:00+00:00
[2024-04-15T10:52:29.598+0000] {processor.py:183} INFO - Processing /home/airflow/.local/lib/python3.8/site-packages/airflow/example_dags/example_branch_labels.py took 0.083 seconds
[2024-04-15T10:53:00.715+0000] {processor.py:161} INFO - Started process (PID=1195) to work on /home/airflow/.local/lib/python3.8/site-packages/airflow/example_dags/example_branch_labels.py
[2024-04-15T10:53:00.777+0000] {processor.py:830} INFO - Processing file /home/airflow/.local/lib/python3.8/site-packages/airflow/example_dags/example_branch_labels.py for tasks to queue
[2024-04-15T10:53:00.793+0000] {logging_mixin.py:188} INFO - [2024-04-15T10:53:00.792+0000] {dagbag.py:540} INFO - Filling up the DagBag from /home/airflow/.local/lib/python3.8/site-packages/airflow/example_dags/example_branch_labels.py
[2024-04-15T10:53:00.817+0000] {processor.py:840} INFO - DAG(s) 'example_branch_labels' retrieved from /home/airflow/.local/lib/python3.8/site-packages/airflow/example_dags/example_branch_labels.py
[2024-04-15T10:53:00.892+0000] {logging_mixin.py:188} INFO - [2024-04-15T10:53:00.891+0000] {dag.py:3047} INFO - Sync 1 DAGs
[2024-04-15T10:53:00.989+0000] {logging_mixin.py:188} INFO - [2024-04-15T10:53:00.989+0000] {dag.py:3834} INFO - Setting next_dagrun for example_branch_labels to 2024-04-14 00:00:00+00:00, run_after=2024-04-15 00:00:00+00:00
[2024-04-15T10:53:01.074+0000] {processor.py:183} INFO - Processing /home/airflow/.local/lib/python3.8/site-packages/airflow/example_dags/example_branch_labels.py took 0.375 seconds
[2024-04-15T11:28:55.446+0000] {processor.py:161} INFO - Started process (PID=1212) to work on /home/airflow/.local/lib/python3.8/site-packages/airflow/example_dags/example_branch_labels.py
[2024-04-15T11:28:55.448+0000] {processor.py:830} INFO - Processing file /home/airflow/.local/lib/python3.8/site-packages/airflow/example_dags/example_branch_labels.py for tasks to queue
[2024-04-15T11:28:55.453+0000] {logging_mixin.py:188} INFO - [2024-04-15T11:28:55.452+0000] {dagbag.py:540} INFO - Filling up the DagBag from /home/airflow/.local/lib/python3.8/site-packages/airflow/example_dags/example_branch_labels.py
[2024-04-15T11:28:55.469+0000] {processor.py:840} INFO - DAG(s) 'example_branch_labels' retrieved from /home/airflow/.local/lib/python3.8/site-packages/airflow/example_dags/example_branch_labels.py
[2024-04-15T11:28:55.513+0000] {logging_mixin.py:188} INFO - [2024-04-15T11:28:55.513+0000] {dag.py:3047} INFO - Sync 1 DAGs
[2024-04-15T11:28:55.565+0000] {logging_mixin.py:188} INFO - [2024-04-15T11:28:55.564+0000] {dag.py:3834} INFO - Setting next_dagrun for example_branch_labels to 2024-04-14 00:00:00+00:00, run_after=2024-04-15 00:00:00+00:00
[2024-04-15T11:28:55.628+0000] {processor.py:183} INFO - Processing /home/airflow/.local/lib/python3.8/site-packages/airflow/example_dags/example_branch_labels.py took 0.188 seconds
[2024-04-15T11:29:26.654+0000] {processor.py:161} INFO - Started process (PID=1267) to work on /home/airflow/.local/lib/python3.8/site-packages/airflow/example_dags/example_branch_labels.py
[2024-04-15T11:29:26.655+0000] {processor.py:830} INFO - Processing file /home/airflow/.local/lib/python3.8/site-packages/airflow/example_dags/example_branch_labels.py for tasks to queue
[2024-04-15T11:29:26.657+0000] {logging_mixin.py:188} INFO - [2024-04-15T11:29:26.657+0000] {dagbag.py:540} INFO - Filling up the DagBag from /home/airflow/.local/lib/python3.8/site-packages/airflow/example_dags/example_branch_labels.py
[2024-04-15T11:29:26.666+0000] {processor.py:840} INFO - DAG(s) 'example_branch_labels' retrieved from /home/airflow/.local/lib/python3.8/site-packages/airflow/example_dags/example_branch_labels.py
[2024-04-15T11:29:26.688+0000] {logging_mixin.py:188} INFO - [2024-04-15T11:29:26.688+0000] {dag.py:3047} INFO - Sync 1 DAGs
[2024-04-15T11:29:26.715+0000] {logging_mixin.py:188} INFO - [2024-04-15T11:29:26.715+0000] {dag.py:3834} INFO - Setting next_dagrun for example_branch_labels to 2024-04-14 00:00:00+00:00, run_after=2024-04-15 00:00:00+00:00
[2024-04-15T11:29:26.736+0000] {processor.py:183} INFO - Processing /home/airflow/.local/lib/python3.8/site-packages/airflow/example_dags/example_branch_labels.py took 0.085 seconds
[2024-04-15T11:29:57.017+0000] {processor.py:161} INFO - Started process (PID=1322) to work on /home/airflow/.local/lib/python3.8/site-packages/airflow/example_dags/example_branch_labels.py
[2024-04-15T11:29:57.019+0000] {processor.py:830} INFO - Processing file /home/airflow/.local/lib/python3.8/site-packages/airflow/example_dags/example_branch_labels.py for tasks to queue
[2024-04-15T11:29:57.022+0000] {logging_mixin.py:188} INFO - [2024-04-15T11:29:57.022+0000] {dagbag.py:540} INFO - Filling up the DagBag from /home/airflow/.local/lib/python3.8/site-packages/airflow/example_dags/example_branch_labels.py
[2024-04-15T11:29:57.031+0000] {processor.py:840} INFO - DAG(s) 'example_branch_labels' retrieved from /home/airflow/.local/lib/python3.8/site-packages/airflow/example_dags/example_branch_labels.py
[2024-04-15T11:29:57.054+0000] {logging_mixin.py:188} INFO - [2024-04-15T11:29:57.054+0000] {dag.py:3047} INFO - Sync 1 DAGs
[2024-04-15T11:29:57.077+0000] {logging_mixin.py:188} INFO - [2024-04-15T11:29:57.076+0000] {dag.py:3834} INFO - Setting next_dagrun for example_branch_labels to 2024-04-14 00:00:00+00:00, run_after=2024-04-15 00:00:00+00:00
[2024-04-15T11:29:57.100+0000] {processor.py:183} INFO - Processing /home/airflow/.local/lib/python3.8/site-packages/airflow/example_dags/example_branch_labels.py took 0.087 seconds
[2024-04-15T11:30:27.376+0000] {processor.py:161} INFO - Started process (PID=1377) to work on /home/airflow/.local/lib/python3.8/site-packages/airflow/example_dags/example_branch_labels.py
[2024-04-15T11:30:27.377+0000] {processor.py:830} INFO - Processing file /home/airflow/.local/lib/python3.8/site-packages/airflow/example_dags/example_branch_labels.py for tasks to queue
[2024-04-15T11:30:27.379+0000] {logging_mixin.py:188} INFO - [2024-04-15T11:30:27.379+0000] {dagbag.py:540} INFO - Filling up the DagBag from /home/airflow/.local/lib/python3.8/site-packages/airflow/example_dags/example_branch_labels.py
[2024-04-15T11:30:27.386+0000] {processor.py:840} INFO - DAG(s) 'example_branch_labels' retrieved from /home/airflow/.local/lib/python3.8/site-packages/airflow/example_dags/example_branch_labels.py
[2024-04-15T11:30:27.409+0000] {logging_mixin.py:188} INFO - [2024-04-15T11:30:27.409+0000] {dag.py:3047} INFO - Sync 1 DAGs
[2024-04-15T11:30:27.431+0000] {logging_mixin.py:188} INFO - [2024-04-15T11:30:27.431+0000] {dag.py:3834} INFO - Setting next_dagrun for example_branch_labels to 2024-04-14 00:00:00+00:00, run_after=2024-04-15 00:00:00+00:00
[2024-04-15T11:30:27.456+0000] {processor.py:183} INFO - Processing /home/airflow/.local/lib/python3.8/site-packages/airflow/example_dags/example_branch_labels.py took 0.083 seconds
[2024-04-15T11:30:57.786+0000] {processor.py:161} INFO - Started process (PID=1432) to work on /home/airflow/.local/lib/python3.8/site-packages/airflow/example_dags/example_branch_labels.py
[2024-04-15T11:30:57.788+0000] {processor.py:830} INFO - Processing file /home/airflow/.local/lib/python3.8/site-packages/airflow/example_dags/example_branch_labels.py for tasks to queue
[2024-04-15T11:30:57.790+0000] {logging_mixin.py:188} INFO - [2024-04-15T11:30:57.790+0000] {dagbag.py:540} INFO - Filling up the DagBag from /home/airflow/.local/lib/python3.8/site-packages/airflow/example_dags/example_branch_labels.py
[2024-04-15T11:30:57.800+0000] {processor.py:840} INFO - DAG(s) 'example_branch_labels' retrieved from /home/airflow/.local/lib/python3.8/site-packages/airflow/example_dags/example_branch_labels.py
[2024-04-15T11:30:57.823+0000] {logging_mixin.py:188} INFO - [2024-04-15T11:30:57.823+0000] {dag.py:3047} INFO - Sync 1 DAGs
[2024-04-15T11:30:57.845+0000] {logging_mixin.py:188} INFO - [2024-04-15T11:30:57.845+0000] {dag.py:3834} INFO - Setting next_dagrun for example_branch_labels to 2024-04-14 00:00:00+00:00, run_after=2024-04-15 00:00:00+00:00
[2024-04-15T11:30:57.869+0000] {processor.py:183} INFO - Processing /home/airflow/.local/lib/python3.8/site-packages/airflow/example_dags/example_branch_labels.py took 0.086 seconds
[2024-04-15T11:31:28.122+0000] {processor.py:161} INFO - Started process (PID=1487) to work on /home/airflow/.local/lib/python3.8/site-packages/airflow/example_dags/example_branch_labels.py
[2024-04-15T11:31:28.124+0000] {processor.py:830} INFO - Processing file /home/airflow/.local/lib/python3.8/site-packages/airflow/example_dags/example_branch_labels.py for tasks to queue
[2024-04-15T11:31:28.126+0000] {logging_mixin.py:188} INFO - [2024-04-15T11:31:28.126+0000] {dagbag.py:540} INFO - Filling up the DagBag from /home/airflow/.local/lib/python3.8/site-packages/airflow/example_dags/example_branch_labels.py
[2024-04-15T11:31:28.134+0000] {processor.py:840} INFO - DAG(s) 'example_branch_labels' retrieved from /home/airflow/.local/lib/python3.8/site-packages/airflow/example_dags/example_branch_labels.py
[2024-04-15T11:31:28.157+0000] {logging_mixin.py:188} INFO - [2024-04-15T11:31:28.157+0000] {dag.py:3047} INFO - Sync 1 DAGs
[2024-04-15T11:31:28.181+0000] {logging_mixin.py:188} INFO - [2024-04-15T11:31:28.181+0000] {dag.py:3834} INFO - Setting next_dagrun for example_branch_labels to 2024-04-14 00:00:00+00:00, run_after=2024-04-15 00:00:00+00:00
[2024-04-15T11:31:28.205+0000] {processor.py:183} INFO - Processing /home/airflow/.local/lib/python3.8/site-packages/airflow/example_dags/example_branch_labels.py took 0.086 seconds
[2024-04-15T11:31:58.635+0000] {processor.py:161} INFO - Started process (PID=1542) to work on /home/airflow/.local/lib/python3.8/site-packages/airflow/example_dags/example_branch_labels.py
[2024-04-15T11:31:58.636+0000] {processor.py:830} INFO - Processing file /home/airflow/.local/lib/python3.8/site-packages/airflow/example_dags/example_branch_labels.py for tasks to queue
[2024-04-15T11:31:58.639+0000] {logging_mixin.py:188} INFO - [2024-04-15T11:31:58.638+0000] {dagbag.py:540} INFO - Filling up the DagBag from /home/airflow/.local/lib/python3.8/site-packages/airflow/example_dags/example_branch_labels.py
[2024-04-15T11:31:58.648+0000] {processor.py:840} INFO - DAG(s) 'example_branch_labels' retrieved from /home/airflow/.local/lib/python3.8/site-packages/airflow/example_dags/example_branch_labels.py
[2024-04-15T11:31:58.672+0000] {logging_mixin.py:188} INFO - [2024-04-15T11:31:58.672+0000] {dag.py:3047} INFO - Sync 1 DAGs
[2024-04-15T11:31:58.702+0000] {logging_mixin.py:188} INFO - [2024-04-15T11:31:58.701+0000] {dag.py:3834} INFO - Setting next_dagrun for example_branch_labels to 2024-04-14 00:00:00+00:00, run_after=2024-04-15 00:00:00+00:00
[2024-04-15T11:31:58.727+0000] {processor.py:183} INFO - Processing /home/airflow/.local/lib/python3.8/site-packages/airflow/example_dags/example_branch_labels.py took 0.096 seconds
[2024-04-15T12:11:20.727+0000] {processor.py:161} INFO - Started process (PID=1583) to work on /home/airflow/.local/lib/python3.8/site-packages/airflow/example_dags/example_branch_labels.py
[2024-04-15T12:11:20.729+0000] {processor.py:830} INFO - Processing file /home/airflow/.local/lib/python3.8/site-packages/airflow/example_dags/example_branch_labels.py for tasks to queue
[2024-04-15T12:11:20.731+0000] {logging_mixin.py:188} INFO - [2024-04-15T12:11:20.730+0000] {dagbag.py:540} INFO - Filling up the DagBag from /home/airflow/.local/lib/python3.8/site-packages/airflow/example_dags/example_branch_labels.py
[2024-04-15T12:11:20.744+0000] {processor.py:840} INFO - DAG(s) 'example_branch_labels' retrieved from /home/airflow/.local/lib/python3.8/site-packages/airflow/example_dags/example_branch_labels.py
[2024-04-15T12:11:20.772+0000] {logging_mixin.py:188} INFO - [2024-04-15T12:11:20.771+0000] {dag.py:3047} INFO - Sync 1 DAGs
[2024-04-15T12:11:20.807+0000] {logging_mixin.py:188} INFO - [2024-04-15T12:11:20.806+0000] {dag.py:3834} INFO - Setting next_dagrun for example_branch_labels to 2024-04-14 00:00:00+00:00, run_after=2024-04-15 00:00:00+00:00
[2024-04-15T12:11:20.834+0000] {processor.py:183} INFO - Processing /home/airflow/.local/lib/python3.8/site-packages/airflow/example_dags/example_branch_labels.py took 0.114 seconds
[2024-04-15T12:11:51.020+0000] {processor.py:161} INFO - Started process (PID=1638) to work on /home/airflow/.local/lib/python3.8/site-packages/airflow/example_dags/example_branch_labels.py
[2024-04-15T12:11:51.022+0000] {processor.py:830} INFO - Processing file /home/airflow/.local/lib/python3.8/site-packages/airflow/example_dags/example_branch_labels.py for tasks to queue
[2024-04-15T12:11:51.023+0000] {logging_mixin.py:188} INFO - [2024-04-15T12:11:51.023+0000] {dagbag.py:540} INFO - Filling up the DagBag from /home/airflow/.local/lib/python3.8/site-packages/airflow/example_dags/example_branch_labels.py
[2024-04-15T12:11:51.032+0000] {processor.py:840} INFO - DAG(s) 'example_branch_labels' retrieved from /home/airflow/.local/lib/python3.8/site-packages/airflow/example_dags/example_branch_labels.py
[2024-04-15T12:11:51.060+0000] {logging_mixin.py:188} INFO - [2024-04-15T12:11:51.060+0000] {dag.py:3047} INFO - Sync 1 DAGs
[2024-04-15T12:11:51.086+0000] {logging_mixin.py:188} INFO - [2024-04-15T12:11:51.086+0000] {dag.py:3834} INFO - Setting next_dagrun for example_branch_labels to 2024-04-14 00:00:00+00:00, run_after=2024-04-15 00:00:00+00:00
[2024-04-15T12:11:51.107+0000] {processor.py:183} INFO - Processing /home/airflow/.local/lib/python3.8/site-packages/airflow/example_dags/example_branch_labels.py took 0.090 seconds
[2024-04-15T12:12:21.601+0000] {processor.py:161} INFO - Started process (PID=1693) to work on /home/airflow/.local/lib/python3.8/site-packages/airflow/example_dags/example_branch_labels.py
[2024-04-15T12:12:21.603+0000] {processor.py:830} INFO - Processing file /home/airflow/.local/lib/python3.8/site-packages/airflow/example_dags/example_branch_labels.py for tasks to queue
[2024-04-15T12:12:21.605+0000] {logging_mixin.py:188} INFO - [2024-04-15T12:12:21.604+0000] {dagbag.py:540} INFO - Filling up the DagBag from /home/airflow/.local/lib/python3.8/site-packages/airflow/example_dags/example_branch_labels.py
[2024-04-15T12:12:21.616+0000] {processor.py:840} INFO - DAG(s) 'example_branch_labels' retrieved from /home/airflow/.local/lib/python3.8/site-packages/airflow/example_dags/example_branch_labels.py
[2024-04-15T12:12:21.670+0000] {logging_mixin.py:188} INFO - [2024-04-15T12:12:21.670+0000] {dag.py:3047} INFO - Sync 1 DAGs
[2024-04-15T12:12:21.728+0000] {logging_mixin.py:188} INFO - [2024-04-15T12:12:21.728+0000] {dag.py:3834} INFO - Setting next_dagrun for example_branch_labels to 2024-04-14 00:00:00+00:00, run_after=2024-04-15 00:00:00+00:00
[2024-04-15T12:12:21.778+0000] {processor.py:183} INFO - Processing /home/airflow/.local/lib/python3.8/site-packages/airflow/example_dags/example_branch_labels.py took 0.182 seconds
[2024-04-15T12:12:52.193+0000] {processor.py:161} INFO - Started process (PID=1748) to work on /home/airflow/.local/lib/python3.8/site-packages/airflow/example_dags/example_branch_labels.py
[2024-04-15T12:12:52.195+0000] {processor.py:830} INFO - Processing file /home/airflow/.local/lib/python3.8/site-packages/airflow/example_dags/example_branch_labels.py for tasks to queue
[2024-04-15T12:12:52.196+0000] {logging_mixin.py:188} INFO - [2024-04-15T12:12:52.196+0000] {dagbag.py:540} INFO - Filling up the DagBag from /home/airflow/.local/lib/python3.8/site-packages/airflow/example_dags/example_branch_labels.py
[2024-04-15T12:12:52.204+0000] {processor.py:840} INFO - DAG(s) 'example_branch_labels' retrieved from /home/airflow/.local/lib/python3.8/site-packages/airflow/example_dags/example_branch_labels.py
[2024-04-15T12:12:52.229+0000] {logging_mixin.py:188} INFO - [2024-04-15T12:12:52.228+0000] {dag.py:3047} INFO - Sync 1 DAGs
[2024-04-15T12:12:52.251+0000] {logging_mixin.py:188} INFO - [2024-04-15T12:12:52.250+0000] {dag.py:3834} INFO - Setting next_dagrun for example_branch_labels to 2024-04-14 00:00:00+00:00, run_after=2024-04-15 00:00:00+00:00
[2024-04-15T12:12:52.273+0000] {processor.py:183} INFO - Processing /home/airflow/.local/lib/python3.8/site-packages/airflow/example_dags/example_branch_labels.py took 0.083 seconds
[2024-04-15T12:13:22.561+0000] {processor.py:161} INFO - Started process (PID=1803) to work on /home/airflow/.local/lib/python3.8/site-packages/airflow/example_dags/example_branch_labels.py
[2024-04-15T12:13:22.563+0000] {processor.py:830} INFO - Processing file /home/airflow/.local/lib/python3.8/site-packages/airflow/example_dags/example_branch_labels.py for tasks to queue
[2024-04-15T12:13:22.564+0000] {logging_mixin.py:188} INFO - [2024-04-15T12:13:22.564+0000] {dagbag.py:540} INFO - Filling up the DagBag from /home/airflow/.local/lib/python3.8/site-packages/airflow/example_dags/example_branch_labels.py
[2024-04-15T12:13:22.572+0000] {processor.py:840} INFO - DAG(s) 'example_branch_labels' retrieved from /home/airflow/.local/lib/python3.8/site-packages/airflow/example_dags/example_branch_labels.py
[2024-04-15T12:13:22.596+0000] {logging_mixin.py:188} INFO - [2024-04-15T12:13:22.596+0000] {dag.py:3047} INFO - Sync 1 DAGs
[2024-04-15T12:13:22.619+0000] {logging_mixin.py:188} INFO - [2024-04-15T12:13:22.619+0000] {dag.py:3834} INFO - Setting next_dagrun for example_branch_labels to 2024-04-14 00:00:00+00:00, run_after=2024-04-15 00:00:00+00:00
[2024-04-15T12:13:22.642+0000] {processor.py:183} INFO - Processing /home/airflow/.local/lib/python3.8/site-packages/airflow/example_dags/example_branch_labels.py took 0.084 seconds
[2024-04-15T12:13:53.046+0000] {processor.py:161} INFO - Started process (PID=1858) to work on /home/airflow/.local/lib/python3.8/site-packages/airflow/example_dags/example_branch_labels.py
[2024-04-15T12:13:53.047+0000] {processor.py:830} INFO - Processing file /home/airflow/.local/lib/python3.8/site-packages/airflow/example_dags/example_branch_labels.py for tasks to queue
[2024-04-15T12:13:53.049+0000] {logging_mixin.py:188} INFO - [2024-04-15T12:13:53.048+0000] {dagbag.py:540} INFO - Filling up the DagBag from /home/airflow/.local/lib/python3.8/site-packages/airflow/example_dags/example_branch_labels.py
[2024-04-15T12:13:53.062+0000] {processor.py:840} INFO - DAG(s) 'example_branch_labels' retrieved from /home/airflow/.local/lib/python3.8/site-packages/airflow/example_dags/example_branch_labels.py
[2024-04-15T12:13:53.091+0000] {logging_mixin.py:188} INFO - [2024-04-15T12:13:53.091+0000] {dag.py:3047} INFO - Sync 1 DAGs
[2024-04-15T12:13:53.119+0000] {logging_mixin.py:188} INFO - [2024-04-15T12:13:53.119+0000] {dag.py:3834} INFO - Setting next_dagrun for example_branch_labels to 2024-04-14 00:00:00+00:00, run_after=2024-04-15 00:00:00+00:00
[2024-04-15T12:13:53.146+0000] {processor.py:183} INFO - Processing /home/airflow/.local/lib/python3.8/site-packages/airflow/example_dags/example_branch_labels.py took 0.105 seconds
[2024-04-15T12:14:23.565+0000] {processor.py:161} INFO - Started process (PID=1913) to work on /home/airflow/.local/lib/python3.8/site-packages/airflow/example_dags/example_branch_labels.py
[2024-04-15T12:14:23.566+0000] {processor.py:830} INFO - Processing file /home/airflow/.local/lib/python3.8/site-packages/airflow/example_dags/example_branch_labels.py for tasks to queue
[2024-04-15T12:14:23.568+0000] {logging_mixin.py:188} INFO - [2024-04-15T12:14:23.567+0000] {dagbag.py:540} INFO - Filling up the DagBag from /home/airflow/.local/lib/python3.8/site-packages/airflow/example_dags/example_branch_labels.py
[2024-04-15T12:14:23.576+0000] {processor.py:840} INFO - DAG(s) 'example_branch_labels' retrieved from /home/airflow/.local/lib/python3.8/site-packages/airflow/example_dags/example_branch_labels.py
[2024-04-15T12:14:23.598+0000] {logging_mixin.py:188} INFO - [2024-04-15T12:14:23.598+0000] {dag.py:3047} INFO - Sync 1 DAGs
[2024-04-15T12:14:23.619+0000] {logging_mixin.py:188} INFO - [2024-04-15T12:14:23.619+0000] {dag.py:3834} INFO - Setting next_dagrun for example_branch_labels to 2024-04-14 00:00:00+00:00, run_after=2024-04-15 00:00:00+00:00
[2024-04-15T12:14:23.645+0000] {processor.py:183} INFO - Processing /home/airflow/.local/lib/python3.8/site-packages/airflow/example_dags/example_branch_labels.py took 0.083 seconds
[2024-04-15T12:14:53.734+0000] {processor.py:161} INFO - Started process (PID=1968) to work on /home/airflow/.local/lib/python3.8/site-packages/airflow/example_dags/example_branch_labels.py
[2024-04-15T12:14:53.735+0000] {processor.py:830} INFO - Processing file /home/airflow/.local/lib/python3.8/site-packages/airflow/example_dags/example_branch_labels.py for tasks to queue
[2024-04-15T12:14:53.736+0000] {logging_mixin.py:188} INFO - [2024-04-15T12:14:53.736+0000] {dagbag.py:540} INFO - Filling up the DagBag from /home/airflow/.local/lib/python3.8/site-packages/airflow/example_dags/example_branch_labels.py
[2024-04-15T12:14:53.745+0000] {processor.py:840} INFO - DAG(s) 'example_branch_labels' retrieved from /home/airflow/.local/lib/python3.8/site-packages/airflow/example_dags/example_branch_labels.py
[2024-04-15T12:14:53.772+0000] {logging_mixin.py:188} INFO - [2024-04-15T12:14:53.771+0000] {dag.py:3047} INFO - Sync 1 DAGs
[2024-04-15T12:14:53.798+0000] {logging_mixin.py:188} INFO - [2024-04-15T12:14:53.798+0000] {dag.py:3834} INFO - Setting next_dagrun for example_branch_labels to 2024-04-14 00:00:00+00:00, run_after=2024-04-15 00:00:00+00:00
[2024-04-15T12:14:53.818+0000] {processor.py:183} INFO - Processing /home/airflow/.local/lib/python3.8/site-packages/airflow/example_dags/example_branch_labels.py took 0.087 seconds
[2024-04-15T12:15:24.168+0000] {processor.py:161} INFO - Started process (PID=2023) to work on /home/airflow/.local/lib/python3.8/site-packages/airflow/example_dags/example_branch_labels.py
[2024-04-15T12:15:24.170+0000] {processor.py:830} INFO - Processing file /home/airflow/.local/lib/python3.8/site-packages/airflow/example_dags/example_branch_labels.py for tasks to queue
[2024-04-15T12:15:24.171+0000] {logging_mixin.py:188} INFO - [2024-04-15T12:15:24.171+0000] {dagbag.py:540} INFO - Filling up the DagBag from /home/airflow/.local/lib/python3.8/site-packages/airflow/example_dags/example_branch_labels.py
[2024-04-15T12:15:24.180+0000] {processor.py:840} INFO - DAG(s) 'example_branch_labels' retrieved from /home/airflow/.local/lib/python3.8/site-packages/airflow/example_dags/example_branch_labels.py
[2024-04-15T12:15:24.202+0000] {logging_mixin.py:188} INFO - [2024-04-15T12:15:24.202+0000] {dag.py:3047} INFO - Sync 1 DAGs
[2024-04-15T12:15:24.225+0000] {logging_mixin.py:188} INFO - [2024-04-15T12:15:24.225+0000] {dag.py:3834} INFO - Setting next_dagrun for example_branch_labels to 2024-04-14 00:00:00+00:00, run_after=2024-04-15 00:00:00+00:00
[2024-04-15T12:15:24.248+0000] {processor.py:183} INFO - Processing /home/airflow/.local/lib/python3.8/site-packages/airflow/example_dags/example_branch_labels.py took 0.083 seconds
[2024-04-15T12:15:54.648+0000] {processor.py:161} INFO - Started process (PID=2078) to work on /home/airflow/.local/lib/python3.8/site-packages/airflow/example_dags/example_branch_labels.py
[2024-04-15T12:15:54.650+0000] {processor.py:830} INFO - Processing file /home/airflow/.local/lib/python3.8/site-packages/airflow/example_dags/example_branch_labels.py for tasks to queue
[2024-04-15T12:15:54.652+0000] {logging_mixin.py:188} INFO - [2024-04-15T12:15:54.651+0000] {dagbag.py:540} INFO - Filling up the DagBag from /home/airflow/.local/lib/python3.8/site-packages/airflow/example_dags/example_branch_labels.py
[2024-04-15T12:15:54.661+0000] {processor.py:840} INFO - DAG(s) 'example_branch_labels' retrieved from /home/airflow/.local/lib/python3.8/site-packages/airflow/example_dags/example_branch_labels.py
[2024-04-15T12:15:54.687+0000] {logging_mixin.py:188} INFO - [2024-04-15T12:15:54.687+0000] {dag.py:3047} INFO - Sync 1 DAGs
[2024-04-15T12:15:54.712+0000] {logging_mixin.py:188} INFO - [2024-04-15T12:15:54.712+0000] {dag.py:3834} INFO - Setting next_dagrun for example_branch_labels to 2024-04-14 00:00:00+00:00, run_after=2024-04-15 00:00:00+00:00
[2024-04-15T12:15:54.736+0000] {processor.py:183} INFO - Processing /home/airflow/.local/lib/python3.8/site-packages/airflow/example_dags/example_branch_labels.py took 0.092 seconds
[2024-04-15T12:16:24.909+0000] {processor.py:161} INFO - Started process (PID=2133) to work on /home/airflow/.local/lib/python3.8/site-packages/airflow/example_dags/example_branch_labels.py
[2024-04-15T12:16:24.910+0000] {processor.py:830} INFO - Processing file /home/airflow/.local/lib/python3.8/site-packages/airflow/example_dags/example_branch_labels.py for tasks to queue
[2024-04-15T12:16:24.912+0000] {logging_mixin.py:188} INFO - [2024-04-15T12:16:24.911+0000] {dagbag.py:540} INFO - Filling up the DagBag from /home/airflow/.local/lib/python3.8/site-packages/airflow/example_dags/example_branch_labels.py
[2024-04-15T12:16:24.919+0000] {processor.py:840} INFO - DAG(s) 'example_branch_labels' retrieved from /home/airflow/.local/lib/python3.8/site-packages/airflow/example_dags/example_branch_labels.py
[2024-04-15T12:16:24.941+0000] {logging_mixin.py:188} INFO - [2024-04-15T12:16:24.941+0000] {dag.py:3047} INFO - Sync 1 DAGs
[2024-04-15T12:16:24.961+0000] {logging_mixin.py:188} INFO - [2024-04-15T12:16:24.961+0000] {dag.py:3834} INFO - Setting next_dagrun for example_branch_labels to 2024-04-14 00:00:00+00:00, run_after=2024-04-15 00:00:00+00:00
[2024-04-15T12:16:24.983+0000] {processor.py:183} INFO - Processing /home/airflow/.local/lib/python3.8/site-packages/airflow/example_dags/example_branch_labels.py took 0.078 seconds
[2024-04-15T12:16:55.280+0000] {processor.py:161} INFO - Started process (PID=2188) to work on /home/airflow/.local/lib/python3.8/site-packages/airflow/example_dags/example_branch_labels.py
[2024-04-15T12:16:55.282+0000] {processor.py:830} INFO - Processing file /home/airflow/.local/lib/python3.8/site-packages/airflow/example_dags/example_branch_labels.py for tasks to queue
[2024-04-15T12:16:55.283+0000] {logging_mixin.py:188} INFO - [2024-04-15T12:16:55.283+0000] {dagbag.py:540} INFO - Filling up the DagBag from /home/airflow/.local/lib/python3.8/site-packages/airflow/example_dags/example_branch_labels.py
[2024-04-15T12:16:55.291+0000] {processor.py:840} INFO - DAG(s) 'example_branch_labels' retrieved from /home/airflow/.local/lib/python3.8/site-packages/airflow/example_dags/example_branch_labels.py
[2024-04-15T12:16:55.314+0000] {logging_mixin.py:188} INFO - [2024-04-15T12:16:55.314+0000] {dag.py:3047} INFO - Sync 1 DAGs
[2024-04-15T12:16:55.336+0000] {logging_mixin.py:188} INFO - [2024-04-15T12:16:55.335+0000] {dag.py:3834} INFO - Setting next_dagrun for example_branch_labels to 2024-04-14 00:00:00+00:00, run_after=2024-04-15 00:00:00+00:00
[2024-04-15T12:16:55.361+0000] {processor.py:183} INFO - Processing /home/airflow/.local/lib/python3.8/site-packages/airflow/example_dags/example_branch_labels.py took 0.084 seconds
[2024-04-15T12:17:25.463+0000] {processor.py:161} INFO - Started process (PID=2242) to work on /home/airflow/.local/lib/python3.8/site-packages/airflow/example_dags/example_branch_labels.py
[2024-04-15T12:17:25.465+0000] {processor.py:830} INFO - Processing file /home/airflow/.local/lib/python3.8/site-packages/airflow/example_dags/example_branch_labels.py for tasks to queue
[2024-04-15T12:17:25.466+0000] {logging_mixin.py:188} INFO - [2024-04-15T12:17:25.466+0000] {dagbag.py:540} INFO - Filling up the DagBag from /home/airflow/.local/lib/python3.8/site-packages/airflow/example_dags/example_branch_labels.py
[2024-04-15T12:17:25.474+0000] {processor.py:840} INFO - DAG(s) 'example_branch_labels' retrieved from /home/airflow/.local/lib/python3.8/site-packages/airflow/example_dags/example_branch_labels.py
[2024-04-15T12:17:25.496+0000] {logging_mixin.py:188} INFO - [2024-04-15T12:17:25.495+0000] {dag.py:3047} INFO - Sync 1 DAGs
[2024-04-15T12:17:25.518+0000] {logging_mixin.py:188} INFO - [2024-04-15T12:17:25.518+0000] {dag.py:3834} INFO - Setting next_dagrun for example_branch_labels to 2024-04-14 00:00:00+00:00, run_after=2024-04-15 00:00:00+00:00
[2024-04-15T12:17:25.541+0000] {processor.py:183} INFO - Processing /home/airflow/.local/lib/python3.8/site-packages/airflow/example_dags/example_branch_labels.py took 0.081 seconds
[2024-04-15T12:17:55.770+0000] {processor.py:161} INFO - Started process (PID=2297) to work on /home/airflow/.local/lib/python3.8/site-packages/airflow/example_dags/example_branch_labels.py
[2024-04-15T12:17:55.771+0000] {processor.py:830} INFO - Processing file /home/airflow/.local/lib/python3.8/site-packages/airflow/example_dags/example_branch_labels.py for tasks to queue
[2024-04-15T12:17:55.773+0000] {logging_mixin.py:188} INFO - [2024-04-15T12:17:55.773+0000] {dagbag.py:540} INFO - Filling up the DagBag from /home/airflow/.local/lib/python3.8/site-packages/airflow/example_dags/example_branch_labels.py
[2024-04-15T12:17:55.784+0000] {processor.py:840} INFO - DAG(s) 'example_branch_labels' retrieved from /home/airflow/.local/lib/python3.8/site-packages/airflow/example_dags/example_branch_labels.py
[2024-04-15T12:17:55.812+0000] {logging_mixin.py:188} INFO - [2024-04-15T12:17:55.812+0000] {dag.py:3047} INFO - Sync 1 DAGs
[2024-04-15T12:17:55.838+0000] {logging_mixin.py:188} INFO - [2024-04-15T12:17:55.838+0000] {dag.py:3834} INFO - Setting next_dagrun for example_branch_labels to 2024-04-14 00:00:00+00:00, run_after=2024-04-15 00:00:00+00:00
[2024-04-15T12:17:55.860+0000] {processor.py:183} INFO - Processing /home/airflow/.local/lib/python3.8/site-packages/airflow/example_dags/example_branch_labels.py took 0.094 seconds
[2024-04-15T12:18:26.332+0000] {processor.py:161} INFO - Started process (PID=2352) to work on /home/airflow/.local/lib/python3.8/site-packages/airflow/example_dags/example_branch_labels.py
[2024-04-15T12:18:26.333+0000] {processor.py:830} INFO - Processing file /home/airflow/.local/lib/python3.8/site-packages/airflow/example_dags/example_branch_labels.py for tasks to queue
[2024-04-15T12:18:26.334+0000] {logging_mixin.py:188} INFO - [2024-04-15T12:18:26.334+0000] {dagbag.py:540} INFO - Filling up the DagBag from /home/airflow/.local/lib/python3.8/site-packages/airflow/example_dags/example_branch_labels.py
[2024-04-15T12:18:26.342+0000] {processor.py:840} INFO - DAG(s) 'example_branch_labels' retrieved from /home/airflow/.local/lib/python3.8/site-packages/airflow/example_dags/example_branch_labels.py
[2024-04-15T12:18:26.364+0000] {logging_mixin.py:188} INFO - [2024-04-15T12:18:26.364+0000] {dag.py:3047} INFO - Sync 1 DAGs
[2024-04-15T12:18:26.386+0000] {logging_mixin.py:188} INFO - [2024-04-15T12:18:26.386+0000] {dag.py:3834} INFO - Setting next_dagrun for example_branch_labels to 2024-04-14 00:00:00+00:00, run_after=2024-04-15 00:00:00+00:00
[2024-04-15T12:18:26.409+0000] {processor.py:183} INFO - Processing /home/airflow/.local/lib/python3.8/site-packages/airflow/example_dags/example_branch_labels.py took 0.081 seconds
[2024-04-15T12:18:56.626+0000] {processor.py:161} INFO - Started process (PID=2407) to work on /home/airflow/.local/lib/python3.8/site-packages/airflow/example_dags/example_branch_labels.py
[2024-04-15T12:18:56.627+0000] {processor.py:830} INFO - Processing file /home/airflow/.local/lib/python3.8/site-packages/airflow/example_dags/example_branch_labels.py for tasks to queue
[2024-04-15T12:18:56.629+0000] {logging_mixin.py:188} INFO - [2024-04-15T12:18:56.628+0000] {dagbag.py:540} INFO - Filling up the DagBag from /home/airflow/.local/lib/python3.8/site-packages/airflow/example_dags/example_branch_labels.py
[2024-04-15T12:18:56.637+0000] {processor.py:840} INFO - DAG(s) 'example_branch_labels' retrieved from /home/airflow/.local/lib/python3.8/site-packages/airflow/example_dags/example_branch_labels.py
[2024-04-15T12:18:56.659+0000] {logging_mixin.py:188} INFO - [2024-04-15T12:18:56.659+0000] {dag.py:3047} INFO - Sync 1 DAGs
[2024-04-15T12:18:56.681+0000] {logging_mixin.py:188} INFO - [2024-04-15T12:18:56.681+0000] {dag.py:3834} INFO - Setting next_dagrun for example_branch_labels to 2024-04-14 00:00:00+00:00, run_after=2024-04-15 00:00:00+00:00
[2024-04-15T12:18:56.704+0000] {processor.py:183} INFO - Processing /home/airflow/.local/lib/python3.8/site-packages/airflow/example_dags/example_branch_labels.py took 0.081 seconds
[2024-04-15T12:19:26.891+0000] {processor.py:161} INFO - Started process (PID=2462) to work on /home/airflow/.local/lib/python3.8/site-packages/airflow/example_dags/example_branch_labels.py
[2024-04-15T12:19:26.893+0000] {processor.py:830} INFO - Processing file /home/airflow/.local/lib/python3.8/site-packages/airflow/example_dags/example_branch_labels.py for tasks to queue
[2024-04-15T12:19:26.894+0000] {logging_mixin.py:188} INFO - [2024-04-15T12:19:26.894+0000] {dagbag.py:540} INFO - Filling up the DagBag from /home/airflow/.local/lib/python3.8/site-packages/airflow/example_dags/example_branch_labels.py
[2024-04-15T12:19:26.904+0000] {processor.py:840} INFO - DAG(s) 'example_branch_labels' retrieved from /home/airflow/.local/lib/python3.8/site-packages/airflow/example_dags/example_branch_labels.py
[2024-04-15T12:19:26.926+0000] {logging_mixin.py:188} INFO - [2024-04-15T12:19:26.926+0000] {dag.py:3047} INFO - Sync 1 DAGs
[2024-04-15T12:19:26.948+0000] {logging_mixin.py:188} INFO - [2024-04-15T12:19:26.948+0000] {dag.py:3834} INFO - Setting next_dagrun for example_branch_labels to 2024-04-14 00:00:00+00:00, run_after=2024-04-15 00:00:00+00:00
[2024-04-15T12:19:26.971+0000] {processor.py:183} INFO - Processing /home/airflow/.local/lib/python3.8/site-packages/airflow/example_dags/example_branch_labels.py took 0.084 seconds
[2024-04-15T12:19:57.330+0000] {processor.py:161} INFO - Started process (PID=2517) to work on /home/airflow/.local/lib/python3.8/site-packages/airflow/example_dags/example_branch_labels.py
[2024-04-15T12:19:57.332+0000] {processor.py:830} INFO - Processing file /home/airflow/.local/lib/python3.8/site-packages/airflow/example_dags/example_branch_labels.py for tasks to queue
[2024-04-15T12:19:57.334+0000] {logging_mixin.py:188} INFO - [2024-04-15T12:19:57.334+0000] {dagbag.py:540} INFO - Filling up the DagBag from /home/airflow/.local/lib/python3.8/site-packages/airflow/example_dags/example_branch_labels.py
[2024-04-15T12:19:57.349+0000] {processor.py:840} INFO - DAG(s) 'example_branch_labels' retrieved from /home/airflow/.local/lib/python3.8/site-packages/airflow/example_dags/example_branch_labels.py
[2024-04-15T12:19:57.385+0000] {logging_mixin.py:188} INFO - [2024-04-15T12:19:57.384+0000] {dag.py:3047} INFO - Sync 1 DAGs
[2024-04-15T12:19:57.423+0000] {logging_mixin.py:188} INFO - [2024-04-15T12:19:57.422+0000] {dag.py:3834} INFO - Setting next_dagrun for example_branch_labels to 2024-04-14 00:00:00+00:00, run_after=2024-04-15 00:00:00+00:00
[2024-04-15T12:19:57.454+0000] {processor.py:183} INFO - Processing /home/airflow/.local/lib/python3.8/site-packages/airflow/example_dags/example_branch_labels.py took 0.129 seconds
[2024-04-15T12:26:46.497+0000] {processor.py:161} INFO - Started process (PID=2570) to work on /home/airflow/.local/lib/python3.8/site-packages/airflow/example_dags/example_branch_labels.py
[2024-04-15T12:26:46.498+0000] {processor.py:830} INFO - Processing file /home/airflow/.local/lib/python3.8/site-packages/airflow/example_dags/example_branch_labels.py for tasks to queue
[2024-04-15T12:26:46.499+0000] {logging_mixin.py:188} INFO - [2024-04-15T12:26:46.499+0000] {dagbag.py:540} INFO - Filling up the DagBag from /home/airflow/.local/lib/python3.8/site-packages/airflow/example_dags/example_branch_labels.py
[2024-04-15T12:26:46.507+0000] {processor.py:840} INFO - DAG(s) 'example_branch_labels' retrieved from /home/airflow/.local/lib/python3.8/site-packages/airflow/example_dags/example_branch_labels.py
[2024-04-15T12:26:46.534+0000] {logging_mixin.py:188} INFO - [2024-04-15T12:26:46.533+0000] {dag.py:3047} INFO - Sync 1 DAGs
[2024-04-15T12:26:46.566+0000] {logging_mixin.py:188} INFO - [2024-04-15T12:26:46.565+0000] {dag.py:3834} INFO - Setting next_dagrun for example_branch_labels to 2024-04-14 00:00:00+00:00, run_after=2024-04-15 00:00:00+00:00
[2024-04-15T12:26:46.590+0000] {processor.py:183} INFO - Processing /home/airflow/.local/lib/python3.8/site-packages/airflow/example_dags/example_branch_labels.py took 0.096 seconds
[2024-04-15T12:27:16.953+0000] {processor.py:161} INFO - Started process (PID=2625) to work on /home/airflow/.local/lib/python3.8/site-packages/airflow/example_dags/example_branch_labels.py
[2024-04-15T12:27:16.955+0000] {processor.py:830} INFO - Processing file /home/airflow/.local/lib/python3.8/site-packages/airflow/example_dags/example_branch_labels.py for tasks to queue
[2024-04-15T12:27:16.956+0000] {logging_mixin.py:188} INFO - [2024-04-15T12:27:16.956+0000] {dagbag.py:540} INFO - Filling up the DagBag from /home/airflow/.local/lib/python3.8/site-packages/airflow/example_dags/example_branch_labels.py
[2024-04-15T12:27:16.964+0000] {processor.py:840} INFO - DAG(s) 'example_branch_labels' retrieved from /home/airflow/.local/lib/python3.8/site-packages/airflow/example_dags/example_branch_labels.py
[2024-04-15T12:27:16.990+0000] {logging_mixin.py:188} INFO - [2024-04-15T12:27:16.990+0000] {dag.py:3047} INFO - Sync 1 DAGs
[2024-04-15T12:27:17.014+0000] {logging_mixin.py:188} INFO - [2024-04-15T12:27:17.014+0000] {dag.py:3834} INFO - Setting next_dagrun for example_branch_labels to 2024-04-14 00:00:00+00:00, run_after=2024-04-15 00:00:00+00:00
[2024-04-15T12:27:17.037+0000] {processor.py:183} INFO - Processing /home/airflow/.local/lib/python3.8/site-packages/airflow/example_dags/example_branch_labels.py took 0.087 seconds
[2024-04-15T12:27:47.849+0000] {processor.py:161} INFO - Started process (PID=2680) to work on /home/airflow/.local/lib/python3.8/site-packages/airflow/example_dags/example_branch_labels.py
[2024-04-15T12:27:47.851+0000] {processor.py:830} INFO - Processing file /home/airflow/.local/lib/python3.8/site-packages/airflow/example_dags/example_branch_labels.py for tasks to queue
[2024-04-15T12:27:47.854+0000] {logging_mixin.py:188} INFO - [2024-04-15T12:27:47.853+0000] {dagbag.py:540} INFO - Filling up the DagBag from /home/airflow/.local/lib/python3.8/site-packages/airflow/example_dags/example_branch_labels.py
[2024-04-15T12:27:47.865+0000] {processor.py:840} INFO - DAG(s) 'example_branch_labels' retrieved from /home/airflow/.local/lib/python3.8/site-packages/airflow/example_dags/example_branch_labels.py
[2024-04-15T12:27:47.895+0000] {logging_mixin.py:188} INFO - [2024-04-15T12:27:47.894+0000] {dag.py:3047} INFO - Sync 1 DAGs
[2024-04-15T12:27:47.927+0000] {logging_mixin.py:188} INFO - [2024-04-15T12:27:47.927+0000] {dag.py:3834} INFO - Setting next_dagrun for example_branch_labels to 2024-04-14 00:00:00+00:00, run_after=2024-04-15 00:00:00+00:00
[2024-04-15T12:27:47.953+0000] {processor.py:183} INFO - Processing /home/airflow/.local/lib/python3.8/site-packages/airflow/example_dags/example_branch_labels.py took 0.108 seconds
[2024-04-15T12:28:18.372+0000] {processor.py:161} INFO - Started process (PID=2735) to work on /home/airflow/.local/lib/python3.8/site-packages/airflow/example_dags/example_branch_labels.py
[2024-04-15T12:28:18.373+0000] {processor.py:830} INFO - Processing file /home/airflow/.local/lib/python3.8/site-packages/airflow/example_dags/example_branch_labels.py for tasks to queue
[2024-04-15T12:28:18.375+0000] {logging_mixin.py:188} INFO - [2024-04-15T12:28:18.375+0000] {dagbag.py:540} INFO - Filling up the DagBag from /home/airflow/.local/lib/python3.8/site-packages/airflow/example_dags/example_branch_labels.py
[2024-04-15T12:28:18.383+0000] {processor.py:840} INFO - DAG(s) 'example_branch_labels' retrieved from /home/airflow/.local/lib/python3.8/site-packages/airflow/example_dags/example_branch_labels.py
[2024-04-15T12:28:18.405+0000] {logging_mixin.py:188} INFO - [2024-04-15T12:28:18.405+0000] {dag.py:3047} INFO - Sync 1 DAGs
[2024-04-15T12:28:18.426+0000] {logging_mixin.py:188} INFO - [2024-04-15T12:28:18.426+0000] {dag.py:3834} INFO - Setting next_dagrun for example_branch_labels to 2024-04-14 00:00:00+00:00, run_after=2024-04-15 00:00:00+00:00
[2024-04-15T12:28:18.449+0000] {processor.py:183} INFO - Processing /home/airflow/.local/lib/python3.8/site-packages/airflow/example_dags/example_branch_labels.py took 0.081 seconds
[2024-04-15T12:28:49.375+0000] {processor.py:161} INFO - Started process (PID=2791) to work on /home/airflow/.local/lib/python3.8/site-packages/airflow/example_dags/example_branch_labels.py
[2024-04-15T12:28:49.377+0000] {processor.py:830} INFO - Processing file /home/airflow/.local/lib/python3.8/site-packages/airflow/example_dags/example_branch_labels.py for tasks to queue
[2024-04-15T12:28:49.378+0000] {logging_mixin.py:188} INFO - [2024-04-15T12:28:49.378+0000] {dagbag.py:540} INFO - Filling up the DagBag from /home/airflow/.local/lib/python3.8/site-packages/airflow/example_dags/example_branch_labels.py
[2024-04-15T12:28:49.387+0000] {processor.py:840} INFO - DAG(s) 'example_branch_labels' retrieved from /home/airflow/.local/lib/python3.8/site-packages/airflow/example_dags/example_branch_labels.py
[2024-04-15T12:28:49.414+0000] {logging_mixin.py:188} INFO - [2024-04-15T12:28:49.413+0000] {dag.py:3047} INFO - Sync 1 DAGs
[2024-04-15T12:28:49.442+0000] {logging_mixin.py:188} INFO - [2024-04-15T12:28:49.442+0000] {dag.py:3834} INFO - Setting next_dagrun for example_branch_labels to 2024-04-14 00:00:00+00:00, run_after=2024-04-15 00:00:00+00:00
[2024-04-15T12:28:49.468+0000] {processor.py:183} INFO - Processing /home/airflow/.local/lib/python3.8/site-packages/airflow/example_dags/example_branch_labels.py took 0.097 seconds
[2024-04-15T12:29:20.009+0000] {processor.py:161} INFO - Started process (PID=2846) to work on /home/airflow/.local/lib/python3.8/site-packages/airflow/example_dags/example_branch_labels.py
[2024-04-15T12:29:20.011+0000] {processor.py:830} INFO - Processing file /home/airflow/.local/lib/python3.8/site-packages/airflow/example_dags/example_branch_labels.py for tasks to queue
[2024-04-15T12:29:20.013+0000] {logging_mixin.py:188} INFO - [2024-04-15T12:29:20.012+0000] {dagbag.py:540} INFO - Filling up the DagBag from /home/airflow/.local/lib/python3.8/site-packages/airflow/example_dags/example_branch_labels.py
[2024-04-15T12:29:20.022+0000] {processor.py:840} INFO - DAG(s) 'example_branch_labels' retrieved from /home/airflow/.local/lib/python3.8/site-packages/airflow/example_dags/example_branch_labels.py
[2024-04-15T12:29:20.045+0000] {logging_mixin.py:188} INFO - [2024-04-15T12:29:20.045+0000] {dag.py:3047} INFO - Sync 1 DAGs
[2024-04-15T12:29:20.067+0000] {logging_mixin.py:188} INFO - [2024-04-15T12:29:20.067+0000] {dag.py:3834} INFO - Setting next_dagrun for example_branch_labels to 2024-04-14 00:00:00+00:00, run_after=2024-04-15 00:00:00+00:00
[2024-04-15T12:29:20.091+0000] {processor.py:183} INFO - Processing /home/airflow/.local/lib/python3.8/site-packages/airflow/example_dags/example_branch_labels.py took 0.086 seconds
[2024-04-15T12:29:50.614+0000] {processor.py:161} INFO - Started process (PID=2901) to work on /home/airflow/.local/lib/python3.8/site-packages/airflow/example_dags/example_branch_labels.py
[2024-04-15T12:29:50.615+0000] {processor.py:830} INFO - Processing file /home/airflow/.local/lib/python3.8/site-packages/airflow/example_dags/example_branch_labels.py for tasks to queue
[2024-04-15T12:29:50.617+0000] {logging_mixin.py:188} INFO - [2024-04-15T12:29:50.616+0000] {dagbag.py:540} INFO - Filling up the DagBag from /home/airflow/.local/lib/python3.8/site-packages/airflow/example_dags/example_branch_labels.py
[2024-04-15T12:29:50.624+0000] {processor.py:840} INFO - DAG(s) 'example_branch_labels' retrieved from /home/airflow/.local/lib/python3.8/site-packages/airflow/example_dags/example_branch_labels.py
[2024-04-15T12:29:50.648+0000] {logging_mixin.py:188} INFO - [2024-04-15T12:29:50.648+0000] {dag.py:3047} INFO - Sync 1 DAGs
[2024-04-15T12:29:50.671+0000] {logging_mixin.py:188} INFO - [2024-04-15T12:29:50.671+0000] {dag.py:3834} INFO - Setting next_dagrun for example_branch_labels to 2024-04-14 00:00:00+00:00, run_after=2024-04-15 00:00:00+00:00
[2024-04-15T12:29:50.698+0000] {processor.py:183} INFO - Processing /home/airflow/.local/lib/python3.8/site-packages/airflow/example_dags/example_branch_labels.py took 0.087 seconds
[2024-04-15T12:30:21.486+0000] {processor.py:161} INFO - Started process (PID=2956) to work on /home/airflow/.local/lib/python3.8/site-packages/airflow/example_dags/example_branch_labels.py
[2024-04-15T12:30:21.488+0000] {processor.py:830} INFO - Processing file /home/airflow/.local/lib/python3.8/site-packages/airflow/example_dags/example_branch_labels.py for tasks to queue
[2024-04-15T12:30:21.489+0000] {logging_mixin.py:188} INFO - [2024-04-15T12:30:21.489+0000] {dagbag.py:540} INFO - Filling up the DagBag from /home/airflow/.local/lib/python3.8/site-packages/airflow/example_dags/example_branch_labels.py
[2024-04-15T12:30:21.497+0000] {processor.py:840} INFO - DAG(s) 'example_branch_labels' retrieved from /home/airflow/.local/lib/python3.8/site-packages/airflow/example_dags/example_branch_labels.py
[2024-04-15T12:30:21.521+0000] {logging_mixin.py:188} INFO - [2024-04-15T12:30:21.520+0000] {dag.py:3047} INFO - Sync 1 DAGs
[2024-04-15T12:30:21.542+0000] {logging_mixin.py:188} INFO - [2024-04-15T12:30:21.541+0000] {dag.py:3834} INFO - Setting next_dagrun for example_branch_labels to 2024-04-14 00:00:00+00:00, run_after=2024-04-15 00:00:00+00:00
[2024-04-15T12:30:21.564+0000] {processor.py:183} INFO - Processing /home/airflow/.local/lib/python3.8/site-packages/airflow/example_dags/example_branch_labels.py took 0.081 seconds
[2024-04-15T12:30:52.055+0000] {processor.py:161} INFO - Started process (PID=3011) to work on /home/airflow/.local/lib/python3.8/site-packages/airflow/example_dags/example_branch_labels.py
[2024-04-15T12:30:52.057+0000] {processor.py:830} INFO - Processing file /home/airflow/.local/lib/python3.8/site-packages/airflow/example_dags/example_branch_labels.py for tasks to queue
[2024-04-15T12:30:52.058+0000] {logging_mixin.py:188} INFO - [2024-04-15T12:30:52.057+0000] {dagbag.py:540} INFO - Filling up the DagBag from /home/airflow/.local/lib/python3.8/site-packages/airflow/example_dags/example_branch_labels.py
[2024-04-15T12:30:52.069+0000] {processor.py:840} INFO - DAG(s) 'example_branch_labels' retrieved from /home/airflow/.local/lib/python3.8/site-packages/airflow/example_dags/example_branch_labels.py
[2024-04-15T12:30:52.093+0000] {logging_mixin.py:188} INFO - [2024-04-15T12:30:52.093+0000] {dag.py:3047} INFO - Sync 1 DAGs
[2024-04-15T12:30:52.117+0000] {logging_mixin.py:188} INFO - [2024-04-15T12:30:52.117+0000] {dag.py:3834} INFO - Setting next_dagrun for example_branch_labels to 2024-04-14 00:00:00+00:00, run_after=2024-04-15 00:00:00+00:00
[2024-04-15T12:30:52.143+0000] {processor.py:183} INFO - Processing /home/airflow/.local/lib/python3.8/site-packages/airflow/example_dags/example_branch_labels.py took 0.091 seconds
[2024-04-15T12:31:22.483+0000] {processor.py:161} INFO - Started process (PID=3066) to work on /home/airflow/.local/lib/python3.8/site-packages/airflow/example_dags/example_branch_labels.py
[2024-04-15T12:31:22.484+0000] {processor.py:830} INFO - Processing file /home/airflow/.local/lib/python3.8/site-packages/airflow/example_dags/example_branch_labels.py for tasks to queue
[2024-04-15T12:31:22.485+0000] {logging_mixin.py:188} INFO - [2024-04-15T12:31:22.485+0000] {dagbag.py:540} INFO - Filling up the DagBag from /home/airflow/.local/lib/python3.8/site-packages/airflow/example_dags/example_branch_labels.py
[2024-04-15T12:31:22.492+0000] {processor.py:840} INFO - DAG(s) 'example_branch_labels' retrieved from /home/airflow/.local/lib/python3.8/site-packages/airflow/example_dags/example_branch_labels.py
[2024-04-15T12:31:22.515+0000] {logging_mixin.py:188} INFO - [2024-04-15T12:31:22.515+0000] {dag.py:3047} INFO - Sync 1 DAGs
[2024-04-15T12:31:22.538+0000] {logging_mixin.py:188} INFO - [2024-04-15T12:31:22.538+0000] {dag.py:3834} INFO - Setting next_dagrun for example_branch_labels to 2024-04-14 00:00:00+00:00, run_after=2024-04-15 00:00:00+00:00
[2024-04-15T12:31:22.562+0000] {processor.py:183} INFO - Processing /home/airflow/.local/lib/python3.8/site-packages/airflow/example_dags/example_branch_labels.py took 0.082 seconds
[2024-04-15T12:31:53.005+0000] {processor.py:161} INFO - Started process (PID=3121) to work on /home/airflow/.local/lib/python3.8/site-packages/airflow/example_dags/example_branch_labels.py
[2024-04-15T12:31:53.006+0000] {processor.py:830} INFO - Processing file /home/airflow/.local/lib/python3.8/site-packages/airflow/example_dags/example_branch_labels.py for tasks to queue
[2024-04-15T12:31:53.008+0000] {logging_mixin.py:188} INFO - [2024-04-15T12:31:53.007+0000] {dagbag.py:540} INFO - Filling up the DagBag from /home/airflow/.local/lib/python3.8/site-packages/airflow/example_dags/example_branch_labels.py
[2024-04-15T12:31:53.015+0000] {processor.py:840} INFO - DAG(s) 'example_branch_labels' retrieved from /home/airflow/.local/lib/python3.8/site-packages/airflow/example_dags/example_branch_labels.py
[2024-04-15T12:31:53.039+0000] {logging_mixin.py:188} INFO - [2024-04-15T12:31:53.039+0000] {dag.py:3047} INFO - Sync 1 DAGs
[2024-04-15T12:31:53.061+0000] {logging_mixin.py:188} INFO - [2024-04-15T12:31:53.060+0000] {dag.py:3834} INFO - Setting next_dagrun for example_branch_labels to 2024-04-14 00:00:00+00:00, run_after=2024-04-15 00:00:00+00:00
[2024-04-15T12:31:53.084+0000] {processor.py:183} INFO - Processing /home/airflow/.local/lib/python3.8/site-packages/airflow/example_dags/example_branch_labels.py took 0.082 seconds
[2024-04-15T12:34:40.096+0000] {processor.py:161} INFO - Started process (PID=3176) to work on /home/airflow/.local/lib/python3.8/site-packages/airflow/example_dags/example_branch_labels.py
[2024-04-15T12:34:40.098+0000] {processor.py:830} INFO - Processing file /home/airflow/.local/lib/python3.8/site-packages/airflow/example_dags/example_branch_labels.py for tasks to queue
[2024-04-15T12:34:40.099+0000] {logging_mixin.py:188} INFO - [2024-04-15T12:34:40.099+0000] {dagbag.py:540} INFO - Filling up the DagBag from /home/airflow/.local/lib/python3.8/site-packages/airflow/example_dags/example_branch_labels.py
[2024-04-15T12:34:40.107+0000] {processor.py:840} INFO - DAG(s) 'example_branch_labels' retrieved from /home/airflow/.local/lib/python3.8/site-packages/airflow/example_dags/example_branch_labels.py
[2024-04-15T12:34:40.131+0000] {logging_mixin.py:188} INFO - [2024-04-15T12:34:40.130+0000] {dag.py:3047} INFO - Sync 1 DAGs
[2024-04-15T12:34:40.152+0000] {logging_mixin.py:188} INFO - [2024-04-15T12:34:40.152+0000] {dag.py:3834} INFO - Setting next_dagrun for example_branch_labels to 2024-04-14 00:00:00+00:00, run_after=2024-04-15 00:00:00+00:00
[2024-04-15T12:34:40.180+0000] {processor.py:183} INFO - Processing /home/airflow/.local/lib/python3.8/site-packages/airflow/example_dags/example_branch_labels.py took 0.087 seconds
[2024-04-15T12:35:10.923+0000] {processor.py:161} INFO - Started process (PID=3231) to work on /home/airflow/.local/lib/python3.8/site-packages/airflow/example_dags/example_branch_labels.py
[2024-04-15T12:35:10.924+0000] {processor.py:830} INFO - Processing file /home/airflow/.local/lib/python3.8/site-packages/airflow/example_dags/example_branch_labels.py for tasks to queue
[2024-04-15T12:35:10.926+0000] {logging_mixin.py:188} INFO - [2024-04-15T12:35:10.925+0000] {dagbag.py:540} INFO - Filling up the DagBag from /home/airflow/.local/lib/python3.8/site-packages/airflow/example_dags/example_branch_labels.py
[2024-04-15T12:35:10.933+0000] {processor.py:840} INFO - DAG(s) 'example_branch_labels' retrieved from /home/airflow/.local/lib/python3.8/site-packages/airflow/example_dags/example_branch_labels.py
[2024-04-15T12:35:10.957+0000] {logging_mixin.py:188} INFO - [2024-04-15T12:35:10.956+0000] {dag.py:3047} INFO - Sync 1 DAGs
[2024-04-15T12:35:10.979+0000] {logging_mixin.py:188} INFO - [2024-04-15T12:35:10.978+0000] {dag.py:3834} INFO - Setting next_dagrun for example_branch_labels to 2024-04-14 00:00:00+00:00, run_after=2024-04-15 00:00:00+00:00
[2024-04-15T12:35:11.002+0000] {processor.py:183} INFO - Processing /home/airflow/.local/lib/python3.8/site-packages/airflow/example_dags/example_branch_labels.py took 0.082 seconds
[2024-04-15T12:35:41.612+0000] {processor.py:161} INFO - Started process (PID=3286) to work on /home/airflow/.local/lib/python3.8/site-packages/airflow/example_dags/example_branch_labels.py
[2024-04-15T12:35:41.614+0000] {processor.py:830} INFO - Processing file /home/airflow/.local/lib/python3.8/site-packages/airflow/example_dags/example_branch_labels.py for tasks to queue
[2024-04-15T12:35:41.615+0000] {logging_mixin.py:188} INFO - [2024-04-15T12:35:41.615+0000] {dagbag.py:540} INFO - Filling up the DagBag from /home/airflow/.local/lib/python3.8/site-packages/airflow/example_dags/example_branch_labels.py
[2024-04-15T12:35:41.622+0000] {processor.py:840} INFO - DAG(s) 'example_branch_labels' retrieved from /home/airflow/.local/lib/python3.8/site-packages/airflow/example_dags/example_branch_labels.py
[2024-04-15T12:35:41.647+0000] {logging_mixin.py:188} INFO - [2024-04-15T12:35:41.647+0000] {dag.py:3047} INFO - Sync 1 DAGs
[2024-04-15T12:35:41.670+0000] {logging_mixin.py:188} INFO - [2024-04-15T12:35:41.670+0000] {dag.py:3834} INFO - Setting next_dagrun for example_branch_labels to 2024-04-14 00:00:00+00:00, run_after=2024-04-15 00:00:00+00:00
[2024-04-15T12:35:41.693+0000] {processor.py:183} INFO - Processing /home/airflow/.local/lib/python3.8/site-packages/airflow/example_dags/example_branch_labels.py took 0.085 seconds
[2024-04-15T12:36:12.240+0000] {processor.py:161} INFO - Started process (PID=3341) to work on /home/airflow/.local/lib/python3.8/site-packages/airflow/example_dags/example_branch_labels.py
[2024-04-15T12:36:12.242+0000] {processor.py:830} INFO - Processing file /home/airflow/.local/lib/python3.8/site-packages/airflow/example_dags/example_branch_labels.py for tasks to queue
[2024-04-15T12:36:12.243+0000] {logging_mixin.py:188} INFO - [2024-04-15T12:36:12.243+0000] {dagbag.py:540} INFO - Filling up the DagBag from /home/airflow/.local/lib/python3.8/site-packages/airflow/example_dags/example_branch_labels.py
[2024-04-15T12:36:12.250+0000] {processor.py:840} INFO - DAG(s) 'example_branch_labels' retrieved from /home/airflow/.local/lib/python3.8/site-packages/airflow/example_dags/example_branch_labels.py
[2024-04-15T12:36:12.273+0000] {logging_mixin.py:188} INFO - [2024-04-15T12:36:12.272+0000] {dag.py:3047} INFO - Sync 1 DAGs
[2024-04-15T12:36:12.293+0000] {logging_mixin.py:188} INFO - [2024-04-15T12:36:12.292+0000] {dag.py:3834} INFO - Setting next_dagrun for example_branch_labels to 2024-04-14 00:00:00+00:00, run_after=2024-04-15 00:00:00+00:00
[2024-04-15T12:36:12.316+0000] {processor.py:183} INFO - Processing /home/airflow/.local/lib/python3.8/site-packages/airflow/example_dags/example_branch_labels.py took 0.079 seconds
[2024-04-15T12:36:42.762+0000] {processor.py:161} INFO - Started process (PID=3396) to work on /home/airflow/.local/lib/python3.8/site-packages/airflow/example_dags/example_branch_labels.py
[2024-04-15T12:36:42.764+0000] {processor.py:830} INFO - Processing file /home/airflow/.local/lib/python3.8/site-packages/airflow/example_dags/example_branch_labels.py for tasks to queue
[2024-04-15T12:36:42.765+0000] {logging_mixin.py:188} INFO - [2024-04-15T12:36:42.764+0000] {dagbag.py:540} INFO - Filling up the DagBag from /home/airflow/.local/lib/python3.8/site-packages/airflow/example_dags/example_branch_labels.py
[2024-04-15T12:36:42.772+0000] {processor.py:840} INFO - DAG(s) 'example_branch_labels' retrieved from /home/airflow/.local/lib/python3.8/site-packages/airflow/example_dags/example_branch_labels.py
[2024-04-15T12:36:42.800+0000] {logging_mixin.py:188} INFO - [2024-04-15T12:36:42.799+0000] {dag.py:3047} INFO - Sync 1 DAGs
[2024-04-15T12:36:42.822+0000] {logging_mixin.py:188} INFO - [2024-04-15T12:36:42.822+0000] {dag.py:3834} INFO - Setting next_dagrun for example_branch_labels to 2024-04-14 00:00:00+00:00, run_after=2024-04-15 00:00:00+00:00
[2024-04-15T12:36:42.844+0000] {processor.py:183} INFO - Processing /home/airflow/.local/lib/python3.8/site-packages/airflow/example_dags/example_branch_labels.py took 0.085 seconds
[2024-04-15T12:37:13.428+0000] {processor.py:161} INFO - Started process (PID=3451) to work on /home/airflow/.local/lib/python3.8/site-packages/airflow/example_dags/example_branch_labels.py
[2024-04-15T12:37:13.429+0000] {processor.py:830} INFO - Processing file /home/airflow/.local/lib/python3.8/site-packages/airflow/example_dags/example_branch_labels.py for tasks to queue
[2024-04-15T12:37:13.431+0000] {logging_mixin.py:188} INFO - [2024-04-15T12:37:13.430+0000] {dagbag.py:540} INFO - Filling up the DagBag from /home/airflow/.local/lib/python3.8/site-packages/airflow/example_dags/example_branch_labels.py
[2024-04-15T12:37:13.438+0000] {processor.py:840} INFO - DAG(s) 'example_branch_labels' retrieved from /home/airflow/.local/lib/python3.8/site-packages/airflow/example_dags/example_branch_labels.py
[2024-04-15T12:37:13.462+0000] {logging_mixin.py:188} INFO - [2024-04-15T12:37:13.462+0000] {dag.py:3047} INFO - Sync 1 DAGs
[2024-04-15T12:37:13.483+0000] {logging_mixin.py:188} INFO - [2024-04-15T12:37:13.483+0000] {dag.py:3834} INFO - Setting next_dagrun for example_branch_labels to 2024-04-14 00:00:00+00:00, run_after=2024-04-15 00:00:00+00:00
[2024-04-15T12:37:13.507+0000] {processor.py:183} INFO - Processing /home/airflow/.local/lib/python3.8/site-packages/airflow/example_dags/example_branch_labels.py took 0.083 seconds
[2024-04-15T12:43:00.681+0000] {processor.py:161} INFO - Started process (PID=3506) to work on /home/airflow/.local/lib/python3.8/site-packages/airflow/example_dags/example_branch_labels.py
[2024-04-15T12:43:00.684+0000] {processor.py:830} INFO - Processing file /home/airflow/.local/lib/python3.8/site-packages/airflow/example_dags/example_branch_labels.py for tasks to queue
[2024-04-15T12:43:00.686+0000] {logging_mixin.py:188} INFO - [2024-04-15T12:43:00.685+0000] {dagbag.py:540} INFO - Filling up the DagBag from /home/airflow/.local/lib/python3.8/site-packages/airflow/example_dags/example_branch_labels.py
[2024-04-15T12:43:00.705+0000] {processor.py:840} INFO - DAG(s) 'example_branch_labels' retrieved from /home/airflow/.local/lib/python3.8/site-packages/airflow/example_dags/example_branch_labels.py
[2024-04-15T12:43:00.865+0000] {logging_mixin.py:188} INFO - [2024-04-15T12:43:00.864+0000] {dag.py:3047} INFO - Sync 1 DAGs
[2024-04-15T12:43:00.892+0000] {logging_mixin.py:188} INFO - [2024-04-15T12:43:00.892+0000] {dag.py:3834} INFO - Setting next_dagrun for example_branch_labels to 2024-04-14 00:00:00+00:00, run_after=2024-04-15 00:00:00+00:00
[2024-04-15T12:43:00.919+0000] {processor.py:183} INFO - Processing /home/airflow/.local/lib/python3.8/site-packages/airflow/example_dags/example_branch_labels.py took 0.248 seconds
[2024-04-15T12:43:31.269+0000] {processor.py:161} INFO - Started process (PID=3561) to work on /home/airflow/.local/lib/python3.8/site-packages/airflow/example_dags/example_branch_labels.py
[2024-04-15T12:43:31.270+0000] {processor.py:830} INFO - Processing file /home/airflow/.local/lib/python3.8/site-packages/airflow/example_dags/example_branch_labels.py for tasks to queue
[2024-04-15T12:43:31.272+0000] {logging_mixin.py:188} INFO - [2024-04-15T12:43:31.271+0000] {dagbag.py:540} INFO - Filling up the DagBag from /home/airflow/.local/lib/python3.8/site-packages/airflow/example_dags/example_branch_labels.py
[2024-04-15T12:43:31.280+0000] {processor.py:840} INFO - DAG(s) 'example_branch_labels' retrieved from /home/airflow/.local/lib/python3.8/site-packages/airflow/example_dags/example_branch_labels.py
[2024-04-15T12:43:31.303+0000] {logging_mixin.py:188} INFO - [2024-04-15T12:43:31.303+0000] {dag.py:3047} INFO - Sync 1 DAGs
[2024-04-15T12:43:31.464+0000] {logging_mixin.py:188} INFO - [2024-04-15T12:43:31.464+0000] {dag.py:3834} INFO - Setting next_dagrun for example_branch_labels to 2024-04-14 00:00:00+00:00, run_after=2024-04-15 00:00:00+00:00
[2024-04-15T12:43:31.490+0000] {processor.py:183} INFO - Processing /home/airflow/.local/lib/python3.8/site-packages/airflow/example_dags/example_branch_labels.py took 0.225 seconds
[2024-04-15T12:44:01.780+0000] {processor.py:161} INFO - Started process (PID=3616) to work on /home/airflow/.local/lib/python3.8/site-packages/airflow/example_dags/example_branch_labels.py
[2024-04-15T12:44:01.782+0000] {processor.py:830} INFO - Processing file /home/airflow/.local/lib/python3.8/site-packages/airflow/example_dags/example_branch_labels.py for tasks to queue
[2024-04-15T12:44:01.783+0000] {logging_mixin.py:188} INFO - [2024-04-15T12:44:01.783+0000] {dagbag.py:540} INFO - Filling up the DagBag from /home/airflow/.local/lib/python3.8/site-packages/airflow/example_dags/example_branch_labels.py
[2024-04-15T12:44:01.792+0000] {processor.py:840} INFO - DAG(s) 'example_branch_labels' retrieved from /home/airflow/.local/lib/python3.8/site-packages/airflow/example_dags/example_branch_labels.py
[2024-04-15T12:44:01.816+0000] {logging_mixin.py:188} INFO - [2024-04-15T12:44:01.815+0000] {dag.py:3047} INFO - Sync 1 DAGs
[2024-04-15T12:44:01.840+0000] {logging_mixin.py:188} INFO - [2024-04-15T12:44:01.839+0000] {dag.py:3834} INFO - Setting next_dagrun for example_branch_labels to 2024-04-14 00:00:00+00:00, run_after=2024-04-15 00:00:00+00:00
[2024-04-15T12:44:01.863+0000] {processor.py:183} INFO - Processing /home/airflow/.local/lib/python3.8/site-packages/airflow/example_dags/example_branch_labels.py took 0.086 seconds
[2024-04-15T12:44:32.275+0000] {processor.py:161} INFO - Started process (PID=3671) to work on /home/airflow/.local/lib/python3.8/site-packages/airflow/example_dags/example_branch_labels.py
[2024-04-15T12:44:32.277+0000] {processor.py:830} INFO - Processing file /home/airflow/.local/lib/python3.8/site-packages/airflow/example_dags/example_branch_labels.py for tasks to queue
[2024-04-15T12:44:32.279+0000] {logging_mixin.py:188} INFO - [2024-04-15T12:44:32.278+0000] {dagbag.py:540} INFO - Filling up the DagBag from /home/airflow/.local/lib/python3.8/site-packages/airflow/example_dags/example_branch_labels.py
[2024-04-15T12:44:32.287+0000] {processor.py:840} INFO - DAG(s) 'example_branch_labels' retrieved from /home/airflow/.local/lib/python3.8/site-packages/airflow/example_dags/example_branch_labels.py
[2024-04-15T12:44:32.309+0000] {logging_mixin.py:188} INFO - [2024-04-15T12:44:32.309+0000] {dag.py:3047} INFO - Sync 1 DAGs
[2024-04-15T12:44:32.331+0000] {logging_mixin.py:188} INFO - [2024-04-15T12:44:32.331+0000] {dag.py:3834} INFO - Setting next_dagrun for example_branch_labels to 2024-04-14 00:00:00+00:00, run_after=2024-04-15 00:00:00+00:00
[2024-04-15T12:44:32.354+0000] {processor.py:183} INFO - Processing /home/airflow/.local/lib/python3.8/site-packages/airflow/example_dags/example_branch_labels.py took 0.082 seconds
[2024-04-15T12:45:02.604+0000] {processor.py:161} INFO - Started process (PID=3726) to work on /home/airflow/.local/lib/python3.8/site-packages/airflow/example_dags/example_branch_labels.py
[2024-04-15T12:45:02.606+0000] {processor.py:830} INFO - Processing file /home/airflow/.local/lib/python3.8/site-packages/airflow/example_dags/example_branch_labels.py for tasks to queue
[2024-04-15T12:45:02.607+0000] {logging_mixin.py:188} INFO - [2024-04-15T12:45:02.607+0000] {dagbag.py:540} INFO - Filling up the DagBag from /home/airflow/.local/lib/python3.8/site-packages/airflow/example_dags/example_branch_labels.py
[2024-04-15T12:45:02.615+0000] {processor.py:840} INFO - DAG(s) 'example_branch_labels' retrieved from /home/airflow/.local/lib/python3.8/site-packages/airflow/example_dags/example_branch_labels.py
[2024-04-15T12:45:02.638+0000] {logging_mixin.py:188} INFO - [2024-04-15T12:45:02.638+0000] {dag.py:3047} INFO - Sync 1 DAGs
[2024-04-15T12:45:02.658+0000] {logging_mixin.py:188} INFO - [2024-04-15T12:45:02.658+0000] {dag.py:3834} INFO - Setting next_dagrun for example_branch_labels to 2024-04-14 00:00:00+00:00, run_after=2024-04-15 00:00:00+00:00
[2024-04-15T12:45:02.680+0000] {processor.py:183} INFO - Processing /home/airflow/.local/lib/python3.8/site-packages/airflow/example_dags/example_branch_labels.py took 0.080 seconds
[2024-04-15T12:45:32.866+0000] {processor.py:161} INFO - Started process (PID=3781) to work on /home/airflow/.local/lib/python3.8/site-packages/airflow/example_dags/example_branch_labels.py
[2024-04-15T12:45:32.868+0000] {processor.py:830} INFO - Processing file /home/airflow/.local/lib/python3.8/site-packages/airflow/example_dags/example_branch_labels.py for tasks to queue
[2024-04-15T12:45:32.869+0000] {logging_mixin.py:188} INFO - [2024-04-15T12:45:32.869+0000] {dagbag.py:540} INFO - Filling up the DagBag from /home/airflow/.local/lib/python3.8/site-packages/airflow/example_dags/example_branch_labels.py
[2024-04-15T12:45:32.877+0000] {processor.py:840} INFO - DAG(s) 'example_branch_labels' retrieved from /home/airflow/.local/lib/python3.8/site-packages/airflow/example_dags/example_branch_labels.py
[2024-04-15T12:45:32.904+0000] {logging_mixin.py:188} INFO - [2024-04-15T12:45:32.904+0000] {dag.py:3047} INFO - Sync 1 DAGs
[2024-04-15T12:45:32.962+0000] {logging_mixin.py:188} INFO - [2024-04-15T12:45:32.961+0000] {dag.py:3834} INFO - Setting next_dagrun for example_branch_labels to 2024-04-14 00:00:00+00:00, run_after=2024-04-15 00:00:00+00:00
[2024-04-15T12:45:33.000+0000] {processor.py:183} INFO - Processing /home/airflow/.local/lib/python3.8/site-packages/airflow/example_dags/example_branch_labels.py took 0.137 seconds
