[2024-04-15T10:41:33.603+0000] {processor.py:161} INFO - Started process (PID=56) to work on /home/airflow/.local/lib/python3.8/site-packages/airflow/example_dags/example_setup_teardown.py
[2024-04-15T10:41:33.605+0000] {processor.py:830} INFO - Processing file /home/airflow/.local/lib/python3.8/site-packages/airflow/example_dags/example_setup_teardown.py for tasks to queue
[2024-04-15T10:41:33.607+0000] {logging_mixin.py:188} INFO - [2024-04-15T10:41:33.607+0000] {dagbag.py:540} INFO - Filling up the DagBag from /home/airflow/.local/lib/python3.8/site-packages/airflow/example_dags/example_setup_teardown.py
[2024-04-15T10:41:33.619+0000] {processor.py:840} INFO - DAG(s) 'example_setup_teardown' retrieved from /home/airflow/.local/lib/python3.8/site-packages/airflow/example_dags/example_setup_teardown.py
[2024-04-15T10:41:33.658+0000] {logging_mixin.py:188} INFO - [2024-04-15T10:41:33.658+0000] {dag.py:3047} INFO - Sync 1 DAGs
[2024-04-15T10:41:33.699+0000] {logging_mixin.py:188} INFO - [2024-04-15T10:41:33.699+0000] {dag.py:3834} INFO - Setting next_dagrun for example_setup_teardown to 2024-04-14 00:00:00+00:00, run_after=2024-04-15 00:00:00+00:00
[2024-04-15T10:41:33.731+0000] {processor.py:183} INFO - Processing /home/airflow/.local/lib/python3.8/site-packages/airflow/example_dags/example_setup_teardown.py took 0.133 seconds
[2024-04-15T10:42:03.809+0000] {processor.py:161} INFO - Started process (PID=111) to work on /home/airflow/.local/lib/python3.8/site-packages/airflow/example_dags/example_setup_teardown.py
[2024-04-15T10:42:03.811+0000] {processor.py:830} INFO - Processing file /home/airflow/.local/lib/python3.8/site-packages/airflow/example_dags/example_setup_teardown.py for tasks to queue
[2024-04-15T10:42:03.813+0000] {logging_mixin.py:188} INFO - [2024-04-15T10:42:03.813+0000] {dagbag.py:540} INFO - Filling up the DagBag from /home/airflow/.local/lib/python3.8/site-packages/airflow/example_dags/example_setup_teardown.py
[2024-04-15T10:42:03.820+0000] {processor.py:840} INFO - DAG(s) 'example_setup_teardown' retrieved from /home/airflow/.local/lib/python3.8/site-packages/airflow/example_dags/example_setup_teardown.py
[2024-04-15T10:42:03.845+0000] {logging_mixin.py:188} INFO - [2024-04-15T10:42:03.845+0000] {dag.py:3047} INFO - Sync 1 DAGs
[2024-04-15T10:42:03.869+0000] {logging_mixin.py:188} INFO - [2024-04-15T10:42:03.869+0000] {dag.py:3834} INFO - Setting next_dagrun for example_setup_teardown to 2024-04-14 00:00:00+00:00, run_after=2024-04-15 00:00:00+00:00
[2024-04-15T10:42:03.893+0000] {processor.py:183} INFO - Processing /home/airflow/.local/lib/python3.8/site-packages/airflow/example_dags/example_setup_teardown.py took 0.089 seconds
[2024-04-15T10:42:34.165+0000] {processor.py:161} INFO - Started process (PID=166) to work on /home/airflow/.local/lib/python3.8/site-packages/airflow/example_dags/example_setup_teardown.py
[2024-04-15T10:42:34.167+0000] {processor.py:830} INFO - Processing file /home/airflow/.local/lib/python3.8/site-packages/airflow/example_dags/example_setup_teardown.py for tasks to queue
[2024-04-15T10:42:34.170+0000] {logging_mixin.py:188} INFO - [2024-04-15T10:42:34.169+0000] {dagbag.py:540} INFO - Filling up the DagBag from /home/airflow/.local/lib/python3.8/site-packages/airflow/example_dags/example_setup_teardown.py
[2024-04-15T10:42:34.178+0000] {processor.py:840} INFO - DAG(s) 'example_setup_teardown' retrieved from /home/airflow/.local/lib/python3.8/site-packages/airflow/example_dags/example_setup_teardown.py
[2024-04-15T10:42:34.207+0000] {logging_mixin.py:188} INFO - [2024-04-15T10:42:34.207+0000] {dag.py:3047} INFO - Sync 1 DAGs
[2024-04-15T10:42:34.233+0000] {logging_mixin.py:188} INFO - [2024-04-15T10:42:34.233+0000] {dag.py:3834} INFO - Setting next_dagrun for example_setup_teardown to 2024-04-14 00:00:00+00:00, run_after=2024-04-15 00:00:00+00:00
[2024-04-15T10:42:34.257+0000] {processor.py:183} INFO - Processing /home/airflow/.local/lib/python3.8/site-packages/airflow/example_dags/example_setup_teardown.py took 0.096 seconds
[2024-04-15T10:43:04.387+0000] {processor.py:161} INFO - Started process (PID=221) to work on /home/airflow/.local/lib/python3.8/site-packages/airflow/example_dags/example_setup_teardown.py
[2024-04-15T10:43:04.388+0000] {processor.py:830} INFO - Processing file /home/airflow/.local/lib/python3.8/site-packages/airflow/example_dags/example_setup_teardown.py for tasks to queue
[2024-04-15T10:43:04.391+0000] {logging_mixin.py:188} INFO - [2024-04-15T10:43:04.391+0000] {dagbag.py:540} INFO - Filling up the DagBag from /home/airflow/.local/lib/python3.8/site-packages/airflow/example_dags/example_setup_teardown.py
[2024-04-15T10:43:04.399+0000] {processor.py:840} INFO - DAG(s) 'example_setup_teardown' retrieved from /home/airflow/.local/lib/python3.8/site-packages/airflow/example_dags/example_setup_teardown.py
[2024-04-15T10:43:04.425+0000] {logging_mixin.py:188} INFO - [2024-04-15T10:43:04.424+0000] {dag.py:3047} INFO - Sync 1 DAGs
[2024-04-15T10:43:04.452+0000] {logging_mixin.py:188} INFO - [2024-04-15T10:43:04.452+0000] {dag.py:3834} INFO - Setting next_dagrun for example_setup_teardown to 2024-04-14 00:00:00+00:00, run_after=2024-04-15 00:00:00+00:00
[2024-04-15T10:43:04.483+0000] {processor.py:183} INFO - Processing /home/airflow/.local/lib/python3.8/site-packages/airflow/example_dags/example_setup_teardown.py took 0.100 seconds
[2024-04-15T10:43:34.673+0000] {processor.py:161} INFO - Started process (PID=276) to work on /home/airflow/.local/lib/python3.8/site-packages/airflow/example_dags/example_setup_teardown.py
[2024-04-15T10:43:34.675+0000] {processor.py:830} INFO - Processing file /home/airflow/.local/lib/python3.8/site-packages/airflow/example_dags/example_setup_teardown.py for tasks to queue
[2024-04-15T10:43:34.678+0000] {logging_mixin.py:188} INFO - [2024-04-15T10:43:34.678+0000] {dagbag.py:540} INFO - Filling up the DagBag from /home/airflow/.local/lib/python3.8/site-packages/airflow/example_dags/example_setup_teardown.py
[2024-04-15T10:43:34.684+0000] {processor.py:840} INFO - DAG(s) 'example_setup_teardown' retrieved from /home/airflow/.local/lib/python3.8/site-packages/airflow/example_dags/example_setup_teardown.py
[2024-04-15T10:43:34.707+0000] {logging_mixin.py:188} INFO - [2024-04-15T10:43:34.707+0000] {dag.py:3047} INFO - Sync 1 DAGs
[2024-04-15T10:43:34.729+0000] {logging_mixin.py:188} INFO - [2024-04-15T10:43:34.729+0000] {dag.py:3834} INFO - Setting next_dagrun for example_setup_teardown to 2024-04-14 00:00:00+00:00, run_after=2024-04-15 00:00:00+00:00
[2024-04-15T10:43:34.753+0000] {processor.py:183} INFO - Processing /home/airflow/.local/lib/python3.8/site-packages/airflow/example_dags/example_setup_teardown.py took 0.083 seconds
[2024-04-15T10:44:05.188+0000] {processor.py:161} INFO - Started process (PID=330) to work on /home/airflow/.local/lib/python3.8/site-packages/airflow/example_dags/example_setup_teardown.py
[2024-04-15T10:44:05.189+0000] {processor.py:830} INFO - Processing file /home/airflow/.local/lib/python3.8/site-packages/airflow/example_dags/example_setup_teardown.py for tasks to queue
[2024-04-15T10:44:05.192+0000] {logging_mixin.py:188} INFO - [2024-04-15T10:44:05.192+0000] {dagbag.py:540} INFO - Filling up the DagBag from /home/airflow/.local/lib/python3.8/site-packages/airflow/example_dags/example_setup_teardown.py
[2024-04-15T10:44:05.200+0000] {processor.py:840} INFO - DAG(s) 'example_setup_teardown' retrieved from /home/airflow/.local/lib/python3.8/site-packages/airflow/example_dags/example_setup_teardown.py
[2024-04-15T10:44:05.229+0000] {logging_mixin.py:188} INFO - [2024-04-15T10:44:05.228+0000] {dag.py:3047} INFO - Sync 1 DAGs
[2024-04-15T10:44:05.261+0000] {logging_mixin.py:188} INFO - [2024-04-15T10:44:05.260+0000] {dag.py:3834} INFO - Setting next_dagrun for example_setup_teardown to 2024-04-14 00:00:00+00:00, run_after=2024-04-15 00:00:00+00:00
[2024-04-15T10:44:05.296+0000] {processor.py:183} INFO - Processing /home/airflow/.local/lib/python3.8/site-packages/airflow/example_dags/example_setup_teardown.py took 0.112 seconds
[2024-04-15T10:44:35.494+0000] {processor.py:161} INFO - Started process (PID=385) to work on /home/airflow/.local/lib/python3.8/site-packages/airflow/example_dags/example_setup_teardown.py
[2024-04-15T10:44:35.496+0000] {processor.py:830} INFO - Processing file /home/airflow/.local/lib/python3.8/site-packages/airflow/example_dags/example_setup_teardown.py for tasks to queue
[2024-04-15T10:44:35.498+0000] {logging_mixin.py:188} INFO - [2024-04-15T10:44:35.498+0000] {dagbag.py:540} INFO - Filling up the DagBag from /home/airflow/.local/lib/python3.8/site-packages/airflow/example_dags/example_setup_teardown.py
[2024-04-15T10:44:35.506+0000] {processor.py:840} INFO - DAG(s) 'example_setup_teardown' retrieved from /home/airflow/.local/lib/python3.8/site-packages/airflow/example_dags/example_setup_teardown.py
[2024-04-15T10:44:35.530+0000] {logging_mixin.py:188} INFO - [2024-04-15T10:44:35.530+0000] {dag.py:3047} INFO - Sync 1 DAGs
[2024-04-15T10:44:35.554+0000] {logging_mixin.py:188} INFO - [2024-04-15T10:44:35.554+0000] {dag.py:3834} INFO - Setting next_dagrun for example_setup_teardown to 2024-04-14 00:00:00+00:00, run_after=2024-04-15 00:00:00+00:00
[2024-04-15T10:44:35.579+0000] {processor.py:183} INFO - Processing /home/airflow/.local/lib/python3.8/site-packages/airflow/example_dags/example_setup_teardown.py took 0.088 seconds
[2024-04-15T10:45:05.695+0000] {processor.py:161} INFO - Started process (PID=440) to work on /home/airflow/.local/lib/python3.8/site-packages/airflow/example_dags/example_setup_teardown.py
[2024-04-15T10:45:05.696+0000] {processor.py:830} INFO - Processing file /home/airflow/.local/lib/python3.8/site-packages/airflow/example_dags/example_setup_teardown.py for tasks to queue
[2024-04-15T10:45:05.699+0000] {logging_mixin.py:188} INFO - [2024-04-15T10:45:05.698+0000] {dagbag.py:540} INFO - Filling up the DagBag from /home/airflow/.local/lib/python3.8/site-packages/airflow/example_dags/example_setup_teardown.py
[2024-04-15T10:45:05.705+0000] {processor.py:840} INFO - DAG(s) 'example_setup_teardown' retrieved from /home/airflow/.local/lib/python3.8/site-packages/airflow/example_dags/example_setup_teardown.py
[2024-04-15T10:45:05.727+0000] {logging_mixin.py:188} INFO - [2024-04-15T10:45:05.727+0000] {dag.py:3047} INFO - Sync 1 DAGs
[2024-04-15T10:45:05.749+0000] {logging_mixin.py:188} INFO - [2024-04-15T10:45:05.749+0000] {dag.py:3834} INFO - Setting next_dagrun for example_setup_teardown to 2024-04-14 00:00:00+00:00, run_after=2024-04-15 00:00:00+00:00
[2024-04-15T10:45:05.773+0000] {processor.py:183} INFO - Processing /home/airflow/.local/lib/python3.8/site-packages/airflow/example_dags/example_setup_teardown.py took 0.081 seconds
[2024-04-15T10:45:36.025+0000] {processor.py:161} INFO - Started process (PID=495) to work on /home/airflow/.local/lib/python3.8/site-packages/airflow/example_dags/example_setup_teardown.py
[2024-04-15T10:45:36.026+0000] {processor.py:830} INFO - Processing file /home/airflow/.local/lib/python3.8/site-packages/airflow/example_dags/example_setup_teardown.py for tasks to queue
[2024-04-15T10:45:36.029+0000] {logging_mixin.py:188} INFO - [2024-04-15T10:45:36.028+0000] {dagbag.py:540} INFO - Filling up the DagBag from /home/airflow/.local/lib/python3.8/site-packages/airflow/example_dags/example_setup_teardown.py
[2024-04-15T10:45:36.035+0000] {processor.py:840} INFO - DAG(s) 'example_setup_teardown' retrieved from /home/airflow/.local/lib/python3.8/site-packages/airflow/example_dags/example_setup_teardown.py
[2024-04-15T10:45:36.059+0000] {logging_mixin.py:188} INFO - [2024-04-15T10:45:36.059+0000] {dag.py:3047} INFO - Sync 1 DAGs
[2024-04-15T10:45:36.081+0000] {logging_mixin.py:188} INFO - [2024-04-15T10:45:36.081+0000] {dag.py:3834} INFO - Setting next_dagrun for example_setup_teardown to 2024-04-14 00:00:00+00:00, run_after=2024-04-15 00:00:00+00:00
[2024-04-15T10:45:36.109+0000] {processor.py:183} INFO - Processing /home/airflow/.local/lib/python3.8/site-packages/airflow/example_dags/example_setup_teardown.py took 0.087 seconds
[2024-04-15T10:46:06.159+0000] {processor.py:161} INFO - Started process (PID=550) to work on /home/airflow/.local/lib/python3.8/site-packages/airflow/example_dags/example_setup_teardown.py
[2024-04-15T10:46:06.161+0000] {processor.py:830} INFO - Processing file /home/airflow/.local/lib/python3.8/site-packages/airflow/example_dags/example_setup_teardown.py for tasks to queue
[2024-04-15T10:46:06.163+0000] {logging_mixin.py:188} INFO - [2024-04-15T10:46:06.163+0000] {dagbag.py:540} INFO - Filling up the DagBag from /home/airflow/.local/lib/python3.8/site-packages/airflow/example_dags/example_setup_teardown.py
[2024-04-15T10:46:06.171+0000] {processor.py:840} INFO - DAG(s) 'example_setup_teardown' retrieved from /home/airflow/.local/lib/python3.8/site-packages/airflow/example_dags/example_setup_teardown.py
[2024-04-15T10:46:06.195+0000] {logging_mixin.py:188} INFO - [2024-04-15T10:46:06.195+0000] {dag.py:3047} INFO - Sync 1 DAGs
[2024-04-15T10:46:06.216+0000] {logging_mixin.py:188} INFO - [2024-04-15T10:46:06.216+0000] {dag.py:3834} INFO - Setting next_dagrun for example_setup_teardown to 2024-04-14 00:00:00+00:00, run_after=2024-04-15 00:00:00+00:00
[2024-04-15T10:46:06.242+0000] {processor.py:183} INFO - Processing /home/airflow/.local/lib/python3.8/site-packages/airflow/example_dags/example_setup_teardown.py took 0.087 seconds
[2024-04-15T10:46:36.325+0000] {processor.py:161} INFO - Started process (PID=604) to work on /home/airflow/.local/lib/python3.8/site-packages/airflow/example_dags/example_setup_teardown.py
[2024-04-15T10:46:36.327+0000] {processor.py:830} INFO - Processing file /home/airflow/.local/lib/python3.8/site-packages/airflow/example_dags/example_setup_teardown.py for tasks to queue
[2024-04-15T10:46:36.329+0000] {logging_mixin.py:188} INFO - [2024-04-15T10:46:36.328+0000] {dagbag.py:540} INFO - Filling up the DagBag from /home/airflow/.local/lib/python3.8/site-packages/airflow/example_dags/example_setup_teardown.py
[2024-04-15T10:46:36.335+0000] {processor.py:840} INFO - DAG(s) 'example_setup_teardown' retrieved from /home/airflow/.local/lib/python3.8/site-packages/airflow/example_dags/example_setup_teardown.py
[2024-04-15T10:46:36.358+0000] {logging_mixin.py:188} INFO - [2024-04-15T10:46:36.358+0000] {dag.py:3047} INFO - Sync 1 DAGs
[2024-04-15T10:46:36.385+0000] {logging_mixin.py:188} INFO - [2024-04-15T10:46:36.385+0000] {dag.py:3834} INFO - Setting next_dagrun for example_setup_teardown to 2024-04-14 00:00:00+00:00, run_after=2024-04-15 00:00:00+00:00
[2024-04-15T10:46:36.408+0000] {processor.py:183} INFO - Processing /home/airflow/.local/lib/python3.8/site-packages/airflow/example_dags/example_setup_teardown.py took 0.086 seconds
[2024-04-15T10:47:06.798+0000] {processor.py:161} INFO - Started process (PID=659) to work on /home/airflow/.local/lib/python3.8/site-packages/airflow/example_dags/example_setup_teardown.py
[2024-04-15T10:47:06.800+0000] {processor.py:830} INFO - Processing file /home/airflow/.local/lib/python3.8/site-packages/airflow/example_dags/example_setup_teardown.py for tasks to queue
[2024-04-15T10:47:06.802+0000] {logging_mixin.py:188} INFO - [2024-04-15T10:47:06.802+0000] {dagbag.py:540} INFO - Filling up the DagBag from /home/airflow/.local/lib/python3.8/site-packages/airflow/example_dags/example_setup_teardown.py
[2024-04-15T10:47:06.810+0000] {processor.py:840} INFO - DAG(s) 'example_setup_teardown' retrieved from /home/airflow/.local/lib/python3.8/site-packages/airflow/example_dags/example_setup_teardown.py
[2024-04-15T10:47:06.833+0000] {logging_mixin.py:188} INFO - [2024-04-15T10:47:06.833+0000] {dag.py:3047} INFO - Sync 1 DAGs
[2024-04-15T10:47:06.856+0000] {logging_mixin.py:188} INFO - [2024-04-15T10:47:06.856+0000] {dag.py:3834} INFO - Setting next_dagrun for example_setup_teardown to 2024-04-14 00:00:00+00:00, run_after=2024-04-15 00:00:00+00:00
[2024-04-15T10:47:06.882+0000] {processor.py:183} INFO - Processing /home/airflow/.local/lib/python3.8/site-packages/airflow/example_dags/example_setup_teardown.py took 0.087 seconds
[2024-04-15T10:47:36.944+0000] {processor.py:161} INFO - Started process (PID=715) to work on /home/airflow/.local/lib/python3.8/site-packages/airflow/example_dags/example_setup_teardown.py
[2024-04-15T10:47:36.946+0000] {processor.py:830} INFO - Processing file /home/airflow/.local/lib/python3.8/site-packages/airflow/example_dags/example_setup_teardown.py for tasks to queue
[2024-04-15T10:47:36.948+0000] {logging_mixin.py:188} INFO - [2024-04-15T10:47:36.948+0000] {dagbag.py:540} INFO - Filling up the DagBag from /home/airflow/.local/lib/python3.8/site-packages/airflow/example_dags/example_setup_teardown.py
[2024-04-15T10:47:36.955+0000] {processor.py:840} INFO - DAG(s) 'example_setup_teardown' retrieved from /home/airflow/.local/lib/python3.8/site-packages/airflow/example_dags/example_setup_teardown.py
[2024-04-15T10:47:36.977+0000] {logging_mixin.py:188} INFO - [2024-04-15T10:47:36.977+0000] {dag.py:3047} INFO - Sync 1 DAGs
[2024-04-15T10:47:36.996+0000] {logging_mixin.py:188} INFO - [2024-04-15T10:47:36.996+0000] {dag.py:3834} INFO - Setting next_dagrun for example_setup_teardown to 2024-04-14 00:00:00+00:00, run_after=2024-04-15 00:00:00+00:00
[2024-04-15T10:47:37.018+0000] {processor.py:183} INFO - Processing /home/airflow/.local/lib/python3.8/site-packages/airflow/example_dags/example_setup_teardown.py took 0.077 seconds
[2024-04-15T10:48:07.165+0000] {processor.py:161} INFO - Started process (PID=770) to work on /home/airflow/.local/lib/python3.8/site-packages/airflow/example_dags/example_setup_teardown.py
[2024-04-15T10:48:07.167+0000] {processor.py:830} INFO - Processing file /home/airflow/.local/lib/python3.8/site-packages/airflow/example_dags/example_setup_teardown.py for tasks to queue
[2024-04-15T10:48:07.170+0000] {logging_mixin.py:188} INFO - [2024-04-15T10:48:07.169+0000] {dagbag.py:540} INFO - Filling up the DagBag from /home/airflow/.local/lib/python3.8/site-packages/airflow/example_dags/example_setup_teardown.py
[2024-04-15T10:48:07.177+0000] {processor.py:840} INFO - DAG(s) 'example_setup_teardown' retrieved from /home/airflow/.local/lib/python3.8/site-packages/airflow/example_dags/example_setup_teardown.py
[2024-04-15T10:48:07.199+0000] {logging_mixin.py:188} INFO - [2024-04-15T10:48:07.199+0000] {dag.py:3047} INFO - Sync 1 DAGs
[2024-04-15T10:48:07.222+0000] {logging_mixin.py:188} INFO - [2024-04-15T10:48:07.222+0000] {dag.py:3834} INFO - Setting next_dagrun for example_setup_teardown to 2024-04-14 00:00:00+00:00, run_after=2024-04-15 00:00:00+00:00
[2024-04-15T10:48:07.248+0000] {processor.py:183} INFO - Processing /home/airflow/.local/lib/python3.8/site-packages/airflow/example_dags/example_setup_teardown.py took 0.086 seconds
[2024-04-15T10:48:37.607+0000] {processor.py:161} INFO - Started process (PID=825) to work on /home/airflow/.local/lib/python3.8/site-packages/airflow/example_dags/example_setup_teardown.py
[2024-04-15T10:48:37.608+0000] {processor.py:830} INFO - Processing file /home/airflow/.local/lib/python3.8/site-packages/airflow/example_dags/example_setup_teardown.py for tasks to queue
[2024-04-15T10:48:37.610+0000] {logging_mixin.py:188} INFO - [2024-04-15T10:48:37.609+0000] {dagbag.py:540} INFO - Filling up the DagBag from /home/airflow/.local/lib/python3.8/site-packages/airflow/example_dags/example_setup_teardown.py
[2024-04-15T10:48:37.617+0000] {processor.py:840} INFO - DAG(s) 'example_setup_teardown' retrieved from /home/airflow/.local/lib/python3.8/site-packages/airflow/example_dags/example_setup_teardown.py
[2024-04-15T10:48:37.640+0000] {logging_mixin.py:188} INFO - [2024-04-15T10:48:37.640+0000] {dag.py:3047} INFO - Sync 1 DAGs
[2024-04-15T10:48:37.661+0000] {logging_mixin.py:188} INFO - [2024-04-15T10:48:37.660+0000] {dag.py:3834} INFO - Setting next_dagrun for example_setup_teardown to 2024-04-14 00:00:00+00:00, run_after=2024-04-15 00:00:00+00:00
[2024-04-15T10:48:37.684+0000] {processor.py:183} INFO - Processing /home/airflow/.local/lib/python3.8/site-packages/airflow/example_dags/example_setup_teardown.py took 0.081 seconds
[2024-04-15T10:49:58.135+0000] {processor.py:161} INFO - Started process (PID=881) to work on /home/airflow/.local/lib/python3.8/site-packages/airflow/example_dags/example_setup_teardown.py
[2024-04-15T10:49:58.137+0000] {processor.py:830} INFO - Processing file /home/airflow/.local/lib/python3.8/site-packages/airflow/example_dags/example_setup_teardown.py for tasks to queue
[2024-04-15T10:49:58.139+0000] {logging_mixin.py:188} INFO - [2024-04-15T10:49:58.139+0000] {dagbag.py:540} INFO - Filling up the DagBag from /home/airflow/.local/lib/python3.8/site-packages/airflow/example_dags/example_setup_teardown.py
[2024-04-15T10:49:58.148+0000] {processor.py:840} INFO - DAG(s) 'example_setup_teardown' retrieved from /home/airflow/.local/lib/python3.8/site-packages/airflow/example_dags/example_setup_teardown.py
[2024-04-15T10:49:58.171+0000] {logging_mixin.py:188} INFO - [2024-04-15T10:49:58.171+0000] {dag.py:3047} INFO - Sync 1 DAGs
[2024-04-15T10:49:58.192+0000] {logging_mixin.py:188} INFO - [2024-04-15T10:49:58.192+0000] {dag.py:3834} INFO - Setting next_dagrun for example_setup_teardown to 2024-04-14 00:00:00+00:00, run_after=2024-04-15 00:00:00+00:00
[2024-04-15T10:49:58.215+0000] {processor.py:183} INFO - Processing /home/airflow/.local/lib/python3.8/site-packages/airflow/example_dags/example_setup_teardown.py took 0.083 seconds
[2024-04-15T10:50:28.886+0000] {processor.py:161} INFO - Started process (PID=936) to work on /home/airflow/.local/lib/python3.8/site-packages/airflow/example_dags/example_setup_teardown.py
[2024-04-15T10:50:28.887+0000] {processor.py:830} INFO - Processing file /home/airflow/.local/lib/python3.8/site-packages/airflow/example_dags/example_setup_teardown.py for tasks to queue
[2024-04-15T10:50:28.890+0000] {logging_mixin.py:188} INFO - [2024-04-15T10:50:28.889+0000] {dagbag.py:540} INFO - Filling up the DagBag from /home/airflow/.local/lib/python3.8/site-packages/airflow/example_dags/example_setup_teardown.py
[2024-04-15T10:50:28.898+0000] {processor.py:840} INFO - DAG(s) 'example_setup_teardown' retrieved from /home/airflow/.local/lib/python3.8/site-packages/airflow/example_dags/example_setup_teardown.py
[2024-04-15T10:50:28.921+0000] {logging_mixin.py:188} INFO - [2024-04-15T10:50:28.921+0000] {dag.py:3047} INFO - Sync 1 DAGs
[2024-04-15T10:50:28.943+0000] {logging_mixin.py:188} INFO - [2024-04-15T10:50:28.943+0000] {dag.py:3834} INFO - Setting next_dagrun for example_setup_teardown to 2024-04-14 00:00:00+00:00, run_after=2024-04-15 00:00:00+00:00
[2024-04-15T10:50:28.966+0000] {processor.py:183} INFO - Processing /home/airflow/.local/lib/python3.8/site-packages/airflow/example_dags/example_setup_teardown.py took 0.084 seconds
[2024-04-15T10:50:59.316+0000] {processor.py:161} INFO - Started process (PID=991) to work on /home/airflow/.local/lib/python3.8/site-packages/airflow/example_dags/example_setup_teardown.py
[2024-04-15T10:50:59.318+0000] {processor.py:830} INFO - Processing file /home/airflow/.local/lib/python3.8/site-packages/airflow/example_dags/example_setup_teardown.py for tasks to queue
[2024-04-15T10:50:59.321+0000] {logging_mixin.py:188} INFO - [2024-04-15T10:50:59.320+0000] {dagbag.py:540} INFO - Filling up the DagBag from /home/airflow/.local/lib/python3.8/site-packages/airflow/example_dags/example_setup_teardown.py
[2024-04-15T10:50:59.328+0000] {processor.py:840} INFO - DAG(s) 'example_setup_teardown' retrieved from /home/airflow/.local/lib/python3.8/site-packages/airflow/example_dags/example_setup_teardown.py
[2024-04-15T10:50:59.351+0000] {logging_mixin.py:188} INFO - [2024-04-15T10:50:59.351+0000] {dag.py:3047} INFO - Sync 1 DAGs
[2024-04-15T10:50:59.377+0000] {logging_mixin.py:188} INFO - [2024-04-15T10:50:59.377+0000] {dag.py:3834} INFO - Setting next_dagrun for example_setup_teardown to 2024-04-14 00:00:00+00:00, run_after=2024-04-15 00:00:00+00:00
[2024-04-15T10:50:59.401+0000] {processor.py:183} INFO - Processing /home/airflow/.local/lib/python3.8/site-packages/airflow/example_dags/example_setup_teardown.py took 0.087 seconds
[2024-04-15T10:51:29.726+0000] {processor.py:161} INFO - Started process (PID=1046) to work on /home/airflow/.local/lib/python3.8/site-packages/airflow/example_dags/example_setup_teardown.py
[2024-04-15T10:51:29.727+0000] {processor.py:830} INFO - Processing file /home/airflow/.local/lib/python3.8/site-packages/airflow/example_dags/example_setup_teardown.py for tasks to queue
[2024-04-15T10:51:29.729+0000] {logging_mixin.py:188} INFO - [2024-04-15T10:51:29.729+0000] {dagbag.py:540} INFO - Filling up the DagBag from /home/airflow/.local/lib/python3.8/site-packages/airflow/example_dags/example_setup_teardown.py
[2024-04-15T10:51:29.736+0000] {processor.py:840} INFO - DAG(s) 'example_setup_teardown' retrieved from /home/airflow/.local/lib/python3.8/site-packages/airflow/example_dags/example_setup_teardown.py
[2024-04-15T10:51:29.759+0000] {logging_mixin.py:188} INFO - [2024-04-15T10:51:29.759+0000] {dag.py:3047} INFO - Sync 1 DAGs
[2024-04-15T10:51:29.779+0000] {logging_mixin.py:188} INFO - [2024-04-15T10:51:29.779+0000] {dag.py:3834} INFO - Setting next_dagrun for example_setup_teardown to 2024-04-14 00:00:00+00:00, run_after=2024-04-15 00:00:00+00:00
[2024-04-15T10:51:29.804+0000] {processor.py:183} INFO - Processing /home/airflow/.local/lib/python3.8/site-packages/airflow/example_dags/example_setup_teardown.py took 0.081 seconds
[2024-04-15T10:52:00.091+0000] {processor.py:161} INFO - Started process (PID=1101) to work on /home/airflow/.local/lib/python3.8/site-packages/airflow/example_dags/example_setup_teardown.py
[2024-04-15T10:52:00.093+0000] {processor.py:830} INFO - Processing file /home/airflow/.local/lib/python3.8/site-packages/airflow/example_dags/example_setup_teardown.py for tasks to queue
[2024-04-15T10:52:00.095+0000] {logging_mixin.py:188} INFO - [2024-04-15T10:52:00.095+0000] {dagbag.py:540} INFO - Filling up the DagBag from /home/airflow/.local/lib/python3.8/site-packages/airflow/example_dags/example_setup_teardown.py
[2024-04-15T10:52:00.102+0000] {processor.py:840} INFO - DAG(s) 'example_setup_teardown' retrieved from /home/airflow/.local/lib/python3.8/site-packages/airflow/example_dags/example_setup_teardown.py
[2024-04-15T10:52:00.123+0000] {logging_mixin.py:188} INFO - [2024-04-15T10:52:00.123+0000] {dag.py:3047} INFO - Sync 1 DAGs
[2024-04-15T10:52:00.144+0000] {logging_mixin.py:188} INFO - [2024-04-15T10:52:00.144+0000] {dag.py:3834} INFO - Setting next_dagrun for example_setup_teardown to 2024-04-14 00:00:00+00:00, run_after=2024-04-15 00:00:00+00:00
[2024-04-15T10:52:00.167+0000] {processor.py:183} INFO - Processing /home/airflow/.local/lib/python3.8/site-packages/airflow/example_dags/example_setup_teardown.py took 0.080 seconds
[2024-04-15T10:52:30.595+0000] {processor.py:161} INFO - Started process (PID=1156) to work on /home/airflow/.local/lib/python3.8/site-packages/airflow/example_dags/example_setup_teardown.py
[2024-04-15T10:52:30.597+0000] {processor.py:830} INFO - Processing file /home/airflow/.local/lib/python3.8/site-packages/airflow/example_dags/example_setup_teardown.py for tasks to queue
[2024-04-15T10:52:30.600+0000] {logging_mixin.py:188} INFO - [2024-04-15T10:52:30.599+0000] {dagbag.py:540} INFO - Filling up the DagBag from /home/airflow/.local/lib/python3.8/site-packages/airflow/example_dags/example_setup_teardown.py
[2024-04-15T10:52:30.607+0000] {processor.py:840} INFO - DAG(s) 'example_setup_teardown' retrieved from /home/airflow/.local/lib/python3.8/site-packages/airflow/example_dags/example_setup_teardown.py
[2024-04-15T10:52:30.628+0000] {logging_mixin.py:188} INFO - [2024-04-15T10:52:30.628+0000] {dag.py:3047} INFO - Sync 1 DAGs
[2024-04-15T10:52:30.649+0000] {logging_mixin.py:188} INFO - [2024-04-15T10:52:30.648+0000] {dag.py:3834} INFO - Setting next_dagrun for example_setup_teardown to 2024-04-14 00:00:00+00:00, run_after=2024-04-15 00:00:00+00:00
[2024-04-15T10:52:30.675+0000] {processor.py:183} INFO - Processing /home/airflow/.local/lib/python3.8/site-packages/airflow/example_dags/example_setup_teardown.py took 0.083 seconds
[2024-04-15T11:28:57.196+0000] {processor.py:161} INFO - Started process (PID=1225) to work on /home/airflow/.local/lib/python3.8/site-packages/airflow/example_dags/example_setup_teardown.py
[2024-04-15T11:28:57.198+0000] {processor.py:830} INFO - Processing file /home/airflow/.local/lib/python3.8/site-packages/airflow/example_dags/example_setup_teardown.py for tasks to queue
[2024-04-15T11:28:57.201+0000] {logging_mixin.py:188} INFO - [2024-04-15T11:28:57.200+0000] {dagbag.py:540} INFO - Filling up the DagBag from /home/airflow/.local/lib/python3.8/site-packages/airflow/example_dags/example_setup_teardown.py
[2024-04-15T11:28:57.215+0000] {processor.py:840} INFO - DAG(s) 'example_setup_teardown' retrieved from /home/airflow/.local/lib/python3.8/site-packages/airflow/example_dags/example_setup_teardown.py
[2024-04-15T11:28:57.278+0000] {logging_mixin.py:188} INFO - [2024-04-15T11:28:57.278+0000] {dag.py:3047} INFO - Sync 1 DAGs
[2024-04-15T11:28:57.331+0000] {logging_mixin.py:188} INFO - [2024-04-15T11:28:57.331+0000] {dag.py:3834} INFO - Setting next_dagrun for example_setup_teardown to 2024-04-14 00:00:00+00:00, run_after=2024-04-15 00:00:00+00:00
[2024-04-15T11:28:57.385+0000] {processor.py:183} INFO - Processing /home/airflow/.local/lib/python3.8/site-packages/airflow/example_dags/example_setup_teardown.py took 0.195 seconds
[2024-04-15T11:29:27.501+0000] {processor.py:161} INFO - Started process (PID=1280) to work on /home/airflow/.local/lib/python3.8/site-packages/airflow/example_dags/example_setup_teardown.py
[2024-04-15T11:29:27.502+0000] {processor.py:830} INFO - Processing file /home/airflow/.local/lib/python3.8/site-packages/airflow/example_dags/example_setup_teardown.py for tasks to queue
[2024-04-15T11:29:27.505+0000] {logging_mixin.py:188} INFO - [2024-04-15T11:29:27.504+0000] {dagbag.py:540} INFO - Filling up the DagBag from /home/airflow/.local/lib/python3.8/site-packages/airflow/example_dags/example_setup_teardown.py
[2024-04-15T11:29:27.513+0000] {processor.py:840} INFO - DAG(s) 'example_setup_teardown' retrieved from /home/airflow/.local/lib/python3.8/site-packages/airflow/example_dags/example_setup_teardown.py
[2024-04-15T11:29:27.539+0000] {logging_mixin.py:188} INFO - [2024-04-15T11:29:27.539+0000] {dag.py:3047} INFO - Sync 1 DAGs
[2024-04-15T11:29:27.562+0000] {logging_mixin.py:188} INFO - [2024-04-15T11:29:27.562+0000] {dag.py:3834} INFO - Setting next_dagrun for example_setup_teardown to 2024-04-14 00:00:00+00:00, run_after=2024-04-15 00:00:00+00:00
[2024-04-15T11:29:27.587+0000] {processor.py:183} INFO - Processing /home/airflow/.local/lib/python3.8/site-packages/airflow/example_dags/example_setup_teardown.py took 0.089 seconds
[2024-04-15T11:29:57.977+0000] {processor.py:161} INFO - Started process (PID=1335) to work on /home/airflow/.local/lib/python3.8/site-packages/airflow/example_dags/example_setup_teardown.py
[2024-04-15T11:29:57.978+0000] {processor.py:830} INFO - Processing file /home/airflow/.local/lib/python3.8/site-packages/airflow/example_dags/example_setup_teardown.py for tasks to queue
[2024-04-15T11:29:57.980+0000] {logging_mixin.py:188} INFO - [2024-04-15T11:29:57.980+0000] {dagbag.py:540} INFO - Filling up the DagBag from /home/airflow/.local/lib/python3.8/site-packages/airflow/example_dags/example_setup_teardown.py
[2024-04-15T11:29:57.987+0000] {processor.py:840} INFO - DAG(s) 'example_setup_teardown' retrieved from /home/airflow/.local/lib/python3.8/site-packages/airflow/example_dags/example_setup_teardown.py
[2024-04-15T11:29:58.010+0000] {logging_mixin.py:188} INFO - [2024-04-15T11:29:58.010+0000] {dag.py:3047} INFO - Sync 1 DAGs
[2024-04-15T11:29:58.039+0000] {logging_mixin.py:188} INFO - [2024-04-15T11:29:58.039+0000] {dag.py:3834} INFO - Setting next_dagrun for example_setup_teardown to 2024-04-14 00:00:00+00:00, run_after=2024-04-15 00:00:00+00:00
[2024-04-15T11:29:58.064+0000] {processor.py:183} INFO - Processing /home/airflow/.local/lib/python3.8/site-packages/airflow/example_dags/example_setup_teardown.py took 0.090 seconds
[2024-04-15T11:30:28.480+0000] {processor.py:161} INFO - Started process (PID=1390) to work on /home/airflow/.local/lib/python3.8/site-packages/airflow/example_dags/example_setup_teardown.py
[2024-04-15T11:30:28.482+0000] {processor.py:830} INFO - Processing file /home/airflow/.local/lib/python3.8/site-packages/airflow/example_dags/example_setup_teardown.py for tasks to queue
[2024-04-15T11:30:28.484+0000] {logging_mixin.py:188} INFO - [2024-04-15T11:30:28.484+0000] {dagbag.py:540} INFO - Filling up the DagBag from /home/airflow/.local/lib/python3.8/site-packages/airflow/example_dags/example_setup_teardown.py
[2024-04-15T11:30:28.492+0000] {processor.py:840} INFO - DAG(s) 'example_setup_teardown' retrieved from /home/airflow/.local/lib/python3.8/site-packages/airflow/example_dags/example_setup_teardown.py
[2024-04-15T11:30:28.515+0000] {logging_mixin.py:188} INFO - [2024-04-15T11:30:28.515+0000] {dag.py:3047} INFO - Sync 1 DAGs
[2024-04-15T11:30:28.537+0000] {logging_mixin.py:188} INFO - [2024-04-15T11:30:28.537+0000] {dag.py:3834} INFO - Setting next_dagrun for example_setup_teardown to 2024-04-14 00:00:00+00:00, run_after=2024-04-15 00:00:00+00:00
[2024-04-15T11:30:28.561+0000] {processor.py:183} INFO - Processing /home/airflow/.local/lib/python3.8/site-packages/airflow/example_dags/example_setup_teardown.py took 0.083 seconds
[2024-04-15T11:30:58.960+0000] {processor.py:161} INFO - Started process (PID=1445) to work on /home/airflow/.local/lib/python3.8/site-packages/airflow/example_dags/example_setup_teardown.py
[2024-04-15T11:30:58.961+0000] {processor.py:830} INFO - Processing file /home/airflow/.local/lib/python3.8/site-packages/airflow/example_dags/example_setup_teardown.py for tasks to queue
[2024-04-15T11:30:58.965+0000] {logging_mixin.py:188} INFO - [2024-04-15T11:30:58.964+0000] {dagbag.py:540} INFO - Filling up the DagBag from /home/airflow/.local/lib/python3.8/site-packages/airflow/example_dags/example_setup_teardown.py
[2024-04-15T11:30:58.973+0000] {processor.py:840} INFO - DAG(s) 'example_setup_teardown' retrieved from /home/airflow/.local/lib/python3.8/site-packages/airflow/example_dags/example_setup_teardown.py
[2024-04-15T11:30:58.998+0000] {logging_mixin.py:188} INFO - [2024-04-15T11:30:58.998+0000] {dag.py:3047} INFO - Sync 1 DAGs
[2024-04-15T11:30:59.021+0000] {logging_mixin.py:188} INFO - [2024-04-15T11:30:59.020+0000] {dag.py:3834} INFO - Setting next_dagrun for example_setup_teardown to 2024-04-14 00:00:00+00:00, run_after=2024-04-15 00:00:00+00:00
[2024-04-15T11:30:59.047+0000] {processor.py:183} INFO - Processing /home/airflow/.local/lib/python3.8/site-packages/airflow/example_dags/example_setup_teardown.py took 0.090 seconds
[2024-04-15T11:31:29.200+0000] {processor.py:161} INFO - Started process (PID=1500) to work on /home/airflow/.local/lib/python3.8/site-packages/airflow/example_dags/example_setup_teardown.py
[2024-04-15T11:31:29.201+0000] {processor.py:830} INFO - Processing file /home/airflow/.local/lib/python3.8/site-packages/airflow/example_dags/example_setup_teardown.py for tasks to queue
[2024-04-15T11:31:29.204+0000] {logging_mixin.py:188} INFO - [2024-04-15T11:31:29.203+0000] {dagbag.py:540} INFO - Filling up the DagBag from /home/airflow/.local/lib/python3.8/site-packages/airflow/example_dags/example_setup_teardown.py
[2024-04-15T11:31:29.212+0000] {processor.py:840} INFO - DAG(s) 'example_setup_teardown' retrieved from /home/airflow/.local/lib/python3.8/site-packages/airflow/example_dags/example_setup_teardown.py
[2024-04-15T11:31:29.243+0000] {logging_mixin.py:188} INFO - [2024-04-15T11:31:29.243+0000] {dag.py:3047} INFO - Sync 1 DAGs
[2024-04-15T11:31:29.275+0000] {logging_mixin.py:188} INFO - [2024-04-15T11:31:29.274+0000] {dag.py:3834} INFO - Setting next_dagrun for example_setup_teardown to 2024-04-14 00:00:00+00:00, run_after=2024-04-15 00:00:00+00:00
[2024-04-15T11:31:29.300+0000] {processor.py:183} INFO - Processing /home/airflow/.local/lib/python3.8/site-packages/airflow/example_dags/example_setup_teardown.py took 0.104 seconds
[2024-04-15T11:31:59.964+0000] {processor.py:161} INFO - Started process (PID=1555) to work on /home/airflow/.local/lib/python3.8/site-packages/airflow/example_dags/example_setup_teardown.py
[2024-04-15T11:31:59.968+0000] {processor.py:830} INFO - Processing file /home/airflow/.local/lib/python3.8/site-packages/airflow/example_dags/example_setup_teardown.py for tasks to queue
[2024-04-15T11:31:59.979+0000] {logging_mixin.py:188} INFO - [2024-04-15T11:31:59.974+0000] {dagbag.py:540} INFO - Filling up the DagBag from /home/airflow/.local/lib/python3.8/site-packages/airflow/example_dags/example_setup_teardown.py
[2024-04-15T11:32:00.005+0000] {processor.py:840} INFO - DAG(s) 'example_setup_teardown' retrieved from /home/airflow/.local/lib/python3.8/site-packages/airflow/example_dags/example_setup_teardown.py
[2024-04-15T11:32:00.031+0000] {logging_mixin.py:188} INFO - [2024-04-15T11:32:00.030+0000] {dag.py:3047} INFO - Sync 1 DAGs
[2024-04-15T11:32:00.061+0000] {logging_mixin.py:188} INFO - [2024-04-15T11:32:00.061+0000] {dag.py:3834} INFO - Setting next_dagrun for example_setup_teardown to 2024-04-14 00:00:00+00:00, run_after=2024-04-15 00:00:00+00:00
[2024-04-15T11:32:00.871+0000] {processor.py:183} INFO - Processing /home/airflow/.local/lib/python3.8/site-packages/airflow/example_dags/example_setup_teardown.py took 0.915 seconds
[2024-04-15T12:11:21.791+0000] {processor.py:161} INFO - Started process (PID=1599) to work on /home/airflow/.local/lib/python3.8/site-packages/airflow/example_dags/example_setup_teardown.py
[2024-04-15T12:11:21.793+0000] {processor.py:830} INFO - Processing file /home/airflow/.local/lib/python3.8/site-packages/airflow/example_dags/example_setup_teardown.py for tasks to queue
[2024-04-15T12:11:21.794+0000] {logging_mixin.py:188} INFO - [2024-04-15T12:11:21.794+0000] {dagbag.py:540} INFO - Filling up the DagBag from /home/airflow/.local/lib/python3.8/site-packages/airflow/example_dags/example_setup_teardown.py
[2024-04-15T12:11:21.805+0000] {processor.py:840} INFO - DAG(s) 'example_setup_teardown' retrieved from /home/airflow/.local/lib/python3.8/site-packages/airflow/example_dags/example_setup_teardown.py
[2024-04-15T12:11:21.837+0000] {logging_mixin.py:188} INFO - [2024-04-15T12:11:21.836+0000] {dag.py:3047} INFO - Sync 1 DAGs
[2024-04-15T12:11:21.873+0000] {logging_mixin.py:188} INFO - [2024-04-15T12:11:21.872+0000] {dag.py:3834} INFO - Setting next_dagrun for example_setup_teardown to 2024-04-14 00:00:00+00:00, run_after=2024-04-15 00:00:00+00:00
[2024-04-15T12:11:21.902+0000] {processor.py:183} INFO - Processing /home/airflow/.local/lib/python3.8/site-packages/airflow/example_dags/example_setup_teardown.py took 0.115 seconds
[2024-04-15T12:11:52.502+0000] {processor.py:161} INFO - Started process (PID=1654) to work on /home/airflow/.local/lib/python3.8/site-packages/airflow/example_dags/example_setup_teardown.py
[2024-04-15T12:11:52.503+0000] {processor.py:830} INFO - Processing file /home/airflow/.local/lib/python3.8/site-packages/airflow/example_dags/example_setup_teardown.py for tasks to queue
[2024-04-15T12:11:52.505+0000] {logging_mixin.py:188} INFO - [2024-04-15T12:11:52.504+0000] {dagbag.py:540} INFO - Filling up the DagBag from /home/airflow/.local/lib/python3.8/site-packages/airflow/example_dags/example_setup_teardown.py
[2024-04-15T12:11:52.512+0000] {processor.py:840} INFO - DAG(s) 'example_setup_teardown' retrieved from /home/airflow/.local/lib/python3.8/site-packages/airflow/example_dags/example_setup_teardown.py
[2024-04-15T12:11:52.534+0000] {logging_mixin.py:188} INFO - [2024-04-15T12:11:52.533+0000] {dag.py:3047} INFO - Sync 1 DAGs
[2024-04-15T12:11:52.555+0000] {logging_mixin.py:188} INFO - [2024-04-15T12:11:52.554+0000] {dag.py:3834} INFO - Setting next_dagrun for example_setup_teardown to 2024-04-14 00:00:00+00:00, run_after=2024-04-15 00:00:00+00:00
[2024-04-15T12:11:52.574+0000] {processor.py:183} INFO - Processing /home/airflow/.local/lib/python3.8/site-packages/airflow/example_dags/example_setup_teardown.py took 0.076 seconds
[2024-04-15T12:12:24.045+0000] {processor.py:161} INFO - Started process (PID=1709) to work on /home/airflow/.local/lib/python3.8/site-packages/airflow/example_dags/example_setup_teardown.py
[2024-04-15T12:12:24.048+0000] {processor.py:830} INFO - Processing file /home/airflow/.local/lib/python3.8/site-packages/airflow/example_dags/example_setup_teardown.py for tasks to queue
[2024-04-15T12:12:24.052+0000] {logging_mixin.py:188} INFO - [2024-04-15T12:12:24.051+0000] {dagbag.py:540} INFO - Filling up the DagBag from /home/airflow/.local/lib/python3.8/site-packages/airflow/example_dags/example_setup_teardown.py
[2024-04-15T12:12:24.070+0000] {processor.py:840} INFO - DAG(s) 'example_setup_teardown' retrieved from /home/airflow/.local/lib/python3.8/site-packages/airflow/example_dags/example_setup_teardown.py
[2024-04-15T12:12:24.102+0000] {logging_mixin.py:188} INFO - [2024-04-15T12:12:24.101+0000] {dag.py:3047} INFO - Sync 1 DAGs
[2024-04-15T12:12:24.147+0000] {logging_mixin.py:188} INFO - [2024-04-15T12:12:24.147+0000] {dag.py:3834} INFO - Setting next_dagrun for example_setup_teardown to 2024-04-14 00:00:00+00:00, run_after=2024-04-15 00:00:00+00:00
[2024-04-15T12:12:24.226+0000] {processor.py:183} INFO - Processing /home/airflow/.local/lib/python3.8/site-packages/airflow/example_dags/example_setup_teardown.py took 0.185 seconds
[2024-04-15T12:12:54.358+0000] {processor.py:161} INFO - Started process (PID=1764) to work on /home/airflow/.local/lib/python3.8/site-packages/airflow/example_dags/example_setup_teardown.py
[2024-04-15T12:12:54.359+0000] {processor.py:830} INFO - Processing file /home/airflow/.local/lib/python3.8/site-packages/airflow/example_dags/example_setup_teardown.py for tasks to queue
[2024-04-15T12:12:54.361+0000] {logging_mixin.py:188} INFO - [2024-04-15T12:12:54.361+0000] {dagbag.py:540} INFO - Filling up the DagBag from /home/airflow/.local/lib/python3.8/site-packages/airflow/example_dags/example_setup_teardown.py
[2024-04-15T12:12:54.370+0000] {processor.py:840} INFO - DAG(s) 'example_setup_teardown' retrieved from /home/airflow/.local/lib/python3.8/site-packages/airflow/example_dags/example_setup_teardown.py
[2024-04-15T12:12:54.392+0000] {logging_mixin.py:188} INFO - [2024-04-15T12:12:54.392+0000] {dag.py:3047} INFO - Sync 1 DAGs
[2024-04-15T12:12:54.414+0000] {logging_mixin.py:188} INFO - [2024-04-15T12:12:54.414+0000] {dag.py:3834} INFO - Setting next_dagrun for example_setup_teardown to 2024-04-14 00:00:00+00:00, run_after=2024-04-15 00:00:00+00:00
[2024-04-15T12:12:54.436+0000] {processor.py:183} INFO - Processing /home/airflow/.local/lib/python3.8/site-packages/airflow/example_dags/example_setup_teardown.py took 0.081 seconds
[2024-04-15T12:13:24.726+0000] {processor.py:161} INFO - Started process (PID=1819) to work on /home/airflow/.local/lib/python3.8/site-packages/airflow/example_dags/example_setup_teardown.py
[2024-04-15T12:13:24.728+0000] {processor.py:830} INFO - Processing file /home/airflow/.local/lib/python3.8/site-packages/airflow/example_dags/example_setup_teardown.py for tasks to queue
[2024-04-15T12:13:24.729+0000] {logging_mixin.py:188} INFO - [2024-04-15T12:13:24.729+0000] {dagbag.py:540} INFO - Filling up the DagBag from /home/airflow/.local/lib/python3.8/site-packages/airflow/example_dags/example_setup_teardown.py
[2024-04-15T12:13:24.737+0000] {processor.py:840} INFO - DAG(s) 'example_setup_teardown' retrieved from /home/airflow/.local/lib/python3.8/site-packages/airflow/example_dags/example_setup_teardown.py
[2024-04-15T12:13:24.761+0000] {logging_mixin.py:188} INFO - [2024-04-15T12:13:24.760+0000] {dag.py:3047} INFO - Sync 1 DAGs
[2024-04-15T12:13:24.785+0000] {logging_mixin.py:188} INFO - [2024-04-15T12:13:24.785+0000] {dag.py:3834} INFO - Setting next_dagrun for example_setup_teardown to 2024-04-14 00:00:00+00:00, run_after=2024-04-15 00:00:00+00:00
[2024-04-15T12:13:24.809+0000] {processor.py:183} INFO - Processing /home/airflow/.local/lib/python3.8/site-packages/airflow/example_dags/example_setup_teardown.py took 0.086 seconds
[2024-04-15T12:13:55.365+0000] {processor.py:161} INFO - Started process (PID=1874) to work on /home/airflow/.local/lib/python3.8/site-packages/airflow/example_dags/example_setup_teardown.py
[2024-04-15T12:13:55.367+0000] {processor.py:830} INFO - Processing file /home/airflow/.local/lib/python3.8/site-packages/airflow/example_dags/example_setup_teardown.py for tasks to queue
[2024-04-15T12:13:55.369+0000] {logging_mixin.py:188} INFO - [2024-04-15T12:13:55.368+0000] {dagbag.py:540} INFO - Filling up the DagBag from /home/airflow/.local/lib/python3.8/site-packages/airflow/example_dags/example_setup_teardown.py
[2024-04-15T12:13:55.377+0000] {processor.py:840} INFO - DAG(s) 'example_setup_teardown' retrieved from /home/airflow/.local/lib/python3.8/site-packages/airflow/example_dags/example_setup_teardown.py
[2024-04-15T12:13:55.403+0000] {logging_mixin.py:188} INFO - [2024-04-15T12:13:55.402+0000] {dag.py:3047} INFO - Sync 1 DAGs
[2024-04-15T12:13:55.427+0000] {logging_mixin.py:188} INFO - [2024-04-15T12:13:55.426+0000] {dag.py:3834} INFO - Setting next_dagrun for example_setup_teardown to 2024-04-14 00:00:00+00:00, run_after=2024-04-15 00:00:00+00:00
[2024-04-15T12:13:55.456+0000] {processor.py:183} INFO - Processing /home/airflow/.local/lib/python3.8/site-packages/airflow/example_dags/example_setup_teardown.py took 0.094 seconds
[2024-04-15T12:14:25.652+0000] {processor.py:161} INFO - Started process (PID=1929) to work on /home/airflow/.local/lib/python3.8/site-packages/airflow/example_dags/example_setup_teardown.py
[2024-04-15T12:14:25.654+0000] {processor.py:830} INFO - Processing file /home/airflow/.local/lib/python3.8/site-packages/airflow/example_dags/example_setup_teardown.py for tasks to queue
[2024-04-15T12:14:25.655+0000] {logging_mixin.py:188} INFO - [2024-04-15T12:14:25.655+0000] {dagbag.py:540} INFO - Filling up the DagBag from /home/airflow/.local/lib/python3.8/site-packages/airflow/example_dags/example_setup_teardown.py
[2024-04-15T12:14:25.663+0000] {processor.py:840} INFO - DAG(s) 'example_setup_teardown' retrieved from /home/airflow/.local/lib/python3.8/site-packages/airflow/example_dags/example_setup_teardown.py
[2024-04-15T12:14:25.686+0000] {logging_mixin.py:188} INFO - [2024-04-15T12:14:25.686+0000] {dag.py:3047} INFO - Sync 1 DAGs
[2024-04-15T12:14:25.710+0000] {logging_mixin.py:188} INFO - [2024-04-15T12:14:25.710+0000] {dag.py:3834} INFO - Setting next_dagrun for example_setup_teardown to 2024-04-14 00:00:00+00:00, run_after=2024-04-15 00:00:00+00:00
[2024-04-15T12:14:25.734+0000] {processor.py:183} INFO - Processing /home/airflow/.local/lib/python3.8/site-packages/airflow/example_dags/example_setup_teardown.py took 0.084 seconds
[2024-04-15T12:14:56.113+0000] {processor.py:161} INFO - Started process (PID=1984) to work on /home/airflow/.local/lib/python3.8/site-packages/airflow/example_dags/example_setup_teardown.py
[2024-04-15T12:14:56.115+0000] {processor.py:830} INFO - Processing file /home/airflow/.local/lib/python3.8/site-packages/airflow/example_dags/example_setup_teardown.py for tasks to queue
[2024-04-15T12:14:56.116+0000] {logging_mixin.py:188} INFO - [2024-04-15T12:14:56.116+0000] {dagbag.py:540} INFO - Filling up the DagBag from /home/airflow/.local/lib/python3.8/site-packages/airflow/example_dags/example_setup_teardown.py
[2024-04-15T12:14:56.125+0000] {processor.py:840} INFO - DAG(s) 'example_setup_teardown' retrieved from /home/airflow/.local/lib/python3.8/site-packages/airflow/example_dags/example_setup_teardown.py
[2024-04-15T12:14:56.153+0000] {logging_mixin.py:188} INFO - [2024-04-15T12:14:56.152+0000] {dag.py:3047} INFO - Sync 1 DAGs
[2024-04-15T12:14:56.180+0000] {logging_mixin.py:188} INFO - [2024-04-15T12:14:56.180+0000] {dag.py:3834} INFO - Setting next_dagrun for example_setup_teardown to 2024-04-14 00:00:00+00:00, run_after=2024-04-15 00:00:00+00:00
[2024-04-15T12:14:56.206+0000] {processor.py:183} INFO - Processing /home/airflow/.local/lib/python3.8/site-packages/airflow/example_dags/example_setup_teardown.py took 0.097 seconds
[2024-04-15T12:15:26.319+0000] {processor.py:161} INFO - Started process (PID=2039) to work on /home/airflow/.local/lib/python3.8/site-packages/airflow/example_dags/example_setup_teardown.py
[2024-04-15T12:15:26.321+0000] {processor.py:830} INFO - Processing file /home/airflow/.local/lib/python3.8/site-packages/airflow/example_dags/example_setup_teardown.py for tasks to queue
[2024-04-15T12:15:26.322+0000] {logging_mixin.py:188} INFO - [2024-04-15T12:15:26.321+0000] {dagbag.py:540} INFO - Filling up the DagBag from /home/airflow/.local/lib/python3.8/site-packages/airflow/example_dags/example_setup_teardown.py
[2024-04-15T12:15:26.329+0000] {processor.py:840} INFO - DAG(s) 'example_setup_teardown' retrieved from /home/airflow/.local/lib/python3.8/site-packages/airflow/example_dags/example_setup_teardown.py
[2024-04-15T12:15:26.350+0000] {logging_mixin.py:188} INFO - [2024-04-15T12:15:26.350+0000] {dag.py:3047} INFO - Sync 1 DAGs
[2024-04-15T12:15:26.373+0000] {logging_mixin.py:188} INFO - [2024-04-15T12:15:26.373+0000] {dag.py:3834} INFO - Setting next_dagrun for example_setup_teardown to 2024-04-14 00:00:00+00:00, run_after=2024-04-15 00:00:00+00:00
[2024-04-15T12:15:26.397+0000] {processor.py:183} INFO - Processing /home/airflow/.local/lib/python3.8/site-packages/airflow/example_dags/example_setup_teardown.py took 0.081 seconds
[2024-04-15T12:15:56.794+0000] {processor.py:161} INFO - Started process (PID=2094) to work on /home/airflow/.local/lib/python3.8/site-packages/airflow/example_dags/example_setup_teardown.py
[2024-04-15T12:15:56.796+0000] {processor.py:830} INFO - Processing file /home/airflow/.local/lib/python3.8/site-packages/airflow/example_dags/example_setup_teardown.py for tasks to queue
[2024-04-15T12:15:56.797+0000] {logging_mixin.py:188} INFO - [2024-04-15T12:15:56.797+0000] {dagbag.py:540} INFO - Filling up the DagBag from /home/airflow/.local/lib/python3.8/site-packages/airflow/example_dags/example_setup_teardown.py
[2024-04-15T12:15:56.804+0000] {processor.py:840} INFO - DAG(s) 'example_setup_teardown' retrieved from /home/airflow/.local/lib/python3.8/site-packages/airflow/example_dags/example_setup_teardown.py
[2024-04-15T12:15:56.834+0000] {logging_mixin.py:188} INFO - [2024-04-15T12:15:56.833+0000] {dag.py:3047} INFO - Sync 1 DAGs
[2024-04-15T12:15:56.859+0000] {logging_mixin.py:188} INFO - [2024-04-15T12:15:56.858+0000] {dag.py:3834} INFO - Setting next_dagrun for example_setup_teardown to 2024-04-14 00:00:00+00:00, run_after=2024-04-15 00:00:00+00:00
[2024-04-15T12:15:56.883+0000] {processor.py:183} INFO - Processing /home/airflow/.local/lib/python3.8/site-packages/airflow/example_dags/example_setup_teardown.py took 0.093 seconds
[2024-04-15T12:16:27.079+0000] {processor.py:161} INFO - Started process (PID=2149) to work on /home/airflow/.local/lib/python3.8/site-packages/airflow/example_dags/example_setup_teardown.py
[2024-04-15T12:16:27.081+0000] {processor.py:830} INFO - Processing file /home/airflow/.local/lib/python3.8/site-packages/airflow/example_dags/example_setup_teardown.py for tasks to queue
[2024-04-15T12:16:27.082+0000] {logging_mixin.py:188} INFO - [2024-04-15T12:16:27.082+0000] {dagbag.py:540} INFO - Filling up the DagBag from /home/airflow/.local/lib/python3.8/site-packages/airflow/example_dags/example_setup_teardown.py
[2024-04-15T12:16:27.089+0000] {processor.py:840} INFO - DAG(s) 'example_setup_teardown' retrieved from /home/airflow/.local/lib/python3.8/site-packages/airflow/example_dags/example_setup_teardown.py
[2024-04-15T12:16:27.110+0000] {logging_mixin.py:188} INFO - [2024-04-15T12:16:27.109+0000] {dag.py:3047} INFO - Sync 1 DAGs
[2024-04-15T12:16:27.132+0000] {logging_mixin.py:188} INFO - [2024-04-15T12:16:27.131+0000] {dag.py:3834} INFO - Setting next_dagrun for example_setup_teardown to 2024-04-14 00:00:00+00:00, run_after=2024-04-15 00:00:00+00:00
[2024-04-15T12:16:27.154+0000] {processor.py:183} INFO - Processing /home/airflow/.local/lib/python3.8/site-packages/airflow/example_dags/example_setup_teardown.py took 0.078 seconds
[2024-04-15T12:16:57.360+0000] {processor.py:161} INFO - Started process (PID=2204) to work on /home/airflow/.local/lib/python3.8/site-packages/airflow/example_dags/example_setup_teardown.py
[2024-04-15T12:16:57.362+0000] {processor.py:830} INFO - Processing file /home/airflow/.local/lib/python3.8/site-packages/airflow/example_dags/example_setup_teardown.py for tasks to queue
[2024-04-15T12:16:57.363+0000] {logging_mixin.py:188} INFO - [2024-04-15T12:16:57.363+0000] {dagbag.py:540} INFO - Filling up the DagBag from /home/airflow/.local/lib/python3.8/site-packages/airflow/example_dags/example_setup_teardown.py
[2024-04-15T12:16:57.370+0000] {processor.py:840} INFO - DAG(s) 'example_setup_teardown' retrieved from /home/airflow/.local/lib/python3.8/site-packages/airflow/example_dags/example_setup_teardown.py
[2024-04-15T12:16:57.394+0000] {logging_mixin.py:188} INFO - [2024-04-15T12:16:57.394+0000] {dag.py:3047} INFO - Sync 1 DAGs
[2024-04-15T12:16:57.420+0000] {logging_mixin.py:188} INFO - [2024-04-15T12:16:57.420+0000] {dag.py:3834} INFO - Setting next_dagrun for example_setup_teardown to 2024-04-14 00:00:00+00:00, run_after=2024-04-15 00:00:00+00:00
[2024-04-15T12:16:57.440+0000] {processor.py:183} INFO - Processing /home/airflow/.local/lib/python3.8/site-packages/airflow/example_dags/example_setup_teardown.py took 0.083 seconds
[2024-04-15T12:17:27.560+0000] {processor.py:161} INFO - Started process (PID=2258) to work on /home/airflow/.local/lib/python3.8/site-packages/airflow/example_dags/example_setup_teardown.py
[2024-04-15T12:17:27.561+0000] {processor.py:830} INFO - Processing file /home/airflow/.local/lib/python3.8/site-packages/airflow/example_dags/example_setup_teardown.py for tasks to queue
[2024-04-15T12:17:27.562+0000] {logging_mixin.py:188} INFO - [2024-04-15T12:17:27.562+0000] {dagbag.py:540} INFO - Filling up the DagBag from /home/airflow/.local/lib/python3.8/site-packages/airflow/example_dags/example_setup_teardown.py
[2024-04-15T12:17:27.569+0000] {processor.py:840} INFO - DAG(s) 'example_setup_teardown' retrieved from /home/airflow/.local/lib/python3.8/site-packages/airflow/example_dags/example_setup_teardown.py
[2024-04-15T12:17:27.590+0000] {logging_mixin.py:188} INFO - [2024-04-15T12:17:27.590+0000] {dag.py:3047} INFO - Sync 1 DAGs
[2024-04-15T12:17:27.611+0000] {logging_mixin.py:188} INFO - [2024-04-15T12:17:27.610+0000] {dag.py:3834} INFO - Setting next_dagrun for example_setup_teardown to 2024-04-14 00:00:00+00:00, run_after=2024-04-15 00:00:00+00:00
[2024-04-15T12:17:27.635+0000] {processor.py:183} INFO - Processing /home/airflow/.local/lib/python3.8/site-packages/airflow/example_dags/example_setup_teardown.py took 0.079 seconds
[2024-04-15T12:17:57.913+0000] {processor.py:161} INFO - Started process (PID=2312) to work on /home/airflow/.local/lib/python3.8/site-packages/airflow/example_dags/example_setup_teardown.py
[2024-04-15T12:17:57.914+0000] {processor.py:830} INFO - Processing file /home/airflow/.local/lib/python3.8/site-packages/airflow/example_dags/example_setup_teardown.py for tasks to queue
[2024-04-15T12:17:57.916+0000] {logging_mixin.py:188} INFO - [2024-04-15T12:17:57.915+0000] {dagbag.py:540} INFO - Filling up the DagBag from /home/airflow/.local/lib/python3.8/site-packages/airflow/example_dags/example_setup_teardown.py
[2024-04-15T12:17:57.923+0000] {processor.py:840} INFO - DAG(s) 'example_setup_teardown' retrieved from /home/airflow/.local/lib/python3.8/site-packages/airflow/example_dags/example_setup_teardown.py
[2024-04-15T12:17:57.946+0000] {logging_mixin.py:188} INFO - [2024-04-15T12:17:57.946+0000] {dag.py:3047} INFO - Sync 1 DAGs
[2024-04-15T12:17:57.966+0000] {logging_mixin.py:188} INFO - [2024-04-15T12:17:57.966+0000] {dag.py:3834} INFO - Setting next_dagrun for example_setup_teardown to 2024-04-14 00:00:00+00:00, run_after=2024-04-15 00:00:00+00:00
[2024-04-15T12:17:57.989+0000] {processor.py:183} INFO - Processing /home/airflow/.local/lib/python3.8/site-packages/airflow/example_dags/example_setup_teardown.py took 0.080 seconds
[2024-04-15T12:18:28.531+0000] {processor.py:161} INFO - Started process (PID=2368) to work on /home/airflow/.local/lib/python3.8/site-packages/airflow/example_dags/example_setup_teardown.py
[2024-04-15T12:18:28.533+0000] {processor.py:830} INFO - Processing file /home/airflow/.local/lib/python3.8/site-packages/airflow/example_dags/example_setup_teardown.py for tasks to queue
[2024-04-15T12:18:28.534+0000] {logging_mixin.py:188} INFO - [2024-04-15T12:18:28.534+0000] {dagbag.py:540} INFO - Filling up the DagBag from /home/airflow/.local/lib/python3.8/site-packages/airflow/example_dags/example_setup_teardown.py
[2024-04-15T12:18:28.542+0000] {processor.py:840} INFO - DAG(s) 'example_setup_teardown' retrieved from /home/airflow/.local/lib/python3.8/site-packages/airflow/example_dags/example_setup_teardown.py
[2024-04-15T12:18:28.567+0000] {logging_mixin.py:188} INFO - [2024-04-15T12:18:28.566+0000] {dag.py:3047} INFO - Sync 1 DAGs
[2024-04-15T12:18:28.588+0000] {logging_mixin.py:188} INFO - [2024-04-15T12:18:28.588+0000] {dag.py:3834} INFO - Setting next_dagrun for example_setup_teardown to 2024-04-14 00:00:00+00:00, run_after=2024-04-15 00:00:00+00:00
[2024-04-15T12:18:28.612+0000] {processor.py:183} INFO - Processing /home/airflow/.local/lib/python3.8/site-packages/airflow/example_dags/example_setup_teardown.py took 0.084 seconds
[2024-04-15T12:18:58.833+0000] {processor.py:161} INFO - Started process (PID=2423) to work on /home/airflow/.local/lib/python3.8/site-packages/airflow/example_dags/example_setup_teardown.py
[2024-04-15T12:18:58.834+0000] {processor.py:830} INFO - Processing file /home/airflow/.local/lib/python3.8/site-packages/airflow/example_dags/example_setup_teardown.py for tasks to queue
[2024-04-15T12:18:58.836+0000] {logging_mixin.py:188} INFO - [2024-04-15T12:18:58.835+0000] {dagbag.py:540} INFO - Filling up the DagBag from /home/airflow/.local/lib/python3.8/site-packages/airflow/example_dags/example_setup_teardown.py
[2024-04-15T12:18:58.843+0000] {processor.py:840} INFO - DAG(s) 'example_setup_teardown' retrieved from /home/airflow/.local/lib/python3.8/site-packages/airflow/example_dags/example_setup_teardown.py
[2024-04-15T12:18:58.865+0000] {logging_mixin.py:188} INFO - [2024-04-15T12:18:58.865+0000] {dag.py:3047} INFO - Sync 1 DAGs
[2024-04-15T12:18:58.885+0000] {logging_mixin.py:188} INFO - [2024-04-15T12:18:58.885+0000] {dag.py:3834} INFO - Setting next_dagrun for example_setup_teardown to 2024-04-14 00:00:00+00:00, run_after=2024-04-15 00:00:00+00:00
[2024-04-15T12:18:58.907+0000] {processor.py:183} INFO - Processing /home/airflow/.local/lib/python3.8/site-packages/airflow/example_dags/example_setup_teardown.py took 0.079 seconds
[2024-04-15T12:19:29.080+0000] {processor.py:161} INFO - Started process (PID=2478) to work on /home/airflow/.local/lib/python3.8/site-packages/airflow/example_dags/example_setup_teardown.py
[2024-04-15T12:19:29.081+0000] {processor.py:830} INFO - Processing file /home/airflow/.local/lib/python3.8/site-packages/airflow/example_dags/example_setup_teardown.py for tasks to queue
[2024-04-15T12:19:29.083+0000] {logging_mixin.py:188} INFO - [2024-04-15T12:19:29.082+0000] {dagbag.py:540} INFO - Filling up the DagBag from /home/airflow/.local/lib/python3.8/site-packages/airflow/example_dags/example_setup_teardown.py
[2024-04-15T12:19:29.090+0000] {processor.py:840} INFO - DAG(s) 'example_setup_teardown' retrieved from /home/airflow/.local/lib/python3.8/site-packages/airflow/example_dags/example_setup_teardown.py
[2024-04-15T12:19:29.112+0000] {logging_mixin.py:188} INFO - [2024-04-15T12:19:29.111+0000] {dag.py:3047} INFO - Sync 1 DAGs
[2024-04-15T12:19:29.132+0000] {logging_mixin.py:188} INFO - [2024-04-15T12:19:29.132+0000] {dag.py:3834} INFO - Setting next_dagrun for example_setup_teardown to 2024-04-14 00:00:00+00:00, run_after=2024-04-15 00:00:00+00:00
[2024-04-15T12:19:29.155+0000] {processor.py:183} INFO - Processing /home/airflow/.local/lib/python3.8/site-packages/airflow/example_dags/example_setup_teardown.py took 0.078 seconds
[2024-04-15T12:19:59.500+0000] {processor.py:161} INFO - Started process (PID=2533) to work on /home/airflow/.local/lib/python3.8/site-packages/airflow/example_dags/example_setup_teardown.py
[2024-04-15T12:19:59.501+0000] {processor.py:830} INFO - Processing file /home/airflow/.local/lib/python3.8/site-packages/airflow/example_dags/example_setup_teardown.py for tasks to queue
[2024-04-15T12:19:59.503+0000] {logging_mixin.py:188} INFO - [2024-04-15T12:19:59.503+0000] {dagbag.py:540} INFO - Filling up the DagBag from /home/airflow/.local/lib/python3.8/site-packages/airflow/example_dags/example_setup_teardown.py
[2024-04-15T12:19:59.514+0000] {processor.py:840} INFO - DAG(s) 'example_setup_teardown' retrieved from /home/airflow/.local/lib/python3.8/site-packages/airflow/example_dags/example_setup_teardown.py
[2024-04-15T12:19:59.536+0000] {logging_mixin.py:188} INFO - [2024-04-15T12:19:59.536+0000] {dag.py:3047} INFO - Sync 1 DAGs
[2024-04-15T12:19:59.559+0000] {logging_mixin.py:188} INFO - [2024-04-15T12:19:59.559+0000] {dag.py:3834} INFO - Setting next_dagrun for example_setup_teardown to 2024-04-14 00:00:00+00:00, run_after=2024-04-15 00:00:00+00:00
[2024-04-15T12:19:59.588+0000] {processor.py:183} INFO - Processing /home/airflow/.local/lib/python3.8/site-packages/airflow/example_dags/example_setup_teardown.py took 0.091 seconds
[2024-04-15T12:26:47.593+0000] {processor.py:161} INFO - Started process (PID=2586) to work on /home/airflow/.local/lib/python3.8/site-packages/airflow/example_dags/example_setup_teardown.py
[2024-04-15T12:26:47.595+0000] {processor.py:830} INFO - Processing file /home/airflow/.local/lib/python3.8/site-packages/airflow/example_dags/example_setup_teardown.py for tasks to queue
[2024-04-15T12:26:47.596+0000] {logging_mixin.py:188} INFO - [2024-04-15T12:26:47.596+0000] {dagbag.py:540} INFO - Filling up the DagBag from /home/airflow/.local/lib/python3.8/site-packages/airflow/example_dags/example_setup_teardown.py
[2024-04-15T12:26:47.605+0000] {processor.py:840} INFO - DAG(s) 'example_setup_teardown' retrieved from /home/airflow/.local/lib/python3.8/site-packages/airflow/example_dags/example_setup_teardown.py
[2024-04-15T12:26:47.635+0000] {logging_mixin.py:188} INFO - [2024-04-15T12:26:47.634+0000] {dag.py:3047} INFO - Sync 1 DAGs
[2024-04-15T12:26:47.667+0000] {logging_mixin.py:188} INFO - [2024-04-15T12:26:47.667+0000] {dag.py:3834} INFO - Setting next_dagrun for example_setup_teardown to 2024-04-14 00:00:00+00:00, run_after=2024-04-15 00:00:00+00:00
[2024-04-15T12:26:47.695+0000] {processor.py:183} INFO - Processing /home/airflow/.local/lib/python3.8/site-packages/airflow/example_dags/example_setup_teardown.py took 0.106 seconds
[2024-04-15T12:27:18.449+0000] {processor.py:161} INFO - Started process (PID=2641) to work on /home/airflow/.local/lib/python3.8/site-packages/airflow/example_dags/example_setup_teardown.py
[2024-04-15T12:27:18.451+0000] {processor.py:830} INFO - Processing file /home/airflow/.local/lib/python3.8/site-packages/airflow/example_dags/example_setup_teardown.py for tasks to queue
[2024-04-15T12:27:18.452+0000] {logging_mixin.py:188} INFO - [2024-04-15T12:27:18.452+0000] {dagbag.py:540} INFO - Filling up the DagBag from /home/airflow/.local/lib/python3.8/site-packages/airflow/example_dags/example_setup_teardown.py
[2024-04-15T12:27:18.460+0000] {processor.py:840} INFO - DAG(s) 'example_setup_teardown' retrieved from /home/airflow/.local/lib/python3.8/site-packages/airflow/example_dags/example_setup_teardown.py
[2024-04-15T12:27:18.484+0000] {logging_mixin.py:188} INFO - [2024-04-15T12:27:18.484+0000] {dag.py:3047} INFO - Sync 1 DAGs
[2024-04-15T12:27:18.506+0000] {logging_mixin.py:188} INFO - [2024-04-15T12:27:18.505+0000] {dag.py:3834} INFO - Setting next_dagrun for example_setup_teardown to 2024-04-14 00:00:00+00:00, run_after=2024-04-15 00:00:00+00:00
[2024-04-15T12:27:18.531+0000] {processor.py:183} INFO - Processing /home/airflow/.local/lib/python3.8/site-packages/airflow/example_dags/example_setup_teardown.py took 0.085 seconds
[2024-04-15T12:27:48.972+0000] {processor.py:161} INFO - Started process (PID=2696) to work on /home/airflow/.local/lib/python3.8/site-packages/airflow/example_dags/example_setup_teardown.py
[2024-04-15T12:27:48.974+0000] {processor.py:830} INFO - Processing file /home/airflow/.local/lib/python3.8/site-packages/airflow/example_dags/example_setup_teardown.py for tasks to queue
[2024-04-15T12:27:48.975+0000] {logging_mixin.py:188} INFO - [2024-04-15T12:27:48.975+0000] {dagbag.py:540} INFO - Filling up the DagBag from /home/airflow/.local/lib/python3.8/site-packages/airflow/example_dags/example_setup_teardown.py
[2024-04-15T12:27:48.984+0000] {processor.py:840} INFO - DAG(s) 'example_setup_teardown' retrieved from /home/airflow/.local/lib/python3.8/site-packages/airflow/example_dags/example_setup_teardown.py
[2024-04-15T12:27:49.009+0000] {logging_mixin.py:188} INFO - [2024-04-15T12:27:49.009+0000] {dag.py:3047} INFO - Sync 1 DAGs
[2024-04-15T12:27:49.043+0000] {logging_mixin.py:188} INFO - [2024-04-15T12:27:49.042+0000] {dag.py:3834} INFO - Setting next_dagrun for example_setup_teardown to 2024-04-14 00:00:00+00:00, run_after=2024-04-15 00:00:00+00:00
[2024-04-15T12:27:49.074+0000] {processor.py:183} INFO - Processing /home/airflow/.local/lib/python3.8/site-packages/airflow/example_dags/example_setup_teardown.py took 0.105 seconds
[2024-04-15T12:28:19.514+0000] {processor.py:161} INFO - Started process (PID=2751) to work on /home/airflow/.local/lib/python3.8/site-packages/airflow/example_dags/example_setup_teardown.py
[2024-04-15T12:28:19.515+0000] {processor.py:830} INFO - Processing file /home/airflow/.local/lib/python3.8/site-packages/airflow/example_dags/example_setup_teardown.py for tasks to queue
[2024-04-15T12:28:19.516+0000] {logging_mixin.py:188} INFO - [2024-04-15T12:28:19.516+0000] {dagbag.py:540} INFO - Filling up the DagBag from /home/airflow/.local/lib/python3.8/site-packages/airflow/example_dags/example_setup_teardown.py
[2024-04-15T12:28:19.525+0000] {processor.py:840} INFO - DAG(s) 'example_setup_teardown' retrieved from /home/airflow/.local/lib/python3.8/site-packages/airflow/example_dags/example_setup_teardown.py
[2024-04-15T12:28:19.548+0000] {logging_mixin.py:188} INFO - [2024-04-15T12:28:19.547+0000] {dag.py:3047} INFO - Sync 1 DAGs
[2024-04-15T12:28:19.572+0000] {logging_mixin.py:188} INFO - [2024-04-15T12:28:19.572+0000] {dag.py:3834} INFO - Setting next_dagrun for example_setup_teardown to 2024-04-14 00:00:00+00:00, run_after=2024-04-15 00:00:00+00:00
[2024-04-15T12:28:19.598+0000] {processor.py:183} INFO - Processing /home/airflow/.local/lib/python3.8/site-packages/airflow/example_dags/example_setup_teardown.py took 0.087 seconds
[2024-04-15T12:28:50.530+0000] {processor.py:161} INFO - Started process (PID=2807) to work on /home/airflow/.local/lib/python3.8/site-packages/airflow/example_dags/example_setup_teardown.py
[2024-04-15T12:28:50.532+0000] {processor.py:830} INFO - Processing file /home/airflow/.local/lib/python3.8/site-packages/airflow/example_dags/example_setup_teardown.py for tasks to queue
[2024-04-15T12:28:50.534+0000] {logging_mixin.py:188} INFO - [2024-04-15T12:28:50.533+0000] {dagbag.py:540} INFO - Filling up the DagBag from /home/airflow/.local/lib/python3.8/site-packages/airflow/example_dags/example_setup_teardown.py
[2024-04-15T12:28:50.543+0000] {processor.py:840} INFO - DAG(s) 'example_setup_teardown' retrieved from /home/airflow/.local/lib/python3.8/site-packages/airflow/example_dags/example_setup_teardown.py
[2024-04-15T12:28:50.570+0000] {logging_mixin.py:188} INFO - [2024-04-15T12:28:50.570+0000] {dag.py:3047} INFO - Sync 1 DAGs
[2024-04-15T12:28:50.594+0000] {logging_mixin.py:188} INFO - [2024-04-15T12:28:50.594+0000] {dag.py:3834} INFO - Setting next_dagrun for example_setup_teardown to 2024-04-14 00:00:00+00:00, run_after=2024-04-15 00:00:00+00:00
[2024-04-15T12:28:50.620+0000] {processor.py:183} INFO - Processing /home/airflow/.local/lib/python3.8/site-packages/airflow/example_dags/example_setup_teardown.py took 0.093 seconds
[2024-04-15T12:29:21.197+0000] {processor.py:161} INFO - Started process (PID=2862) to work on /home/airflow/.local/lib/python3.8/site-packages/airflow/example_dags/example_setup_teardown.py
[2024-04-15T12:29:21.199+0000] {processor.py:830} INFO - Processing file /home/airflow/.local/lib/python3.8/site-packages/airflow/example_dags/example_setup_teardown.py for tasks to queue
[2024-04-15T12:29:21.201+0000] {logging_mixin.py:188} INFO - [2024-04-15T12:29:21.200+0000] {dagbag.py:540} INFO - Filling up the DagBag from /home/airflow/.local/lib/python3.8/site-packages/airflow/example_dags/example_setup_teardown.py
[2024-04-15T12:29:21.210+0000] {processor.py:840} INFO - DAG(s) 'example_setup_teardown' retrieved from /home/airflow/.local/lib/python3.8/site-packages/airflow/example_dags/example_setup_teardown.py
[2024-04-15T12:29:21.235+0000] {logging_mixin.py:188} INFO - [2024-04-15T12:29:21.235+0000] {dag.py:3047} INFO - Sync 1 DAGs
[2024-04-15T12:29:21.258+0000] {logging_mixin.py:188} INFO - [2024-04-15T12:29:21.258+0000] {dag.py:3834} INFO - Setting next_dagrun for example_setup_teardown to 2024-04-14 00:00:00+00:00, run_after=2024-04-15 00:00:00+00:00
[2024-04-15T12:29:21.282+0000] {processor.py:183} INFO - Processing /home/airflow/.local/lib/python3.8/site-packages/airflow/example_dags/example_setup_teardown.py took 0.089 seconds
[2024-04-15T12:29:51.986+0000] {processor.py:161} INFO - Started process (PID=2917) to work on /home/airflow/.local/lib/python3.8/site-packages/airflow/example_dags/example_setup_teardown.py
[2024-04-15T12:29:51.987+0000] {processor.py:830} INFO - Processing file /home/airflow/.local/lib/python3.8/site-packages/airflow/example_dags/example_setup_teardown.py for tasks to queue
[2024-04-15T12:29:51.988+0000] {logging_mixin.py:188} INFO - [2024-04-15T12:29:51.988+0000] {dagbag.py:540} INFO - Filling up the DagBag from /home/airflow/.local/lib/python3.8/site-packages/airflow/example_dags/example_setup_teardown.py
[2024-04-15T12:29:51.996+0000] {processor.py:840} INFO - DAG(s) 'example_setup_teardown' retrieved from /home/airflow/.local/lib/python3.8/site-packages/airflow/example_dags/example_setup_teardown.py
[2024-04-15T12:29:52.018+0000] {logging_mixin.py:188} INFO - [2024-04-15T12:29:52.017+0000] {dag.py:3047} INFO - Sync 1 DAGs
[2024-04-15T12:29:52.041+0000] {logging_mixin.py:188} INFO - [2024-04-15T12:29:52.041+0000] {dag.py:3834} INFO - Setting next_dagrun for example_setup_teardown to 2024-04-14 00:00:00+00:00, run_after=2024-04-15 00:00:00+00:00
[2024-04-15T12:29:52.062+0000] {processor.py:183} INFO - Processing /home/airflow/.local/lib/python3.8/site-packages/airflow/example_dags/example_setup_teardown.py took 0.080 seconds
[2024-04-15T12:30:22.522+0000] {processor.py:161} INFO - Started process (PID=2972) to work on /home/airflow/.local/lib/python3.8/site-packages/airflow/example_dags/example_setup_teardown.py
[2024-04-15T12:30:22.524+0000] {processor.py:830} INFO - Processing file /home/airflow/.local/lib/python3.8/site-packages/airflow/example_dags/example_setup_teardown.py for tasks to queue
[2024-04-15T12:30:22.526+0000] {logging_mixin.py:188} INFO - [2024-04-15T12:30:22.525+0000] {dagbag.py:540} INFO - Filling up the DagBag from /home/airflow/.local/lib/python3.8/site-packages/airflow/example_dags/example_setup_teardown.py
[2024-04-15T12:30:22.536+0000] {processor.py:840} INFO - DAG(s) 'example_setup_teardown' retrieved from /home/airflow/.local/lib/python3.8/site-packages/airflow/example_dags/example_setup_teardown.py
[2024-04-15T12:30:22.563+0000] {logging_mixin.py:188} INFO - [2024-04-15T12:30:22.562+0000] {dag.py:3047} INFO - Sync 1 DAGs
[2024-04-15T12:30:22.585+0000] {logging_mixin.py:188} INFO - [2024-04-15T12:30:22.585+0000] {dag.py:3834} INFO - Setting next_dagrun for example_setup_teardown to 2024-04-14 00:00:00+00:00, run_after=2024-04-15 00:00:00+00:00
[2024-04-15T12:30:22.611+0000] {processor.py:183} INFO - Processing /home/airflow/.local/lib/python3.8/site-packages/airflow/example_dags/example_setup_teardown.py took 0.093 seconds
[2024-04-15T12:30:53.178+0000] {processor.py:161} INFO - Started process (PID=3027) to work on /home/airflow/.local/lib/python3.8/site-packages/airflow/example_dags/example_setup_teardown.py
[2024-04-15T12:30:53.180+0000] {processor.py:830} INFO - Processing file /home/airflow/.local/lib/python3.8/site-packages/airflow/example_dags/example_setup_teardown.py for tasks to queue
[2024-04-15T12:30:53.182+0000] {logging_mixin.py:188} INFO - [2024-04-15T12:30:53.181+0000] {dagbag.py:540} INFO - Filling up the DagBag from /home/airflow/.local/lib/python3.8/site-packages/airflow/example_dags/example_setup_teardown.py
[2024-04-15T12:30:53.189+0000] {processor.py:840} INFO - DAG(s) 'example_setup_teardown' retrieved from /home/airflow/.local/lib/python3.8/site-packages/airflow/example_dags/example_setup_teardown.py
[2024-04-15T12:30:53.211+0000] {logging_mixin.py:188} INFO - [2024-04-15T12:30:53.210+0000] {dag.py:3047} INFO - Sync 1 DAGs
[2024-04-15T12:30:53.231+0000] {logging_mixin.py:188} INFO - [2024-04-15T12:30:53.231+0000] {dag.py:3834} INFO - Setting next_dagrun for example_setup_teardown to 2024-04-14 00:00:00+00:00, run_after=2024-04-15 00:00:00+00:00
[2024-04-15T12:30:53.255+0000] {processor.py:183} INFO - Processing /home/airflow/.local/lib/python3.8/site-packages/airflow/example_dags/example_setup_teardown.py took 0.080 seconds
[2024-04-15T12:31:23.590+0000] {processor.py:161} INFO - Started process (PID=3082) to work on /home/airflow/.local/lib/python3.8/site-packages/airflow/example_dags/example_setup_teardown.py
[2024-04-15T12:31:23.591+0000] {processor.py:830} INFO - Processing file /home/airflow/.local/lib/python3.8/site-packages/airflow/example_dags/example_setup_teardown.py for tasks to queue
[2024-04-15T12:31:23.592+0000] {logging_mixin.py:188} INFO - [2024-04-15T12:31:23.592+0000] {dagbag.py:540} INFO - Filling up the DagBag from /home/airflow/.local/lib/python3.8/site-packages/airflow/example_dags/example_setup_teardown.py
[2024-04-15T12:31:23.602+0000] {processor.py:840} INFO - DAG(s) 'example_setup_teardown' retrieved from /home/airflow/.local/lib/python3.8/site-packages/airflow/example_dags/example_setup_teardown.py
[2024-04-15T12:31:23.626+0000] {logging_mixin.py:188} INFO - [2024-04-15T12:31:23.626+0000] {dag.py:3047} INFO - Sync 1 DAGs
[2024-04-15T12:31:23.652+0000] {logging_mixin.py:188} INFO - [2024-04-15T12:31:23.651+0000] {dag.py:3834} INFO - Setting next_dagrun for example_setup_teardown to 2024-04-14 00:00:00+00:00, run_after=2024-04-15 00:00:00+00:00
[2024-04-15T12:31:23.673+0000] {processor.py:183} INFO - Processing /home/airflow/.local/lib/python3.8/site-packages/airflow/example_dags/example_setup_teardown.py took 0.087 seconds
[2024-04-15T12:31:54.198+0000] {processor.py:161} INFO - Started process (PID=3137) to work on /home/airflow/.local/lib/python3.8/site-packages/airflow/example_dags/example_setup_teardown.py
[2024-04-15T12:31:54.199+0000] {processor.py:830} INFO - Processing file /home/airflow/.local/lib/python3.8/site-packages/airflow/example_dags/example_setup_teardown.py for tasks to queue
[2024-04-15T12:31:54.201+0000] {logging_mixin.py:188} INFO - [2024-04-15T12:31:54.200+0000] {dagbag.py:540} INFO - Filling up the DagBag from /home/airflow/.local/lib/python3.8/site-packages/airflow/example_dags/example_setup_teardown.py
[2024-04-15T12:31:54.209+0000] {processor.py:840} INFO - DAG(s) 'example_setup_teardown' retrieved from /home/airflow/.local/lib/python3.8/site-packages/airflow/example_dags/example_setup_teardown.py
[2024-04-15T12:31:54.233+0000] {logging_mixin.py:188} INFO - [2024-04-15T12:31:54.233+0000] {dag.py:3047} INFO - Sync 1 DAGs
[2024-04-15T12:31:54.255+0000] {logging_mixin.py:188} INFO - [2024-04-15T12:31:54.255+0000] {dag.py:3834} INFO - Setting next_dagrun for example_setup_teardown to 2024-04-14 00:00:00+00:00, run_after=2024-04-15 00:00:00+00:00
[2024-04-15T12:31:54.275+0000] {processor.py:183} INFO - Processing /home/airflow/.local/lib/python3.8/site-packages/airflow/example_dags/example_setup_teardown.py took 0.081 seconds
[2024-04-15T12:34:41.487+0000] {processor.py:161} INFO - Started process (PID=3192) to work on /home/airflow/.local/lib/python3.8/site-packages/airflow/example_dags/example_setup_teardown.py
[2024-04-15T12:34:41.489+0000] {processor.py:830} INFO - Processing file /home/airflow/.local/lib/python3.8/site-packages/airflow/example_dags/example_setup_teardown.py for tasks to queue
[2024-04-15T12:34:41.490+0000] {logging_mixin.py:188} INFO - [2024-04-15T12:34:41.490+0000] {dagbag.py:540} INFO - Filling up the DagBag from /home/airflow/.local/lib/python3.8/site-packages/airflow/example_dags/example_setup_teardown.py
[2024-04-15T12:34:41.497+0000] {processor.py:840} INFO - DAG(s) 'example_setup_teardown' retrieved from /home/airflow/.local/lib/python3.8/site-packages/airflow/example_dags/example_setup_teardown.py
[2024-04-15T12:34:41.525+0000] {logging_mixin.py:188} INFO - [2024-04-15T12:34:41.524+0000] {dag.py:3047} INFO - Sync 1 DAGs
[2024-04-15T12:34:41.551+0000] {logging_mixin.py:188} INFO - [2024-04-15T12:34:41.551+0000] {dag.py:3834} INFO - Setting next_dagrun for example_setup_teardown to 2024-04-14 00:00:00+00:00, run_after=2024-04-15 00:00:00+00:00
[2024-04-15T12:34:41.579+0000] {processor.py:183} INFO - Processing /home/airflow/.local/lib/python3.8/site-packages/airflow/example_dags/example_setup_teardown.py took 0.095 seconds
[2024-04-15T12:35:12.268+0000] {processor.py:161} INFO - Started process (PID=3247) to work on /home/airflow/.local/lib/python3.8/site-packages/airflow/example_dags/example_setup_teardown.py
[2024-04-15T12:35:12.270+0000] {processor.py:830} INFO - Processing file /home/airflow/.local/lib/python3.8/site-packages/airflow/example_dags/example_setup_teardown.py for tasks to queue
[2024-04-15T12:35:12.271+0000] {logging_mixin.py:188} INFO - [2024-04-15T12:35:12.271+0000] {dagbag.py:540} INFO - Filling up the DagBag from /home/airflow/.local/lib/python3.8/site-packages/airflow/example_dags/example_setup_teardown.py
[2024-04-15T12:35:12.279+0000] {processor.py:840} INFO - DAG(s) 'example_setup_teardown' retrieved from /home/airflow/.local/lib/python3.8/site-packages/airflow/example_dags/example_setup_teardown.py
[2024-04-15T12:35:12.304+0000] {logging_mixin.py:188} INFO - [2024-04-15T12:35:12.304+0000] {dag.py:3047} INFO - Sync 1 DAGs
[2024-04-15T12:35:12.329+0000] {logging_mixin.py:188} INFO - [2024-04-15T12:35:12.329+0000] {dag.py:3834} INFO - Setting next_dagrun for example_setup_teardown to 2024-04-14 00:00:00+00:00, run_after=2024-04-15 00:00:00+00:00
[2024-04-15T12:35:12.354+0000] {processor.py:183} INFO - Processing /home/airflow/.local/lib/python3.8/site-packages/airflow/example_dags/example_setup_teardown.py took 0.089 seconds
[2024-04-15T12:35:43.340+0000] {processor.py:161} INFO - Started process (PID=3302) to work on /home/airflow/.local/lib/python3.8/site-packages/airflow/example_dags/example_setup_teardown.py
[2024-04-15T12:35:43.342+0000] {processor.py:830} INFO - Processing file /home/airflow/.local/lib/python3.8/site-packages/airflow/example_dags/example_setup_teardown.py for tasks to queue
[2024-04-15T12:35:43.343+0000] {logging_mixin.py:188} INFO - [2024-04-15T12:35:43.343+0000] {dagbag.py:540} INFO - Filling up the DagBag from /home/airflow/.local/lib/python3.8/site-packages/airflow/example_dags/example_setup_teardown.py
[2024-04-15T12:35:43.352+0000] {processor.py:840} INFO - DAG(s) 'example_setup_teardown' retrieved from /home/airflow/.local/lib/python3.8/site-packages/airflow/example_dags/example_setup_teardown.py
[2024-04-15T12:35:43.374+0000] {logging_mixin.py:188} INFO - [2024-04-15T12:35:43.373+0000] {dag.py:3047} INFO - Sync 1 DAGs
[2024-04-15T12:35:43.397+0000] {logging_mixin.py:188} INFO - [2024-04-15T12:35:43.397+0000] {dag.py:3834} INFO - Setting next_dagrun for example_setup_teardown to 2024-04-14 00:00:00+00:00, run_after=2024-04-15 00:00:00+00:00
[2024-04-15T12:35:43.540+0000] {processor.py:183} INFO - Processing /home/airflow/.local/lib/python3.8/site-packages/airflow/example_dags/example_setup_teardown.py took 0.203 seconds
[2024-04-15T12:36:13.712+0000] {processor.py:161} INFO - Started process (PID=3357) to work on /home/airflow/.local/lib/python3.8/site-packages/airflow/example_dags/example_setup_teardown.py
[2024-04-15T12:36:13.713+0000] {processor.py:830} INFO - Processing file /home/airflow/.local/lib/python3.8/site-packages/airflow/example_dags/example_setup_teardown.py for tasks to queue
[2024-04-15T12:36:13.714+0000] {logging_mixin.py:188} INFO - [2024-04-15T12:36:13.714+0000] {dagbag.py:540} INFO - Filling up the DagBag from /home/airflow/.local/lib/python3.8/site-packages/airflow/example_dags/example_setup_teardown.py
[2024-04-15T12:36:13.722+0000] {processor.py:840} INFO - DAG(s) 'example_setup_teardown' retrieved from /home/airflow/.local/lib/python3.8/site-packages/airflow/example_dags/example_setup_teardown.py
[2024-04-15T12:36:13.741+0000] {logging_mixin.py:188} INFO - [2024-04-15T12:36:13.741+0000] {dag.py:3047} INFO - Sync 1 DAGs
[2024-04-15T12:36:13.763+0000] {logging_mixin.py:188} INFO - [2024-04-15T12:36:13.763+0000] {dag.py:3834} INFO - Setting next_dagrun for example_setup_teardown to 2024-04-14 00:00:00+00:00, run_after=2024-04-15 00:00:00+00:00
[2024-04-15T12:36:13.786+0000] {processor.py:183} INFO - Processing /home/airflow/.local/lib/python3.8/site-packages/airflow/example_dags/example_setup_teardown.py took 0.077 seconds
[2024-04-15T12:36:43.874+0000] {processor.py:161} INFO - Started process (PID=3412) to work on /home/airflow/.local/lib/python3.8/site-packages/airflow/example_dags/example_setup_teardown.py
[2024-04-15T12:36:43.875+0000] {processor.py:830} INFO - Processing file /home/airflow/.local/lib/python3.8/site-packages/airflow/example_dags/example_setup_teardown.py for tasks to queue
[2024-04-15T12:36:43.877+0000] {logging_mixin.py:188} INFO - [2024-04-15T12:36:43.876+0000] {dagbag.py:540} INFO - Filling up the DagBag from /home/airflow/.local/lib/python3.8/site-packages/airflow/example_dags/example_setup_teardown.py
[2024-04-15T12:36:43.886+0000] {processor.py:840} INFO - DAG(s) 'example_setup_teardown' retrieved from /home/airflow/.local/lib/python3.8/site-packages/airflow/example_dags/example_setup_teardown.py
[2024-04-15T12:36:43.913+0000] {logging_mixin.py:188} INFO - [2024-04-15T12:36:43.913+0000] {dag.py:3047} INFO - Sync 1 DAGs
[2024-04-15T12:36:43.936+0000] {logging_mixin.py:188} INFO - [2024-04-15T12:36:43.936+0000] {dag.py:3834} INFO - Setting next_dagrun for example_setup_teardown to 2024-04-14 00:00:00+00:00, run_after=2024-04-15 00:00:00+00:00
[2024-04-15T12:36:43.953+0000] {processor.py:183} INFO - Processing /home/airflow/.local/lib/python3.8/site-packages/airflow/example_dags/example_setup_teardown.py took 0.084 seconds
[2024-04-15T12:37:14.466+0000] {processor.py:161} INFO - Started process (PID=3467) to work on /home/airflow/.local/lib/python3.8/site-packages/airflow/example_dags/example_setup_teardown.py
[2024-04-15T12:37:14.468+0000] {processor.py:830} INFO - Processing file /home/airflow/.local/lib/python3.8/site-packages/airflow/example_dags/example_setup_teardown.py for tasks to queue
[2024-04-15T12:37:14.469+0000] {logging_mixin.py:188} INFO - [2024-04-15T12:37:14.469+0000] {dagbag.py:540} INFO - Filling up the DagBag from /home/airflow/.local/lib/python3.8/site-packages/airflow/example_dags/example_setup_teardown.py
[2024-04-15T12:37:14.477+0000] {processor.py:840} INFO - DAG(s) 'example_setup_teardown' retrieved from /home/airflow/.local/lib/python3.8/site-packages/airflow/example_dags/example_setup_teardown.py
[2024-04-15T12:37:14.499+0000] {logging_mixin.py:188} INFO - [2024-04-15T12:37:14.499+0000] {dag.py:3047} INFO - Sync 1 DAGs
[2024-04-15T12:37:14.520+0000] {logging_mixin.py:188} INFO - [2024-04-15T12:37:14.520+0000] {dag.py:3834} INFO - Setting next_dagrun for example_setup_teardown to 2024-04-14 00:00:00+00:00, run_after=2024-04-15 00:00:00+00:00
[2024-04-15T12:37:14.544+0000] {processor.py:183} INFO - Processing /home/airflow/.local/lib/python3.8/site-packages/airflow/example_dags/example_setup_teardown.py took 0.082 seconds
[2024-04-15T12:43:02.363+0000] {processor.py:161} INFO - Started process (PID=3522) to work on /home/airflow/.local/lib/python3.8/site-packages/airflow/example_dags/example_setup_teardown.py
[2024-04-15T12:43:02.364+0000] {processor.py:830} INFO - Processing file /home/airflow/.local/lib/python3.8/site-packages/airflow/example_dags/example_setup_teardown.py for tasks to queue
[2024-04-15T12:43:02.366+0000] {logging_mixin.py:188} INFO - [2024-04-15T12:43:02.366+0000] {dagbag.py:540} INFO - Filling up the DagBag from /home/airflow/.local/lib/python3.8/site-packages/airflow/example_dags/example_setup_teardown.py
[2024-04-15T12:43:02.374+0000] {processor.py:840} INFO - DAG(s) 'example_setup_teardown' retrieved from /home/airflow/.local/lib/python3.8/site-packages/airflow/example_dags/example_setup_teardown.py
[2024-04-15T12:43:02.398+0000] {logging_mixin.py:188} INFO - [2024-04-15T12:43:02.397+0000] {dag.py:3047} INFO - Sync 1 DAGs
[2024-04-15T12:43:02.419+0000] {logging_mixin.py:188} INFO - [2024-04-15T12:43:02.419+0000] {dag.py:3834} INFO - Setting next_dagrun for example_setup_teardown to 2024-04-14 00:00:00+00:00, run_after=2024-04-15 00:00:00+00:00
[2024-04-15T12:43:02.447+0000] {processor.py:183} INFO - Processing /home/airflow/.local/lib/python3.8/site-packages/airflow/example_dags/example_setup_teardown.py took 0.087 seconds
[2024-04-15T12:43:33.805+0000] {processor.py:161} INFO - Started process (PID=3577) to work on /home/airflow/.local/lib/python3.8/site-packages/airflow/example_dags/example_setup_teardown.py
[2024-04-15T12:43:33.806+0000] {processor.py:830} INFO - Processing file /home/airflow/.local/lib/python3.8/site-packages/airflow/example_dags/example_setup_teardown.py for tasks to queue
[2024-04-15T12:43:33.808+0000] {logging_mixin.py:188} INFO - [2024-04-15T12:43:33.807+0000] {dagbag.py:540} INFO - Filling up the DagBag from /home/airflow/.local/lib/python3.8/site-packages/airflow/example_dags/example_setup_teardown.py
[2024-04-15T12:43:33.822+0000] {processor.py:840} INFO - DAG(s) 'example_setup_teardown' retrieved from /home/airflow/.local/lib/python3.8/site-packages/airflow/example_dags/example_setup_teardown.py
[2024-04-15T12:43:33.851+0000] {logging_mixin.py:188} INFO - [2024-04-15T12:43:33.851+0000] {dag.py:3047} INFO - Sync 1 DAGs
[2024-04-15T12:43:34.010+0000] {logging_mixin.py:188} INFO - [2024-04-15T12:43:34.009+0000] {dag.py:3834} INFO - Setting next_dagrun for example_setup_teardown to 2024-04-14 00:00:00+00:00, run_after=2024-04-15 00:00:00+00:00
[2024-04-15T12:43:34.034+0000] {processor.py:183} INFO - Processing /home/airflow/.local/lib/python3.8/site-packages/airflow/example_dags/example_setup_teardown.py took 0.233 seconds
[2024-04-15T12:44:04.959+0000] {processor.py:161} INFO - Started process (PID=3632) to work on /home/airflow/.local/lib/python3.8/site-packages/airflow/example_dags/example_setup_teardown.py
[2024-04-15T12:44:04.961+0000] {processor.py:830} INFO - Processing file /home/airflow/.local/lib/python3.8/site-packages/airflow/example_dags/example_setup_teardown.py for tasks to queue
[2024-04-15T12:44:04.962+0000] {logging_mixin.py:188} INFO - [2024-04-15T12:44:04.962+0000] {dagbag.py:540} INFO - Filling up the DagBag from /home/airflow/.local/lib/python3.8/site-packages/airflow/example_dags/example_setup_teardown.py
[2024-04-15T12:44:04.974+0000] {processor.py:840} INFO - DAG(s) 'example_setup_teardown' retrieved from /home/airflow/.local/lib/python3.8/site-packages/airflow/example_dags/example_setup_teardown.py
[2024-04-15T12:44:04.997+0000] {logging_mixin.py:188} INFO - [2024-04-15T12:44:04.997+0000] {dag.py:3047} INFO - Sync 1 DAGs
[2024-04-15T12:44:05.019+0000] {logging_mixin.py:188} INFO - [2024-04-15T12:44:05.018+0000] {dag.py:3834} INFO - Setting next_dagrun for example_setup_teardown to 2024-04-14 00:00:00+00:00, run_after=2024-04-15 00:00:00+00:00
[2024-04-15T12:44:05.042+0000] {processor.py:183} INFO - Processing /home/airflow/.local/lib/python3.8/site-packages/airflow/example_dags/example_setup_teardown.py took 0.087 seconds
[2024-04-15T12:44:35.291+0000] {processor.py:161} INFO - Started process (PID=3687) to work on /home/airflow/.local/lib/python3.8/site-packages/airflow/example_dags/example_setup_teardown.py
[2024-04-15T12:44:35.293+0000] {processor.py:830} INFO - Processing file /home/airflow/.local/lib/python3.8/site-packages/airflow/example_dags/example_setup_teardown.py for tasks to queue
[2024-04-15T12:44:35.295+0000] {logging_mixin.py:188} INFO - [2024-04-15T12:44:35.294+0000] {dagbag.py:540} INFO - Filling up the DagBag from /home/airflow/.local/lib/python3.8/site-packages/airflow/example_dags/example_setup_teardown.py
[2024-04-15T12:44:35.302+0000] {processor.py:840} INFO - DAG(s) 'example_setup_teardown' retrieved from /home/airflow/.local/lib/python3.8/site-packages/airflow/example_dags/example_setup_teardown.py
[2024-04-15T12:44:35.329+0000] {logging_mixin.py:188} INFO - [2024-04-15T12:44:35.329+0000] {dag.py:3047} INFO - Sync 1 DAGs
[2024-04-15T12:44:35.351+0000] {logging_mixin.py:188} INFO - [2024-04-15T12:44:35.351+0000] {dag.py:3834} INFO - Setting next_dagrun for example_setup_teardown to 2024-04-14 00:00:00+00:00, run_after=2024-04-15 00:00:00+00:00
[2024-04-15T12:44:35.374+0000] {processor.py:183} INFO - Processing /home/airflow/.local/lib/python3.8/site-packages/airflow/example_dags/example_setup_teardown.py took 0.086 seconds
[2024-04-15T12:45:05.652+0000] {processor.py:161} INFO - Started process (PID=3742) to work on /home/airflow/.local/lib/python3.8/site-packages/airflow/example_dags/example_setup_teardown.py
[2024-04-15T12:45:05.654+0000] {processor.py:830} INFO - Processing file /home/airflow/.local/lib/python3.8/site-packages/airflow/example_dags/example_setup_teardown.py for tasks to queue
[2024-04-15T12:45:05.655+0000] {logging_mixin.py:188} INFO - [2024-04-15T12:45:05.654+0000] {dagbag.py:540} INFO - Filling up the DagBag from /home/airflow/.local/lib/python3.8/site-packages/airflow/example_dags/example_setup_teardown.py
[2024-04-15T12:45:05.663+0000] {processor.py:840} INFO - DAG(s) 'example_setup_teardown' retrieved from /home/airflow/.local/lib/python3.8/site-packages/airflow/example_dags/example_setup_teardown.py
[2024-04-15T12:45:05.686+0000] {logging_mixin.py:188} INFO - [2024-04-15T12:45:05.686+0000] {dag.py:3047} INFO - Sync 1 DAGs
[2024-04-15T12:45:05.708+0000] {logging_mixin.py:188} INFO - [2024-04-15T12:45:05.708+0000] {dag.py:3834} INFO - Setting next_dagrun for example_setup_teardown to 2024-04-14 00:00:00+00:00, run_after=2024-04-15 00:00:00+00:00
[2024-04-15T12:45:05.731+0000] {processor.py:183} INFO - Processing /home/airflow/.local/lib/python3.8/site-packages/airflow/example_dags/example_setup_teardown.py took 0.082 seconds
[2024-04-15T12:45:35.936+0000] {processor.py:161} INFO - Started process (PID=3797) to work on /home/airflow/.local/lib/python3.8/site-packages/airflow/example_dags/example_setup_teardown.py
[2024-04-15T12:45:35.938+0000] {processor.py:830} INFO - Processing file /home/airflow/.local/lib/python3.8/site-packages/airflow/example_dags/example_setup_teardown.py for tasks to queue
[2024-04-15T12:45:35.940+0000] {logging_mixin.py:188} INFO - [2024-04-15T12:45:35.939+0000] {dagbag.py:540} INFO - Filling up the DagBag from /home/airflow/.local/lib/python3.8/site-packages/airflow/example_dags/example_setup_teardown.py
[2024-04-15T12:45:35.947+0000] {processor.py:840} INFO - DAG(s) 'example_setup_teardown' retrieved from /home/airflow/.local/lib/python3.8/site-packages/airflow/example_dags/example_setup_teardown.py
[2024-04-15T12:45:35.972+0000] {logging_mixin.py:188} INFO - [2024-04-15T12:45:35.971+0000] {dag.py:3047} INFO - Sync 1 DAGs
[2024-04-15T12:45:35.993+0000] {logging_mixin.py:188} INFO - [2024-04-15T12:45:35.993+0000] {dag.py:3834} INFO - Setting next_dagrun for example_setup_teardown to 2024-04-14 00:00:00+00:00, run_after=2024-04-15 00:00:00+00:00
[2024-04-15T12:45:36.022+0000] {processor.py:183} INFO - Processing /home/airflow/.local/lib/python3.8/site-packages/airflow/example_dags/example_setup_teardown.py took 0.089 seconds
