[2024-04-15T10:41:33.277+0000] {processor.py:161} INFO - Started process (PID=52) to work on /home/airflow/.local/lib/python3.8/site-packages/airflow/example_dags/example_task_group.py
[2024-04-15T10:41:33.279+0000] {processor.py:830} INFO - Processing file /home/airflow/.local/lib/python3.8/site-packages/airflow/example_dags/example_task_group.py for tasks to queue
[2024-04-15T10:41:33.284+0000] {logging_mixin.py:188} INFO - [2024-04-15T10:41:33.284+0000] {dagbag.py:540} INFO - Filling up the DagBag from /home/airflow/.local/lib/python3.8/site-packages/airflow/example_dags/example_task_group.py
[2024-04-15T10:41:33.304+0000] {processor.py:840} INFO - DAG(s) 'example_task_group' retrieved from /home/airflow/.local/lib/python3.8/site-packages/airflow/example_dags/example_task_group.py
[2024-04-15T10:41:33.350+0000] {logging_mixin.py:188} INFO - [2024-04-15T10:41:33.350+0000] {dag.py:3047} INFO - Sync 1 DAGs
[2024-04-15T10:41:33.387+0000] {logging_mixin.py:188} INFO - [2024-04-15T10:41:33.387+0000] {dag.py:3834} INFO - Setting next_dagrun for example_task_group to 2024-04-14 00:00:00+00:00, run_after=2024-04-15 00:00:00+00:00
[2024-04-15T10:41:33.425+0000] {processor.py:183} INFO - Processing /home/airflow/.local/lib/python3.8/site-packages/airflow/example_dags/example_task_group.py took 0.154 seconds
[2024-04-15T10:42:03.598+0000] {processor.py:161} INFO - Started process (PID=107) to work on /home/airflow/.local/lib/python3.8/site-packages/airflow/example_dags/example_task_group.py
[2024-04-15T10:42:03.600+0000] {processor.py:830} INFO - Processing file /home/airflow/.local/lib/python3.8/site-packages/airflow/example_dags/example_task_group.py for tasks to queue
[2024-04-15T10:42:03.602+0000] {logging_mixin.py:188} INFO - [2024-04-15T10:42:03.602+0000] {dagbag.py:540} INFO - Filling up the DagBag from /home/airflow/.local/lib/python3.8/site-packages/airflow/example_dags/example_task_group.py
[2024-04-15T10:42:03.610+0000] {processor.py:840} INFO - DAG(s) 'example_task_group' retrieved from /home/airflow/.local/lib/python3.8/site-packages/airflow/example_dags/example_task_group.py
[2024-04-15T10:42:03.633+0000] {logging_mixin.py:188} INFO - [2024-04-15T10:42:03.632+0000] {dag.py:3047} INFO - Sync 1 DAGs
[2024-04-15T10:42:03.661+0000] {logging_mixin.py:188} INFO - [2024-04-15T10:42:03.660+0000] {dag.py:3834} INFO - Setting next_dagrun for example_task_group to 2024-04-14 00:00:00+00:00, run_after=2024-04-15 00:00:00+00:00
[2024-04-15T10:42:03.682+0000] {processor.py:183} INFO - Processing /home/airflow/.local/lib/python3.8/site-packages/airflow/example_dags/example_task_group.py took 0.088 seconds
[2024-04-15T10:42:33.920+0000] {processor.py:161} INFO - Started process (PID=162) to work on /home/airflow/.local/lib/python3.8/site-packages/airflow/example_dags/example_task_group.py
[2024-04-15T10:42:33.922+0000] {processor.py:830} INFO - Processing file /home/airflow/.local/lib/python3.8/site-packages/airflow/example_dags/example_task_group.py for tasks to queue
[2024-04-15T10:42:33.924+0000] {logging_mixin.py:188} INFO - [2024-04-15T10:42:33.924+0000] {dagbag.py:540} INFO - Filling up the DagBag from /home/airflow/.local/lib/python3.8/site-packages/airflow/example_dags/example_task_group.py
[2024-04-15T10:42:33.932+0000] {processor.py:840} INFO - DAG(s) 'example_task_group' retrieved from /home/airflow/.local/lib/python3.8/site-packages/airflow/example_dags/example_task_group.py
[2024-04-15T10:42:33.955+0000] {logging_mixin.py:188} INFO - [2024-04-15T10:42:33.954+0000] {dag.py:3047} INFO - Sync 1 DAGs
[2024-04-15T10:42:33.975+0000] {logging_mixin.py:188} INFO - [2024-04-15T10:42:33.974+0000] {dag.py:3834} INFO - Setting next_dagrun for example_task_group to 2024-04-14 00:00:00+00:00, run_after=2024-04-15 00:00:00+00:00
[2024-04-15T10:42:33.998+0000] {processor.py:183} INFO - Processing /home/airflow/.local/lib/python3.8/site-packages/airflow/example_dags/example_task_group.py took 0.082 seconds
[2024-04-15T10:43:04.030+0000] {processor.py:161} INFO - Started process (PID=216) to work on /home/airflow/.local/lib/python3.8/site-packages/airflow/example_dags/example_task_group.py
[2024-04-15T10:43:04.032+0000] {processor.py:830} INFO - Processing file /home/airflow/.local/lib/python3.8/site-packages/airflow/example_dags/example_task_group.py for tasks to queue
[2024-04-15T10:43:04.035+0000] {logging_mixin.py:188} INFO - [2024-04-15T10:43:04.034+0000] {dagbag.py:540} INFO - Filling up the DagBag from /home/airflow/.local/lib/python3.8/site-packages/airflow/example_dags/example_task_group.py
[2024-04-15T10:43:04.042+0000] {processor.py:840} INFO - DAG(s) 'example_task_group' retrieved from /home/airflow/.local/lib/python3.8/site-packages/airflow/example_dags/example_task_group.py
[2024-04-15T10:43:04.068+0000] {logging_mixin.py:188} INFO - [2024-04-15T10:43:04.068+0000] {dag.py:3047} INFO - Sync 1 DAGs
[2024-04-15T10:43:04.093+0000] {logging_mixin.py:188} INFO - [2024-04-15T10:43:04.093+0000] {dag.py:3834} INFO - Setting next_dagrun for example_task_group to 2024-04-14 00:00:00+00:00, run_after=2024-04-15 00:00:00+00:00
[2024-04-15T10:43:04.118+0000] {processor.py:183} INFO - Processing /home/airflow/.local/lib/python3.8/site-packages/airflow/example_dags/example_task_group.py took 0.092 seconds
[2024-04-15T10:43:34.250+0000] {processor.py:161} INFO - Started process (PID=271) to work on /home/airflow/.local/lib/python3.8/site-packages/airflow/example_dags/example_task_group.py
[2024-04-15T10:43:34.252+0000] {processor.py:830} INFO - Processing file /home/airflow/.local/lib/python3.8/site-packages/airflow/example_dags/example_task_group.py for tasks to queue
[2024-04-15T10:43:34.254+0000] {logging_mixin.py:188} INFO - [2024-04-15T10:43:34.254+0000] {dagbag.py:540} INFO - Filling up the DagBag from /home/airflow/.local/lib/python3.8/site-packages/airflow/example_dags/example_task_group.py
[2024-04-15T10:43:34.264+0000] {processor.py:840} INFO - DAG(s) 'example_task_group' retrieved from /home/airflow/.local/lib/python3.8/site-packages/airflow/example_dags/example_task_group.py
[2024-04-15T10:43:34.289+0000] {logging_mixin.py:188} INFO - [2024-04-15T10:43:34.289+0000] {dag.py:3047} INFO - Sync 1 DAGs
[2024-04-15T10:43:34.312+0000] {logging_mixin.py:188} INFO - [2024-04-15T10:43:34.312+0000] {dag.py:3834} INFO - Setting next_dagrun for example_task_group to 2024-04-14 00:00:00+00:00, run_after=2024-04-15 00:00:00+00:00
[2024-04-15T10:43:34.336+0000] {processor.py:183} INFO - Processing /home/airflow/.local/lib/python3.8/site-packages/airflow/example_dags/example_task_group.py took 0.090 seconds
[2024-04-15T10:44:04.954+0000] {processor.py:161} INFO - Started process (PID=326) to work on /home/airflow/.local/lib/python3.8/site-packages/airflow/example_dags/example_task_group.py
[2024-04-15T10:44:04.956+0000] {processor.py:830} INFO - Processing file /home/airflow/.local/lib/python3.8/site-packages/airflow/example_dags/example_task_group.py for tasks to queue
[2024-04-15T10:44:04.958+0000] {logging_mixin.py:188} INFO - [2024-04-15T10:44:04.957+0000] {dagbag.py:540} INFO - Filling up the DagBag from /home/airflow/.local/lib/python3.8/site-packages/airflow/example_dags/example_task_group.py
[2024-04-15T10:44:04.964+0000] {processor.py:840} INFO - DAG(s) 'example_task_group' retrieved from /home/airflow/.local/lib/python3.8/site-packages/airflow/example_dags/example_task_group.py
[2024-04-15T10:44:04.988+0000] {logging_mixin.py:188} INFO - [2024-04-15T10:44:04.987+0000] {dag.py:3047} INFO - Sync 1 DAGs
[2024-04-15T10:44:05.013+0000] {logging_mixin.py:188} INFO - [2024-04-15T10:44:05.013+0000] {dag.py:3834} INFO - Setting next_dagrun for example_task_group to 2024-04-14 00:00:00+00:00, run_after=2024-04-15 00:00:00+00:00
[2024-04-15T10:44:05.039+0000] {processor.py:183} INFO - Processing /home/airflow/.local/lib/python3.8/site-packages/airflow/example_dags/example_task_group.py took 0.088 seconds
[2024-04-15T10:44:35.150+0000] {processor.py:161} INFO - Started process (PID=381) to work on /home/airflow/.local/lib/python3.8/site-packages/airflow/example_dags/example_task_group.py
[2024-04-15T10:44:35.152+0000] {processor.py:830} INFO - Processing file /home/airflow/.local/lib/python3.8/site-packages/airflow/example_dags/example_task_group.py for tasks to queue
[2024-04-15T10:44:35.154+0000] {logging_mixin.py:188} INFO - [2024-04-15T10:44:35.154+0000] {dagbag.py:540} INFO - Filling up the DagBag from /home/airflow/.local/lib/python3.8/site-packages/airflow/example_dags/example_task_group.py
[2024-04-15T10:44:35.163+0000] {processor.py:840} INFO - DAG(s) 'example_task_group' retrieved from /home/airflow/.local/lib/python3.8/site-packages/airflow/example_dags/example_task_group.py
[2024-04-15T10:44:35.190+0000] {logging_mixin.py:188} INFO - [2024-04-15T10:44:35.190+0000] {dag.py:3047} INFO - Sync 1 DAGs
[2024-04-15T10:44:35.216+0000] {logging_mixin.py:188} INFO - [2024-04-15T10:44:35.216+0000] {dag.py:3834} INFO - Setting next_dagrun for example_task_group to 2024-04-14 00:00:00+00:00, run_after=2024-04-15 00:00:00+00:00
[2024-04-15T10:44:35.243+0000] {processor.py:183} INFO - Processing /home/airflow/.local/lib/python3.8/site-packages/airflow/example_dags/example_task_group.py took 0.097 seconds
[2024-04-15T10:45:05.313+0000] {processor.py:161} INFO - Started process (PID=435) to work on /home/airflow/.local/lib/python3.8/site-packages/airflow/example_dags/example_task_group.py
[2024-04-15T10:45:05.315+0000] {processor.py:830} INFO - Processing file /home/airflow/.local/lib/python3.8/site-packages/airflow/example_dags/example_task_group.py for tasks to queue
[2024-04-15T10:45:05.318+0000] {logging_mixin.py:188} INFO - [2024-04-15T10:45:05.318+0000] {dagbag.py:540} INFO - Filling up the DagBag from /home/airflow/.local/lib/python3.8/site-packages/airflow/example_dags/example_task_group.py
[2024-04-15T10:45:05.327+0000] {processor.py:840} INFO - DAG(s) 'example_task_group' retrieved from /home/airflow/.local/lib/python3.8/site-packages/airflow/example_dags/example_task_group.py
[2024-04-15T10:45:05.355+0000] {logging_mixin.py:188} INFO - [2024-04-15T10:45:05.355+0000] {dag.py:3047} INFO - Sync 1 DAGs
[2024-04-15T10:45:05.376+0000] {logging_mixin.py:188} INFO - [2024-04-15T10:45:05.375+0000] {dag.py:3834} INFO - Setting next_dagrun for example_task_group to 2024-04-14 00:00:00+00:00, run_after=2024-04-15 00:00:00+00:00
[2024-04-15T10:45:05.398+0000] {processor.py:183} INFO - Processing /home/airflow/.local/lib/python3.8/site-packages/airflow/example_dags/example_task_group.py took 0.088 seconds
[2024-04-15T10:45:35.678+0000] {processor.py:161} INFO - Started process (PID=490) to work on /home/airflow/.local/lib/python3.8/site-packages/airflow/example_dags/example_task_group.py
[2024-04-15T10:45:35.680+0000] {processor.py:830} INFO - Processing file /home/airflow/.local/lib/python3.8/site-packages/airflow/example_dags/example_task_group.py for tasks to queue
[2024-04-15T10:45:35.682+0000] {logging_mixin.py:188} INFO - [2024-04-15T10:45:35.682+0000] {dagbag.py:540} INFO - Filling up the DagBag from /home/airflow/.local/lib/python3.8/site-packages/airflow/example_dags/example_task_group.py
[2024-04-15T10:45:35.690+0000] {processor.py:840} INFO - DAG(s) 'example_task_group' retrieved from /home/airflow/.local/lib/python3.8/site-packages/airflow/example_dags/example_task_group.py
[2024-04-15T10:45:35.717+0000] {logging_mixin.py:188} INFO - [2024-04-15T10:45:35.717+0000] {dag.py:3047} INFO - Sync 1 DAGs
[2024-04-15T10:45:35.740+0000] {logging_mixin.py:188} INFO - [2024-04-15T10:45:35.740+0000] {dag.py:3834} INFO - Setting next_dagrun for example_task_group to 2024-04-14 00:00:00+00:00, run_after=2024-04-15 00:00:00+00:00
[2024-04-15T10:45:35.765+0000] {processor.py:183} INFO - Processing /home/airflow/.local/lib/python3.8/site-packages/airflow/example_dags/example_task_group.py took 0.092 seconds
[2024-04-15T10:46:05.878+0000] {processor.py:161} INFO - Started process (PID=545) to work on /home/airflow/.local/lib/python3.8/site-packages/airflow/example_dags/example_task_group.py
[2024-04-15T10:46:05.880+0000] {processor.py:830} INFO - Processing file /home/airflow/.local/lib/python3.8/site-packages/airflow/example_dags/example_task_group.py for tasks to queue
[2024-04-15T10:46:05.883+0000] {logging_mixin.py:188} INFO - [2024-04-15T10:46:05.882+0000] {dagbag.py:540} INFO - Filling up the DagBag from /home/airflow/.local/lib/python3.8/site-packages/airflow/example_dags/example_task_group.py
[2024-04-15T10:46:05.893+0000] {processor.py:840} INFO - DAG(s) 'example_task_group' retrieved from /home/airflow/.local/lib/python3.8/site-packages/airflow/example_dags/example_task_group.py
[2024-04-15T10:46:05.918+0000] {logging_mixin.py:188} INFO - [2024-04-15T10:46:05.918+0000] {dag.py:3047} INFO - Sync 1 DAGs
[2024-04-15T10:46:05.941+0000] {logging_mixin.py:188} INFO - [2024-04-15T10:46:05.941+0000] {dag.py:3834} INFO - Setting next_dagrun for example_task_group to 2024-04-14 00:00:00+00:00, run_after=2024-04-15 00:00:00+00:00
[2024-04-15T10:46:05.964+0000] {processor.py:183} INFO - Processing /home/airflow/.local/lib/python3.8/site-packages/airflow/example_dags/example_task_group.py took 0.089 seconds
[2024-04-15T10:46:36.001+0000] {processor.py:161} INFO - Started process (PID=600) to work on /home/airflow/.local/lib/python3.8/site-packages/airflow/example_dags/example_task_group.py
[2024-04-15T10:46:36.002+0000] {processor.py:830} INFO - Processing file /home/airflow/.local/lib/python3.8/site-packages/airflow/example_dags/example_task_group.py for tasks to queue
[2024-04-15T10:46:36.004+0000] {logging_mixin.py:188} INFO - [2024-04-15T10:46:36.004+0000] {dagbag.py:540} INFO - Filling up the DagBag from /home/airflow/.local/lib/python3.8/site-packages/airflow/example_dags/example_task_group.py
[2024-04-15T10:46:36.011+0000] {processor.py:840} INFO - DAG(s) 'example_task_group' retrieved from /home/airflow/.local/lib/python3.8/site-packages/airflow/example_dags/example_task_group.py
[2024-04-15T10:46:36.036+0000] {logging_mixin.py:188} INFO - [2024-04-15T10:46:36.035+0000] {dag.py:3047} INFO - Sync 1 DAGs
[2024-04-15T10:46:36.065+0000] {logging_mixin.py:188} INFO - [2024-04-15T10:46:36.065+0000] {dag.py:3834} INFO - Setting next_dagrun for example_task_group to 2024-04-14 00:00:00+00:00, run_after=2024-04-15 00:00:00+00:00
[2024-04-15T10:46:36.092+0000] {processor.py:183} INFO - Processing /home/airflow/.local/lib/python3.8/site-packages/airflow/example_dags/example_task_group.py took 0.095 seconds
[2024-04-15T10:47:06.568+0000] {processor.py:161} INFO - Started process (PID=655) to work on /home/airflow/.local/lib/python3.8/site-packages/airflow/example_dags/example_task_group.py
[2024-04-15T10:47:06.569+0000] {processor.py:830} INFO - Processing file /home/airflow/.local/lib/python3.8/site-packages/airflow/example_dags/example_task_group.py for tasks to queue
[2024-04-15T10:47:06.572+0000] {logging_mixin.py:188} INFO - [2024-04-15T10:47:06.572+0000] {dagbag.py:540} INFO - Filling up the DagBag from /home/airflow/.local/lib/python3.8/site-packages/airflow/example_dags/example_task_group.py
[2024-04-15T10:47:06.578+0000] {processor.py:840} INFO - DAG(s) 'example_task_group' retrieved from /home/airflow/.local/lib/python3.8/site-packages/airflow/example_dags/example_task_group.py
[2024-04-15T10:47:06.601+0000] {logging_mixin.py:188} INFO - [2024-04-15T10:47:06.601+0000] {dag.py:3047} INFO - Sync 1 DAGs
[2024-04-15T10:47:06.621+0000] {logging_mixin.py:188} INFO - [2024-04-15T10:47:06.621+0000] {dag.py:3834} INFO - Setting next_dagrun for example_task_group to 2024-04-14 00:00:00+00:00, run_after=2024-04-15 00:00:00+00:00
[2024-04-15T10:47:06.645+0000] {processor.py:183} INFO - Processing /home/airflow/.local/lib/python3.8/site-packages/airflow/example_dags/example_task_group.py took 0.080 seconds
[2024-04-15T10:47:36.709+0000] {processor.py:161} INFO - Started process (PID=711) to work on /home/airflow/.local/lib/python3.8/site-packages/airflow/example_dags/example_task_group.py
[2024-04-15T10:47:36.710+0000] {processor.py:830} INFO - Processing file /home/airflow/.local/lib/python3.8/site-packages/airflow/example_dags/example_task_group.py for tasks to queue
[2024-04-15T10:47:36.712+0000] {logging_mixin.py:188} INFO - [2024-04-15T10:47:36.712+0000] {dagbag.py:540} INFO - Filling up the DagBag from /home/airflow/.local/lib/python3.8/site-packages/airflow/example_dags/example_task_group.py
[2024-04-15T10:47:36.719+0000] {processor.py:840} INFO - DAG(s) 'example_task_group' retrieved from /home/airflow/.local/lib/python3.8/site-packages/airflow/example_dags/example_task_group.py
[2024-04-15T10:47:36.742+0000] {logging_mixin.py:188} INFO - [2024-04-15T10:47:36.741+0000] {dag.py:3047} INFO - Sync 1 DAGs
[2024-04-15T10:47:36.763+0000] {logging_mixin.py:188} INFO - [2024-04-15T10:47:36.763+0000] {dag.py:3834} INFO - Setting next_dagrun for example_task_group to 2024-04-14 00:00:00+00:00, run_after=2024-04-15 00:00:00+00:00
[2024-04-15T10:47:36.789+0000] {processor.py:183} INFO - Processing /home/airflow/.local/lib/python3.8/site-packages/airflow/example_dags/example_task_group.py took 0.083 seconds
[2024-04-15T10:48:06.927+0000] {processor.py:161} INFO - Started process (PID=766) to work on /home/airflow/.local/lib/python3.8/site-packages/airflow/example_dags/example_task_group.py
[2024-04-15T10:48:06.928+0000] {processor.py:830} INFO - Processing file /home/airflow/.local/lib/python3.8/site-packages/airflow/example_dags/example_task_group.py for tasks to queue
[2024-04-15T10:48:06.931+0000] {logging_mixin.py:188} INFO - [2024-04-15T10:48:06.930+0000] {dagbag.py:540} INFO - Filling up the DagBag from /home/airflow/.local/lib/python3.8/site-packages/airflow/example_dags/example_task_group.py
[2024-04-15T10:48:06.938+0000] {processor.py:840} INFO - DAG(s) 'example_task_group' retrieved from /home/airflow/.local/lib/python3.8/site-packages/airflow/example_dags/example_task_group.py
[2024-04-15T10:48:06.962+0000] {logging_mixin.py:188} INFO - [2024-04-15T10:48:06.962+0000] {dag.py:3047} INFO - Sync 1 DAGs
[2024-04-15T10:48:06.985+0000] {logging_mixin.py:188} INFO - [2024-04-15T10:48:06.985+0000] {dag.py:3834} INFO - Setting next_dagrun for example_task_group to 2024-04-14 00:00:00+00:00, run_after=2024-04-15 00:00:00+00:00
[2024-04-15T10:48:07.010+0000] {processor.py:183} INFO - Processing /home/airflow/.local/lib/python3.8/site-packages/airflow/example_dags/example_task_group.py took 0.085 seconds
[2024-04-15T10:48:37.396+0000] {processor.py:161} INFO - Started process (PID=821) to work on /home/airflow/.local/lib/python3.8/site-packages/airflow/example_dags/example_task_group.py
[2024-04-15T10:48:37.398+0000] {processor.py:830} INFO - Processing file /home/airflow/.local/lib/python3.8/site-packages/airflow/example_dags/example_task_group.py for tasks to queue
[2024-04-15T10:48:37.400+0000] {logging_mixin.py:188} INFO - [2024-04-15T10:48:37.400+0000] {dagbag.py:540} INFO - Filling up the DagBag from /home/airflow/.local/lib/python3.8/site-packages/airflow/example_dags/example_task_group.py
[2024-04-15T10:48:37.412+0000] {processor.py:840} INFO - DAG(s) 'example_task_group' retrieved from /home/airflow/.local/lib/python3.8/site-packages/airflow/example_dags/example_task_group.py
[2024-04-15T10:48:37.440+0000] {logging_mixin.py:188} INFO - [2024-04-15T10:48:37.440+0000] {dag.py:3047} INFO - Sync 1 DAGs
[2024-04-15T10:48:37.461+0000] {logging_mixin.py:188} INFO - [2024-04-15T10:48:37.461+0000] {dag.py:3834} INFO - Setting next_dagrun for example_task_group to 2024-04-14 00:00:00+00:00, run_after=2024-04-15 00:00:00+00:00
[2024-04-15T10:48:37.480+0000] {processor.py:183} INFO - Processing /home/airflow/.local/lib/python3.8/site-packages/airflow/example_dags/example_task_group.py took 0.088 seconds
[2024-04-15T10:49:57.898+0000] {processor.py:161} INFO - Started process (PID=877) to work on /home/airflow/.local/lib/python3.8/site-packages/airflow/example_dags/example_task_group.py
[2024-04-15T10:49:57.900+0000] {processor.py:830} INFO - Processing file /home/airflow/.local/lib/python3.8/site-packages/airflow/example_dags/example_task_group.py for tasks to queue
[2024-04-15T10:49:57.901+0000] {logging_mixin.py:188} INFO - [2024-04-15T10:49:57.901+0000] {dagbag.py:540} INFO - Filling up the DagBag from /home/airflow/.local/lib/python3.8/site-packages/airflow/example_dags/example_task_group.py
[2024-04-15T10:49:57.910+0000] {processor.py:840} INFO - DAG(s) 'example_task_group' retrieved from /home/airflow/.local/lib/python3.8/site-packages/airflow/example_dags/example_task_group.py
[2024-04-15T10:49:57.936+0000] {logging_mixin.py:188} INFO - [2024-04-15T10:49:57.936+0000] {dag.py:3047} INFO - Sync 1 DAGs
[2024-04-15T10:49:57.962+0000] {logging_mixin.py:188} INFO - [2024-04-15T10:49:57.961+0000] {dag.py:3834} INFO - Setting next_dagrun for example_task_group to 2024-04-14 00:00:00+00:00, run_after=2024-04-15 00:00:00+00:00
[2024-04-15T10:49:57.984+0000] {processor.py:183} INFO - Processing /home/airflow/.local/lib/python3.8/site-packages/airflow/example_dags/example_task_group.py took 0.089 seconds
[2024-04-15T10:50:28.653+0000] {processor.py:161} INFO - Started process (PID=932) to work on /home/airflow/.local/lib/python3.8/site-packages/airflow/example_dags/example_task_group.py
[2024-04-15T10:50:28.654+0000] {processor.py:830} INFO - Processing file /home/airflow/.local/lib/python3.8/site-packages/airflow/example_dags/example_task_group.py for tasks to queue
[2024-04-15T10:50:28.656+0000] {logging_mixin.py:188} INFO - [2024-04-15T10:50:28.656+0000] {dagbag.py:540} INFO - Filling up the DagBag from /home/airflow/.local/lib/python3.8/site-packages/airflow/example_dags/example_task_group.py
[2024-04-15T10:50:28.663+0000] {processor.py:840} INFO - DAG(s) 'example_task_group' retrieved from /home/airflow/.local/lib/python3.8/site-packages/airflow/example_dags/example_task_group.py
[2024-04-15T10:50:28.687+0000] {logging_mixin.py:188} INFO - [2024-04-15T10:50:28.687+0000] {dag.py:3047} INFO - Sync 1 DAGs
[2024-04-15T10:50:28.712+0000] {logging_mixin.py:188} INFO - [2024-04-15T10:50:28.712+0000] {dag.py:3834} INFO - Setting next_dagrun for example_task_group to 2024-04-14 00:00:00+00:00, run_after=2024-04-15 00:00:00+00:00
[2024-04-15T10:50:28.739+0000] {processor.py:183} INFO - Processing /home/airflow/.local/lib/python3.8/site-packages/airflow/example_dags/example_task_group.py took 0.089 seconds
[2024-04-15T10:50:59.088+0000] {processor.py:161} INFO - Started process (PID=987) to work on /home/airflow/.local/lib/python3.8/site-packages/airflow/example_dags/example_task_group.py
[2024-04-15T10:50:59.090+0000] {processor.py:830} INFO - Processing file /home/airflow/.local/lib/python3.8/site-packages/airflow/example_dags/example_task_group.py for tasks to queue
[2024-04-15T10:50:59.092+0000] {logging_mixin.py:188} INFO - [2024-04-15T10:50:59.092+0000] {dagbag.py:540} INFO - Filling up the DagBag from /home/airflow/.local/lib/python3.8/site-packages/airflow/example_dags/example_task_group.py
[2024-04-15T10:50:59.101+0000] {processor.py:840} INFO - DAG(s) 'example_task_group' retrieved from /home/airflow/.local/lib/python3.8/site-packages/airflow/example_dags/example_task_group.py
[2024-04-15T10:50:59.125+0000] {logging_mixin.py:188} INFO - [2024-04-15T10:50:59.125+0000] {dag.py:3047} INFO - Sync 1 DAGs
[2024-04-15T10:50:59.148+0000] {logging_mixin.py:188} INFO - [2024-04-15T10:50:59.147+0000] {dag.py:3834} INFO - Setting next_dagrun for example_task_group to 2024-04-14 00:00:00+00:00, run_after=2024-04-15 00:00:00+00:00
[2024-04-15T10:50:59.172+0000] {processor.py:183} INFO - Processing /home/airflow/.local/lib/python3.8/site-packages/airflow/example_dags/example_task_group.py took 0.087 seconds
[2024-04-15T10:51:29.494+0000] {processor.py:161} INFO - Started process (PID=1042) to work on /home/airflow/.local/lib/python3.8/site-packages/airflow/example_dags/example_task_group.py
[2024-04-15T10:51:29.496+0000] {processor.py:830} INFO - Processing file /home/airflow/.local/lib/python3.8/site-packages/airflow/example_dags/example_task_group.py for tasks to queue
[2024-04-15T10:51:29.499+0000] {logging_mixin.py:188} INFO - [2024-04-15T10:51:29.498+0000] {dagbag.py:540} INFO - Filling up the DagBag from /home/airflow/.local/lib/python3.8/site-packages/airflow/example_dags/example_task_group.py
[2024-04-15T10:51:29.506+0000] {processor.py:840} INFO - DAG(s) 'example_task_group' retrieved from /home/airflow/.local/lib/python3.8/site-packages/airflow/example_dags/example_task_group.py
[2024-04-15T10:51:29.530+0000] {logging_mixin.py:188} INFO - [2024-04-15T10:51:29.530+0000] {dag.py:3047} INFO - Sync 1 DAGs
[2024-04-15T10:51:29.550+0000] {logging_mixin.py:188} INFO - [2024-04-15T10:51:29.550+0000] {dag.py:3834} INFO - Setting next_dagrun for example_task_group to 2024-04-14 00:00:00+00:00, run_after=2024-04-15 00:00:00+00:00
[2024-04-15T10:51:29.575+0000] {processor.py:183} INFO - Processing /home/airflow/.local/lib/python3.8/site-packages/airflow/example_dags/example_task_group.py took 0.084 seconds
[2024-04-15T10:51:59.837+0000] {processor.py:161} INFO - Started process (PID=1097) to work on /home/airflow/.local/lib/python3.8/site-packages/airflow/example_dags/example_task_group.py
[2024-04-15T10:51:59.839+0000] {processor.py:830} INFO - Processing file /home/airflow/.local/lib/python3.8/site-packages/airflow/example_dags/example_task_group.py for tasks to queue
[2024-04-15T10:51:59.841+0000] {logging_mixin.py:188} INFO - [2024-04-15T10:51:59.841+0000] {dagbag.py:540} INFO - Filling up the DagBag from /home/airflow/.local/lib/python3.8/site-packages/airflow/example_dags/example_task_group.py
[2024-04-15T10:51:59.849+0000] {processor.py:840} INFO - DAG(s) 'example_task_group' retrieved from /home/airflow/.local/lib/python3.8/site-packages/airflow/example_dags/example_task_group.py
[2024-04-15T10:51:59.874+0000] {logging_mixin.py:188} INFO - [2024-04-15T10:51:59.874+0000] {dag.py:3047} INFO - Sync 1 DAGs
[2024-04-15T10:51:59.898+0000] {logging_mixin.py:188} INFO - [2024-04-15T10:51:59.898+0000] {dag.py:3834} INFO - Setting next_dagrun for example_task_group to 2024-04-14 00:00:00+00:00, run_after=2024-04-15 00:00:00+00:00
[2024-04-15T10:51:59.925+0000] {processor.py:183} INFO - Processing /home/airflow/.local/lib/python3.8/site-packages/airflow/example_dags/example_task_group.py took 0.091 seconds
[2024-04-15T10:52:30.372+0000] {processor.py:161} INFO - Started process (PID=1152) to work on /home/airflow/.local/lib/python3.8/site-packages/airflow/example_dags/example_task_group.py
[2024-04-15T10:52:30.373+0000] {processor.py:830} INFO - Processing file /home/airflow/.local/lib/python3.8/site-packages/airflow/example_dags/example_task_group.py for tasks to queue
[2024-04-15T10:52:30.375+0000] {logging_mixin.py:188} INFO - [2024-04-15T10:52:30.375+0000] {dagbag.py:540} INFO - Filling up the DagBag from /home/airflow/.local/lib/python3.8/site-packages/airflow/example_dags/example_task_group.py
[2024-04-15T10:52:30.382+0000] {processor.py:840} INFO - DAG(s) 'example_task_group' retrieved from /home/airflow/.local/lib/python3.8/site-packages/airflow/example_dags/example_task_group.py
[2024-04-15T10:52:30.406+0000] {logging_mixin.py:188} INFO - [2024-04-15T10:52:30.406+0000] {dag.py:3047} INFO - Sync 1 DAGs
[2024-04-15T10:52:30.428+0000] {logging_mixin.py:188} INFO - [2024-04-15T10:52:30.428+0000] {dag.py:3834} INFO - Setting next_dagrun for example_task_group to 2024-04-14 00:00:00+00:00, run_after=2024-04-15 00:00:00+00:00
[2024-04-15T10:52:30.454+0000] {processor.py:183} INFO - Processing /home/airflow/.local/lib/python3.8/site-packages/airflow/example_dags/example_task_group.py took 0.085 seconds
[2024-04-15T11:28:56.779+0000] {processor.py:161} INFO - Started process (PID=1221) to work on /home/airflow/.local/lib/python3.8/site-packages/airflow/example_dags/example_task_group.py
[2024-04-15T11:28:56.782+0000] {processor.py:830} INFO - Processing file /home/airflow/.local/lib/python3.8/site-packages/airflow/example_dags/example_task_group.py for tasks to queue
[2024-04-15T11:28:56.789+0000] {logging_mixin.py:188} INFO - [2024-04-15T11:28:56.788+0000] {dagbag.py:540} INFO - Filling up the DagBag from /home/airflow/.local/lib/python3.8/site-packages/airflow/example_dags/example_task_group.py
[2024-04-15T11:28:56.801+0000] {processor.py:840} INFO - DAG(s) 'example_task_group' retrieved from /home/airflow/.local/lib/python3.8/site-packages/airflow/example_dags/example_task_group.py
[2024-04-15T11:28:56.844+0000] {logging_mixin.py:188} INFO - [2024-04-15T11:28:56.843+0000] {dag.py:3047} INFO - Sync 1 DAGs
[2024-04-15T11:28:56.888+0000] {logging_mixin.py:188} INFO - [2024-04-15T11:28:56.887+0000] {dag.py:3834} INFO - Setting next_dagrun for example_task_group to 2024-04-14 00:00:00+00:00, run_after=2024-04-15 00:00:00+00:00
[2024-04-15T11:28:56.937+0000] {processor.py:183} INFO - Processing /home/airflow/.local/lib/python3.8/site-packages/airflow/example_dags/example_task_group.py took 0.163 seconds
[2024-04-15T11:29:27.280+0000] {processor.py:161} INFO - Started process (PID=1276) to work on /home/airflow/.local/lib/python3.8/site-packages/airflow/example_dags/example_task_group.py
[2024-04-15T11:29:27.282+0000] {processor.py:830} INFO - Processing file /home/airflow/.local/lib/python3.8/site-packages/airflow/example_dags/example_task_group.py for tasks to queue
[2024-04-15T11:29:27.284+0000] {logging_mixin.py:188} INFO - [2024-04-15T11:29:27.284+0000] {dagbag.py:540} INFO - Filling up the DagBag from /home/airflow/.local/lib/python3.8/site-packages/airflow/example_dags/example_task_group.py
[2024-04-15T11:29:27.291+0000] {processor.py:840} INFO - DAG(s) 'example_task_group' retrieved from /home/airflow/.local/lib/python3.8/site-packages/airflow/example_dags/example_task_group.py
[2024-04-15T11:29:27.315+0000] {logging_mixin.py:188} INFO - [2024-04-15T11:29:27.315+0000] {dag.py:3047} INFO - Sync 1 DAGs
[2024-04-15T11:29:27.339+0000] {logging_mixin.py:188} INFO - [2024-04-15T11:29:27.338+0000] {dag.py:3834} INFO - Setting next_dagrun for example_task_group to 2024-04-14 00:00:00+00:00, run_after=2024-04-15 00:00:00+00:00
[2024-04-15T11:29:27.367+0000] {processor.py:183} INFO - Processing /home/airflow/.local/lib/python3.8/site-packages/airflow/example_dags/example_task_group.py took 0.089 seconds
[2024-04-15T11:29:57.756+0000] {processor.py:161} INFO - Started process (PID=1331) to work on /home/airflow/.local/lib/python3.8/site-packages/airflow/example_dags/example_task_group.py
[2024-04-15T11:29:57.758+0000] {processor.py:830} INFO - Processing file /home/airflow/.local/lib/python3.8/site-packages/airflow/example_dags/example_task_group.py for tasks to queue
[2024-04-15T11:29:57.760+0000] {logging_mixin.py:188} INFO - [2024-04-15T11:29:57.760+0000] {dagbag.py:540} INFO - Filling up the DagBag from /home/airflow/.local/lib/python3.8/site-packages/airflow/example_dags/example_task_group.py
[2024-04-15T11:29:57.768+0000] {processor.py:840} INFO - DAG(s) 'example_task_group' retrieved from /home/airflow/.local/lib/python3.8/site-packages/airflow/example_dags/example_task_group.py
[2024-04-15T11:29:57.792+0000] {logging_mixin.py:188} INFO - [2024-04-15T11:29:57.792+0000] {dag.py:3047} INFO - Sync 1 DAGs
[2024-04-15T11:29:57.815+0000] {logging_mixin.py:188} INFO - [2024-04-15T11:29:57.814+0000] {dag.py:3834} INFO - Setting next_dagrun for example_task_group to 2024-04-14 00:00:00+00:00, run_after=2024-04-15 00:00:00+00:00
[2024-04-15T11:29:57.840+0000] {processor.py:183} INFO - Processing /home/airflow/.local/lib/python3.8/site-packages/airflow/example_dags/example_task_group.py took 0.087 seconds
[2024-04-15T11:30:28.149+0000] {processor.py:161} INFO - Started process (PID=1386) to work on /home/airflow/.local/lib/python3.8/site-packages/airflow/example_dags/example_task_group.py
[2024-04-15T11:30:28.151+0000] {processor.py:830} INFO - Processing file /home/airflow/.local/lib/python3.8/site-packages/airflow/example_dags/example_task_group.py for tasks to queue
[2024-04-15T11:30:28.153+0000] {logging_mixin.py:188} INFO - [2024-04-15T11:30:28.153+0000] {dagbag.py:540} INFO - Filling up the DagBag from /home/airflow/.local/lib/python3.8/site-packages/airflow/example_dags/example_task_group.py
[2024-04-15T11:30:28.160+0000] {processor.py:840} INFO - DAG(s) 'example_task_group' retrieved from /home/airflow/.local/lib/python3.8/site-packages/airflow/example_dags/example_task_group.py
[2024-04-15T11:30:28.184+0000] {logging_mixin.py:188} INFO - [2024-04-15T11:30:28.183+0000] {dag.py:3047} INFO - Sync 1 DAGs
[2024-04-15T11:30:28.205+0000] {logging_mixin.py:188} INFO - [2024-04-15T11:30:28.205+0000] {dag.py:3834} INFO - Setting next_dagrun for example_task_group to 2024-04-14 00:00:00+00:00, run_after=2024-04-15 00:00:00+00:00
[2024-04-15T11:30:28.228+0000] {processor.py:183} INFO - Processing /home/airflow/.local/lib/python3.8/site-packages/airflow/example_dags/example_task_group.py took 0.081 seconds
[2024-04-15T11:30:58.577+0000] {processor.py:161} INFO - Started process (PID=1441) to work on /home/airflow/.local/lib/python3.8/site-packages/airflow/example_dags/example_task_group.py
[2024-04-15T11:30:58.578+0000] {processor.py:830} INFO - Processing file /home/airflow/.local/lib/python3.8/site-packages/airflow/example_dags/example_task_group.py for tasks to queue
[2024-04-15T11:30:58.581+0000] {logging_mixin.py:188} INFO - [2024-04-15T11:30:58.580+0000] {dagbag.py:540} INFO - Filling up the DagBag from /home/airflow/.local/lib/python3.8/site-packages/airflow/example_dags/example_task_group.py
[2024-04-15T11:30:58.590+0000] {processor.py:840} INFO - DAG(s) 'example_task_group' retrieved from /home/airflow/.local/lib/python3.8/site-packages/airflow/example_dags/example_task_group.py
[2024-04-15T11:30:58.614+0000] {logging_mixin.py:188} INFO - [2024-04-15T11:30:58.614+0000] {dag.py:3047} INFO - Sync 1 DAGs
[2024-04-15T11:30:58.637+0000] {logging_mixin.py:188} INFO - [2024-04-15T11:30:58.637+0000] {dag.py:3834} INFO - Setting next_dagrun for example_task_group to 2024-04-14 00:00:00+00:00, run_after=2024-04-15 00:00:00+00:00
[2024-04-15T11:30:58.665+0000] {processor.py:183} INFO - Processing /home/airflow/.local/lib/python3.8/site-packages/airflow/example_dags/example_task_group.py took 0.092 seconds
[2024-04-15T11:31:28.836+0000] {processor.py:161} INFO - Started process (PID=1496) to work on /home/airflow/.local/lib/python3.8/site-packages/airflow/example_dags/example_task_group.py
[2024-04-15T11:31:28.838+0000] {processor.py:830} INFO - Processing file /home/airflow/.local/lib/python3.8/site-packages/airflow/example_dags/example_task_group.py for tasks to queue
[2024-04-15T11:31:28.840+0000] {logging_mixin.py:188} INFO - [2024-04-15T11:31:28.839+0000] {dagbag.py:540} INFO - Filling up the DagBag from /home/airflow/.local/lib/python3.8/site-packages/airflow/example_dags/example_task_group.py
[2024-04-15T11:31:28.846+0000] {processor.py:840} INFO - DAG(s) 'example_task_group' retrieved from /home/airflow/.local/lib/python3.8/site-packages/airflow/example_dags/example_task_group.py
[2024-04-15T11:31:28.871+0000] {logging_mixin.py:188} INFO - [2024-04-15T11:31:28.871+0000] {dag.py:3047} INFO - Sync 1 DAGs
[2024-04-15T11:31:28.892+0000] {logging_mixin.py:188} INFO - [2024-04-15T11:31:28.892+0000] {dag.py:3834} INFO - Setting next_dagrun for example_task_group to 2024-04-14 00:00:00+00:00, run_after=2024-04-15 00:00:00+00:00
[2024-04-15T11:31:28.914+0000] {processor.py:183} INFO - Processing /home/airflow/.local/lib/python3.8/site-packages/airflow/example_dags/example_task_group.py took 0.081 seconds
[2024-04-15T11:31:59.255+0000] {processor.py:161} INFO - Started process (PID=1551) to work on /home/airflow/.local/lib/python3.8/site-packages/airflow/example_dags/example_task_group.py
[2024-04-15T11:31:59.257+0000] {processor.py:830} INFO - Processing file /home/airflow/.local/lib/python3.8/site-packages/airflow/example_dags/example_task_group.py for tasks to queue
[2024-04-15T11:31:59.260+0000] {logging_mixin.py:188} INFO - [2024-04-15T11:31:59.259+0000] {dagbag.py:540} INFO - Filling up the DagBag from /home/airflow/.local/lib/python3.8/site-packages/airflow/example_dags/example_task_group.py
[2024-04-15T11:31:59.272+0000] {processor.py:840} INFO - DAG(s) 'example_task_group' retrieved from /home/airflow/.local/lib/python3.8/site-packages/airflow/example_dags/example_task_group.py
[2024-04-15T11:31:59.302+0000] {logging_mixin.py:188} INFO - [2024-04-15T11:31:59.302+0000] {dag.py:3047} INFO - Sync 1 DAGs
[2024-04-15T11:31:59.334+0000] {logging_mixin.py:188} INFO - [2024-04-15T11:31:59.334+0000] {dag.py:3834} INFO - Setting next_dagrun for example_task_group to 2024-04-14 00:00:00+00:00, run_after=2024-04-15 00:00:00+00:00
[2024-04-15T11:31:59.354+0000] {processor.py:183} INFO - Processing /home/airflow/.local/lib/python3.8/site-packages/airflow/example_dags/example_task_group.py took 0.103 seconds
[2024-04-15T12:11:21.553+0000] {processor.py:161} INFO - Started process (PID=1595) to work on /home/airflow/.local/lib/python3.8/site-packages/airflow/example_dags/example_task_group.py
[2024-04-15T12:11:21.554+0000] {processor.py:830} INFO - Processing file /home/airflow/.local/lib/python3.8/site-packages/airflow/example_dags/example_task_group.py for tasks to queue
[2024-04-15T12:11:21.556+0000] {logging_mixin.py:188} INFO - [2024-04-15T12:11:21.556+0000] {dagbag.py:540} INFO - Filling up the DagBag from /home/airflow/.local/lib/python3.8/site-packages/airflow/example_dags/example_task_group.py
[2024-04-15T12:11:21.565+0000] {processor.py:840} INFO - DAG(s) 'example_task_group' retrieved from /home/airflow/.local/lib/python3.8/site-packages/airflow/example_dags/example_task_group.py
[2024-04-15T12:11:21.594+0000] {logging_mixin.py:188} INFO - [2024-04-15T12:11:21.594+0000] {dag.py:3047} INFO - Sync 1 DAGs
[2024-04-15T12:11:21.618+0000] {logging_mixin.py:188} INFO - [2024-04-15T12:11:21.618+0000] {dag.py:3834} INFO - Setting next_dagrun for example_task_group to 2024-04-14 00:00:00+00:00, run_after=2024-04-15 00:00:00+00:00
[2024-04-15T12:11:21.644+0000] {processor.py:183} INFO - Processing /home/airflow/.local/lib/python3.8/site-packages/airflow/example_dags/example_task_group.py took 0.095 seconds
[2024-04-15T12:11:52.166+0000] {processor.py:161} INFO - Started process (PID=1650) to work on /home/airflow/.local/lib/python3.8/site-packages/airflow/example_dags/example_task_group.py
[2024-04-15T12:11:52.167+0000] {processor.py:830} INFO - Processing file /home/airflow/.local/lib/python3.8/site-packages/airflow/example_dags/example_task_group.py for tasks to queue
[2024-04-15T12:11:52.168+0000] {logging_mixin.py:188} INFO - [2024-04-15T12:11:52.168+0000] {dagbag.py:540} INFO - Filling up the DagBag from /home/airflow/.local/lib/python3.8/site-packages/airflow/example_dags/example_task_group.py
[2024-04-15T12:11:52.179+0000] {processor.py:840} INFO - DAG(s) 'example_task_group' retrieved from /home/airflow/.local/lib/python3.8/site-packages/airflow/example_dags/example_task_group.py
[2024-04-15T12:11:52.223+0000] {logging_mixin.py:188} INFO - [2024-04-15T12:11:52.222+0000] {dag.py:3047} INFO - Sync 1 DAGs
[2024-04-15T12:11:52.280+0000] {logging_mixin.py:188} INFO - [2024-04-15T12:11:52.280+0000] {dag.py:3834} INFO - Setting next_dagrun for example_task_group to 2024-04-14 00:00:00+00:00, run_after=2024-04-15 00:00:00+00:00
[2024-04-15T12:11:52.322+0000] {processor.py:183} INFO - Processing /home/airflow/.local/lib/python3.8/site-packages/airflow/example_dags/example_task_group.py took 0.160 seconds
[2024-04-15T12:12:23.600+0000] {processor.py:161} INFO - Started process (PID=1705) to work on /home/airflow/.local/lib/python3.8/site-packages/airflow/example_dags/example_task_group.py
[2024-04-15T12:12:23.618+0000] {processor.py:830} INFO - Processing file /home/airflow/.local/lib/python3.8/site-packages/airflow/example_dags/example_task_group.py for tasks to queue
[2024-04-15T12:12:23.620+0000] {logging_mixin.py:188} INFO - [2024-04-15T12:12:23.619+0000] {dagbag.py:540} INFO - Filling up the DagBag from /home/airflow/.local/lib/python3.8/site-packages/airflow/example_dags/example_task_group.py
[2024-04-15T12:12:23.654+0000] {processor.py:840} INFO - DAG(s) 'example_task_group' retrieved from /home/airflow/.local/lib/python3.8/site-packages/airflow/example_dags/example_task_group.py
[2024-04-15T12:12:23.715+0000] {logging_mixin.py:188} INFO - [2024-04-15T12:12:23.712+0000] {dag.py:3047} INFO - Sync 1 DAGs
[2024-04-15T12:12:23.775+0000] {logging_mixin.py:188} INFO - [2024-04-15T12:12:23.773+0000] {dag.py:3834} INFO - Setting next_dagrun for example_task_group to 2024-04-14 00:00:00+00:00, run_after=2024-04-15 00:00:00+00:00
[2024-04-15T12:12:23.824+0000] {processor.py:183} INFO - Processing /home/airflow/.local/lib/python3.8/site-packages/airflow/example_dags/example_task_group.py took 0.232 seconds
[2024-04-15T12:12:54.131+0000] {processor.py:161} INFO - Started process (PID=1760) to work on /home/airflow/.local/lib/python3.8/site-packages/airflow/example_dags/example_task_group.py
[2024-04-15T12:12:54.133+0000] {processor.py:830} INFO - Processing file /home/airflow/.local/lib/python3.8/site-packages/airflow/example_dags/example_task_group.py for tasks to queue
[2024-04-15T12:12:54.134+0000] {logging_mixin.py:188} INFO - [2024-04-15T12:12:54.134+0000] {dagbag.py:540} INFO - Filling up the DagBag from /home/airflow/.local/lib/python3.8/site-packages/airflow/example_dags/example_task_group.py
[2024-04-15T12:12:54.143+0000] {processor.py:840} INFO - DAG(s) 'example_task_group' retrieved from /home/airflow/.local/lib/python3.8/site-packages/airflow/example_dags/example_task_group.py
[2024-04-15T12:12:54.168+0000] {logging_mixin.py:188} INFO - [2024-04-15T12:12:54.168+0000] {dag.py:3047} INFO - Sync 1 DAGs
[2024-04-15T12:12:54.194+0000] {logging_mixin.py:188} INFO - [2024-04-15T12:12:54.194+0000] {dag.py:3834} INFO - Setting next_dagrun for example_task_group to 2024-04-14 00:00:00+00:00, run_after=2024-04-15 00:00:00+00:00
[2024-04-15T12:12:54.217+0000] {processor.py:183} INFO - Processing /home/airflow/.local/lib/python3.8/site-packages/airflow/example_dags/example_task_group.py took 0.090 seconds
[2024-04-15T12:13:24.503+0000] {processor.py:161} INFO - Started process (PID=1815) to work on /home/airflow/.local/lib/python3.8/site-packages/airflow/example_dags/example_task_group.py
[2024-04-15T12:13:24.505+0000] {processor.py:830} INFO - Processing file /home/airflow/.local/lib/python3.8/site-packages/airflow/example_dags/example_task_group.py for tasks to queue
[2024-04-15T12:13:24.506+0000] {logging_mixin.py:188} INFO - [2024-04-15T12:13:24.506+0000] {dagbag.py:540} INFO - Filling up the DagBag from /home/airflow/.local/lib/python3.8/site-packages/airflow/example_dags/example_task_group.py
[2024-04-15T12:13:24.516+0000] {processor.py:840} INFO - DAG(s) 'example_task_group' retrieved from /home/airflow/.local/lib/python3.8/site-packages/airflow/example_dags/example_task_group.py
[2024-04-15T12:13:24.543+0000] {logging_mixin.py:188} INFO - [2024-04-15T12:13:24.542+0000] {dag.py:3047} INFO - Sync 1 DAGs
[2024-04-15T12:13:24.564+0000] {logging_mixin.py:188} INFO - [2024-04-15T12:13:24.564+0000] {dag.py:3834} INFO - Setting next_dagrun for example_task_group to 2024-04-14 00:00:00+00:00, run_after=2024-04-15 00:00:00+00:00
[2024-04-15T12:13:24.587+0000] {processor.py:183} INFO - Processing /home/airflow/.local/lib/python3.8/site-packages/airflow/example_dags/example_task_group.py took 0.087 seconds
[2024-04-15T12:13:55.141+0000] {processor.py:161} INFO - Started process (PID=1870) to work on /home/airflow/.local/lib/python3.8/site-packages/airflow/example_dags/example_task_group.py
[2024-04-15T12:13:55.142+0000] {processor.py:830} INFO - Processing file /home/airflow/.local/lib/python3.8/site-packages/airflow/example_dags/example_task_group.py for tasks to queue
[2024-04-15T12:13:55.143+0000] {logging_mixin.py:188} INFO - [2024-04-15T12:13:55.143+0000] {dagbag.py:540} INFO - Filling up the DagBag from /home/airflow/.local/lib/python3.8/site-packages/airflow/example_dags/example_task_group.py
[2024-04-15T12:13:55.152+0000] {processor.py:840} INFO - DAG(s) 'example_task_group' retrieved from /home/airflow/.local/lib/python3.8/site-packages/airflow/example_dags/example_task_group.py
[2024-04-15T12:13:55.177+0000] {logging_mixin.py:188} INFO - [2024-04-15T12:13:55.177+0000] {dag.py:3047} INFO - Sync 1 DAGs
[2024-04-15T12:13:55.201+0000] {logging_mixin.py:188} INFO - [2024-04-15T12:13:55.201+0000] {dag.py:3834} INFO - Setting next_dagrun for example_task_group to 2024-04-14 00:00:00+00:00, run_after=2024-04-15 00:00:00+00:00
[2024-04-15T12:13:55.225+0000] {processor.py:183} INFO - Processing /home/airflow/.local/lib/python3.8/site-packages/airflow/example_dags/example_task_group.py took 0.088 seconds
[2024-04-15T12:14:25.426+0000] {processor.py:161} INFO - Started process (PID=1925) to work on /home/airflow/.local/lib/python3.8/site-packages/airflow/example_dags/example_task_group.py
[2024-04-15T12:14:25.427+0000] {processor.py:830} INFO - Processing file /home/airflow/.local/lib/python3.8/site-packages/airflow/example_dags/example_task_group.py for tasks to queue
[2024-04-15T12:14:25.429+0000] {logging_mixin.py:188} INFO - [2024-04-15T12:14:25.429+0000] {dagbag.py:540} INFO - Filling up the DagBag from /home/airflow/.local/lib/python3.8/site-packages/airflow/example_dags/example_task_group.py
[2024-04-15T12:14:25.437+0000] {processor.py:840} INFO - DAG(s) 'example_task_group' retrieved from /home/airflow/.local/lib/python3.8/site-packages/airflow/example_dags/example_task_group.py
[2024-04-15T12:14:25.462+0000] {logging_mixin.py:188} INFO - [2024-04-15T12:14:25.461+0000] {dag.py:3047} INFO - Sync 1 DAGs
[2024-04-15T12:14:25.485+0000] {logging_mixin.py:188} INFO - [2024-04-15T12:14:25.485+0000] {dag.py:3834} INFO - Setting next_dagrun for example_task_group to 2024-04-14 00:00:00+00:00, run_after=2024-04-15 00:00:00+00:00
[2024-04-15T12:14:25.509+0000] {processor.py:183} INFO - Processing /home/airflow/.local/lib/python3.8/site-packages/airflow/example_dags/example_task_group.py took 0.087 seconds
[2024-04-15T12:14:55.856+0000] {processor.py:161} INFO - Started process (PID=1980) to work on /home/airflow/.local/lib/python3.8/site-packages/airflow/example_dags/example_task_group.py
[2024-04-15T12:14:55.857+0000] {processor.py:830} INFO - Processing file /home/airflow/.local/lib/python3.8/site-packages/airflow/example_dags/example_task_group.py for tasks to queue
[2024-04-15T12:14:55.859+0000] {logging_mixin.py:188} INFO - [2024-04-15T12:14:55.858+0000] {dagbag.py:540} INFO - Filling up the DagBag from /home/airflow/.local/lib/python3.8/site-packages/airflow/example_dags/example_task_group.py
[2024-04-15T12:14:55.868+0000] {processor.py:840} INFO - DAG(s) 'example_task_group' retrieved from /home/airflow/.local/lib/python3.8/site-packages/airflow/example_dags/example_task_group.py
[2024-04-15T12:14:55.899+0000] {logging_mixin.py:188} INFO - [2024-04-15T12:14:55.898+0000] {dag.py:3047} INFO - Sync 1 DAGs
[2024-04-15T12:14:55.939+0000] {logging_mixin.py:188} INFO - [2024-04-15T12:14:55.939+0000] {dag.py:3834} INFO - Setting next_dagrun for example_task_group to 2024-04-14 00:00:00+00:00, run_after=2024-04-15 00:00:00+00:00
[2024-04-15T12:14:55.964+0000] {processor.py:183} INFO - Processing /home/airflow/.local/lib/python3.8/site-packages/airflow/example_dags/example_task_group.py took 0.111 seconds
[2024-04-15T12:15:26.091+0000] {processor.py:161} INFO - Started process (PID=2035) to work on /home/airflow/.local/lib/python3.8/site-packages/airflow/example_dags/example_task_group.py
[2024-04-15T12:15:26.092+0000] {processor.py:830} INFO - Processing file /home/airflow/.local/lib/python3.8/site-packages/airflow/example_dags/example_task_group.py for tasks to queue
[2024-04-15T12:15:26.093+0000] {logging_mixin.py:188} INFO - [2024-04-15T12:15:26.093+0000] {dagbag.py:540} INFO - Filling up the DagBag from /home/airflow/.local/lib/python3.8/site-packages/airflow/example_dags/example_task_group.py
[2024-04-15T12:15:26.102+0000] {processor.py:840} INFO - DAG(s) 'example_task_group' retrieved from /home/airflow/.local/lib/python3.8/site-packages/airflow/example_dags/example_task_group.py
[2024-04-15T12:15:26.125+0000] {logging_mixin.py:188} INFO - [2024-04-15T12:15:26.125+0000] {dag.py:3047} INFO - Sync 1 DAGs
[2024-04-15T12:15:26.147+0000] {logging_mixin.py:188} INFO - [2024-04-15T12:15:26.147+0000] {dag.py:3834} INFO - Setting next_dagrun for example_task_group to 2024-04-14 00:00:00+00:00, run_after=2024-04-15 00:00:00+00:00
[2024-04-15T12:15:26.171+0000] {processor.py:183} INFO - Processing /home/airflow/.local/lib/python3.8/site-packages/airflow/example_dags/example_task_group.py took 0.083 seconds
[2024-04-15T12:15:56.554+0000] {processor.py:161} INFO - Started process (PID=2090) to work on /home/airflow/.local/lib/python3.8/site-packages/airflow/example_dags/example_task_group.py
[2024-04-15T12:15:56.556+0000] {processor.py:830} INFO - Processing file /home/airflow/.local/lib/python3.8/site-packages/airflow/example_dags/example_task_group.py for tasks to queue
[2024-04-15T12:15:56.557+0000] {logging_mixin.py:188} INFO - [2024-04-15T12:15:56.557+0000] {dagbag.py:540} INFO - Filling up the DagBag from /home/airflow/.local/lib/python3.8/site-packages/airflow/example_dags/example_task_group.py
[2024-04-15T12:15:56.565+0000] {processor.py:840} INFO - DAG(s) 'example_task_group' retrieved from /home/airflow/.local/lib/python3.8/site-packages/airflow/example_dags/example_task_group.py
[2024-04-15T12:15:56.591+0000] {logging_mixin.py:188} INFO - [2024-04-15T12:15:56.591+0000] {dag.py:3047} INFO - Sync 1 DAGs
[2024-04-15T12:15:56.620+0000] {logging_mixin.py:188} INFO - [2024-04-15T12:15:56.619+0000] {dag.py:3834} INFO - Setting next_dagrun for example_task_group to 2024-04-14 00:00:00+00:00, run_after=2024-04-15 00:00:00+00:00
[2024-04-15T12:15:56.644+0000] {processor.py:183} INFO - Processing /home/airflow/.local/lib/python3.8/site-packages/airflow/example_dags/example_task_group.py took 0.093 seconds
[2024-04-15T12:16:26.748+0000] {processor.py:161} INFO - Started process (PID=2145) to work on /home/airflow/.local/lib/python3.8/site-packages/airflow/example_dags/example_task_group.py
[2024-04-15T12:16:26.749+0000] {processor.py:830} INFO - Processing file /home/airflow/.local/lib/python3.8/site-packages/airflow/example_dags/example_task_group.py for tasks to queue
[2024-04-15T12:16:26.750+0000] {logging_mixin.py:188} INFO - [2024-04-15T12:16:26.750+0000] {dagbag.py:540} INFO - Filling up the DagBag from /home/airflow/.local/lib/python3.8/site-packages/airflow/example_dags/example_task_group.py
[2024-04-15T12:16:26.760+0000] {processor.py:840} INFO - DAG(s) 'example_task_group' retrieved from /home/airflow/.local/lib/python3.8/site-packages/airflow/example_dags/example_task_group.py
[2024-04-15T12:16:26.785+0000] {logging_mixin.py:188} INFO - [2024-04-15T12:16:26.785+0000] {dag.py:3047} INFO - Sync 1 DAGs
[2024-04-15T12:16:26.809+0000] {logging_mixin.py:188} INFO - [2024-04-15T12:16:26.809+0000] {dag.py:3834} INFO - Setting next_dagrun for example_task_group to 2024-04-14 00:00:00+00:00, run_after=2024-04-15 00:00:00+00:00
[2024-04-15T12:16:26.833+0000] {processor.py:183} INFO - Processing /home/airflow/.local/lib/python3.8/site-packages/airflow/example_dags/example_task_group.py took 0.088 seconds
[2024-04-15T12:16:56.907+0000] {processor.py:161} INFO - Started process (PID=2199) to work on /home/airflow/.local/lib/python3.8/site-packages/airflow/example_dags/example_task_group.py
[2024-04-15T12:16:56.908+0000] {processor.py:830} INFO - Processing file /home/airflow/.local/lib/python3.8/site-packages/airflow/example_dags/example_task_group.py for tasks to queue
[2024-04-15T12:16:56.910+0000] {logging_mixin.py:188} INFO - [2024-04-15T12:16:56.909+0000] {dagbag.py:540} INFO - Filling up the DagBag from /home/airflow/.local/lib/python3.8/site-packages/airflow/example_dags/example_task_group.py
[2024-04-15T12:16:56.917+0000] {processor.py:840} INFO - DAG(s) 'example_task_group' retrieved from /home/airflow/.local/lib/python3.8/site-packages/airflow/example_dags/example_task_group.py
[2024-04-15T12:16:56.940+0000] {logging_mixin.py:188} INFO - [2024-04-15T12:16:56.940+0000] {dag.py:3047} INFO - Sync 1 DAGs
[2024-04-15T12:16:56.960+0000] {logging_mixin.py:188} INFO - [2024-04-15T12:16:56.959+0000] {dag.py:3834} INFO - Setting next_dagrun for example_task_group to 2024-04-14 00:00:00+00:00, run_after=2024-04-15 00:00:00+00:00
[2024-04-15T12:16:56.983+0000] {processor.py:183} INFO - Processing /home/airflow/.local/lib/python3.8/site-packages/airflow/example_dags/example_task_group.py took 0.080 seconds
[2024-04-15T12:17:27.202+0000] {processor.py:161} INFO - Started process (PID=2253) to work on /home/airflow/.local/lib/python3.8/site-packages/airflow/example_dags/example_task_group.py
[2024-04-15T12:17:27.203+0000] {processor.py:830} INFO - Processing file /home/airflow/.local/lib/python3.8/site-packages/airflow/example_dags/example_task_group.py for tasks to queue
[2024-04-15T12:17:27.204+0000] {logging_mixin.py:188} INFO - [2024-04-15T12:17:27.204+0000] {dagbag.py:540} INFO - Filling up the DagBag from /home/airflow/.local/lib/python3.8/site-packages/airflow/example_dags/example_task_group.py
[2024-04-15T12:17:27.211+0000] {processor.py:840} INFO - DAG(s) 'example_task_group' retrieved from /home/airflow/.local/lib/python3.8/site-packages/airflow/example_dags/example_task_group.py
[2024-04-15T12:17:27.234+0000] {logging_mixin.py:188} INFO - [2024-04-15T12:17:27.234+0000] {dag.py:3047} INFO - Sync 1 DAGs
[2024-04-15T12:17:27.254+0000] {logging_mixin.py:188} INFO - [2024-04-15T12:17:27.254+0000] {dag.py:3834} INFO - Setting next_dagrun for example_task_group to 2024-04-14 00:00:00+00:00, run_after=2024-04-15 00:00:00+00:00
[2024-04-15T12:17:27.278+0000] {processor.py:183} INFO - Processing /home/airflow/.local/lib/python3.8/site-packages/airflow/example_dags/example_task_group.py took 0.079 seconds
[2024-04-15T12:17:57.669+0000] {processor.py:161} INFO - Started process (PID=2308) to work on /home/airflow/.local/lib/python3.8/site-packages/airflow/example_dags/example_task_group.py
[2024-04-15T12:17:57.671+0000] {processor.py:830} INFO - Processing file /home/airflow/.local/lib/python3.8/site-packages/airflow/example_dags/example_task_group.py for tasks to queue
[2024-04-15T12:17:57.672+0000] {logging_mixin.py:188} INFO - [2024-04-15T12:17:57.672+0000] {dagbag.py:540} INFO - Filling up the DagBag from /home/airflow/.local/lib/python3.8/site-packages/airflow/example_dags/example_task_group.py
[2024-04-15T12:17:57.680+0000] {processor.py:840} INFO - DAG(s) 'example_task_group' retrieved from /home/airflow/.local/lib/python3.8/site-packages/airflow/example_dags/example_task_group.py
[2024-04-15T12:17:57.703+0000] {logging_mixin.py:188} INFO - [2024-04-15T12:17:57.703+0000] {dag.py:3047} INFO - Sync 1 DAGs
[2024-04-15T12:17:57.723+0000] {logging_mixin.py:188} INFO - [2024-04-15T12:17:57.723+0000] {dag.py:3834} INFO - Setting next_dagrun for example_task_group to 2024-04-14 00:00:00+00:00, run_after=2024-04-15 00:00:00+00:00
[2024-04-15T12:17:57.750+0000] {processor.py:183} INFO - Processing /home/airflow/.local/lib/python3.8/site-packages/airflow/example_dags/example_task_group.py took 0.084 seconds
[2024-04-15T12:18:28.059+0000] {processor.py:161} INFO - Started process (PID=2363) to work on /home/airflow/.local/lib/python3.8/site-packages/airflow/example_dags/example_task_group.py
[2024-04-15T12:18:28.061+0000] {processor.py:830} INFO - Processing file /home/airflow/.local/lib/python3.8/site-packages/airflow/example_dags/example_task_group.py for tasks to queue
[2024-04-15T12:18:28.063+0000] {logging_mixin.py:188} INFO - [2024-04-15T12:18:28.062+0000] {dagbag.py:540} INFO - Filling up the DagBag from /home/airflow/.local/lib/python3.8/site-packages/airflow/example_dags/example_task_group.py
[2024-04-15T12:18:28.071+0000] {processor.py:840} INFO - DAG(s) 'example_task_group' retrieved from /home/airflow/.local/lib/python3.8/site-packages/airflow/example_dags/example_task_group.py
[2024-04-15T12:18:28.095+0000] {logging_mixin.py:188} INFO - [2024-04-15T12:18:28.095+0000] {dag.py:3047} INFO - Sync 1 DAGs
[2024-04-15T12:18:28.114+0000] {logging_mixin.py:188} INFO - [2024-04-15T12:18:28.114+0000] {dag.py:3834} INFO - Setting next_dagrun for example_task_group to 2024-04-14 00:00:00+00:00, run_after=2024-04-15 00:00:00+00:00
[2024-04-15T12:18:28.139+0000] {processor.py:183} INFO - Processing /home/airflow/.local/lib/python3.8/site-packages/airflow/example_dags/example_task_group.py took 0.083 seconds
[2024-04-15T12:18:58.357+0000] {processor.py:161} INFO - Started process (PID=2418) to work on /home/airflow/.local/lib/python3.8/site-packages/airflow/example_dags/example_task_group.py
[2024-04-15T12:18:58.359+0000] {processor.py:830} INFO - Processing file /home/airflow/.local/lib/python3.8/site-packages/airflow/example_dags/example_task_group.py for tasks to queue
[2024-04-15T12:18:58.361+0000] {logging_mixin.py:188} INFO - [2024-04-15T12:18:58.360+0000] {dagbag.py:540} INFO - Filling up the DagBag from /home/airflow/.local/lib/python3.8/site-packages/airflow/example_dags/example_task_group.py
[2024-04-15T12:18:58.369+0000] {processor.py:840} INFO - DAG(s) 'example_task_group' retrieved from /home/airflow/.local/lib/python3.8/site-packages/airflow/example_dags/example_task_group.py
[2024-04-15T12:18:58.392+0000] {logging_mixin.py:188} INFO - [2024-04-15T12:18:58.392+0000] {dag.py:3047} INFO - Sync 1 DAGs
[2024-04-15T12:18:58.417+0000] {logging_mixin.py:188} INFO - [2024-04-15T12:18:58.416+0000] {dag.py:3834} INFO - Setting next_dagrun for example_task_group to 2024-04-14 00:00:00+00:00, run_after=2024-04-15 00:00:00+00:00
[2024-04-15T12:18:58.442+0000] {processor.py:183} INFO - Processing /home/airflow/.local/lib/python3.8/site-packages/airflow/example_dags/example_task_group.py took 0.089 seconds
[2024-04-15T12:19:28.624+0000] {processor.py:161} INFO - Started process (PID=2473) to work on /home/airflow/.local/lib/python3.8/site-packages/airflow/example_dags/example_task_group.py
[2024-04-15T12:19:28.625+0000] {processor.py:830} INFO - Processing file /home/airflow/.local/lib/python3.8/site-packages/airflow/example_dags/example_task_group.py for tasks to queue
[2024-04-15T12:19:28.626+0000] {logging_mixin.py:188} INFO - [2024-04-15T12:19:28.626+0000] {dagbag.py:540} INFO - Filling up the DagBag from /home/airflow/.local/lib/python3.8/site-packages/airflow/example_dags/example_task_group.py
[2024-04-15T12:19:28.633+0000] {processor.py:840} INFO - DAG(s) 'example_task_group' retrieved from /home/airflow/.local/lib/python3.8/site-packages/airflow/example_dags/example_task_group.py
[2024-04-15T12:19:28.656+0000] {logging_mixin.py:188} INFO - [2024-04-15T12:19:28.656+0000] {dag.py:3047} INFO - Sync 1 DAGs
[2024-04-15T12:19:28.676+0000] {logging_mixin.py:188} INFO - [2024-04-15T12:19:28.676+0000] {dag.py:3834} INFO - Setting next_dagrun for example_task_group to 2024-04-14 00:00:00+00:00, run_after=2024-04-15 00:00:00+00:00
[2024-04-15T12:19:28.707+0000] {processor.py:183} INFO - Processing /home/airflow/.local/lib/python3.8/site-packages/airflow/example_dags/example_task_group.py took 0.087 seconds
[2024-04-15T12:19:59.195+0000] {processor.py:161} INFO - Started process (PID=2528) to work on /home/airflow/.local/lib/python3.8/site-packages/airflow/example_dags/example_task_group.py
[2024-04-15T12:19:59.196+0000] {processor.py:830} INFO - Processing file /home/airflow/.local/lib/python3.8/site-packages/airflow/example_dags/example_task_group.py for tasks to queue
[2024-04-15T12:19:59.197+0000] {logging_mixin.py:188} INFO - [2024-04-15T12:19:59.197+0000] {dagbag.py:540} INFO - Filling up the DagBag from /home/airflow/.local/lib/python3.8/site-packages/airflow/example_dags/example_task_group.py
[2024-04-15T12:19:59.207+0000] {processor.py:840} INFO - DAG(s) 'example_task_group' retrieved from /home/airflow/.local/lib/python3.8/site-packages/airflow/example_dags/example_task_group.py
[2024-04-15T12:19:59.229+0000] {logging_mixin.py:188} INFO - [2024-04-15T12:19:59.229+0000] {dag.py:3047} INFO - Sync 1 DAGs
[2024-04-15T12:19:59.251+0000] {logging_mixin.py:188} INFO - [2024-04-15T12:19:59.251+0000] {dag.py:3834} INFO - Setting next_dagrun for example_task_group to 2024-04-14 00:00:00+00:00, run_after=2024-04-15 00:00:00+00:00
[2024-04-15T12:19:59.270+0000] {processor.py:183} INFO - Processing /home/airflow/.local/lib/python3.8/site-packages/airflow/example_dags/example_task_group.py took 0.079 seconds
[2024-04-15T12:26:47.369+0000] {processor.py:161} INFO - Started process (PID=2582) to work on /home/airflow/.local/lib/python3.8/site-packages/airflow/example_dags/example_task_group.py
[2024-04-15T12:26:47.371+0000] {processor.py:830} INFO - Processing file /home/airflow/.local/lib/python3.8/site-packages/airflow/example_dags/example_task_group.py for tasks to queue
[2024-04-15T12:26:47.373+0000] {logging_mixin.py:188} INFO - [2024-04-15T12:26:47.373+0000] {dagbag.py:540} INFO - Filling up the DagBag from /home/airflow/.local/lib/python3.8/site-packages/airflow/example_dags/example_task_group.py
[2024-04-15T12:26:47.384+0000] {processor.py:840} INFO - DAG(s) 'example_task_group' retrieved from /home/airflow/.local/lib/python3.8/site-packages/airflow/example_dags/example_task_group.py
[2024-04-15T12:26:47.411+0000] {logging_mixin.py:188} INFO - [2024-04-15T12:26:47.411+0000] {dag.py:3047} INFO - Sync 1 DAGs
[2024-04-15T12:26:47.438+0000] {logging_mixin.py:188} INFO - [2024-04-15T12:26:47.437+0000] {dag.py:3834} INFO - Setting next_dagrun for example_task_group to 2024-04-14 00:00:00+00:00, run_after=2024-04-15 00:00:00+00:00
[2024-04-15T12:26:47.462+0000] {processor.py:183} INFO - Processing /home/airflow/.local/lib/python3.8/site-packages/airflow/example_dags/example_task_group.py took 0.098 seconds
[2024-04-15T12:27:18.208+0000] {processor.py:161} INFO - Started process (PID=2637) to work on /home/airflow/.local/lib/python3.8/site-packages/airflow/example_dags/example_task_group.py
[2024-04-15T12:27:18.210+0000] {processor.py:830} INFO - Processing file /home/airflow/.local/lib/python3.8/site-packages/airflow/example_dags/example_task_group.py for tasks to queue
[2024-04-15T12:27:18.211+0000] {logging_mixin.py:188} INFO - [2024-04-15T12:27:18.211+0000] {dagbag.py:540} INFO - Filling up the DagBag from /home/airflow/.local/lib/python3.8/site-packages/airflow/example_dags/example_task_group.py
[2024-04-15T12:27:18.218+0000] {processor.py:840} INFO - DAG(s) 'example_task_group' retrieved from /home/airflow/.local/lib/python3.8/site-packages/airflow/example_dags/example_task_group.py
[2024-04-15T12:27:18.244+0000] {logging_mixin.py:188} INFO - [2024-04-15T12:27:18.243+0000] {dag.py:3047} INFO - Sync 1 DAGs
[2024-04-15T12:27:18.264+0000] {logging_mixin.py:188} INFO - [2024-04-15T12:27:18.264+0000] {dag.py:3834} INFO - Setting next_dagrun for example_task_group to 2024-04-14 00:00:00+00:00, run_after=2024-04-15 00:00:00+00:00
[2024-04-15T12:27:18.293+0000] {processor.py:183} INFO - Processing /home/airflow/.local/lib/python3.8/site-packages/airflow/example_dags/example_task_group.py took 0.088 seconds
[2024-04-15T12:27:48.732+0000] {processor.py:161} INFO - Started process (PID=2692) to work on /home/airflow/.local/lib/python3.8/site-packages/airflow/example_dags/example_task_group.py
[2024-04-15T12:27:48.734+0000] {processor.py:830} INFO - Processing file /home/airflow/.local/lib/python3.8/site-packages/airflow/example_dags/example_task_group.py for tasks to queue
[2024-04-15T12:27:48.735+0000] {logging_mixin.py:188} INFO - [2024-04-15T12:27:48.735+0000] {dagbag.py:540} INFO - Filling up the DagBag from /home/airflow/.local/lib/python3.8/site-packages/airflow/example_dags/example_task_group.py
[2024-04-15T12:27:48.746+0000] {processor.py:840} INFO - DAG(s) 'example_task_group' retrieved from /home/airflow/.local/lib/python3.8/site-packages/airflow/example_dags/example_task_group.py
[2024-04-15T12:27:48.775+0000] {logging_mixin.py:188} INFO - [2024-04-15T12:27:48.774+0000] {dag.py:3047} INFO - Sync 1 DAGs
[2024-04-15T12:27:48.802+0000] {logging_mixin.py:188} INFO - [2024-04-15T12:27:48.802+0000] {dag.py:3834} INFO - Setting next_dagrun for example_task_group to 2024-04-14 00:00:00+00:00, run_after=2024-04-15 00:00:00+00:00
[2024-04-15T12:27:48.830+0000] {processor.py:183} INFO - Processing /home/airflow/.local/lib/python3.8/site-packages/airflow/example_dags/example_task_group.py took 0.101 seconds
[2024-04-15T12:28:19.280+0000] {processor.py:161} INFO - Started process (PID=2747) to work on /home/airflow/.local/lib/python3.8/site-packages/airflow/example_dags/example_task_group.py
[2024-04-15T12:28:19.282+0000] {processor.py:830} INFO - Processing file /home/airflow/.local/lib/python3.8/site-packages/airflow/example_dags/example_task_group.py for tasks to queue
[2024-04-15T12:28:19.283+0000] {logging_mixin.py:188} INFO - [2024-04-15T12:28:19.283+0000] {dagbag.py:540} INFO - Filling up the DagBag from /home/airflow/.local/lib/python3.8/site-packages/airflow/example_dags/example_task_group.py
[2024-04-15T12:28:19.292+0000] {processor.py:840} INFO - DAG(s) 'example_task_group' retrieved from /home/airflow/.local/lib/python3.8/site-packages/airflow/example_dags/example_task_group.py
[2024-04-15T12:28:19.318+0000] {logging_mixin.py:188} INFO - [2024-04-15T12:28:19.318+0000] {dag.py:3047} INFO - Sync 1 DAGs
[2024-04-15T12:28:19.341+0000] {logging_mixin.py:188} INFO - [2024-04-15T12:28:19.341+0000] {dag.py:3834} INFO - Setting next_dagrun for example_task_group to 2024-04-14 00:00:00+00:00, run_after=2024-04-15 00:00:00+00:00
[2024-04-15T12:28:19.366+0000] {processor.py:183} INFO - Processing /home/airflow/.local/lib/python3.8/site-packages/airflow/example_dags/example_task_group.py took 0.089 seconds
[2024-04-15T12:28:50.298+0000] {processor.py:161} INFO - Started process (PID=2803) to work on /home/airflow/.local/lib/python3.8/site-packages/airflow/example_dags/example_task_group.py
[2024-04-15T12:28:50.300+0000] {processor.py:830} INFO - Processing file /home/airflow/.local/lib/python3.8/site-packages/airflow/example_dags/example_task_group.py for tasks to queue
[2024-04-15T12:28:50.301+0000] {logging_mixin.py:188} INFO - [2024-04-15T12:28:50.301+0000] {dagbag.py:540} INFO - Filling up the DagBag from /home/airflow/.local/lib/python3.8/site-packages/airflow/example_dags/example_task_group.py
[2024-04-15T12:28:50.309+0000] {processor.py:840} INFO - DAG(s) 'example_task_group' retrieved from /home/airflow/.local/lib/python3.8/site-packages/airflow/example_dags/example_task_group.py
[2024-04-15T12:28:50.334+0000] {logging_mixin.py:188} INFO - [2024-04-15T12:28:50.334+0000] {dag.py:3047} INFO - Sync 1 DAGs
[2024-04-15T12:28:50.359+0000] {logging_mixin.py:188} INFO - [2024-04-15T12:28:50.359+0000] {dag.py:3834} INFO - Setting next_dagrun for example_task_group to 2024-04-14 00:00:00+00:00, run_after=2024-04-15 00:00:00+00:00
[2024-04-15T12:28:50.386+0000] {processor.py:183} INFO - Processing /home/airflow/.local/lib/python3.8/site-packages/airflow/example_dags/example_task_group.py took 0.091 seconds
[2024-04-15T12:29:20.812+0000] {processor.py:161} INFO - Started process (PID=2858) to work on /home/airflow/.local/lib/python3.8/site-packages/airflow/example_dags/example_task_group.py
[2024-04-15T12:29:20.814+0000] {processor.py:830} INFO - Processing file /home/airflow/.local/lib/python3.8/site-packages/airflow/example_dags/example_task_group.py for tasks to queue
[2024-04-15T12:29:20.816+0000] {logging_mixin.py:188} INFO - [2024-04-15T12:29:20.815+0000] {dagbag.py:540} INFO - Filling up the DagBag from /home/airflow/.local/lib/python3.8/site-packages/airflow/example_dags/example_task_group.py
[2024-04-15T12:29:20.826+0000] {processor.py:840} INFO - DAG(s) 'example_task_group' retrieved from /home/airflow/.local/lib/python3.8/site-packages/airflow/example_dags/example_task_group.py
[2024-04-15T12:29:20.849+0000] {logging_mixin.py:188} INFO - [2024-04-15T12:29:20.849+0000] {dag.py:3047} INFO - Sync 1 DAGs
[2024-04-15T12:29:20.875+0000] {logging_mixin.py:188} INFO - [2024-04-15T12:29:20.874+0000] {dag.py:3834} INFO - Setting next_dagrun for example_task_group to 2024-04-14 00:00:00+00:00, run_after=2024-04-15 00:00:00+00:00
[2024-04-15T12:29:20.898+0000] {processor.py:183} INFO - Processing /home/airflow/.local/lib/python3.8/site-packages/airflow/example_dags/example_task_group.py took 0.090 seconds
[2024-04-15T12:29:51.611+0000] {processor.py:161} INFO - Started process (PID=2913) to work on /home/airflow/.local/lib/python3.8/site-packages/airflow/example_dags/example_task_group.py
[2024-04-15T12:29:51.613+0000] {processor.py:830} INFO - Processing file /home/airflow/.local/lib/python3.8/site-packages/airflow/example_dags/example_task_group.py for tasks to queue
[2024-04-15T12:29:51.614+0000] {logging_mixin.py:188} INFO - [2024-04-15T12:29:51.613+0000] {dagbag.py:540} INFO - Filling up the DagBag from /home/airflow/.local/lib/python3.8/site-packages/airflow/example_dags/example_task_group.py
[2024-04-15T12:29:51.623+0000] {processor.py:840} INFO - DAG(s) 'example_task_group' retrieved from /home/airflow/.local/lib/python3.8/site-packages/airflow/example_dags/example_task_group.py
[2024-04-15T12:29:51.651+0000] {logging_mixin.py:188} INFO - [2024-04-15T12:29:51.651+0000] {dag.py:3047} INFO - Sync 1 DAGs
[2024-04-15T12:29:51.673+0000] {logging_mixin.py:188} INFO - [2024-04-15T12:29:51.673+0000] {dag.py:3834} INFO - Setting next_dagrun for example_task_group to 2024-04-14 00:00:00+00:00, run_after=2024-04-15 00:00:00+00:00
[2024-04-15T12:29:51.698+0000] {processor.py:183} INFO - Processing /home/airflow/.local/lib/python3.8/site-packages/airflow/example_dags/example_task_group.py took 0.092 seconds
[2024-04-15T12:30:22.183+0000] {processor.py:161} INFO - Started process (PID=2968) to work on /home/airflow/.local/lib/python3.8/site-packages/airflow/example_dags/example_task_group.py
[2024-04-15T12:30:22.184+0000] {processor.py:830} INFO - Processing file /home/airflow/.local/lib/python3.8/site-packages/airflow/example_dags/example_task_group.py for tasks to queue
[2024-04-15T12:30:22.185+0000] {logging_mixin.py:188} INFO - [2024-04-15T12:30:22.185+0000] {dagbag.py:540} INFO - Filling up the DagBag from /home/airflow/.local/lib/python3.8/site-packages/airflow/example_dags/example_task_group.py
[2024-04-15T12:30:22.193+0000] {processor.py:840} INFO - DAG(s) 'example_task_group' retrieved from /home/airflow/.local/lib/python3.8/site-packages/airflow/example_dags/example_task_group.py
[2024-04-15T12:30:22.219+0000] {logging_mixin.py:188} INFO - [2024-04-15T12:30:22.218+0000] {dag.py:3047} INFO - Sync 1 DAGs
[2024-04-15T12:30:22.245+0000] {logging_mixin.py:188} INFO - [2024-04-15T12:30:22.244+0000] {dag.py:3834} INFO - Setting next_dagrun for example_task_group to 2024-04-14 00:00:00+00:00, run_after=2024-04-15 00:00:00+00:00
[2024-04-15T12:30:22.271+0000] {processor.py:183} INFO - Processing /home/airflow/.local/lib/python3.8/site-packages/airflow/example_dags/example_task_group.py took 0.091 seconds
[2024-04-15T12:30:52.939+0000] {processor.py:161} INFO - Started process (PID=3023) to work on /home/airflow/.local/lib/python3.8/site-packages/airflow/example_dags/example_task_group.py
[2024-04-15T12:30:52.940+0000] {processor.py:830} INFO - Processing file /home/airflow/.local/lib/python3.8/site-packages/airflow/example_dags/example_task_group.py for tasks to queue
[2024-04-15T12:30:52.942+0000] {logging_mixin.py:188} INFO - [2024-04-15T12:30:52.941+0000] {dagbag.py:540} INFO - Filling up the DagBag from /home/airflow/.local/lib/python3.8/site-packages/airflow/example_dags/example_task_group.py
[2024-04-15T12:30:52.949+0000] {processor.py:840} INFO - DAG(s) 'example_task_group' retrieved from /home/airflow/.local/lib/python3.8/site-packages/airflow/example_dags/example_task_group.py
[2024-04-15T12:30:52.971+0000] {logging_mixin.py:188} INFO - [2024-04-15T12:30:52.971+0000] {dag.py:3047} INFO - Sync 1 DAGs
[2024-04-15T12:30:52.993+0000] {logging_mixin.py:188} INFO - [2024-04-15T12:30:52.992+0000] {dag.py:3834} INFO - Setting next_dagrun for example_task_group to 2024-04-14 00:00:00+00:00, run_after=2024-04-15 00:00:00+00:00
[2024-04-15T12:30:53.014+0000] {processor.py:183} INFO - Processing /home/airflow/.local/lib/python3.8/site-packages/airflow/example_dags/example_task_group.py took 0.079 seconds
[2024-04-15T12:31:23.252+0000] {processor.py:161} INFO - Started process (PID=3078) to work on /home/airflow/.local/lib/python3.8/site-packages/airflow/example_dags/example_task_group.py
[2024-04-15T12:31:23.253+0000] {processor.py:830} INFO - Processing file /home/airflow/.local/lib/python3.8/site-packages/airflow/example_dags/example_task_group.py for tasks to queue
[2024-04-15T12:31:23.254+0000] {logging_mixin.py:188} INFO - [2024-04-15T12:31:23.254+0000] {dagbag.py:540} INFO - Filling up the DagBag from /home/airflow/.local/lib/python3.8/site-packages/airflow/example_dags/example_task_group.py
[2024-04-15T12:31:23.262+0000] {processor.py:840} INFO - DAG(s) 'example_task_group' retrieved from /home/airflow/.local/lib/python3.8/site-packages/airflow/example_dags/example_task_group.py
[2024-04-15T12:31:23.284+0000] {logging_mixin.py:188} INFO - [2024-04-15T12:31:23.284+0000] {dag.py:3047} INFO - Sync 1 DAGs
[2024-04-15T12:31:23.311+0000] {logging_mixin.py:188} INFO - [2024-04-15T12:31:23.311+0000] {dag.py:3834} INFO - Setting next_dagrun for example_task_group to 2024-04-14 00:00:00+00:00, run_after=2024-04-15 00:00:00+00:00
[2024-04-15T12:31:23.333+0000] {processor.py:183} INFO - Processing /home/airflow/.local/lib/python3.8/site-packages/airflow/example_dags/example_task_group.py took 0.085 seconds
[2024-04-15T12:31:53.855+0000] {processor.py:161} INFO - Started process (PID=3133) to work on /home/airflow/.local/lib/python3.8/site-packages/airflow/example_dags/example_task_group.py
[2024-04-15T12:31:53.857+0000] {processor.py:830} INFO - Processing file /home/airflow/.local/lib/python3.8/site-packages/airflow/example_dags/example_task_group.py for tasks to queue
[2024-04-15T12:31:53.858+0000] {logging_mixin.py:188} INFO - [2024-04-15T12:31:53.858+0000] {dagbag.py:540} INFO - Filling up the DagBag from /home/airflow/.local/lib/python3.8/site-packages/airflow/example_dags/example_task_group.py
[2024-04-15T12:31:53.869+0000] {processor.py:840} INFO - DAG(s) 'example_task_group' retrieved from /home/airflow/.local/lib/python3.8/site-packages/airflow/example_dags/example_task_group.py
[2024-04-15T12:31:53.899+0000] {logging_mixin.py:188} INFO - [2024-04-15T12:31:53.899+0000] {dag.py:3047} INFO - Sync 1 DAGs
[2024-04-15T12:31:53.944+0000] {logging_mixin.py:188} INFO - [2024-04-15T12:31:53.943+0000] {dag.py:3834} INFO - Setting next_dagrun for example_task_group to 2024-04-14 00:00:00+00:00, run_after=2024-04-15 00:00:00+00:00
[2024-04-15T12:31:53.978+0000] {processor.py:183} INFO - Processing /home/airflow/.local/lib/python3.8/site-packages/airflow/example_dags/example_task_group.py took 0.127 seconds
[2024-04-15T12:34:41.271+0000] {processor.py:161} INFO - Started process (PID=3188) to work on /home/airflow/.local/lib/python3.8/site-packages/airflow/example_dags/example_task_group.py
[2024-04-15T12:34:41.272+0000] {processor.py:830} INFO - Processing file /home/airflow/.local/lib/python3.8/site-packages/airflow/example_dags/example_task_group.py for tasks to queue
[2024-04-15T12:34:41.273+0000] {logging_mixin.py:188} INFO - [2024-04-15T12:34:41.273+0000] {dagbag.py:540} INFO - Filling up the DagBag from /home/airflow/.local/lib/python3.8/site-packages/airflow/example_dags/example_task_group.py
[2024-04-15T12:34:41.283+0000] {processor.py:840} INFO - DAG(s) 'example_task_group' retrieved from /home/airflow/.local/lib/python3.8/site-packages/airflow/example_dags/example_task_group.py
[2024-04-15T12:34:41.311+0000] {logging_mixin.py:188} INFO - [2024-04-15T12:34:41.311+0000] {dag.py:3047} INFO - Sync 1 DAGs
[2024-04-15T12:34:41.333+0000] {logging_mixin.py:188} INFO - [2024-04-15T12:34:41.333+0000] {dag.py:3834} INFO - Setting next_dagrun for example_task_group to 2024-04-14 00:00:00+00:00, run_after=2024-04-15 00:00:00+00:00
[2024-04-15T12:34:41.356+0000] {processor.py:183} INFO - Processing /home/airflow/.local/lib/python3.8/site-packages/airflow/example_dags/example_task_group.py took 0.089 seconds
[2024-04-15T12:35:12.047+0000] {processor.py:161} INFO - Started process (PID=3243) to work on /home/airflow/.local/lib/python3.8/site-packages/airflow/example_dags/example_task_group.py
[2024-04-15T12:35:12.049+0000] {processor.py:830} INFO - Processing file /home/airflow/.local/lib/python3.8/site-packages/airflow/example_dags/example_task_group.py for tasks to queue
[2024-04-15T12:35:12.050+0000] {logging_mixin.py:188} INFO - [2024-04-15T12:35:12.050+0000] {dagbag.py:540} INFO - Filling up the DagBag from /home/airflow/.local/lib/python3.8/site-packages/airflow/example_dags/example_task_group.py
[2024-04-15T12:35:12.057+0000] {processor.py:840} INFO - DAG(s) 'example_task_group' retrieved from /home/airflow/.local/lib/python3.8/site-packages/airflow/example_dags/example_task_group.py
[2024-04-15T12:35:12.083+0000] {logging_mixin.py:188} INFO - [2024-04-15T12:35:12.082+0000] {dag.py:3047} INFO - Sync 1 DAGs
[2024-04-15T12:35:12.106+0000] {logging_mixin.py:188} INFO - [2024-04-15T12:35:12.106+0000] {dag.py:3834} INFO - Setting next_dagrun for example_task_group to 2024-04-14 00:00:00+00:00, run_after=2024-04-15 00:00:00+00:00
[2024-04-15T12:35:12.129+0000] {processor.py:183} INFO - Processing /home/airflow/.local/lib/python3.8/site-packages/airflow/example_dags/example_task_group.py took 0.085 seconds
[2024-04-15T12:35:42.998+0000] {processor.py:161} INFO - Started process (PID=3298) to work on /home/airflow/.local/lib/python3.8/site-packages/airflow/example_dags/example_task_group.py
[2024-04-15T12:35:42.999+0000] {processor.py:830} INFO - Processing file /home/airflow/.local/lib/python3.8/site-packages/airflow/example_dags/example_task_group.py for tasks to queue
[2024-04-15T12:35:43.000+0000] {logging_mixin.py:188} INFO - [2024-04-15T12:35:43.000+0000] {dagbag.py:540} INFO - Filling up the DagBag from /home/airflow/.local/lib/python3.8/site-packages/airflow/example_dags/example_task_group.py
[2024-04-15T12:35:43.009+0000] {processor.py:840} INFO - DAG(s) 'example_task_group' retrieved from /home/airflow/.local/lib/python3.8/site-packages/airflow/example_dags/example_task_group.py
[2024-04-15T12:35:43.034+0000] {logging_mixin.py:188} INFO - [2024-04-15T12:35:43.033+0000] {dag.py:3047} INFO - Sync 1 DAGs
[2024-04-15T12:35:43.058+0000] {logging_mixin.py:188} INFO - [2024-04-15T12:35:43.058+0000] {dag.py:3834} INFO - Setting next_dagrun for example_task_group to 2024-04-14 00:00:00+00:00, run_after=2024-04-15 00:00:00+00:00
[2024-04-15T12:35:43.210+0000] {processor.py:183} INFO - Processing /home/airflow/.local/lib/python3.8/site-packages/airflow/example_dags/example_task_group.py took 0.216 seconds
[2024-04-15T12:36:13.339+0000] {processor.py:161} INFO - Started process (PID=3353) to work on /home/airflow/.local/lib/python3.8/site-packages/airflow/example_dags/example_task_group.py
[2024-04-15T12:36:13.340+0000] {processor.py:830} INFO - Processing file /home/airflow/.local/lib/python3.8/site-packages/airflow/example_dags/example_task_group.py for tasks to queue
[2024-04-15T12:36:13.342+0000] {logging_mixin.py:188} INFO - [2024-04-15T12:36:13.341+0000] {dagbag.py:540} INFO - Filling up the DagBag from /home/airflow/.local/lib/python3.8/site-packages/airflow/example_dags/example_task_group.py
[2024-04-15T12:36:13.348+0000] {processor.py:840} INFO - DAG(s) 'example_task_group' retrieved from /home/airflow/.local/lib/python3.8/site-packages/airflow/example_dags/example_task_group.py
[2024-04-15T12:36:13.372+0000] {logging_mixin.py:188} INFO - [2024-04-15T12:36:13.371+0000] {dag.py:3047} INFO - Sync 1 DAGs
[2024-04-15T12:36:13.392+0000] {logging_mixin.py:188} INFO - [2024-04-15T12:36:13.392+0000] {dag.py:3834} INFO - Setting next_dagrun for example_task_group to 2024-04-14 00:00:00+00:00, run_after=2024-04-15 00:00:00+00:00
[2024-04-15T12:36:13.419+0000] {processor.py:183} INFO - Processing /home/airflow/.local/lib/python3.8/site-packages/airflow/example_dags/example_task_group.py took 0.083 seconds
[2024-04-15T12:36:43.651+0000] {processor.py:161} INFO - Started process (PID=3408) to work on /home/airflow/.local/lib/python3.8/site-packages/airflow/example_dags/example_task_group.py
[2024-04-15T12:36:43.652+0000] {processor.py:830} INFO - Processing file /home/airflow/.local/lib/python3.8/site-packages/airflow/example_dags/example_task_group.py for tasks to queue
[2024-04-15T12:36:43.654+0000] {logging_mixin.py:188} INFO - [2024-04-15T12:36:43.653+0000] {dagbag.py:540} INFO - Filling up the DagBag from /home/airflow/.local/lib/python3.8/site-packages/airflow/example_dags/example_task_group.py
[2024-04-15T12:36:43.662+0000] {processor.py:840} INFO - DAG(s) 'example_task_group' retrieved from /home/airflow/.local/lib/python3.8/site-packages/airflow/example_dags/example_task_group.py
[2024-04-15T12:36:43.687+0000] {logging_mixin.py:188} INFO - [2024-04-15T12:36:43.687+0000] {dag.py:3047} INFO - Sync 1 DAGs
[2024-04-15T12:36:43.711+0000] {logging_mixin.py:188} INFO - [2024-04-15T12:36:43.711+0000] {dag.py:3834} INFO - Setting next_dagrun for example_task_group to 2024-04-14 00:00:00+00:00, run_after=2024-04-15 00:00:00+00:00
[2024-04-15T12:36:43.734+0000] {processor.py:183} INFO - Processing /home/airflow/.local/lib/python3.8/site-packages/airflow/example_dags/example_task_group.py took 0.086 seconds
[2024-04-15T12:37:14.241+0000] {processor.py:161} INFO - Started process (PID=3463) to work on /home/airflow/.local/lib/python3.8/site-packages/airflow/example_dags/example_task_group.py
[2024-04-15T12:37:14.242+0000] {processor.py:830} INFO - Processing file /home/airflow/.local/lib/python3.8/site-packages/airflow/example_dags/example_task_group.py for tasks to queue
[2024-04-15T12:37:14.244+0000] {logging_mixin.py:188} INFO - [2024-04-15T12:37:14.243+0000] {dagbag.py:540} INFO - Filling up the DagBag from /home/airflow/.local/lib/python3.8/site-packages/airflow/example_dags/example_task_group.py
[2024-04-15T12:37:14.253+0000] {processor.py:840} INFO - DAG(s) 'example_task_group' retrieved from /home/airflow/.local/lib/python3.8/site-packages/airflow/example_dags/example_task_group.py
[2024-04-15T12:37:14.276+0000] {logging_mixin.py:188} INFO - [2024-04-15T12:37:14.276+0000] {dag.py:3047} INFO - Sync 1 DAGs
[2024-04-15T12:37:14.299+0000] {logging_mixin.py:188} INFO - [2024-04-15T12:37:14.298+0000] {dag.py:3834} INFO - Setting next_dagrun for example_task_group to 2024-04-14 00:00:00+00:00, run_after=2024-04-15 00:00:00+00:00
[2024-04-15T12:37:14.325+0000] {processor.py:183} INFO - Processing /home/airflow/.local/lib/python3.8/site-packages/airflow/example_dags/example_task_group.py took 0.088 seconds
[2024-04-15T12:43:02.128+0000] {processor.py:161} INFO - Started process (PID=3518) to work on /home/airflow/.local/lib/python3.8/site-packages/airflow/example_dags/example_task_group.py
[2024-04-15T12:43:02.132+0000] {processor.py:830} INFO - Processing file /home/airflow/.local/lib/python3.8/site-packages/airflow/example_dags/example_task_group.py for tasks to queue
[2024-04-15T12:43:02.133+0000] {logging_mixin.py:188} INFO - [2024-04-15T12:43:02.133+0000] {dagbag.py:540} INFO - Filling up the DagBag from /home/airflow/.local/lib/python3.8/site-packages/airflow/example_dags/example_task_group.py
[2024-04-15T12:43:02.145+0000] {processor.py:840} INFO - DAG(s) 'example_task_group' retrieved from /home/airflow/.local/lib/python3.8/site-packages/airflow/example_dags/example_task_group.py
[2024-04-15T12:43:02.182+0000] {logging_mixin.py:188} INFO - [2024-04-15T12:43:02.182+0000] {dag.py:3047} INFO - Sync 1 DAGs
[2024-04-15T12:43:02.220+0000] {logging_mixin.py:188} INFO - [2024-04-15T12:43:02.219+0000] {dag.py:3834} INFO - Setting next_dagrun for example_task_group to 2024-04-14 00:00:00+00:00, run_after=2024-04-15 00:00:00+00:00
[2024-04-15T12:43:02.246+0000] {processor.py:183} INFO - Processing /home/airflow/.local/lib/python3.8/site-packages/airflow/example_dags/example_task_group.py took 0.122 seconds
[2024-04-15T12:43:33.316+0000] {processor.py:161} INFO - Started process (PID=3573) to work on /home/airflow/.local/lib/python3.8/site-packages/airflow/example_dags/example_task_group.py
[2024-04-15T12:43:33.317+0000] {processor.py:830} INFO - Processing file /home/airflow/.local/lib/python3.8/site-packages/airflow/example_dags/example_task_group.py for tasks to queue
[2024-04-15T12:43:33.319+0000] {logging_mixin.py:188} INFO - [2024-04-15T12:43:33.318+0000] {dagbag.py:540} INFO - Filling up the DagBag from /home/airflow/.local/lib/python3.8/site-packages/airflow/example_dags/example_task_group.py
[2024-04-15T12:43:33.327+0000] {processor.py:840} INFO - DAG(s) 'example_task_group' retrieved from /home/airflow/.local/lib/python3.8/site-packages/airflow/example_dags/example_task_group.py
[2024-04-15T12:43:33.351+0000] {logging_mixin.py:188} INFO - [2024-04-15T12:43:33.350+0000] {dag.py:3047} INFO - Sync 1 DAGs
[2024-04-15T12:43:33.509+0000] {logging_mixin.py:188} INFO - [2024-04-15T12:43:33.509+0000] {dag.py:3834} INFO - Setting next_dagrun for example_task_group to 2024-04-14 00:00:00+00:00, run_after=2024-04-15 00:00:00+00:00
[2024-04-15T12:43:33.532+0000] {processor.py:183} INFO - Processing /home/airflow/.local/lib/python3.8/site-packages/airflow/example_dags/example_task_group.py took 0.219 seconds
[2024-04-15T12:44:03.603+0000] {processor.py:161} INFO - Started process (PID=3628) to work on /home/airflow/.local/lib/python3.8/site-packages/airflow/example_dags/example_task_group.py
[2024-04-15T12:44:03.605+0000] {processor.py:830} INFO - Processing file /home/airflow/.local/lib/python3.8/site-packages/airflow/example_dags/example_task_group.py for tasks to queue
[2024-04-15T12:44:03.606+0000] {logging_mixin.py:188} INFO - [2024-04-15T12:44:03.606+0000] {dagbag.py:540} INFO - Filling up the DagBag from /home/airflow/.local/lib/python3.8/site-packages/airflow/example_dags/example_task_group.py
[2024-04-15T12:44:03.614+0000] {processor.py:840} INFO - DAG(s) 'example_task_group' retrieved from /home/airflow/.local/lib/python3.8/site-packages/airflow/example_dags/example_task_group.py
[2024-04-15T12:44:03.637+0000] {logging_mixin.py:188} INFO - [2024-04-15T12:44:03.637+0000] {dag.py:3047} INFO - Sync 1 DAGs
[2024-04-15T12:44:03.657+0000] {logging_mixin.py:188} INFO - [2024-04-15T12:44:03.656+0000] {dag.py:3834} INFO - Setting next_dagrun for example_task_group to 2024-04-14 00:00:00+00:00, run_after=2024-04-15 00:00:00+00:00
[2024-04-15T12:44:03.679+0000] {processor.py:183} INFO - Processing /home/airflow/.local/lib/python3.8/site-packages/airflow/example_dags/example_task_group.py took 0.079 seconds
[2024-04-15T12:44:34.033+0000] {processor.py:161} INFO - Started process (PID=3683) to work on /home/airflow/.local/lib/python3.8/site-packages/airflow/example_dags/example_task_group.py
[2024-04-15T12:44:34.035+0000] {processor.py:830} INFO - Processing file /home/airflow/.local/lib/python3.8/site-packages/airflow/example_dags/example_task_group.py for tasks to queue
[2024-04-15T12:44:34.036+0000] {logging_mixin.py:188} INFO - [2024-04-15T12:44:34.035+0000] {dagbag.py:540} INFO - Filling up the DagBag from /home/airflow/.local/lib/python3.8/site-packages/airflow/example_dags/example_task_group.py
[2024-04-15T12:44:34.044+0000] {processor.py:840} INFO - DAG(s) 'example_task_group' retrieved from /home/airflow/.local/lib/python3.8/site-packages/airflow/example_dags/example_task_group.py
[2024-04-15T12:44:34.067+0000] {logging_mixin.py:188} INFO - [2024-04-15T12:44:34.066+0000] {dag.py:3047} INFO - Sync 1 DAGs
[2024-04-15T12:44:34.092+0000] {logging_mixin.py:188} INFO - [2024-04-15T12:44:34.092+0000] {dag.py:3834} INFO - Setting next_dagrun for example_task_group to 2024-04-14 00:00:00+00:00, run_after=2024-04-15 00:00:00+00:00
[2024-04-15T12:44:34.111+0000] {processor.py:183} INFO - Processing /home/airflow/.local/lib/python3.8/site-packages/airflow/example_dags/example_task_group.py took 0.081 seconds
[2024-04-15T12:45:04.424+0000] {processor.py:161} INFO - Started process (PID=3738) to work on /home/airflow/.local/lib/python3.8/site-packages/airflow/example_dags/example_task_group.py
[2024-04-15T12:45:04.426+0000] {processor.py:830} INFO - Processing file /home/airflow/.local/lib/python3.8/site-packages/airflow/example_dags/example_task_group.py for tasks to queue
[2024-04-15T12:45:04.427+0000] {logging_mixin.py:188} INFO - [2024-04-15T12:45:04.426+0000] {dagbag.py:540} INFO - Filling up the DagBag from /home/airflow/.local/lib/python3.8/site-packages/airflow/example_dags/example_task_group.py
[2024-04-15T12:45:04.437+0000] {processor.py:840} INFO - DAG(s) 'example_task_group' retrieved from /home/airflow/.local/lib/python3.8/site-packages/airflow/example_dags/example_task_group.py
[2024-04-15T12:45:04.459+0000] {logging_mixin.py:188} INFO - [2024-04-15T12:45:04.458+0000] {dag.py:3047} INFO - Sync 1 DAGs
[2024-04-15T12:45:04.480+0000] {logging_mixin.py:188} INFO - [2024-04-15T12:45:04.480+0000] {dag.py:3834} INFO - Setting next_dagrun for example_task_group to 2024-04-14 00:00:00+00:00, run_after=2024-04-15 00:00:00+00:00
[2024-04-15T12:45:04.506+0000] {processor.py:183} INFO - Processing /home/airflow/.local/lib/python3.8/site-packages/airflow/example_dags/example_task_group.py took 0.086 seconds
[2024-04-15T12:45:34.662+0000] {processor.py:161} INFO - Started process (PID=3793) to work on /home/airflow/.local/lib/python3.8/site-packages/airflow/example_dags/example_task_group.py
[2024-04-15T12:45:34.667+0000] {processor.py:830} INFO - Processing file /home/airflow/.local/lib/python3.8/site-packages/airflow/example_dags/example_task_group.py for tasks to queue
[2024-04-15T12:45:34.669+0000] {logging_mixin.py:188} INFO - [2024-04-15T12:45:34.668+0000] {dagbag.py:540} INFO - Filling up the DagBag from /home/airflow/.local/lib/python3.8/site-packages/airflow/example_dags/example_task_group.py
[2024-04-15T12:45:34.682+0000] {processor.py:840} INFO - DAG(s) 'example_task_group' retrieved from /home/airflow/.local/lib/python3.8/site-packages/airflow/example_dags/example_task_group.py
[2024-04-15T12:45:34.713+0000] {logging_mixin.py:188} INFO - [2024-04-15T12:45:34.713+0000] {dag.py:3047} INFO - Sync 1 DAGs
[2024-04-15T12:45:34.743+0000] {logging_mixin.py:188} INFO - [2024-04-15T12:45:34.743+0000] {dag.py:3834} INFO - Setting next_dagrun for example_task_group to 2024-04-14 00:00:00+00:00, run_after=2024-04-15 00:00:00+00:00
[2024-04-15T12:45:34.767+0000] {processor.py:183} INFO - Processing /home/airflow/.local/lib/python3.8/site-packages/airflow/example_dags/example_task_group.py took 0.111 seconds
