[2024-04-15T10:41:34.924+0000] {processor.py:161} INFO - Started process (PID=62) to work on /home/airflow/.local/lib/python3.8/site-packages/airflow/example_dags/example_python_operator.py
[2024-04-15T10:41:34.926+0000] {processor.py:830} INFO - Processing file /home/airflow/.local/lib/python3.8/site-packages/airflow/example_dags/example_python_operator.py for tasks to queue
[2024-04-15T10:41:34.930+0000] {logging_mixin.py:188} INFO - [2024-04-15T10:41:34.930+0000] {dagbag.py:540} INFO - Filling up the DagBag from /home/airflow/.local/lib/python3.8/site-packages/airflow/example_dags/example_python_operator.py
[2024-04-15T10:41:34.954+0000] {processor.py:840} INFO - DAG(s) 'example_python_operator' retrieved from /home/airflow/.local/lib/python3.8/site-packages/airflow/example_dags/example_python_operator.py
[2024-04-15T10:41:35.169+0000] {logging_mixin.py:188} INFO - [2024-04-15T10:41:35.169+0000] {dag.py:3047} INFO - Sync 1 DAGs
[2024-04-15T10:41:35.189+0000] {logging_mixin.py:188} INFO - [2024-04-15T10:41:35.189+0000] {dag.py:3834} INFO - Setting next_dagrun for example_python_operator to None, run_after=None
[2024-04-15T10:41:35.244+0000] {processor.py:183} INFO - Processing /home/airflow/.local/lib/python3.8/site-packages/airflow/example_dags/example_python_operator.py took 0.327 seconds
[2024-04-15T10:42:05.332+0000] {processor.py:161} INFO - Started process (PID=118) to work on /home/airflow/.local/lib/python3.8/site-packages/airflow/example_dags/example_python_operator.py
[2024-04-15T10:42:05.333+0000] {processor.py:830} INFO - Processing file /home/airflow/.local/lib/python3.8/site-packages/airflow/example_dags/example_python_operator.py for tasks to queue
[2024-04-15T10:42:05.336+0000] {logging_mixin.py:188} INFO - [2024-04-15T10:42:05.336+0000] {dagbag.py:540} INFO - Filling up the DagBag from /home/airflow/.local/lib/python3.8/site-packages/airflow/example_dags/example_python_operator.py
[2024-04-15T10:42:05.348+0000] {processor.py:840} INFO - DAG(s) 'example_python_operator' retrieved from /home/airflow/.local/lib/python3.8/site-packages/airflow/example_dags/example_python_operator.py
[2024-04-15T10:42:05.379+0000] {logging_mixin.py:188} INFO - [2024-04-15T10:42:05.379+0000] {dag.py:3047} INFO - Sync 1 DAGs
[2024-04-15T10:42:05.393+0000] {logging_mixin.py:188} INFO - [2024-04-15T10:42:05.393+0000] {dag.py:3834} INFO - Setting next_dagrun for example_python_operator to None, run_after=None
[2024-04-15T10:42:05.417+0000] {processor.py:183} INFO - Processing /home/airflow/.local/lib/python3.8/site-packages/airflow/example_dags/example_python_operator.py took 0.091 seconds
[2024-04-15T10:42:35.601+0000] {processor.py:161} INFO - Started process (PID=173) to work on /home/airflow/.local/lib/python3.8/site-packages/airflow/example_dags/example_python_operator.py
[2024-04-15T10:42:35.602+0000] {processor.py:830} INFO - Processing file /home/airflow/.local/lib/python3.8/site-packages/airflow/example_dags/example_python_operator.py for tasks to queue
[2024-04-15T10:42:35.604+0000] {logging_mixin.py:188} INFO - [2024-04-15T10:42:35.604+0000] {dagbag.py:540} INFO - Filling up the DagBag from /home/airflow/.local/lib/python3.8/site-packages/airflow/example_dags/example_python_operator.py
[2024-04-15T10:42:35.616+0000] {processor.py:840} INFO - DAG(s) 'example_python_operator' retrieved from /home/airflow/.local/lib/python3.8/site-packages/airflow/example_dags/example_python_operator.py
[2024-04-15T10:42:35.642+0000] {logging_mixin.py:188} INFO - [2024-04-15T10:42:35.642+0000] {dag.py:3047} INFO - Sync 1 DAGs
[2024-04-15T10:42:35.655+0000] {logging_mixin.py:188} INFO - [2024-04-15T10:42:35.654+0000] {dag.py:3834} INFO - Setting next_dagrun for example_python_operator to None, run_after=None
[2024-04-15T10:42:35.682+0000] {processor.py:183} INFO - Processing /home/airflow/.local/lib/python3.8/site-packages/airflow/example_dags/example_python_operator.py took 0.085 seconds
[2024-04-15T10:43:05.756+0000] {processor.py:161} INFO - Started process (PID=227) to work on /home/airflow/.local/lib/python3.8/site-packages/airflow/example_dags/example_python_operator.py
[2024-04-15T10:43:05.757+0000] {processor.py:830} INFO - Processing file /home/airflow/.local/lib/python3.8/site-packages/airflow/example_dags/example_python_operator.py for tasks to queue
[2024-04-15T10:43:05.759+0000] {logging_mixin.py:188} INFO - [2024-04-15T10:43:05.758+0000] {dagbag.py:540} INFO - Filling up the DagBag from /home/airflow/.local/lib/python3.8/site-packages/airflow/example_dags/example_python_operator.py
[2024-04-15T10:43:05.769+0000] {processor.py:840} INFO - DAG(s) 'example_python_operator' retrieved from /home/airflow/.local/lib/python3.8/site-packages/airflow/example_dags/example_python_operator.py
[2024-04-15T10:43:05.792+0000] {logging_mixin.py:188} INFO - [2024-04-15T10:43:05.791+0000] {dag.py:3047} INFO - Sync 1 DAGs
[2024-04-15T10:43:05.803+0000] {logging_mixin.py:188} INFO - [2024-04-15T10:43:05.803+0000] {dag.py:3834} INFO - Setting next_dagrun for example_python_operator to None, run_after=None
[2024-04-15T10:43:05.825+0000] {processor.py:183} INFO - Processing /home/airflow/.local/lib/python3.8/site-packages/airflow/example_dags/example_python_operator.py took 0.073 seconds
[2024-04-15T10:43:36.044+0000] {processor.py:161} INFO - Started process (PID=282) to work on /home/airflow/.local/lib/python3.8/site-packages/airflow/example_dags/example_python_operator.py
[2024-04-15T10:43:36.046+0000] {processor.py:830} INFO - Processing file /home/airflow/.local/lib/python3.8/site-packages/airflow/example_dags/example_python_operator.py for tasks to queue
[2024-04-15T10:43:36.048+0000] {logging_mixin.py:188} INFO - [2024-04-15T10:43:36.048+0000] {dagbag.py:540} INFO - Filling up the DagBag from /home/airflow/.local/lib/python3.8/site-packages/airflow/example_dags/example_python_operator.py
[2024-04-15T10:43:36.061+0000] {processor.py:840} INFO - DAG(s) 'example_python_operator' retrieved from /home/airflow/.local/lib/python3.8/site-packages/airflow/example_dags/example_python_operator.py
[2024-04-15T10:43:36.088+0000] {logging_mixin.py:188} INFO - [2024-04-15T10:43:36.087+0000] {dag.py:3047} INFO - Sync 1 DAGs
[2024-04-15T10:43:36.103+0000] {logging_mixin.py:188} INFO - [2024-04-15T10:43:36.103+0000] {dag.py:3834} INFO - Setting next_dagrun for example_python_operator to None, run_after=None
[2024-04-15T10:43:36.128+0000] {processor.py:183} INFO - Processing /home/airflow/.local/lib/python3.8/site-packages/airflow/example_dags/example_python_operator.py took 0.088 seconds
[2024-04-15T10:44:06.616+0000] {processor.py:161} INFO - Started process (PID=336) to work on /home/airflow/.local/lib/python3.8/site-packages/airflow/example_dags/example_python_operator.py
[2024-04-15T10:44:06.617+0000] {processor.py:830} INFO - Processing file /home/airflow/.local/lib/python3.8/site-packages/airflow/example_dags/example_python_operator.py for tasks to queue
[2024-04-15T10:44:06.619+0000] {logging_mixin.py:188} INFO - [2024-04-15T10:44:06.618+0000] {dagbag.py:540} INFO - Filling up the DagBag from /home/airflow/.local/lib/python3.8/site-packages/airflow/example_dags/example_python_operator.py
[2024-04-15T10:44:06.631+0000] {processor.py:840} INFO - DAG(s) 'example_python_operator' retrieved from /home/airflow/.local/lib/python3.8/site-packages/airflow/example_dags/example_python_operator.py
[2024-04-15T10:44:06.662+0000] {logging_mixin.py:188} INFO - [2024-04-15T10:44:06.662+0000] {dag.py:3047} INFO - Sync 1 DAGs
[2024-04-15T10:44:06.676+0000] {logging_mixin.py:188} INFO - [2024-04-15T10:44:06.675+0000] {dag.py:3834} INFO - Setting next_dagrun for example_python_operator to None, run_after=None
[2024-04-15T10:44:06.697+0000] {processor.py:183} INFO - Processing /home/airflow/.local/lib/python3.8/site-packages/airflow/example_dags/example_python_operator.py took 0.084 seconds
[2024-04-15T10:44:36.853+0000] {processor.py:161} INFO - Started process (PID=391) to work on /home/airflow/.local/lib/python3.8/site-packages/airflow/example_dags/example_python_operator.py
[2024-04-15T10:44:36.855+0000] {processor.py:830} INFO - Processing file /home/airflow/.local/lib/python3.8/site-packages/airflow/example_dags/example_python_operator.py for tasks to queue
[2024-04-15T10:44:36.857+0000] {logging_mixin.py:188} INFO - [2024-04-15T10:44:36.857+0000] {dagbag.py:540} INFO - Filling up the DagBag from /home/airflow/.local/lib/python3.8/site-packages/airflow/example_dags/example_python_operator.py
[2024-04-15T10:44:36.867+0000] {processor.py:840} INFO - DAG(s) 'example_python_operator' retrieved from /home/airflow/.local/lib/python3.8/site-packages/airflow/example_dags/example_python_operator.py
[2024-04-15T10:44:36.892+0000] {logging_mixin.py:188} INFO - [2024-04-15T10:44:36.892+0000] {dag.py:3047} INFO - Sync 1 DAGs
[2024-04-15T10:44:36.906+0000] {logging_mixin.py:188} INFO - [2024-04-15T10:44:36.906+0000] {dag.py:3834} INFO - Setting next_dagrun for example_python_operator to None, run_after=None
[2024-04-15T10:44:36.932+0000] {processor.py:183} INFO - Processing /home/airflow/.local/lib/python3.8/site-packages/airflow/example_dags/example_python_operator.py took 0.082 seconds
[2024-04-15T10:45:07.048+0000] {processor.py:161} INFO - Started process (PID=446) to work on /home/airflow/.local/lib/python3.8/site-packages/airflow/example_dags/example_python_operator.py
[2024-04-15T10:45:07.050+0000] {processor.py:830} INFO - Processing file /home/airflow/.local/lib/python3.8/site-packages/airflow/example_dags/example_python_operator.py for tasks to queue
[2024-04-15T10:45:07.052+0000] {logging_mixin.py:188} INFO - [2024-04-15T10:45:07.052+0000] {dagbag.py:540} INFO - Filling up the DagBag from /home/airflow/.local/lib/python3.8/site-packages/airflow/example_dags/example_python_operator.py
[2024-04-15T10:45:07.063+0000] {processor.py:840} INFO - DAG(s) 'example_python_operator' retrieved from /home/airflow/.local/lib/python3.8/site-packages/airflow/example_dags/example_python_operator.py
[2024-04-15T10:45:07.088+0000] {logging_mixin.py:188} INFO - [2024-04-15T10:45:07.088+0000] {dag.py:3047} INFO - Sync 1 DAGs
[2024-04-15T10:45:07.100+0000] {logging_mixin.py:188} INFO - [2024-04-15T10:45:07.099+0000] {dag.py:3834} INFO - Setting next_dagrun for example_python_operator to None, run_after=None
[2024-04-15T10:45:07.124+0000] {processor.py:183} INFO - Processing /home/airflow/.local/lib/python3.8/site-packages/airflow/example_dags/example_python_operator.py took 0.079 seconds
[2024-04-15T10:45:37.384+0000] {processor.py:161} INFO - Started process (PID=501) to work on /home/airflow/.local/lib/python3.8/site-packages/airflow/example_dags/example_python_operator.py
[2024-04-15T10:45:37.386+0000] {processor.py:830} INFO - Processing file /home/airflow/.local/lib/python3.8/site-packages/airflow/example_dags/example_python_operator.py for tasks to queue
[2024-04-15T10:45:37.388+0000] {logging_mixin.py:188} INFO - [2024-04-15T10:45:37.388+0000] {dagbag.py:540} INFO - Filling up the DagBag from /home/airflow/.local/lib/python3.8/site-packages/airflow/example_dags/example_python_operator.py
[2024-04-15T10:45:37.399+0000] {processor.py:840} INFO - DAG(s) 'example_python_operator' retrieved from /home/airflow/.local/lib/python3.8/site-packages/airflow/example_dags/example_python_operator.py
[2024-04-15T10:45:37.429+0000] {logging_mixin.py:188} INFO - [2024-04-15T10:45:37.429+0000] {dag.py:3047} INFO - Sync 1 DAGs
[2024-04-15T10:45:37.446+0000] {logging_mixin.py:188} INFO - [2024-04-15T10:45:37.446+0000] {dag.py:3834} INFO - Setting next_dagrun for example_python_operator to None, run_after=None
[2024-04-15T10:45:37.471+0000] {processor.py:183} INFO - Processing /home/airflow/.local/lib/python3.8/site-packages/airflow/example_dags/example_python_operator.py took 0.090 seconds
[2024-04-15T10:46:07.641+0000] {processor.py:161} INFO - Started process (PID=556) to work on /home/airflow/.local/lib/python3.8/site-packages/airflow/example_dags/example_python_operator.py
[2024-04-15T10:46:07.643+0000] {processor.py:830} INFO - Processing file /home/airflow/.local/lib/python3.8/site-packages/airflow/example_dags/example_python_operator.py for tasks to queue
[2024-04-15T10:46:07.645+0000] {logging_mixin.py:188} INFO - [2024-04-15T10:46:07.645+0000] {dagbag.py:540} INFO - Filling up the DagBag from /home/airflow/.local/lib/python3.8/site-packages/airflow/example_dags/example_python_operator.py
[2024-04-15T10:46:07.656+0000] {processor.py:840} INFO - DAG(s) 'example_python_operator' retrieved from /home/airflow/.local/lib/python3.8/site-packages/airflow/example_dags/example_python_operator.py
[2024-04-15T10:46:07.683+0000] {logging_mixin.py:188} INFO - [2024-04-15T10:46:07.683+0000] {dag.py:3047} INFO - Sync 1 DAGs
[2024-04-15T10:46:07.697+0000] {logging_mixin.py:188} INFO - [2024-04-15T10:46:07.696+0000] {dag.py:3834} INFO - Setting next_dagrun for example_python_operator to None, run_after=None
[2024-04-15T10:46:07.723+0000] {processor.py:183} INFO - Processing /home/airflow/.local/lib/python3.8/site-packages/airflow/example_dags/example_python_operator.py took 0.085 seconds
[2024-04-15T10:46:37.810+0000] {processor.py:161} INFO - Started process (PID=611) to work on /home/airflow/.local/lib/python3.8/site-packages/airflow/example_dags/example_python_operator.py
[2024-04-15T10:46:37.812+0000] {processor.py:830} INFO - Processing file /home/airflow/.local/lib/python3.8/site-packages/airflow/example_dags/example_python_operator.py for tasks to queue
[2024-04-15T10:46:37.814+0000] {logging_mixin.py:188} INFO - [2024-04-15T10:46:37.814+0000] {dagbag.py:540} INFO - Filling up the DagBag from /home/airflow/.local/lib/python3.8/site-packages/airflow/example_dags/example_python_operator.py
[2024-04-15T10:46:37.826+0000] {processor.py:840} INFO - DAG(s) 'example_python_operator' retrieved from /home/airflow/.local/lib/python3.8/site-packages/airflow/example_dags/example_python_operator.py
[2024-04-15T10:46:37.849+0000] {logging_mixin.py:188} INFO - [2024-04-15T10:46:37.848+0000] {dag.py:3047} INFO - Sync 1 DAGs
[2024-04-15T10:46:37.861+0000] {logging_mixin.py:188} INFO - [2024-04-15T10:46:37.861+0000] {dag.py:3834} INFO - Setting next_dagrun for example_python_operator to None, run_after=None
[2024-04-15T10:46:37.884+0000] {processor.py:183} INFO - Processing /home/airflow/.local/lib/python3.8/site-packages/airflow/example_dags/example_python_operator.py took 0.077 seconds
[2024-04-15T10:47:08.276+0000] {processor.py:161} INFO - Started process (PID=666) to work on /home/airflow/.local/lib/python3.8/site-packages/airflow/example_dags/example_python_operator.py
[2024-04-15T10:47:08.277+0000] {processor.py:830} INFO - Processing file /home/airflow/.local/lib/python3.8/site-packages/airflow/example_dags/example_python_operator.py for tasks to queue
[2024-04-15T10:47:08.280+0000] {logging_mixin.py:188} INFO - [2024-04-15T10:47:08.279+0000] {dagbag.py:540} INFO - Filling up the DagBag from /home/airflow/.local/lib/python3.8/site-packages/airflow/example_dags/example_python_operator.py
[2024-04-15T10:47:08.291+0000] {processor.py:840} INFO - DAG(s) 'example_python_operator' retrieved from /home/airflow/.local/lib/python3.8/site-packages/airflow/example_dags/example_python_operator.py
[2024-04-15T10:47:08.314+0000] {logging_mixin.py:188} INFO - [2024-04-15T10:47:08.314+0000] {dag.py:3047} INFO - Sync 1 DAGs
[2024-04-15T10:47:08.326+0000] {logging_mixin.py:188} INFO - [2024-04-15T10:47:08.326+0000] {dag.py:3834} INFO - Setting next_dagrun for example_python_operator to None, run_after=None
[2024-04-15T10:47:08.351+0000] {processor.py:183} INFO - Processing /home/airflow/.local/lib/python3.8/site-packages/airflow/example_dags/example_python_operator.py took 0.077 seconds
[2024-04-15T10:47:38.528+0000] {processor.py:161} INFO - Started process (PID=722) to work on /home/airflow/.local/lib/python3.8/site-packages/airflow/example_dags/example_python_operator.py
[2024-04-15T10:47:38.530+0000] {processor.py:830} INFO - Processing file /home/airflow/.local/lib/python3.8/site-packages/airflow/example_dags/example_python_operator.py for tasks to queue
[2024-04-15T10:47:38.532+0000] {logging_mixin.py:188} INFO - [2024-04-15T10:47:38.532+0000] {dagbag.py:540} INFO - Filling up the DagBag from /home/airflow/.local/lib/python3.8/site-packages/airflow/example_dags/example_python_operator.py
[2024-04-15T10:47:38.543+0000] {processor.py:840} INFO - DAG(s) 'example_python_operator' retrieved from /home/airflow/.local/lib/python3.8/site-packages/airflow/example_dags/example_python_operator.py
[2024-04-15T10:47:38.568+0000] {logging_mixin.py:188} INFO - [2024-04-15T10:47:38.568+0000] {dag.py:3047} INFO - Sync 1 DAGs
[2024-04-15T10:47:38.581+0000] {logging_mixin.py:188} INFO - [2024-04-15T10:47:38.581+0000] {dag.py:3834} INFO - Setting next_dagrun for example_python_operator to None, run_after=None
[2024-04-15T10:47:38.604+0000] {processor.py:183} INFO - Processing /home/airflow/.local/lib/python3.8/site-packages/airflow/example_dags/example_python_operator.py took 0.079 seconds
[2024-04-15T10:48:08.860+0000] {processor.py:161} INFO - Started process (PID=777) to work on /home/airflow/.local/lib/python3.8/site-packages/airflow/example_dags/example_python_operator.py
[2024-04-15T10:48:08.862+0000] {processor.py:830} INFO - Processing file /home/airflow/.local/lib/python3.8/site-packages/airflow/example_dags/example_python_operator.py for tasks to queue
[2024-04-15T10:48:08.865+0000] {logging_mixin.py:188} INFO - [2024-04-15T10:48:08.864+0000] {dagbag.py:540} INFO - Filling up the DagBag from /home/airflow/.local/lib/python3.8/site-packages/airflow/example_dags/example_python_operator.py
[2024-04-15T10:48:08.876+0000] {processor.py:840} INFO - DAG(s) 'example_python_operator' retrieved from /home/airflow/.local/lib/python3.8/site-packages/airflow/example_dags/example_python_operator.py
[2024-04-15T10:48:08.902+0000] {logging_mixin.py:188} INFO - [2024-04-15T10:48:08.902+0000] {dag.py:3047} INFO - Sync 1 DAGs
[2024-04-15T10:48:08.913+0000] {logging_mixin.py:188} INFO - [2024-04-15T10:48:08.913+0000] {dag.py:3834} INFO - Setting next_dagrun for example_python_operator to None, run_after=None
[2024-04-15T10:48:08.936+0000] {processor.py:183} INFO - Processing /home/airflow/.local/lib/python3.8/site-packages/airflow/example_dags/example_python_operator.py took 0.079 seconds
[2024-04-15T10:48:39.149+0000] {processor.py:161} INFO - Started process (PID=832) to work on /home/airflow/.local/lib/python3.8/site-packages/airflow/example_dags/example_python_operator.py
[2024-04-15T10:48:39.151+0000] {processor.py:830} INFO - Processing file /home/airflow/.local/lib/python3.8/site-packages/airflow/example_dags/example_python_operator.py for tasks to queue
[2024-04-15T10:48:39.153+0000] {logging_mixin.py:188} INFO - [2024-04-15T10:48:39.153+0000] {dagbag.py:540} INFO - Filling up the DagBag from /home/airflow/.local/lib/python3.8/site-packages/airflow/example_dags/example_python_operator.py
[2024-04-15T10:48:39.162+0000] {processor.py:840} INFO - DAG(s) 'example_python_operator' retrieved from /home/airflow/.local/lib/python3.8/site-packages/airflow/example_dags/example_python_operator.py
[2024-04-15T10:48:39.186+0000] {logging_mixin.py:188} INFO - [2024-04-15T10:48:39.186+0000] {dag.py:3047} INFO - Sync 1 DAGs
[2024-04-15T10:48:39.201+0000] {logging_mixin.py:188} INFO - [2024-04-15T10:48:39.201+0000] {dag.py:3834} INFO - Setting next_dagrun for example_python_operator to None, run_after=None
[2024-04-15T10:48:39.236+0000] {processor.py:183} INFO - Processing /home/airflow/.local/lib/python3.8/site-packages/airflow/example_dags/example_python_operator.py took 0.090 seconds
[2024-04-15T10:49:58.493+0000] {processor.py:161} INFO - Started process (PID=887) to work on /home/airflow/.local/lib/python3.8/site-packages/airflow/example_dags/example_python_operator.py
[2024-04-15T10:49:58.494+0000] {processor.py:830} INFO - Processing file /home/airflow/.local/lib/python3.8/site-packages/airflow/example_dags/example_python_operator.py for tasks to queue
[2024-04-15T10:49:58.496+0000] {logging_mixin.py:188} INFO - [2024-04-15T10:49:58.496+0000] {dagbag.py:540} INFO - Filling up the DagBag from /home/airflow/.local/lib/python3.8/site-packages/airflow/example_dags/example_python_operator.py
[2024-04-15T10:49:58.510+0000] {processor.py:840} INFO - DAG(s) 'example_python_operator' retrieved from /home/airflow/.local/lib/python3.8/site-packages/airflow/example_dags/example_python_operator.py
[2024-04-15T10:49:58.536+0000] {logging_mixin.py:188} INFO - [2024-04-15T10:49:58.535+0000] {dag.py:3047} INFO - Sync 1 DAGs
[2024-04-15T10:49:58.548+0000] {logging_mixin.py:188} INFO - [2024-04-15T10:49:58.548+0000] {dag.py:3834} INFO - Setting next_dagrun for example_python_operator to None, run_after=None
[2024-04-15T10:49:58.572+0000] {processor.py:183} INFO - Processing /home/airflow/.local/lib/python3.8/site-packages/airflow/example_dags/example_python_operator.py took 0.083 seconds
[2024-04-15T10:50:29.356+0000] {processor.py:161} INFO - Started process (PID=942) to work on /home/airflow/.local/lib/python3.8/site-packages/airflow/example_dags/example_python_operator.py
[2024-04-15T10:50:29.358+0000] {processor.py:830} INFO - Processing file /home/airflow/.local/lib/python3.8/site-packages/airflow/example_dags/example_python_operator.py for tasks to queue
[2024-04-15T10:50:29.360+0000] {logging_mixin.py:188} INFO - [2024-04-15T10:50:29.360+0000] {dagbag.py:540} INFO - Filling up the DagBag from /home/airflow/.local/lib/python3.8/site-packages/airflow/example_dags/example_python_operator.py
[2024-04-15T10:50:29.371+0000] {processor.py:840} INFO - DAG(s) 'example_python_operator' retrieved from /home/airflow/.local/lib/python3.8/site-packages/airflow/example_dags/example_python_operator.py
[2024-04-15T10:50:29.398+0000] {logging_mixin.py:188} INFO - [2024-04-15T10:50:29.398+0000] {dag.py:3047} INFO - Sync 1 DAGs
[2024-04-15T10:50:29.412+0000] {logging_mixin.py:188} INFO - [2024-04-15T10:50:29.412+0000] {dag.py:3834} INFO - Setting next_dagrun for example_python_operator to None, run_after=None
[2024-04-15T10:50:29.437+0000] {processor.py:183} INFO - Processing /home/airflow/.local/lib/python3.8/site-packages/airflow/example_dags/example_python_operator.py took 0.084 seconds
[2024-04-15T10:50:59.683+0000] {processor.py:161} INFO - Started process (PID=997) to work on /home/airflow/.local/lib/python3.8/site-packages/airflow/example_dags/example_python_operator.py
[2024-04-15T10:50:59.684+0000] {processor.py:830} INFO - Processing file /home/airflow/.local/lib/python3.8/site-packages/airflow/example_dags/example_python_operator.py for tasks to queue
[2024-04-15T10:50:59.687+0000] {logging_mixin.py:188} INFO - [2024-04-15T10:50:59.687+0000] {dagbag.py:540} INFO - Filling up the DagBag from /home/airflow/.local/lib/python3.8/site-packages/airflow/example_dags/example_python_operator.py
[2024-04-15T10:50:59.696+0000] {processor.py:840} INFO - DAG(s) 'example_python_operator' retrieved from /home/airflow/.local/lib/python3.8/site-packages/airflow/example_dags/example_python_operator.py
[2024-04-15T10:50:59.722+0000] {logging_mixin.py:188} INFO - [2024-04-15T10:50:59.721+0000] {dag.py:3047} INFO - Sync 1 DAGs
[2024-04-15T10:50:59.734+0000] {logging_mixin.py:188} INFO - [2024-04-15T10:50:59.733+0000] {dag.py:3834} INFO - Setting next_dagrun for example_python_operator to None, run_after=None
[2024-04-15T10:50:59.761+0000] {processor.py:183} INFO - Processing /home/airflow/.local/lib/python3.8/site-packages/airflow/example_dags/example_python_operator.py took 0.081 seconds
[2024-04-15T10:51:30.200+0000] {processor.py:161} INFO - Started process (PID=1052) to work on /home/airflow/.local/lib/python3.8/site-packages/airflow/example_dags/example_python_operator.py
[2024-04-15T10:51:30.202+0000] {processor.py:830} INFO - Processing file /home/airflow/.local/lib/python3.8/site-packages/airflow/example_dags/example_python_operator.py for tasks to queue
[2024-04-15T10:51:30.204+0000] {logging_mixin.py:188} INFO - [2024-04-15T10:51:30.204+0000] {dagbag.py:540} INFO - Filling up the DagBag from /home/airflow/.local/lib/python3.8/site-packages/airflow/example_dags/example_python_operator.py
[2024-04-15T10:51:30.215+0000] {processor.py:840} INFO - DAG(s) 'example_python_operator' retrieved from /home/airflow/.local/lib/python3.8/site-packages/airflow/example_dags/example_python_operator.py
[2024-04-15T10:51:30.240+0000] {logging_mixin.py:188} INFO - [2024-04-15T10:51:30.240+0000] {dag.py:3047} INFO - Sync 1 DAGs
[2024-04-15T10:51:30.253+0000] {logging_mixin.py:188} INFO - [2024-04-15T10:51:30.253+0000] {dag.py:3834} INFO - Setting next_dagrun for example_python_operator to None, run_after=None
[2024-04-15T10:51:30.275+0000] {processor.py:183} INFO - Processing /home/airflow/.local/lib/python3.8/site-packages/airflow/example_dags/example_python_operator.py took 0.078 seconds
[2024-04-15T10:52:00.600+0000] {processor.py:161} INFO - Started process (PID=1107) to work on /home/airflow/.local/lib/python3.8/site-packages/airflow/example_dags/example_python_operator.py
[2024-04-15T10:52:00.602+0000] {processor.py:830} INFO - Processing file /home/airflow/.local/lib/python3.8/site-packages/airflow/example_dags/example_python_operator.py for tasks to queue
[2024-04-15T10:52:00.604+0000] {logging_mixin.py:188} INFO - [2024-04-15T10:52:00.604+0000] {dagbag.py:540} INFO - Filling up the DagBag from /home/airflow/.local/lib/python3.8/site-packages/airflow/example_dags/example_python_operator.py
[2024-04-15T10:52:00.618+0000] {processor.py:840} INFO - DAG(s) 'example_python_operator' retrieved from /home/airflow/.local/lib/python3.8/site-packages/airflow/example_dags/example_python_operator.py
[2024-04-15T10:52:00.642+0000] {logging_mixin.py:188} INFO - [2024-04-15T10:52:00.642+0000] {dag.py:3047} INFO - Sync 1 DAGs
[2024-04-15T10:52:00.655+0000] {logging_mixin.py:188} INFO - [2024-04-15T10:52:00.655+0000] {dag.py:3834} INFO - Setting next_dagrun for example_python_operator to None, run_after=None
[2024-04-15T10:52:00.681+0000] {processor.py:183} INFO - Processing /home/airflow/.local/lib/python3.8/site-packages/airflow/example_dags/example_python_operator.py took 0.084 seconds
[2024-04-15T10:52:31.081+0000] {processor.py:161} INFO - Started process (PID=1162) to work on /home/airflow/.local/lib/python3.8/site-packages/airflow/example_dags/example_python_operator.py
[2024-04-15T10:52:31.082+0000] {processor.py:830} INFO - Processing file /home/airflow/.local/lib/python3.8/site-packages/airflow/example_dags/example_python_operator.py for tasks to queue
[2024-04-15T10:52:31.085+0000] {logging_mixin.py:188} INFO - [2024-04-15T10:52:31.084+0000] {dagbag.py:540} INFO - Filling up the DagBag from /home/airflow/.local/lib/python3.8/site-packages/airflow/example_dags/example_python_operator.py
[2024-04-15T10:52:31.094+0000] {processor.py:840} INFO - DAG(s) 'example_python_operator' retrieved from /home/airflow/.local/lib/python3.8/site-packages/airflow/example_dags/example_python_operator.py
[2024-04-15T10:52:31.117+0000] {logging_mixin.py:188} INFO - [2024-04-15T10:52:31.117+0000] {dag.py:3047} INFO - Sync 1 DAGs
[2024-04-15T10:52:31.130+0000] {logging_mixin.py:188} INFO - [2024-04-15T10:52:31.130+0000] {dag.py:3834} INFO - Setting next_dagrun for example_python_operator to None, run_after=None
[2024-04-15T10:52:31.153+0000] {processor.py:183} INFO - Processing /home/airflow/.local/lib/python3.8/site-packages/airflow/example_dags/example_python_operator.py took 0.075 seconds
[2024-04-15T11:28:58.258+0000] {processor.py:161} INFO - Started process (PID=1231) to work on /home/airflow/.local/lib/python3.8/site-packages/airflow/example_dags/example_python_operator.py
[2024-04-15T11:28:58.260+0000] {processor.py:830} INFO - Processing file /home/airflow/.local/lib/python3.8/site-packages/airflow/example_dags/example_python_operator.py for tasks to queue
[2024-04-15T11:28:58.262+0000] {logging_mixin.py:188} INFO - [2024-04-15T11:28:58.262+0000] {dagbag.py:540} INFO - Filling up the DagBag from /home/airflow/.local/lib/python3.8/site-packages/airflow/example_dags/example_python_operator.py
[2024-04-15T11:28:58.279+0000] {processor.py:840} INFO - DAG(s) 'example_python_operator' retrieved from /home/airflow/.local/lib/python3.8/site-packages/airflow/example_dags/example_python_operator.py
[2024-04-15T11:28:58.316+0000] {logging_mixin.py:188} INFO - [2024-04-15T11:28:58.315+0000] {dag.py:3047} INFO - Sync 1 DAGs
[2024-04-15T11:28:58.342+0000] {logging_mixin.py:188} INFO - [2024-04-15T11:28:58.341+0000] {dag.py:3834} INFO - Setting next_dagrun for example_python_operator to None, run_after=None
[2024-04-15T11:28:58.380+0000] {processor.py:183} INFO - Processing /home/airflow/.local/lib/python3.8/site-packages/airflow/example_dags/example_python_operator.py took 0.127 seconds
[2024-04-15T11:29:28.863+0000] {processor.py:161} INFO - Started process (PID=1286) to work on /home/airflow/.local/lib/python3.8/site-packages/airflow/example_dags/example_python_operator.py
[2024-04-15T11:29:28.864+0000] {processor.py:830} INFO - Processing file /home/airflow/.local/lib/python3.8/site-packages/airflow/example_dags/example_python_operator.py for tasks to queue
[2024-04-15T11:29:28.867+0000] {logging_mixin.py:188} INFO - [2024-04-15T11:29:28.866+0000] {dagbag.py:540} INFO - Filling up the DagBag from /home/airflow/.local/lib/python3.8/site-packages/airflow/example_dags/example_python_operator.py
[2024-04-15T11:29:28.879+0000] {processor.py:840} INFO - DAG(s) 'example_python_operator' retrieved from /home/airflow/.local/lib/python3.8/site-packages/airflow/example_dags/example_python_operator.py
[2024-04-15T11:29:28.904+0000] {logging_mixin.py:188} INFO - [2024-04-15T11:29:28.904+0000] {dag.py:3047} INFO - Sync 1 DAGs
[2024-04-15T11:29:28.916+0000] {logging_mixin.py:188} INFO - [2024-04-15T11:29:28.916+0000] {dag.py:3834} INFO - Setting next_dagrun for example_python_operator to None, run_after=None
[2024-04-15T11:29:28.940+0000] {processor.py:183} INFO - Processing /home/airflow/.local/lib/python3.8/site-packages/airflow/example_dags/example_python_operator.py took 0.081 seconds
[2024-04-15T11:29:59.305+0000] {processor.py:161} INFO - Started process (PID=1341) to work on /home/airflow/.local/lib/python3.8/site-packages/airflow/example_dags/example_python_operator.py
[2024-04-15T11:29:59.306+0000] {processor.py:830} INFO - Processing file /home/airflow/.local/lib/python3.8/site-packages/airflow/example_dags/example_python_operator.py for tasks to queue
[2024-04-15T11:29:59.308+0000] {logging_mixin.py:188} INFO - [2024-04-15T11:29:59.308+0000] {dagbag.py:540} INFO - Filling up the DagBag from /home/airflow/.local/lib/python3.8/site-packages/airflow/example_dags/example_python_operator.py
[2024-04-15T11:29:59.319+0000] {processor.py:840} INFO - DAG(s) 'example_python_operator' retrieved from /home/airflow/.local/lib/python3.8/site-packages/airflow/example_dags/example_python_operator.py
[2024-04-15T11:29:59.345+0000] {logging_mixin.py:188} INFO - [2024-04-15T11:29:59.345+0000] {dag.py:3047} INFO - Sync 1 DAGs
[2024-04-15T11:29:59.360+0000] {logging_mixin.py:188} INFO - [2024-04-15T11:29:59.359+0000] {dag.py:3834} INFO - Setting next_dagrun for example_python_operator to None, run_after=None
[2024-04-15T11:29:59.382+0000] {processor.py:183} INFO - Processing /home/airflow/.local/lib/python3.8/site-packages/airflow/example_dags/example_python_operator.py took 0.080 seconds
[2024-04-15T11:30:29.772+0000] {processor.py:161} INFO - Started process (PID=1396) to work on /home/airflow/.local/lib/python3.8/site-packages/airflow/example_dags/example_python_operator.py
[2024-04-15T11:30:29.774+0000] {processor.py:830} INFO - Processing file /home/airflow/.local/lib/python3.8/site-packages/airflow/example_dags/example_python_operator.py for tasks to queue
[2024-04-15T11:30:29.777+0000] {logging_mixin.py:188} INFO - [2024-04-15T11:30:29.776+0000] {dagbag.py:540} INFO - Filling up the DagBag from /home/airflow/.local/lib/python3.8/site-packages/airflow/example_dags/example_python_operator.py
[2024-04-15T11:30:29.787+0000] {processor.py:840} INFO - DAG(s) 'example_python_operator' retrieved from /home/airflow/.local/lib/python3.8/site-packages/airflow/example_dags/example_python_operator.py
[2024-04-15T11:30:29.811+0000] {logging_mixin.py:188} INFO - [2024-04-15T11:30:29.811+0000] {dag.py:3047} INFO - Sync 1 DAGs
[2024-04-15T11:30:29.822+0000] {logging_mixin.py:188} INFO - [2024-04-15T11:30:29.822+0000] {dag.py:3834} INFO - Setting next_dagrun for example_python_operator to None, run_after=None
[2024-04-15T11:30:29.845+0000] {processor.py:183} INFO - Processing /home/airflow/.local/lib/python3.8/site-packages/airflow/example_dags/example_python_operator.py took 0.076 seconds
[2024-04-15T11:31:00.236+0000] {processor.py:161} INFO - Started process (PID=1451) to work on /home/airflow/.local/lib/python3.8/site-packages/airflow/example_dags/example_python_operator.py
[2024-04-15T11:31:00.238+0000] {processor.py:830} INFO - Processing file /home/airflow/.local/lib/python3.8/site-packages/airflow/example_dags/example_python_operator.py for tasks to queue
[2024-04-15T11:31:00.239+0000] {logging_mixin.py:188} INFO - [2024-04-15T11:31:00.239+0000] {dagbag.py:540} INFO - Filling up the DagBag from /home/airflow/.local/lib/python3.8/site-packages/airflow/example_dags/example_python_operator.py
[2024-04-15T11:31:00.249+0000] {processor.py:840} INFO - DAG(s) 'example_python_operator' retrieved from /home/airflow/.local/lib/python3.8/site-packages/airflow/example_dags/example_python_operator.py
[2024-04-15T11:31:00.273+0000] {logging_mixin.py:188} INFO - [2024-04-15T11:31:00.273+0000] {dag.py:3047} INFO - Sync 1 DAGs
[2024-04-15T11:31:00.285+0000] {logging_mixin.py:188} INFO - [2024-04-15T11:31:00.285+0000] {dag.py:3834} INFO - Setting next_dagrun for example_python_operator to None, run_after=None
[2024-04-15T11:31:00.310+0000] {processor.py:183} INFO - Processing /home/airflow/.local/lib/python3.8/site-packages/airflow/example_dags/example_python_operator.py took 0.077 seconds
[2024-04-15T11:31:30.502+0000] {processor.py:161} INFO - Started process (PID=1506) to work on /home/airflow/.local/lib/python3.8/site-packages/airflow/example_dags/example_python_operator.py
[2024-04-15T11:31:30.503+0000] {processor.py:830} INFO - Processing file /home/airflow/.local/lib/python3.8/site-packages/airflow/example_dags/example_python_operator.py for tasks to queue
[2024-04-15T11:31:30.505+0000] {logging_mixin.py:188} INFO - [2024-04-15T11:31:30.505+0000] {dagbag.py:540} INFO - Filling up the DagBag from /home/airflow/.local/lib/python3.8/site-packages/airflow/example_dags/example_python_operator.py
[2024-04-15T11:31:30.518+0000] {processor.py:840} INFO - DAG(s) 'example_python_operator' retrieved from /home/airflow/.local/lib/python3.8/site-packages/airflow/example_dags/example_python_operator.py
[2024-04-15T11:31:30.542+0000] {logging_mixin.py:188} INFO - [2024-04-15T11:31:30.542+0000] {dag.py:3047} INFO - Sync 1 DAGs
[2024-04-15T11:31:30.559+0000] {logging_mixin.py:188} INFO - [2024-04-15T11:31:30.558+0000] {dag.py:3834} INFO - Setting next_dagrun for example_python_operator to None, run_after=None
[2024-04-15T11:31:30.591+0000] {processor.py:183} INFO - Processing /home/airflow/.local/lib/python3.8/site-packages/airflow/example_dags/example_python_operator.py took 0.093 seconds
[2024-04-15T11:32:02.090+0000] {processor.py:161} INFO - Started process (PID=1567) to work on /home/airflow/.local/lib/python3.8/site-packages/airflow/example_dags/example_python_operator.py
[2024-04-15T11:32:02.093+0000] {processor.py:830} INFO - Processing file /home/airflow/.local/lib/python3.8/site-packages/airflow/example_dags/example_python_operator.py for tasks to queue
[2024-04-15T11:32:02.101+0000] {logging_mixin.py:188} INFO - [2024-04-15T11:32:02.098+0000] {dagbag.py:540} INFO - Filling up the DagBag from /home/airflow/.local/lib/python3.8/site-packages/airflow/example_dags/example_python_operator.py
[2024-04-15T11:32:02.123+0000] {processor.py:840} INFO - DAG(s) 'example_python_operator' retrieved from /home/airflow/.local/lib/python3.8/site-packages/airflow/example_dags/example_python_operator.py
[2024-04-15T11:32:02.165+0000] {logging_mixin.py:188} INFO - [2024-04-15T11:32:02.165+0000] {dag.py:3047} INFO - Sync 1 DAGs
[2024-04-15T11:32:02.179+0000] {logging_mixin.py:188} INFO - [2024-04-15T11:32:02.179+0000] {dag.py:3834} INFO - Setting next_dagrun for example_python_operator to None, run_after=None
[2024-04-15T11:32:02.358+0000] {processor.py:183} INFO - Processing /home/airflow/.local/lib/python3.8/site-packages/airflow/example_dags/example_python_operator.py took 0.275 seconds
[2024-04-15T12:11:22.334+0000] {processor.py:161} INFO - Started process (PID=1605) to work on /home/airflow/.local/lib/python3.8/site-packages/airflow/example_dags/example_python_operator.py
[2024-04-15T12:11:22.335+0000] {processor.py:830} INFO - Processing file /home/airflow/.local/lib/python3.8/site-packages/airflow/example_dags/example_python_operator.py for tasks to queue
[2024-04-15T12:11:22.337+0000] {logging_mixin.py:188} INFO - [2024-04-15T12:11:22.336+0000] {dagbag.py:540} INFO - Filling up the DagBag from /home/airflow/.local/lib/python3.8/site-packages/airflow/example_dags/example_python_operator.py
[2024-04-15T12:11:22.348+0000] {processor.py:840} INFO - DAG(s) 'example_python_operator' retrieved from /home/airflow/.local/lib/python3.8/site-packages/airflow/example_dags/example_python_operator.py
[2024-04-15T12:11:22.377+0000] {logging_mixin.py:188} INFO - [2024-04-15T12:11:22.376+0000] {dag.py:3047} INFO - Sync 1 DAGs
[2024-04-15T12:11:22.392+0000] {logging_mixin.py:188} INFO - [2024-04-15T12:11:22.392+0000] {dag.py:3834} INFO - Setting next_dagrun for example_python_operator to None, run_after=None
[2024-04-15T12:11:22.420+0000] {processor.py:183} INFO - Processing /home/airflow/.local/lib/python3.8/site-packages/airflow/example_dags/example_python_operator.py took 0.089 seconds
[2024-04-15T12:11:53.174+0000] {processor.py:161} INFO - Started process (PID=1660) to work on /home/airflow/.local/lib/python3.8/site-packages/airflow/example_dags/example_python_operator.py
[2024-04-15T12:11:53.175+0000] {processor.py:830} INFO - Processing file /home/airflow/.local/lib/python3.8/site-packages/airflow/example_dags/example_python_operator.py for tasks to queue
[2024-04-15T12:11:53.177+0000] {logging_mixin.py:188} INFO - [2024-04-15T12:11:53.176+0000] {dagbag.py:540} INFO - Filling up the DagBag from /home/airflow/.local/lib/python3.8/site-packages/airflow/example_dags/example_python_operator.py
[2024-04-15T12:11:53.190+0000] {processor.py:840} INFO - DAG(s) 'example_python_operator' retrieved from /home/airflow/.local/lib/python3.8/site-packages/airflow/example_dags/example_python_operator.py
[2024-04-15T12:11:53.216+0000] {logging_mixin.py:188} INFO - [2024-04-15T12:11:53.216+0000] {dag.py:3047} INFO - Sync 1 DAGs
[2024-04-15T12:11:53.234+0000] {logging_mixin.py:188} INFO - [2024-04-15T12:11:53.234+0000] {dag.py:3834} INFO - Setting next_dagrun for example_python_operator to None, run_after=None
[2024-04-15T12:11:53.264+0000] {processor.py:183} INFO - Processing /home/airflow/.local/lib/python3.8/site-packages/airflow/example_dags/example_python_operator.py took 0.095 seconds
[2024-04-15T12:12:24.899+0000] {processor.py:161} INFO - Started process (PID=1715) to work on /home/airflow/.local/lib/python3.8/site-packages/airflow/example_dags/example_python_operator.py
[2024-04-15T12:12:24.900+0000] {processor.py:830} INFO - Processing file /home/airflow/.local/lib/python3.8/site-packages/airflow/example_dags/example_python_operator.py for tasks to queue
[2024-04-15T12:12:24.902+0000] {logging_mixin.py:188} INFO - [2024-04-15T12:12:24.901+0000] {dagbag.py:540} INFO - Filling up the DagBag from /home/airflow/.local/lib/python3.8/site-packages/airflow/example_dags/example_python_operator.py
[2024-04-15T12:12:24.917+0000] {processor.py:840} INFO - DAG(s) 'example_python_operator' retrieved from /home/airflow/.local/lib/python3.8/site-packages/airflow/example_dags/example_python_operator.py
[2024-04-15T12:12:24.951+0000] {logging_mixin.py:188} INFO - [2024-04-15T12:12:24.951+0000] {dag.py:3047} INFO - Sync 1 DAGs
[2024-04-15T12:12:24.970+0000] {logging_mixin.py:188} INFO - [2024-04-15T12:12:24.970+0000] {dag.py:3834} INFO - Setting next_dagrun for example_python_operator to None, run_after=None
[2024-04-15T12:12:25.010+0000] {processor.py:183} INFO - Processing /home/airflow/.local/lib/python3.8/site-packages/airflow/example_dags/example_python_operator.py took 0.115 seconds
[2024-04-15T12:12:55.123+0000] {processor.py:161} INFO - Started process (PID=1770) to work on /home/airflow/.local/lib/python3.8/site-packages/airflow/example_dags/example_python_operator.py
[2024-04-15T12:12:55.125+0000] {processor.py:830} INFO - Processing file /home/airflow/.local/lib/python3.8/site-packages/airflow/example_dags/example_python_operator.py for tasks to queue
[2024-04-15T12:12:55.126+0000] {logging_mixin.py:188} INFO - [2024-04-15T12:12:55.126+0000] {dagbag.py:540} INFO - Filling up the DagBag from /home/airflow/.local/lib/python3.8/site-packages/airflow/example_dags/example_python_operator.py
[2024-04-15T12:12:55.136+0000] {processor.py:840} INFO - DAG(s) 'example_python_operator' retrieved from /home/airflow/.local/lib/python3.8/site-packages/airflow/example_dags/example_python_operator.py
[2024-04-15T12:12:55.162+0000] {logging_mixin.py:188} INFO - [2024-04-15T12:12:55.162+0000] {dag.py:3047} INFO - Sync 1 DAGs
[2024-04-15T12:12:55.174+0000] {logging_mixin.py:188} INFO - [2024-04-15T12:12:55.174+0000] {dag.py:3834} INFO - Setting next_dagrun for example_python_operator to None, run_after=None
[2024-04-15T12:12:55.200+0000] {processor.py:183} INFO - Processing /home/airflow/.local/lib/python3.8/site-packages/airflow/example_dags/example_python_operator.py took 0.080 seconds
[2024-04-15T12:13:25.321+0000] {processor.py:161} INFO - Started process (PID=1825) to work on /home/airflow/.local/lib/python3.8/site-packages/airflow/example_dags/example_python_operator.py
[2024-04-15T12:13:25.322+0000] {processor.py:830} INFO - Processing file /home/airflow/.local/lib/python3.8/site-packages/airflow/example_dags/example_python_operator.py for tasks to queue
[2024-04-15T12:13:25.323+0000] {logging_mixin.py:188} INFO - [2024-04-15T12:13:25.323+0000] {dagbag.py:540} INFO - Filling up the DagBag from /home/airflow/.local/lib/python3.8/site-packages/airflow/example_dags/example_python_operator.py
[2024-04-15T12:13:25.334+0000] {processor.py:840} INFO - DAG(s) 'example_python_operator' retrieved from /home/airflow/.local/lib/python3.8/site-packages/airflow/example_dags/example_python_operator.py
[2024-04-15T12:13:25.359+0000] {logging_mixin.py:188} INFO - [2024-04-15T12:13:25.359+0000] {dag.py:3047} INFO - Sync 1 DAGs
[2024-04-15T12:13:25.370+0000] {logging_mixin.py:188} INFO - [2024-04-15T12:13:25.370+0000] {dag.py:3834} INFO - Setting next_dagrun for example_python_operator to None, run_after=None
[2024-04-15T12:13:25.396+0000] {processor.py:183} INFO - Processing /home/airflow/.local/lib/python3.8/site-packages/airflow/example_dags/example_python_operator.py took 0.078 seconds
[2024-04-15T12:13:55.927+0000] {processor.py:161} INFO - Started process (PID=1880) to work on /home/airflow/.local/lib/python3.8/site-packages/airflow/example_dags/example_python_operator.py
[2024-04-15T12:13:55.929+0000] {processor.py:830} INFO - Processing file /home/airflow/.local/lib/python3.8/site-packages/airflow/example_dags/example_python_operator.py for tasks to queue
[2024-04-15T12:13:55.930+0000] {logging_mixin.py:188} INFO - [2024-04-15T12:13:55.930+0000] {dagbag.py:540} INFO - Filling up the DagBag from /home/airflow/.local/lib/python3.8/site-packages/airflow/example_dags/example_python_operator.py
[2024-04-15T12:13:55.941+0000] {processor.py:840} INFO - DAG(s) 'example_python_operator' retrieved from /home/airflow/.local/lib/python3.8/site-packages/airflow/example_dags/example_python_operator.py
[2024-04-15T12:13:55.963+0000] {logging_mixin.py:188} INFO - [2024-04-15T12:13:55.963+0000] {dag.py:3047} INFO - Sync 1 DAGs
[2024-04-15T12:13:55.975+0000] {logging_mixin.py:188} INFO - [2024-04-15T12:13:55.975+0000] {dag.py:3834} INFO - Setting next_dagrun for example_python_operator to None, run_after=None
[2024-04-15T12:13:55.998+0000] {processor.py:183} INFO - Processing /home/airflow/.local/lib/python3.8/site-packages/airflow/example_dags/example_python_operator.py took 0.075 seconds
[2024-04-15T12:14:26.108+0000] {processor.py:161} INFO - Started process (PID=1935) to work on /home/airflow/.local/lib/python3.8/site-packages/airflow/example_dags/example_python_operator.py
[2024-04-15T12:14:26.110+0000] {processor.py:830} INFO - Processing file /home/airflow/.local/lib/python3.8/site-packages/airflow/example_dags/example_python_operator.py for tasks to queue
[2024-04-15T12:14:26.112+0000] {logging_mixin.py:188} INFO - [2024-04-15T12:14:26.111+0000] {dagbag.py:540} INFO - Filling up the DagBag from /home/airflow/.local/lib/python3.8/site-packages/airflow/example_dags/example_python_operator.py
[2024-04-15T12:14:26.122+0000] {processor.py:840} INFO - DAG(s) 'example_python_operator' retrieved from /home/airflow/.local/lib/python3.8/site-packages/airflow/example_dags/example_python_operator.py
[2024-04-15T12:14:26.147+0000] {logging_mixin.py:188} INFO - [2024-04-15T12:14:26.147+0000] {dag.py:3047} INFO - Sync 1 DAGs
[2024-04-15T12:14:26.160+0000] {logging_mixin.py:188} INFO - [2024-04-15T12:14:26.159+0000] {dag.py:3834} INFO - Setting next_dagrun for example_python_operator to None, run_after=None
[2024-04-15T12:14:26.185+0000] {processor.py:183} INFO - Processing /home/airflow/.local/lib/python3.8/site-packages/airflow/example_dags/example_python_operator.py took 0.080 seconds
[2024-04-15T12:14:56.487+0000] {processor.py:161} INFO - Started process (PID=1990) to work on /home/airflow/.local/lib/python3.8/site-packages/airflow/example_dags/example_python_operator.py
[2024-04-15T12:14:56.488+0000] {processor.py:830} INFO - Processing file /home/airflow/.local/lib/python3.8/site-packages/airflow/example_dags/example_python_operator.py for tasks to queue
[2024-04-15T12:14:56.490+0000] {logging_mixin.py:188} INFO - [2024-04-15T12:14:56.489+0000] {dagbag.py:540} INFO - Filling up the DagBag from /home/airflow/.local/lib/python3.8/site-packages/airflow/example_dags/example_python_operator.py
[2024-04-15T12:14:56.500+0000] {processor.py:840} INFO - DAG(s) 'example_python_operator' retrieved from /home/airflow/.local/lib/python3.8/site-packages/airflow/example_dags/example_python_operator.py
[2024-04-15T12:14:56.528+0000] {logging_mixin.py:188} INFO - [2024-04-15T12:14:56.527+0000] {dag.py:3047} INFO - Sync 1 DAGs
[2024-04-15T12:14:56.538+0000] {logging_mixin.py:188} INFO - [2024-04-15T12:14:56.538+0000] {dag.py:3834} INFO - Setting next_dagrun for example_python_operator to None, run_after=None
[2024-04-15T12:14:56.563+0000] {processor.py:183} INFO - Processing /home/airflow/.local/lib/python3.8/site-packages/airflow/example_dags/example_python_operator.py took 0.079 seconds
[2024-04-15T12:15:26.945+0000] {processor.py:161} INFO - Started process (PID=2045) to work on /home/airflow/.local/lib/python3.8/site-packages/airflow/example_dags/example_python_operator.py
[2024-04-15T12:15:26.946+0000] {processor.py:830} INFO - Processing file /home/airflow/.local/lib/python3.8/site-packages/airflow/example_dags/example_python_operator.py for tasks to queue
[2024-04-15T12:15:26.948+0000] {logging_mixin.py:188} INFO - [2024-04-15T12:15:26.947+0000] {dagbag.py:540} INFO - Filling up the DagBag from /home/airflow/.local/lib/python3.8/site-packages/airflow/example_dags/example_python_operator.py
[2024-04-15T12:15:26.957+0000] {processor.py:840} INFO - DAG(s) 'example_python_operator' retrieved from /home/airflow/.local/lib/python3.8/site-packages/airflow/example_dags/example_python_operator.py
[2024-04-15T12:15:26.981+0000] {logging_mixin.py:188} INFO - [2024-04-15T12:15:26.980+0000] {dag.py:3047} INFO - Sync 1 DAGs
[2024-04-15T12:15:26.993+0000] {logging_mixin.py:188} INFO - [2024-04-15T12:15:26.992+0000] {dag.py:3834} INFO - Setting next_dagrun for example_python_operator to None, run_after=None
[2024-04-15T12:15:27.014+0000] {processor.py:183} INFO - Processing /home/airflow/.local/lib/python3.8/site-packages/airflow/example_dags/example_python_operator.py took 0.072 seconds
[2024-04-15T12:15:57.134+0000] {processor.py:161} INFO - Started process (PID=2100) to work on /home/airflow/.local/lib/python3.8/site-packages/airflow/example_dags/example_python_operator.py
[2024-04-15T12:15:57.135+0000] {processor.py:830} INFO - Processing file /home/airflow/.local/lib/python3.8/site-packages/airflow/example_dags/example_python_operator.py for tasks to queue
[2024-04-15T12:15:57.137+0000] {logging_mixin.py:188} INFO - [2024-04-15T12:15:57.136+0000] {dagbag.py:540} INFO - Filling up the DagBag from /home/airflow/.local/lib/python3.8/site-packages/airflow/example_dags/example_python_operator.py
[2024-04-15T12:15:57.147+0000] {processor.py:840} INFO - DAG(s) 'example_python_operator' retrieved from /home/airflow/.local/lib/python3.8/site-packages/airflow/example_dags/example_python_operator.py
[2024-04-15T12:15:57.174+0000] {logging_mixin.py:188} INFO - [2024-04-15T12:15:57.174+0000] {dag.py:3047} INFO - Sync 1 DAGs
[2024-04-15T12:15:57.186+0000] {logging_mixin.py:188} INFO - [2024-04-15T12:15:57.185+0000] {dag.py:3834} INFO - Setting next_dagrun for example_python_operator to None, run_after=None
[2024-04-15T12:15:57.209+0000] {processor.py:183} INFO - Processing /home/airflow/.local/lib/python3.8/site-packages/airflow/example_dags/example_python_operator.py took 0.079 seconds
[2024-04-15T12:16:27.441+0000] {processor.py:161} INFO - Started process (PID=2155) to work on /home/airflow/.local/lib/python3.8/site-packages/airflow/example_dags/example_python_operator.py
[2024-04-15T12:16:27.443+0000] {processor.py:830} INFO - Processing file /home/airflow/.local/lib/python3.8/site-packages/airflow/example_dags/example_python_operator.py for tasks to queue
[2024-04-15T12:16:27.444+0000] {logging_mixin.py:188} INFO - [2024-04-15T12:16:27.444+0000] {dagbag.py:540} INFO - Filling up the DagBag from /home/airflow/.local/lib/python3.8/site-packages/airflow/example_dags/example_python_operator.py
[2024-04-15T12:16:27.456+0000] {processor.py:840} INFO - DAG(s) 'example_python_operator' retrieved from /home/airflow/.local/lib/python3.8/site-packages/airflow/example_dags/example_python_operator.py
[2024-04-15T12:16:27.480+0000] {logging_mixin.py:188} INFO - [2024-04-15T12:16:27.480+0000] {dag.py:3047} INFO - Sync 1 DAGs
[2024-04-15T12:16:27.496+0000] {logging_mixin.py:188} INFO - [2024-04-15T12:16:27.495+0000] {dag.py:3834} INFO - Setting next_dagrun for example_python_operator to None, run_after=None
[2024-04-15T12:16:27.516+0000] {processor.py:183} INFO - Processing /home/airflow/.local/lib/python3.8/site-packages/airflow/example_dags/example_python_operator.py took 0.078 seconds
[2024-04-15T12:16:57.748+0000] {processor.py:161} INFO - Started process (PID=2210) to work on /home/airflow/.local/lib/python3.8/site-packages/airflow/example_dags/example_python_operator.py
[2024-04-15T12:16:57.749+0000] {processor.py:830} INFO - Processing file /home/airflow/.local/lib/python3.8/site-packages/airflow/example_dags/example_python_operator.py for tasks to queue
[2024-04-15T12:16:57.751+0000] {logging_mixin.py:188} INFO - [2024-04-15T12:16:57.750+0000] {dagbag.py:540} INFO - Filling up the DagBag from /home/airflow/.local/lib/python3.8/site-packages/airflow/example_dags/example_python_operator.py
[2024-04-15T12:16:57.761+0000] {processor.py:840} INFO - DAG(s) 'example_python_operator' retrieved from /home/airflow/.local/lib/python3.8/site-packages/airflow/example_dags/example_python_operator.py
[2024-04-15T12:16:57.785+0000] {logging_mixin.py:188} INFO - [2024-04-15T12:16:57.785+0000] {dag.py:3047} INFO - Sync 1 DAGs
[2024-04-15T12:16:57.797+0000] {logging_mixin.py:188} INFO - [2024-04-15T12:16:57.797+0000] {dag.py:3834} INFO - Setting next_dagrun for example_python_operator to None, run_after=None
[2024-04-15T12:16:57.820+0000] {processor.py:183} INFO - Processing /home/airflow/.local/lib/python3.8/site-packages/airflow/example_dags/example_python_operator.py took 0.075 seconds
[2024-04-15T12:17:28.041+0000] {processor.py:161} INFO - Started process (PID=2264) to work on /home/airflow/.local/lib/python3.8/site-packages/airflow/example_dags/example_python_operator.py
[2024-04-15T12:17:28.043+0000] {processor.py:830} INFO - Processing file /home/airflow/.local/lib/python3.8/site-packages/airflow/example_dags/example_python_operator.py for tasks to queue
[2024-04-15T12:17:28.044+0000] {logging_mixin.py:188} INFO - [2024-04-15T12:17:28.044+0000] {dagbag.py:540} INFO - Filling up the DagBag from /home/airflow/.local/lib/python3.8/site-packages/airflow/example_dags/example_python_operator.py
[2024-04-15T12:17:28.055+0000] {processor.py:840} INFO - DAG(s) 'example_python_operator' retrieved from /home/airflow/.local/lib/python3.8/site-packages/airflow/example_dags/example_python_operator.py
[2024-04-15T12:17:28.080+0000] {logging_mixin.py:188} INFO - [2024-04-15T12:17:28.079+0000] {dag.py:3047} INFO - Sync 1 DAGs
[2024-04-15T12:17:28.092+0000] {logging_mixin.py:188} INFO - [2024-04-15T12:17:28.092+0000] {dag.py:3834} INFO - Setting next_dagrun for example_python_operator to None, run_after=None
[2024-04-15T12:17:28.116+0000] {processor.py:183} INFO - Processing /home/airflow/.local/lib/python3.8/site-packages/airflow/example_dags/example_python_operator.py took 0.078 seconds
[2024-04-15T12:17:58.763+0000] {processor.py:161} INFO - Started process (PID=2319) to work on /home/airflow/.local/lib/python3.8/site-packages/airflow/example_dags/example_python_operator.py
[2024-04-15T12:17:58.765+0000] {processor.py:830} INFO - Processing file /home/airflow/.local/lib/python3.8/site-packages/airflow/example_dags/example_python_operator.py for tasks to queue
[2024-04-15T12:17:58.766+0000] {logging_mixin.py:188} INFO - [2024-04-15T12:17:58.766+0000] {dagbag.py:540} INFO - Filling up the DagBag from /home/airflow/.local/lib/python3.8/site-packages/airflow/example_dags/example_python_operator.py
[2024-04-15T12:17:58.780+0000] {processor.py:840} INFO - DAG(s) 'example_python_operator' retrieved from /home/airflow/.local/lib/python3.8/site-packages/airflow/example_dags/example_python_operator.py
[2024-04-15T12:17:58.802+0000] {logging_mixin.py:188} INFO - [2024-04-15T12:17:58.802+0000] {dag.py:3047} INFO - Sync 1 DAGs
[2024-04-15T12:17:58.817+0000] {logging_mixin.py:188} INFO - [2024-04-15T12:17:58.817+0000] {dag.py:3834} INFO - Setting next_dagrun for example_python_operator to None, run_after=None
[2024-04-15T12:17:58.838+0000] {processor.py:183} INFO - Processing /home/airflow/.local/lib/python3.8/site-packages/airflow/example_dags/example_python_operator.py took 0.078 seconds
[2024-04-15T12:18:28.980+0000] {processor.py:161} INFO - Started process (PID=2374) to work on /home/airflow/.local/lib/python3.8/site-packages/airflow/example_dags/example_python_operator.py
[2024-04-15T12:18:28.982+0000] {processor.py:830} INFO - Processing file /home/airflow/.local/lib/python3.8/site-packages/airflow/example_dags/example_python_operator.py for tasks to queue
[2024-04-15T12:18:28.983+0000] {logging_mixin.py:188} INFO - [2024-04-15T12:18:28.983+0000] {dagbag.py:540} INFO - Filling up the DagBag from /home/airflow/.local/lib/python3.8/site-packages/airflow/example_dags/example_python_operator.py
[2024-04-15T12:18:28.994+0000] {processor.py:840} INFO - DAG(s) 'example_python_operator' retrieved from /home/airflow/.local/lib/python3.8/site-packages/airflow/example_dags/example_python_operator.py
[2024-04-15T12:18:29.017+0000] {logging_mixin.py:188} INFO - [2024-04-15T12:18:29.017+0000] {dag.py:3047} INFO - Sync 1 DAGs
[2024-04-15T12:18:29.030+0000] {logging_mixin.py:188} INFO - [2024-04-15T12:18:29.030+0000] {dag.py:3834} INFO - Setting next_dagrun for example_python_operator to None, run_after=None
[2024-04-15T12:18:29.054+0000] {processor.py:183} INFO - Processing /home/airflow/.local/lib/python3.8/site-packages/airflow/example_dags/example_python_operator.py took 0.077 seconds
[2024-04-15T12:18:59.169+0000] {processor.py:161} INFO - Started process (PID=2429) to work on /home/airflow/.local/lib/python3.8/site-packages/airflow/example_dags/example_python_operator.py
[2024-04-15T12:18:59.171+0000] {processor.py:830} INFO - Processing file /home/airflow/.local/lib/python3.8/site-packages/airflow/example_dags/example_python_operator.py for tasks to queue
[2024-04-15T12:18:59.172+0000] {logging_mixin.py:188} INFO - [2024-04-15T12:18:59.171+0000] {dagbag.py:540} INFO - Filling up the DagBag from /home/airflow/.local/lib/python3.8/site-packages/airflow/example_dags/example_python_operator.py
[2024-04-15T12:18:59.183+0000] {processor.py:840} INFO - DAG(s) 'example_python_operator' retrieved from /home/airflow/.local/lib/python3.8/site-packages/airflow/example_dags/example_python_operator.py
[2024-04-15T12:18:59.209+0000] {logging_mixin.py:188} INFO - [2024-04-15T12:18:59.209+0000] {dag.py:3047} INFO - Sync 1 DAGs
[2024-04-15T12:18:59.224+0000] {logging_mixin.py:188} INFO - [2024-04-15T12:18:59.224+0000] {dag.py:3834} INFO - Setting next_dagrun for example_python_operator to None, run_after=None
[2024-04-15T12:18:59.249+0000] {processor.py:183} INFO - Processing /home/airflow/.local/lib/python3.8/site-packages/airflow/example_dags/example_python_operator.py took 0.084 seconds
[2024-04-15T12:19:29.486+0000] {processor.py:161} INFO - Started process (PID=2484) to work on /home/airflow/.local/lib/python3.8/site-packages/airflow/example_dags/example_python_operator.py
[2024-04-15T12:19:29.488+0000] {processor.py:830} INFO - Processing file /home/airflow/.local/lib/python3.8/site-packages/airflow/example_dags/example_python_operator.py for tasks to queue
[2024-04-15T12:19:29.489+0000] {logging_mixin.py:188} INFO - [2024-04-15T12:19:29.489+0000] {dagbag.py:540} INFO - Filling up the DagBag from /home/airflow/.local/lib/python3.8/site-packages/airflow/example_dags/example_python_operator.py
[2024-04-15T12:19:29.499+0000] {processor.py:840} INFO - DAG(s) 'example_python_operator' retrieved from /home/airflow/.local/lib/python3.8/site-packages/airflow/example_dags/example_python_operator.py
[2024-04-15T12:19:29.522+0000] {logging_mixin.py:188} INFO - [2024-04-15T12:19:29.522+0000] {dag.py:3047} INFO - Sync 1 DAGs
[2024-04-15T12:19:29.537+0000] {logging_mixin.py:188} INFO - [2024-04-15T12:19:29.536+0000] {dag.py:3834} INFO - Setting next_dagrun for example_python_operator to None, run_after=None
[2024-04-15T12:19:29.561+0000] {processor.py:183} INFO - Processing /home/airflow/.local/lib/python3.8/site-packages/airflow/example_dags/example_python_operator.py took 0.079 seconds
[2024-04-15T12:19:59.953+0000] {processor.py:161} INFO - Started process (PID=2539) to work on /home/airflow/.local/lib/python3.8/site-packages/airflow/example_dags/example_python_operator.py
[2024-04-15T12:19:59.954+0000] {processor.py:830} INFO - Processing file /home/airflow/.local/lib/python3.8/site-packages/airflow/example_dags/example_python_operator.py for tasks to queue
[2024-04-15T12:19:59.956+0000] {logging_mixin.py:188} INFO - [2024-04-15T12:19:59.955+0000] {dagbag.py:540} INFO - Filling up the DagBag from /home/airflow/.local/lib/python3.8/site-packages/airflow/example_dags/example_python_operator.py
[2024-04-15T12:19:59.967+0000] {processor.py:840} INFO - DAG(s) 'example_python_operator' retrieved from /home/airflow/.local/lib/python3.8/site-packages/airflow/example_dags/example_python_operator.py
[2024-04-15T12:20:00.000+0000] {logging_mixin.py:188} INFO - [2024-04-15T12:19:59.999+0000] {dag.py:3047} INFO - Sync 1 DAGs
[2024-04-15T12:20:00.034+0000] {logging_mixin.py:188} INFO - [2024-04-15T12:20:00.029+0000] {dag.py:3834} INFO - Setting next_dagrun for example_python_operator to None, run_after=None
[2024-04-15T12:20:00.062+0000] {processor.py:183} INFO - Processing /home/airflow/.local/lib/python3.8/site-packages/airflow/example_dags/example_python_operator.py took 0.113 seconds
[2024-04-15T12:26:47.970+0000] {processor.py:161} INFO - Started process (PID=2592) to work on /home/airflow/.local/lib/python3.8/site-packages/airflow/example_dags/example_python_operator.py
[2024-04-15T12:26:47.971+0000] {processor.py:830} INFO - Processing file /home/airflow/.local/lib/python3.8/site-packages/airflow/example_dags/example_python_operator.py for tasks to queue
[2024-04-15T12:26:47.973+0000] {logging_mixin.py:188} INFO - [2024-04-15T12:26:47.972+0000] {dagbag.py:540} INFO - Filling up the DagBag from /home/airflow/.local/lib/python3.8/site-packages/airflow/example_dags/example_python_operator.py
[2024-04-15T12:26:47.989+0000] {processor.py:840} INFO - DAG(s) 'example_python_operator' retrieved from /home/airflow/.local/lib/python3.8/site-packages/airflow/example_dags/example_python_operator.py
[2024-04-15T12:26:48.022+0000] {logging_mixin.py:188} INFO - [2024-04-15T12:26:48.022+0000] {dag.py:3047} INFO - Sync 1 DAGs
[2024-04-15T12:26:48.041+0000] {logging_mixin.py:188} INFO - [2024-04-15T12:26:48.040+0000] {dag.py:3834} INFO - Setting next_dagrun for example_python_operator to None, run_after=None
[2024-04-15T12:26:48.066+0000] {processor.py:183} INFO - Processing /home/airflow/.local/lib/python3.8/site-packages/airflow/example_dags/example_python_operator.py took 0.101 seconds
[2024-04-15T12:27:18.927+0000] {processor.py:161} INFO - Started process (PID=2647) to work on /home/airflow/.local/lib/python3.8/site-packages/airflow/example_dags/example_python_operator.py
[2024-04-15T12:27:18.929+0000] {processor.py:830} INFO - Processing file /home/airflow/.local/lib/python3.8/site-packages/airflow/example_dags/example_python_operator.py for tasks to queue
[2024-04-15T12:27:18.930+0000] {logging_mixin.py:188} INFO - [2024-04-15T12:27:18.930+0000] {dagbag.py:540} INFO - Filling up the DagBag from /home/airflow/.local/lib/python3.8/site-packages/airflow/example_dags/example_python_operator.py
[2024-04-15T12:27:18.944+0000] {processor.py:840} INFO - DAG(s) 'example_python_operator' retrieved from /home/airflow/.local/lib/python3.8/site-packages/airflow/example_dags/example_python_operator.py
[2024-04-15T12:27:18.969+0000] {logging_mixin.py:188} INFO - [2024-04-15T12:27:18.969+0000] {dag.py:3047} INFO - Sync 1 DAGs
[2024-04-15T12:27:18.982+0000] {logging_mixin.py:188} INFO - [2024-04-15T12:27:18.982+0000] {dag.py:3834} INFO - Setting next_dagrun for example_python_operator to None, run_after=None
[2024-04-15T12:27:19.006+0000] {processor.py:183} INFO - Processing /home/airflow/.local/lib/python3.8/site-packages/airflow/example_dags/example_python_operator.py took 0.083 seconds
[2024-04-15T12:27:49.343+0000] {processor.py:161} INFO - Started process (PID=2702) to work on /home/airflow/.local/lib/python3.8/site-packages/airflow/example_dags/example_python_operator.py
[2024-04-15T12:27:49.345+0000] {processor.py:830} INFO - Processing file /home/airflow/.local/lib/python3.8/site-packages/airflow/example_dags/example_python_operator.py for tasks to queue
[2024-04-15T12:27:49.347+0000] {logging_mixin.py:188} INFO - [2024-04-15T12:27:49.346+0000] {dagbag.py:540} INFO - Filling up the DagBag from /home/airflow/.local/lib/python3.8/site-packages/airflow/example_dags/example_python_operator.py
[2024-04-15T12:27:49.356+0000] {processor.py:840} INFO - DAG(s) 'example_python_operator' retrieved from /home/airflow/.local/lib/python3.8/site-packages/airflow/example_dags/example_python_operator.py
[2024-04-15T12:27:49.385+0000] {logging_mixin.py:188} INFO - [2024-04-15T12:27:49.385+0000] {dag.py:3047} INFO - Sync 1 DAGs
[2024-04-15T12:27:49.399+0000] {logging_mixin.py:188} INFO - [2024-04-15T12:27:49.399+0000] {dag.py:3834} INFO - Setting next_dagrun for example_python_operator to None, run_after=None
[2024-04-15T12:27:49.426+0000] {processor.py:183} INFO - Processing /home/airflow/.local/lib/python3.8/site-packages/airflow/example_dags/example_python_operator.py took 0.086 seconds
[2024-04-15T12:28:19.878+0000] {processor.py:161} INFO - Started process (PID=2757) to work on /home/airflow/.local/lib/python3.8/site-packages/airflow/example_dags/example_python_operator.py
[2024-04-15T12:28:19.879+0000] {processor.py:830} INFO - Processing file /home/airflow/.local/lib/python3.8/site-packages/airflow/example_dags/example_python_operator.py for tasks to queue
[2024-04-15T12:28:19.881+0000] {logging_mixin.py:188} INFO - [2024-04-15T12:28:19.880+0000] {dagbag.py:540} INFO - Filling up the DagBag from /home/airflow/.local/lib/python3.8/site-packages/airflow/example_dags/example_python_operator.py
[2024-04-15T12:28:19.891+0000] {processor.py:840} INFO - DAG(s) 'example_python_operator' retrieved from /home/airflow/.local/lib/python3.8/site-packages/airflow/example_dags/example_python_operator.py
[2024-04-15T12:28:19.916+0000] {logging_mixin.py:188} INFO - [2024-04-15T12:28:19.916+0000] {dag.py:3047} INFO - Sync 1 DAGs
[2024-04-15T12:28:19.929+0000] {logging_mixin.py:188} INFO - [2024-04-15T12:28:19.928+0000] {dag.py:3834} INFO - Setting next_dagrun for example_python_operator to None, run_after=None
[2024-04-15T12:28:19.953+0000] {processor.py:183} INFO - Processing /home/airflow/.local/lib/python3.8/site-packages/airflow/example_dags/example_python_operator.py took 0.079 seconds
[2024-04-15T12:28:50.917+0000] {processor.py:161} INFO - Started process (PID=2813) to work on /home/airflow/.local/lib/python3.8/site-packages/airflow/example_dags/example_python_operator.py
[2024-04-15T12:28:50.919+0000] {processor.py:830} INFO - Processing file /home/airflow/.local/lib/python3.8/site-packages/airflow/example_dags/example_python_operator.py for tasks to queue
[2024-04-15T12:28:50.920+0000] {logging_mixin.py:188} INFO - [2024-04-15T12:28:50.920+0000] {dagbag.py:540} INFO - Filling up the DagBag from /home/airflow/.local/lib/python3.8/site-packages/airflow/example_dags/example_python_operator.py
[2024-04-15T12:28:50.938+0000] {processor.py:840} INFO - DAG(s) 'example_python_operator' retrieved from /home/airflow/.local/lib/python3.8/site-packages/airflow/example_dags/example_python_operator.py
[2024-04-15T12:28:50.971+0000] {logging_mixin.py:188} INFO - [2024-04-15T12:28:50.970+0000] {dag.py:3047} INFO - Sync 1 DAGs
[2024-04-15T12:28:50.992+0000] {logging_mixin.py:188} INFO - [2024-04-15T12:28:50.992+0000] {dag.py:3834} INFO - Setting next_dagrun for example_python_operator to None, run_after=None
[2024-04-15T12:28:51.024+0000] {processor.py:183} INFO - Processing /home/airflow/.local/lib/python3.8/site-packages/airflow/example_dags/example_python_operator.py took 0.114 seconds
[2024-04-15T12:29:21.564+0000] {processor.py:161} INFO - Started process (PID=2868) to work on /home/airflow/.local/lib/python3.8/site-packages/airflow/example_dags/example_python_operator.py
[2024-04-15T12:29:21.566+0000] {processor.py:830} INFO - Processing file /home/airflow/.local/lib/python3.8/site-packages/airflow/example_dags/example_python_operator.py for tasks to queue
[2024-04-15T12:29:21.567+0000] {logging_mixin.py:188} INFO - [2024-04-15T12:29:21.567+0000] {dagbag.py:540} INFO - Filling up the DagBag from /home/airflow/.local/lib/python3.8/site-packages/airflow/example_dags/example_python_operator.py
[2024-04-15T12:29:21.580+0000] {processor.py:840} INFO - DAG(s) 'example_python_operator' retrieved from /home/airflow/.local/lib/python3.8/site-packages/airflow/example_dags/example_python_operator.py
[2024-04-15T12:29:21.604+0000] {logging_mixin.py:188} INFO - [2024-04-15T12:29:21.603+0000] {dag.py:3047} INFO - Sync 1 DAGs
[2024-04-15T12:29:21.615+0000] {logging_mixin.py:188} INFO - [2024-04-15T12:29:21.615+0000] {dag.py:3834} INFO - Setting next_dagrun for example_python_operator to None, run_after=None
[2024-04-15T12:29:21.640+0000] {processor.py:183} INFO - Processing /home/airflow/.local/lib/python3.8/site-packages/airflow/example_dags/example_python_operator.py took 0.079 seconds
[2024-04-15T12:29:52.313+0000] {processor.py:161} INFO - Started process (PID=2923) to work on /home/airflow/.local/lib/python3.8/site-packages/airflow/example_dags/example_python_operator.py
[2024-04-15T12:29:52.314+0000] {processor.py:830} INFO - Processing file /home/airflow/.local/lib/python3.8/site-packages/airflow/example_dags/example_python_operator.py for tasks to queue
[2024-04-15T12:29:52.315+0000] {logging_mixin.py:188} INFO - [2024-04-15T12:29:52.315+0000] {dagbag.py:540} INFO - Filling up the DagBag from /home/airflow/.local/lib/python3.8/site-packages/airflow/example_dags/example_python_operator.py
[2024-04-15T12:29:52.327+0000] {processor.py:840} INFO - DAG(s) 'example_python_operator' retrieved from /home/airflow/.local/lib/python3.8/site-packages/airflow/example_dags/example_python_operator.py
[2024-04-15T12:29:52.352+0000] {logging_mixin.py:188} INFO - [2024-04-15T12:29:52.352+0000] {dag.py:3047} INFO - Sync 1 DAGs
[2024-04-15T12:29:52.366+0000] {logging_mixin.py:188} INFO - [2024-04-15T12:29:52.366+0000] {dag.py:3834} INFO - Setting next_dagrun for example_python_operator to None, run_after=None
[2024-04-15T12:29:52.393+0000] {processor.py:183} INFO - Processing /home/airflow/.local/lib/python3.8/site-packages/airflow/example_dags/example_python_operator.py took 0.084 seconds
[2024-04-15T12:30:22.896+0000] {processor.py:161} INFO - Started process (PID=2978) to work on /home/airflow/.local/lib/python3.8/site-packages/airflow/example_dags/example_python_operator.py
[2024-04-15T12:30:22.898+0000] {processor.py:830} INFO - Processing file /home/airflow/.local/lib/python3.8/site-packages/airflow/example_dags/example_python_operator.py for tasks to queue
[2024-04-15T12:30:22.899+0000] {logging_mixin.py:188} INFO - [2024-04-15T12:30:22.899+0000] {dagbag.py:540} INFO - Filling up the DagBag from /home/airflow/.local/lib/python3.8/site-packages/airflow/example_dags/example_python_operator.py
[2024-04-15T12:30:22.909+0000] {processor.py:840} INFO - DAG(s) 'example_python_operator' retrieved from /home/airflow/.local/lib/python3.8/site-packages/airflow/example_dags/example_python_operator.py
[2024-04-15T12:30:22.933+0000] {logging_mixin.py:188} INFO - [2024-04-15T12:30:22.932+0000] {dag.py:3047} INFO - Sync 1 DAGs
[2024-04-15T12:30:22.945+0000] {logging_mixin.py:188} INFO - [2024-04-15T12:30:22.945+0000] {dag.py:3834} INFO - Setting next_dagrun for example_python_operator to None, run_after=None
[2024-04-15T12:30:22.971+0000] {processor.py:183} INFO - Processing /home/airflow/.local/lib/python3.8/site-packages/airflow/example_dags/example_python_operator.py took 0.078 seconds
[2024-04-15T12:30:53.648+0000] {processor.py:161} INFO - Started process (PID=3033) to work on /home/airflow/.local/lib/python3.8/site-packages/airflow/example_dags/example_python_operator.py
[2024-04-15T12:30:53.649+0000] {processor.py:830} INFO - Processing file /home/airflow/.local/lib/python3.8/site-packages/airflow/example_dags/example_python_operator.py for tasks to queue
[2024-04-15T12:30:53.651+0000] {logging_mixin.py:188} INFO - [2024-04-15T12:30:53.650+0000] {dagbag.py:540} INFO - Filling up the DagBag from /home/airflow/.local/lib/python3.8/site-packages/airflow/example_dags/example_python_operator.py
[2024-04-15T12:30:53.666+0000] {processor.py:840} INFO - DAG(s) 'example_python_operator' retrieved from /home/airflow/.local/lib/python3.8/site-packages/airflow/example_dags/example_python_operator.py
[2024-04-15T12:30:53.694+0000] {logging_mixin.py:188} INFO - [2024-04-15T12:30:53.693+0000] {dag.py:3047} INFO - Sync 1 DAGs
[2024-04-15T12:30:53.708+0000] {logging_mixin.py:188} INFO - [2024-04-15T12:30:53.708+0000] {dag.py:3834} INFO - Setting next_dagrun for example_python_operator to None, run_after=None
[2024-04-15T12:30:53.734+0000] {processor.py:183} INFO - Processing /home/airflow/.local/lib/python3.8/site-packages/airflow/example_dags/example_python_operator.py took 0.089 seconds
[2024-04-15T12:31:23.943+0000] {processor.py:161} INFO - Started process (PID=3088) to work on /home/airflow/.local/lib/python3.8/site-packages/airflow/example_dags/example_python_operator.py
[2024-04-15T12:31:23.944+0000] {processor.py:830} INFO - Processing file /home/airflow/.local/lib/python3.8/site-packages/airflow/example_dags/example_python_operator.py for tasks to queue
[2024-04-15T12:31:23.945+0000] {logging_mixin.py:188} INFO - [2024-04-15T12:31:23.945+0000] {dagbag.py:540} INFO - Filling up the DagBag from /home/airflow/.local/lib/python3.8/site-packages/airflow/example_dags/example_python_operator.py
[2024-04-15T12:31:23.956+0000] {processor.py:840} INFO - DAG(s) 'example_python_operator' retrieved from /home/airflow/.local/lib/python3.8/site-packages/airflow/example_dags/example_python_operator.py
[2024-04-15T12:31:23.994+0000] {logging_mixin.py:188} INFO - [2024-04-15T12:31:23.994+0000] {dag.py:3047} INFO - Sync 1 DAGs
[2024-04-15T12:31:24.012+0000] {logging_mixin.py:188} INFO - [2024-04-15T12:31:24.012+0000] {dag.py:3834} INFO - Setting next_dagrun for example_python_operator to None, run_after=None
[2024-04-15T12:31:24.034+0000] {processor.py:183} INFO - Processing /home/airflow/.local/lib/python3.8/site-packages/airflow/example_dags/example_python_operator.py took 0.096 seconds
[2024-04-15T12:31:54.519+0000] {processor.py:161} INFO - Started process (PID=3143) to work on /home/airflow/.local/lib/python3.8/site-packages/airflow/example_dags/example_python_operator.py
[2024-04-15T12:31:54.521+0000] {processor.py:830} INFO - Processing file /home/airflow/.local/lib/python3.8/site-packages/airflow/example_dags/example_python_operator.py for tasks to queue
[2024-04-15T12:31:54.522+0000] {logging_mixin.py:188} INFO - [2024-04-15T12:31:54.522+0000] {dagbag.py:540} INFO - Filling up the DagBag from /home/airflow/.local/lib/python3.8/site-packages/airflow/example_dags/example_python_operator.py
[2024-04-15T12:31:54.532+0000] {processor.py:840} INFO - DAG(s) 'example_python_operator' retrieved from /home/airflow/.local/lib/python3.8/site-packages/airflow/example_dags/example_python_operator.py
[2024-04-15T12:31:54.555+0000] {logging_mixin.py:188} INFO - [2024-04-15T12:31:54.555+0000] {dag.py:3047} INFO - Sync 1 DAGs
[2024-04-15T12:31:54.569+0000] {logging_mixin.py:188} INFO - [2024-04-15T12:31:54.569+0000] {dag.py:3834} INFO - Setting next_dagrun for example_python_operator to None, run_after=None
[2024-04-15T12:31:54.592+0000] {processor.py:183} INFO - Processing /home/airflow/.local/lib/python3.8/site-packages/airflow/example_dags/example_python_operator.py took 0.076 seconds
[2024-04-15T12:34:41.871+0000] {processor.py:161} INFO - Started process (PID=3198) to work on /home/airflow/.local/lib/python3.8/site-packages/airflow/example_dags/example_python_operator.py
[2024-04-15T12:34:41.873+0000] {processor.py:830} INFO - Processing file /home/airflow/.local/lib/python3.8/site-packages/airflow/example_dags/example_python_operator.py for tasks to queue
[2024-04-15T12:34:41.874+0000] {logging_mixin.py:188} INFO - [2024-04-15T12:34:41.874+0000] {dagbag.py:540} INFO - Filling up the DagBag from /home/airflow/.local/lib/python3.8/site-packages/airflow/example_dags/example_python_operator.py
[2024-04-15T12:34:41.885+0000] {processor.py:840} INFO - DAG(s) 'example_python_operator' retrieved from /home/airflow/.local/lib/python3.8/site-packages/airflow/example_dags/example_python_operator.py
[2024-04-15T12:34:41.909+0000] {logging_mixin.py:188} INFO - [2024-04-15T12:34:41.909+0000] {dag.py:3047} INFO - Sync 1 DAGs
[2024-04-15T12:34:41.923+0000] {logging_mixin.py:188} INFO - [2024-04-15T12:34:41.923+0000] {dag.py:3834} INFO - Setting next_dagrun for example_python_operator to None, run_after=None
[2024-04-15T12:34:41.949+0000] {processor.py:183} INFO - Processing /home/airflow/.local/lib/python3.8/site-packages/airflow/example_dags/example_python_operator.py took 0.080 seconds
[2024-04-15T12:35:12.636+0000] {processor.py:161} INFO - Started process (PID=3253) to work on /home/airflow/.local/lib/python3.8/site-packages/airflow/example_dags/example_python_operator.py
[2024-04-15T12:35:12.637+0000] {processor.py:830} INFO - Processing file /home/airflow/.local/lib/python3.8/site-packages/airflow/example_dags/example_python_operator.py for tasks to queue
[2024-04-15T12:35:12.639+0000] {logging_mixin.py:188} INFO - [2024-04-15T12:35:12.638+0000] {dagbag.py:540} INFO - Filling up the DagBag from /home/airflow/.local/lib/python3.8/site-packages/airflow/example_dags/example_python_operator.py
[2024-04-15T12:35:12.650+0000] {processor.py:840} INFO - DAG(s) 'example_python_operator' retrieved from /home/airflow/.local/lib/python3.8/site-packages/airflow/example_dags/example_python_operator.py
[2024-04-15T12:35:12.677+0000] {logging_mixin.py:188} INFO - [2024-04-15T12:35:12.677+0000] {dag.py:3047} INFO - Sync 1 DAGs
[2024-04-15T12:35:12.689+0000] {logging_mixin.py:188} INFO - [2024-04-15T12:35:12.689+0000] {dag.py:3834} INFO - Setting next_dagrun for example_python_operator to None, run_after=None
[2024-04-15T12:35:12.716+0000] {processor.py:183} INFO - Processing /home/airflow/.local/lib/python3.8/site-packages/airflow/example_dags/example_python_operator.py took 0.084 seconds
[2024-04-15T12:35:44.040+0000] {processor.py:161} INFO - Started process (PID=3308) to work on /home/airflow/.local/lib/python3.8/site-packages/airflow/example_dags/example_python_operator.py
[2024-04-15T12:35:44.042+0000] {processor.py:830} INFO - Processing file /home/airflow/.local/lib/python3.8/site-packages/airflow/example_dags/example_python_operator.py for tasks to queue
[2024-04-15T12:35:44.043+0000] {logging_mixin.py:188} INFO - [2024-04-15T12:35:44.043+0000] {dagbag.py:540} INFO - Filling up the DagBag from /home/airflow/.local/lib/python3.8/site-packages/airflow/example_dags/example_python_operator.py
[2024-04-15T12:35:44.054+0000] {processor.py:840} INFO - DAG(s) 'example_python_operator' retrieved from /home/airflow/.local/lib/python3.8/site-packages/airflow/example_dags/example_python_operator.py
[2024-04-15T12:35:44.079+0000] {logging_mixin.py:188} INFO - [2024-04-15T12:35:44.079+0000] {dag.py:3047} INFO - Sync 1 DAGs
[2024-04-15T12:35:44.091+0000] {logging_mixin.py:188} INFO - [2024-04-15T12:35:44.090+0000] {dag.py:3834} INFO - Setting next_dagrun for example_python_operator to None, run_after=None
[2024-04-15T12:35:44.116+0000] {processor.py:183} INFO - Processing /home/airflow/.local/lib/python3.8/site-packages/airflow/example_dags/example_python_operator.py took 0.079 seconds
[2024-04-15T12:36:15.124+0000] {processor.py:161} INFO - Started process (PID=3363) to work on /home/airflow/.local/lib/python3.8/site-packages/airflow/example_dags/example_python_operator.py
[2024-04-15T12:36:15.125+0000] {processor.py:830} INFO - Processing file /home/airflow/.local/lib/python3.8/site-packages/airflow/example_dags/example_python_operator.py for tasks to queue
[2024-04-15T12:36:15.127+0000] {logging_mixin.py:188} INFO - [2024-04-15T12:36:15.127+0000] {dagbag.py:540} INFO - Filling up the DagBag from /home/airflow/.local/lib/python3.8/site-packages/airflow/example_dags/example_python_operator.py
[2024-04-15T12:36:15.137+0000] {processor.py:840} INFO - DAG(s) 'example_python_operator' retrieved from /home/airflow/.local/lib/python3.8/site-packages/airflow/example_dags/example_python_operator.py
[2024-04-15T12:36:15.162+0000] {logging_mixin.py:188} INFO - [2024-04-15T12:36:15.162+0000] {dag.py:3047} INFO - Sync 1 DAGs
[2024-04-15T12:36:15.175+0000] {logging_mixin.py:188} INFO - [2024-04-15T12:36:15.175+0000] {dag.py:3834} INFO - Setting next_dagrun for example_python_operator to None, run_after=None
[2024-04-15T12:36:15.326+0000] {processor.py:183} INFO - Processing /home/airflow/.local/lib/python3.8/site-packages/airflow/example_dags/example_python_operator.py took 0.206 seconds
[2024-04-15T12:36:46.348+0000] {processor.py:161} INFO - Started process (PID=3418) to work on /home/airflow/.local/lib/python3.8/site-packages/airflow/example_dags/example_python_operator.py
[2024-04-15T12:36:46.349+0000] {processor.py:830} INFO - Processing file /home/airflow/.local/lib/python3.8/site-packages/airflow/example_dags/example_python_operator.py for tasks to queue
[2024-04-15T12:36:46.350+0000] {logging_mixin.py:188} INFO - [2024-04-15T12:36:46.350+0000] {dagbag.py:540} INFO - Filling up the DagBag from /home/airflow/.local/lib/python3.8/site-packages/airflow/example_dags/example_python_operator.py
[2024-04-15T12:36:46.361+0000] {processor.py:840} INFO - DAG(s) 'example_python_operator' retrieved from /home/airflow/.local/lib/python3.8/site-packages/airflow/example_dags/example_python_operator.py
[2024-04-15T12:36:46.385+0000] {logging_mixin.py:188} INFO - [2024-04-15T12:36:46.385+0000] {dag.py:3047} INFO - Sync 1 DAGs
[2024-04-15T12:36:46.396+0000] {logging_mixin.py:188} INFO - [2024-04-15T12:36:46.396+0000] {dag.py:3834} INFO - Setting next_dagrun for example_python_operator to None, run_after=None
[2024-04-15T12:36:46.566+0000] {processor.py:183} INFO - Processing /home/airflow/.local/lib/python3.8/site-packages/airflow/example_dags/example_python_operator.py took 0.222 seconds
[2024-04-15T12:37:16.860+0000] {processor.py:161} INFO - Started process (PID=3473) to work on /home/airflow/.local/lib/python3.8/site-packages/airflow/example_dags/example_python_operator.py
[2024-04-15T12:37:16.861+0000] {processor.py:830} INFO - Processing file /home/airflow/.local/lib/python3.8/site-packages/airflow/example_dags/example_python_operator.py for tasks to queue
[2024-04-15T12:37:16.863+0000] {logging_mixin.py:188} INFO - [2024-04-15T12:37:16.862+0000] {dagbag.py:540} INFO - Filling up the DagBag from /home/airflow/.local/lib/python3.8/site-packages/airflow/example_dags/example_python_operator.py
[2024-04-15T12:37:16.874+0000] {processor.py:840} INFO - DAG(s) 'example_python_operator' retrieved from /home/airflow/.local/lib/python3.8/site-packages/airflow/example_dags/example_python_operator.py
[2024-04-15T12:37:16.901+0000] {logging_mixin.py:188} INFO - [2024-04-15T12:37:16.901+0000] {dag.py:3047} INFO - Sync 1 DAGs
[2024-04-15T12:37:16.913+0000] {logging_mixin.py:188} INFO - [2024-04-15T12:37:16.913+0000] {dag.py:3834} INFO - Setting next_dagrun for example_python_operator to None, run_after=None
[2024-04-15T12:37:16.937+0000] {processor.py:183} INFO - Processing /home/airflow/.local/lib/python3.8/site-packages/airflow/example_dags/example_python_operator.py took 0.080 seconds
[2024-04-15T12:43:02.728+0000] {processor.py:161} INFO - Started process (PID=3528) to work on /home/airflow/.local/lib/python3.8/site-packages/airflow/example_dags/example_python_operator.py
[2024-04-15T12:43:02.729+0000] {processor.py:830} INFO - Processing file /home/airflow/.local/lib/python3.8/site-packages/airflow/example_dags/example_python_operator.py for tasks to queue
[2024-04-15T12:43:02.731+0000] {logging_mixin.py:188} INFO - [2024-04-15T12:43:02.731+0000] {dagbag.py:540} INFO - Filling up the DagBag from /home/airflow/.local/lib/python3.8/site-packages/airflow/example_dags/example_python_operator.py
[2024-04-15T12:43:02.745+0000] {processor.py:840} INFO - DAG(s) 'example_python_operator' retrieved from /home/airflow/.local/lib/python3.8/site-packages/airflow/example_dags/example_python_operator.py
[2024-04-15T12:43:02.770+0000] {logging_mixin.py:188} INFO - [2024-04-15T12:43:02.770+0000] {dag.py:3047} INFO - Sync 1 DAGs
[2024-04-15T12:43:02.784+0000] {logging_mixin.py:188} INFO - [2024-04-15T12:43:02.783+0000] {dag.py:3834} INFO - Setting next_dagrun for example_python_operator to None, run_after=None
[2024-04-15T12:43:02.808+0000] {processor.py:183} INFO - Processing /home/airflow/.local/lib/python3.8/site-packages/airflow/example_dags/example_python_operator.py took 0.084 seconds
[2024-04-15T12:43:34.481+0000] {processor.py:161} INFO - Started process (PID=3583) to work on /home/airflow/.local/lib/python3.8/site-packages/airflow/example_dags/example_python_operator.py
[2024-04-15T12:43:34.482+0000] {processor.py:830} INFO - Processing file /home/airflow/.local/lib/python3.8/site-packages/airflow/example_dags/example_python_operator.py for tasks to queue
[2024-04-15T12:43:34.484+0000] {logging_mixin.py:188} INFO - [2024-04-15T12:43:34.483+0000] {dagbag.py:540} INFO - Filling up the DagBag from /home/airflow/.local/lib/python3.8/site-packages/airflow/example_dags/example_python_operator.py
[2024-04-15T12:43:34.600+0000] {processor.py:840} INFO - DAG(s) 'example_python_operator' retrieved from /home/airflow/.local/lib/python3.8/site-packages/airflow/example_dags/example_python_operator.py
[2024-04-15T12:43:34.622+0000] {logging_mixin.py:188} INFO - [2024-04-15T12:43:34.622+0000] {dag.py:3047} INFO - Sync 1 DAGs
[2024-04-15T12:43:34.633+0000] {logging_mixin.py:188} INFO - [2024-04-15T12:43:34.632+0000] {dag.py:3834} INFO - Setting next_dagrun for example_python_operator to None, run_after=None
[2024-04-15T12:43:34.655+0000] {processor.py:183} INFO - Processing /home/airflow/.local/lib/python3.8/site-packages/airflow/example_dags/example_python_operator.py took 0.177 seconds
[2024-04-15T12:44:05.400+0000] {processor.py:161} INFO - Started process (PID=3638) to work on /home/airflow/.local/lib/python3.8/site-packages/airflow/example_dags/example_python_operator.py
[2024-04-15T12:44:05.402+0000] {processor.py:830} INFO - Processing file /home/airflow/.local/lib/python3.8/site-packages/airflow/example_dags/example_python_operator.py for tasks to queue
[2024-04-15T12:44:05.403+0000] {logging_mixin.py:188} INFO - [2024-04-15T12:44:05.402+0000] {dagbag.py:540} INFO - Filling up the DagBag from /home/airflow/.local/lib/python3.8/site-packages/airflow/example_dags/example_python_operator.py
[2024-04-15T12:44:05.413+0000] {processor.py:840} INFO - DAG(s) 'example_python_operator' retrieved from /home/airflow/.local/lib/python3.8/site-packages/airflow/example_dags/example_python_operator.py
[2024-04-15T12:44:05.434+0000] {logging_mixin.py:188} INFO - [2024-04-15T12:44:05.434+0000] {dag.py:3047} INFO - Sync 1 DAGs
[2024-04-15T12:44:05.445+0000] {logging_mixin.py:188} INFO - [2024-04-15T12:44:05.445+0000] {dag.py:3834} INFO - Setting next_dagrun for example_python_operator to None, run_after=None
[2024-04-15T12:44:05.466+0000] {processor.py:183} INFO - Processing /home/airflow/.local/lib/python3.8/site-packages/airflow/example_dags/example_python_operator.py took 0.069 seconds
[2024-04-15T12:44:35.672+0000] {processor.py:161} INFO - Started process (PID=3693) to work on /home/airflow/.local/lib/python3.8/site-packages/airflow/example_dags/example_python_operator.py
[2024-04-15T12:44:35.673+0000] {processor.py:830} INFO - Processing file /home/airflow/.local/lib/python3.8/site-packages/airflow/example_dags/example_python_operator.py for tasks to queue
[2024-04-15T12:44:35.675+0000] {logging_mixin.py:188} INFO - [2024-04-15T12:44:35.674+0000] {dagbag.py:540} INFO - Filling up the DagBag from /home/airflow/.local/lib/python3.8/site-packages/airflow/example_dags/example_python_operator.py
[2024-04-15T12:44:35.685+0000] {processor.py:840} INFO - DAG(s) 'example_python_operator' retrieved from /home/airflow/.local/lib/python3.8/site-packages/airflow/example_dags/example_python_operator.py
[2024-04-15T12:44:35.709+0000] {logging_mixin.py:188} INFO - [2024-04-15T12:44:35.709+0000] {dag.py:3047} INFO - Sync 1 DAGs
[2024-04-15T12:44:35.720+0000] {logging_mixin.py:188} INFO - [2024-04-15T12:44:35.720+0000] {dag.py:3834} INFO - Setting next_dagrun for example_python_operator to None, run_after=None
[2024-04-15T12:44:35.743+0000] {processor.py:183} INFO - Processing /home/airflow/.local/lib/python3.8/site-packages/airflow/example_dags/example_python_operator.py took 0.074 seconds
[2024-04-15T12:45:06.031+0000] {processor.py:161} INFO - Started process (PID=3748) to work on /home/airflow/.local/lib/python3.8/site-packages/airflow/example_dags/example_python_operator.py
[2024-04-15T12:45:06.033+0000] {processor.py:830} INFO - Processing file /home/airflow/.local/lib/python3.8/site-packages/airflow/example_dags/example_python_operator.py for tasks to queue
[2024-04-15T12:45:06.034+0000] {logging_mixin.py:188} INFO - [2024-04-15T12:45:06.034+0000] {dagbag.py:540} INFO - Filling up the DagBag from /home/airflow/.local/lib/python3.8/site-packages/airflow/example_dags/example_python_operator.py
[2024-04-15T12:45:06.044+0000] {processor.py:840} INFO - DAG(s) 'example_python_operator' retrieved from /home/airflow/.local/lib/python3.8/site-packages/airflow/example_dags/example_python_operator.py
[2024-04-15T12:45:06.068+0000] {logging_mixin.py:188} INFO - [2024-04-15T12:45:06.068+0000] {dag.py:3047} INFO - Sync 1 DAGs
[2024-04-15T12:45:06.083+0000] {logging_mixin.py:188} INFO - [2024-04-15T12:45:06.083+0000] {dag.py:3834} INFO - Setting next_dagrun for example_python_operator to None, run_after=None
[2024-04-15T12:45:06.107+0000] {processor.py:183} INFO - Processing /home/airflow/.local/lib/python3.8/site-packages/airflow/example_dags/example_python_operator.py took 0.079 seconds
[2024-04-15T12:45:36.374+0000] {processor.py:161} INFO - Started process (PID=3803) to work on /home/airflow/.local/lib/python3.8/site-packages/airflow/example_dags/example_python_operator.py
[2024-04-15T12:45:36.376+0000] {processor.py:830} INFO - Processing file /home/airflow/.local/lib/python3.8/site-packages/airflow/example_dags/example_python_operator.py for tasks to queue
[2024-04-15T12:45:36.377+0000] {logging_mixin.py:188} INFO - [2024-04-15T12:45:36.376+0000] {dagbag.py:540} INFO - Filling up the DagBag from /home/airflow/.local/lib/python3.8/site-packages/airflow/example_dags/example_python_operator.py
[2024-04-15T12:45:36.390+0000] {processor.py:840} INFO - DAG(s) 'example_python_operator' retrieved from /home/airflow/.local/lib/python3.8/site-packages/airflow/example_dags/example_python_operator.py
[2024-04-15T12:45:36.428+0000] {logging_mixin.py:188} INFO - [2024-04-15T12:45:36.428+0000] {dag.py:3047} INFO - Sync 1 DAGs
[2024-04-15T12:45:36.440+0000] {logging_mixin.py:188} INFO - [2024-04-15T12:45:36.440+0000] {dag.py:3834} INFO - Setting next_dagrun for example_python_operator to None, run_after=None
[2024-04-15T12:45:36.459+0000] {processor.py:183} INFO - Processing /home/airflow/.local/lib/python3.8/site-packages/airflow/example_dags/example_python_operator.py took 0.089 seconds
