[2024-04-15T10:41:36.522+0000] {processor.py:161} INFO - Started process (PID=73) to work on /home/airflow/.local/lib/python3.8/site-packages/airflow/example_dags/example_branch_operator.py
[2024-04-15T10:41:36.524+0000] {processor.py:830} INFO - Processing file /home/airflow/.local/lib/python3.8/site-packages/airflow/example_dags/example_branch_operator.py for tasks to queue
[2024-04-15T10:41:36.529+0000] {logging_mixin.py:188} INFO - [2024-04-15T10:41:36.528+0000] {dagbag.py:540} INFO - Filling up the DagBag from /home/airflow/.local/lib/python3.8/site-packages/airflow/example_dags/example_branch_operator.py
[2024-04-15T10:41:36.576+0000] {processor.py:840} INFO - DAG(s) 'example_branch_operator' retrieved from /home/airflow/.local/lib/python3.8/site-packages/airflow/example_dags/example_branch_operator.py
[2024-04-15T10:41:36.851+0000] {logging_mixin.py:188} INFO - [2024-04-15T10:41:36.851+0000] {dag.py:3047} INFO - Sync 1 DAGs
[2024-04-15T10:41:36.895+0000] {logging_mixin.py:188} INFO - [2024-04-15T10:41:36.895+0000] {dag.py:3834} INFO - Setting next_dagrun for example_branch_operator to 2024-04-14 00:00:00+00:00, run_after=2024-04-15 00:00:00+00:00
[2024-04-15T10:41:36.925+0000] {processor.py:183} INFO - Processing /home/airflow/.local/lib/python3.8/site-packages/airflow/example_dags/example_branch_operator.py took 0.411 seconds
[2024-04-15T10:42:07.245+0000] {processor.py:161} INFO - Started process (PID=128) to work on /home/airflow/.local/lib/python3.8/site-packages/airflow/example_dags/example_branch_operator.py
[2024-04-15T10:42:07.246+0000] {processor.py:830} INFO - Processing file /home/airflow/.local/lib/python3.8/site-packages/airflow/example_dags/example_branch_operator.py for tasks to queue
[2024-04-15T10:42:07.248+0000] {logging_mixin.py:188} INFO - [2024-04-15T10:42:07.248+0000] {dagbag.py:540} INFO - Filling up the DagBag from /home/airflow/.local/lib/python3.8/site-packages/airflow/example_dags/example_branch_operator.py
[2024-04-15T10:42:07.265+0000] {processor.py:840} INFO - DAG(s) 'example_branch_operator' retrieved from /home/airflow/.local/lib/python3.8/site-packages/airflow/example_dags/example_branch_operator.py
[2024-04-15T10:42:07.294+0000] {logging_mixin.py:188} INFO - [2024-04-15T10:42:07.294+0000] {dag.py:3047} INFO - Sync 1 DAGs
[2024-04-15T10:42:07.318+0000] {logging_mixin.py:188} INFO - [2024-04-15T10:42:07.318+0000] {dag.py:3834} INFO - Setting next_dagrun for example_branch_operator to 2024-04-14 00:00:00+00:00, run_after=2024-04-15 00:00:00+00:00
[2024-04-15T10:42:07.346+0000] {processor.py:183} INFO - Processing /home/airflow/.local/lib/python3.8/site-packages/airflow/example_dags/example_branch_operator.py took 0.103 seconds
[2024-04-15T10:42:37.745+0000] {processor.py:161} INFO - Started process (PID=183) to work on /home/airflow/.local/lib/python3.8/site-packages/airflow/example_dags/example_branch_operator.py
[2024-04-15T10:42:37.746+0000] {processor.py:830} INFO - Processing file /home/airflow/.local/lib/python3.8/site-packages/airflow/example_dags/example_branch_operator.py for tasks to queue
[2024-04-15T10:42:37.749+0000] {logging_mixin.py:188} INFO - [2024-04-15T10:42:37.748+0000] {dagbag.py:540} INFO - Filling up the DagBag from /home/airflow/.local/lib/python3.8/site-packages/airflow/example_dags/example_branch_operator.py
[2024-04-15T10:42:37.768+0000] {processor.py:840} INFO - DAG(s) 'example_branch_operator' retrieved from /home/airflow/.local/lib/python3.8/site-packages/airflow/example_dags/example_branch_operator.py
[2024-04-15T10:42:37.803+0000] {logging_mixin.py:188} INFO - [2024-04-15T10:42:37.802+0000] {dag.py:3047} INFO - Sync 1 DAGs
[2024-04-15T10:42:37.835+0000] {logging_mixin.py:188} INFO - [2024-04-15T10:42:37.835+0000] {dag.py:3834} INFO - Setting next_dagrun for example_branch_operator to 2024-04-14 00:00:00+00:00, run_after=2024-04-15 00:00:00+00:00
[2024-04-15T10:42:37.861+0000] {processor.py:183} INFO - Processing /home/airflow/.local/lib/python3.8/site-packages/airflow/example_dags/example_branch_operator.py took 0.122 seconds
[2024-04-15T10:43:08.334+0000] {processor.py:161} INFO - Started process (PID=238) to work on /home/airflow/.local/lib/python3.8/site-packages/airflow/example_dags/example_branch_operator.py
[2024-04-15T10:43:08.336+0000] {processor.py:830} INFO - Processing file /home/airflow/.local/lib/python3.8/site-packages/airflow/example_dags/example_branch_operator.py for tasks to queue
[2024-04-15T10:43:08.338+0000] {logging_mixin.py:188} INFO - [2024-04-15T10:43:08.337+0000] {dagbag.py:540} INFO - Filling up the DagBag from /home/airflow/.local/lib/python3.8/site-packages/airflow/example_dags/example_branch_operator.py
[2024-04-15T10:43:08.355+0000] {processor.py:840} INFO - DAG(s) 'example_branch_operator' retrieved from /home/airflow/.local/lib/python3.8/site-packages/airflow/example_dags/example_branch_operator.py
[2024-04-15T10:43:08.384+0000] {logging_mixin.py:188} INFO - [2024-04-15T10:43:08.384+0000] {dag.py:3047} INFO - Sync 1 DAGs
[2024-04-15T10:43:08.408+0000] {logging_mixin.py:188} INFO - [2024-04-15T10:43:08.407+0000] {dag.py:3834} INFO - Setting next_dagrun for example_branch_operator to 2024-04-14 00:00:00+00:00, run_after=2024-04-15 00:00:00+00:00
[2024-04-15T10:43:08.433+0000] {processor.py:183} INFO - Processing /home/airflow/.local/lib/python3.8/site-packages/airflow/example_dags/example_branch_operator.py took 0.102 seconds
[2024-04-15T10:43:38.664+0000] {processor.py:161} INFO - Started process (PID=293) to work on /home/airflow/.local/lib/python3.8/site-packages/airflow/example_dags/example_branch_operator.py
[2024-04-15T10:43:38.665+0000] {processor.py:830} INFO - Processing file /home/airflow/.local/lib/python3.8/site-packages/airflow/example_dags/example_branch_operator.py for tasks to queue
[2024-04-15T10:43:38.668+0000] {logging_mixin.py:188} INFO - [2024-04-15T10:43:38.667+0000] {dagbag.py:540} INFO - Filling up the DagBag from /home/airflow/.local/lib/python3.8/site-packages/airflow/example_dags/example_branch_operator.py
[2024-04-15T10:43:38.683+0000] {processor.py:840} INFO - DAG(s) 'example_branch_operator' retrieved from /home/airflow/.local/lib/python3.8/site-packages/airflow/example_dags/example_branch_operator.py
[2024-04-15T10:43:38.711+0000] {logging_mixin.py:188} INFO - [2024-04-15T10:43:38.711+0000] {dag.py:3047} INFO - Sync 1 DAGs
[2024-04-15T10:43:38.737+0000] {logging_mixin.py:188} INFO - [2024-04-15T10:43:38.736+0000] {dag.py:3834} INFO - Setting next_dagrun for example_branch_operator to 2024-04-14 00:00:00+00:00, run_after=2024-04-15 00:00:00+00:00
[2024-04-15T10:43:38.761+0000] {processor.py:183} INFO - Processing /home/airflow/.local/lib/python3.8/site-packages/airflow/example_dags/example_branch_operator.py took 0.101 seconds
[2024-04-15T10:44:09.187+0000] {processor.py:161} INFO - Started process (PID=347) to work on /home/airflow/.local/lib/python3.8/site-packages/airflow/example_dags/example_branch_operator.py
[2024-04-15T10:44:09.188+0000] {processor.py:830} INFO - Processing file /home/airflow/.local/lib/python3.8/site-packages/airflow/example_dags/example_branch_operator.py for tasks to queue
[2024-04-15T10:44:09.190+0000] {logging_mixin.py:188} INFO - [2024-04-15T10:44:09.190+0000] {dagbag.py:540} INFO - Filling up the DagBag from /home/airflow/.local/lib/python3.8/site-packages/airflow/example_dags/example_branch_operator.py
[2024-04-15T10:44:09.210+0000] {processor.py:840} INFO - DAG(s) 'example_branch_operator' retrieved from /home/airflow/.local/lib/python3.8/site-packages/airflow/example_dags/example_branch_operator.py
[2024-04-15T10:44:09.240+0000] {logging_mixin.py:188} INFO - [2024-04-15T10:44:09.240+0000] {dag.py:3047} INFO - Sync 1 DAGs
[2024-04-15T10:44:09.268+0000] {logging_mixin.py:188} INFO - [2024-04-15T10:44:09.268+0000] {dag.py:3834} INFO - Setting next_dagrun for example_branch_operator to 2024-04-14 00:00:00+00:00, run_after=2024-04-15 00:00:00+00:00
[2024-04-15T10:44:09.289+0000] {processor.py:183} INFO - Processing /home/airflow/.local/lib/python3.8/site-packages/airflow/example_dags/example_branch_operator.py took 0.105 seconds
[2024-04-15T10:44:39.539+0000] {processor.py:161} INFO - Started process (PID=402) to work on /home/airflow/.local/lib/python3.8/site-packages/airflow/example_dags/example_branch_operator.py
[2024-04-15T10:44:39.542+0000] {processor.py:830} INFO - Processing file /home/airflow/.local/lib/python3.8/site-packages/airflow/example_dags/example_branch_operator.py for tasks to queue
[2024-04-15T10:44:39.545+0000] {logging_mixin.py:188} INFO - [2024-04-15T10:44:39.544+0000] {dagbag.py:540} INFO - Filling up the DagBag from /home/airflow/.local/lib/python3.8/site-packages/airflow/example_dags/example_branch_operator.py
[2024-04-15T10:44:39.575+0000] {processor.py:840} INFO - DAG(s) 'example_branch_operator' retrieved from /home/airflow/.local/lib/python3.8/site-packages/airflow/example_dags/example_branch_operator.py
[2024-04-15T10:44:39.626+0000] {logging_mixin.py:188} INFO - [2024-04-15T10:44:39.625+0000] {dag.py:3047} INFO - Sync 1 DAGs
[2024-04-15T10:44:39.658+0000] {logging_mixin.py:188} INFO - [2024-04-15T10:44:39.658+0000] {dag.py:3834} INFO - Setting next_dagrun for example_branch_operator to 2024-04-14 00:00:00+00:00, run_after=2024-04-15 00:00:00+00:00
[2024-04-15T10:44:39.691+0000] {processor.py:183} INFO - Processing /home/airflow/.local/lib/python3.8/site-packages/airflow/example_dags/example_branch_operator.py took 0.157 seconds
[2024-04-15T10:45:09.816+0000] {processor.py:161} INFO - Started process (PID=457) to work on /home/airflow/.local/lib/python3.8/site-packages/airflow/example_dags/example_branch_operator.py
[2024-04-15T10:45:09.818+0000] {processor.py:830} INFO - Processing file /home/airflow/.local/lib/python3.8/site-packages/airflow/example_dags/example_branch_operator.py for tasks to queue
[2024-04-15T10:45:09.820+0000] {logging_mixin.py:188} INFO - [2024-04-15T10:45:09.820+0000] {dagbag.py:540} INFO - Filling up the DagBag from /home/airflow/.local/lib/python3.8/site-packages/airflow/example_dags/example_branch_operator.py
[2024-04-15T10:45:09.837+0000] {processor.py:840} INFO - DAG(s) 'example_branch_operator' retrieved from /home/airflow/.local/lib/python3.8/site-packages/airflow/example_dags/example_branch_operator.py
[2024-04-15T10:45:09.866+0000] {logging_mixin.py:188} INFO - [2024-04-15T10:45:09.865+0000] {dag.py:3047} INFO - Sync 1 DAGs
[2024-04-15T10:45:09.888+0000] {logging_mixin.py:188} INFO - [2024-04-15T10:45:09.887+0000] {dag.py:3834} INFO - Setting next_dagrun for example_branch_operator to 2024-04-14 00:00:00+00:00, run_after=2024-04-15 00:00:00+00:00
[2024-04-15T10:45:09.913+0000] {processor.py:183} INFO - Processing /home/airflow/.local/lib/python3.8/site-packages/airflow/example_dags/example_branch_operator.py took 0.100 seconds
[2024-04-15T10:45:40.115+0000] {processor.py:161} INFO - Started process (PID=512) to work on /home/airflow/.local/lib/python3.8/site-packages/airflow/example_dags/example_branch_operator.py
[2024-04-15T10:45:40.116+0000] {processor.py:830} INFO - Processing file /home/airflow/.local/lib/python3.8/site-packages/airflow/example_dags/example_branch_operator.py for tasks to queue
[2024-04-15T10:45:40.118+0000] {logging_mixin.py:188} INFO - [2024-04-15T10:45:40.118+0000] {dagbag.py:540} INFO - Filling up the DagBag from /home/airflow/.local/lib/python3.8/site-packages/airflow/example_dags/example_branch_operator.py
[2024-04-15T10:45:40.135+0000] {processor.py:840} INFO - DAG(s) 'example_branch_operator' retrieved from /home/airflow/.local/lib/python3.8/site-packages/airflow/example_dags/example_branch_operator.py
[2024-04-15T10:45:40.163+0000] {logging_mixin.py:188} INFO - [2024-04-15T10:45:40.163+0000] {dag.py:3047} INFO - Sync 1 DAGs
[2024-04-15T10:45:40.200+0000] {logging_mixin.py:188} INFO - [2024-04-15T10:45:40.200+0000] {dag.py:3834} INFO - Setting next_dagrun for example_branch_operator to 2024-04-14 00:00:00+00:00, run_after=2024-04-15 00:00:00+00:00
[2024-04-15T10:45:40.238+0000] {processor.py:183} INFO - Processing /home/airflow/.local/lib/python3.8/site-packages/airflow/example_dags/example_branch_operator.py took 0.127 seconds
[2024-04-15T10:46:10.365+0000] {processor.py:161} INFO - Started process (PID=567) to work on /home/airflow/.local/lib/python3.8/site-packages/airflow/example_dags/example_branch_operator.py
[2024-04-15T10:46:10.366+0000] {processor.py:830} INFO - Processing file /home/airflow/.local/lib/python3.8/site-packages/airflow/example_dags/example_branch_operator.py for tasks to queue
[2024-04-15T10:46:10.368+0000] {logging_mixin.py:188} INFO - [2024-04-15T10:46:10.368+0000] {dagbag.py:540} INFO - Filling up the DagBag from /home/airflow/.local/lib/python3.8/site-packages/airflow/example_dags/example_branch_operator.py
[2024-04-15T10:46:10.384+0000] {processor.py:840} INFO - DAG(s) 'example_branch_operator' retrieved from /home/airflow/.local/lib/python3.8/site-packages/airflow/example_dags/example_branch_operator.py
[2024-04-15T10:46:10.412+0000] {logging_mixin.py:188} INFO - [2024-04-15T10:46:10.412+0000] {dag.py:3047} INFO - Sync 1 DAGs
[2024-04-15T10:46:10.435+0000] {logging_mixin.py:188} INFO - [2024-04-15T10:46:10.434+0000] {dag.py:3834} INFO - Setting next_dagrun for example_branch_operator to 2024-04-14 00:00:00+00:00, run_after=2024-04-15 00:00:00+00:00
[2024-04-15T10:46:10.462+0000] {processor.py:183} INFO - Processing /home/airflow/.local/lib/python3.8/site-packages/airflow/example_dags/example_branch_operator.py took 0.100 seconds
[2024-04-15T10:46:40.504+0000] {processor.py:161} INFO - Started process (PID=622) to work on /home/airflow/.local/lib/python3.8/site-packages/airflow/example_dags/example_branch_operator.py
[2024-04-15T10:46:40.506+0000] {processor.py:830} INFO - Processing file /home/airflow/.local/lib/python3.8/site-packages/airflow/example_dags/example_branch_operator.py for tasks to queue
[2024-04-15T10:46:40.508+0000] {logging_mixin.py:188} INFO - [2024-04-15T10:46:40.507+0000] {dagbag.py:540} INFO - Filling up the DagBag from /home/airflow/.local/lib/python3.8/site-packages/airflow/example_dags/example_branch_operator.py
[2024-04-15T10:46:40.524+0000] {processor.py:840} INFO - DAG(s) 'example_branch_operator' retrieved from /home/airflow/.local/lib/python3.8/site-packages/airflow/example_dags/example_branch_operator.py
[2024-04-15T10:46:40.552+0000] {logging_mixin.py:188} INFO - [2024-04-15T10:46:40.552+0000] {dag.py:3047} INFO - Sync 1 DAGs
[2024-04-15T10:46:40.575+0000] {logging_mixin.py:188} INFO - [2024-04-15T10:46:40.575+0000] {dag.py:3834} INFO - Setting next_dagrun for example_branch_operator to 2024-04-14 00:00:00+00:00, run_after=2024-04-15 00:00:00+00:00
[2024-04-15T10:46:40.599+0000] {processor.py:183} INFO - Processing /home/airflow/.local/lib/python3.8/site-packages/airflow/example_dags/example_branch_operator.py took 0.098 seconds
[2024-04-15T10:47:10.903+0000] {processor.py:161} INFO - Started process (PID=677) to work on /home/airflow/.local/lib/python3.8/site-packages/airflow/example_dags/example_branch_operator.py
[2024-04-15T10:47:10.904+0000] {processor.py:830} INFO - Processing file /home/airflow/.local/lib/python3.8/site-packages/airflow/example_dags/example_branch_operator.py for tasks to queue
[2024-04-15T10:47:10.906+0000] {logging_mixin.py:188} INFO - [2024-04-15T10:47:10.906+0000] {dagbag.py:540} INFO - Filling up the DagBag from /home/airflow/.local/lib/python3.8/site-packages/airflow/example_dags/example_branch_operator.py
[2024-04-15T10:47:10.922+0000] {processor.py:840} INFO - DAG(s) 'example_branch_operator' retrieved from /home/airflow/.local/lib/python3.8/site-packages/airflow/example_dags/example_branch_operator.py
[2024-04-15T10:47:10.951+0000] {logging_mixin.py:188} INFO - [2024-04-15T10:47:10.951+0000] {dag.py:3047} INFO - Sync 1 DAGs
[2024-04-15T10:47:10.976+0000] {logging_mixin.py:188} INFO - [2024-04-15T10:47:10.976+0000] {dag.py:3834} INFO - Setting next_dagrun for example_branch_operator to 2024-04-14 00:00:00+00:00, run_after=2024-04-15 00:00:00+00:00
[2024-04-15T10:47:10.999+0000] {processor.py:183} INFO - Processing /home/airflow/.local/lib/python3.8/site-packages/airflow/example_dags/example_branch_operator.py took 0.100 seconds
[2024-04-15T10:47:41.224+0000] {processor.py:161} INFO - Started process (PID=733) to work on /home/airflow/.local/lib/python3.8/site-packages/airflow/example_dags/example_branch_operator.py
[2024-04-15T10:47:41.225+0000] {processor.py:830} INFO - Processing file /home/airflow/.local/lib/python3.8/site-packages/airflow/example_dags/example_branch_operator.py for tasks to queue
[2024-04-15T10:47:41.227+0000] {logging_mixin.py:188} INFO - [2024-04-15T10:47:41.227+0000] {dagbag.py:540} INFO - Filling up the DagBag from /home/airflow/.local/lib/python3.8/site-packages/airflow/example_dags/example_branch_operator.py
[2024-04-15T10:47:41.245+0000] {processor.py:840} INFO - DAG(s) 'example_branch_operator' retrieved from /home/airflow/.local/lib/python3.8/site-packages/airflow/example_dags/example_branch_operator.py
[2024-04-15T10:47:41.280+0000] {logging_mixin.py:188} INFO - [2024-04-15T10:47:41.280+0000] {dag.py:3047} INFO - Sync 1 DAGs
[2024-04-15T10:47:41.308+0000] {logging_mixin.py:188} INFO - [2024-04-15T10:47:41.308+0000] {dag.py:3834} INFO - Setting next_dagrun for example_branch_operator to 2024-04-14 00:00:00+00:00, run_after=2024-04-15 00:00:00+00:00
[2024-04-15T10:47:41.332+0000] {processor.py:183} INFO - Processing /home/airflow/.local/lib/python3.8/site-packages/airflow/example_dags/example_branch_operator.py took 0.113 seconds
[2024-04-15T10:48:11.579+0000] {processor.py:161} INFO - Started process (PID=789) to work on /home/airflow/.local/lib/python3.8/site-packages/airflow/example_dags/example_branch_operator.py
[2024-04-15T10:48:11.581+0000] {processor.py:830} INFO - Processing file /home/airflow/.local/lib/python3.8/site-packages/airflow/example_dags/example_branch_operator.py for tasks to queue
[2024-04-15T10:48:11.583+0000] {logging_mixin.py:188} INFO - [2024-04-15T10:48:11.583+0000] {dagbag.py:540} INFO - Filling up the DagBag from /home/airflow/.local/lib/python3.8/site-packages/airflow/example_dags/example_branch_operator.py
[2024-04-15T10:48:11.598+0000] {processor.py:840} INFO - DAG(s) 'example_branch_operator' retrieved from /home/airflow/.local/lib/python3.8/site-packages/airflow/example_dags/example_branch_operator.py
[2024-04-15T10:48:11.629+0000] {logging_mixin.py:188} INFO - [2024-04-15T10:48:11.629+0000] {dag.py:3047} INFO - Sync 1 DAGs
[2024-04-15T10:48:11.651+0000] {logging_mixin.py:188} INFO - [2024-04-15T10:48:11.651+0000] {dag.py:3834} INFO - Setting next_dagrun for example_branch_operator to 2024-04-14 00:00:00+00:00, run_after=2024-04-15 00:00:00+00:00
[2024-04-15T10:48:11.675+0000] {processor.py:183} INFO - Processing /home/airflow/.local/lib/python3.8/site-packages/airflow/example_dags/example_branch_operator.py took 0.099 seconds
[2024-04-15T10:48:41.905+0000] {processor.py:161} INFO - Started process (PID=844) to work on /home/airflow/.local/lib/python3.8/site-packages/airflow/example_dags/example_branch_operator.py
[2024-04-15T10:48:41.907+0000] {processor.py:830} INFO - Processing file /home/airflow/.local/lib/python3.8/site-packages/airflow/example_dags/example_branch_operator.py for tasks to queue
[2024-04-15T10:48:41.909+0000] {logging_mixin.py:188} INFO - [2024-04-15T10:48:41.909+0000] {dagbag.py:540} INFO - Filling up the DagBag from /home/airflow/.local/lib/python3.8/site-packages/airflow/example_dags/example_branch_operator.py
[2024-04-15T10:48:41.923+0000] {processor.py:840} INFO - DAG(s) 'example_branch_operator' retrieved from /home/airflow/.local/lib/python3.8/site-packages/airflow/example_dags/example_branch_operator.py
[2024-04-15T10:48:41.951+0000] {logging_mixin.py:188} INFO - [2024-04-15T10:48:41.951+0000] {dag.py:3047} INFO - Sync 1 DAGs
[2024-04-15T10:48:41.972+0000] {logging_mixin.py:188} INFO - [2024-04-15T10:48:41.972+0000] {dag.py:3834} INFO - Setting next_dagrun for example_branch_operator to 2024-04-14 00:00:00+00:00, run_after=2024-04-15 00:00:00+00:00
[2024-04-15T10:48:41.994+0000] {processor.py:183} INFO - Processing /home/airflow/.local/lib/python3.8/site-packages/airflow/example_dags/example_branch_operator.py took 0.092 seconds
[2024-04-15T10:49:59.333+0000] {processor.py:161} INFO - Started process (PID=898) to work on /home/airflow/.local/lib/python3.8/site-packages/airflow/example_dags/example_branch_operator.py
[2024-04-15T10:49:59.335+0000] {processor.py:830} INFO - Processing file /home/airflow/.local/lib/python3.8/site-packages/airflow/example_dags/example_branch_operator.py for tasks to queue
[2024-04-15T10:49:59.338+0000] {logging_mixin.py:188} INFO - [2024-04-15T10:49:59.337+0000] {dagbag.py:540} INFO - Filling up the DagBag from /home/airflow/.local/lib/python3.8/site-packages/airflow/example_dags/example_branch_operator.py
[2024-04-15T10:49:59.355+0000] {processor.py:840} INFO - DAG(s) 'example_branch_operator' retrieved from /home/airflow/.local/lib/python3.8/site-packages/airflow/example_dags/example_branch_operator.py
[2024-04-15T10:49:59.383+0000] {logging_mixin.py:188} INFO - [2024-04-15T10:49:59.383+0000] {dag.py:3047} INFO - Sync 1 DAGs
[2024-04-15T10:49:59.407+0000] {logging_mixin.py:188} INFO - [2024-04-15T10:49:59.406+0000] {dag.py:3834} INFO - Setting next_dagrun for example_branch_operator to 2024-04-14 00:00:00+00:00, run_after=2024-04-15 00:00:00+00:00
[2024-04-15T10:49:59.432+0000] {processor.py:183} INFO - Processing /home/airflow/.local/lib/python3.8/site-packages/airflow/example_dags/example_branch_operator.py took 0.102 seconds
[2024-04-15T10:50:30.017+0000] {processor.py:161} INFO - Started process (PID=953) to work on /home/airflow/.local/lib/python3.8/site-packages/airflow/example_dags/example_branch_operator.py
[2024-04-15T10:50:30.018+0000] {processor.py:830} INFO - Processing file /home/airflow/.local/lib/python3.8/site-packages/airflow/example_dags/example_branch_operator.py for tasks to queue
[2024-04-15T10:50:30.020+0000] {logging_mixin.py:188} INFO - [2024-04-15T10:50:30.020+0000] {dagbag.py:540} INFO - Filling up the DagBag from /home/airflow/.local/lib/python3.8/site-packages/airflow/example_dags/example_branch_operator.py
[2024-04-15T10:50:30.039+0000] {processor.py:840} INFO - DAG(s) 'example_branch_operator' retrieved from /home/airflow/.local/lib/python3.8/site-packages/airflow/example_dags/example_branch_operator.py
[2024-04-15T10:50:30.070+0000] {logging_mixin.py:188} INFO - [2024-04-15T10:50:30.070+0000] {dag.py:3047} INFO - Sync 1 DAGs
[2024-04-15T10:50:30.095+0000] {logging_mixin.py:188} INFO - [2024-04-15T10:50:30.094+0000] {dag.py:3834} INFO - Setting next_dagrun for example_branch_operator to 2024-04-14 00:00:00+00:00, run_after=2024-04-15 00:00:00+00:00
[2024-04-15T10:50:30.118+0000] {processor.py:183} INFO - Processing /home/airflow/.local/lib/python3.8/site-packages/airflow/example_dags/example_branch_operator.py took 0.105 seconds
[2024-04-15T10:51:00.414+0000] {processor.py:161} INFO - Started process (PID=1008) to work on /home/airflow/.local/lib/python3.8/site-packages/airflow/example_dags/example_branch_operator.py
[2024-04-15T10:51:00.415+0000] {processor.py:830} INFO - Processing file /home/airflow/.local/lib/python3.8/site-packages/airflow/example_dags/example_branch_operator.py for tasks to queue
[2024-04-15T10:51:00.417+0000] {logging_mixin.py:188} INFO - [2024-04-15T10:51:00.417+0000] {dagbag.py:540} INFO - Filling up the DagBag from /home/airflow/.local/lib/python3.8/site-packages/airflow/example_dags/example_branch_operator.py
[2024-04-15T10:51:00.434+0000] {processor.py:840} INFO - DAG(s) 'example_branch_operator' retrieved from /home/airflow/.local/lib/python3.8/site-packages/airflow/example_dags/example_branch_operator.py
[2024-04-15T10:51:00.460+0000] {logging_mixin.py:188} INFO - [2024-04-15T10:51:00.460+0000] {dag.py:3047} INFO - Sync 1 DAGs
[2024-04-15T10:51:00.486+0000] {logging_mixin.py:188} INFO - [2024-04-15T10:51:00.485+0000] {dag.py:3834} INFO - Setting next_dagrun for example_branch_operator to 2024-04-14 00:00:00+00:00, run_after=2024-04-15 00:00:00+00:00
[2024-04-15T10:51:00.508+0000] {processor.py:183} INFO - Processing /home/airflow/.local/lib/python3.8/site-packages/airflow/example_dags/example_branch_operator.py took 0.099 seconds
[2024-04-15T10:51:30.838+0000] {processor.py:161} INFO - Started process (PID=1063) to work on /home/airflow/.local/lib/python3.8/site-packages/airflow/example_dags/example_branch_operator.py
[2024-04-15T10:51:30.839+0000] {processor.py:830} INFO - Processing file /home/airflow/.local/lib/python3.8/site-packages/airflow/example_dags/example_branch_operator.py for tasks to queue
[2024-04-15T10:51:30.841+0000] {logging_mixin.py:188} INFO - [2024-04-15T10:51:30.841+0000] {dagbag.py:540} INFO - Filling up the DagBag from /home/airflow/.local/lib/python3.8/site-packages/airflow/example_dags/example_branch_operator.py
[2024-04-15T10:51:30.857+0000] {processor.py:840} INFO - DAG(s) 'example_branch_operator' retrieved from /home/airflow/.local/lib/python3.8/site-packages/airflow/example_dags/example_branch_operator.py
[2024-04-15T10:51:30.891+0000] {logging_mixin.py:188} INFO - [2024-04-15T10:51:30.890+0000] {dag.py:3047} INFO - Sync 1 DAGs
[2024-04-15T10:51:30.916+0000] {logging_mixin.py:188} INFO - [2024-04-15T10:51:30.916+0000] {dag.py:3834} INFO - Setting next_dagrun for example_branch_operator to 2024-04-14 00:00:00+00:00, run_after=2024-04-15 00:00:00+00:00
[2024-04-15T10:51:30.943+0000] {processor.py:183} INFO - Processing /home/airflow/.local/lib/python3.8/site-packages/airflow/example_dags/example_branch_operator.py took 0.108 seconds
[2024-04-15T10:52:01.380+0000] {processor.py:161} INFO - Started process (PID=1118) to work on /home/airflow/.local/lib/python3.8/site-packages/airflow/example_dags/example_branch_operator.py
[2024-04-15T10:52:01.382+0000] {processor.py:830} INFO - Processing file /home/airflow/.local/lib/python3.8/site-packages/airflow/example_dags/example_branch_operator.py for tasks to queue
[2024-04-15T10:52:01.384+0000] {logging_mixin.py:188} INFO - [2024-04-15T10:52:01.384+0000] {dagbag.py:540} INFO - Filling up the DagBag from /home/airflow/.local/lib/python3.8/site-packages/airflow/example_dags/example_branch_operator.py
[2024-04-15T10:52:01.403+0000] {processor.py:840} INFO - DAG(s) 'example_branch_operator' retrieved from /home/airflow/.local/lib/python3.8/site-packages/airflow/example_dags/example_branch_operator.py
[2024-04-15T10:52:01.434+0000] {logging_mixin.py:188} INFO - [2024-04-15T10:52:01.434+0000] {dag.py:3047} INFO - Sync 1 DAGs
[2024-04-15T10:52:01.458+0000] {logging_mixin.py:188} INFO - [2024-04-15T10:52:01.458+0000] {dag.py:3834} INFO - Setting next_dagrun for example_branch_operator to 2024-04-14 00:00:00+00:00, run_after=2024-04-15 00:00:00+00:00
[2024-04-15T10:52:01.482+0000] {processor.py:183} INFO - Processing /home/airflow/.local/lib/python3.8/site-packages/airflow/example_dags/example_branch_operator.py took 0.105 seconds
[2024-04-15T10:52:31.853+0000] {processor.py:161} INFO - Started process (PID=1173) to work on /home/airflow/.local/lib/python3.8/site-packages/airflow/example_dags/example_branch_operator.py
[2024-04-15T10:52:31.854+0000] {processor.py:830} INFO - Processing file /home/airflow/.local/lib/python3.8/site-packages/airflow/example_dags/example_branch_operator.py for tasks to queue
[2024-04-15T10:52:31.856+0000] {logging_mixin.py:188} INFO - [2024-04-15T10:52:31.856+0000] {dagbag.py:540} INFO - Filling up the DagBag from /home/airflow/.local/lib/python3.8/site-packages/airflow/example_dags/example_branch_operator.py
[2024-04-15T10:52:31.873+0000] {processor.py:840} INFO - DAG(s) 'example_branch_operator' retrieved from /home/airflow/.local/lib/python3.8/site-packages/airflow/example_dags/example_branch_operator.py
[2024-04-15T10:52:31.901+0000] {logging_mixin.py:188} INFO - [2024-04-15T10:52:31.900+0000] {dag.py:3047} INFO - Sync 1 DAGs
[2024-04-15T10:52:31.924+0000] {logging_mixin.py:188} INFO - [2024-04-15T10:52:31.924+0000] {dag.py:3834} INFO - Setting next_dagrun for example_branch_operator to 2024-04-14 00:00:00+00:00, run_after=2024-04-15 00:00:00+00:00
[2024-04-15T10:52:31.946+0000] {processor.py:183} INFO - Processing /home/airflow/.local/lib/python3.8/site-packages/airflow/example_dags/example_branch_operator.py took 0.096 seconds
[2024-04-15T11:28:59.656+0000] {processor.py:161} INFO - Started process (PID=1242) to work on /home/airflow/.local/lib/python3.8/site-packages/airflow/example_dags/example_branch_operator.py
[2024-04-15T11:28:59.658+0000] {processor.py:830} INFO - Processing file /home/airflow/.local/lib/python3.8/site-packages/airflow/example_dags/example_branch_operator.py for tasks to queue
[2024-04-15T11:28:59.662+0000] {logging_mixin.py:188} INFO - [2024-04-15T11:28:59.662+0000] {dagbag.py:540} INFO - Filling up the DagBag from /home/airflow/.local/lib/python3.8/site-packages/airflow/example_dags/example_branch_operator.py
[2024-04-15T11:28:59.700+0000] {processor.py:840} INFO - DAG(s) 'example_branch_operator' retrieved from /home/airflow/.local/lib/python3.8/site-packages/airflow/example_dags/example_branch_operator.py
[2024-04-15T11:28:59.764+0000] {logging_mixin.py:188} INFO - [2024-04-15T11:28:59.764+0000] {dag.py:3047} INFO - Sync 1 DAGs
[2024-04-15T11:28:59.828+0000] {logging_mixin.py:188} INFO - [2024-04-15T11:28:59.827+0000] {dag.py:3834} INFO - Setting next_dagrun for example_branch_operator to 2024-04-14 00:00:00+00:00, run_after=2024-04-15 00:00:00+00:00
[2024-04-15T11:28:59.877+0000] {processor.py:183} INFO - Processing /home/airflow/.local/lib/python3.8/site-packages/airflow/example_dags/example_branch_operator.py took 0.228 seconds
[2024-04-15T11:29:30.786+0000] {processor.py:161} INFO - Started process (PID=1297) to work on /home/airflow/.local/lib/python3.8/site-packages/airflow/example_dags/example_branch_operator.py
[2024-04-15T11:29:30.787+0000] {processor.py:830} INFO - Processing file /home/airflow/.local/lib/python3.8/site-packages/airflow/example_dags/example_branch_operator.py for tasks to queue
[2024-04-15T11:29:30.790+0000] {logging_mixin.py:188} INFO - [2024-04-15T11:29:30.789+0000] {dagbag.py:540} INFO - Filling up the DagBag from /home/airflow/.local/lib/python3.8/site-packages/airflow/example_dags/example_branch_operator.py
[2024-04-15T11:29:30.806+0000] {processor.py:840} INFO - DAG(s) 'example_branch_operator' retrieved from /home/airflow/.local/lib/python3.8/site-packages/airflow/example_dags/example_branch_operator.py
[2024-04-15T11:29:30.834+0000] {logging_mixin.py:188} INFO - [2024-04-15T11:29:30.834+0000] {dag.py:3047} INFO - Sync 1 DAGs
[2024-04-15T11:29:30.857+0000] {logging_mixin.py:188} INFO - [2024-04-15T11:29:30.857+0000] {dag.py:3834} INFO - Setting next_dagrun for example_branch_operator to 2024-04-14 00:00:00+00:00, run_after=2024-04-15 00:00:00+00:00
[2024-04-15T11:29:30.882+0000] {processor.py:183} INFO - Processing /home/airflow/.local/lib/python3.8/site-packages/airflow/example_dags/example_branch_operator.py took 0.099 seconds
[2024-04-15T11:30:01.169+0000] {processor.py:161} INFO - Started process (PID=1358) to work on /home/airflow/.local/lib/python3.8/site-packages/airflow/example_dags/example_branch_operator.py
[2024-04-15T11:30:01.170+0000] {processor.py:830} INFO - Processing file /home/airflow/.local/lib/python3.8/site-packages/airflow/example_dags/example_branch_operator.py for tasks to queue
[2024-04-15T11:30:01.172+0000] {logging_mixin.py:188} INFO - [2024-04-15T11:30:01.172+0000] {dagbag.py:540} INFO - Filling up the DagBag from /home/airflow/.local/lib/python3.8/site-packages/airflow/example_dags/example_branch_operator.py
[2024-04-15T11:30:01.195+0000] {processor.py:840} INFO - DAG(s) 'example_branch_operator' retrieved from /home/airflow/.local/lib/python3.8/site-packages/airflow/example_dags/example_branch_operator.py
[2024-04-15T11:30:01.228+0000] {logging_mixin.py:188} INFO - [2024-04-15T11:30:01.228+0000] {dag.py:3047} INFO - Sync 1 DAGs
[2024-04-15T11:30:01.254+0000] {logging_mixin.py:188} INFO - [2024-04-15T11:30:01.254+0000] {dag.py:3834} INFO - Setting next_dagrun for example_branch_operator to 2024-04-14 00:00:00+00:00, run_after=2024-04-15 00:00:00+00:00
[2024-04-15T11:30:01.285+0000] {processor.py:183} INFO - Processing /home/airflow/.local/lib/python3.8/site-packages/airflow/example_dags/example_branch_operator.py took 0.119 seconds
[2024-04-15T11:30:31.601+0000] {processor.py:161} INFO - Started process (PID=1413) to work on /home/airflow/.local/lib/python3.8/site-packages/airflow/example_dags/example_branch_operator.py
[2024-04-15T11:30:31.602+0000] {processor.py:830} INFO - Processing file /home/airflow/.local/lib/python3.8/site-packages/airflow/example_dags/example_branch_operator.py for tasks to queue
[2024-04-15T11:30:31.604+0000] {logging_mixin.py:188} INFO - [2024-04-15T11:30:31.604+0000] {dagbag.py:540} INFO - Filling up the DagBag from /home/airflow/.local/lib/python3.8/site-packages/airflow/example_dags/example_branch_operator.py
[2024-04-15T11:30:31.621+0000] {processor.py:840} INFO - DAG(s) 'example_branch_operator' retrieved from /home/airflow/.local/lib/python3.8/site-packages/airflow/example_dags/example_branch_operator.py
[2024-04-15T11:30:31.648+0000] {logging_mixin.py:188} INFO - [2024-04-15T11:30:31.647+0000] {dag.py:3047} INFO - Sync 1 DAGs
[2024-04-15T11:30:31.669+0000] {logging_mixin.py:188} INFO - [2024-04-15T11:30:31.669+0000] {dag.py:3834} INFO - Setting next_dagrun for example_branch_operator to 2024-04-14 00:00:00+00:00, run_after=2024-04-15 00:00:00+00:00
[2024-04-15T11:30:31.694+0000] {processor.py:183} INFO - Processing /home/airflow/.local/lib/python3.8/site-packages/airflow/example_dags/example_branch_operator.py took 0.096 seconds
[2024-04-15T11:31:01.832+0000] {processor.py:161} INFO - Started process (PID=1468) to work on /home/airflow/.local/lib/python3.8/site-packages/airflow/example_dags/example_branch_operator.py
[2024-04-15T11:31:01.833+0000] {processor.py:830} INFO - Processing file /home/airflow/.local/lib/python3.8/site-packages/airflow/example_dags/example_branch_operator.py for tasks to queue
[2024-04-15T11:31:01.835+0000] {logging_mixin.py:188} INFO - [2024-04-15T11:31:01.835+0000] {dagbag.py:540} INFO - Filling up the DagBag from /home/airflow/.local/lib/python3.8/site-packages/airflow/example_dags/example_branch_operator.py
[2024-04-15T11:31:01.853+0000] {processor.py:840} INFO - DAG(s) 'example_branch_operator' retrieved from /home/airflow/.local/lib/python3.8/site-packages/airflow/example_dags/example_branch_operator.py
[2024-04-15T11:31:01.882+0000] {logging_mixin.py:188} INFO - [2024-04-15T11:31:01.882+0000] {dag.py:3047} INFO - Sync 1 DAGs
[2024-04-15T11:31:01.906+0000] {logging_mixin.py:188} INFO - [2024-04-15T11:31:01.905+0000] {dag.py:3834} INFO - Setting next_dagrun for example_branch_operator to 2024-04-14 00:00:00+00:00, run_after=2024-04-15 00:00:00+00:00
[2024-04-15T11:31:01.932+0000] {processor.py:183} INFO - Processing /home/airflow/.local/lib/python3.8/site-packages/airflow/example_dags/example_branch_operator.py took 0.104 seconds
[2024-04-15T11:31:32.323+0000] {processor.py:161} INFO - Started process (PID=1523) to work on /home/airflow/.local/lib/python3.8/site-packages/airflow/example_dags/example_branch_operator.py
[2024-04-15T11:31:32.324+0000] {processor.py:830} INFO - Processing file /home/airflow/.local/lib/python3.8/site-packages/airflow/example_dags/example_branch_operator.py for tasks to queue
[2024-04-15T11:31:32.327+0000] {logging_mixin.py:188} INFO - [2024-04-15T11:31:32.326+0000] {dagbag.py:540} INFO - Filling up the DagBag from /home/airflow/.local/lib/python3.8/site-packages/airflow/example_dags/example_branch_operator.py
[2024-04-15T11:31:32.342+0000] {processor.py:840} INFO - DAG(s) 'example_branch_operator' retrieved from /home/airflow/.local/lib/python3.8/site-packages/airflow/example_dags/example_branch_operator.py
[2024-04-15T11:31:32.370+0000] {logging_mixin.py:188} INFO - [2024-04-15T11:31:32.370+0000] {dag.py:3047} INFO - Sync 1 DAGs
[2024-04-15T11:31:32.393+0000] {logging_mixin.py:188} INFO - [2024-04-15T11:31:32.393+0000] {dag.py:3834} INFO - Setting next_dagrun for example_branch_operator to 2024-04-14 00:00:00+00:00, run_after=2024-04-15 00:00:00+00:00
[2024-04-15T11:31:32.416+0000] {processor.py:183} INFO - Processing /home/airflow/.local/lib/python3.8/site-packages/airflow/example_dags/example_branch_operator.py took 0.096 seconds
[2024-04-15T12:11:23.401+0000] {processor.py:161} INFO - Started process (PID=1614) to work on /home/airflow/.local/lib/python3.8/site-packages/airflow/example_dags/example_branch_operator.py
[2024-04-15T12:11:23.402+0000] {processor.py:830} INFO - Processing file /home/airflow/.local/lib/python3.8/site-packages/airflow/example_dags/example_branch_operator.py for tasks to queue
[2024-04-15T12:11:23.404+0000] {logging_mixin.py:188} INFO - [2024-04-15T12:11:23.403+0000] {dagbag.py:540} INFO - Filling up the DagBag from /home/airflow/.local/lib/python3.8/site-packages/airflow/example_dags/example_branch_operator.py
[2024-04-15T12:11:23.451+0000] {processor.py:840} INFO - DAG(s) 'example_branch_operator' retrieved from /home/airflow/.local/lib/python3.8/site-packages/airflow/example_dags/example_branch_operator.py
[2024-04-15T12:11:23.491+0000] {logging_mixin.py:188} INFO - [2024-04-15T12:11:23.491+0000] {dag.py:3047} INFO - Sync 1 DAGs
[2024-04-15T12:11:23.518+0000] {logging_mixin.py:188} INFO - [2024-04-15T12:11:23.517+0000] {dag.py:3834} INFO - Setting next_dagrun for example_branch_operator to 2024-04-14 00:00:00+00:00, run_after=2024-04-15 00:00:00+00:00
[2024-04-15T12:11:23.557+0000] {processor.py:183} INFO - Processing /home/airflow/.local/lib/python3.8/site-packages/airflow/example_dags/example_branch_operator.py took 0.161 seconds
[2024-04-15T12:11:53.799+0000] {processor.py:161} INFO - Started process (PID=1669) to work on /home/airflow/.local/lib/python3.8/site-packages/airflow/example_dags/example_branch_operator.py
[2024-04-15T12:11:53.800+0000] {processor.py:830} INFO - Processing file /home/airflow/.local/lib/python3.8/site-packages/airflow/example_dags/example_branch_operator.py for tasks to queue
[2024-04-15T12:11:53.804+0000] {logging_mixin.py:188} INFO - [2024-04-15T12:11:53.804+0000] {dagbag.py:540} INFO - Filling up the DagBag from /home/airflow/.local/lib/python3.8/site-packages/airflow/example_dags/example_branch_operator.py
[2024-04-15T12:11:53.822+0000] {processor.py:840} INFO - DAG(s) 'example_branch_operator' retrieved from /home/airflow/.local/lib/python3.8/site-packages/airflow/example_dags/example_branch_operator.py
[2024-04-15T12:11:53.848+0000] {logging_mixin.py:188} INFO - [2024-04-15T12:11:53.848+0000] {dag.py:3047} INFO - Sync 1 DAGs
[2024-04-15T12:11:53.887+0000] {logging_mixin.py:188} INFO - [2024-04-15T12:11:53.887+0000] {dag.py:3834} INFO - Setting next_dagrun for example_branch_operator to 2024-04-14 00:00:00+00:00, run_after=2024-04-15 00:00:00+00:00
[2024-04-15T12:11:53.924+0000] {processor.py:183} INFO - Processing /home/airflow/.local/lib/python3.8/site-packages/airflow/example_dags/example_branch_operator.py took 0.128 seconds
[2024-04-15T12:12:26.088+0000] {processor.py:161} INFO - Started process (PID=1724) to work on /home/airflow/.local/lib/python3.8/site-packages/airflow/example_dags/example_branch_operator.py
[2024-04-15T12:12:26.090+0000] {processor.py:830} INFO - Processing file /home/airflow/.local/lib/python3.8/site-packages/airflow/example_dags/example_branch_operator.py for tasks to queue
[2024-04-15T12:12:26.092+0000] {logging_mixin.py:188} INFO - [2024-04-15T12:12:26.091+0000] {dagbag.py:540} INFO - Filling up the DagBag from /home/airflow/.local/lib/python3.8/site-packages/airflow/example_dags/example_branch_operator.py
[2024-04-15T12:12:26.143+0000] {processor.py:840} INFO - DAG(s) 'example_branch_operator' retrieved from /home/airflow/.local/lib/python3.8/site-packages/airflow/example_dags/example_branch_operator.py
[2024-04-15T12:12:26.208+0000] {logging_mixin.py:188} INFO - [2024-04-15T12:12:26.207+0000] {dag.py:3047} INFO - Sync 1 DAGs
[2024-04-15T12:12:26.259+0000] {logging_mixin.py:188} INFO - [2024-04-15T12:12:26.258+0000] {dag.py:3834} INFO - Setting next_dagrun for example_branch_operator to 2024-04-14 00:00:00+00:00, run_after=2024-04-15 00:00:00+00:00
[2024-04-15T12:12:26.315+0000] {processor.py:183} INFO - Processing /home/airflow/.local/lib/python3.8/site-packages/airflow/example_dags/example_branch_operator.py took 0.233 seconds
[2024-04-15T12:12:56.537+0000] {processor.py:161} INFO - Started process (PID=1779) to work on /home/airflow/.local/lib/python3.8/site-packages/airflow/example_dags/example_branch_operator.py
[2024-04-15T12:12:56.539+0000] {processor.py:830} INFO - Processing file /home/airflow/.local/lib/python3.8/site-packages/airflow/example_dags/example_branch_operator.py for tasks to queue
[2024-04-15T12:12:56.540+0000] {logging_mixin.py:188} INFO - [2024-04-15T12:12:56.540+0000] {dagbag.py:540} INFO - Filling up the DagBag from /home/airflow/.local/lib/python3.8/site-packages/airflow/example_dags/example_branch_operator.py
[2024-04-15T12:12:56.555+0000] {processor.py:840} INFO - DAG(s) 'example_branch_operator' retrieved from /home/airflow/.local/lib/python3.8/site-packages/airflow/example_dags/example_branch_operator.py
[2024-04-15T12:12:56.586+0000] {logging_mixin.py:188} INFO - [2024-04-15T12:12:56.586+0000] {dag.py:3047} INFO - Sync 1 DAGs
[2024-04-15T12:12:56.610+0000] {logging_mixin.py:188} INFO - [2024-04-15T12:12:56.610+0000] {dag.py:3834} INFO - Setting next_dagrun for example_branch_operator to 2024-04-14 00:00:00+00:00, run_after=2024-04-15 00:00:00+00:00
[2024-04-15T12:12:56.632+0000] {processor.py:183} INFO - Processing /home/airflow/.local/lib/python3.8/site-packages/airflow/example_dags/example_branch_operator.py took 0.098 seconds
[2024-04-15T12:13:26.864+0000] {processor.py:161} INFO - Started process (PID=1834) to work on /home/airflow/.local/lib/python3.8/site-packages/airflow/example_dags/example_branch_operator.py
[2024-04-15T12:13:26.866+0000] {processor.py:830} INFO - Processing file /home/airflow/.local/lib/python3.8/site-packages/airflow/example_dags/example_branch_operator.py for tasks to queue
[2024-04-15T12:13:26.867+0000] {logging_mixin.py:188} INFO - [2024-04-15T12:13:26.867+0000] {dagbag.py:540} INFO - Filling up the DagBag from /home/airflow/.local/lib/python3.8/site-packages/airflow/example_dags/example_branch_operator.py
[2024-04-15T12:13:26.882+0000] {processor.py:840} INFO - DAG(s) 'example_branch_operator' retrieved from /home/airflow/.local/lib/python3.8/site-packages/airflow/example_dags/example_branch_operator.py
[2024-04-15T12:13:26.911+0000] {logging_mixin.py:188} INFO - [2024-04-15T12:13:26.911+0000] {dag.py:3047} INFO - Sync 1 DAGs
[2024-04-15T12:13:26.937+0000] {logging_mixin.py:188} INFO - [2024-04-15T12:13:26.937+0000] {dag.py:3834} INFO - Setting next_dagrun for example_branch_operator to 2024-04-14 00:00:00+00:00, run_after=2024-04-15 00:00:00+00:00
[2024-04-15T12:13:26.963+0000] {processor.py:183} INFO - Processing /home/airflow/.local/lib/python3.8/site-packages/airflow/example_dags/example_branch_operator.py took 0.102 seconds
[2024-04-15T12:13:57.609+0000] {processor.py:161} INFO - Started process (PID=1889) to work on /home/airflow/.local/lib/python3.8/site-packages/airflow/example_dags/example_branch_operator.py
[2024-04-15T12:13:57.610+0000] {processor.py:830} INFO - Processing file /home/airflow/.local/lib/python3.8/site-packages/airflow/example_dags/example_branch_operator.py for tasks to queue
[2024-04-15T12:13:57.612+0000] {logging_mixin.py:188} INFO - [2024-04-15T12:13:57.611+0000] {dagbag.py:540} INFO - Filling up the DagBag from /home/airflow/.local/lib/python3.8/site-packages/airflow/example_dags/example_branch_operator.py
[2024-04-15T12:13:57.628+0000] {processor.py:840} INFO - DAG(s) 'example_branch_operator' retrieved from /home/airflow/.local/lib/python3.8/site-packages/airflow/example_dags/example_branch_operator.py
[2024-04-15T12:13:57.657+0000] {logging_mixin.py:188} INFO - [2024-04-15T12:13:57.657+0000] {dag.py:3047} INFO - Sync 1 DAGs
[2024-04-15T12:13:57.680+0000] {logging_mixin.py:188} INFO - [2024-04-15T12:13:57.680+0000] {dag.py:3834} INFO - Setting next_dagrun for example_branch_operator to 2024-04-14 00:00:00+00:00, run_after=2024-04-15 00:00:00+00:00
[2024-04-15T12:13:57.707+0000] {processor.py:183} INFO - Processing /home/airflow/.local/lib/python3.8/site-packages/airflow/example_dags/example_branch_operator.py took 0.102 seconds
[2024-04-15T12:14:27.752+0000] {processor.py:161} INFO - Started process (PID=1944) to work on /home/airflow/.local/lib/python3.8/site-packages/airflow/example_dags/example_branch_operator.py
[2024-04-15T12:14:27.754+0000] {processor.py:830} INFO - Processing file /home/airflow/.local/lib/python3.8/site-packages/airflow/example_dags/example_branch_operator.py for tasks to queue
[2024-04-15T12:14:27.755+0000] {logging_mixin.py:188} INFO - [2024-04-15T12:14:27.755+0000] {dagbag.py:540} INFO - Filling up the DagBag from /home/airflow/.local/lib/python3.8/site-packages/airflow/example_dags/example_branch_operator.py
[2024-04-15T12:14:27.772+0000] {processor.py:840} INFO - DAG(s) 'example_branch_operator' retrieved from /home/airflow/.local/lib/python3.8/site-packages/airflow/example_dags/example_branch_operator.py
[2024-04-15T12:14:27.801+0000] {logging_mixin.py:188} INFO - [2024-04-15T12:14:27.801+0000] {dag.py:3047} INFO - Sync 1 DAGs
[2024-04-15T12:14:27.826+0000] {logging_mixin.py:188} INFO - [2024-04-15T12:14:27.825+0000] {dag.py:3834} INFO - Setting next_dagrun for example_branch_operator to 2024-04-14 00:00:00+00:00, run_after=2024-04-15 00:00:00+00:00
[2024-04-15T12:14:27.854+0000] {processor.py:183} INFO - Processing /home/airflow/.local/lib/python3.8/site-packages/airflow/example_dags/example_branch_operator.py took 0.105 seconds
[2024-04-15T12:14:58.113+0000] {processor.py:161} INFO - Started process (PID=1999) to work on /home/airflow/.local/lib/python3.8/site-packages/airflow/example_dags/example_branch_operator.py
[2024-04-15T12:14:58.114+0000] {processor.py:830} INFO - Processing file /home/airflow/.local/lib/python3.8/site-packages/airflow/example_dags/example_branch_operator.py for tasks to queue
[2024-04-15T12:14:58.116+0000] {logging_mixin.py:188} INFO - [2024-04-15T12:14:58.115+0000] {dagbag.py:540} INFO - Filling up the DagBag from /home/airflow/.local/lib/python3.8/site-packages/airflow/example_dags/example_branch_operator.py
[2024-04-15T12:14:58.134+0000] {processor.py:840} INFO - DAG(s) 'example_branch_operator' retrieved from /home/airflow/.local/lib/python3.8/site-packages/airflow/example_dags/example_branch_operator.py
[2024-04-15T12:14:58.164+0000] {logging_mixin.py:188} INFO - [2024-04-15T12:14:58.164+0000] {dag.py:3047} INFO - Sync 1 DAGs
[2024-04-15T12:14:58.187+0000] {logging_mixin.py:188} INFO - [2024-04-15T12:14:58.187+0000] {dag.py:3834} INFO - Setting next_dagrun for example_branch_operator to 2024-04-14 00:00:00+00:00, run_after=2024-04-15 00:00:00+00:00
[2024-04-15T12:14:58.214+0000] {processor.py:183} INFO - Processing /home/airflow/.local/lib/python3.8/site-packages/airflow/example_dags/example_branch_operator.py took 0.105 seconds
[2024-04-15T12:15:28.580+0000] {processor.py:161} INFO - Started process (PID=2054) to work on /home/airflow/.local/lib/python3.8/site-packages/airflow/example_dags/example_branch_operator.py
[2024-04-15T12:15:28.581+0000] {processor.py:830} INFO - Processing file /home/airflow/.local/lib/python3.8/site-packages/airflow/example_dags/example_branch_operator.py for tasks to queue
[2024-04-15T12:15:28.582+0000] {logging_mixin.py:188} INFO - [2024-04-15T12:15:28.582+0000] {dagbag.py:540} INFO - Filling up the DagBag from /home/airflow/.local/lib/python3.8/site-packages/airflow/example_dags/example_branch_operator.py
[2024-04-15T12:15:28.599+0000] {processor.py:840} INFO - DAG(s) 'example_branch_operator' retrieved from /home/airflow/.local/lib/python3.8/site-packages/airflow/example_dags/example_branch_operator.py
[2024-04-15T12:15:28.631+0000] {logging_mixin.py:188} INFO - [2024-04-15T12:15:28.630+0000] {dag.py:3047} INFO - Sync 1 DAGs
[2024-04-15T12:15:28.654+0000] {logging_mixin.py:188} INFO - [2024-04-15T12:15:28.653+0000] {dag.py:3834} INFO - Setting next_dagrun for example_branch_operator to 2024-04-14 00:00:00+00:00, run_after=2024-04-15 00:00:00+00:00
[2024-04-15T12:15:28.680+0000] {processor.py:183} INFO - Processing /home/airflow/.local/lib/python3.8/site-packages/airflow/example_dags/example_branch_operator.py took 0.103 seconds
[2024-04-15T12:15:58.723+0000] {processor.py:161} INFO - Started process (PID=2109) to work on /home/airflow/.local/lib/python3.8/site-packages/airflow/example_dags/example_branch_operator.py
[2024-04-15T12:15:58.724+0000] {processor.py:830} INFO - Processing file /home/airflow/.local/lib/python3.8/site-packages/airflow/example_dags/example_branch_operator.py for tasks to queue
[2024-04-15T12:15:58.726+0000] {logging_mixin.py:188} INFO - [2024-04-15T12:15:58.725+0000] {dagbag.py:540} INFO - Filling up the DagBag from /home/airflow/.local/lib/python3.8/site-packages/airflow/example_dags/example_branch_operator.py
[2024-04-15T12:15:58.743+0000] {processor.py:840} INFO - DAG(s) 'example_branch_operator' retrieved from /home/airflow/.local/lib/python3.8/site-packages/airflow/example_dags/example_branch_operator.py
[2024-04-15T12:15:58.770+0000] {logging_mixin.py:188} INFO - [2024-04-15T12:15:58.770+0000] {dag.py:3047} INFO - Sync 1 DAGs
[2024-04-15T12:15:58.794+0000] {logging_mixin.py:188} INFO - [2024-04-15T12:15:58.794+0000] {dag.py:3834} INFO - Setting next_dagrun for example_branch_operator to 2024-04-14 00:00:00+00:00, run_after=2024-04-15 00:00:00+00:00
[2024-04-15T12:15:58.816+0000] {processor.py:183} INFO - Processing /home/airflow/.local/lib/python3.8/site-packages/airflow/example_dags/example_branch_operator.py took 0.096 seconds
[2024-04-15T12:16:29.076+0000] {processor.py:161} INFO - Started process (PID=2164) to work on /home/airflow/.local/lib/python3.8/site-packages/airflow/example_dags/example_branch_operator.py
[2024-04-15T12:16:29.078+0000] {processor.py:830} INFO - Processing file /home/airflow/.local/lib/python3.8/site-packages/airflow/example_dags/example_branch_operator.py for tasks to queue
[2024-04-15T12:16:29.079+0000] {logging_mixin.py:188} INFO - [2024-04-15T12:16:29.079+0000] {dagbag.py:540} INFO - Filling up the DagBag from /home/airflow/.local/lib/python3.8/site-packages/airflow/example_dags/example_branch_operator.py
[2024-04-15T12:16:29.098+0000] {processor.py:840} INFO - DAG(s) 'example_branch_operator' retrieved from /home/airflow/.local/lib/python3.8/site-packages/airflow/example_dags/example_branch_operator.py
[2024-04-15T12:16:29.130+0000] {logging_mixin.py:188} INFO - [2024-04-15T12:16:29.130+0000] {dag.py:3047} INFO - Sync 1 DAGs
[2024-04-15T12:16:29.153+0000] {logging_mixin.py:188} INFO - [2024-04-15T12:16:29.153+0000] {dag.py:3834} INFO - Setting next_dagrun for example_branch_operator to 2024-04-14 00:00:00+00:00, run_after=2024-04-15 00:00:00+00:00
[2024-04-15T12:16:29.178+0000] {processor.py:183} INFO - Processing /home/airflow/.local/lib/python3.8/site-packages/airflow/example_dags/example_branch_operator.py took 0.106 seconds
[2024-04-15T12:16:59.366+0000] {processor.py:161} INFO - Started process (PID=2219) to work on /home/airflow/.local/lib/python3.8/site-packages/airflow/example_dags/example_branch_operator.py
[2024-04-15T12:16:59.367+0000] {processor.py:830} INFO - Processing file /home/airflow/.local/lib/python3.8/site-packages/airflow/example_dags/example_branch_operator.py for tasks to queue
[2024-04-15T12:16:59.368+0000] {logging_mixin.py:188} INFO - [2024-04-15T12:16:59.368+0000] {dagbag.py:540} INFO - Filling up the DagBag from /home/airflow/.local/lib/python3.8/site-packages/airflow/example_dags/example_branch_operator.py
[2024-04-15T12:16:59.385+0000] {processor.py:840} INFO - DAG(s) 'example_branch_operator' retrieved from /home/airflow/.local/lib/python3.8/site-packages/airflow/example_dags/example_branch_operator.py
[2024-04-15T12:16:59.414+0000] {logging_mixin.py:188} INFO - [2024-04-15T12:16:59.414+0000] {dag.py:3047} INFO - Sync 1 DAGs
[2024-04-15T12:16:59.440+0000] {logging_mixin.py:188} INFO - [2024-04-15T12:16:59.439+0000] {dag.py:3834} INFO - Setting next_dagrun for example_branch_operator to 2024-04-14 00:00:00+00:00, run_after=2024-04-15 00:00:00+00:00
[2024-04-15T12:16:59.469+0000] {processor.py:183} INFO - Processing /home/airflow/.local/lib/python3.8/site-packages/airflow/example_dags/example_branch_operator.py took 0.107 seconds
[2024-04-15T12:17:29.796+0000] {processor.py:161} INFO - Started process (PID=2273) to work on /home/airflow/.local/lib/python3.8/site-packages/airflow/example_dags/example_branch_operator.py
[2024-04-15T12:17:29.799+0000] {processor.py:830} INFO - Processing file /home/airflow/.local/lib/python3.8/site-packages/airflow/example_dags/example_branch_operator.py for tasks to queue
[2024-04-15T12:17:29.800+0000] {logging_mixin.py:188} INFO - [2024-04-15T12:17:29.800+0000] {dagbag.py:540} INFO - Filling up the DagBag from /home/airflow/.local/lib/python3.8/site-packages/airflow/example_dags/example_branch_operator.py
[2024-04-15T12:17:29.821+0000] {processor.py:840} INFO - DAG(s) 'example_branch_operator' retrieved from /home/airflow/.local/lib/python3.8/site-packages/airflow/example_dags/example_branch_operator.py
[2024-04-15T12:17:29.850+0000] {logging_mixin.py:188} INFO - [2024-04-15T12:17:29.849+0000] {dag.py:3047} INFO - Sync 1 DAGs
[2024-04-15T12:17:29.873+0000] {logging_mixin.py:188} INFO - [2024-04-15T12:17:29.873+0000] {dag.py:3834} INFO - Setting next_dagrun for example_branch_operator to 2024-04-14 00:00:00+00:00, run_after=2024-04-15 00:00:00+00:00
[2024-04-15T12:17:29.897+0000] {processor.py:183} INFO - Processing /home/airflow/.local/lib/python3.8/site-packages/airflow/example_dags/example_branch_operator.py took 0.104 seconds
[2024-04-15T12:18:00.305+0000] {processor.py:161} INFO - Started process (PID=2328) to work on /home/airflow/.local/lib/python3.8/site-packages/airflow/example_dags/example_branch_operator.py
[2024-04-15T12:18:00.306+0000] {processor.py:830} INFO - Processing file /home/airflow/.local/lib/python3.8/site-packages/airflow/example_dags/example_branch_operator.py for tasks to queue
[2024-04-15T12:18:00.308+0000] {logging_mixin.py:188} INFO - [2024-04-15T12:18:00.308+0000] {dagbag.py:540} INFO - Filling up the DagBag from /home/airflow/.local/lib/python3.8/site-packages/airflow/example_dags/example_branch_operator.py
[2024-04-15T12:18:00.325+0000] {processor.py:840} INFO - DAG(s) 'example_branch_operator' retrieved from /home/airflow/.local/lib/python3.8/site-packages/airflow/example_dags/example_branch_operator.py
[2024-04-15T12:18:00.357+0000] {logging_mixin.py:188} INFO - [2024-04-15T12:18:00.357+0000] {dag.py:3047} INFO - Sync 1 DAGs
[2024-04-15T12:18:00.387+0000] {logging_mixin.py:188} INFO - [2024-04-15T12:18:00.387+0000] {dag.py:3834} INFO - Setting next_dagrun for example_branch_operator to 2024-04-14 00:00:00+00:00, run_after=2024-04-15 00:00:00+00:00
[2024-04-15T12:18:00.413+0000] {processor.py:183} INFO - Processing /home/airflow/.local/lib/python3.8/site-packages/airflow/example_dags/example_branch_operator.py took 0.112 seconds
[2024-04-15T12:18:30.629+0000] {processor.py:161} INFO - Started process (PID=2383) to work on /home/airflow/.local/lib/python3.8/site-packages/airflow/example_dags/example_branch_operator.py
[2024-04-15T12:18:30.631+0000] {processor.py:830} INFO - Processing file /home/airflow/.local/lib/python3.8/site-packages/airflow/example_dags/example_branch_operator.py for tasks to queue
[2024-04-15T12:18:30.632+0000] {logging_mixin.py:188} INFO - [2024-04-15T12:18:30.632+0000] {dagbag.py:540} INFO - Filling up the DagBag from /home/airflow/.local/lib/python3.8/site-packages/airflow/example_dags/example_branch_operator.py
[2024-04-15T12:18:30.648+0000] {processor.py:840} INFO - DAG(s) 'example_branch_operator' retrieved from /home/airflow/.local/lib/python3.8/site-packages/airflow/example_dags/example_branch_operator.py
[2024-04-15T12:18:30.679+0000] {logging_mixin.py:188} INFO - [2024-04-15T12:18:30.679+0000] {dag.py:3047} INFO - Sync 1 DAGs
[2024-04-15T12:18:30.702+0000] {logging_mixin.py:188} INFO - [2024-04-15T12:18:30.701+0000] {dag.py:3834} INFO - Setting next_dagrun for example_branch_operator to 2024-04-14 00:00:00+00:00, run_after=2024-04-15 00:00:00+00:00
[2024-04-15T12:18:30.728+0000] {processor.py:183} INFO - Processing /home/airflow/.local/lib/python3.8/site-packages/airflow/example_dags/example_branch_operator.py took 0.102 seconds
[2024-04-15T12:19:00.856+0000] {processor.py:161} INFO - Started process (PID=2438) to work on /home/airflow/.local/lib/python3.8/site-packages/airflow/example_dags/example_branch_operator.py
[2024-04-15T12:19:00.857+0000] {processor.py:830} INFO - Processing file /home/airflow/.local/lib/python3.8/site-packages/airflow/example_dags/example_branch_operator.py for tasks to queue
[2024-04-15T12:19:00.858+0000] {logging_mixin.py:188} INFO - [2024-04-15T12:19:00.858+0000] {dagbag.py:540} INFO - Filling up the DagBag from /home/airflow/.local/lib/python3.8/site-packages/airflow/example_dags/example_branch_operator.py
[2024-04-15T12:19:00.874+0000] {processor.py:840} INFO - DAG(s) 'example_branch_operator' retrieved from /home/airflow/.local/lib/python3.8/site-packages/airflow/example_dags/example_branch_operator.py
[2024-04-15T12:19:00.905+0000] {logging_mixin.py:188} INFO - [2024-04-15T12:19:00.904+0000] {dag.py:3047} INFO - Sync 1 DAGs
[2024-04-15T12:19:00.931+0000] {logging_mixin.py:188} INFO - [2024-04-15T12:19:00.931+0000] {dag.py:3834} INFO - Setting next_dagrun for example_branch_operator to 2024-04-14 00:00:00+00:00, run_after=2024-04-15 00:00:00+00:00
[2024-04-15T12:19:00.955+0000] {processor.py:183} INFO - Processing /home/airflow/.local/lib/python3.8/site-packages/airflow/example_dags/example_branch_operator.py took 0.103 seconds
[2024-04-15T12:19:31.119+0000] {processor.py:161} INFO - Started process (PID=2493) to work on /home/airflow/.local/lib/python3.8/site-packages/airflow/example_dags/example_branch_operator.py
[2024-04-15T12:19:31.121+0000] {processor.py:830} INFO - Processing file /home/airflow/.local/lib/python3.8/site-packages/airflow/example_dags/example_branch_operator.py for tasks to queue
[2024-04-15T12:19:31.122+0000] {logging_mixin.py:188} INFO - [2024-04-15T12:19:31.122+0000] {dagbag.py:540} INFO - Filling up the DagBag from /home/airflow/.local/lib/python3.8/site-packages/airflow/example_dags/example_branch_operator.py
[2024-04-15T12:19:31.138+0000] {processor.py:840} INFO - DAG(s) 'example_branch_operator' retrieved from /home/airflow/.local/lib/python3.8/site-packages/airflow/example_dags/example_branch_operator.py
[2024-04-15T12:19:31.167+0000] {logging_mixin.py:188} INFO - [2024-04-15T12:19:31.167+0000] {dag.py:3047} INFO - Sync 1 DAGs
[2024-04-15T12:19:31.193+0000] {logging_mixin.py:188} INFO - [2024-04-15T12:19:31.192+0000] {dag.py:3834} INFO - Setting next_dagrun for example_branch_operator to 2024-04-14 00:00:00+00:00, run_after=2024-04-15 00:00:00+00:00
[2024-04-15T12:19:31.218+0000] {processor.py:183} INFO - Processing /home/airflow/.local/lib/python3.8/site-packages/airflow/example_dags/example_branch_operator.py took 0.102 seconds
[2024-04-15T12:20:01.603+0000] {processor.py:161} INFO - Started process (PID=2548) to work on /home/airflow/.local/lib/python3.8/site-packages/airflow/example_dags/example_branch_operator.py
[2024-04-15T12:20:01.604+0000] {processor.py:830} INFO - Processing file /home/airflow/.local/lib/python3.8/site-packages/airflow/example_dags/example_branch_operator.py for tasks to queue
[2024-04-15T12:20:01.606+0000] {logging_mixin.py:188} INFO - [2024-04-15T12:20:01.605+0000] {dagbag.py:540} INFO - Filling up the DagBag from /home/airflow/.local/lib/python3.8/site-packages/airflow/example_dags/example_branch_operator.py
[2024-04-15T12:20:01.625+0000] {processor.py:840} INFO - DAG(s) 'example_branch_operator' retrieved from /home/airflow/.local/lib/python3.8/site-packages/airflow/example_dags/example_branch_operator.py
[2024-04-15T12:20:01.654+0000] {logging_mixin.py:188} INFO - [2024-04-15T12:20:01.654+0000] {dag.py:3047} INFO - Sync 1 DAGs
[2024-04-15T12:20:01.679+0000] {logging_mixin.py:188} INFO - [2024-04-15T12:20:01.679+0000] {dag.py:3834} INFO - Setting next_dagrun for example_branch_operator to 2024-04-14 00:00:00+00:00, run_after=2024-04-15 00:00:00+00:00
[2024-04-15T12:20:01.706+0000] {processor.py:183} INFO - Processing /home/airflow/.local/lib/python3.8/site-packages/airflow/example_dags/example_branch_operator.py took 0.106 seconds
[2024-04-15T12:26:48.736+0000] {processor.py:161} INFO - Started process (PID=2603) to work on /home/airflow/.local/lib/python3.8/site-packages/airflow/example_dags/example_branch_operator.py
[2024-04-15T12:26:48.738+0000] {processor.py:830} INFO - Processing file /home/airflow/.local/lib/python3.8/site-packages/airflow/example_dags/example_branch_operator.py for tasks to queue
[2024-04-15T12:26:48.740+0000] {logging_mixin.py:188} INFO - [2024-04-15T12:26:48.739+0000] {dagbag.py:540} INFO - Filling up the DagBag from /home/airflow/.local/lib/python3.8/site-packages/airflow/example_dags/example_branch_operator.py
[2024-04-15T12:26:48.762+0000] {processor.py:840} INFO - DAG(s) 'example_branch_operator' retrieved from /home/airflow/.local/lib/python3.8/site-packages/airflow/example_dags/example_branch_operator.py
[2024-04-15T12:26:48.799+0000] {logging_mixin.py:188} INFO - [2024-04-15T12:26:48.799+0000] {dag.py:3047} INFO - Sync 1 DAGs
[2024-04-15T12:26:48.823+0000] {logging_mixin.py:188} INFO - [2024-04-15T12:26:48.823+0000] {dag.py:3834} INFO - Setting next_dagrun for example_branch_operator to 2024-04-14 00:00:00+00:00, run_after=2024-04-15 00:00:00+00:00
[2024-04-15T12:26:48.850+0000] {processor.py:183} INFO - Processing /home/airflow/.local/lib/python3.8/site-packages/airflow/example_dags/example_branch_operator.py took 0.117 seconds
[2024-04-15T12:27:19.600+0000] {processor.py:161} INFO - Started process (PID=2658) to work on /home/airflow/.local/lib/python3.8/site-packages/airflow/example_dags/example_branch_operator.py
[2024-04-15T12:27:19.602+0000] {processor.py:830} INFO - Processing file /home/airflow/.local/lib/python3.8/site-packages/airflow/example_dags/example_branch_operator.py for tasks to queue
[2024-04-15T12:27:19.603+0000] {logging_mixin.py:188} INFO - [2024-04-15T12:27:19.603+0000] {dagbag.py:540} INFO - Filling up the DagBag from /home/airflow/.local/lib/python3.8/site-packages/airflow/example_dags/example_branch_operator.py
[2024-04-15T12:27:19.622+0000] {processor.py:840} INFO - DAG(s) 'example_branch_operator' retrieved from /home/airflow/.local/lib/python3.8/site-packages/airflow/example_dags/example_branch_operator.py
[2024-04-15T12:27:19.654+0000] {logging_mixin.py:188} INFO - [2024-04-15T12:27:19.654+0000] {dag.py:3047} INFO - Sync 1 DAGs
[2024-04-15T12:27:19.679+0000] {logging_mixin.py:188} INFO - [2024-04-15T12:27:19.678+0000] {dag.py:3834} INFO - Setting next_dagrun for example_branch_operator to 2024-04-14 00:00:00+00:00, run_after=2024-04-15 00:00:00+00:00
[2024-04-15T12:27:19.701+0000] {processor.py:183} INFO - Processing /home/airflow/.local/lib/python3.8/site-packages/airflow/example_dags/example_branch_operator.py took 0.106 seconds
[2024-04-15T12:27:50.044+0000] {processor.py:161} INFO - Started process (PID=2713) to work on /home/airflow/.local/lib/python3.8/site-packages/airflow/example_dags/example_branch_operator.py
[2024-04-15T12:27:50.046+0000] {processor.py:830} INFO - Processing file /home/airflow/.local/lib/python3.8/site-packages/airflow/example_dags/example_branch_operator.py for tasks to queue
[2024-04-15T12:27:50.047+0000] {logging_mixin.py:188} INFO - [2024-04-15T12:27:50.046+0000] {dagbag.py:540} INFO - Filling up the DagBag from /home/airflow/.local/lib/python3.8/site-packages/airflow/example_dags/example_branch_operator.py
[2024-04-15T12:27:50.065+0000] {processor.py:840} INFO - DAG(s) 'example_branch_operator' retrieved from /home/airflow/.local/lib/python3.8/site-packages/airflow/example_dags/example_branch_operator.py
[2024-04-15T12:27:50.096+0000] {logging_mixin.py:188} INFO - [2024-04-15T12:27:50.096+0000] {dag.py:3047} INFO - Sync 1 DAGs
[2024-04-15T12:27:50.121+0000] {logging_mixin.py:188} INFO - [2024-04-15T12:27:50.120+0000] {dag.py:3834} INFO - Setting next_dagrun for example_branch_operator to 2024-04-14 00:00:00+00:00, run_after=2024-04-15 00:00:00+00:00
[2024-04-15T12:27:50.147+0000] {processor.py:183} INFO - Processing /home/airflow/.local/lib/python3.8/site-packages/airflow/example_dags/example_branch_operator.py took 0.106 seconds
[2024-04-15T12:28:20.734+0000] {processor.py:161} INFO - Started process (PID=2768) to work on /home/airflow/.local/lib/python3.8/site-packages/airflow/example_dags/example_branch_operator.py
[2024-04-15T12:28:20.735+0000] {processor.py:830} INFO - Processing file /home/airflow/.local/lib/python3.8/site-packages/airflow/example_dags/example_branch_operator.py for tasks to queue
[2024-04-15T12:28:20.737+0000] {logging_mixin.py:188} INFO - [2024-04-15T12:28:20.736+0000] {dagbag.py:540} INFO - Filling up the DagBag from /home/airflow/.local/lib/python3.8/site-packages/airflow/example_dags/example_branch_operator.py
[2024-04-15T12:28:20.753+0000] {processor.py:840} INFO - DAG(s) 'example_branch_operator' retrieved from /home/airflow/.local/lib/python3.8/site-packages/airflow/example_dags/example_branch_operator.py
[2024-04-15T12:28:20.785+0000] {logging_mixin.py:188} INFO - [2024-04-15T12:28:20.785+0000] {dag.py:3047} INFO - Sync 1 DAGs
[2024-04-15T12:28:20.809+0000] {logging_mixin.py:188} INFO - [2024-04-15T12:28:20.808+0000] {dag.py:3834} INFO - Setting next_dagrun for example_branch_operator to 2024-04-14 00:00:00+00:00, run_after=2024-04-15 00:00:00+00:00
[2024-04-15T12:28:20.835+0000] {processor.py:183} INFO - Processing /home/airflow/.local/lib/python3.8/site-packages/airflow/example_dags/example_branch_operator.py took 0.105 seconds
[2024-04-15T12:28:51.805+0000] {processor.py:161} INFO - Started process (PID=2824) to work on /home/airflow/.local/lib/python3.8/site-packages/airflow/example_dags/example_branch_operator.py
[2024-04-15T12:28:51.807+0000] {processor.py:830} INFO - Processing file /home/airflow/.local/lib/python3.8/site-packages/airflow/example_dags/example_branch_operator.py for tasks to queue
[2024-04-15T12:28:51.808+0000] {logging_mixin.py:188} INFO - [2024-04-15T12:28:51.808+0000] {dagbag.py:540} INFO - Filling up the DagBag from /home/airflow/.local/lib/python3.8/site-packages/airflow/example_dags/example_branch_operator.py
[2024-04-15T12:28:51.825+0000] {processor.py:840} INFO - DAG(s) 'example_branch_operator' retrieved from /home/airflow/.local/lib/python3.8/site-packages/airflow/example_dags/example_branch_operator.py
[2024-04-15T12:28:51.854+0000] {logging_mixin.py:188} INFO - [2024-04-15T12:28:51.854+0000] {dag.py:3047} INFO - Sync 1 DAGs
[2024-04-15T12:28:51.880+0000] {logging_mixin.py:188} INFO - [2024-04-15T12:28:51.880+0000] {dag.py:3834} INFO - Setting next_dagrun for example_branch_operator to 2024-04-14 00:00:00+00:00, run_after=2024-04-15 00:00:00+00:00
[2024-04-15T12:28:51.907+0000] {processor.py:183} INFO - Processing /home/airflow/.local/lib/python3.8/site-packages/airflow/example_dags/example_branch_operator.py took 0.105 seconds
[2024-04-15T12:29:22.437+0000] {processor.py:161} INFO - Started process (PID=2879) to work on /home/airflow/.local/lib/python3.8/site-packages/airflow/example_dags/example_branch_operator.py
[2024-04-15T12:29:22.439+0000] {processor.py:830} INFO - Processing file /home/airflow/.local/lib/python3.8/site-packages/airflow/example_dags/example_branch_operator.py for tasks to queue
[2024-04-15T12:29:22.440+0000] {logging_mixin.py:188} INFO - [2024-04-15T12:29:22.440+0000] {dagbag.py:540} INFO - Filling up the DagBag from /home/airflow/.local/lib/python3.8/site-packages/airflow/example_dags/example_branch_operator.py
[2024-04-15T12:29:22.456+0000] {processor.py:840} INFO - DAG(s) 'example_branch_operator' retrieved from /home/airflow/.local/lib/python3.8/site-packages/airflow/example_dags/example_branch_operator.py
[2024-04-15T12:29:22.492+0000] {logging_mixin.py:188} INFO - [2024-04-15T12:29:22.492+0000] {dag.py:3047} INFO - Sync 1 DAGs
[2024-04-15T12:29:22.517+0000] {logging_mixin.py:188} INFO - [2024-04-15T12:29:22.516+0000] {dag.py:3834} INFO - Setting next_dagrun for example_branch_operator to 2024-04-14 00:00:00+00:00, run_after=2024-04-15 00:00:00+00:00
[2024-04-15T12:29:22.546+0000] {processor.py:183} INFO - Processing /home/airflow/.local/lib/python3.8/site-packages/airflow/example_dags/example_branch_operator.py took 0.112 seconds
[2024-04-15T12:29:53.261+0000] {processor.py:161} INFO - Started process (PID=2934) to work on /home/airflow/.local/lib/python3.8/site-packages/airflow/example_dags/example_branch_operator.py
[2024-04-15T12:29:53.262+0000] {processor.py:830} INFO - Processing file /home/airflow/.local/lib/python3.8/site-packages/airflow/example_dags/example_branch_operator.py for tasks to queue
[2024-04-15T12:29:53.264+0000] {logging_mixin.py:188} INFO - [2024-04-15T12:29:53.264+0000] {dagbag.py:540} INFO - Filling up the DagBag from /home/airflow/.local/lib/python3.8/site-packages/airflow/example_dags/example_branch_operator.py
[2024-04-15T12:29:53.282+0000] {processor.py:840} INFO - DAG(s) 'example_branch_operator' retrieved from /home/airflow/.local/lib/python3.8/site-packages/airflow/example_dags/example_branch_operator.py
[2024-04-15T12:29:53.311+0000] {logging_mixin.py:188} INFO - [2024-04-15T12:29:53.311+0000] {dag.py:3047} INFO - Sync 1 DAGs
[2024-04-15T12:29:53.335+0000] {logging_mixin.py:188} INFO - [2024-04-15T12:29:53.335+0000] {dag.py:3834} INFO - Setting next_dagrun for example_branch_operator to 2024-04-14 00:00:00+00:00, run_after=2024-04-15 00:00:00+00:00
[2024-04-15T12:29:53.360+0000] {processor.py:183} INFO - Processing /home/airflow/.local/lib/python3.8/site-packages/airflow/example_dags/example_branch_operator.py took 0.102 seconds
[2024-04-15T12:30:23.771+0000] {processor.py:161} INFO - Started process (PID=2989) to work on /home/airflow/.local/lib/python3.8/site-packages/airflow/example_dags/example_branch_operator.py
[2024-04-15T12:30:23.772+0000] {processor.py:830} INFO - Processing file /home/airflow/.local/lib/python3.8/site-packages/airflow/example_dags/example_branch_operator.py for tasks to queue
[2024-04-15T12:30:23.773+0000] {logging_mixin.py:188} INFO - [2024-04-15T12:30:23.773+0000] {dagbag.py:540} INFO - Filling up the DagBag from /home/airflow/.local/lib/python3.8/site-packages/airflow/example_dags/example_branch_operator.py
[2024-04-15T12:30:23.790+0000] {processor.py:840} INFO - DAG(s) 'example_branch_operator' retrieved from /home/airflow/.local/lib/python3.8/site-packages/airflow/example_dags/example_branch_operator.py
[2024-04-15T12:30:23.835+0000] {logging_mixin.py:188} INFO - [2024-04-15T12:30:23.834+0000] {dag.py:3047} INFO - Sync 1 DAGs
[2024-04-15T12:30:23.861+0000] {logging_mixin.py:188} INFO - [2024-04-15T12:30:23.861+0000] {dag.py:3834} INFO - Setting next_dagrun for example_branch_operator to 2024-04-14 00:00:00+00:00, run_after=2024-04-15 00:00:00+00:00
[2024-04-15T12:30:23.885+0000] {processor.py:183} INFO - Processing /home/airflow/.local/lib/python3.8/site-packages/airflow/example_dags/example_branch_operator.py took 0.117 seconds
[2024-04-15T12:30:54.294+0000] {processor.py:161} INFO - Started process (PID=3044) to work on /home/airflow/.local/lib/python3.8/site-packages/airflow/example_dags/example_branch_operator.py
[2024-04-15T12:30:54.296+0000] {processor.py:830} INFO - Processing file /home/airflow/.local/lib/python3.8/site-packages/airflow/example_dags/example_branch_operator.py for tasks to queue
[2024-04-15T12:30:54.298+0000] {logging_mixin.py:188} INFO - [2024-04-15T12:30:54.297+0000] {dagbag.py:540} INFO - Filling up the DagBag from /home/airflow/.local/lib/python3.8/site-packages/airflow/example_dags/example_branch_operator.py
[2024-04-15T12:30:54.320+0000] {processor.py:840} INFO - DAG(s) 'example_branch_operator' retrieved from /home/airflow/.local/lib/python3.8/site-packages/airflow/example_dags/example_branch_operator.py
[2024-04-15T12:30:54.348+0000] {logging_mixin.py:188} INFO - [2024-04-15T12:30:54.348+0000] {dag.py:3047} INFO - Sync 1 DAGs
[2024-04-15T12:30:54.372+0000] {logging_mixin.py:188} INFO - [2024-04-15T12:30:54.372+0000] {dag.py:3834} INFO - Setting next_dagrun for example_branch_operator to 2024-04-14 00:00:00+00:00, run_after=2024-04-15 00:00:00+00:00
[2024-04-15T12:30:54.397+0000] {processor.py:183} INFO - Processing /home/airflow/.local/lib/python3.8/site-packages/airflow/example_dags/example_branch_operator.py took 0.107 seconds
[2024-04-15T12:31:24.798+0000] {processor.py:161} INFO - Started process (PID=3099) to work on /home/airflow/.local/lib/python3.8/site-packages/airflow/example_dags/example_branch_operator.py
[2024-04-15T12:31:24.799+0000] {processor.py:830} INFO - Processing file /home/airflow/.local/lib/python3.8/site-packages/airflow/example_dags/example_branch_operator.py for tasks to queue
[2024-04-15T12:31:24.801+0000] {logging_mixin.py:188} INFO - [2024-04-15T12:31:24.800+0000] {dagbag.py:540} INFO - Filling up the DagBag from /home/airflow/.local/lib/python3.8/site-packages/airflow/example_dags/example_branch_operator.py
[2024-04-15T12:31:24.817+0000] {processor.py:840} INFO - DAG(s) 'example_branch_operator' retrieved from /home/airflow/.local/lib/python3.8/site-packages/airflow/example_dags/example_branch_operator.py
[2024-04-15T12:31:24.845+0000] {logging_mixin.py:188} INFO - [2024-04-15T12:31:24.845+0000] {dag.py:3047} INFO - Sync 1 DAGs
[2024-04-15T12:31:24.867+0000] {logging_mixin.py:188} INFO - [2024-04-15T12:31:24.867+0000] {dag.py:3834} INFO - Setting next_dagrun for example_branch_operator to 2024-04-14 00:00:00+00:00, run_after=2024-04-15 00:00:00+00:00
[2024-04-15T12:31:24.893+0000] {processor.py:183} INFO - Processing /home/airflow/.local/lib/python3.8/site-packages/airflow/example_dags/example_branch_operator.py took 0.098 seconds
[2024-04-15T12:31:55.350+0000] {processor.py:161} INFO - Started process (PID=3154) to work on /home/airflow/.local/lib/python3.8/site-packages/airflow/example_dags/example_branch_operator.py
[2024-04-15T12:31:55.352+0000] {processor.py:830} INFO - Processing file /home/airflow/.local/lib/python3.8/site-packages/airflow/example_dags/example_branch_operator.py for tasks to queue
[2024-04-15T12:31:55.354+0000] {logging_mixin.py:188} INFO - [2024-04-15T12:31:55.354+0000] {dagbag.py:540} INFO - Filling up the DagBag from /home/airflow/.local/lib/python3.8/site-packages/airflow/example_dags/example_branch_operator.py
[2024-04-15T12:31:55.374+0000] {processor.py:840} INFO - DAG(s) 'example_branch_operator' retrieved from /home/airflow/.local/lib/python3.8/site-packages/airflow/example_dags/example_branch_operator.py
[2024-04-15T12:31:55.408+0000] {logging_mixin.py:188} INFO - [2024-04-15T12:31:55.408+0000] {dag.py:3047} INFO - Sync 1 DAGs
[2024-04-15T12:31:55.437+0000] {logging_mixin.py:188} INFO - [2024-04-15T12:31:55.436+0000] {dag.py:3834} INFO - Setting next_dagrun for example_branch_operator to 2024-04-14 00:00:00+00:00, run_after=2024-04-15 00:00:00+00:00
[2024-04-15T12:31:55.462+0000] {processor.py:183} INFO - Processing /home/airflow/.local/lib/python3.8/site-packages/airflow/example_dags/example_branch_operator.py took 0.116 seconds
[2024-04-15T12:34:42.525+0000] {processor.py:161} INFO - Started process (PID=3209) to work on /home/airflow/.local/lib/python3.8/site-packages/airflow/example_dags/example_branch_operator.py
[2024-04-15T12:34:42.527+0000] {processor.py:830} INFO - Processing file /home/airflow/.local/lib/python3.8/site-packages/airflow/example_dags/example_branch_operator.py for tasks to queue
[2024-04-15T12:34:42.528+0000] {logging_mixin.py:188} INFO - [2024-04-15T12:34:42.528+0000] {dagbag.py:540} INFO - Filling up the DagBag from /home/airflow/.local/lib/python3.8/site-packages/airflow/example_dags/example_branch_operator.py
[2024-04-15T12:34:42.546+0000] {processor.py:840} INFO - DAG(s) 'example_branch_operator' retrieved from /home/airflow/.local/lib/python3.8/site-packages/airflow/example_dags/example_branch_operator.py
[2024-04-15T12:34:42.575+0000] {logging_mixin.py:188} INFO - [2024-04-15T12:34:42.574+0000] {dag.py:3047} INFO - Sync 1 DAGs
[2024-04-15T12:34:42.597+0000] {logging_mixin.py:188} INFO - [2024-04-15T12:34:42.597+0000] {dag.py:3834} INFO - Setting next_dagrun for example_branch_operator to 2024-04-14 00:00:00+00:00, run_after=2024-04-15 00:00:00+00:00
[2024-04-15T12:34:42.735+0000] {processor.py:183} INFO - Processing /home/airflow/.local/lib/python3.8/site-packages/airflow/example_dags/example_branch_operator.py took 0.214 seconds
[2024-04-15T12:35:13.446+0000] {processor.py:161} INFO - Started process (PID=3265) to work on /home/airflow/.local/lib/python3.8/site-packages/airflow/example_dags/example_branch_operator.py
[2024-04-15T12:35:13.448+0000] {processor.py:830} INFO - Processing file /home/airflow/.local/lib/python3.8/site-packages/airflow/example_dags/example_branch_operator.py for tasks to queue
[2024-04-15T12:35:13.450+0000] {logging_mixin.py:188} INFO - [2024-04-15T12:35:13.449+0000] {dagbag.py:540} INFO - Filling up the DagBag from /home/airflow/.local/lib/python3.8/site-packages/airflow/example_dags/example_branch_operator.py
[2024-04-15T12:35:13.467+0000] {processor.py:840} INFO - DAG(s) 'example_branch_operator' retrieved from /home/airflow/.local/lib/python3.8/site-packages/airflow/example_dags/example_branch_operator.py
[2024-04-15T12:35:13.494+0000] {logging_mixin.py:188} INFO - [2024-04-15T12:35:13.494+0000] {dag.py:3047} INFO - Sync 1 DAGs
[2024-04-15T12:35:13.517+0000] {logging_mixin.py:188} INFO - [2024-04-15T12:35:13.517+0000] {dag.py:3834} INFO - Setting next_dagrun for example_branch_operator to 2024-04-14 00:00:00+00:00, run_after=2024-04-15 00:00:00+00:00
[2024-04-15T12:35:13.540+0000] {processor.py:183} INFO - Processing /home/airflow/.local/lib/python3.8/site-packages/airflow/example_dags/example_branch_operator.py took 0.098 seconds
[2024-04-15T12:35:44.937+0000] {processor.py:161} INFO - Started process (PID=3319) to work on /home/airflow/.local/lib/python3.8/site-packages/airflow/example_dags/example_branch_operator.py
[2024-04-15T12:35:44.938+0000] {processor.py:830} INFO - Processing file /home/airflow/.local/lib/python3.8/site-packages/airflow/example_dags/example_branch_operator.py for tasks to queue
[2024-04-15T12:35:44.939+0000] {logging_mixin.py:188} INFO - [2024-04-15T12:35:44.938+0000] {dagbag.py:540} INFO - Filling up the DagBag from /home/airflow/.local/lib/python3.8/site-packages/airflow/example_dags/example_branch_operator.py
[2024-04-15T12:35:44.956+0000] {processor.py:840} INFO - DAG(s) 'example_branch_operator' retrieved from /home/airflow/.local/lib/python3.8/site-packages/airflow/example_dags/example_branch_operator.py
[2024-04-15T12:35:44.986+0000] {logging_mixin.py:188} INFO - [2024-04-15T12:35:44.986+0000] {dag.py:3047} INFO - Sync 1 DAGs
[2024-04-15T12:35:45.014+0000] {logging_mixin.py:188} INFO - [2024-04-15T12:35:45.014+0000] {dag.py:3834} INFO - Setting next_dagrun for example_branch_operator to 2024-04-14 00:00:00+00:00, run_after=2024-04-15 00:00:00+00:00
[2024-04-15T12:35:45.041+0000] {processor.py:183} INFO - Processing /home/airflow/.local/lib/python3.8/site-packages/airflow/example_dags/example_branch_operator.py took 0.107 seconds
[2024-04-15T12:36:16.521+0000] {processor.py:161} INFO - Started process (PID=3374) to work on /home/airflow/.local/lib/python3.8/site-packages/airflow/example_dags/example_branch_operator.py
[2024-04-15T12:36:16.523+0000] {processor.py:830} INFO - Processing file /home/airflow/.local/lib/python3.8/site-packages/airflow/example_dags/example_branch_operator.py for tasks to queue
[2024-04-15T12:36:16.524+0000] {logging_mixin.py:188} INFO - [2024-04-15T12:36:16.524+0000] {dagbag.py:540} INFO - Filling up the DagBag from /home/airflow/.local/lib/python3.8/site-packages/airflow/example_dags/example_branch_operator.py
[2024-04-15T12:36:16.539+0000] {processor.py:840} INFO - DAG(s) 'example_branch_operator' retrieved from /home/airflow/.local/lib/python3.8/site-packages/airflow/example_dags/example_branch_operator.py
[2024-04-15T12:36:16.574+0000] {logging_mixin.py:188} INFO - [2024-04-15T12:36:16.573+0000] {dag.py:3047} INFO - Sync 1 DAGs
[2024-04-15T12:36:16.599+0000] {logging_mixin.py:188} INFO - [2024-04-15T12:36:16.599+0000] {dag.py:3834} INFO - Setting next_dagrun for example_branch_operator to 2024-04-14 00:00:00+00:00, run_after=2024-04-15 00:00:00+00:00
[2024-04-15T12:36:16.623+0000] {processor.py:183} INFO - Processing /home/airflow/.local/lib/python3.8/site-packages/airflow/example_dags/example_branch_operator.py took 0.105 seconds
[2024-04-15T12:36:47.844+0000] {processor.py:161} INFO - Started process (PID=3429) to work on /home/airflow/.local/lib/python3.8/site-packages/airflow/example_dags/example_branch_operator.py
[2024-04-15T12:36:47.845+0000] {processor.py:830} INFO - Processing file /home/airflow/.local/lib/python3.8/site-packages/airflow/example_dags/example_branch_operator.py for tasks to queue
[2024-04-15T12:36:47.846+0000] {logging_mixin.py:188} INFO - [2024-04-15T12:36:47.846+0000] {dagbag.py:540} INFO - Filling up the DagBag from /home/airflow/.local/lib/python3.8/site-packages/airflow/example_dags/example_branch_operator.py
[2024-04-15T12:36:47.868+0000] {processor.py:840} INFO - DAG(s) 'example_branch_operator' retrieved from /home/airflow/.local/lib/python3.8/site-packages/airflow/example_dags/example_branch_operator.py
[2024-04-15T12:36:47.998+0000] {logging_mixin.py:188} INFO - [2024-04-15T12:36:47.997+0000] {dag.py:3047} INFO - Sync 1 DAGs
[2024-04-15T12:36:48.020+0000] {logging_mixin.py:188} INFO - [2024-04-15T12:36:48.020+0000] {dag.py:3834} INFO - Setting next_dagrun for example_branch_operator to 2024-04-14 00:00:00+00:00, run_after=2024-04-15 00:00:00+00:00
[2024-04-15T12:36:48.043+0000] {processor.py:183} INFO - Processing /home/airflow/.local/lib/python3.8/site-packages/airflow/example_dags/example_branch_operator.py took 0.203 seconds
[2024-04-15T12:37:18.224+0000] {processor.py:161} INFO - Started process (PID=3484) to work on /home/airflow/.local/lib/python3.8/site-packages/airflow/example_dags/example_branch_operator.py
[2024-04-15T12:37:18.226+0000] {processor.py:830} INFO - Processing file /home/airflow/.local/lib/python3.8/site-packages/airflow/example_dags/example_branch_operator.py for tasks to queue
[2024-04-15T12:37:18.227+0000] {logging_mixin.py:188} INFO - [2024-04-15T12:37:18.227+0000] {dagbag.py:540} INFO - Filling up the DagBag from /home/airflow/.local/lib/python3.8/site-packages/airflow/example_dags/example_branch_operator.py
[2024-04-15T12:37:18.242+0000] {processor.py:840} INFO - DAG(s) 'example_branch_operator' retrieved from /home/airflow/.local/lib/python3.8/site-packages/airflow/example_dags/example_branch_operator.py
[2024-04-15T12:37:18.270+0000] {logging_mixin.py:188} INFO - [2024-04-15T12:37:18.270+0000] {dag.py:3047} INFO - Sync 1 DAGs
[2024-04-15T12:37:18.404+0000] {logging_mixin.py:188} INFO - [2024-04-15T12:37:18.404+0000] {dag.py:3834} INFO - Setting next_dagrun for example_branch_operator to 2024-04-14 00:00:00+00:00, run_after=2024-04-15 00:00:00+00:00
[2024-04-15T12:37:18.429+0000] {processor.py:183} INFO - Processing /home/airflow/.local/lib/python3.8/site-packages/airflow/example_dags/example_branch_operator.py took 0.208 seconds
[2024-04-15T12:43:03.441+0000] {processor.py:161} INFO - Started process (PID=3539) to work on /home/airflow/.local/lib/python3.8/site-packages/airflow/example_dags/example_branch_operator.py
[2024-04-15T12:43:03.442+0000] {processor.py:830} INFO - Processing file /home/airflow/.local/lib/python3.8/site-packages/airflow/example_dags/example_branch_operator.py for tasks to queue
[2024-04-15T12:43:03.443+0000] {logging_mixin.py:188} INFO - [2024-04-15T12:43:03.443+0000] {dagbag.py:540} INFO - Filling up the DagBag from /home/airflow/.local/lib/python3.8/site-packages/airflow/example_dags/example_branch_operator.py
[2024-04-15T12:43:03.459+0000] {processor.py:840} INFO - DAG(s) 'example_branch_operator' retrieved from /home/airflow/.local/lib/python3.8/site-packages/airflow/example_dags/example_branch_operator.py
[2024-04-15T12:43:03.488+0000] {logging_mixin.py:188} INFO - [2024-04-15T12:43:03.487+0000] {dag.py:3047} INFO - Sync 1 DAGs
[2024-04-15T12:43:03.626+0000] {logging_mixin.py:188} INFO - [2024-04-15T12:43:03.626+0000] {dag.py:3834} INFO - Setting next_dagrun for example_branch_operator to 2024-04-14 00:00:00+00:00, run_after=2024-04-15 00:00:00+00:00
[2024-04-15T12:43:03.653+0000] {processor.py:183} INFO - Processing /home/airflow/.local/lib/python3.8/site-packages/airflow/example_dags/example_branch_operator.py took 0.215 seconds
[2024-04-15T12:43:35.421+0000] {processor.py:161} INFO - Started process (PID=3594) to work on /home/airflow/.local/lib/python3.8/site-packages/airflow/example_dags/example_branch_operator.py
[2024-04-15T12:43:35.423+0000] {processor.py:830} INFO - Processing file /home/airflow/.local/lib/python3.8/site-packages/airflow/example_dags/example_branch_operator.py for tasks to queue
[2024-04-15T12:43:35.424+0000] {logging_mixin.py:188} INFO - [2024-04-15T12:43:35.424+0000] {dagbag.py:540} INFO - Filling up the DagBag from /home/airflow/.local/lib/python3.8/site-packages/airflow/example_dags/example_branch_operator.py
[2024-04-15T12:43:35.448+0000] {processor.py:840} INFO - DAG(s) 'example_branch_operator' retrieved from /home/airflow/.local/lib/python3.8/site-packages/airflow/example_dags/example_branch_operator.py
[2024-04-15T12:43:35.481+0000] {logging_mixin.py:188} INFO - [2024-04-15T12:43:35.480+0000] {dag.py:3047} INFO - Sync 1 DAGs
[2024-04-15T12:43:35.503+0000] {logging_mixin.py:188} INFO - [2024-04-15T12:43:35.503+0000] {dag.py:3834} INFO - Setting next_dagrun for example_branch_operator to 2024-04-14 00:00:00+00:00, run_after=2024-04-15 00:00:00+00:00
[2024-04-15T12:43:35.530+0000] {processor.py:183} INFO - Processing /home/airflow/.local/lib/python3.8/site-packages/airflow/example_dags/example_branch_operator.py took 0.118 seconds
[2024-04-15T12:44:06.237+0000] {processor.py:161} INFO - Started process (PID=3649) to work on /home/airflow/.local/lib/python3.8/site-packages/airflow/example_dags/example_branch_operator.py
[2024-04-15T12:44:06.239+0000] {processor.py:830} INFO - Processing file /home/airflow/.local/lib/python3.8/site-packages/airflow/example_dags/example_branch_operator.py for tasks to queue
[2024-04-15T12:44:06.240+0000] {logging_mixin.py:188} INFO - [2024-04-15T12:44:06.240+0000] {dagbag.py:540} INFO - Filling up the DagBag from /home/airflow/.local/lib/python3.8/site-packages/airflow/example_dags/example_branch_operator.py
[2024-04-15T12:44:06.256+0000] {processor.py:840} INFO - DAG(s) 'example_branch_operator' retrieved from /home/airflow/.local/lib/python3.8/site-packages/airflow/example_dags/example_branch_operator.py
[2024-04-15T12:44:06.289+0000] {logging_mixin.py:188} INFO - [2024-04-15T12:44:06.289+0000] {dag.py:3047} INFO - Sync 1 DAGs
[2024-04-15T12:44:06.319+0000] {logging_mixin.py:188} INFO - [2024-04-15T12:44:06.318+0000] {dag.py:3834} INFO - Setting next_dagrun for example_branch_operator to 2024-04-14 00:00:00+00:00, run_after=2024-04-15 00:00:00+00:00
[2024-04-15T12:44:06.343+0000] {processor.py:183} INFO - Processing /home/airflow/.local/lib/python3.8/site-packages/airflow/example_dags/example_branch_operator.py took 0.109 seconds
[2024-04-15T12:44:36.561+0000] {processor.py:161} INFO - Started process (PID=3704) to work on /home/airflow/.local/lib/python3.8/site-packages/airflow/example_dags/example_branch_operator.py
[2024-04-15T12:44:36.562+0000] {processor.py:830} INFO - Processing file /home/airflow/.local/lib/python3.8/site-packages/airflow/example_dags/example_branch_operator.py for tasks to queue
[2024-04-15T12:44:36.564+0000] {logging_mixin.py:188} INFO - [2024-04-15T12:44:36.564+0000] {dagbag.py:540} INFO - Filling up the DagBag from /home/airflow/.local/lib/python3.8/site-packages/airflow/example_dags/example_branch_operator.py
[2024-04-15T12:44:36.580+0000] {processor.py:840} INFO - DAG(s) 'example_branch_operator' retrieved from /home/airflow/.local/lib/python3.8/site-packages/airflow/example_dags/example_branch_operator.py
[2024-04-15T12:44:36.611+0000] {logging_mixin.py:188} INFO - [2024-04-15T12:44:36.610+0000] {dag.py:3047} INFO - Sync 1 DAGs
[2024-04-15T12:44:36.636+0000] {logging_mixin.py:188} INFO - [2024-04-15T12:44:36.636+0000] {dag.py:3834} INFO - Setting next_dagrun for example_branch_operator to 2024-04-14 00:00:00+00:00, run_after=2024-04-15 00:00:00+00:00
[2024-04-15T12:44:36.660+0000] {processor.py:183} INFO - Processing /home/airflow/.local/lib/python3.8/site-packages/airflow/example_dags/example_branch_operator.py took 0.102 seconds
[2024-04-15T12:45:06.760+0000] {processor.py:161} INFO - Started process (PID=3759) to work on /home/airflow/.local/lib/python3.8/site-packages/airflow/example_dags/example_branch_operator.py
[2024-04-15T12:45:06.762+0000] {processor.py:830} INFO - Processing file /home/airflow/.local/lib/python3.8/site-packages/airflow/example_dags/example_branch_operator.py for tasks to queue
[2024-04-15T12:45:06.763+0000] {logging_mixin.py:188} INFO - [2024-04-15T12:45:06.763+0000] {dagbag.py:540} INFO - Filling up the DagBag from /home/airflow/.local/lib/python3.8/site-packages/airflow/example_dags/example_branch_operator.py
[2024-04-15T12:45:06.781+0000] {processor.py:840} INFO - DAG(s) 'example_branch_operator' retrieved from /home/airflow/.local/lib/python3.8/site-packages/airflow/example_dags/example_branch_operator.py
[2024-04-15T12:45:06.813+0000] {logging_mixin.py:188} INFO - [2024-04-15T12:45:06.812+0000] {dag.py:3047} INFO - Sync 1 DAGs
[2024-04-15T12:45:06.838+0000] {logging_mixin.py:188} INFO - [2024-04-15T12:45:06.838+0000] {dag.py:3834} INFO - Setting next_dagrun for example_branch_operator to 2024-04-14 00:00:00+00:00, run_after=2024-04-15 00:00:00+00:00
[2024-04-15T12:45:06.863+0000] {processor.py:183} INFO - Processing /home/airflow/.local/lib/python3.8/site-packages/airflow/example_dags/example_branch_operator.py took 0.106 seconds
[2024-04-15T12:45:37.133+0000] {processor.py:161} INFO - Started process (PID=3814) to work on /home/airflow/.local/lib/python3.8/site-packages/airflow/example_dags/example_branch_operator.py
[2024-04-15T12:45:37.134+0000] {processor.py:830} INFO - Processing file /home/airflow/.local/lib/python3.8/site-packages/airflow/example_dags/example_branch_operator.py for tasks to queue
[2024-04-15T12:45:37.136+0000] {logging_mixin.py:188} INFO - [2024-04-15T12:45:37.135+0000] {dagbag.py:540} INFO - Filling up the DagBag from /home/airflow/.local/lib/python3.8/site-packages/airflow/example_dags/example_branch_operator.py
[2024-04-15T12:45:37.154+0000] {processor.py:840} INFO - DAG(s) 'example_branch_operator' retrieved from /home/airflow/.local/lib/python3.8/site-packages/airflow/example_dags/example_branch_operator.py
[2024-04-15T12:45:37.188+0000] {logging_mixin.py:188} INFO - [2024-04-15T12:45:37.188+0000] {dag.py:3047} INFO - Sync 1 DAGs
[2024-04-15T12:45:37.217+0000] {logging_mixin.py:188} INFO - [2024-04-15T12:45:37.216+0000] {dag.py:3834} INFO - Setting next_dagrun for example_branch_operator to 2024-04-14 00:00:00+00:00, run_after=2024-04-15 00:00:00+00:00
[2024-04-15T12:45:37.241+0000] {processor.py:183} INFO - Processing /home/airflow/.local/lib/python3.8/site-packages/airflow/example_dags/example_branch_operator.py took 0.111 seconds
