[2024-04-15T10:41:31.548+0000] {processor.py:161} INFO - Started process (PID=37) to work on /home/airflow/.local/lib/python3.8/site-packages/airflow/example_dags/example_nested_branch_dag.py
[2024-04-15T10:41:31.550+0000] {processor.py:830} INFO - Processing file /home/airflow/.local/lib/python3.8/site-packages/airflow/example_dags/example_nested_branch_dag.py for tasks to queue
[2024-04-15T10:41:31.552+0000] {logging_mixin.py:188} INFO - [2024-04-15T10:41:31.552+0000] {dagbag.py:540} INFO - Filling up the DagBag from /home/airflow/.local/lib/python3.8/site-packages/airflow/example_dags/example_nested_branch_dag.py
[2024-04-15T10:41:31.569+0000] {processor.py:840} INFO - DAG(s) 'example_nested_branch_dag' retrieved from /home/airflow/.local/lib/python3.8/site-packages/airflow/example_dags/example_nested_branch_dag.py
[2024-04-15T10:41:31.611+0000] {logging_mixin.py:188} INFO - [2024-04-15T10:41:31.610+0000] {dag.py:3047} INFO - Sync 1 DAGs
[2024-04-15T10:41:31.638+0000] {logging_mixin.py:188} INFO - [2024-04-15T10:41:31.638+0000] {dag.py:3834} INFO - Setting next_dagrun for example_nested_branch_dag to 2024-04-14 00:00:00+00:00, run_after=2024-04-15 00:00:00+00:00
[2024-04-15T10:41:31.660+0000] {processor.py:183} INFO - Processing /home/airflow/.local/lib/python3.8/site-packages/airflow/example_dags/example_nested_branch_dag.py took 0.115 seconds
[2024-04-15T10:42:02.275+0000] {processor.py:161} INFO - Started process (PID=92) to work on /home/airflow/.local/lib/python3.8/site-packages/airflow/example_dags/example_nested_branch_dag.py
[2024-04-15T10:42:02.277+0000] {processor.py:830} INFO - Processing file /home/airflow/.local/lib/python3.8/site-packages/airflow/example_dags/example_nested_branch_dag.py for tasks to queue
[2024-04-15T10:42:02.280+0000] {logging_mixin.py:188} INFO - [2024-04-15T10:42:02.279+0000] {dagbag.py:540} INFO - Filling up the DagBag from /home/airflow/.local/lib/python3.8/site-packages/airflow/example_dags/example_nested_branch_dag.py
[2024-04-15T10:42:02.293+0000] {processor.py:840} INFO - DAG(s) 'example_nested_branch_dag' retrieved from /home/airflow/.local/lib/python3.8/site-packages/airflow/example_dags/example_nested_branch_dag.py
[2024-04-15T10:42:02.330+0000] {logging_mixin.py:188} INFO - [2024-04-15T10:42:02.329+0000] {dag.py:3047} INFO - Sync 1 DAGs
[2024-04-15T10:42:02.361+0000] {logging_mixin.py:188} INFO - [2024-04-15T10:42:02.361+0000] {dag.py:3834} INFO - Setting next_dagrun for example_nested_branch_dag to 2024-04-14 00:00:00+00:00, run_after=2024-04-15 00:00:00+00:00
[2024-04-15T10:42:02.384+0000] {processor.py:183} INFO - Processing /home/airflow/.local/lib/python3.8/site-packages/airflow/example_dags/example_nested_branch_dag.py took 0.115 seconds
[2024-04-15T10:42:32.659+0000] {processor.py:161} INFO - Started process (PID=147) to work on /home/airflow/.local/lib/python3.8/site-packages/airflow/example_dags/example_nested_branch_dag.py
[2024-04-15T10:42:32.660+0000] {processor.py:830} INFO - Processing file /home/airflow/.local/lib/python3.8/site-packages/airflow/example_dags/example_nested_branch_dag.py for tasks to queue
[2024-04-15T10:42:32.662+0000] {logging_mixin.py:188} INFO - [2024-04-15T10:42:32.662+0000] {dagbag.py:540} INFO - Filling up the DagBag from /home/airflow/.local/lib/python3.8/site-packages/airflow/example_dags/example_nested_branch_dag.py
[2024-04-15T10:42:32.671+0000] {processor.py:840} INFO - DAG(s) 'example_nested_branch_dag' retrieved from /home/airflow/.local/lib/python3.8/site-packages/airflow/example_dags/example_nested_branch_dag.py
[2024-04-15T10:42:32.698+0000] {logging_mixin.py:188} INFO - [2024-04-15T10:42:32.698+0000] {dag.py:3047} INFO - Sync 1 DAGs
[2024-04-15T10:42:32.722+0000] {logging_mixin.py:188} INFO - [2024-04-15T10:42:32.722+0000] {dag.py:3834} INFO - Setting next_dagrun for example_nested_branch_dag to 2024-04-14 00:00:00+00:00, run_after=2024-04-15 00:00:00+00:00
[2024-04-15T10:42:32.747+0000] {processor.py:183} INFO - Processing /home/airflow/.local/lib/python3.8/site-packages/airflow/example_dags/example_nested_branch_dag.py took 0.091 seconds
[2024-04-15T10:43:03.068+0000] {processor.py:161} INFO - Started process (PID=202) to work on /home/airflow/.local/lib/python3.8/site-packages/airflow/example_dags/example_nested_branch_dag.py
[2024-04-15T10:43:03.070+0000] {processor.py:830} INFO - Processing file /home/airflow/.local/lib/python3.8/site-packages/airflow/example_dags/example_nested_branch_dag.py for tasks to queue
[2024-04-15T10:43:03.072+0000] {logging_mixin.py:188} INFO - [2024-04-15T10:43:03.072+0000] {dagbag.py:540} INFO - Filling up the DagBag from /home/airflow/.local/lib/python3.8/site-packages/airflow/example_dags/example_nested_branch_dag.py
[2024-04-15T10:43:03.084+0000] {processor.py:840} INFO - DAG(s) 'example_nested_branch_dag' retrieved from /home/airflow/.local/lib/python3.8/site-packages/airflow/example_dags/example_nested_branch_dag.py
[2024-04-15T10:43:03.114+0000] {logging_mixin.py:188} INFO - [2024-04-15T10:43:03.114+0000] {dag.py:3047} INFO - Sync 1 DAGs
[2024-04-15T10:43:03.145+0000] {logging_mixin.py:188} INFO - [2024-04-15T10:43:03.144+0000] {dag.py:3834} INFO - Setting next_dagrun for example_nested_branch_dag to 2024-04-14 00:00:00+00:00, run_after=2024-04-15 00:00:00+00:00
[2024-04-15T10:43:03.177+0000] {processor.py:183} INFO - Processing /home/airflow/.local/lib/python3.8/site-packages/airflow/example_dags/example_nested_branch_dag.py took 0.111 seconds
[2024-04-15T10:43:33.286+0000] {processor.py:161} INFO - Started process (PID=257) to work on /home/airflow/.local/lib/python3.8/site-packages/airflow/example_dags/example_nested_branch_dag.py
[2024-04-15T10:43:33.288+0000] {processor.py:830} INFO - Processing file /home/airflow/.local/lib/python3.8/site-packages/airflow/example_dags/example_nested_branch_dag.py for tasks to queue
[2024-04-15T10:43:33.290+0000] {logging_mixin.py:188} INFO - [2024-04-15T10:43:33.290+0000] {dagbag.py:540} INFO - Filling up the DagBag from /home/airflow/.local/lib/python3.8/site-packages/airflow/example_dags/example_nested_branch_dag.py
[2024-04-15T10:43:33.299+0000] {processor.py:840} INFO - DAG(s) 'example_nested_branch_dag' retrieved from /home/airflow/.local/lib/python3.8/site-packages/airflow/example_dags/example_nested_branch_dag.py
[2024-04-15T10:43:33.322+0000] {logging_mixin.py:188} INFO - [2024-04-15T10:43:33.321+0000] {dag.py:3047} INFO - Sync 1 DAGs
[2024-04-15T10:43:33.344+0000] {logging_mixin.py:188} INFO - [2024-04-15T10:43:33.344+0000] {dag.py:3834} INFO - Setting next_dagrun for example_nested_branch_dag to 2024-04-14 00:00:00+00:00, run_after=2024-04-15 00:00:00+00:00
[2024-04-15T10:43:33.366+0000] {processor.py:183} INFO - Processing /home/airflow/.local/lib/python3.8/site-packages/airflow/example_dags/example_nested_branch_dag.py took 0.082 seconds
[2024-04-15T10:44:03.546+0000] {processor.py:161} INFO - Started process (PID=311) to work on /home/airflow/.local/lib/python3.8/site-packages/airflow/example_dags/example_nested_branch_dag.py
[2024-04-15T10:44:03.547+0000] {processor.py:830} INFO - Processing file /home/airflow/.local/lib/python3.8/site-packages/airflow/example_dags/example_nested_branch_dag.py for tasks to queue
[2024-04-15T10:44:03.549+0000] {logging_mixin.py:188} INFO - [2024-04-15T10:44:03.549+0000] {dagbag.py:540} INFO - Filling up the DagBag from /home/airflow/.local/lib/python3.8/site-packages/airflow/example_dags/example_nested_branch_dag.py
[2024-04-15T10:44:03.558+0000] {processor.py:840} INFO - DAG(s) 'example_nested_branch_dag' retrieved from /home/airflow/.local/lib/python3.8/site-packages/airflow/example_dags/example_nested_branch_dag.py
[2024-04-15T10:44:03.581+0000] {logging_mixin.py:188} INFO - [2024-04-15T10:44:03.581+0000] {dag.py:3047} INFO - Sync 1 DAGs
[2024-04-15T10:44:03.602+0000] {logging_mixin.py:188} INFO - [2024-04-15T10:44:03.602+0000] {dag.py:3834} INFO - Setting next_dagrun for example_nested_branch_dag to 2024-04-14 00:00:00+00:00, run_after=2024-04-15 00:00:00+00:00
[2024-04-15T10:44:03.627+0000] {processor.py:183} INFO - Processing /home/airflow/.local/lib/python3.8/site-packages/airflow/example_dags/example_nested_branch_dag.py took 0.084 seconds
[2024-04-15T10:44:34.217+0000] {processor.py:161} INFO - Started process (PID=366) to work on /home/airflow/.local/lib/python3.8/site-packages/airflow/example_dags/example_nested_branch_dag.py
[2024-04-15T10:44:34.223+0000] {processor.py:830} INFO - Processing file /home/airflow/.local/lib/python3.8/site-packages/airflow/example_dags/example_nested_branch_dag.py for tasks to queue
[2024-04-15T10:44:34.226+0000] {logging_mixin.py:188} INFO - [2024-04-15T10:44:34.225+0000] {dagbag.py:540} INFO - Filling up the DagBag from /home/airflow/.local/lib/python3.8/site-packages/airflow/example_dags/example_nested_branch_dag.py
[2024-04-15T10:44:34.237+0000] {processor.py:840} INFO - DAG(s) 'example_nested_branch_dag' retrieved from /home/airflow/.local/lib/python3.8/site-packages/airflow/example_dags/example_nested_branch_dag.py
[2024-04-15T10:44:34.261+0000] {logging_mixin.py:188} INFO - [2024-04-15T10:44:34.260+0000] {dag.py:3047} INFO - Sync 1 DAGs
[2024-04-15T10:44:34.282+0000] {logging_mixin.py:188} INFO - [2024-04-15T10:44:34.282+0000] {dag.py:3834} INFO - Setting next_dagrun for example_nested_branch_dag to 2024-04-14 00:00:00+00:00, run_after=2024-04-15 00:00:00+00:00
[2024-04-15T10:44:34.306+0000] {processor.py:183} INFO - Processing /home/airflow/.local/lib/python3.8/site-packages/airflow/example_dags/example_nested_branch_dag.py took 0.098 seconds
[2024-04-15T10:45:04.471+0000] {processor.py:161} INFO - Started process (PID=421) to work on /home/airflow/.local/lib/python3.8/site-packages/airflow/example_dags/example_nested_branch_dag.py
[2024-04-15T10:45:04.472+0000] {processor.py:830} INFO - Processing file /home/airflow/.local/lib/python3.8/site-packages/airflow/example_dags/example_nested_branch_dag.py for tasks to queue
[2024-04-15T10:45:04.474+0000] {logging_mixin.py:188} INFO - [2024-04-15T10:45:04.474+0000] {dagbag.py:540} INFO - Filling up the DagBag from /home/airflow/.local/lib/python3.8/site-packages/airflow/example_dags/example_nested_branch_dag.py
[2024-04-15T10:45:04.482+0000] {processor.py:840} INFO - DAG(s) 'example_nested_branch_dag' retrieved from /home/airflow/.local/lib/python3.8/site-packages/airflow/example_dags/example_nested_branch_dag.py
[2024-04-15T10:45:04.503+0000] {logging_mixin.py:188} INFO - [2024-04-15T10:45:04.503+0000] {dag.py:3047} INFO - Sync 1 DAGs
[2024-04-15T10:45:04.527+0000] {logging_mixin.py:188} INFO - [2024-04-15T10:45:04.526+0000] {dag.py:3834} INFO - Setting next_dagrun for example_nested_branch_dag to 2024-04-14 00:00:00+00:00, run_after=2024-04-15 00:00:00+00:00
[2024-04-15T10:45:04.547+0000] {processor.py:183} INFO - Processing /home/airflow/.local/lib/python3.8/site-packages/airflow/example_dags/example_nested_branch_dag.py took 0.081 seconds
[2024-04-15T10:45:34.718+0000] {processor.py:161} INFO - Started process (PID=476) to work on /home/airflow/.local/lib/python3.8/site-packages/airflow/example_dags/example_nested_branch_dag.py
[2024-04-15T10:45:34.720+0000] {processor.py:830} INFO - Processing file /home/airflow/.local/lib/python3.8/site-packages/airflow/example_dags/example_nested_branch_dag.py for tasks to queue
[2024-04-15T10:45:34.723+0000] {logging_mixin.py:188} INFO - [2024-04-15T10:45:34.722+0000] {dagbag.py:540} INFO - Filling up the DagBag from /home/airflow/.local/lib/python3.8/site-packages/airflow/example_dags/example_nested_branch_dag.py
[2024-04-15T10:45:34.732+0000] {processor.py:840} INFO - DAG(s) 'example_nested_branch_dag' retrieved from /home/airflow/.local/lib/python3.8/site-packages/airflow/example_dags/example_nested_branch_dag.py
[2024-04-15T10:45:34.755+0000] {logging_mixin.py:188} INFO - [2024-04-15T10:45:34.755+0000] {dag.py:3047} INFO - Sync 1 DAGs
[2024-04-15T10:45:34.776+0000] {logging_mixin.py:188} INFO - [2024-04-15T10:45:34.776+0000] {dag.py:3834} INFO - Setting next_dagrun for example_nested_branch_dag to 2024-04-14 00:00:00+00:00, run_after=2024-04-15 00:00:00+00:00
[2024-04-15T10:45:34.800+0000] {processor.py:183} INFO - Processing /home/airflow/.local/lib/python3.8/site-packages/airflow/example_dags/example_nested_branch_dag.py took 0.085 seconds
[2024-04-15T10:46:04.959+0000] {processor.py:161} INFO - Started process (PID=531) to work on /home/airflow/.local/lib/python3.8/site-packages/airflow/example_dags/example_nested_branch_dag.py
[2024-04-15T10:46:04.961+0000] {processor.py:830} INFO - Processing file /home/airflow/.local/lib/python3.8/site-packages/airflow/example_dags/example_nested_branch_dag.py for tasks to queue
[2024-04-15T10:46:04.963+0000] {logging_mixin.py:188} INFO - [2024-04-15T10:46:04.962+0000] {dagbag.py:540} INFO - Filling up the DagBag from /home/airflow/.local/lib/python3.8/site-packages/airflow/example_dags/example_nested_branch_dag.py
[2024-04-15T10:46:04.976+0000] {processor.py:840} INFO - DAG(s) 'example_nested_branch_dag' retrieved from /home/airflow/.local/lib/python3.8/site-packages/airflow/example_dags/example_nested_branch_dag.py
[2024-04-15T10:46:05.004+0000] {logging_mixin.py:188} INFO - [2024-04-15T10:46:05.004+0000] {dag.py:3047} INFO - Sync 1 DAGs
[2024-04-15T10:46:05.033+0000] {logging_mixin.py:188} INFO - [2024-04-15T10:46:05.032+0000] {dag.py:3834} INFO - Setting next_dagrun for example_nested_branch_dag to 2024-04-14 00:00:00+00:00, run_after=2024-04-15 00:00:00+00:00
[2024-04-15T10:46:05.061+0000] {processor.py:183} INFO - Processing /home/airflow/.local/lib/python3.8/site-packages/airflow/example_dags/example_nested_branch_dag.py took 0.104 seconds
[2024-04-15T10:46:35.235+0000] {processor.py:161} INFO - Started process (PID=586) to work on /home/airflow/.local/lib/python3.8/site-packages/airflow/example_dags/example_nested_branch_dag.py
[2024-04-15T10:46:35.237+0000] {processor.py:830} INFO - Processing file /home/airflow/.local/lib/python3.8/site-packages/airflow/example_dags/example_nested_branch_dag.py for tasks to queue
[2024-04-15T10:46:35.239+0000] {logging_mixin.py:188} INFO - [2024-04-15T10:46:35.239+0000] {dagbag.py:540} INFO - Filling up the DagBag from /home/airflow/.local/lib/python3.8/site-packages/airflow/example_dags/example_nested_branch_dag.py
[2024-04-15T10:46:35.248+0000] {processor.py:840} INFO - DAG(s) 'example_nested_branch_dag' retrieved from /home/airflow/.local/lib/python3.8/site-packages/airflow/example_dags/example_nested_branch_dag.py
[2024-04-15T10:46:35.274+0000] {logging_mixin.py:188} INFO - [2024-04-15T10:46:35.273+0000] {dag.py:3047} INFO - Sync 1 DAGs
[2024-04-15T10:46:35.296+0000] {logging_mixin.py:188} INFO - [2024-04-15T10:46:35.295+0000] {dag.py:3834} INFO - Setting next_dagrun for example_nested_branch_dag to 2024-04-14 00:00:00+00:00, run_after=2024-04-15 00:00:00+00:00
[2024-04-15T10:46:35.321+0000] {processor.py:183} INFO - Processing /home/airflow/.local/lib/python3.8/site-packages/airflow/example_dags/example_nested_branch_dag.py took 0.089 seconds
[2024-04-15T10:47:05.492+0000] {processor.py:161} INFO - Started process (PID=641) to work on /home/airflow/.local/lib/python3.8/site-packages/airflow/example_dags/example_nested_branch_dag.py
[2024-04-15T10:47:05.493+0000] {processor.py:830} INFO - Processing file /home/airflow/.local/lib/python3.8/site-packages/airflow/example_dags/example_nested_branch_dag.py for tasks to queue
[2024-04-15T10:47:05.496+0000] {logging_mixin.py:188} INFO - [2024-04-15T10:47:05.495+0000] {dagbag.py:540} INFO - Filling up the DagBag from /home/airflow/.local/lib/python3.8/site-packages/airflow/example_dags/example_nested_branch_dag.py
[2024-04-15T10:47:05.505+0000] {processor.py:840} INFO - DAG(s) 'example_nested_branch_dag' retrieved from /home/airflow/.local/lib/python3.8/site-packages/airflow/example_dags/example_nested_branch_dag.py
[2024-04-15T10:47:05.529+0000] {logging_mixin.py:188} INFO - [2024-04-15T10:47:05.529+0000] {dag.py:3047} INFO - Sync 1 DAGs
[2024-04-15T10:47:05.551+0000] {logging_mixin.py:188} INFO - [2024-04-15T10:47:05.550+0000] {dag.py:3834} INFO - Setting next_dagrun for example_nested_branch_dag to 2024-04-14 00:00:00+00:00, run_after=2024-04-15 00:00:00+00:00
[2024-04-15T10:47:05.574+0000] {processor.py:183} INFO - Processing /home/airflow/.local/lib/python3.8/site-packages/airflow/example_dags/example_nested_branch_dag.py took 0.085 seconds
[2024-04-15T10:47:35.809+0000] {processor.py:161} INFO - Started process (PID=697) to work on /home/airflow/.local/lib/python3.8/site-packages/airflow/example_dags/example_nested_branch_dag.py
[2024-04-15T10:47:35.811+0000] {processor.py:830} INFO - Processing file /home/airflow/.local/lib/python3.8/site-packages/airflow/example_dags/example_nested_branch_dag.py for tasks to queue
[2024-04-15T10:47:35.813+0000] {logging_mixin.py:188} INFO - [2024-04-15T10:47:35.813+0000] {dagbag.py:540} INFO - Filling up the DagBag from /home/airflow/.local/lib/python3.8/site-packages/airflow/example_dags/example_nested_branch_dag.py
[2024-04-15T10:47:35.824+0000] {processor.py:840} INFO - DAG(s) 'example_nested_branch_dag' retrieved from /home/airflow/.local/lib/python3.8/site-packages/airflow/example_dags/example_nested_branch_dag.py
[2024-04-15T10:47:35.848+0000] {logging_mixin.py:188} INFO - [2024-04-15T10:47:35.847+0000] {dag.py:3047} INFO - Sync 1 DAGs
[2024-04-15T10:47:35.869+0000] {logging_mixin.py:188} INFO - [2024-04-15T10:47:35.868+0000] {dag.py:3834} INFO - Setting next_dagrun for example_nested_branch_dag to 2024-04-14 00:00:00+00:00, run_after=2024-04-15 00:00:00+00:00
[2024-04-15T10:47:35.893+0000] {processor.py:183} INFO - Processing /home/airflow/.local/lib/python3.8/site-packages/airflow/example_dags/example_nested_branch_dag.py took 0.087 seconds
[2024-04-15T10:48:06.094+0000] {processor.py:161} INFO - Started process (PID=752) to work on /home/airflow/.local/lib/python3.8/site-packages/airflow/example_dags/example_nested_branch_dag.py
[2024-04-15T10:48:06.096+0000] {processor.py:830} INFO - Processing file /home/airflow/.local/lib/python3.8/site-packages/airflow/example_dags/example_nested_branch_dag.py for tasks to queue
[2024-04-15T10:48:06.098+0000] {logging_mixin.py:188} INFO - [2024-04-15T10:48:06.098+0000] {dagbag.py:540} INFO - Filling up the DagBag from /home/airflow/.local/lib/python3.8/site-packages/airflow/example_dags/example_nested_branch_dag.py
[2024-04-15T10:48:06.107+0000] {processor.py:840} INFO - DAG(s) 'example_nested_branch_dag' retrieved from /home/airflow/.local/lib/python3.8/site-packages/airflow/example_dags/example_nested_branch_dag.py
[2024-04-15T10:48:06.132+0000] {logging_mixin.py:188} INFO - [2024-04-15T10:48:06.132+0000] {dag.py:3047} INFO - Sync 1 DAGs
[2024-04-15T10:48:06.154+0000] {logging_mixin.py:188} INFO - [2024-04-15T10:48:06.153+0000] {dag.py:3834} INFO - Setting next_dagrun for example_nested_branch_dag to 2024-04-14 00:00:00+00:00, run_after=2024-04-15 00:00:00+00:00
[2024-04-15T10:48:06.179+0000] {processor.py:183} INFO - Processing /home/airflow/.local/lib/python3.8/site-packages/airflow/example_dags/example_nested_branch_dag.py took 0.088 seconds
[2024-04-15T10:48:36.439+0000] {processor.py:161} INFO - Started process (PID=807) to work on /home/airflow/.local/lib/python3.8/site-packages/airflow/example_dags/example_nested_branch_dag.py
[2024-04-15T10:48:36.441+0000] {processor.py:830} INFO - Processing file /home/airflow/.local/lib/python3.8/site-packages/airflow/example_dags/example_nested_branch_dag.py for tasks to queue
[2024-04-15T10:48:36.443+0000] {logging_mixin.py:188} INFO - [2024-04-15T10:48:36.442+0000] {dagbag.py:540} INFO - Filling up the DagBag from /home/airflow/.local/lib/python3.8/site-packages/airflow/example_dags/example_nested_branch_dag.py
[2024-04-15T10:48:36.454+0000] {processor.py:840} INFO - DAG(s) 'example_nested_branch_dag' retrieved from /home/airflow/.local/lib/python3.8/site-packages/airflow/example_dags/example_nested_branch_dag.py
[2024-04-15T10:48:36.482+0000] {logging_mixin.py:188} INFO - [2024-04-15T10:48:36.481+0000] {dag.py:3047} INFO - Sync 1 DAGs
[2024-04-15T10:48:36.503+0000] {logging_mixin.py:188} INFO - [2024-04-15T10:48:36.503+0000] {dag.py:3834} INFO - Setting next_dagrun for example_nested_branch_dag to 2024-04-14 00:00:00+00:00, run_after=2024-04-15 00:00:00+00:00
[2024-04-15T10:48:36.529+0000] {processor.py:183} INFO - Processing /home/airflow/.local/lib/python3.8/site-packages/airflow/example_dags/example_nested_branch_dag.py took 0.092 seconds
[2024-04-15T10:49:56.697+0000] {processor.py:161} INFO - Started process (PID=862) to work on /home/airflow/.local/lib/python3.8/site-packages/airflow/example_dags/example_nested_branch_dag.py
[2024-04-15T10:49:56.698+0000] {processor.py:830} INFO - Processing file /home/airflow/.local/lib/python3.8/site-packages/airflow/example_dags/example_nested_branch_dag.py for tasks to queue
[2024-04-15T10:49:56.702+0000] {logging_mixin.py:188} INFO - [2024-04-15T10:49:56.701+0000] {dagbag.py:540} INFO - Filling up the DagBag from /home/airflow/.local/lib/python3.8/site-packages/airflow/example_dags/example_nested_branch_dag.py
[2024-04-15T10:49:56.713+0000] {processor.py:840} INFO - DAG(s) 'example_nested_branch_dag' retrieved from /home/airflow/.local/lib/python3.8/site-packages/airflow/example_dags/example_nested_branch_dag.py
[2024-04-15T10:49:56.742+0000] {logging_mixin.py:188} INFO - [2024-04-15T10:49:56.742+0000] {dag.py:3047} INFO - Sync 1 DAGs
[2024-04-15T10:49:56.769+0000] {logging_mixin.py:188} INFO - [2024-04-15T10:49:56.768+0000] {dag.py:3834} INFO - Setting next_dagrun for example_nested_branch_dag to 2024-04-14 00:00:00+00:00, run_after=2024-04-15 00:00:00+00:00
[2024-04-15T10:49:56.902+0000] {processor.py:183} INFO - Processing /home/airflow/.local/lib/python3.8/site-packages/airflow/example_dags/example_nested_branch_dag.py took 0.208 seconds
[2024-04-15T10:50:27.654+0000] {processor.py:161} INFO - Started process (PID=917) to work on /home/airflow/.local/lib/python3.8/site-packages/airflow/example_dags/example_nested_branch_dag.py
[2024-04-15T10:50:27.656+0000] {processor.py:830} INFO - Processing file /home/airflow/.local/lib/python3.8/site-packages/airflow/example_dags/example_nested_branch_dag.py for tasks to queue
[2024-04-15T10:50:27.658+0000] {logging_mixin.py:188} INFO - [2024-04-15T10:50:27.658+0000] {dagbag.py:540} INFO - Filling up the DagBag from /home/airflow/.local/lib/python3.8/site-packages/airflow/example_dags/example_nested_branch_dag.py
[2024-04-15T10:50:27.668+0000] {processor.py:840} INFO - DAG(s) 'example_nested_branch_dag' retrieved from /home/airflow/.local/lib/python3.8/site-packages/airflow/example_dags/example_nested_branch_dag.py
[2024-04-15T10:50:27.693+0000] {logging_mixin.py:188} INFO - [2024-04-15T10:50:27.693+0000] {dag.py:3047} INFO - Sync 1 DAGs
[2024-04-15T10:50:27.714+0000] {logging_mixin.py:188} INFO - [2024-04-15T10:50:27.714+0000] {dag.py:3834} INFO - Setting next_dagrun for example_nested_branch_dag to 2024-04-14 00:00:00+00:00, run_after=2024-04-15 00:00:00+00:00
[2024-04-15T10:50:27.740+0000] {processor.py:183} INFO - Processing /home/airflow/.local/lib/python3.8/site-packages/airflow/example_dags/example_nested_branch_dag.py took 0.089 seconds
[2024-04-15T10:50:58.057+0000] {processor.py:161} INFO - Started process (PID=972) to work on /home/airflow/.local/lib/python3.8/site-packages/airflow/example_dags/example_nested_branch_dag.py
[2024-04-15T10:50:58.059+0000] {processor.py:830} INFO - Processing file /home/airflow/.local/lib/python3.8/site-packages/airflow/example_dags/example_nested_branch_dag.py for tasks to queue
[2024-04-15T10:50:58.061+0000] {logging_mixin.py:188} INFO - [2024-04-15T10:50:58.061+0000] {dagbag.py:540} INFO - Filling up the DagBag from /home/airflow/.local/lib/python3.8/site-packages/airflow/example_dags/example_nested_branch_dag.py
[2024-04-15T10:50:58.070+0000] {processor.py:840} INFO - DAG(s) 'example_nested_branch_dag' retrieved from /home/airflow/.local/lib/python3.8/site-packages/airflow/example_dags/example_nested_branch_dag.py
[2024-04-15T10:50:58.101+0000] {logging_mixin.py:188} INFO - [2024-04-15T10:50:58.101+0000] {dag.py:3047} INFO - Sync 1 DAGs
[2024-04-15T10:50:58.123+0000] {logging_mixin.py:188} INFO - [2024-04-15T10:50:58.123+0000] {dag.py:3834} INFO - Setting next_dagrun for example_nested_branch_dag to 2024-04-14 00:00:00+00:00, run_after=2024-04-15 00:00:00+00:00
[2024-04-15T10:50:58.147+0000] {processor.py:183} INFO - Processing /home/airflow/.local/lib/python3.8/site-packages/airflow/example_dags/example_nested_branch_dag.py took 0.093 seconds
[2024-04-15T10:51:28.391+0000] {processor.py:161} INFO - Started process (PID=1027) to work on /home/airflow/.local/lib/python3.8/site-packages/airflow/example_dags/example_nested_branch_dag.py
[2024-04-15T10:51:28.392+0000] {processor.py:830} INFO - Processing file /home/airflow/.local/lib/python3.8/site-packages/airflow/example_dags/example_nested_branch_dag.py for tasks to queue
[2024-04-15T10:51:28.394+0000] {logging_mixin.py:188} INFO - [2024-04-15T10:51:28.394+0000] {dagbag.py:540} INFO - Filling up the DagBag from /home/airflow/.local/lib/python3.8/site-packages/airflow/example_dags/example_nested_branch_dag.py
[2024-04-15T10:51:28.403+0000] {processor.py:840} INFO - DAG(s) 'example_nested_branch_dag' retrieved from /home/airflow/.local/lib/python3.8/site-packages/airflow/example_dags/example_nested_branch_dag.py
[2024-04-15T10:51:28.427+0000] {logging_mixin.py:188} INFO - [2024-04-15T10:51:28.427+0000] {dag.py:3047} INFO - Sync 1 DAGs
[2024-04-15T10:51:28.448+0000] {logging_mixin.py:188} INFO - [2024-04-15T10:51:28.447+0000] {dag.py:3834} INFO - Setting next_dagrun for example_nested_branch_dag to 2024-04-14 00:00:00+00:00, run_after=2024-04-15 00:00:00+00:00
[2024-04-15T10:51:28.473+0000] {processor.py:183} INFO - Processing /home/airflow/.local/lib/python3.8/site-packages/airflow/example_dags/example_nested_branch_dag.py took 0.086 seconds
[2024-04-15T10:51:58.858+0000] {processor.py:161} INFO - Started process (PID=1082) to work on /home/airflow/.local/lib/python3.8/site-packages/airflow/example_dags/example_nested_branch_dag.py
[2024-04-15T10:51:58.860+0000] {processor.py:830} INFO - Processing file /home/airflow/.local/lib/python3.8/site-packages/airflow/example_dags/example_nested_branch_dag.py for tasks to queue
[2024-04-15T10:51:58.863+0000] {logging_mixin.py:188} INFO - [2024-04-15T10:51:58.862+0000] {dagbag.py:540} INFO - Filling up the DagBag from /home/airflow/.local/lib/python3.8/site-packages/airflow/example_dags/example_nested_branch_dag.py
[2024-04-15T10:51:58.872+0000] {processor.py:840} INFO - DAG(s) 'example_nested_branch_dag' retrieved from /home/airflow/.local/lib/python3.8/site-packages/airflow/example_dags/example_nested_branch_dag.py
[2024-04-15T10:51:58.896+0000] {logging_mixin.py:188} INFO - [2024-04-15T10:51:58.896+0000] {dag.py:3047} INFO - Sync 1 DAGs
[2024-04-15T10:51:58.917+0000] {logging_mixin.py:188} INFO - [2024-04-15T10:51:58.917+0000] {dag.py:3834} INFO - Setting next_dagrun for example_nested_branch_dag to 2024-04-14 00:00:00+00:00, run_after=2024-04-15 00:00:00+00:00
[2024-04-15T10:51:58.943+0000] {processor.py:183} INFO - Processing /home/airflow/.local/lib/python3.8/site-packages/airflow/example_dags/example_nested_branch_dag.py took 0.088 seconds
[2024-04-15T10:52:29.254+0000] {processor.py:161} INFO - Started process (PID=1137) to work on /home/airflow/.local/lib/python3.8/site-packages/airflow/example_dags/example_nested_branch_dag.py
[2024-04-15T10:52:29.256+0000] {processor.py:830} INFO - Processing file /home/airflow/.local/lib/python3.8/site-packages/airflow/example_dags/example_nested_branch_dag.py for tasks to queue
[2024-04-15T10:52:29.258+0000] {logging_mixin.py:188} INFO - [2024-04-15T10:52:29.258+0000] {dagbag.py:540} INFO - Filling up the DagBag from /home/airflow/.local/lib/python3.8/site-packages/airflow/example_dags/example_nested_branch_dag.py
[2024-04-15T10:52:29.268+0000] {processor.py:840} INFO - DAG(s) 'example_nested_branch_dag' retrieved from /home/airflow/.local/lib/python3.8/site-packages/airflow/example_dags/example_nested_branch_dag.py
[2024-04-15T10:52:29.291+0000] {logging_mixin.py:188} INFO - [2024-04-15T10:52:29.290+0000] {dag.py:3047} INFO - Sync 1 DAGs
[2024-04-15T10:52:29.312+0000] {logging_mixin.py:188} INFO - [2024-04-15T10:52:29.311+0000] {dag.py:3834} INFO - Setting next_dagrun for example_nested_branch_dag to 2024-04-14 00:00:00+00:00, run_after=2024-04-15 00:00:00+00:00
[2024-04-15T10:52:29.336+0000] {processor.py:183} INFO - Processing /home/airflow/.local/lib/python3.8/site-packages/airflow/example_dags/example_nested_branch_dag.py took 0.085 seconds
[2024-04-15T10:52:59.984+0000] {processor.py:161} INFO - Started process (PID=1192) to work on /home/airflow/.local/lib/python3.8/site-packages/airflow/example_dags/example_nested_branch_dag.py
[2024-04-15T10:52:59.989+0000] {processor.py:830} INFO - Processing file /home/airflow/.local/lib/python3.8/site-packages/airflow/example_dags/example_nested_branch_dag.py for tasks to queue
[2024-04-15T10:52:59.996+0000] {logging_mixin.py:188} INFO - [2024-04-15T10:52:59.996+0000] {dagbag.py:540} INFO - Filling up the DagBag from /home/airflow/.local/lib/python3.8/site-packages/airflow/example_dags/example_nested_branch_dag.py
[2024-04-15T10:53:00.018+0000] {processor.py:840} INFO - DAG(s) 'example_nested_branch_dag' retrieved from /home/airflow/.local/lib/python3.8/site-packages/airflow/example_dags/example_nested_branch_dag.py
[2024-04-15T10:53:00.082+0000] {logging_mixin.py:188} INFO - [2024-04-15T10:53:00.081+0000] {dag.py:3047} INFO - Sync 1 DAGs
[2024-04-15T10:53:00.147+0000] {logging_mixin.py:188} INFO - [2024-04-15T10:53:00.146+0000] {dag.py:3834} INFO - Setting next_dagrun for example_nested_branch_dag to 2024-04-14 00:00:00+00:00, run_after=2024-04-15 00:00:00+00:00
[2024-04-15T10:53:00.231+0000] {processor.py:183} INFO - Processing /home/airflow/.local/lib/python3.8/site-packages/airflow/example_dags/example_nested_branch_dag.py took 0.252 seconds
[2024-04-15T11:28:54.748+0000] {processor.py:161} INFO - Started process (PID=1209) to work on /home/airflow/.local/lib/python3.8/site-packages/airflow/example_dags/example_nested_branch_dag.py
[2024-04-15T11:28:54.750+0000] {processor.py:830} INFO - Processing file /home/airflow/.local/lib/python3.8/site-packages/airflow/example_dags/example_nested_branch_dag.py for tasks to queue
[2024-04-15T11:28:54.766+0000] {logging_mixin.py:188} INFO - [2024-04-15T11:28:54.765+0000] {dagbag.py:540} INFO - Filling up the DagBag from /home/airflow/.local/lib/python3.8/site-packages/airflow/example_dags/example_nested_branch_dag.py
[2024-04-15T11:28:54.792+0000] {processor.py:840} INFO - DAG(s) 'example_nested_branch_dag' retrieved from /home/airflow/.local/lib/python3.8/site-packages/airflow/example_dags/example_nested_branch_dag.py
[2024-04-15T11:28:54.865+0000] {logging_mixin.py:188} INFO - [2024-04-15T11:28:54.864+0000] {dag.py:3047} INFO - Sync 1 DAGs
[2024-04-15T11:28:54.933+0000] {logging_mixin.py:188} INFO - [2024-04-15T11:28:54.933+0000] {dag.py:3834} INFO - Setting next_dagrun for example_nested_branch_dag to 2024-04-14 00:00:00+00:00, run_after=2024-04-15 00:00:00+00:00
[2024-04-15T11:28:55.004+0000] {processor.py:183} INFO - Processing /home/airflow/.local/lib/python3.8/site-packages/airflow/example_dags/example_nested_branch_dag.py took 0.268 seconds
[2024-04-15T11:29:26.358+0000] {processor.py:161} INFO - Started process (PID=1264) to work on /home/airflow/.local/lib/python3.8/site-packages/airflow/example_dags/example_nested_branch_dag.py
[2024-04-15T11:29:26.359+0000] {processor.py:830} INFO - Processing file /home/airflow/.local/lib/python3.8/site-packages/airflow/example_dags/example_nested_branch_dag.py for tasks to queue
[2024-04-15T11:29:26.361+0000] {logging_mixin.py:188} INFO - [2024-04-15T11:29:26.361+0000] {dagbag.py:540} INFO - Filling up the DagBag from /home/airflow/.local/lib/python3.8/site-packages/airflow/example_dags/example_nested_branch_dag.py
[2024-04-15T11:29:26.371+0000] {processor.py:840} INFO - DAG(s) 'example_nested_branch_dag' retrieved from /home/airflow/.local/lib/python3.8/site-packages/airflow/example_dags/example_nested_branch_dag.py
[2024-04-15T11:29:26.394+0000] {logging_mixin.py:188} INFO - [2024-04-15T11:29:26.394+0000] {dag.py:3047} INFO - Sync 1 DAGs
[2024-04-15T11:29:26.417+0000] {logging_mixin.py:188} INFO - [2024-04-15T11:29:26.417+0000] {dag.py:3834} INFO - Setting next_dagrun for example_nested_branch_dag to 2024-04-14 00:00:00+00:00, run_after=2024-04-15 00:00:00+00:00
[2024-04-15T11:29:26.447+0000] {processor.py:183} INFO - Processing /home/airflow/.local/lib/python3.8/site-packages/airflow/example_dags/example_nested_branch_dag.py took 0.093 seconds
[2024-04-15T11:29:56.759+0000] {processor.py:161} INFO - Started process (PID=1319) to work on /home/airflow/.local/lib/python3.8/site-packages/airflow/example_dags/example_nested_branch_dag.py
[2024-04-15T11:29:56.763+0000] {processor.py:830} INFO - Processing file /home/airflow/.local/lib/python3.8/site-packages/airflow/example_dags/example_nested_branch_dag.py for tasks to queue
[2024-04-15T11:29:56.765+0000] {logging_mixin.py:188} INFO - [2024-04-15T11:29:56.765+0000] {dagbag.py:540} INFO - Filling up the DagBag from /home/airflow/.local/lib/python3.8/site-packages/airflow/example_dags/example_nested_branch_dag.py
[2024-04-15T11:29:56.776+0000] {processor.py:840} INFO - DAG(s) 'example_nested_branch_dag' retrieved from /home/airflow/.local/lib/python3.8/site-packages/airflow/example_dags/example_nested_branch_dag.py
[2024-04-15T11:29:56.799+0000] {logging_mixin.py:188} INFO - [2024-04-15T11:29:56.798+0000] {dag.py:3047} INFO - Sync 1 DAGs
[2024-04-15T11:29:56.821+0000] {logging_mixin.py:188} INFO - [2024-04-15T11:29:56.820+0000] {dag.py:3834} INFO - Setting next_dagrun for example_nested_branch_dag to 2024-04-14 00:00:00+00:00, run_after=2024-04-15 00:00:00+00:00
[2024-04-15T11:29:56.845+0000] {processor.py:183} INFO - Processing /home/airflow/.local/lib/python3.8/site-packages/airflow/example_dags/example_nested_branch_dag.py took 0.089 seconds
[2024-04-15T11:30:27.113+0000] {processor.py:161} INFO - Started process (PID=1374) to work on /home/airflow/.local/lib/python3.8/site-packages/airflow/example_dags/example_nested_branch_dag.py
[2024-04-15T11:30:27.115+0000] {processor.py:830} INFO - Processing file /home/airflow/.local/lib/python3.8/site-packages/airflow/example_dags/example_nested_branch_dag.py for tasks to queue
[2024-04-15T11:30:27.117+0000] {logging_mixin.py:188} INFO - [2024-04-15T11:30:27.117+0000] {dagbag.py:540} INFO - Filling up the DagBag from /home/airflow/.local/lib/python3.8/site-packages/airflow/example_dags/example_nested_branch_dag.py
[2024-04-15T11:30:27.127+0000] {processor.py:840} INFO - DAG(s) 'example_nested_branch_dag' retrieved from /home/airflow/.local/lib/python3.8/site-packages/airflow/example_dags/example_nested_branch_dag.py
[2024-04-15T11:30:27.150+0000] {logging_mixin.py:188} INFO - [2024-04-15T11:30:27.149+0000] {dag.py:3047} INFO - Sync 1 DAGs
[2024-04-15T11:30:27.172+0000] {logging_mixin.py:188} INFO - [2024-04-15T11:30:27.172+0000] {dag.py:3834} INFO - Setting next_dagrun for example_nested_branch_dag to 2024-04-14 00:00:00+00:00, run_after=2024-04-15 00:00:00+00:00
[2024-04-15T11:30:27.199+0000] {processor.py:183} INFO - Processing /home/airflow/.local/lib/python3.8/site-packages/airflow/example_dags/example_nested_branch_dag.py took 0.088 seconds
[2024-04-15T11:30:57.557+0000] {processor.py:161} INFO - Started process (PID=1429) to work on /home/airflow/.local/lib/python3.8/site-packages/airflow/example_dags/example_nested_branch_dag.py
[2024-04-15T11:30:57.558+0000] {processor.py:830} INFO - Processing file /home/airflow/.local/lib/python3.8/site-packages/airflow/example_dags/example_nested_branch_dag.py for tasks to queue
[2024-04-15T11:30:57.560+0000] {logging_mixin.py:188} INFO - [2024-04-15T11:30:57.560+0000] {dagbag.py:540} INFO - Filling up the DagBag from /home/airflow/.local/lib/python3.8/site-packages/airflow/example_dags/example_nested_branch_dag.py
[2024-04-15T11:30:57.570+0000] {processor.py:840} INFO - DAG(s) 'example_nested_branch_dag' retrieved from /home/airflow/.local/lib/python3.8/site-packages/airflow/example_dags/example_nested_branch_dag.py
[2024-04-15T11:30:57.594+0000] {logging_mixin.py:188} INFO - [2024-04-15T11:30:57.594+0000] {dag.py:3047} INFO - Sync 1 DAGs
[2024-04-15T11:30:57.614+0000] {logging_mixin.py:188} INFO - [2024-04-15T11:30:57.614+0000] {dag.py:3834} INFO - Setting next_dagrun for example_nested_branch_dag to 2024-04-14 00:00:00+00:00, run_after=2024-04-15 00:00:00+00:00
[2024-04-15T11:30:57.639+0000] {processor.py:183} INFO - Processing /home/airflow/.local/lib/python3.8/site-packages/airflow/example_dags/example_nested_branch_dag.py took 0.086 seconds
[2024-04-15T11:31:27.758+0000] {processor.py:161} INFO - Started process (PID=1484) to work on /home/airflow/.local/lib/python3.8/site-packages/airflow/example_dags/example_nested_branch_dag.py
[2024-04-15T11:31:27.760+0000] {processor.py:830} INFO - Processing file /home/airflow/.local/lib/python3.8/site-packages/airflow/example_dags/example_nested_branch_dag.py for tasks to queue
[2024-04-15T11:31:27.762+0000] {logging_mixin.py:188} INFO - [2024-04-15T11:31:27.762+0000] {dagbag.py:540} INFO - Filling up the DagBag from /home/airflow/.local/lib/python3.8/site-packages/airflow/example_dags/example_nested_branch_dag.py
[2024-04-15T11:31:27.771+0000] {processor.py:840} INFO - DAG(s) 'example_nested_branch_dag' retrieved from /home/airflow/.local/lib/python3.8/site-packages/airflow/example_dags/example_nested_branch_dag.py
[2024-04-15T11:31:27.794+0000] {logging_mixin.py:188} INFO - [2024-04-15T11:31:27.794+0000] {dag.py:3047} INFO - Sync 1 DAGs
[2024-04-15T11:31:27.815+0000] {logging_mixin.py:188} INFO - [2024-04-15T11:31:27.815+0000] {dag.py:3834} INFO - Setting next_dagrun for example_nested_branch_dag to 2024-04-14 00:00:00+00:00, run_after=2024-04-15 00:00:00+00:00
[2024-04-15T11:31:27.840+0000] {processor.py:183} INFO - Processing /home/airflow/.local/lib/python3.8/site-packages/airflow/example_dags/example_nested_branch_dag.py took 0.085 seconds
[2024-04-15T11:31:58.361+0000] {processor.py:161} INFO - Started process (PID=1539) to work on /home/airflow/.local/lib/python3.8/site-packages/airflow/example_dags/example_nested_branch_dag.py
[2024-04-15T11:31:58.363+0000] {processor.py:830} INFO - Processing file /home/airflow/.local/lib/python3.8/site-packages/airflow/example_dags/example_nested_branch_dag.py for tasks to queue
[2024-04-15T11:31:58.365+0000] {logging_mixin.py:188} INFO - [2024-04-15T11:31:58.365+0000] {dagbag.py:540} INFO - Filling up the DagBag from /home/airflow/.local/lib/python3.8/site-packages/airflow/example_dags/example_nested_branch_dag.py
[2024-04-15T11:31:58.374+0000] {processor.py:840} INFO - DAG(s) 'example_nested_branch_dag' retrieved from /home/airflow/.local/lib/python3.8/site-packages/airflow/example_dags/example_nested_branch_dag.py
[2024-04-15T11:31:58.398+0000] {logging_mixin.py:188} INFO - [2024-04-15T11:31:58.398+0000] {dag.py:3047} INFO - Sync 1 DAGs
[2024-04-15T11:31:58.425+0000] {logging_mixin.py:188} INFO - [2024-04-15T11:31:58.425+0000] {dag.py:3834} INFO - Setting next_dagrun for example_nested_branch_dag to 2024-04-14 00:00:00+00:00, run_after=2024-04-15 00:00:00+00:00
[2024-04-15T11:31:58.448+0000] {processor.py:183} INFO - Processing /home/airflow/.local/lib/python3.8/site-packages/airflow/example_dags/example_nested_branch_dag.py took 0.089 seconds
[2024-04-15T12:11:20.342+0000] {processor.py:161} INFO - Started process (PID=1580) to work on /home/airflow/.local/lib/python3.8/site-packages/airflow/example_dags/example_nested_branch_dag.py
[2024-04-15T12:11:20.344+0000] {processor.py:830} INFO - Processing file /home/airflow/.local/lib/python3.8/site-packages/airflow/example_dags/example_nested_branch_dag.py for tasks to queue
[2024-04-15T12:11:20.345+0000] {logging_mixin.py:188} INFO - [2024-04-15T12:11:20.345+0000] {dagbag.py:540} INFO - Filling up the DagBag from /home/airflow/.local/lib/python3.8/site-packages/airflow/example_dags/example_nested_branch_dag.py
[2024-04-15T12:11:20.356+0000] {processor.py:840} INFO - DAG(s) 'example_nested_branch_dag' retrieved from /home/airflow/.local/lib/python3.8/site-packages/airflow/example_dags/example_nested_branch_dag.py
[2024-04-15T12:11:20.382+0000] {logging_mixin.py:188} INFO - [2024-04-15T12:11:20.381+0000] {dag.py:3047} INFO - Sync 1 DAGs
[2024-04-15T12:11:20.452+0000] {logging_mixin.py:188} INFO - [2024-04-15T12:11:20.452+0000] {dag.py:3834} INFO - Setting next_dagrun for example_nested_branch_dag to 2024-04-14 00:00:00+00:00, run_after=2024-04-15 00:00:00+00:00
[2024-04-15T12:11:20.506+0000] {processor.py:183} INFO - Processing /home/airflow/.local/lib/python3.8/site-packages/airflow/example_dags/example_nested_branch_dag.py took 0.167 seconds
[2024-04-15T12:11:50.702+0000] {processor.py:161} INFO - Started process (PID=1635) to work on /home/airflow/.local/lib/python3.8/site-packages/airflow/example_dags/example_nested_branch_dag.py
[2024-04-15T12:11:50.703+0000] {processor.py:830} INFO - Processing file /home/airflow/.local/lib/python3.8/site-packages/airflow/example_dags/example_nested_branch_dag.py for tasks to queue
[2024-04-15T12:11:50.705+0000] {logging_mixin.py:188} INFO - [2024-04-15T12:11:50.704+0000] {dagbag.py:540} INFO - Filling up the DagBag from /home/airflow/.local/lib/python3.8/site-packages/airflow/example_dags/example_nested_branch_dag.py
[2024-04-15T12:11:50.715+0000] {processor.py:840} INFO - DAG(s) 'example_nested_branch_dag' retrieved from /home/airflow/.local/lib/python3.8/site-packages/airflow/example_dags/example_nested_branch_dag.py
[2024-04-15T12:11:50.739+0000] {logging_mixin.py:188} INFO - [2024-04-15T12:11:50.739+0000] {dag.py:3047} INFO - Sync 1 DAGs
[2024-04-15T12:11:50.768+0000] {logging_mixin.py:188} INFO - [2024-04-15T12:11:50.768+0000] {dag.py:3834} INFO - Setting next_dagrun for example_nested_branch_dag to 2024-04-14 00:00:00+00:00, run_after=2024-04-15 00:00:00+00:00
[2024-04-15T12:11:50.799+0000] {processor.py:183} INFO - Processing /home/airflow/.local/lib/python3.8/site-packages/airflow/example_dags/example_nested_branch_dag.py took 0.101 seconds
[2024-04-15T12:12:21.179+0000] {processor.py:161} INFO - Started process (PID=1690) to work on /home/airflow/.local/lib/python3.8/site-packages/airflow/example_dags/example_nested_branch_dag.py
[2024-04-15T12:12:21.181+0000] {processor.py:830} INFO - Processing file /home/airflow/.local/lib/python3.8/site-packages/airflow/example_dags/example_nested_branch_dag.py for tasks to queue
[2024-04-15T12:12:21.184+0000] {logging_mixin.py:188} INFO - [2024-04-15T12:12:21.183+0000] {dagbag.py:540} INFO - Filling up the DagBag from /home/airflow/.local/lib/python3.8/site-packages/airflow/example_dags/example_nested_branch_dag.py
[2024-04-15T12:12:21.200+0000] {processor.py:840} INFO - DAG(s) 'example_nested_branch_dag' retrieved from /home/airflow/.local/lib/python3.8/site-packages/airflow/example_dags/example_nested_branch_dag.py
[2024-04-15T12:12:21.239+0000] {logging_mixin.py:188} INFO - [2024-04-15T12:12:21.239+0000] {dag.py:3047} INFO - Sync 1 DAGs
[2024-04-15T12:12:21.279+0000] {logging_mixin.py:188} INFO - [2024-04-15T12:12:21.279+0000] {dag.py:3834} INFO - Setting next_dagrun for example_nested_branch_dag to 2024-04-14 00:00:00+00:00, run_after=2024-04-15 00:00:00+00:00
[2024-04-15T12:12:21.321+0000] {processor.py:183} INFO - Processing /home/airflow/.local/lib/python3.8/site-packages/airflow/example_dags/example_nested_branch_dag.py took 0.146 seconds
[2024-04-15T12:12:51.939+0000] {processor.py:161} INFO - Started process (PID=1745) to work on /home/airflow/.local/lib/python3.8/site-packages/airflow/example_dags/example_nested_branch_dag.py
[2024-04-15T12:12:51.940+0000] {processor.py:830} INFO - Processing file /home/airflow/.local/lib/python3.8/site-packages/airflow/example_dags/example_nested_branch_dag.py for tasks to queue
[2024-04-15T12:12:51.941+0000] {logging_mixin.py:188} INFO - [2024-04-15T12:12:51.941+0000] {dagbag.py:540} INFO - Filling up the DagBag from /home/airflow/.local/lib/python3.8/site-packages/airflow/example_dags/example_nested_branch_dag.py
[2024-04-15T12:12:51.951+0000] {processor.py:840} INFO - DAG(s) 'example_nested_branch_dag' retrieved from /home/airflow/.local/lib/python3.8/site-packages/airflow/example_dags/example_nested_branch_dag.py
[2024-04-15T12:12:51.976+0000] {logging_mixin.py:188} INFO - [2024-04-15T12:12:51.975+0000] {dag.py:3047} INFO - Sync 1 DAGs
[2024-04-15T12:12:51.997+0000] {logging_mixin.py:188} INFO - [2024-04-15T12:12:51.997+0000] {dag.py:3834} INFO - Setting next_dagrun for example_nested_branch_dag to 2024-04-14 00:00:00+00:00, run_after=2024-04-15 00:00:00+00:00
[2024-04-15T12:12:52.022+0000] {processor.py:183} INFO - Processing /home/airflow/.local/lib/python3.8/site-packages/airflow/example_dags/example_nested_branch_dag.py took 0.086 seconds
[2024-04-15T12:13:22.303+0000] {processor.py:161} INFO - Started process (PID=1800) to work on /home/airflow/.local/lib/python3.8/site-packages/airflow/example_dags/example_nested_branch_dag.py
[2024-04-15T12:13:22.304+0000] {processor.py:830} INFO - Processing file /home/airflow/.local/lib/python3.8/site-packages/airflow/example_dags/example_nested_branch_dag.py for tasks to queue
[2024-04-15T12:13:22.306+0000] {logging_mixin.py:188} INFO - [2024-04-15T12:13:22.305+0000] {dagbag.py:540} INFO - Filling up the DagBag from /home/airflow/.local/lib/python3.8/site-packages/airflow/example_dags/example_nested_branch_dag.py
[2024-04-15T12:13:22.316+0000] {processor.py:840} INFO - DAG(s) 'example_nested_branch_dag' retrieved from /home/airflow/.local/lib/python3.8/site-packages/airflow/example_dags/example_nested_branch_dag.py
[2024-04-15T12:13:22.340+0000] {logging_mixin.py:188} INFO - [2024-04-15T12:13:22.340+0000] {dag.py:3047} INFO - Sync 1 DAGs
[2024-04-15T12:13:22.359+0000] {logging_mixin.py:188} INFO - [2024-04-15T12:13:22.359+0000] {dag.py:3834} INFO - Setting next_dagrun for example_nested_branch_dag to 2024-04-14 00:00:00+00:00, run_after=2024-04-15 00:00:00+00:00
[2024-04-15T12:13:22.384+0000] {processor.py:183} INFO - Processing /home/airflow/.local/lib/python3.8/site-packages/airflow/example_dags/example_nested_branch_dag.py took 0.084 seconds
[2024-04-15T12:13:52.654+0000] {processor.py:161} INFO - Started process (PID=1855) to work on /home/airflow/.local/lib/python3.8/site-packages/airflow/example_dags/example_nested_branch_dag.py
[2024-04-15T12:13:52.656+0000] {processor.py:830} INFO - Processing file /home/airflow/.local/lib/python3.8/site-packages/airflow/example_dags/example_nested_branch_dag.py for tasks to queue
[2024-04-15T12:13:52.658+0000] {logging_mixin.py:188} INFO - [2024-04-15T12:13:52.658+0000] {dagbag.py:540} INFO - Filling up the DagBag from /home/airflow/.local/lib/python3.8/site-packages/airflow/example_dags/example_nested_branch_dag.py
[2024-04-15T12:13:52.673+0000] {processor.py:840} INFO - DAG(s) 'example_nested_branch_dag' retrieved from /home/airflow/.local/lib/python3.8/site-packages/airflow/example_dags/example_nested_branch_dag.py
[2024-04-15T12:13:52.707+0000] {logging_mixin.py:188} INFO - [2024-04-15T12:13:52.706+0000] {dag.py:3047} INFO - Sync 1 DAGs
[2024-04-15T12:13:52.747+0000] {logging_mixin.py:188} INFO - [2024-04-15T12:13:52.747+0000] {dag.py:3834} INFO - Setting next_dagrun for example_nested_branch_dag to 2024-04-14 00:00:00+00:00, run_after=2024-04-15 00:00:00+00:00
[2024-04-15T12:13:52.778+0000] {processor.py:183} INFO - Processing /home/airflow/.local/lib/python3.8/site-packages/airflow/example_dags/example_nested_branch_dag.py took 0.129 seconds
[2024-04-15T12:14:23.304+0000] {processor.py:161} INFO - Started process (PID=1910) to work on /home/airflow/.local/lib/python3.8/site-packages/airflow/example_dags/example_nested_branch_dag.py
[2024-04-15T12:14:23.305+0000] {processor.py:830} INFO - Processing file /home/airflow/.local/lib/python3.8/site-packages/airflow/example_dags/example_nested_branch_dag.py for tasks to queue
[2024-04-15T12:14:23.307+0000] {logging_mixin.py:188} INFO - [2024-04-15T12:14:23.306+0000] {dagbag.py:540} INFO - Filling up the DagBag from /home/airflow/.local/lib/python3.8/site-packages/airflow/example_dags/example_nested_branch_dag.py
[2024-04-15T12:14:23.316+0000] {processor.py:840} INFO - DAG(s) 'example_nested_branch_dag' retrieved from /home/airflow/.local/lib/python3.8/site-packages/airflow/example_dags/example_nested_branch_dag.py
[2024-04-15T12:14:23.342+0000] {logging_mixin.py:188} INFO - [2024-04-15T12:14:23.341+0000] {dag.py:3047} INFO - Sync 1 DAGs
[2024-04-15T12:14:23.361+0000] {logging_mixin.py:188} INFO - [2024-04-15T12:14:23.361+0000] {dag.py:3834} INFO - Setting next_dagrun for example_nested_branch_dag to 2024-04-14 00:00:00+00:00, run_after=2024-04-15 00:00:00+00:00
[2024-04-15T12:14:23.389+0000] {processor.py:183} INFO - Processing /home/airflow/.local/lib/python3.8/site-packages/airflow/example_dags/example_nested_branch_dag.py took 0.089 seconds
[2024-04-15T12:14:53.495+0000] {processor.py:161} INFO - Started process (PID=1965) to work on /home/airflow/.local/lib/python3.8/site-packages/airflow/example_dags/example_nested_branch_dag.py
[2024-04-15T12:14:53.497+0000] {processor.py:830} INFO - Processing file /home/airflow/.local/lib/python3.8/site-packages/airflow/example_dags/example_nested_branch_dag.py for tasks to queue
[2024-04-15T12:14:53.498+0000] {logging_mixin.py:188} INFO - [2024-04-15T12:14:53.498+0000] {dagbag.py:540} INFO - Filling up the DagBag from /home/airflow/.local/lib/python3.8/site-packages/airflow/example_dags/example_nested_branch_dag.py
[2024-04-15T12:14:53.509+0000] {processor.py:840} INFO - DAG(s) 'example_nested_branch_dag' retrieved from /home/airflow/.local/lib/python3.8/site-packages/airflow/example_dags/example_nested_branch_dag.py
[2024-04-15T12:14:53.535+0000] {logging_mixin.py:188} INFO - [2024-04-15T12:14:53.535+0000] {dag.py:3047} INFO - Sync 1 DAGs
[2024-04-15T12:14:53.564+0000] {logging_mixin.py:188} INFO - [2024-04-15T12:14:53.564+0000] {dag.py:3834} INFO - Setting next_dagrun for example_nested_branch_dag to 2024-04-14 00:00:00+00:00, run_after=2024-04-15 00:00:00+00:00
[2024-04-15T12:14:53.589+0000] {processor.py:183} INFO - Processing /home/airflow/.local/lib/python3.8/site-packages/airflow/example_dags/example_nested_branch_dag.py took 0.097 seconds
[2024-04-15T12:15:23.928+0000] {processor.py:161} INFO - Started process (PID=2020) to work on /home/airflow/.local/lib/python3.8/site-packages/airflow/example_dags/example_nested_branch_dag.py
[2024-04-15T12:15:23.930+0000] {processor.py:830} INFO - Processing file /home/airflow/.local/lib/python3.8/site-packages/airflow/example_dags/example_nested_branch_dag.py for tasks to queue
[2024-04-15T12:15:23.932+0000] {logging_mixin.py:188} INFO - [2024-04-15T12:15:23.931+0000] {dagbag.py:540} INFO - Filling up the DagBag from /home/airflow/.local/lib/python3.8/site-packages/airflow/example_dags/example_nested_branch_dag.py
[2024-04-15T12:15:23.946+0000] {processor.py:840} INFO - DAG(s) 'example_nested_branch_dag' retrieved from /home/airflow/.local/lib/python3.8/site-packages/airflow/example_dags/example_nested_branch_dag.py
[2024-04-15T12:15:23.970+0000] {logging_mixin.py:188} INFO - [2024-04-15T12:15:23.969+0000] {dag.py:3047} INFO - Sync 1 DAGs
[2024-04-15T12:15:23.992+0000] {logging_mixin.py:188} INFO - [2024-04-15T12:15:23.991+0000] {dag.py:3834} INFO - Setting next_dagrun for example_nested_branch_dag to 2024-04-14 00:00:00+00:00, run_after=2024-04-15 00:00:00+00:00
[2024-04-15T12:15:24.017+0000] {processor.py:183} INFO - Processing /home/airflow/.local/lib/python3.8/site-packages/airflow/example_dags/example_nested_branch_dag.py took 0.092 seconds
[2024-04-15T12:15:54.384+0000] {processor.py:161} INFO - Started process (PID=2075) to work on /home/airflow/.local/lib/python3.8/site-packages/airflow/example_dags/example_nested_branch_dag.py
[2024-04-15T12:15:54.385+0000] {processor.py:830} INFO - Processing file /home/airflow/.local/lib/python3.8/site-packages/airflow/example_dags/example_nested_branch_dag.py for tasks to queue
[2024-04-15T12:15:54.386+0000] {logging_mixin.py:188} INFO - [2024-04-15T12:15:54.386+0000] {dagbag.py:540} INFO - Filling up the DagBag from /home/airflow/.local/lib/python3.8/site-packages/airflow/example_dags/example_nested_branch_dag.py
[2024-04-15T12:15:54.396+0000] {processor.py:840} INFO - DAG(s) 'example_nested_branch_dag' retrieved from /home/airflow/.local/lib/python3.8/site-packages/airflow/example_dags/example_nested_branch_dag.py
[2024-04-15T12:15:54.423+0000] {logging_mixin.py:188} INFO - [2024-04-15T12:15:54.423+0000] {dag.py:3047} INFO - Sync 1 DAGs
[2024-04-15T12:15:54.447+0000] {logging_mixin.py:188} INFO - [2024-04-15T12:15:54.447+0000] {dag.py:3834} INFO - Setting next_dagrun for example_nested_branch_dag to 2024-04-14 00:00:00+00:00, run_after=2024-04-15 00:00:00+00:00
[2024-04-15T12:15:54.472+0000] {processor.py:183} INFO - Processing /home/airflow/.local/lib/python3.8/site-packages/airflow/example_dags/example_nested_branch_dag.py took 0.091 seconds
[2024-04-15T12:16:24.528+0000] {processor.py:161} INFO - Started process (PID=2129) to work on /home/airflow/.local/lib/python3.8/site-packages/airflow/example_dags/example_nested_branch_dag.py
[2024-04-15T12:16:24.530+0000] {processor.py:830} INFO - Processing file /home/airflow/.local/lib/python3.8/site-packages/airflow/example_dags/example_nested_branch_dag.py for tasks to queue
[2024-04-15T12:16:24.531+0000] {logging_mixin.py:188} INFO - [2024-04-15T12:16:24.531+0000] {dagbag.py:540} INFO - Filling up the DagBag from /home/airflow/.local/lib/python3.8/site-packages/airflow/example_dags/example_nested_branch_dag.py
[2024-04-15T12:16:24.542+0000] {processor.py:840} INFO - DAG(s) 'example_nested_branch_dag' retrieved from /home/airflow/.local/lib/python3.8/site-packages/airflow/example_dags/example_nested_branch_dag.py
[2024-04-15T12:16:24.567+0000] {logging_mixin.py:188} INFO - [2024-04-15T12:16:24.567+0000] {dag.py:3047} INFO - Sync 1 DAGs
[2024-04-15T12:16:24.593+0000] {logging_mixin.py:188} INFO - [2024-04-15T12:16:24.592+0000] {dag.py:3834} INFO - Setting next_dagrun for example_nested_branch_dag to 2024-04-14 00:00:00+00:00, run_after=2024-04-15 00:00:00+00:00
[2024-04-15T12:16:24.617+0000] {processor.py:183} INFO - Processing /home/airflow/.local/lib/python3.8/site-packages/airflow/example_dags/example_nested_branch_dag.py took 0.092 seconds
[2024-04-15T12:16:54.891+0000] {processor.py:161} INFO - Started process (PID=2185) to work on /home/airflow/.local/lib/python3.8/site-packages/airflow/example_dags/example_nested_branch_dag.py
[2024-04-15T12:16:54.893+0000] {processor.py:830} INFO - Processing file /home/airflow/.local/lib/python3.8/site-packages/airflow/example_dags/example_nested_branch_dag.py for tasks to queue
[2024-04-15T12:16:54.895+0000] {logging_mixin.py:188} INFO - [2024-04-15T12:16:54.894+0000] {dagbag.py:540} INFO - Filling up the DagBag from /home/airflow/.local/lib/python3.8/site-packages/airflow/example_dags/example_nested_branch_dag.py
[2024-04-15T12:16:54.904+0000] {processor.py:840} INFO - DAG(s) 'example_nested_branch_dag' retrieved from /home/airflow/.local/lib/python3.8/site-packages/airflow/example_dags/example_nested_branch_dag.py
[2024-04-15T12:16:54.928+0000] {logging_mixin.py:188} INFO - [2024-04-15T12:16:54.928+0000] {dag.py:3047} INFO - Sync 1 DAGs
[2024-04-15T12:16:54.948+0000] {logging_mixin.py:188} INFO - [2024-04-15T12:16:54.948+0000] {dag.py:3834} INFO - Setting next_dagrun for example_nested_branch_dag to 2024-04-14 00:00:00+00:00, run_after=2024-04-15 00:00:00+00:00
[2024-04-15T12:16:54.974+0000] {processor.py:183} INFO - Processing /home/airflow/.local/lib/python3.8/site-packages/airflow/example_dags/example_nested_branch_dag.py took 0.085 seconds
[2024-04-15T12:17:25.207+0000] {processor.py:161} INFO - Started process (PID=2239) to work on /home/airflow/.local/lib/python3.8/site-packages/airflow/example_dags/example_nested_branch_dag.py
[2024-04-15T12:17:25.209+0000] {processor.py:830} INFO - Processing file /home/airflow/.local/lib/python3.8/site-packages/airflow/example_dags/example_nested_branch_dag.py for tasks to queue
[2024-04-15T12:17:25.210+0000] {logging_mixin.py:188} INFO - [2024-04-15T12:17:25.210+0000] {dagbag.py:540} INFO - Filling up the DagBag from /home/airflow/.local/lib/python3.8/site-packages/airflow/example_dags/example_nested_branch_dag.py
[2024-04-15T12:17:25.221+0000] {processor.py:840} INFO - DAG(s) 'example_nested_branch_dag' retrieved from /home/airflow/.local/lib/python3.8/site-packages/airflow/example_dags/example_nested_branch_dag.py
[2024-04-15T12:17:25.248+0000] {logging_mixin.py:188} INFO - [2024-04-15T12:17:25.248+0000] {dag.py:3047} INFO - Sync 1 DAGs
[2024-04-15T12:17:25.268+0000] {logging_mixin.py:188} INFO - [2024-04-15T12:17:25.268+0000] {dag.py:3834} INFO - Setting next_dagrun for example_nested_branch_dag to 2024-04-14 00:00:00+00:00, run_after=2024-04-15 00:00:00+00:00
[2024-04-15T12:17:25.292+0000] {processor.py:183} INFO - Processing /home/airflow/.local/lib/python3.8/site-packages/airflow/example_dags/example_nested_branch_dag.py took 0.089 seconds
[2024-04-15T12:17:55.518+0000] {processor.py:161} INFO - Started process (PID=2294) to work on /home/airflow/.local/lib/python3.8/site-packages/airflow/example_dags/example_nested_branch_dag.py
[2024-04-15T12:17:55.519+0000] {processor.py:830} INFO - Processing file /home/airflow/.local/lib/python3.8/site-packages/airflow/example_dags/example_nested_branch_dag.py for tasks to queue
[2024-04-15T12:17:55.521+0000] {logging_mixin.py:188} INFO - [2024-04-15T12:17:55.520+0000] {dagbag.py:540} INFO - Filling up the DagBag from /home/airflow/.local/lib/python3.8/site-packages/airflow/example_dags/example_nested_branch_dag.py
[2024-04-15T12:17:55.530+0000] {processor.py:840} INFO - DAG(s) 'example_nested_branch_dag' retrieved from /home/airflow/.local/lib/python3.8/site-packages/airflow/example_dags/example_nested_branch_dag.py
[2024-04-15T12:17:55.554+0000] {logging_mixin.py:188} INFO - [2024-04-15T12:17:55.553+0000] {dag.py:3047} INFO - Sync 1 DAGs
[2024-04-15T12:17:55.575+0000] {logging_mixin.py:188} INFO - [2024-04-15T12:17:55.575+0000] {dag.py:3834} INFO - Setting next_dagrun for example_nested_branch_dag to 2024-04-14 00:00:00+00:00, run_after=2024-04-15 00:00:00+00:00
[2024-04-15T12:17:55.599+0000] {processor.py:183} INFO - Processing /home/airflow/.local/lib/python3.8/site-packages/airflow/example_dags/example_nested_branch_dag.py took 0.084 seconds
[2024-04-15T12:18:26.077+0000] {processor.py:161} INFO - Started process (PID=2349) to work on /home/airflow/.local/lib/python3.8/site-packages/airflow/example_dags/example_nested_branch_dag.py
[2024-04-15T12:18:26.079+0000] {processor.py:830} INFO - Processing file /home/airflow/.local/lib/python3.8/site-packages/airflow/example_dags/example_nested_branch_dag.py for tasks to queue
[2024-04-15T12:18:26.080+0000] {logging_mixin.py:188} INFO - [2024-04-15T12:18:26.080+0000] {dagbag.py:540} INFO - Filling up the DagBag from /home/airflow/.local/lib/python3.8/site-packages/airflow/example_dags/example_nested_branch_dag.py
[2024-04-15T12:18:26.091+0000] {processor.py:840} INFO - DAG(s) 'example_nested_branch_dag' retrieved from /home/airflow/.local/lib/python3.8/site-packages/airflow/example_dags/example_nested_branch_dag.py
[2024-04-15T12:18:26.133+0000] {logging_mixin.py:188} INFO - [2024-04-15T12:18:26.132+0000] {dag.py:3047} INFO - Sync 1 DAGs
[2024-04-15T12:18:26.159+0000] {logging_mixin.py:188} INFO - [2024-04-15T12:18:26.158+0000] {dag.py:3834} INFO - Setting next_dagrun for example_nested_branch_dag to 2024-04-14 00:00:00+00:00, run_after=2024-04-15 00:00:00+00:00
[2024-04-15T12:18:26.182+0000] {processor.py:183} INFO - Processing /home/airflow/.local/lib/python3.8/site-packages/airflow/example_dags/example_nested_branch_dag.py took 0.109 seconds
[2024-04-15T12:18:56.372+0000] {processor.py:161} INFO - Started process (PID=2404) to work on /home/airflow/.local/lib/python3.8/site-packages/airflow/example_dags/example_nested_branch_dag.py
[2024-04-15T12:18:56.373+0000] {processor.py:830} INFO - Processing file /home/airflow/.local/lib/python3.8/site-packages/airflow/example_dags/example_nested_branch_dag.py for tasks to queue
[2024-04-15T12:18:56.374+0000] {logging_mixin.py:188} INFO - [2024-04-15T12:18:56.374+0000] {dagbag.py:540} INFO - Filling up the DagBag from /home/airflow/.local/lib/python3.8/site-packages/airflow/example_dags/example_nested_branch_dag.py
[2024-04-15T12:18:56.383+0000] {processor.py:840} INFO - DAG(s) 'example_nested_branch_dag' retrieved from /home/airflow/.local/lib/python3.8/site-packages/airflow/example_dags/example_nested_branch_dag.py
[2024-04-15T12:18:56.406+0000] {logging_mixin.py:188} INFO - [2024-04-15T12:18:56.406+0000] {dag.py:3047} INFO - Sync 1 DAGs
[2024-04-15T12:18:56.436+0000] {logging_mixin.py:188} INFO - [2024-04-15T12:18:56.435+0000] {dag.py:3834} INFO - Setting next_dagrun for example_nested_branch_dag to 2024-04-14 00:00:00+00:00, run_after=2024-04-15 00:00:00+00:00
[2024-04-15T12:18:56.468+0000] {processor.py:183} INFO - Processing /home/airflow/.local/lib/python3.8/site-packages/airflow/example_dags/example_nested_branch_dag.py took 0.099 seconds
[2024-04-15T12:19:26.646+0000] {processor.py:161} INFO - Started process (PID=2459) to work on /home/airflow/.local/lib/python3.8/site-packages/airflow/example_dags/example_nested_branch_dag.py
[2024-04-15T12:19:26.647+0000] {processor.py:830} INFO - Processing file /home/airflow/.local/lib/python3.8/site-packages/airflow/example_dags/example_nested_branch_dag.py for tasks to queue
[2024-04-15T12:19:26.648+0000] {logging_mixin.py:188} INFO - [2024-04-15T12:19:26.648+0000] {dagbag.py:540} INFO - Filling up the DagBag from /home/airflow/.local/lib/python3.8/site-packages/airflow/example_dags/example_nested_branch_dag.py
[2024-04-15T12:19:26.658+0000] {processor.py:840} INFO - DAG(s) 'example_nested_branch_dag' retrieved from /home/airflow/.local/lib/python3.8/site-packages/airflow/example_dags/example_nested_branch_dag.py
[2024-04-15T12:19:26.682+0000] {logging_mixin.py:188} INFO - [2024-04-15T12:19:26.681+0000] {dag.py:3047} INFO - Sync 1 DAGs
[2024-04-15T12:19:26.701+0000] {logging_mixin.py:188} INFO - [2024-04-15T12:19:26.701+0000] {dag.py:3834} INFO - Setting next_dagrun for example_nested_branch_dag to 2024-04-14 00:00:00+00:00, run_after=2024-04-15 00:00:00+00:00
[2024-04-15T12:19:26.726+0000] {processor.py:183} INFO - Processing /home/airflow/.local/lib/python3.8/site-packages/airflow/example_dags/example_nested_branch_dag.py took 0.084 seconds
[2024-04-15T12:19:56.897+0000] {processor.py:161} INFO - Started process (PID=2514) to work on /home/airflow/.local/lib/python3.8/site-packages/airflow/example_dags/example_nested_branch_dag.py
[2024-04-15T12:19:56.899+0000] {processor.py:830} INFO - Processing file /home/airflow/.local/lib/python3.8/site-packages/airflow/example_dags/example_nested_branch_dag.py for tasks to queue
[2024-04-15T12:19:56.900+0000] {logging_mixin.py:188} INFO - [2024-04-15T12:19:56.900+0000] {dagbag.py:540} INFO - Filling up the DagBag from /home/airflow/.local/lib/python3.8/site-packages/airflow/example_dags/example_nested_branch_dag.py
[2024-04-15T12:19:56.909+0000] {processor.py:840} INFO - DAG(s) 'example_nested_branch_dag' retrieved from /home/airflow/.local/lib/python3.8/site-packages/airflow/example_dags/example_nested_branch_dag.py
[2024-04-15T12:19:56.932+0000] {logging_mixin.py:188} INFO - [2024-04-15T12:19:56.932+0000] {dag.py:3047} INFO - Sync 1 DAGs
[2024-04-15T12:19:56.959+0000] {logging_mixin.py:188} INFO - [2024-04-15T12:19:56.959+0000] {dag.py:3834} INFO - Setting next_dagrun for example_nested_branch_dag to 2024-04-14 00:00:00+00:00, run_after=2024-04-15 00:00:00+00:00
[2024-04-15T12:19:57.002+0000] {processor.py:183} INFO - Processing /home/airflow/.local/lib/python3.8/site-packages/airflow/example_dags/example_nested_branch_dag.py took 0.107 seconds
[2024-04-15T12:26:46.312+0000] {processor.py:161} INFO - Started process (PID=2567) to work on /home/airflow/.local/lib/python3.8/site-packages/airflow/example_dags/example_nested_branch_dag.py
[2024-04-15T12:26:46.315+0000] {processor.py:830} INFO - Processing file /home/airflow/.local/lib/python3.8/site-packages/airflow/example_dags/example_nested_branch_dag.py for tasks to queue
[2024-04-15T12:26:46.326+0000] {logging_mixin.py:188} INFO - [2024-04-15T12:26:46.317+0000] {dagbag.py:540} INFO - Filling up the DagBag from /home/airflow/.local/lib/python3.8/site-packages/airflow/example_dags/example_nested_branch_dag.py
[2024-04-15T12:26:46.345+0000] {processor.py:840} INFO - DAG(s) 'example_nested_branch_dag' retrieved from /home/airflow/.local/lib/python3.8/site-packages/airflow/example_dags/example_nested_branch_dag.py
[2024-04-15T12:26:46.384+0000] {logging_mixin.py:188} INFO - [2024-04-15T12:26:46.384+0000] {dag.py:3047} INFO - Sync 1 DAGs
[2024-04-15T12:26:46.422+0000] {logging_mixin.py:188} INFO - [2024-04-15T12:26:46.421+0000] {dag.py:3834} INFO - Setting next_dagrun for example_nested_branch_dag to 2024-04-14 00:00:00+00:00, run_after=2024-04-15 00:00:00+00:00
[2024-04-15T12:26:46.445+0000] {processor.py:183} INFO - Processing /home/airflow/.local/lib/python3.8/site-packages/airflow/example_dags/example_nested_branch_dag.py took 0.138 seconds
[2024-04-15T12:27:16.816+0000] {processor.py:161} INFO - Started process (PID=2622) to work on /home/airflow/.local/lib/python3.8/site-packages/airflow/example_dags/example_nested_branch_dag.py
[2024-04-15T12:27:16.818+0000] {processor.py:830} INFO - Processing file /home/airflow/.local/lib/python3.8/site-packages/airflow/example_dags/example_nested_branch_dag.py for tasks to queue
[2024-04-15T12:27:16.819+0000] {logging_mixin.py:188} INFO - [2024-04-15T12:27:16.819+0000] {dagbag.py:540} INFO - Filling up the DagBag from /home/airflow/.local/lib/python3.8/site-packages/airflow/example_dags/example_nested_branch_dag.py
[2024-04-15T12:27:16.831+0000] {processor.py:840} INFO - DAG(s) 'example_nested_branch_dag' retrieved from /home/airflow/.local/lib/python3.8/site-packages/airflow/example_dags/example_nested_branch_dag.py
[2024-04-15T12:27:16.856+0000] {logging_mixin.py:188} INFO - [2024-04-15T12:27:16.856+0000] {dag.py:3047} INFO - Sync 1 DAGs
[2024-04-15T12:27:16.880+0000] {logging_mixin.py:188} INFO - [2024-04-15T12:27:16.880+0000] {dag.py:3834} INFO - Setting next_dagrun for example_nested_branch_dag to 2024-04-14 00:00:00+00:00, run_after=2024-04-15 00:00:00+00:00
[2024-04-15T12:27:16.906+0000] {processor.py:183} INFO - Processing /home/airflow/.local/lib/python3.8/site-packages/airflow/example_dags/example_nested_branch_dag.py took 0.093 seconds
[2024-04-15T12:27:47.585+0000] {processor.py:161} INFO - Started process (PID=2677) to work on /home/airflow/.local/lib/python3.8/site-packages/airflow/example_dags/example_nested_branch_dag.py
[2024-04-15T12:27:47.586+0000] {processor.py:830} INFO - Processing file /home/airflow/.local/lib/python3.8/site-packages/airflow/example_dags/example_nested_branch_dag.py for tasks to queue
[2024-04-15T12:27:47.587+0000] {logging_mixin.py:188} INFO - [2024-04-15T12:27:47.587+0000] {dagbag.py:540} INFO - Filling up the DagBag from /home/airflow/.local/lib/python3.8/site-packages/airflow/example_dags/example_nested_branch_dag.py
[2024-04-15T12:27:47.598+0000] {processor.py:840} INFO - DAG(s) 'example_nested_branch_dag' retrieved from /home/airflow/.local/lib/python3.8/site-packages/airflow/example_dags/example_nested_branch_dag.py
[2024-04-15T12:27:47.632+0000] {logging_mixin.py:188} INFO - [2024-04-15T12:27:47.632+0000] {dag.py:3047} INFO - Sync 1 DAGs
[2024-04-15T12:27:47.660+0000] {logging_mixin.py:188} INFO - [2024-04-15T12:27:47.660+0000] {dag.py:3834} INFO - Setting next_dagrun for example_nested_branch_dag to 2024-04-14 00:00:00+00:00, run_after=2024-04-15 00:00:00+00:00
[2024-04-15T12:27:47.685+0000] {processor.py:183} INFO - Processing /home/airflow/.local/lib/python3.8/site-packages/airflow/example_dags/example_nested_branch_dag.py took 0.104 seconds
[2024-04-15T12:28:17.985+0000] {processor.py:161} INFO - Started process (PID=2732) to work on /home/airflow/.local/lib/python3.8/site-packages/airflow/example_dags/example_nested_branch_dag.py
[2024-04-15T12:28:17.987+0000] {processor.py:830} INFO - Processing file /home/airflow/.local/lib/python3.8/site-packages/airflow/example_dags/example_nested_branch_dag.py for tasks to queue
[2024-04-15T12:28:17.988+0000] {logging_mixin.py:188} INFO - [2024-04-15T12:28:17.988+0000] {dagbag.py:540} INFO - Filling up the DagBag from /home/airflow/.local/lib/python3.8/site-packages/airflow/example_dags/example_nested_branch_dag.py
[2024-04-15T12:28:17.998+0000] {processor.py:840} INFO - DAG(s) 'example_nested_branch_dag' retrieved from /home/airflow/.local/lib/python3.8/site-packages/airflow/example_dags/example_nested_branch_dag.py
[2024-04-15T12:28:18.023+0000] {logging_mixin.py:188} INFO - [2024-04-15T12:28:18.023+0000] {dag.py:3047} INFO - Sync 1 DAGs
[2024-04-15T12:28:18.043+0000] {logging_mixin.py:188} INFO - [2024-04-15T12:28:18.043+0000] {dag.py:3834} INFO - Setting next_dagrun for example_nested_branch_dag to 2024-04-14 00:00:00+00:00, run_after=2024-04-15 00:00:00+00:00
[2024-04-15T12:28:18.066+0000] {processor.py:183} INFO - Processing /home/airflow/.local/lib/python3.8/site-packages/airflow/example_dags/example_nested_branch_dag.py took 0.083 seconds
[2024-04-15T12:28:49.067+0000] {processor.py:161} INFO - Started process (PID=2788) to work on /home/airflow/.local/lib/python3.8/site-packages/airflow/example_dags/example_nested_branch_dag.py
[2024-04-15T12:28:49.069+0000] {processor.py:830} INFO - Processing file /home/airflow/.local/lib/python3.8/site-packages/airflow/example_dags/example_nested_branch_dag.py for tasks to queue
[2024-04-15T12:28:49.070+0000] {logging_mixin.py:188} INFO - [2024-04-15T12:28:49.070+0000] {dagbag.py:540} INFO - Filling up the DagBag from /home/airflow/.local/lib/python3.8/site-packages/airflow/example_dags/example_nested_branch_dag.py
[2024-04-15T12:28:49.084+0000] {processor.py:840} INFO - DAG(s) 'example_nested_branch_dag' retrieved from /home/airflow/.local/lib/python3.8/site-packages/airflow/example_dags/example_nested_branch_dag.py
[2024-04-15T12:28:49.114+0000] {logging_mixin.py:188} INFO - [2024-04-15T12:28:49.113+0000] {dag.py:3047} INFO - Sync 1 DAGs
[2024-04-15T12:28:49.167+0000] {logging_mixin.py:188} INFO - [2024-04-15T12:28:49.166+0000] {dag.py:3834} INFO - Setting next_dagrun for example_nested_branch_dag to 2024-04-14 00:00:00+00:00, run_after=2024-04-15 00:00:00+00:00
[2024-04-15T12:28:49.215+0000] {processor.py:183} INFO - Processing /home/airflow/.local/lib/python3.8/site-packages/airflow/example_dags/example_nested_branch_dag.py took 0.151 seconds
[2024-04-15T12:29:19.764+0000] {processor.py:161} INFO - Started process (PID=2843) to work on /home/airflow/.local/lib/python3.8/site-packages/airflow/example_dags/example_nested_branch_dag.py
[2024-04-15T12:29:19.766+0000] {processor.py:830} INFO - Processing file /home/airflow/.local/lib/python3.8/site-packages/airflow/example_dags/example_nested_branch_dag.py for tasks to queue
[2024-04-15T12:29:19.767+0000] {logging_mixin.py:188} INFO - [2024-04-15T12:29:19.767+0000] {dagbag.py:540} INFO - Filling up the DagBag from /home/airflow/.local/lib/python3.8/site-packages/airflow/example_dags/example_nested_branch_dag.py
[2024-04-15T12:29:19.777+0000] {processor.py:840} INFO - DAG(s) 'example_nested_branch_dag' retrieved from /home/airflow/.local/lib/python3.8/site-packages/airflow/example_dags/example_nested_branch_dag.py
[2024-04-15T12:29:19.801+0000] {logging_mixin.py:188} INFO - [2024-04-15T12:29:19.801+0000] {dag.py:3047} INFO - Sync 1 DAGs
[2024-04-15T12:29:19.826+0000] {logging_mixin.py:188} INFO - [2024-04-15T12:29:19.826+0000] {dag.py:3834} INFO - Setting next_dagrun for example_nested_branch_dag to 2024-04-14 00:00:00+00:00, run_after=2024-04-15 00:00:00+00:00
[2024-04-15T12:29:19.850+0000] {processor.py:183} INFO - Processing /home/airflow/.local/lib/python3.8/site-packages/airflow/example_dags/example_nested_branch_dag.py took 0.089 seconds
[2024-04-15T12:29:50.344+0000] {processor.py:161} INFO - Started process (PID=2898) to work on /home/airflow/.local/lib/python3.8/site-packages/airflow/example_dags/example_nested_branch_dag.py
[2024-04-15T12:29:50.346+0000] {processor.py:830} INFO - Processing file /home/airflow/.local/lib/python3.8/site-packages/airflow/example_dags/example_nested_branch_dag.py for tasks to queue
[2024-04-15T12:29:50.347+0000] {logging_mixin.py:188} INFO - [2024-04-15T12:29:50.347+0000] {dagbag.py:540} INFO - Filling up the DagBag from /home/airflow/.local/lib/python3.8/site-packages/airflow/example_dags/example_nested_branch_dag.py
[2024-04-15T12:29:50.356+0000] {processor.py:840} INFO - DAG(s) 'example_nested_branch_dag' retrieved from /home/airflow/.local/lib/python3.8/site-packages/airflow/example_dags/example_nested_branch_dag.py
[2024-04-15T12:29:50.380+0000] {logging_mixin.py:188} INFO - [2024-04-15T12:29:50.379+0000] {dag.py:3047} INFO - Sync 1 DAGs
[2024-04-15T12:29:50.400+0000] {logging_mixin.py:188} INFO - [2024-04-15T12:29:50.400+0000] {dag.py:3834} INFO - Setting next_dagrun for example_nested_branch_dag to 2024-04-14 00:00:00+00:00, run_after=2024-04-15 00:00:00+00:00
[2024-04-15T12:29:50.425+0000] {processor.py:183} INFO - Processing /home/airflow/.local/lib/python3.8/site-packages/airflow/example_dags/example_nested_branch_dag.py took 0.085 seconds
[2024-04-15T12:30:21.230+0000] {processor.py:161} INFO - Started process (PID=2953) to work on /home/airflow/.local/lib/python3.8/site-packages/airflow/example_dags/example_nested_branch_dag.py
[2024-04-15T12:30:21.231+0000] {processor.py:830} INFO - Processing file /home/airflow/.local/lib/python3.8/site-packages/airflow/example_dags/example_nested_branch_dag.py for tasks to queue
[2024-04-15T12:30:21.232+0000] {logging_mixin.py:188} INFO - [2024-04-15T12:30:21.232+0000] {dagbag.py:540} INFO - Filling up the DagBag from /home/airflow/.local/lib/python3.8/site-packages/airflow/example_dags/example_nested_branch_dag.py
[2024-04-15T12:30:21.244+0000] {processor.py:840} INFO - DAG(s) 'example_nested_branch_dag' retrieved from /home/airflow/.local/lib/python3.8/site-packages/airflow/example_dags/example_nested_branch_dag.py
[2024-04-15T12:30:21.270+0000] {logging_mixin.py:188} INFO - [2024-04-15T12:30:21.269+0000] {dag.py:3047} INFO - Sync 1 DAGs
[2024-04-15T12:30:21.291+0000] {logging_mixin.py:188} INFO - [2024-04-15T12:30:21.291+0000] {dag.py:3834} INFO - Setting next_dagrun for example_nested_branch_dag to 2024-04-14 00:00:00+00:00, run_after=2024-04-15 00:00:00+00:00
[2024-04-15T12:30:21.315+0000] {processor.py:183} INFO - Processing /home/airflow/.local/lib/python3.8/site-packages/airflow/example_dags/example_nested_branch_dag.py took 0.088 seconds
[2024-04-15T12:30:51.664+0000] {processor.py:161} INFO - Started process (PID=3008) to work on /home/airflow/.local/lib/python3.8/site-packages/airflow/example_dags/example_nested_branch_dag.py
[2024-04-15T12:30:51.666+0000] {processor.py:830} INFO - Processing file /home/airflow/.local/lib/python3.8/site-packages/airflow/example_dags/example_nested_branch_dag.py for tasks to queue
[2024-04-15T12:30:51.667+0000] {logging_mixin.py:188} INFO - [2024-04-15T12:30:51.667+0000] {dagbag.py:540} INFO - Filling up the DagBag from /home/airflow/.local/lib/python3.8/site-packages/airflow/example_dags/example_nested_branch_dag.py
[2024-04-15T12:30:51.677+0000] {processor.py:840} INFO - DAG(s) 'example_nested_branch_dag' retrieved from /home/airflow/.local/lib/python3.8/site-packages/airflow/example_dags/example_nested_branch_dag.py
[2024-04-15T12:30:51.702+0000] {logging_mixin.py:188} INFO - [2024-04-15T12:30:51.702+0000] {dag.py:3047} INFO - Sync 1 DAGs
[2024-04-15T12:30:51.726+0000] {logging_mixin.py:188} INFO - [2024-04-15T12:30:51.726+0000] {dag.py:3834} INFO - Setting next_dagrun for example_nested_branch_dag to 2024-04-14 00:00:00+00:00, run_after=2024-04-15 00:00:00+00:00
[2024-04-15T12:30:51.753+0000] {processor.py:183} INFO - Processing /home/airflow/.local/lib/python3.8/site-packages/airflow/example_dags/example_nested_branch_dag.py took 0.092 seconds
[2024-04-15T12:31:22.265+0000] {processor.py:161} INFO - Started process (PID=3063) to work on /home/airflow/.local/lib/python3.8/site-packages/airflow/example_dags/example_nested_branch_dag.py
[2024-04-15T12:31:22.266+0000] {processor.py:830} INFO - Processing file /home/airflow/.local/lib/python3.8/site-packages/airflow/example_dags/example_nested_branch_dag.py for tasks to queue
[2024-04-15T12:31:22.267+0000] {logging_mixin.py:188} INFO - [2024-04-15T12:31:22.267+0000] {dagbag.py:540} INFO - Filling up the DagBag from /home/airflow/.local/lib/python3.8/site-packages/airflow/example_dags/example_nested_branch_dag.py
[2024-04-15T12:31:22.276+0000] {processor.py:840} INFO - DAG(s) 'example_nested_branch_dag' retrieved from /home/airflow/.local/lib/python3.8/site-packages/airflow/example_dags/example_nested_branch_dag.py
[2024-04-15T12:31:22.303+0000] {logging_mixin.py:188} INFO - [2024-04-15T12:31:22.303+0000] {dag.py:3047} INFO - Sync 1 DAGs
[2024-04-15T12:31:22.331+0000] {logging_mixin.py:188} INFO - [2024-04-15T12:31:22.330+0000] {dag.py:3834} INFO - Setting next_dagrun for example_nested_branch_dag to 2024-04-14 00:00:00+00:00, run_after=2024-04-15 00:00:00+00:00
[2024-04-15T12:31:22.352+0000] {processor.py:183} INFO - Processing /home/airflow/.local/lib/python3.8/site-packages/airflow/example_dags/example_nested_branch_dag.py took 0.090 seconds
[2024-04-15T12:31:52.751+0000] {processor.py:161} INFO - Started process (PID=3118) to work on /home/airflow/.local/lib/python3.8/site-packages/airflow/example_dags/example_nested_branch_dag.py
[2024-04-15T12:31:52.753+0000] {processor.py:830} INFO - Processing file /home/airflow/.local/lib/python3.8/site-packages/airflow/example_dags/example_nested_branch_dag.py for tasks to queue
[2024-04-15T12:31:52.754+0000] {logging_mixin.py:188} INFO - [2024-04-15T12:31:52.753+0000] {dagbag.py:540} INFO - Filling up the DagBag from /home/airflow/.local/lib/python3.8/site-packages/airflow/example_dags/example_nested_branch_dag.py
[2024-04-15T12:31:52.763+0000] {processor.py:840} INFO - DAG(s) 'example_nested_branch_dag' retrieved from /home/airflow/.local/lib/python3.8/site-packages/airflow/example_dags/example_nested_branch_dag.py
[2024-04-15T12:31:52.786+0000] {logging_mixin.py:188} INFO - [2024-04-15T12:31:52.786+0000] {dag.py:3047} INFO - Sync 1 DAGs
[2024-04-15T12:31:52.808+0000] {logging_mixin.py:188} INFO - [2024-04-15T12:31:52.807+0000] {dag.py:3834} INFO - Setting next_dagrun for example_nested_branch_dag to 2024-04-14 00:00:00+00:00, run_after=2024-04-15 00:00:00+00:00
[2024-04-15T12:31:52.832+0000] {processor.py:183} INFO - Processing /home/airflow/.local/lib/python3.8/site-packages/airflow/example_dags/example_nested_branch_dag.py took 0.083 seconds
[2024-04-15T12:34:39.856+0000] {processor.py:161} INFO - Started process (PID=3173) to work on /home/airflow/.local/lib/python3.8/site-packages/airflow/example_dags/example_nested_branch_dag.py
[2024-04-15T12:34:39.858+0000] {processor.py:830} INFO - Processing file /home/airflow/.local/lib/python3.8/site-packages/airflow/example_dags/example_nested_branch_dag.py for tasks to queue
[2024-04-15T12:34:39.859+0000] {logging_mixin.py:188} INFO - [2024-04-15T12:34:39.859+0000] {dagbag.py:540} INFO - Filling up the DagBag from /home/airflow/.local/lib/python3.8/site-packages/airflow/example_dags/example_nested_branch_dag.py
[2024-04-15T12:34:39.869+0000] {processor.py:840} INFO - DAG(s) 'example_nested_branch_dag' retrieved from /home/airflow/.local/lib/python3.8/site-packages/airflow/example_dags/example_nested_branch_dag.py
[2024-04-15T12:34:39.893+0000] {logging_mixin.py:188} INFO - [2024-04-15T12:34:39.893+0000] {dag.py:3047} INFO - Sync 1 DAGs
[2024-04-15T12:34:39.915+0000] {logging_mixin.py:188} INFO - [2024-04-15T12:34:39.915+0000] {dag.py:3834} INFO - Setting next_dagrun for example_nested_branch_dag to 2024-04-14 00:00:00+00:00, run_after=2024-04-15 00:00:00+00:00
[2024-04-15T12:34:39.940+0000] {processor.py:183} INFO - Processing /home/airflow/.local/lib/python3.8/site-packages/airflow/example_dags/example_nested_branch_dag.py took 0.086 seconds
[2024-04-15T12:35:10.658+0000] {processor.py:161} INFO - Started process (PID=3228) to work on /home/airflow/.local/lib/python3.8/site-packages/airflow/example_dags/example_nested_branch_dag.py
[2024-04-15T12:35:10.660+0000] {processor.py:830} INFO - Processing file /home/airflow/.local/lib/python3.8/site-packages/airflow/example_dags/example_nested_branch_dag.py for tasks to queue
[2024-04-15T12:35:10.661+0000] {logging_mixin.py:188} INFO - [2024-04-15T12:35:10.661+0000] {dagbag.py:540} INFO - Filling up the DagBag from /home/airflow/.local/lib/python3.8/site-packages/airflow/example_dags/example_nested_branch_dag.py
[2024-04-15T12:35:10.671+0000] {processor.py:840} INFO - DAG(s) 'example_nested_branch_dag' retrieved from /home/airflow/.local/lib/python3.8/site-packages/airflow/example_dags/example_nested_branch_dag.py
[2024-04-15T12:35:10.694+0000] {logging_mixin.py:188} INFO - [2024-04-15T12:35:10.694+0000] {dag.py:3047} INFO - Sync 1 DAGs
[2024-04-15T12:35:10.715+0000] {logging_mixin.py:188} INFO - [2024-04-15T12:35:10.715+0000] {dag.py:3834} INFO - Setting next_dagrun for example_nested_branch_dag to 2024-04-14 00:00:00+00:00, run_after=2024-04-15 00:00:00+00:00
[2024-04-15T12:35:10.743+0000] {processor.py:183} INFO - Processing /home/airflow/.local/lib/python3.8/site-packages/airflow/example_dags/example_nested_branch_dag.py took 0.087 seconds
[2024-04-15T12:35:41.379+0000] {processor.py:161} INFO - Started process (PID=3283) to work on /home/airflow/.local/lib/python3.8/site-packages/airflow/example_dags/example_nested_branch_dag.py
[2024-04-15T12:35:41.380+0000] {processor.py:830} INFO - Processing file /home/airflow/.local/lib/python3.8/site-packages/airflow/example_dags/example_nested_branch_dag.py for tasks to queue
[2024-04-15T12:35:41.381+0000] {logging_mixin.py:188} INFO - [2024-04-15T12:35:41.381+0000] {dagbag.py:540} INFO - Filling up the DagBag from /home/airflow/.local/lib/python3.8/site-packages/airflow/example_dags/example_nested_branch_dag.py
[2024-04-15T12:35:41.390+0000] {processor.py:840} INFO - DAG(s) 'example_nested_branch_dag' retrieved from /home/airflow/.local/lib/python3.8/site-packages/airflow/example_dags/example_nested_branch_dag.py
[2024-04-15T12:35:41.412+0000] {logging_mixin.py:188} INFO - [2024-04-15T12:35:41.412+0000] {dag.py:3047} INFO - Sync 1 DAGs
[2024-04-15T12:35:41.434+0000] {logging_mixin.py:188} INFO - [2024-04-15T12:35:41.434+0000] {dag.py:3834} INFO - Setting next_dagrun for example_nested_branch_dag to 2024-04-14 00:00:00+00:00, run_after=2024-04-15 00:00:00+00:00
[2024-04-15T12:35:41.459+0000] {processor.py:183} INFO - Processing /home/airflow/.local/lib/python3.8/site-packages/airflow/example_dags/example_nested_branch_dag.py took 0.084 seconds
[2024-04-15T12:36:11.983+0000] {processor.py:161} INFO - Started process (PID=3338) to work on /home/airflow/.local/lib/python3.8/site-packages/airflow/example_dags/example_nested_branch_dag.py
[2024-04-15T12:36:11.984+0000] {processor.py:830} INFO - Processing file /home/airflow/.local/lib/python3.8/site-packages/airflow/example_dags/example_nested_branch_dag.py for tasks to queue
[2024-04-15T12:36:11.986+0000] {logging_mixin.py:188} INFO - [2024-04-15T12:36:11.986+0000] {dagbag.py:540} INFO - Filling up the DagBag from /home/airflow/.local/lib/python3.8/site-packages/airflow/example_dags/example_nested_branch_dag.py
[2024-04-15T12:36:11.995+0000] {processor.py:840} INFO - DAG(s) 'example_nested_branch_dag' retrieved from /home/airflow/.local/lib/python3.8/site-packages/airflow/example_dags/example_nested_branch_dag.py
[2024-04-15T12:36:12.020+0000] {logging_mixin.py:188} INFO - [2024-04-15T12:36:12.019+0000] {dag.py:3047} INFO - Sync 1 DAGs
[2024-04-15T12:36:12.041+0000] {logging_mixin.py:188} INFO - [2024-04-15T12:36:12.040+0000] {dag.py:3834} INFO - Setting next_dagrun for example_nested_branch_dag to 2024-04-14 00:00:00+00:00, run_after=2024-04-15 00:00:00+00:00
[2024-04-15T12:36:12.064+0000] {processor.py:183} INFO - Processing /home/airflow/.local/lib/python3.8/site-packages/airflow/example_dags/example_nested_branch_dag.py took 0.084 seconds
[2024-04-15T12:36:42.529+0000] {processor.py:161} INFO - Started process (PID=3393) to work on /home/airflow/.local/lib/python3.8/site-packages/airflow/example_dags/example_nested_branch_dag.py
[2024-04-15T12:36:42.530+0000] {processor.py:830} INFO - Processing file /home/airflow/.local/lib/python3.8/site-packages/airflow/example_dags/example_nested_branch_dag.py for tasks to queue
[2024-04-15T12:36:42.532+0000] {logging_mixin.py:188} INFO - [2024-04-15T12:36:42.531+0000] {dagbag.py:540} INFO - Filling up the DagBag from /home/airflow/.local/lib/python3.8/site-packages/airflow/example_dags/example_nested_branch_dag.py
[2024-04-15T12:36:42.541+0000] {processor.py:840} INFO - DAG(s) 'example_nested_branch_dag' retrieved from /home/airflow/.local/lib/python3.8/site-packages/airflow/example_dags/example_nested_branch_dag.py
[2024-04-15T12:36:42.565+0000] {logging_mixin.py:188} INFO - [2024-04-15T12:36:42.564+0000] {dag.py:3047} INFO - Sync 1 DAGs
[2024-04-15T12:36:42.585+0000] {logging_mixin.py:188} INFO - [2024-04-15T12:36:42.585+0000] {dag.py:3834} INFO - Setting next_dagrun for example_nested_branch_dag to 2024-04-14 00:00:00+00:00, run_after=2024-04-15 00:00:00+00:00
[2024-04-15T12:36:42.610+0000] {processor.py:183} INFO - Processing /home/airflow/.local/lib/python3.8/site-packages/airflow/example_dags/example_nested_branch_dag.py took 0.085 seconds
[2024-04-15T12:37:13.194+0000] {processor.py:161} INFO - Started process (PID=3448) to work on /home/airflow/.local/lib/python3.8/site-packages/airflow/example_dags/example_nested_branch_dag.py
[2024-04-15T12:37:13.196+0000] {processor.py:830} INFO - Processing file /home/airflow/.local/lib/python3.8/site-packages/airflow/example_dags/example_nested_branch_dag.py for tasks to queue
[2024-04-15T12:37:13.197+0000] {logging_mixin.py:188} INFO - [2024-04-15T12:37:13.197+0000] {dagbag.py:540} INFO - Filling up the DagBag from /home/airflow/.local/lib/python3.8/site-packages/airflow/example_dags/example_nested_branch_dag.py
[2024-04-15T12:37:13.206+0000] {processor.py:840} INFO - DAG(s) 'example_nested_branch_dag' retrieved from /home/airflow/.local/lib/python3.8/site-packages/airflow/example_dags/example_nested_branch_dag.py
[2024-04-15T12:37:13.230+0000] {logging_mixin.py:188} INFO - [2024-04-15T12:37:13.229+0000] {dag.py:3047} INFO - Sync 1 DAGs
[2024-04-15T12:37:13.250+0000] {logging_mixin.py:188} INFO - [2024-04-15T12:37:13.250+0000] {dag.py:3834} INFO - Setting next_dagrun for example_nested_branch_dag to 2024-04-14 00:00:00+00:00, run_after=2024-04-15 00:00:00+00:00
[2024-04-15T12:37:13.274+0000] {processor.py:183} INFO - Processing /home/airflow/.local/lib/python3.8/site-packages/airflow/example_dags/example_nested_branch_dag.py took 0.083 seconds
[2024-04-15T12:42:59.848+0000] {processor.py:161} INFO - Started process (PID=3503) to work on /home/airflow/.local/lib/python3.8/site-packages/airflow/example_dags/example_nested_branch_dag.py
[2024-04-15T12:42:59.849+0000] {processor.py:830} INFO - Processing file /home/airflow/.local/lib/python3.8/site-packages/airflow/example_dags/example_nested_branch_dag.py for tasks to queue
[2024-04-15T12:42:59.851+0000] {logging_mixin.py:188} INFO - [2024-04-15T12:42:59.850+0000] {dagbag.py:540} INFO - Filling up the DagBag from /home/airflow/.local/lib/python3.8/site-packages/airflow/example_dags/example_nested_branch_dag.py
[2024-04-15T12:42:59.874+0000] {processor.py:840} INFO - DAG(s) 'example_nested_branch_dag' retrieved from /home/airflow/.local/lib/python3.8/site-packages/airflow/example_dags/example_nested_branch_dag.py
[2024-04-15T12:43:00.442+0000] {logging_mixin.py:188} INFO - [2024-04-15T12:43:00.442+0000] {dag.py:3047} INFO - Sync 1 DAGs
[2024-04-15T12:43:00.551+0000] {logging_mixin.py:188} INFO - [2024-04-15T12:43:00.550+0000] {dag.py:3834} INFO - Setting next_dagrun for example_nested_branch_dag to 2024-04-14 00:00:00+00:00, run_after=2024-04-15 00:00:00+00:00
[2024-04-15T12:43:00.627+0000] {processor.py:183} INFO - Processing /home/airflow/.local/lib/python3.8/site-packages/airflow/example_dags/example_nested_branch_dag.py took 0.784 seconds
[2024-04-15T12:43:30.699+0000] {processor.py:161} INFO - Started process (PID=3559) to work on /home/airflow/.local/lib/python3.8/site-packages/airflow/example_dags/example_nested_branch_dag.py
[2024-04-15T12:43:30.700+0000] {processor.py:830} INFO - Processing file /home/airflow/.local/lib/python3.8/site-packages/airflow/example_dags/example_nested_branch_dag.py for tasks to queue
[2024-04-15T12:43:30.702+0000] {logging_mixin.py:188} INFO - [2024-04-15T12:43:30.701+0000] {dagbag.py:540} INFO - Filling up the DagBag from /home/airflow/.local/lib/python3.8/site-packages/airflow/example_dags/example_nested_branch_dag.py
[2024-04-15T12:43:30.714+0000] {processor.py:840} INFO - DAG(s) 'example_nested_branch_dag' retrieved from /home/airflow/.local/lib/python3.8/site-packages/airflow/example_dags/example_nested_branch_dag.py
[2024-04-15T12:43:30.738+0000] {logging_mixin.py:188} INFO - [2024-04-15T12:43:30.738+0000] {dag.py:3047} INFO - Sync 1 DAGs
[2024-04-15T12:43:30.893+0000] {logging_mixin.py:188} INFO - [2024-04-15T12:43:30.893+0000] {dag.py:3834} INFO - Setting next_dagrun for example_nested_branch_dag to 2024-04-14 00:00:00+00:00, run_after=2024-04-15 00:00:00+00:00
[2024-04-15T12:43:30.914+0000] {processor.py:183} INFO - Processing /home/airflow/.local/lib/python3.8/site-packages/airflow/example_dags/example_nested_branch_dag.py took 0.218 seconds
[2024-04-15T12:44:01.526+0000] {processor.py:161} INFO - Started process (PID=3613) to work on /home/airflow/.local/lib/python3.8/site-packages/airflow/example_dags/example_nested_branch_dag.py
[2024-04-15T12:44:01.527+0000] {processor.py:830} INFO - Processing file /home/airflow/.local/lib/python3.8/site-packages/airflow/example_dags/example_nested_branch_dag.py for tasks to queue
[2024-04-15T12:44:01.528+0000] {logging_mixin.py:188} INFO - [2024-04-15T12:44:01.528+0000] {dagbag.py:540} INFO - Filling up the DagBag from /home/airflow/.local/lib/python3.8/site-packages/airflow/example_dags/example_nested_branch_dag.py
[2024-04-15T12:44:01.539+0000] {processor.py:840} INFO - DAG(s) 'example_nested_branch_dag' retrieved from /home/airflow/.local/lib/python3.8/site-packages/airflow/example_dags/example_nested_branch_dag.py
[2024-04-15T12:44:01.563+0000] {logging_mixin.py:188} INFO - [2024-04-15T12:44:01.562+0000] {dag.py:3047} INFO - Sync 1 DAGs
[2024-04-15T12:44:01.585+0000] {logging_mixin.py:188} INFO - [2024-04-15T12:44:01.585+0000] {dag.py:3834} INFO - Setting next_dagrun for example_nested_branch_dag to 2024-04-14 00:00:00+00:00, run_after=2024-04-15 00:00:00+00:00
[2024-04-15T12:44:01.609+0000] {processor.py:183} INFO - Processing /home/airflow/.local/lib/python3.8/site-packages/airflow/example_dags/example_nested_branch_dag.py took 0.086 seconds
[2024-04-15T12:44:32.143+0000] {processor.py:161} INFO - Started process (PID=3668) to work on /home/airflow/.local/lib/python3.8/site-packages/airflow/example_dags/example_nested_branch_dag.py
[2024-04-15T12:44:32.144+0000] {processor.py:830} INFO - Processing file /home/airflow/.local/lib/python3.8/site-packages/airflow/example_dags/example_nested_branch_dag.py for tasks to queue
[2024-04-15T12:44:32.146+0000] {logging_mixin.py:188} INFO - [2024-04-15T12:44:32.146+0000] {dagbag.py:540} INFO - Filling up the DagBag from /home/airflow/.local/lib/python3.8/site-packages/airflow/example_dags/example_nested_branch_dag.py
[2024-04-15T12:44:32.155+0000] {processor.py:840} INFO - DAG(s) 'example_nested_branch_dag' retrieved from /home/airflow/.local/lib/python3.8/site-packages/airflow/example_dags/example_nested_branch_dag.py
[2024-04-15T12:44:32.180+0000] {logging_mixin.py:188} INFO - [2024-04-15T12:44:32.180+0000] {dag.py:3047} INFO - Sync 1 DAGs
[2024-04-15T12:44:32.202+0000] {logging_mixin.py:188} INFO - [2024-04-15T12:44:32.201+0000] {dag.py:3834} INFO - Setting next_dagrun for example_nested_branch_dag to 2024-04-14 00:00:00+00:00, run_after=2024-04-15 00:00:00+00:00
[2024-04-15T12:44:32.226+0000] {processor.py:183} INFO - Processing /home/airflow/.local/lib/python3.8/site-packages/airflow/example_dags/example_nested_branch_dag.py took 0.086 seconds
[2024-04-15T12:45:02.355+0000] {processor.py:161} INFO - Started process (PID=3723) to work on /home/airflow/.local/lib/python3.8/site-packages/airflow/example_dags/example_nested_branch_dag.py
[2024-04-15T12:45:02.357+0000] {processor.py:830} INFO - Processing file /home/airflow/.local/lib/python3.8/site-packages/airflow/example_dags/example_nested_branch_dag.py for tasks to queue
[2024-04-15T12:45:02.358+0000] {logging_mixin.py:188} INFO - [2024-04-15T12:45:02.358+0000] {dagbag.py:540} INFO - Filling up the DagBag from /home/airflow/.local/lib/python3.8/site-packages/airflow/example_dags/example_nested_branch_dag.py
[2024-04-15T12:45:02.369+0000] {processor.py:840} INFO - DAG(s) 'example_nested_branch_dag' retrieved from /home/airflow/.local/lib/python3.8/site-packages/airflow/example_dags/example_nested_branch_dag.py
[2024-04-15T12:45:02.393+0000] {logging_mixin.py:188} INFO - [2024-04-15T12:45:02.393+0000] {dag.py:3047} INFO - Sync 1 DAGs
[2024-04-15T12:45:02.416+0000] {logging_mixin.py:188} INFO - [2024-04-15T12:45:02.416+0000] {dag.py:3834} INFO - Setting next_dagrun for example_nested_branch_dag to 2024-04-14 00:00:00+00:00, run_after=2024-04-15 00:00:00+00:00
[2024-04-15T12:45:02.440+0000] {processor.py:183} INFO - Processing /home/airflow/.local/lib/python3.8/site-packages/airflow/example_dags/example_nested_branch_dag.py took 0.088 seconds
[2024-04-15T12:45:32.618+0000] {processor.py:161} INFO - Started process (PID=3778) to work on /home/airflow/.local/lib/python3.8/site-packages/airflow/example_dags/example_nested_branch_dag.py
[2024-04-15T12:45:32.620+0000] {processor.py:830} INFO - Processing file /home/airflow/.local/lib/python3.8/site-packages/airflow/example_dags/example_nested_branch_dag.py for tasks to queue
[2024-04-15T12:45:32.622+0000] {logging_mixin.py:188} INFO - [2024-04-15T12:45:32.622+0000] {dagbag.py:540} INFO - Filling up the DagBag from /home/airflow/.local/lib/python3.8/site-packages/airflow/example_dags/example_nested_branch_dag.py
[2024-04-15T12:45:32.634+0000] {processor.py:840} INFO - DAG(s) 'example_nested_branch_dag' retrieved from /home/airflow/.local/lib/python3.8/site-packages/airflow/example_dags/example_nested_branch_dag.py
[2024-04-15T12:45:32.660+0000] {logging_mixin.py:188} INFO - [2024-04-15T12:45:32.660+0000] {dag.py:3047} INFO - Sync 1 DAGs
[2024-04-15T12:45:32.681+0000] {logging_mixin.py:188} INFO - [2024-04-15T12:45:32.681+0000] {dag.py:3834} INFO - Setting next_dagrun for example_nested_branch_dag to 2024-04-14 00:00:00+00:00, run_after=2024-04-15 00:00:00+00:00
[2024-04-15T12:45:32.708+0000] {processor.py:183} INFO - Processing /home/airflow/.local/lib/python3.8/site-packages/airflow/example_dags/example_nested_branch_dag.py took 0.095 seconds
