[2024-04-15T10:41:31.193+0000] {processor.py:161} INFO - Started process (PID=35) to work on /home/airflow/.local/lib/python3.8/site-packages/airflow/example_dags/tutorial.py
[2024-04-15T10:41:31.194+0000] {processor.py:830} INFO - Processing file /home/airflow/.local/lib/python3.8/site-packages/airflow/example_dags/tutorial.py for tasks to queue
[2024-04-15T10:41:31.197+0000] {logging_mixin.py:188} INFO - [2024-04-15T10:41:31.197+0000] {dagbag.py:540} INFO - Filling up the DagBag from /home/airflow/.local/lib/python3.8/site-packages/airflow/example_dags/tutorial.py
[2024-04-15T10:41:31.213+0000] {processor.py:840} INFO - DAG(s) 'tutorial' retrieved from /home/airflow/.local/lib/python3.8/site-packages/airflow/example_dags/tutorial.py
[2024-04-15T10:41:31.303+0000] {logging_mixin.py:188} INFO - [2024-04-15T10:41:31.303+0000] {dag.py:3047} INFO - Sync 1 DAGs
[2024-04-15T10:41:31.344+0000] {logging_mixin.py:188} INFO - [2024-04-15T10:41:31.344+0000] {dag.py:3834} INFO - Setting next_dagrun for tutorial to 2024-04-14 00:00:00+00:00, run_after=2024-04-15 00:00:00+00:00
[2024-04-15T10:41:31.378+0000] {processor.py:183} INFO - Processing /home/airflow/.local/lib/python3.8/site-packages/airflow/example_dags/tutorial.py took 0.190 seconds
[2024-04-15T10:42:01.967+0000] {processor.py:161} INFO - Started process (PID=90) to work on /home/airflow/.local/lib/python3.8/site-packages/airflow/example_dags/tutorial.py
[2024-04-15T10:42:01.969+0000] {processor.py:830} INFO - Processing file /home/airflow/.local/lib/python3.8/site-packages/airflow/example_dags/tutorial.py for tasks to queue
[2024-04-15T10:42:01.971+0000] {logging_mixin.py:188} INFO - [2024-04-15T10:42:01.971+0000] {dagbag.py:540} INFO - Filling up the DagBag from /home/airflow/.local/lib/python3.8/site-packages/airflow/example_dags/tutorial.py
[2024-04-15T10:42:01.977+0000] {processor.py:840} INFO - DAG(s) 'tutorial' retrieved from /home/airflow/.local/lib/python3.8/site-packages/airflow/example_dags/tutorial.py
[2024-04-15T10:42:02.003+0000] {logging_mixin.py:188} INFO - [2024-04-15T10:42:02.003+0000] {dag.py:3047} INFO - Sync 1 DAGs
[2024-04-15T10:42:02.027+0000] {logging_mixin.py:188} INFO - [2024-04-15T10:42:02.026+0000] {dag.py:3834} INFO - Setting next_dagrun for tutorial to 2024-04-14 00:00:00+00:00, run_after=2024-04-15 00:00:00+00:00
[2024-04-15T10:42:02.052+0000] {processor.py:183} INFO - Processing /home/airflow/.local/lib/python3.8/site-packages/airflow/example_dags/tutorial.py took 0.088 seconds
[2024-04-15T10:42:32.357+0000] {processor.py:161} INFO - Started process (PID=145) to work on /home/airflow/.local/lib/python3.8/site-packages/airflow/example_dags/tutorial.py
[2024-04-15T10:42:32.358+0000] {processor.py:830} INFO - Processing file /home/airflow/.local/lib/python3.8/site-packages/airflow/example_dags/tutorial.py for tasks to queue
[2024-04-15T10:42:32.361+0000] {logging_mixin.py:188} INFO - [2024-04-15T10:42:32.360+0000] {dagbag.py:540} INFO - Filling up the DagBag from /home/airflow/.local/lib/python3.8/site-packages/airflow/example_dags/tutorial.py
[2024-04-15T10:42:32.369+0000] {processor.py:840} INFO - DAG(s) 'tutorial' retrieved from /home/airflow/.local/lib/python3.8/site-packages/airflow/example_dags/tutorial.py
[2024-04-15T10:42:32.397+0000] {logging_mixin.py:188} INFO - [2024-04-15T10:42:32.396+0000] {dag.py:3047} INFO - Sync 1 DAGs
[2024-04-15T10:42:32.456+0000] {logging_mixin.py:188} INFO - [2024-04-15T10:42:32.456+0000] {dag.py:3834} INFO - Setting next_dagrun for tutorial to 2024-04-14 00:00:00+00:00, run_after=2024-04-15 00:00:00+00:00
[2024-04-15T10:42:32.492+0000] {processor.py:183} INFO - Processing /home/airflow/.local/lib/python3.8/site-packages/airflow/example_dags/tutorial.py took 0.139 seconds
[2024-04-15T10:43:02.828+0000] {processor.py:161} INFO - Started process (PID=200) to work on /home/airflow/.local/lib/python3.8/site-packages/airflow/example_dags/tutorial.py
[2024-04-15T10:43:02.830+0000] {processor.py:830} INFO - Processing file /home/airflow/.local/lib/python3.8/site-packages/airflow/example_dags/tutorial.py for tasks to queue
[2024-04-15T10:43:02.833+0000] {logging_mixin.py:188} INFO - [2024-04-15T10:43:02.832+0000] {dagbag.py:540} INFO - Filling up the DagBag from /home/airflow/.local/lib/python3.8/site-packages/airflow/example_dags/tutorial.py
[2024-04-15T10:43:02.839+0000] {processor.py:840} INFO - DAG(s) 'tutorial' retrieved from /home/airflow/.local/lib/python3.8/site-packages/airflow/example_dags/tutorial.py
[2024-04-15T10:43:02.865+0000] {logging_mixin.py:188} INFO - [2024-04-15T10:43:02.864+0000] {dag.py:3047} INFO - Sync 1 DAGs
[2024-04-15T10:43:02.885+0000] {logging_mixin.py:188} INFO - [2024-04-15T10:43:02.885+0000] {dag.py:3834} INFO - Setting next_dagrun for tutorial to 2024-04-14 00:00:00+00:00, run_after=2024-04-15 00:00:00+00:00
[2024-04-15T10:43:02.908+0000] {processor.py:183} INFO - Processing /home/airflow/.local/lib/python3.8/site-packages/airflow/example_dags/tutorial.py took 0.083 seconds
[2024-04-15T10:43:33.029+0000] {processor.py:161} INFO - Started process (PID=255) to work on /home/airflow/.local/lib/python3.8/site-packages/airflow/example_dags/tutorial.py
[2024-04-15T10:43:33.030+0000] {processor.py:830} INFO - Processing file /home/airflow/.local/lib/python3.8/site-packages/airflow/example_dags/tutorial.py for tasks to queue
[2024-04-15T10:43:33.033+0000] {logging_mixin.py:188} INFO - [2024-04-15T10:43:33.033+0000] {dagbag.py:540} INFO - Filling up the DagBag from /home/airflow/.local/lib/python3.8/site-packages/airflow/example_dags/tutorial.py
[2024-04-15T10:43:33.039+0000] {processor.py:840} INFO - DAG(s) 'tutorial' retrieved from /home/airflow/.local/lib/python3.8/site-packages/airflow/example_dags/tutorial.py
[2024-04-15T10:43:33.063+0000] {logging_mixin.py:188} INFO - [2024-04-15T10:43:33.063+0000] {dag.py:3047} INFO - Sync 1 DAGs
[2024-04-15T10:43:33.084+0000] {logging_mixin.py:188} INFO - [2024-04-15T10:43:33.084+0000] {dag.py:3834} INFO - Setting next_dagrun for tutorial to 2024-04-14 00:00:00+00:00, run_after=2024-04-15 00:00:00+00:00
[2024-04-15T10:43:33.112+0000] {processor.py:183} INFO - Processing /home/airflow/.local/lib/python3.8/site-packages/airflow/example_dags/tutorial.py took 0.086 seconds
[2024-04-15T10:44:03.293+0000] {processor.py:161} INFO - Started process (PID=309) to work on /home/airflow/.local/lib/python3.8/site-packages/airflow/example_dags/tutorial.py
[2024-04-15T10:44:03.294+0000] {processor.py:830} INFO - Processing file /home/airflow/.local/lib/python3.8/site-packages/airflow/example_dags/tutorial.py for tasks to queue
[2024-04-15T10:44:03.296+0000] {logging_mixin.py:188} INFO - [2024-04-15T10:44:03.296+0000] {dagbag.py:540} INFO - Filling up the DagBag from /home/airflow/.local/lib/python3.8/site-packages/airflow/example_dags/tutorial.py
[2024-04-15T10:44:03.302+0000] {processor.py:840} INFO - DAG(s) 'tutorial' retrieved from /home/airflow/.local/lib/python3.8/site-packages/airflow/example_dags/tutorial.py
[2024-04-15T10:44:03.324+0000] {logging_mixin.py:188} INFO - [2024-04-15T10:44:03.324+0000] {dag.py:3047} INFO - Sync 1 DAGs
[2024-04-15T10:44:03.353+0000] {logging_mixin.py:188} INFO - [2024-04-15T10:44:03.353+0000] {dag.py:3834} INFO - Setting next_dagrun for tutorial to 2024-04-14 00:00:00+00:00, run_after=2024-04-15 00:00:00+00:00
[2024-04-15T10:44:03.378+0000] {processor.py:183} INFO - Processing /home/airflow/.local/lib/python3.8/site-packages/airflow/example_dags/tutorial.py took 0.088 seconds
[2024-04-15T10:44:33.938+0000] {processor.py:161} INFO - Started process (PID=364) to work on /home/airflow/.local/lib/python3.8/site-packages/airflow/example_dags/tutorial.py
[2024-04-15T10:44:33.940+0000] {processor.py:830} INFO - Processing file /home/airflow/.local/lib/python3.8/site-packages/airflow/example_dags/tutorial.py for tasks to queue
[2024-04-15T10:44:33.943+0000] {logging_mixin.py:188} INFO - [2024-04-15T10:44:33.943+0000] {dagbag.py:540} INFO - Filling up the DagBag from /home/airflow/.local/lib/python3.8/site-packages/airflow/example_dags/tutorial.py
[2024-04-15T10:44:33.949+0000] {processor.py:840} INFO - DAG(s) 'tutorial' retrieved from /home/airflow/.local/lib/python3.8/site-packages/airflow/example_dags/tutorial.py
[2024-04-15T10:44:33.974+0000] {logging_mixin.py:188} INFO - [2024-04-15T10:44:33.974+0000] {dag.py:3047} INFO - Sync 1 DAGs
[2024-04-15T10:44:34.001+0000] {logging_mixin.py:188} INFO - [2024-04-15T10:44:34.001+0000] {dag.py:3834} INFO - Setting next_dagrun for tutorial to 2024-04-14 00:00:00+00:00, run_after=2024-04-15 00:00:00+00:00
[2024-04-15T10:44:34.029+0000] {processor.py:183} INFO - Processing /home/airflow/.local/lib/python3.8/site-packages/airflow/example_dags/tutorial.py took 0.094 seconds
[2024-04-15T10:45:04.225+0000] {processor.py:161} INFO - Started process (PID=419) to work on /home/airflow/.local/lib/python3.8/site-packages/airflow/example_dags/tutorial.py
[2024-04-15T10:45:04.227+0000] {processor.py:830} INFO - Processing file /home/airflow/.local/lib/python3.8/site-packages/airflow/example_dags/tutorial.py for tasks to queue
[2024-04-15T10:45:04.230+0000] {logging_mixin.py:188} INFO - [2024-04-15T10:45:04.229+0000] {dagbag.py:540} INFO - Filling up the DagBag from /home/airflow/.local/lib/python3.8/site-packages/airflow/example_dags/tutorial.py
[2024-04-15T10:45:04.235+0000] {processor.py:840} INFO - DAG(s) 'tutorial' retrieved from /home/airflow/.local/lib/python3.8/site-packages/airflow/example_dags/tutorial.py
[2024-04-15T10:45:04.259+0000] {logging_mixin.py:188} INFO - [2024-04-15T10:45:04.258+0000] {dag.py:3047} INFO - Sync 1 DAGs
[2024-04-15T10:45:04.279+0000] {logging_mixin.py:188} INFO - [2024-04-15T10:45:04.279+0000] {dag.py:3834} INFO - Setting next_dagrun for tutorial to 2024-04-14 00:00:00+00:00, run_after=2024-04-15 00:00:00+00:00
[2024-04-15T10:45:04.306+0000] {processor.py:183} INFO - Processing /home/airflow/.local/lib/python3.8/site-packages/airflow/example_dags/tutorial.py took 0.084 seconds
[2024-04-15T10:45:34.469+0000] {processor.py:161} INFO - Started process (PID=474) to work on /home/airflow/.local/lib/python3.8/site-packages/airflow/example_dags/tutorial.py
[2024-04-15T10:45:34.470+0000] {processor.py:830} INFO - Processing file /home/airflow/.local/lib/python3.8/site-packages/airflow/example_dags/tutorial.py for tasks to queue
[2024-04-15T10:45:34.473+0000] {logging_mixin.py:188} INFO - [2024-04-15T10:45:34.473+0000] {dagbag.py:540} INFO - Filling up the DagBag from /home/airflow/.local/lib/python3.8/site-packages/airflow/example_dags/tutorial.py
[2024-04-15T10:45:34.479+0000] {processor.py:840} INFO - DAG(s) 'tutorial' retrieved from /home/airflow/.local/lib/python3.8/site-packages/airflow/example_dags/tutorial.py
[2024-04-15T10:45:34.501+0000] {logging_mixin.py:188} INFO - [2024-04-15T10:45:34.501+0000] {dag.py:3047} INFO - Sync 1 DAGs
[2024-04-15T10:45:34.523+0000] {logging_mixin.py:188} INFO - [2024-04-15T10:45:34.523+0000] {dag.py:3834} INFO - Setting next_dagrun for tutorial to 2024-04-14 00:00:00+00:00, run_after=2024-04-15 00:00:00+00:00
[2024-04-15T10:45:34.548+0000] {processor.py:183} INFO - Processing /home/airflow/.local/lib/python3.8/site-packages/airflow/example_dags/tutorial.py took 0.082 seconds
[2024-04-15T10:46:04.698+0000] {processor.py:161} INFO - Started process (PID=529) to work on /home/airflow/.local/lib/python3.8/site-packages/airflow/example_dags/tutorial.py
[2024-04-15T10:46:04.700+0000] {processor.py:830} INFO - Processing file /home/airflow/.local/lib/python3.8/site-packages/airflow/example_dags/tutorial.py for tasks to queue
[2024-04-15T10:46:04.703+0000] {logging_mixin.py:188} INFO - [2024-04-15T10:46:04.702+0000] {dagbag.py:540} INFO - Filling up the DagBag from /home/airflow/.local/lib/python3.8/site-packages/airflow/example_dags/tutorial.py
[2024-04-15T10:46:04.711+0000] {processor.py:840} INFO - DAG(s) 'tutorial' retrieved from /home/airflow/.local/lib/python3.8/site-packages/airflow/example_dags/tutorial.py
[2024-04-15T10:46:04.740+0000] {logging_mixin.py:188} INFO - [2024-04-15T10:46:04.739+0000] {dag.py:3047} INFO - Sync 1 DAGs
[2024-04-15T10:46:04.767+0000] {logging_mixin.py:188} INFO - [2024-04-15T10:46:04.767+0000] {dag.py:3834} INFO - Setting next_dagrun for tutorial to 2024-04-14 00:00:00+00:00, run_after=2024-04-15 00:00:00+00:00
[2024-04-15T10:46:04.792+0000] {processor.py:183} INFO - Processing /home/airflow/.local/lib/python3.8/site-packages/airflow/example_dags/tutorial.py took 0.098 seconds
[2024-04-15T10:46:34.984+0000] {processor.py:161} INFO - Started process (PID=584) to work on /home/airflow/.local/lib/python3.8/site-packages/airflow/example_dags/tutorial.py
[2024-04-15T10:46:34.985+0000] {processor.py:830} INFO - Processing file /home/airflow/.local/lib/python3.8/site-packages/airflow/example_dags/tutorial.py for tasks to queue
[2024-04-15T10:46:34.987+0000] {logging_mixin.py:188} INFO - [2024-04-15T10:46:34.987+0000] {dagbag.py:540} INFO - Filling up the DagBag from /home/airflow/.local/lib/python3.8/site-packages/airflow/example_dags/tutorial.py
[2024-04-15T10:46:34.994+0000] {processor.py:840} INFO - DAG(s) 'tutorial' retrieved from /home/airflow/.local/lib/python3.8/site-packages/airflow/example_dags/tutorial.py
[2024-04-15T10:46:35.018+0000] {logging_mixin.py:188} INFO - [2024-04-15T10:46:35.018+0000] {dag.py:3047} INFO - Sync 1 DAGs
[2024-04-15T10:46:35.040+0000] {logging_mixin.py:188} INFO - [2024-04-15T10:46:35.040+0000] {dag.py:3834} INFO - Setting next_dagrun for tutorial to 2024-04-14 00:00:00+00:00, run_after=2024-04-15 00:00:00+00:00
[2024-04-15T10:46:35.066+0000] {processor.py:183} INFO - Processing /home/airflow/.local/lib/python3.8/site-packages/airflow/example_dags/tutorial.py took 0.086 seconds
[2024-04-15T10:47:05.254+0000] {processor.py:161} INFO - Started process (PID=639) to work on /home/airflow/.local/lib/python3.8/site-packages/airflow/example_dags/tutorial.py
[2024-04-15T10:47:05.255+0000] {processor.py:830} INFO - Processing file /home/airflow/.local/lib/python3.8/site-packages/airflow/example_dags/tutorial.py for tasks to queue
[2024-04-15T10:47:05.258+0000] {logging_mixin.py:188} INFO - [2024-04-15T10:47:05.257+0000] {dagbag.py:540} INFO - Filling up the DagBag from /home/airflow/.local/lib/python3.8/site-packages/airflow/example_dags/tutorial.py
[2024-04-15T10:47:05.263+0000] {processor.py:840} INFO - DAG(s) 'tutorial' retrieved from /home/airflow/.local/lib/python3.8/site-packages/airflow/example_dags/tutorial.py
[2024-04-15T10:47:05.286+0000] {logging_mixin.py:188} INFO - [2024-04-15T10:47:05.286+0000] {dag.py:3047} INFO - Sync 1 DAGs
[2024-04-15T10:47:05.309+0000] {logging_mixin.py:188} INFO - [2024-04-15T10:47:05.309+0000] {dag.py:3834} INFO - Setting next_dagrun for tutorial to 2024-04-14 00:00:00+00:00, run_after=2024-04-15 00:00:00+00:00
[2024-04-15T10:47:05.333+0000] {processor.py:183} INFO - Processing /home/airflow/.local/lib/python3.8/site-packages/airflow/example_dags/tutorial.py took 0.083 seconds
[2024-04-15T10:47:35.552+0000] {processor.py:161} INFO - Started process (PID=695) to work on /home/airflow/.local/lib/python3.8/site-packages/airflow/example_dags/tutorial.py
[2024-04-15T10:47:35.554+0000] {processor.py:830} INFO - Processing file /home/airflow/.local/lib/python3.8/site-packages/airflow/example_dags/tutorial.py for tasks to queue
[2024-04-15T10:47:35.556+0000] {logging_mixin.py:188} INFO - [2024-04-15T10:47:35.556+0000] {dagbag.py:540} INFO - Filling up the DagBag from /home/airflow/.local/lib/python3.8/site-packages/airflow/example_dags/tutorial.py
[2024-04-15T10:47:35.562+0000] {processor.py:840} INFO - DAG(s) 'tutorial' retrieved from /home/airflow/.local/lib/python3.8/site-packages/airflow/example_dags/tutorial.py
[2024-04-15T10:47:35.586+0000] {logging_mixin.py:188} INFO - [2024-04-15T10:47:35.585+0000] {dag.py:3047} INFO - Sync 1 DAGs
[2024-04-15T10:47:35.606+0000] {logging_mixin.py:188} INFO - [2024-04-15T10:47:35.606+0000] {dag.py:3834} INFO - Setting next_dagrun for tutorial to 2024-04-14 00:00:00+00:00, run_after=2024-04-15 00:00:00+00:00
[2024-04-15T10:47:35.632+0000] {processor.py:183} INFO - Processing /home/airflow/.local/lib/python3.8/site-packages/airflow/example_dags/tutorial.py took 0.083 seconds
[2024-04-15T10:48:05.847+0000] {processor.py:161} INFO - Started process (PID=750) to work on /home/airflow/.local/lib/python3.8/site-packages/airflow/example_dags/tutorial.py
[2024-04-15T10:48:05.848+0000] {processor.py:830} INFO - Processing file /home/airflow/.local/lib/python3.8/site-packages/airflow/example_dags/tutorial.py for tasks to queue
[2024-04-15T10:48:05.851+0000] {logging_mixin.py:188} INFO - [2024-04-15T10:48:05.850+0000] {dagbag.py:540} INFO - Filling up the DagBag from /home/airflow/.local/lib/python3.8/site-packages/airflow/example_dags/tutorial.py
[2024-04-15T10:48:05.856+0000] {processor.py:840} INFO - DAG(s) 'tutorial' retrieved from /home/airflow/.local/lib/python3.8/site-packages/airflow/example_dags/tutorial.py
[2024-04-15T10:48:05.880+0000] {logging_mixin.py:188} INFO - [2024-04-15T10:48:05.879+0000] {dag.py:3047} INFO - Sync 1 DAGs
[2024-04-15T10:48:05.900+0000] {logging_mixin.py:188} INFO - [2024-04-15T10:48:05.900+0000] {dag.py:3834} INFO - Setting next_dagrun for tutorial to 2024-04-14 00:00:00+00:00, run_after=2024-04-15 00:00:00+00:00
[2024-04-15T10:48:05.927+0000] {processor.py:183} INFO - Processing /home/airflow/.local/lib/python3.8/site-packages/airflow/example_dags/tutorial.py took 0.083 seconds
[2024-04-15T10:48:36.183+0000] {processor.py:161} INFO - Started process (PID=805) to work on /home/airflow/.local/lib/python3.8/site-packages/airflow/example_dags/tutorial.py
[2024-04-15T10:48:36.185+0000] {processor.py:830} INFO - Processing file /home/airflow/.local/lib/python3.8/site-packages/airflow/example_dags/tutorial.py for tasks to queue
[2024-04-15T10:48:36.187+0000] {logging_mixin.py:188} INFO - [2024-04-15T10:48:36.187+0000] {dagbag.py:540} INFO - Filling up the DagBag from /home/airflow/.local/lib/python3.8/site-packages/airflow/example_dags/tutorial.py
[2024-04-15T10:48:36.193+0000] {processor.py:840} INFO - DAG(s) 'tutorial' retrieved from /home/airflow/.local/lib/python3.8/site-packages/airflow/example_dags/tutorial.py
[2024-04-15T10:48:36.217+0000] {logging_mixin.py:188} INFO - [2024-04-15T10:48:36.216+0000] {dag.py:3047} INFO - Sync 1 DAGs
[2024-04-15T10:48:36.238+0000] {logging_mixin.py:188} INFO - [2024-04-15T10:48:36.237+0000] {dag.py:3834} INFO - Setting next_dagrun for tutorial to 2024-04-14 00:00:00+00:00, run_after=2024-04-15 00:00:00+00:00
[2024-04-15T10:48:36.262+0000] {processor.py:183} INFO - Processing /home/airflow/.local/lib/python3.8/site-packages/airflow/example_dags/tutorial.py took 0.082 seconds
[2024-04-15T10:49:56.402+0000] {processor.py:161} INFO - Started process (PID=860) to work on /home/airflow/.local/lib/python3.8/site-packages/airflow/example_dags/tutorial.py
[2024-04-15T10:49:56.403+0000] {processor.py:830} INFO - Processing file /home/airflow/.local/lib/python3.8/site-packages/airflow/example_dags/tutorial.py for tasks to queue
[2024-04-15T10:49:56.406+0000] {logging_mixin.py:188} INFO - [2024-04-15T10:49:56.406+0000] {dagbag.py:540} INFO - Filling up the DagBag from /home/airflow/.local/lib/python3.8/site-packages/airflow/example_dags/tutorial.py
[2024-04-15T10:49:56.413+0000] {processor.py:840} INFO - DAG(s) 'tutorial' retrieved from /home/airflow/.local/lib/python3.8/site-packages/airflow/example_dags/tutorial.py
[2024-04-15T10:49:56.436+0000] {logging_mixin.py:188} INFO - [2024-04-15T10:49:56.436+0000] {dag.py:3047} INFO - Sync 1 DAGs
[2024-04-15T10:49:56.463+0000] {logging_mixin.py:188} INFO - [2024-04-15T10:49:56.463+0000] {dag.py:3834} INFO - Setting next_dagrun for tutorial to 2024-04-14 00:00:00+00:00, run_after=2024-04-15 00:00:00+00:00
[2024-04-15T10:49:56.491+0000] {processor.py:183} INFO - Processing /home/airflow/.local/lib/python3.8/site-packages/airflow/example_dags/tutorial.py took 0.092 seconds
[2024-04-15T10:50:27.406+0000] {processor.py:161} INFO - Started process (PID=915) to work on /home/airflow/.local/lib/python3.8/site-packages/airflow/example_dags/tutorial.py
[2024-04-15T10:50:27.408+0000] {processor.py:830} INFO - Processing file /home/airflow/.local/lib/python3.8/site-packages/airflow/example_dags/tutorial.py for tasks to queue
[2024-04-15T10:50:27.411+0000] {logging_mixin.py:188} INFO - [2024-04-15T10:50:27.410+0000] {dagbag.py:540} INFO - Filling up the DagBag from /home/airflow/.local/lib/python3.8/site-packages/airflow/example_dags/tutorial.py
[2024-04-15T10:50:27.417+0000] {processor.py:840} INFO - DAG(s) 'tutorial' retrieved from /home/airflow/.local/lib/python3.8/site-packages/airflow/example_dags/tutorial.py
[2024-04-15T10:50:27.441+0000] {logging_mixin.py:188} INFO - [2024-04-15T10:50:27.440+0000] {dag.py:3047} INFO - Sync 1 DAGs
[2024-04-15T10:50:27.463+0000] {logging_mixin.py:188} INFO - [2024-04-15T10:50:27.462+0000] {dag.py:3834} INFO - Setting next_dagrun for tutorial to 2024-04-14 00:00:00+00:00, run_after=2024-04-15 00:00:00+00:00
[2024-04-15T10:50:27.490+0000] {processor.py:183} INFO - Processing /home/airflow/.local/lib/python3.8/site-packages/airflow/example_dags/tutorial.py took 0.087 seconds
[2024-04-15T10:50:57.786+0000] {processor.py:161} INFO - Started process (PID=970) to work on /home/airflow/.local/lib/python3.8/site-packages/airflow/example_dags/tutorial.py
[2024-04-15T10:50:57.788+0000] {processor.py:830} INFO - Processing file /home/airflow/.local/lib/python3.8/site-packages/airflow/example_dags/tutorial.py for tasks to queue
[2024-04-15T10:50:57.790+0000] {logging_mixin.py:188} INFO - [2024-04-15T10:50:57.790+0000] {dagbag.py:540} INFO - Filling up the DagBag from /home/airflow/.local/lib/python3.8/site-packages/airflow/example_dags/tutorial.py
[2024-04-15T10:50:57.797+0000] {processor.py:840} INFO - DAG(s) 'tutorial' retrieved from /home/airflow/.local/lib/python3.8/site-packages/airflow/example_dags/tutorial.py
[2024-04-15T10:50:57.820+0000] {logging_mixin.py:188} INFO - [2024-04-15T10:50:57.820+0000] {dag.py:3047} INFO - Sync 1 DAGs
[2024-04-15T10:50:57.842+0000] {logging_mixin.py:188} INFO - [2024-04-15T10:50:57.842+0000] {dag.py:3834} INFO - Setting next_dagrun for tutorial to 2024-04-14 00:00:00+00:00, run_after=2024-04-15 00:00:00+00:00
[2024-04-15T10:50:57.867+0000] {processor.py:183} INFO - Processing /home/airflow/.local/lib/python3.8/site-packages/airflow/example_dags/tutorial.py took 0.084 seconds
[2024-04-15T10:51:28.134+0000] {processor.py:161} INFO - Started process (PID=1025) to work on /home/airflow/.local/lib/python3.8/site-packages/airflow/example_dags/tutorial.py
[2024-04-15T10:51:28.135+0000] {processor.py:830} INFO - Processing file /home/airflow/.local/lib/python3.8/site-packages/airflow/example_dags/tutorial.py for tasks to queue
[2024-04-15T10:51:28.138+0000] {logging_mixin.py:188} INFO - [2024-04-15T10:51:28.138+0000] {dagbag.py:540} INFO - Filling up the DagBag from /home/airflow/.local/lib/python3.8/site-packages/airflow/example_dags/tutorial.py
[2024-04-15T10:51:28.145+0000] {processor.py:840} INFO - DAG(s) 'tutorial' retrieved from /home/airflow/.local/lib/python3.8/site-packages/airflow/example_dags/tutorial.py
[2024-04-15T10:51:28.168+0000] {logging_mixin.py:188} INFO - [2024-04-15T10:51:28.167+0000] {dag.py:3047} INFO - Sync 1 DAGs
[2024-04-15T10:51:28.188+0000] {logging_mixin.py:188} INFO - [2024-04-15T10:51:28.188+0000] {dag.py:3834} INFO - Setting next_dagrun for tutorial to 2024-04-14 00:00:00+00:00, run_after=2024-04-15 00:00:00+00:00
[2024-04-15T10:51:28.215+0000] {processor.py:183} INFO - Processing /home/airflow/.local/lib/python3.8/site-packages/airflow/example_dags/tutorial.py took 0.085 seconds
[2024-04-15T10:51:58.571+0000] {processor.py:161} INFO - Started process (PID=1080) to work on /home/airflow/.local/lib/python3.8/site-packages/airflow/example_dags/tutorial.py
[2024-04-15T10:51:58.572+0000] {processor.py:830} INFO - Processing file /home/airflow/.local/lib/python3.8/site-packages/airflow/example_dags/tutorial.py for tasks to queue
[2024-04-15T10:51:58.575+0000] {logging_mixin.py:188} INFO - [2024-04-15T10:51:58.574+0000] {dagbag.py:540} INFO - Filling up the DagBag from /home/airflow/.local/lib/python3.8/site-packages/airflow/example_dags/tutorial.py
[2024-04-15T10:51:58.580+0000] {processor.py:840} INFO - DAG(s) 'tutorial' retrieved from /home/airflow/.local/lib/python3.8/site-packages/airflow/example_dags/tutorial.py
[2024-04-15T10:51:58.603+0000] {logging_mixin.py:188} INFO - [2024-04-15T10:51:58.602+0000] {dag.py:3047} INFO - Sync 1 DAGs
[2024-04-15T10:51:58.623+0000] {logging_mixin.py:188} INFO - [2024-04-15T10:51:58.623+0000] {dag.py:3834} INFO - Setting next_dagrun for tutorial to 2024-04-14 00:00:00+00:00, run_after=2024-04-15 00:00:00+00:00
[2024-04-15T10:51:58.648+0000] {processor.py:183} INFO - Processing /home/airflow/.local/lib/python3.8/site-packages/airflow/example_dags/tutorial.py took 0.080 seconds
[2024-04-15T10:52:29.134+0000] {processor.py:161} INFO - Started process (PID=1135) to work on /home/airflow/.local/lib/python3.8/site-packages/airflow/example_dags/tutorial.py
[2024-04-15T10:52:29.135+0000] {processor.py:830} INFO - Processing file /home/airflow/.local/lib/python3.8/site-packages/airflow/example_dags/tutorial.py for tasks to queue
[2024-04-15T10:52:29.138+0000] {logging_mixin.py:188} INFO - [2024-04-15T10:52:29.137+0000] {dagbag.py:540} INFO - Filling up the DagBag from /home/airflow/.local/lib/python3.8/site-packages/airflow/example_dags/tutorial.py
[2024-04-15T10:52:29.143+0000] {processor.py:840} INFO - DAG(s) 'tutorial' retrieved from /home/airflow/.local/lib/python3.8/site-packages/airflow/example_dags/tutorial.py
[2024-04-15T10:52:29.166+0000] {logging_mixin.py:188} INFO - [2024-04-15T10:52:29.166+0000] {dag.py:3047} INFO - Sync 1 DAGs
[2024-04-15T10:52:29.186+0000] {logging_mixin.py:188} INFO - [2024-04-15T10:52:29.186+0000] {dag.py:3834} INFO - Setting next_dagrun for tutorial to 2024-04-14 00:00:00+00:00, run_after=2024-04-15 00:00:00+00:00
[2024-04-15T10:52:29.213+0000] {processor.py:183} INFO - Processing /home/airflow/.local/lib/python3.8/site-packages/airflow/example_dags/tutorial.py took 0.082 seconds
[2024-04-15T10:52:59.593+0000] {processor.py:161} INFO - Started process (PID=1190) to work on /home/airflow/.local/lib/python3.8/site-packages/airflow/example_dags/tutorial.py
[2024-04-15T10:52:59.596+0000] {processor.py:830} INFO - Processing file /home/airflow/.local/lib/python3.8/site-packages/airflow/example_dags/tutorial.py for tasks to queue
[2024-04-15T10:52:59.606+0000] {logging_mixin.py:188} INFO - [2024-04-15T10:52:59.606+0000] {dagbag.py:540} INFO - Filling up the DagBag from /home/airflow/.local/lib/python3.8/site-packages/airflow/example_dags/tutorial.py
[2024-04-15T10:52:59.633+0000] {processor.py:840} INFO - DAG(s) 'tutorial' retrieved from /home/airflow/.local/lib/python3.8/site-packages/airflow/example_dags/tutorial.py
[2024-04-15T10:52:59.735+0000] {logging_mixin.py:188} INFO - [2024-04-15T10:52:59.734+0000] {dag.py:3047} INFO - Sync 1 DAGs
[2024-04-15T10:52:59.821+0000] {logging_mixin.py:188} INFO - [2024-04-15T10:52:59.820+0000] {dag.py:3834} INFO - Setting next_dagrun for tutorial to 2024-04-14 00:00:00+00:00, run_after=2024-04-15 00:00:00+00:00
[2024-04-15T10:52:59.899+0000] {processor.py:183} INFO - Processing /home/airflow/.local/lib/python3.8/site-packages/airflow/example_dags/tutorial.py took 0.311 seconds
[2024-04-15T11:28:54.331+0000] {processor.py:161} INFO - Started process (PID=1207) to work on /home/airflow/.local/lib/python3.8/site-packages/airflow/example_dags/tutorial.py
[2024-04-15T11:28:54.334+0000] {processor.py:830} INFO - Processing file /home/airflow/.local/lib/python3.8/site-packages/airflow/example_dags/tutorial.py for tasks to queue
[2024-04-15T11:28:54.340+0000] {logging_mixin.py:188} INFO - [2024-04-15T11:28:54.339+0000] {dagbag.py:540} INFO - Filling up the DagBag from /home/airflow/.local/lib/python3.8/site-packages/airflow/example_dags/tutorial.py
[2024-04-15T11:28:54.358+0000] {processor.py:840} INFO - DAG(s) 'tutorial' retrieved from /home/airflow/.local/lib/python3.8/site-packages/airflow/example_dags/tutorial.py
[2024-04-15T11:28:54.454+0000] {logging_mixin.py:188} INFO - [2024-04-15T11:28:54.453+0000] {dag.py:3047} INFO - Sync 1 DAGs
[2024-04-15T11:28:54.573+0000] {logging_mixin.py:188} INFO - [2024-04-15T11:28:54.573+0000] {dag.py:3834} INFO - Setting next_dagrun for tutorial to 2024-04-14 00:00:00+00:00, run_after=2024-04-15 00:00:00+00:00
[2024-04-15T11:28:54.674+0000] {processor.py:183} INFO - Processing /home/airflow/.local/lib/python3.8/site-packages/airflow/example_dags/tutorial.py took 0.353 seconds
[2024-04-15T11:29:25.336+0000] {processor.py:161} INFO - Started process (PID=1262) to work on /home/airflow/.local/lib/python3.8/site-packages/airflow/example_dags/tutorial.py
[2024-04-15T11:29:25.337+0000] {processor.py:830} INFO - Processing file /home/airflow/.local/lib/python3.8/site-packages/airflow/example_dags/tutorial.py for tasks to queue
[2024-04-15T11:29:25.340+0000] {logging_mixin.py:188} INFO - [2024-04-15T11:29:25.339+0000] {dagbag.py:540} INFO - Filling up the DagBag from /home/airflow/.local/lib/python3.8/site-packages/airflow/example_dags/tutorial.py
[2024-04-15T11:29:25.345+0000] {processor.py:840} INFO - DAG(s) 'tutorial' retrieved from /home/airflow/.local/lib/python3.8/site-packages/airflow/example_dags/tutorial.py
[2024-04-15T11:29:25.367+0000] {logging_mixin.py:188} INFO - [2024-04-15T11:29:25.367+0000] {dag.py:3047} INFO - Sync 1 DAGs
[2024-04-15T11:29:25.386+0000] {logging_mixin.py:188} INFO - [2024-04-15T11:29:25.386+0000] {dag.py:3834} INFO - Setting next_dagrun for tutorial to 2024-04-14 00:00:00+00:00, run_after=2024-04-15 00:00:00+00:00
[2024-04-15T11:29:25.412+0000] {processor.py:183} INFO - Processing /home/airflow/.local/lib/python3.8/site-packages/airflow/example_dags/tutorial.py took 0.079 seconds
[2024-04-15T11:29:55.693+0000] {processor.py:161} INFO - Started process (PID=1317) to work on /home/airflow/.local/lib/python3.8/site-packages/airflow/example_dags/tutorial.py
[2024-04-15T11:29:55.695+0000] {processor.py:830} INFO - Processing file /home/airflow/.local/lib/python3.8/site-packages/airflow/example_dags/tutorial.py for tasks to queue
[2024-04-15T11:29:55.697+0000] {logging_mixin.py:188} INFO - [2024-04-15T11:29:55.697+0000] {dagbag.py:540} INFO - Filling up the DagBag from /home/airflow/.local/lib/python3.8/site-packages/airflow/example_dags/tutorial.py
[2024-04-15T11:29:55.702+0000] {processor.py:840} INFO - DAG(s) 'tutorial' retrieved from /home/airflow/.local/lib/python3.8/site-packages/airflow/example_dags/tutorial.py
[2024-04-15T11:29:55.725+0000] {logging_mixin.py:188} INFO - [2024-04-15T11:29:55.724+0000] {dag.py:3047} INFO - Sync 1 DAGs
[2024-04-15T11:29:55.744+0000] {logging_mixin.py:188} INFO - [2024-04-15T11:29:55.744+0000] {dag.py:3834} INFO - Setting next_dagrun for tutorial to 2024-04-14 00:00:00+00:00, run_after=2024-04-15 00:00:00+00:00
[2024-04-15T11:29:55.769+0000] {processor.py:183} INFO - Processing /home/airflow/.local/lib/python3.8/site-packages/airflow/example_dags/tutorial.py took 0.080 seconds
[2024-04-15T11:30:26.068+0000] {processor.py:161} INFO - Started process (PID=1372) to work on /home/airflow/.local/lib/python3.8/site-packages/airflow/example_dags/tutorial.py
[2024-04-15T11:30:26.070+0000] {processor.py:830} INFO - Processing file /home/airflow/.local/lib/python3.8/site-packages/airflow/example_dags/tutorial.py for tasks to queue
[2024-04-15T11:30:26.072+0000] {logging_mixin.py:188} INFO - [2024-04-15T11:30:26.072+0000] {dagbag.py:540} INFO - Filling up the DagBag from /home/airflow/.local/lib/python3.8/site-packages/airflow/example_dags/tutorial.py
[2024-04-15T11:30:26.077+0000] {processor.py:840} INFO - DAG(s) 'tutorial' retrieved from /home/airflow/.local/lib/python3.8/site-packages/airflow/example_dags/tutorial.py
[2024-04-15T11:30:26.100+0000] {logging_mixin.py:188} INFO - [2024-04-15T11:30:26.100+0000] {dag.py:3047} INFO - Sync 1 DAGs
[2024-04-15T11:30:26.121+0000] {logging_mixin.py:188} INFO - [2024-04-15T11:30:26.121+0000] {dag.py:3834} INFO - Setting next_dagrun for tutorial to 2024-04-14 00:00:00+00:00, run_after=2024-04-15 00:00:00+00:00
[2024-04-15T11:30:26.149+0000] {processor.py:183} INFO - Processing /home/airflow/.local/lib/python3.8/site-packages/airflow/example_dags/tutorial.py took 0.084 seconds
[2024-04-15T11:30:56.523+0000] {processor.py:161} INFO - Started process (PID=1427) to work on /home/airflow/.local/lib/python3.8/site-packages/airflow/example_dags/tutorial.py
[2024-04-15T11:30:56.524+0000] {processor.py:830} INFO - Processing file /home/airflow/.local/lib/python3.8/site-packages/airflow/example_dags/tutorial.py for tasks to queue
[2024-04-15T11:30:56.527+0000] {logging_mixin.py:188} INFO - [2024-04-15T11:30:56.526+0000] {dagbag.py:540} INFO - Filling up the DagBag from /home/airflow/.local/lib/python3.8/site-packages/airflow/example_dags/tutorial.py
[2024-04-15T11:30:56.533+0000] {processor.py:840} INFO - DAG(s) 'tutorial' retrieved from /home/airflow/.local/lib/python3.8/site-packages/airflow/example_dags/tutorial.py
[2024-04-15T11:30:56.557+0000] {logging_mixin.py:188} INFO - [2024-04-15T11:30:56.556+0000] {dag.py:3047} INFO - Sync 1 DAGs
[2024-04-15T11:30:56.576+0000] {logging_mixin.py:188} INFO - [2024-04-15T11:30:56.576+0000] {dag.py:3834} INFO - Setting next_dagrun for tutorial to 2024-04-14 00:00:00+00:00, run_after=2024-04-15 00:00:00+00:00
[2024-04-15T11:30:56.603+0000] {processor.py:183} INFO - Processing /home/airflow/.local/lib/python3.8/site-packages/airflow/example_dags/tutorial.py took 0.083 seconds
[2024-04-15T11:31:26.736+0000] {processor.py:161} INFO - Started process (PID=1482) to work on /home/airflow/.local/lib/python3.8/site-packages/airflow/example_dags/tutorial.py
[2024-04-15T11:31:26.738+0000] {processor.py:830} INFO - Processing file /home/airflow/.local/lib/python3.8/site-packages/airflow/example_dags/tutorial.py for tasks to queue
[2024-04-15T11:31:26.741+0000] {logging_mixin.py:188} INFO - [2024-04-15T11:31:26.740+0000] {dagbag.py:540} INFO - Filling up the DagBag from /home/airflow/.local/lib/python3.8/site-packages/airflow/example_dags/tutorial.py
[2024-04-15T11:31:26.746+0000] {processor.py:840} INFO - DAG(s) 'tutorial' retrieved from /home/airflow/.local/lib/python3.8/site-packages/airflow/example_dags/tutorial.py
[2024-04-15T11:31:26.769+0000] {logging_mixin.py:188} INFO - [2024-04-15T11:31:26.768+0000] {dag.py:3047} INFO - Sync 1 DAGs
[2024-04-15T11:31:26.788+0000] {logging_mixin.py:188} INFO - [2024-04-15T11:31:26.788+0000] {dag.py:3834} INFO - Setting next_dagrun for tutorial to 2024-04-14 00:00:00+00:00, run_after=2024-04-15 00:00:00+00:00
[2024-04-15T11:31:26.815+0000] {processor.py:183} INFO - Processing /home/airflow/.local/lib/python3.8/site-packages/airflow/example_dags/tutorial.py took 0.082 seconds
[2024-04-15T11:31:57.299+0000] {processor.py:161} INFO - Started process (PID=1537) to work on /home/airflow/.local/lib/python3.8/site-packages/airflow/example_dags/tutorial.py
[2024-04-15T11:31:57.301+0000] {processor.py:830} INFO - Processing file /home/airflow/.local/lib/python3.8/site-packages/airflow/example_dags/tutorial.py for tasks to queue
[2024-04-15T11:31:57.304+0000] {logging_mixin.py:188} INFO - [2024-04-15T11:31:57.304+0000] {dagbag.py:540} INFO - Filling up the DagBag from /home/airflow/.local/lib/python3.8/site-packages/airflow/example_dags/tutorial.py
[2024-04-15T11:31:57.309+0000] {processor.py:840} INFO - DAG(s) 'tutorial' retrieved from /home/airflow/.local/lib/python3.8/site-packages/airflow/example_dags/tutorial.py
[2024-04-15T11:31:57.331+0000] {logging_mixin.py:188} INFO - [2024-04-15T11:31:57.331+0000] {dag.py:3047} INFO - Sync 1 DAGs
[2024-04-15T11:31:57.351+0000] {logging_mixin.py:188} INFO - [2024-04-15T11:31:57.351+0000] {dag.py:3834} INFO - Setting next_dagrun for tutorial to 2024-04-14 00:00:00+00:00, run_after=2024-04-15 00:00:00+00:00
[2024-04-15T11:31:57.376+0000] {processor.py:183} INFO - Processing /home/airflow/.local/lib/python3.8/site-packages/airflow/example_dags/tutorial.py took 0.080 seconds
[2024-04-15T12:11:18.092+0000] {processor.py:161} INFO - Started process (PID=1578) to work on /home/airflow/.local/lib/python3.8/site-packages/airflow/example_dags/tutorial.py
[2024-04-15T12:11:18.095+0000] {processor.py:830} INFO - Processing file /home/airflow/.local/lib/python3.8/site-packages/airflow/example_dags/tutorial.py for tasks to queue
[2024-04-15T12:11:18.097+0000] {logging_mixin.py:188} INFO - [2024-04-15T12:11:18.097+0000] {dagbag.py:540} INFO - Filling up the DagBag from /home/airflow/.local/lib/python3.8/site-packages/airflow/example_dags/tutorial.py
[2024-04-15T12:11:18.113+0000] {processor.py:840} INFO - DAG(s) 'tutorial' retrieved from /home/airflow/.local/lib/python3.8/site-packages/airflow/example_dags/tutorial.py
[2024-04-15T12:11:18.150+0000] {logging_mixin.py:188} INFO - [2024-04-15T12:11:18.150+0000] {dag.py:3047} INFO - Sync 1 DAGs
[2024-04-15T12:11:18.228+0000] {logging_mixin.py:188} INFO - [2024-04-15T12:11:18.228+0000] {dag.py:3834} INFO - Setting next_dagrun for tutorial to 2024-04-14 00:00:00+00:00, run_after=2024-04-15 00:00:00+00:00
[2024-04-15T12:11:19.004+0000] {processor.py:183} INFO - Processing /home/airflow/.local/lib/python3.8/site-packages/airflow/example_dags/tutorial.py took 0.918 seconds
[2024-04-15T12:11:49.626+0000] {processor.py:161} INFO - Started process (PID=1633) to work on /home/airflow/.local/lib/python3.8/site-packages/airflow/example_dags/tutorial.py
[2024-04-15T12:11:49.628+0000] {processor.py:830} INFO - Processing file /home/airflow/.local/lib/python3.8/site-packages/airflow/example_dags/tutorial.py for tasks to queue
[2024-04-15T12:11:49.629+0000] {logging_mixin.py:188} INFO - [2024-04-15T12:11:49.628+0000] {dagbag.py:540} INFO - Filling up the DagBag from /home/airflow/.local/lib/python3.8/site-packages/airflow/example_dags/tutorial.py
[2024-04-15T12:11:49.636+0000] {processor.py:840} INFO - DAG(s) 'tutorial' retrieved from /home/airflow/.local/lib/python3.8/site-packages/airflow/example_dags/tutorial.py
[2024-04-15T12:11:49.662+0000] {logging_mixin.py:188} INFO - [2024-04-15T12:11:49.661+0000] {dag.py:3047} INFO - Sync 1 DAGs
[2024-04-15T12:11:49.687+0000] {logging_mixin.py:188} INFO - [2024-04-15T12:11:49.687+0000] {dag.py:3834} INFO - Setting next_dagrun for tutorial to 2024-04-14 00:00:00+00:00, run_after=2024-04-15 00:00:00+00:00
[2024-04-15T12:11:49.711+0000] {processor.py:183} INFO - Processing /home/airflow/.local/lib/python3.8/site-packages/airflow/example_dags/tutorial.py took 0.090 seconds
[2024-04-15T12:12:20.147+0000] {processor.py:161} INFO - Started process (PID=1688) to work on /home/airflow/.local/lib/python3.8/site-packages/airflow/example_dags/tutorial.py
[2024-04-15T12:12:20.148+0000] {processor.py:830} INFO - Processing file /home/airflow/.local/lib/python3.8/site-packages/airflow/example_dags/tutorial.py for tasks to queue
[2024-04-15T12:12:20.150+0000] {logging_mixin.py:188} INFO - [2024-04-15T12:12:20.149+0000] {dagbag.py:540} INFO - Filling up the DagBag from /home/airflow/.local/lib/python3.8/site-packages/airflow/example_dags/tutorial.py
[2024-04-15T12:12:20.161+0000] {processor.py:840} INFO - DAG(s) 'tutorial' retrieved from /home/airflow/.local/lib/python3.8/site-packages/airflow/example_dags/tutorial.py
[2024-04-15T12:12:20.190+0000] {logging_mixin.py:188} INFO - [2024-04-15T12:12:20.190+0000] {dag.py:3047} INFO - Sync 1 DAGs
[2024-04-15T12:12:20.232+0000] {logging_mixin.py:188} INFO - [2024-04-15T12:12:20.232+0000] {dag.py:3834} INFO - Setting next_dagrun for tutorial to 2024-04-14 00:00:00+00:00, run_after=2024-04-15 00:00:00+00:00
[2024-04-15T12:12:20.278+0000] {processor.py:183} INFO - Processing /home/airflow/.local/lib/python3.8/site-packages/airflow/example_dags/tutorial.py took 0.134 seconds
[2024-04-15T12:12:50.911+0000] {processor.py:161} INFO - Started process (PID=1743) to work on /home/airflow/.local/lib/python3.8/site-packages/airflow/example_dags/tutorial.py
[2024-04-15T12:12:50.913+0000] {processor.py:830} INFO - Processing file /home/airflow/.local/lib/python3.8/site-packages/airflow/example_dags/tutorial.py for tasks to queue
[2024-04-15T12:12:50.914+0000] {logging_mixin.py:188} INFO - [2024-04-15T12:12:50.914+0000] {dagbag.py:540} INFO - Filling up the DagBag from /home/airflow/.local/lib/python3.8/site-packages/airflow/example_dags/tutorial.py
[2024-04-15T12:12:50.921+0000] {processor.py:840} INFO - DAG(s) 'tutorial' retrieved from /home/airflow/.local/lib/python3.8/site-packages/airflow/example_dags/tutorial.py
[2024-04-15T12:12:50.944+0000] {logging_mixin.py:188} INFO - [2024-04-15T12:12:50.944+0000] {dag.py:3047} INFO - Sync 1 DAGs
[2024-04-15T12:12:50.963+0000] {logging_mixin.py:188} INFO - [2024-04-15T12:12:50.963+0000] {dag.py:3834} INFO - Setting next_dagrun for tutorial to 2024-04-14 00:00:00+00:00, run_after=2024-04-15 00:00:00+00:00
[2024-04-15T12:12:50.989+0000] {processor.py:183} INFO - Processing /home/airflow/.local/lib/python3.8/site-packages/airflow/example_dags/tutorial.py took 0.080 seconds
[2024-04-15T12:13:21.284+0000] {processor.py:161} INFO - Started process (PID=1798) to work on /home/airflow/.local/lib/python3.8/site-packages/airflow/example_dags/tutorial.py
[2024-04-15T12:13:21.286+0000] {processor.py:830} INFO - Processing file /home/airflow/.local/lib/python3.8/site-packages/airflow/example_dags/tutorial.py for tasks to queue
[2024-04-15T12:13:21.287+0000] {logging_mixin.py:188} INFO - [2024-04-15T12:13:21.287+0000] {dagbag.py:540} INFO - Filling up the DagBag from /home/airflow/.local/lib/python3.8/site-packages/airflow/example_dags/tutorial.py
[2024-04-15T12:13:21.296+0000] {processor.py:840} INFO - DAG(s) 'tutorial' retrieved from /home/airflow/.local/lib/python3.8/site-packages/airflow/example_dags/tutorial.py
[2024-04-15T12:13:21.319+0000] {logging_mixin.py:188} INFO - [2024-04-15T12:13:21.319+0000] {dag.py:3047} INFO - Sync 1 DAGs
[2024-04-15T12:13:21.339+0000] {logging_mixin.py:188} INFO - [2024-04-15T12:13:21.339+0000] {dag.py:3834} INFO - Setting next_dagrun for tutorial to 2024-04-14 00:00:00+00:00, run_after=2024-04-15 00:00:00+00:00
[2024-04-15T12:13:21.363+0000] {processor.py:183} INFO - Processing /home/airflow/.local/lib/python3.8/site-packages/airflow/example_dags/tutorial.py took 0.082 seconds
[2024-04-15T12:13:51.613+0000] {processor.py:161} INFO - Started process (PID=1853) to work on /home/airflow/.local/lib/python3.8/site-packages/airflow/example_dags/tutorial.py
[2024-04-15T12:13:51.614+0000] {processor.py:830} INFO - Processing file /home/airflow/.local/lib/python3.8/site-packages/airflow/example_dags/tutorial.py for tasks to queue
[2024-04-15T12:13:51.615+0000] {logging_mixin.py:188} INFO - [2024-04-15T12:13:51.615+0000] {dagbag.py:540} INFO - Filling up the DagBag from /home/airflow/.local/lib/python3.8/site-packages/airflow/example_dags/tutorial.py
[2024-04-15T12:13:51.622+0000] {processor.py:840} INFO - DAG(s) 'tutorial' retrieved from /home/airflow/.local/lib/python3.8/site-packages/airflow/example_dags/tutorial.py
[2024-04-15T12:13:51.645+0000] {logging_mixin.py:188} INFO - [2024-04-15T12:13:51.645+0000] {dag.py:3047} INFO - Sync 1 DAGs
[2024-04-15T12:13:51.665+0000] {logging_mixin.py:188} INFO - [2024-04-15T12:13:51.665+0000] {dag.py:3834} INFO - Setting next_dagrun for tutorial to 2024-04-14 00:00:00+00:00, run_after=2024-04-15 00:00:00+00:00
[2024-04-15T12:13:51.692+0000] {processor.py:183} INFO - Processing /home/airflow/.local/lib/python3.8/site-packages/airflow/example_dags/tutorial.py took 0.082 seconds
[2024-04-15T12:14:22.271+0000] {processor.py:161} INFO - Started process (PID=1908) to work on /home/airflow/.local/lib/python3.8/site-packages/airflow/example_dags/tutorial.py
[2024-04-15T12:14:22.272+0000] {processor.py:830} INFO - Processing file /home/airflow/.local/lib/python3.8/site-packages/airflow/example_dags/tutorial.py for tasks to queue
[2024-04-15T12:14:22.274+0000] {logging_mixin.py:188} INFO - [2024-04-15T12:14:22.274+0000] {dagbag.py:540} INFO - Filling up the DagBag from /home/airflow/.local/lib/python3.8/site-packages/airflow/example_dags/tutorial.py
[2024-04-15T12:14:22.282+0000] {processor.py:840} INFO - DAG(s) 'tutorial' retrieved from /home/airflow/.local/lib/python3.8/site-packages/airflow/example_dags/tutorial.py
[2024-04-15T12:14:22.308+0000] {logging_mixin.py:188} INFO - [2024-04-15T12:14:22.308+0000] {dag.py:3047} INFO - Sync 1 DAGs
[2024-04-15T12:14:22.333+0000] {logging_mixin.py:188} INFO - [2024-04-15T12:14:22.332+0000] {dag.py:3834} INFO - Setting next_dagrun for tutorial to 2024-04-14 00:00:00+00:00, run_after=2024-04-15 00:00:00+00:00
[2024-04-15T12:14:22.362+0000] {processor.py:183} INFO - Processing /home/airflow/.local/lib/python3.8/site-packages/airflow/example_dags/tutorial.py took 0.094 seconds
[2024-04-15T12:14:52.473+0000] {processor.py:161} INFO - Started process (PID=1963) to work on /home/airflow/.local/lib/python3.8/site-packages/airflow/example_dags/tutorial.py
[2024-04-15T12:14:52.475+0000] {processor.py:830} INFO - Processing file /home/airflow/.local/lib/python3.8/site-packages/airflow/example_dags/tutorial.py for tasks to queue
[2024-04-15T12:14:52.476+0000] {logging_mixin.py:188} INFO - [2024-04-15T12:14:52.476+0000] {dagbag.py:540} INFO - Filling up the DagBag from /home/airflow/.local/lib/python3.8/site-packages/airflow/example_dags/tutorial.py
[2024-04-15T12:14:52.483+0000] {processor.py:840} INFO - DAG(s) 'tutorial' retrieved from /home/airflow/.local/lib/python3.8/site-packages/airflow/example_dags/tutorial.py
[2024-04-15T12:14:52.504+0000] {logging_mixin.py:188} INFO - [2024-04-15T12:14:52.504+0000] {dag.py:3047} INFO - Sync 1 DAGs
[2024-04-15T12:14:52.526+0000] {logging_mixin.py:188} INFO - [2024-04-15T12:14:52.526+0000] {dag.py:3834} INFO - Setting next_dagrun for tutorial to 2024-04-14 00:00:00+00:00, run_after=2024-04-15 00:00:00+00:00
[2024-04-15T12:14:52.550+0000] {processor.py:183} INFO - Processing /home/airflow/.local/lib/python3.8/site-packages/airflow/example_dags/tutorial.py took 0.081 seconds
[2024-04-15T12:15:22.890+0000] {processor.py:161} INFO - Started process (PID=2018) to work on /home/airflow/.local/lib/python3.8/site-packages/airflow/example_dags/tutorial.py
[2024-04-15T12:15:22.891+0000] {processor.py:830} INFO - Processing file /home/airflow/.local/lib/python3.8/site-packages/airflow/example_dags/tutorial.py for tasks to queue
[2024-04-15T12:15:22.892+0000] {logging_mixin.py:188} INFO - [2024-04-15T12:15:22.892+0000] {dagbag.py:540} INFO - Filling up the DagBag from /home/airflow/.local/lib/python3.8/site-packages/airflow/example_dags/tutorial.py
[2024-04-15T12:15:22.899+0000] {processor.py:840} INFO - DAG(s) 'tutorial' retrieved from /home/airflow/.local/lib/python3.8/site-packages/airflow/example_dags/tutorial.py
[2024-04-15T12:15:22.921+0000] {logging_mixin.py:188} INFO - [2024-04-15T12:15:22.920+0000] {dag.py:3047} INFO - Sync 1 DAGs
[2024-04-15T12:15:22.950+0000] {logging_mixin.py:188} INFO - [2024-04-15T12:15:22.950+0000] {dag.py:3834} INFO - Setting next_dagrun for tutorial to 2024-04-14 00:00:00+00:00, run_after=2024-04-15 00:00:00+00:00
[2024-04-15T12:15:22.984+0000] {processor.py:183} INFO - Processing /home/airflow/.local/lib/python3.8/site-packages/airflow/example_dags/tutorial.py took 0.097 seconds
[2024-04-15T12:15:53.368+0000] {processor.py:161} INFO - Started process (PID=2073) to work on /home/airflow/.local/lib/python3.8/site-packages/airflow/example_dags/tutorial.py
[2024-04-15T12:15:53.369+0000] {processor.py:830} INFO - Processing file /home/airflow/.local/lib/python3.8/site-packages/airflow/example_dags/tutorial.py for tasks to queue
[2024-04-15T12:15:53.371+0000] {logging_mixin.py:188} INFO - [2024-04-15T12:15:53.370+0000] {dagbag.py:540} INFO - Filling up the DagBag from /home/airflow/.local/lib/python3.8/site-packages/airflow/example_dags/tutorial.py
[2024-04-15T12:15:53.377+0000] {processor.py:840} INFO - DAG(s) 'tutorial' retrieved from /home/airflow/.local/lib/python3.8/site-packages/airflow/example_dags/tutorial.py
[2024-04-15T12:15:53.399+0000] {logging_mixin.py:188} INFO - [2024-04-15T12:15:53.399+0000] {dag.py:3047} INFO - Sync 1 DAGs
[2024-04-15T12:15:53.419+0000] {logging_mixin.py:188} INFO - [2024-04-15T12:15:53.419+0000] {dag.py:3834} INFO - Setting next_dagrun for tutorial to 2024-04-14 00:00:00+00:00, run_after=2024-04-15 00:00:00+00:00
[2024-04-15T12:15:53.443+0000] {processor.py:183} INFO - Processing /home/airflow/.local/lib/python3.8/site-packages/airflow/example_dags/tutorial.py took 0.078 seconds
[2024-04-15T12:16:23.479+0000] {processor.py:161} INFO - Started process (PID=2128) to work on /home/airflow/.local/lib/python3.8/site-packages/airflow/example_dags/tutorial.py
[2024-04-15T12:16:23.480+0000] {processor.py:830} INFO - Processing file /home/airflow/.local/lib/python3.8/site-packages/airflow/example_dags/tutorial.py for tasks to queue
[2024-04-15T12:16:23.482+0000] {logging_mixin.py:188} INFO - [2024-04-15T12:16:23.481+0000] {dagbag.py:540} INFO - Filling up the DagBag from /home/airflow/.local/lib/python3.8/site-packages/airflow/example_dags/tutorial.py
[2024-04-15T12:16:23.488+0000] {processor.py:840} INFO - DAG(s) 'tutorial' retrieved from /home/airflow/.local/lib/python3.8/site-packages/airflow/example_dags/tutorial.py
[2024-04-15T12:16:23.509+0000] {logging_mixin.py:188} INFO - [2024-04-15T12:16:23.509+0000] {dag.py:3047} INFO - Sync 1 DAGs
[2024-04-15T12:16:23.531+0000] {logging_mixin.py:188} INFO - [2024-04-15T12:16:23.531+0000] {dag.py:3834} INFO - Setting next_dagrun for tutorial to 2024-04-14 00:00:00+00:00, run_after=2024-04-15 00:00:00+00:00
[2024-04-15T12:16:23.555+0000] {processor.py:183} INFO - Processing /home/airflow/.local/lib/python3.8/site-packages/airflow/example_dags/tutorial.py took 0.079 seconds
[2024-04-15T12:16:53.858+0000] {processor.py:161} INFO - Started process (PID=2183) to work on /home/airflow/.local/lib/python3.8/site-packages/airflow/example_dags/tutorial.py
[2024-04-15T12:16:53.859+0000] {processor.py:830} INFO - Processing file /home/airflow/.local/lib/python3.8/site-packages/airflow/example_dags/tutorial.py for tasks to queue
[2024-04-15T12:16:53.860+0000] {logging_mixin.py:188} INFO - [2024-04-15T12:16:53.860+0000] {dagbag.py:540} INFO - Filling up the DagBag from /home/airflow/.local/lib/python3.8/site-packages/airflow/example_dags/tutorial.py
[2024-04-15T12:16:53.867+0000] {processor.py:840} INFO - DAG(s) 'tutorial' retrieved from /home/airflow/.local/lib/python3.8/site-packages/airflow/example_dags/tutorial.py
[2024-04-15T12:16:53.890+0000] {logging_mixin.py:188} INFO - [2024-04-15T12:16:53.890+0000] {dag.py:3047} INFO - Sync 1 DAGs
[2024-04-15T12:16:53.912+0000] {logging_mixin.py:188} INFO - [2024-04-15T12:16:53.912+0000] {dag.py:3834} INFO - Setting next_dagrun for tutorial to 2024-04-14 00:00:00+00:00, run_after=2024-04-15 00:00:00+00:00
[2024-04-15T12:16:53.938+0000] {processor.py:183} INFO - Processing /home/airflow/.local/lib/python3.8/site-packages/airflow/example_dags/tutorial.py took 0.083 seconds
[2024-04-15T12:17:24.172+0000] {processor.py:161} INFO - Started process (PID=2237) to work on /home/airflow/.local/lib/python3.8/site-packages/airflow/example_dags/tutorial.py
[2024-04-15T12:17:24.173+0000] {processor.py:830} INFO - Processing file /home/airflow/.local/lib/python3.8/site-packages/airflow/example_dags/tutorial.py for tasks to queue
[2024-04-15T12:17:24.175+0000] {logging_mixin.py:188} INFO - [2024-04-15T12:17:24.174+0000] {dagbag.py:540} INFO - Filling up the DagBag from /home/airflow/.local/lib/python3.8/site-packages/airflow/example_dags/tutorial.py
[2024-04-15T12:17:24.181+0000] {processor.py:840} INFO - DAG(s) 'tutorial' retrieved from /home/airflow/.local/lib/python3.8/site-packages/airflow/example_dags/tutorial.py
[2024-04-15T12:17:24.201+0000] {logging_mixin.py:188} INFO - [2024-04-15T12:17:24.201+0000] {dag.py:3047} INFO - Sync 1 DAGs
[2024-04-15T12:17:24.226+0000] {logging_mixin.py:188} INFO - [2024-04-15T12:17:24.226+0000] {dag.py:3834} INFO - Setting next_dagrun for tutorial to 2024-04-14 00:00:00+00:00, run_after=2024-04-15 00:00:00+00:00
[2024-04-15T12:17:24.252+0000] {processor.py:183} INFO - Processing /home/airflow/.local/lib/python3.8/site-packages/airflow/example_dags/tutorial.py took 0.083 seconds
[2024-04-15T12:17:54.494+0000] {processor.py:161} INFO - Started process (PID=2292) to work on /home/airflow/.local/lib/python3.8/site-packages/airflow/example_dags/tutorial.py
[2024-04-15T12:17:54.495+0000] {processor.py:830} INFO - Processing file /home/airflow/.local/lib/python3.8/site-packages/airflow/example_dags/tutorial.py for tasks to queue
[2024-04-15T12:17:54.497+0000] {logging_mixin.py:188} INFO - [2024-04-15T12:17:54.497+0000] {dagbag.py:540} INFO - Filling up the DagBag from /home/airflow/.local/lib/python3.8/site-packages/airflow/example_dags/tutorial.py
[2024-04-15T12:17:54.508+0000] {processor.py:840} INFO - DAG(s) 'tutorial' retrieved from /home/airflow/.local/lib/python3.8/site-packages/airflow/example_dags/tutorial.py
[2024-04-15T12:17:54.538+0000] {logging_mixin.py:188} INFO - [2024-04-15T12:17:54.538+0000] {dag.py:3047} INFO - Sync 1 DAGs
[2024-04-15T12:17:54.565+0000] {logging_mixin.py:188} INFO - [2024-04-15T12:17:54.565+0000] {dag.py:3834} INFO - Setting next_dagrun for tutorial to 2024-04-14 00:00:00+00:00, run_after=2024-04-15 00:00:00+00:00
[2024-04-15T12:17:54.588+0000] {processor.py:183} INFO - Processing /home/airflow/.local/lib/python3.8/site-packages/airflow/example_dags/tutorial.py took 0.098 seconds
[2024-04-15T12:18:25.048+0000] {processor.py:161} INFO - Started process (PID=2347) to work on /home/airflow/.local/lib/python3.8/site-packages/airflow/example_dags/tutorial.py
[2024-04-15T12:18:25.049+0000] {processor.py:830} INFO - Processing file /home/airflow/.local/lib/python3.8/site-packages/airflow/example_dags/tutorial.py for tasks to queue
[2024-04-15T12:18:25.051+0000] {logging_mixin.py:188} INFO - [2024-04-15T12:18:25.050+0000] {dagbag.py:540} INFO - Filling up the DagBag from /home/airflow/.local/lib/python3.8/site-packages/airflow/example_dags/tutorial.py
[2024-04-15T12:18:25.057+0000] {processor.py:840} INFO - DAG(s) 'tutorial' retrieved from /home/airflow/.local/lib/python3.8/site-packages/airflow/example_dags/tutorial.py
[2024-04-15T12:18:25.079+0000] {logging_mixin.py:188} INFO - [2024-04-15T12:18:25.079+0000] {dag.py:3047} INFO - Sync 1 DAGs
[2024-04-15T12:18:25.099+0000] {logging_mixin.py:188} INFO - [2024-04-15T12:18:25.099+0000] {dag.py:3834} INFO - Setting next_dagrun for tutorial to 2024-04-14 00:00:00+00:00, run_after=2024-04-15 00:00:00+00:00
[2024-04-15T12:18:25.125+0000] {processor.py:183} INFO - Processing /home/airflow/.local/lib/python3.8/site-packages/airflow/example_dags/tutorial.py took 0.079 seconds
[2024-04-15T12:18:55.342+0000] {processor.py:161} INFO - Started process (PID=2402) to work on /home/airflow/.local/lib/python3.8/site-packages/airflow/example_dags/tutorial.py
[2024-04-15T12:18:55.343+0000] {processor.py:830} INFO - Processing file /home/airflow/.local/lib/python3.8/site-packages/airflow/example_dags/tutorial.py for tasks to queue
[2024-04-15T12:18:55.345+0000] {logging_mixin.py:188} INFO - [2024-04-15T12:18:55.344+0000] {dagbag.py:540} INFO - Filling up the DagBag from /home/airflow/.local/lib/python3.8/site-packages/airflow/example_dags/tutorial.py
[2024-04-15T12:18:55.351+0000] {processor.py:840} INFO - DAG(s) 'tutorial' retrieved from /home/airflow/.local/lib/python3.8/site-packages/airflow/example_dags/tutorial.py
[2024-04-15T12:18:55.373+0000] {logging_mixin.py:188} INFO - [2024-04-15T12:18:55.373+0000] {dag.py:3047} INFO - Sync 1 DAGs
[2024-04-15T12:18:55.393+0000] {logging_mixin.py:188} INFO - [2024-04-15T12:18:55.393+0000] {dag.py:3834} INFO - Setting next_dagrun for tutorial to 2024-04-14 00:00:00+00:00, run_after=2024-04-15 00:00:00+00:00
[2024-04-15T12:18:55.418+0000] {processor.py:183} INFO - Processing /home/airflow/.local/lib/python3.8/site-packages/airflow/example_dags/tutorial.py took 0.080 seconds
[2024-04-15T12:19:25.617+0000] {processor.py:161} INFO - Started process (PID=2457) to work on /home/airflow/.local/lib/python3.8/site-packages/airflow/example_dags/tutorial.py
[2024-04-15T12:19:25.619+0000] {processor.py:830} INFO - Processing file /home/airflow/.local/lib/python3.8/site-packages/airflow/example_dags/tutorial.py for tasks to queue
[2024-04-15T12:19:25.620+0000] {logging_mixin.py:188} INFO - [2024-04-15T12:19:25.620+0000] {dagbag.py:540} INFO - Filling up the DagBag from /home/airflow/.local/lib/python3.8/site-packages/airflow/example_dags/tutorial.py
[2024-04-15T12:19:25.626+0000] {processor.py:840} INFO - DAG(s) 'tutorial' retrieved from /home/airflow/.local/lib/python3.8/site-packages/airflow/example_dags/tutorial.py
[2024-04-15T12:19:25.648+0000] {logging_mixin.py:188} INFO - [2024-04-15T12:19:25.648+0000] {dag.py:3047} INFO - Sync 1 DAGs
[2024-04-15T12:19:25.668+0000] {logging_mixin.py:188} INFO - [2024-04-15T12:19:25.667+0000] {dag.py:3834} INFO - Setting next_dagrun for tutorial to 2024-04-14 00:00:00+00:00, run_after=2024-04-15 00:00:00+00:00
[2024-04-15T12:19:25.695+0000] {processor.py:183} INFO - Processing /home/airflow/.local/lib/python3.8/site-packages/airflow/example_dags/tutorial.py took 0.081 seconds
[2024-04-15T12:19:55.865+0000] {processor.py:161} INFO - Started process (PID=2512) to work on /home/airflow/.local/lib/python3.8/site-packages/airflow/example_dags/tutorial.py
[2024-04-15T12:19:55.867+0000] {processor.py:830} INFO - Processing file /home/airflow/.local/lib/python3.8/site-packages/airflow/example_dags/tutorial.py for tasks to queue
[2024-04-15T12:19:55.868+0000] {logging_mixin.py:188} INFO - [2024-04-15T12:19:55.868+0000] {dagbag.py:540} INFO - Filling up the DagBag from /home/airflow/.local/lib/python3.8/site-packages/airflow/example_dags/tutorial.py
[2024-04-15T12:19:55.874+0000] {processor.py:840} INFO - DAG(s) 'tutorial' retrieved from /home/airflow/.local/lib/python3.8/site-packages/airflow/example_dags/tutorial.py
[2024-04-15T12:19:55.899+0000] {logging_mixin.py:188} INFO - [2024-04-15T12:19:55.899+0000] {dag.py:3047} INFO - Sync 1 DAGs
[2024-04-15T12:19:55.926+0000] {logging_mixin.py:188} INFO - [2024-04-15T12:19:55.926+0000] {dag.py:3834} INFO - Setting next_dagrun for tutorial to 2024-04-14 00:00:00+00:00, run_after=2024-04-15 00:00:00+00:00
[2024-04-15T12:19:55.954+0000] {processor.py:183} INFO - Processing /home/airflow/.local/lib/python3.8/site-packages/airflow/example_dags/tutorial.py took 0.092 seconds
[2024-04-15T12:26:45.850+0000] {processor.py:161} INFO - Started process (PID=2565) to work on /home/airflow/.local/lib/python3.8/site-packages/airflow/example_dags/tutorial.py
[2024-04-15T12:26:45.852+0000] {processor.py:830} INFO - Processing file /home/airflow/.local/lib/python3.8/site-packages/airflow/example_dags/tutorial.py for tasks to queue
[2024-04-15T12:26:45.857+0000] {logging_mixin.py:188} INFO - [2024-04-15T12:26:45.854+0000] {dagbag.py:540} INFO - Filling up the DagBag from /home/airflow/.local/lib/python3.8/site-packages/airflow/example_dags/tutorial.py
[2024-04-15T12:26:45.882+0000] {processor.py:840} INFO - DAG(s) 'tutorial' retrieved from /home/airflow/.local/lib/python3.8/site-packages/airflow/example_dags/tutorial.py
[2024-04-15T12:26:45.935+0000] {logging_mixin.py:188} INFO - [2024-04-15T12:26:45.935+0000] {dag.py:3047} INFO - Sync 1 DAGs
[2024-04-15T12:26:45.983+0000] {logging_mixin.py:188} INFO - [2024-04-15T12:26:45.983+0000] {dag.py:3834} INFO - Setting next_dagrun for tutorial to 2024-04-14 00:00:00+00:00, run_after=2024-04-15 00:00:00+00:00
[2024-04-15T12:26:46.037+0000] {processor.py:183} INFO - Processing /home/airflow/.local/lib/python3.8/site-packages/airflow/example_dags/tutorial.py took 0.197 seconds
[2024-04-15T12:27:16.540+0000] {processor.py:161} INFO - Started process (PID=2620) to work on /home/airflow/.local/lib/python3.8/site-packages/airflow/example_dags/tutorial.py
[2024-04-15T12:27:16.541+0000] {processor.py:830} INFO - Processing file /home/airflow/.local/lib/python3.8/site-packages/airflow/example_dags/tutorial.py for tasks to queue
[2024-04-15T12:27:16.542+0000] {logging_mixin.py:188} INFO - [2024-04-15T12:27:16.542+0000] {dagbag.py:540} INFO - Filling up the DagBag from /home/airflow/.local/lib/python3.8/site-packages/airflow/example_dags/tutorial.py
[2024-04-15T12:27:16.550+0000] {processor.py:840} INFO - DAG(s) 'tutorial' retrieved from /home/airflow/.local/lib/python3.8/site-packages/airflow/example_dags/tutorial.py
[2024-04-15T12:27:16.575+0000] {logging_mixin.py:188} INFO - [2024-04-15T12:27:16.574+0000] {dag.py:3047} INFO - Sync 1 DAGs
[2024-04-15T12:27:16.598+0000] {logging_mixin.py:188} INFO - [2024-04-15T12:27:16.598+0000] {dag.py:3834} INFO - Setting next_dagrun for tutorial to 2024-04-14 00:00:00+00:00, run_after=2024-04-15 00:00:00+00:00
[2024-04-15T12:27:16.625+0000] {processor.py:183} INFO - Processing /home/airflow/.local/lib/python3.8/site-packages/airflow/example_dags/tutorial.py took 0.088 seconds
[2024-04-15T12:27:47.346+0000] {processor.py:161} INFO - Started process (PID=2675) to work on /home/airflow/.local/lib/python3.8/site-packages/airflow/example_dags/tutorial.py
[2024-04-15T12:27:47.347+0000] {processor.py:830} INFO - Processing file /home/airflow/.local/lib/python3.8/site-packages/airflow/example_dags/tutorial.py for tasks to queue
[2024-04-15T12:27:47.348+0000] {logging_mixin.py:188} INFO - [2024-04-15T12:27:47.348+0000] {dagbag.py:540} INFO - Filling up the DagBag from /home/airflow/.local/lib/python3.8/site-packages/airflow/example_dags/tutorial.py
[2024-04-15T12:27:47.355+0000] {processor.py:840} INFO - DAG(s) 'tutorial' retrieved from /home/airflow/.local/lib/python3.8/site-packages/airflow/example_dags/tutorial.py
[2024-04-15T12:27:47.377+0000] {logging_mixin.py:188} INFO - [2024-04-15T12:27:47.376+0000] {dag.py:3047} INFO - Sync 1 DAGs
[2024-04-15T12:27:47.399+0000] {logging_mixin.py:188} INFO - [2024-04-15T12:27:47.399+0000] {dag.py:3834} INFO - Setting next_dagrun for tutorial to 2024-04-14 00:00:00+00:00, run_after=2024-04-15 00:00:00+00:00
[2024-04-15T12:27:47.422+0000] {processor.py:183} INFO - Processing /home/airflow/.local/lib/python3.8/site-packages/airflow/example_dags/tutorial.py took 0.079 seconds
[2024-04-15T12:28:17.875+0000] {processor.py:161} INFO - Started process (PID=2730) to work on /home/airflow/.local/lib/python3.8/site-packages/airflow/example_dags/tutorial.py
[2024-04-15T12:28:17.877+0000] {processor.py:830} INFO - Processing file /home/airflow/.local/lib/python3.8/site-packages/airflow/example_dags/tutorial.py for tasks to queue
[2024-04-15T12:28:17.879+0000] {logging_mixin.py:188} INFO - [2024-04-15T12:28:17.878+0000] {dagbag.py:540} INFO - Filling up the DagBag from /home/airflow/.local/lib/python3.8/site-packages/airflow/example_dags/tutorial.py
[2024-04-15T12:28:17.884+0000] {processor.py:840} INFO - DAG(s) 'tutorial' retrieved from /home/airflow/.local/lib/python3.8/site-packages/airflow/example_dags/tutorial.py
[2024-04-15T12:28:17.907+0000] {logging_mixin.py:188} INFO - [2024-04-15T12:28:17.907+0000] {dag.py:3047} INFO - Sync 1 DAGs
[2024-04-15T12:28:17.928+0000] {logging_mixin.py:188} INFO - [2024-04-15T12:28:17.928+0000] {dag.py:3834} INFO - Setting next_dagrun for tutorial to 2024-04-14 00:00:00+00:00, run_after=2024-04-15 00:00:00+00:00
[2024-04-15T12:28:17.951+0000] {processor.py:183} INFO - Processing /home/airflow/.local/lib/python3.8/site-packages/airflow/example_dags/tutorial.py took 0.079 seconds
[2024-04-15T12:28:48.806+0000] {processor.py:161} INFO - Started process (PID=2786) to work on /home/airflow/.local/lib/python3.8/site-packages/airflow/example_dags/tutorial.py
[2024-04-15T12:28:48.808+0000] {processor.py:830} INFO - Processing file /home/airflow/.local/lib/python3.8/site-packages/airflow/example_dags/tutorial.py for tasks to queue
[2024-04-15T12:28:48.809+0000] {logging_mixin.py:188} INFO - [2024-04-15T12:28:48.809+0000] {dagbag.py:540} INFO - Filling up the DagBag from /home/airflow/.local/lib/python3.8/site-packages/airflow/example_dags/tutorial.py
[2024-04-15T12:28:48.816+0000] {processor.py:840} INFO - DAG(s) 'tutorial' retrieved from /home/airflow/.local/lib/python3.8/site-packages/airflow/example_dags/tutorial.py
[2024-04-15T12:28:48.841+0000] {logging_mixin.py:188} INFO - [2024-04-15T12:28:48.841+0000] {dag.py:3047} INFO - Sync 1 DAGs
[2024-04-15T12:28:48.865+0000] {logging_mixin.py:188} INFO - [2024-04-15T12:28:48.864+0000] {dag.py:3834} INFO - Setting next_dagrun for tutorial to 2024-04-14 00:00:00+00:00, run_after=2024-04-15 00:00:00+00:00
[2024-04-15T12:28:48.891+0000] {processor.py:183} INFO - Processing /home/airflow/.local/lib/python3.8/site-packages/airflow/example_dags/tutorial.py took 0.089 seconds
[2024-04-15T12:29:19.519+0000] {processor.py:161} INFO - Started process (PID=2841) to work on /home/airflow/.local/lib/python3.8/site-packages/airflow/example_dags/tutorial.py
[2024-04-15T12:29:19.520+0000] {processor.py:830} INFO - Processing file /home/airflow/.local/lib/python3.8/site-packages/airflow/example_dags/tutorial.py for tasks to queue
[2024-04-15T12:29:19.522+0000] {logging_mixin.py:188} INFO - [2024-04-15T12:29:19.521+0000] {dagbag.py:540} INFO - Filling up the DagBag from /home/airflow/.local/lib/python3.8/site-packages/airflow/example_dags/tutorial.py
[2024-04-15T12:29:19.528+0000] {processor.py:840} INFO - DAG(s) 'tutorial' retrieved from /home/airflow/.local/lib/python3.8/site-packages/airflow/example_dags/tutorial.py
[2024-04-15T12:29:19.551+0000] {logging_mixin.py:188} INFO - [2024-04-15T12:29:19.551+0000] {dag.py:3047} INFO - Sync 1 DAGs
[2024-04-15T12:29:19.573+0000] {logging_mixin.py:188} INFO - [2024-04-15T12:29:19.572+0000] {dag.py:3834} INFO - Setting next_dagrun for tutorial to 2024-04-14 00:00:00+00:00, run_after=2024-04-15 00:00:00+00:00
[2024-04-15T12:29:19.597+0000] {processor.py:183} INFO - Processing /home/airflow/.local/lib/python3.8/site-packages/airflow/example_dags/tutorial.py took 0.081 seconds
[2024-04-15T12:29:50.225+0000] {processor.py:161} INFO - Started process (PID=2896) to work on /home/airflow/.local/lib/python3.8/site-packages/airflow/example_dags/tutorial.py
[2024-04-15T12:29:50.227+0000] {processor.py:830} INFO - Processing file /home/airflow/.local/lib/python3.8/site-packages/airflow/example_dags/tutorial.py for tasks to queue
[2024-04-15T12:29:50.229+0000] {logging_mixin.py:188} INFO - [2024-04-15T12:29:50.228+0000] {dagbag.py:540} INFO - Filling up the DagBag from /home/airflow/.local/lib/python3.8/site-packages/airflow/example_dags/tutorial.py
[2024-04-15T12:29:50.235+0000] {processor.py:840} INFO - DAG(s) 'tutorial' retrieved from /home/airflow/.local/lib/python3.8/site-packages/airflow/example_dags/tutorial.py
[2024-04-15T12:29:50.257+0000] {logging_mixin.py:188} INFO - [2024-04-15T12:29:50.256+0000] {dag.py:3047} INFO - Sync 1 DAGs
[2024-04-15T12:29:50.277+0000] {logging_mixin.py:188} INFO - [2024-04-15T12:29:50.277+0000] {dag.py:3834} INFO - Setting next_dagrun for tutorial to 2024-04-14 00:00:00+00:00, run_after=2024-04-15 00:00:00+00:00
[2024-04-15T12:29:50.303+0000] {processor.py:183} INFO - Processing /home/airflow/.local/lib/python3.8/site-packages/airflow/example_dags/tutorial.py took 0.081 seconds
[2024-04-15T12:30:20.986+0000] {processor.py:161} INFO - Started process (PID=2951) to work on /home/airflow/.local/lib/python3.8/site-packages/airflow/example_dags/tutorial.py
[2024-04-15T12:30:20.987+0000] {processor.py:830} INFO - Processing file /home/airflow/.local/lib/python3.8/site-packages/airflow/example_dags/tutorial.py for tasks to queue
[2024-04-15T12:30:20.989+0000] {logging_mixin.py:188} INFO - [2024-04-15T12:30:20.989+0000] {dagbag.py:540} INFO - Filling up the DagBag from /home/airflow/.local/lib/python3.8/site-packages/airflow/example_dags/tutorial.py
[2024-04-15T12:30:20.998+0000] {processor.py:840} INFO - DAG(s) 'tutorial' retrieved from /home/airflow/.local/lib/python3.8/site-packages/airflow/example_dags/tutorial.py
[2024-04-15T12:30:21.023+0000] {logging_mixin.py:188} INFO - [2024-04-15T12:30:21.023+0000] {dag.py:3047} INFO - Sync 1 DAGs
[2024-04-15T12:30:21.047+0000] {logging_mixin.py:188} INFO - [2024-04-15T12:30:21.046+0000] {dag.py:3834} INFO - Setting next_dagrun for tutorial to 2024-04-14 00:00:00+00:00, run_after=2024-04-15 00:00:00+00:00
[2024-04-15T12:30:21.077+0000] {processor.py:183} INFO - Processing /home/airflow/.local/lib/python3.8/site-packages/airflow/example_dags/tutorial.py took 0.096 seconds
[2024-04-15T12:30:51.543+0000] {processor.py:161} INFO - Started process (PID=3006) to work on /home/airflow/.local/lib/python3.8/site-packages/airflow/example_dags/tutorial.py
[2024-04-15T12:30:51.545+0000] {processor.py:830} INFO - Processing file /home/airflow/.local/lib/python3.8/site-packages/airflow/example_dags/tutorial.py for tasks to queue
[2024-04-15T12:30:51.547+0000] {logging_mixin.py:188} INFO - [2024-04-15T12:30:51.546+0000] {dagbag.py:540} INFO - Filling up the DagBag from /home/airflow/.local/lib/python3.8/site-packages/airflow/example_dags/tutorial.py
[2024-04-15T12:30:51.556+0000] {processor.py:840} INFO - DAG(s) 'tutorial' retrieved from /home/airflow/.local/lib/python3.8/site-packages/airflow/example_dags/tutorial.py
[2024-04-15T12:30:51.578+0000] {logging_mixin.py:188} INFO - [2024-04-15T12:30:51.578+0000] {dag.py:3047} INFO - Sync 1 DAGs
[2024-04-15T12:30:51.601+0000] {logging_mixin.py:188} INFO - [2024-04-15T12:30:51.601+0000] {dag.py:3834} INFO - Setting next_dagrun for tutorial to 2024-04-14 00:00:00+00:00, run_after=2024-04-15 00:00:00+00:00
[2024-04-15T12:30:51.625+0000] {processor.py:183} INFO - Processing /home/airflow/.local/lib/python3.8/site-packages/airflow/example_dags/tutorial.py took 0.087 seconds
[2024-04-15T12:31:22.032+0000] {processor.py:161} INFO - Started process (PID=3061) to work on /home/airflow/.local/lib/python3.8/site-packages/airflow/example_dags/tutorial.py
[2024-04-15T12:31:22.033+0000] {processor.py:830} INFO - Processing file /home/airflow/.local/lib/python3.8/site-packages/airflow/example_dags/tutorial.py for tasks to queue
[2024-04-15T12:31:22.034+0000] {logging_mixin.py:188} INFO - [2024-04-15T12:31:22.034+0000] {dagbag.py:540} INFO - Filling up the DagBag from /home/airflow/.local/lib/python3.8/site-packages/airflow/example_dags/tutorial.py
[2024-04-15T12:31:22.041+0000] {processor.py:840} INFO - DAG(s) 'tutorial' retrieved from /home/airflow/.local/lib/python3.8/site-packages/airflow/example_dags/tutorial.py
[2024-04-15T12:31:22.062+0000] {logging_mixin.py:188} INFO - [2024-04-15T12:31:22.062+0000] {dag.py:3047} INFO - Sync 1 DAGs
[2024-04-15T12:31:22.090+0000] {logging_mixin.py:188} INFO - [2024-04-15T12:31:22.089+0000] {dag.py:3834} INFO - Setting next_dagrun for tutorial to 2024-04-14 00:00:00+00:00, run_after=2024-04-15 00:00:00+00:00
[2024-04-15T12:31:22.115+0000] {processor.py:183} INFO - Processing /home/airflow/.local/lib/python3.8/site-packages/airflow/example_dags/tutorial.py took 0.086 seconds
[2024-04-15T12:31:52.514+0000] {processor.py:161} INFO - Started process (PID=3116) to work on /home/airflow/.local/lib/python3.8/site-packages/airflow/example_dags/tutorial.py
[2024-04-15T12:31:52.516+0000] {processor.py:830} INFO - Processing file /home/airflow/.local/lib/python3.8/site-packages/airflow/example_dags/tutorial.py for tasks to queue
[2024-04-15T12:31:52.520+0000] {logging_mixin.py:188} INFO - [2024-04-15T12:31:52.519+0000] {dagbag.py:540} INFO - Filling up the DagBag from /home/airflow/.local/lib/python3.8/site-packages/airflow/example_dags/tutorial.py
[2024-04-15T12:31:52.531+0000] {processor.py:840} INFO - DAG(s) 'tutorial' retrieved from /home/airflow/.local/lib/python3.8/site-packages/airflow/example_dags/tutorial.py
[2024-04-15T12:31:52.559+0000] {logging_mixin.py:188} INFO - [2024-04-15T12:31:52.558+0000] {dag.py:3047} INFO - Sync 1 DAGs
[2024-04-15T12:31:52.586+0000] {logging_mixin.py:188} INFO - [2024-04-15T12:31:52.586+0000] {dag.py:3834} INFO - Setting next_dagrun for tutorial to 2024-04-14 00:00:00+00:00, run_after=2024-04-15 00:00:00+00:00
[2024-04-15T12:31:52.609+0000] {processor.py:183} INFO - Processing /home/airflow/.local/lib/python3.8/site-packages/airflow/example_dags/tutorial.py took 0.101 seconds
[2024-04-15T12:34:39.607+0000] {processor.py:161} INFO - Started process (PID=3171) to work on /home/airflow/.local/lib/python3.8/site-packages/airflow/example_dags/tutorial.py
[2024-04-15T12:34:39.609+0000] {processor.py:830} INFO - Processing file /home/airflow/.local/lib/python3.8/site-packages/airflow/example_dags/tutorial.py for tasks to queue
[2024-04-15T12:34:39.610+0000] {logging_mixin.py:188} INFO - [2024-04-15T12:34:39.610+0000] {dagbag.py:540} INFO - Filling up the DagBag from /home/airflow/.local/lib/python3.8/site-packages/airflow/example_dags/tutorial.py
[2024-04-15T12:34:39.617+0000] {processor.py:840} INFO - DAG(s) 'tutorial' retrieved from /home/airflow/.local/lib/python3.8/site-packages/airflow/example_dags/tutorial.py
[2024-04-15T12:34:39.641+0000] {logging_mixin.py:188} INFO - [2024-04-15T12:34:39.641+0000] {dag.py:3047} INFO - Sync 1 DAGs
[2024-04-15T12:34:39.664+0000] {logging_mixin.py:188} INFO - [2024-04-15T12:34:39.664+0000] {dag.py:3834} INFO - Setting next_dagrun for tutorial to 2024-04-14 00:00:00+00:00, run_after=2024-04-15 00:00:00+00:00
[2024-04-15T12:34:39.689+0000] {processor.py:183} INFO - Processing /home/airflow/.local/lib/python3.8/site-packages/airflow/example_dags/tutorial.py took 0.085 seconds
[2024-04-15T12:35:10.436+0000] {processor.py:161} INFO - Started process (PID=3226) to work on /home/airflow/.local/lib/python3.8/site-packages/airflow/example_dags/tutorial.py
[2024-04-15T12:35:10.438+0000] {processor.py:830} INFO - Processing file /home/airflow/.local/lib/python3.8/site-packages/airflow/example_dags/tutorial.py for tasks to queue
[2024-04-15T12:35:10.439+0000] {logging_mixin.py:188} INFO - [2024-04-15T12:35:10.439+0000] {dagbag.py:540} INFO - Filling up the DagBag from /home/airflow/.local/lib/python3.8/site-packages/airflow/example_dags/tutorial.py
[2024-04-15T12:35:10.446+0000] {processor.py:840} INFO - DAG(s) 'tutorial' retrieved from /home/airflow/.local/lib/python3.8/site-packages/airflow/example_dags/tutorial.py
[2024-04-15T12:35:10.469+0000] {logging_mixin.py:188} INFO - [2024-04-15T12:35:10.469+0000] {dag.py:3047} INFO - Sync 1 DAGs
[2024-04-15T12:35:10.602+0000] {logging_mixin.py:188} INFO - [2024-04-15T12:35:10.602+0000] {dag.py:3834} INFO - Setting next_dagrun for tutorial to 2024-04-14 00:00:00+00:00, run_after=2024-04-15 00:00:00+00:00
[2024-04-15T12:35:10.622+0000] {processor.py:183} INFO - Processing /home/airflow/.local/lib/python3.8/site-packages/airflow/example_dags/tutorial.py took 0.190 seconds
[2024-04-15T12:35:41.138+0000] {processor.py:161} INFO - Started process (PID=3281) to work on /home/airflow/.local/lib/python3.8/site-packages/airflow/example_dags/tutorial.py
[2024-04-15T12:35:41.140+0000] {processor.py:830} INFO - Processing file /home/airflow/.local/lib/python3.8/site-packages/airflow/example_dags/tutorial.py for tasks to queue
[2024-04-15T12:35:41.141+0000] {logging_mixin.py:188} INFO - [2024-04-15T12:35:41.141+0000] {dagbag.py:540} INFO - Filling up the DagBag from /home/airflow/.local/lib/python3.8/site-packages/airflow/example_dags/tutorial.py
[2024-04-15T12:35:41.147+0000] {processor.py:840} INFO - DAG(s) 'tutorial' retrieved from /home/airflow/.local/lib/python3.8/site-packages/airflow/example_dags/tutorial.py
[2024-04-15T12:35:41.171+0000] {logging_mixin.py:188} INFO - [2024-04-15T12:35:41.171+0000] {dag.py:3047} INFO - Sync 1 DAGs
[2024-04-15T12:35:41.191+0000] {logging_mixin.py:188} INFO - [2024-04-15T12:35:41.191+0000] {dag.py:3834} INFO - Setting next_dagrun for tutorial to 2024-04-14 00:00:00+00:00, run_after=2024-04-15 00:00:00+00:00
[2024-04-15T12:35:41.219+0000] {processor.py:183} INFO - Processing /home/airflow/.local/lib/python3.8/site-packages/airflow/example_dags/tutorial.py took 0.085 seconds
[2024-04-15T12:36:11.729+0000] {processor.py:161} INFO - Started process (PID=3336) to work on /home/airflow/.local/lib/python3.8/site-packages/airflow/example_dags/tutorial.py
[2024-04-15T12:36:11.731+0000] {processor.py:830} INFO - Processing file /home/airflow/.local/lib/python3.8/site-packages/airflow/example_dags/tutorial.py for tasks to queue
[2024-04-15T12:36:11.732+0000] {logging_mixin.py:188} INFO - [2024-04-15T12:36:11.732+0000] {dagbag.py:540} INFO - Filling up the DagBag from /home/airflow/.local/lib/python3.8/site-packages/airflow/example_dags/tutorial.py
[2024-04-15T12:36:11.739+0000] {processor.py:840} INFO - DAG(s) 'tutorial' retrieved from /home/airflow/.local/lib/python3.8/site-packages/airflow/example_dags/tutorial.py
[2024-04-15T12:36:11.761+0000] {logging_mixin.py:188} INFO - [2024-04-15T12:36:11.761+0000] {dag.py:3047} INFO - Sync 1 DAGs
[2024-04-15T12:36:11.781+0000] {logging_mixin.py:188} INFO - [2024-04-15T12:36:11.781+0000] {dag.py:3834} INFO - Setting next_dagrun for tutorial to 2024-04-14 00:00:00+00:00, run_after=2024-04-15 00:00:00+00:00
[2024-04-15T12:36:11.807+0000] {processor.py:183} INFO - Processing /home/airflow/.local/lib/python3.8/site-packages/airflow/example_dags/tutorial.py took 0.081 seconds
[2024-04-15T12:36:42.409+0000] {processor.py:161} INFO - Started process (PID=3391) to work on /home/airflow/.local/lib/python3.8/site-packages/airflow/example_dags/tutorial.py
[2024-04-15T12:36:42.411+0000] {processor.py:830} INFO - Processing file /home/airflow/.local/lib/python3.8/site-packages/airflow/example_dags/tutorial.py for tasks to queue
[2024-04-15T12:36:42.412+0000] {logging_mixin.py:188} INFO - [2024-04-15T12:36:42.412+0000] {dagbag.py:540} INFO - Filling up the DagBag from /home/airflow/.local/lib/python3.8/site-packages/airflow/example_dags/tutorial.py
[2024-04-15T12:36:42.419+0000] {processor.py:840} INFO - DAG(s) 'tutorial' retrieved from /home/airflow/.local/lib/python3.8/site-packages/airflow/example_dags/tutorial.py
[2024-04-15T12:36:42.440+0000] {logging_mixin.py:188} INFO - [2024-04-15T12:36:42.440+0000] {dag.py:3047} INFO - Sync 1 DAGs
[2024-04-15T12:36:42.461+0000] {logging_mixin.py:188} INFO - [2024-04-15T12:36:42.461+0000] {dag.py:3834} INFO - Setting next_dagrun for tutorial to 2024-04-14 00:00:00+00:00, run_after=2024-04-15 00:00:00+00:00
[2024-04-15T12:36:42.486+0000] {processor.py:183} INFO - Processing /home/airflow/.local/lib/python3.8/site-packages/airflow/example_dags/tutorial.py took 0.080 seconds
[2024-04-15T12:37:12.946+0000] {processor.py:161} INFO - Started process (PID=3446) to work on /home/airflow/.local/lib/python3.8/site-packages/airflow/example_dags/tutorial.py
[2024-04-15T12:37:12.947+0000] {processor.py:830} INFO - Processing file /home/airflow/.local/lib/python3.8/site-packages/airflow/example_dags/tutorial.py for tasks to queue
[2024-04-15T12:37:12.949+0000] {logging_mixin.py:188} INFO - [2024-04-15T12:37:12.948+0000] {dagbag.py:540} INFO - Filling up the DagBag from /home/airflow/.local/lib/python3.8/site-packages/airflow/example_dags/tutorial.py
[2024-04-15T12:37:12.955+0000] {processor.py:840} INFO - DAG(s) 'tutorial' retrieved from /home/airflow/.local/lib/python3.8/site-packages/airflow/example_dags/tutorial.py
[2024-04-15T12:37:12.978+0000] {logging_mixin.py:188} INFO - [2024-04-15T12:37:12.977+0000] {dag.py:3047} INFO - Sync 1 DAGs
[2024-04-15T12:37:12.998+0000] {logging_mixin.py:188} INFO - [2024-04-15T12:37:12.997+0000] {dag.py:3834} INFO - Setting next_dagrun for tutorial to 2024-04-14 00:00:00+00:00, run_after=2024-04-15 00:00:00+00:00
[2024-04-15T12:37:13.023+0000] {processor.py:183} INFO - Processing /home/airflow/.local/lib/python3.8/site-packages/airflow/example_dags/tutorial.py took 0.081 seconds
[2024-04-15T12:42:59.287+0000] {processor.py:161} INFO - Started process (PID=3501) to work on /home/airflow/.local/lib/python3.8/site-packages/airflow/example_dags/tutorial.py
[2024-04-15T12:42:59.289+0000] {processor.py:830} INFO - Processing file /home/airflow/.local/lib/python3.8/site-packages/airflow/example_dags/tutorial.py for tasks to queue
[2024-04-15T12:42:59.290+0000] {logging_mixin.py:188} INFO - [2024-04-15T12:42:59.290+0000] {dagbag.py:540} INFO - Filling up the DagBag from /home/airflow/.local/lib/python3.8/site-packages/airflow/example_dags/tutorial.py
[2024-04-15T12:42:59.298+0000] {processor.py:840} INFO - DAG(s) 'tutorial' retrieved from /home/airflow/.local/lib/python3.8/site-packages/airflow/example_dags/tutorial.py
[2024-04-15T12:42:59.432+0000] {logging_mixin.py:188} INFO - [2024-04-15T12:42:59.431+0000] {dag.py:3047} INFO - Sync 1 DAGs
[2024-04-15T12:42:59.454+0000] {logging_mixin.py:188} INFO - [2024-04-15T12:42:59.453+0000] {dag.py:3834} INFO - Setting next_dagrun for tutorial to 2024-04-14 00:00:00+00:00, run_after=2024-04-15 00:00:00+00:00
[2024-04-15T12:42:59.475+0000] {processor.py:183} INFO - Processing /home/airflow/.local/lib/python3.8/site-packages/airflow/example_dags/tutorial.py took 0.190 seconds
[2024-04-15T12:43:29.798+0000] {processor.py:161} INFO - Started process (PID=3556) to work on /home/airflow/.local/lib/python3.8/site-packages/airflow/example_dags/tutorial.py
[2024-04-15T12:43:29.800+0000] {processor.py:830} INFO - Processing file /home/airflow/.local/lib/python3.8/site-packages/airflow/example_dags/tutorial.py for tasks to queue
[2024-04-15T12:43:29.801+0000] {logging_mixin.py:188} INFO - [2024-04-15T12:43:29.801+0000] {dagbag.py:540} INFO - Filling up the DagBag from /home/airflow/.local/lib/python3.8/site-packages/airflow/example_dags/tutorial.py
[2024-04-15T12:43:29.807+0000] {processor.py:840} INFO - DAG(s) 'tutorial' retrieved from /home/airflow/.local/lib/python3.8/site-packages/airflow/example_dags/tutorial.py
[2024-04-15T12:43:29.830+0000] {logging_mixin.py:188} INFO - [2024-04-15T12:43:29.830+0000] {dag.py:3047} INFO - Sync 1 DAGs
[2024-04-15T12:43:30.013+0000] {logging_mixin.py:188} INFO - [2024-04-15T12:43:30.013+0000] {dag.py:3834} INFO - Setting next_dagrun for tutorial to 2024-04-14 00:00:00+00:00, run_after=2024-04-15 00:00:00+00:00
[2024-04-15T12:43:30.034+0000] {processor.py:183} INFO - Processing /home/airflow/.local/lib/python3.8/site-packages/airflow/example_dags/tutorial.py took 0.239 seconds
[2024-04-15T12:44:00.398+0000] {processor.py:161} INFO - Started process (PID=3611) to work on /home/airflow/.local/lib/python3.8/site-packages/airflow/example_dags/tutorial.py
[2024-04-15T12:44:00.400+0000] {processor.py:830} INFO - Processing file /home/airflow/.local/lib/python3.8/site-packages/airflow/example_dags/tutorial.py for tasks to queue
[2024-04-15T12:44:00.401+0000] {logging_mixin.py:188} INFO - [2024-04-15T12:44:00.401+0000] {dagbag.py:540} INFO - Filling up the DagBag from /home/airflow/.local/lib/python3.8/site-packages/airflow/example_dags/tutorial.py
[2024-04-15T12:44:00.407+0000] {processor.py:840} INFO - DAG(s) 'tutorial' retrieved from /home/airflow/.local/lib/python3.8/site-packages/airflow/example_dags/tutorial.py
[2024-04-15T12:44:00.431+0000] {logging_mixin.py:188} INFO - [2024-04-15T12:44:00.430+0000] {dag.py:3047} INFO - Sync 1 DAGs
[2024-04-15T12:44:00.451+0000] {logging_mixin.py:188} INFO - [2024-04-15T12:44:00.451+0000] {dag.py:3834} INFO - Setting next_dagrun for tutorial to 2024-04-14 00:00:00+00:00, run_after=2024-04-15 00:00:00+00:00
[2024-04-15T12:44:00.476+0000] {processor.py:183} INFO - Processing /home/airflow/.local/lib/python3.8/site-packages/airflow/example_dags/tutorial.py took 0.081 seconds
[2024-04-15T12:44:31.007+0000] {processor.py:161} INFO - Started process (PID=3666) to work on /home/airflow/.local/lib/python3.8/site-packages/airflow/example_dags/tutorial.py
[2024-04-15T12:44:31.009+0000] {processor.py:830} INFO - Processing file /home/airflow/.local/lib/python3.8/site-packages/airflow/example_dags/tutorial.py for tasks to queue
[2024-04-15T12:44:31.010+0000] {logging_mixin.py:188} INFO - [2024-04-15T12:44:31.010+0000] {dagbag.py:540} INFO - Filling up the DagBag from /home/airflow/.local/lib/python3.8/site-packages/airflow/example_dags/tutorial.py
[2024-04-15T12:44:31.016+0000] {processor.py:840} INFO - DAG(s) 'tutorial' retrieved from /home/airflow/.local/lib/python3.8/site-packages/airflow/example_dags/tutorial.py
[2024-04-15T12:44:31.040+0000] {logging_mixin.py:188} INFO - [2024-04-15T12:44:31.040+0000] {dag.py:3047} INFO - Sync 1 DAGs
[2024-04-15T12:44:31.060+0000] {logging_mixin.py:188} INFO - [2024-04-15T12:44:31.060+0000] {dag.py:3834} INFO - Setting next_dagrun for tutorial to 2024-04-14 00:00:00+00:00, run_after=2024-04-15 00:00:00+00:00
[2024-04-15T12:44:31.085+0000] {processor.py:183} INFO - Processing /home/airflow/.local/lib/python3.8/site-packages/airflow/example_dags/tutorial.py took 0.081 seconds
[2024-04-15T12:45:01.224+0000] {processor.py:161} INFO - Started process (PID=3721) to work on /home/airflow/.local/lib/python3.8/site-packages/airflow/example_dags/tutorial.py
[2024-04-15T12:45:01.225+0000] {processor.py:830} INFO - Processing file /home/airflow/.local/lib/python3.8/site-packages/airflow/example_dags/tutorial.py for tasks to queue
[2024-04-15T12:45:01.227+0000] {logging_mixin.py:188} INFO - [2024-04-15T12:45:01.226+0000] {dagbag.py:540} INFO - Filling up the DagBag from /home/airflow/.local/lib/python3.8/site-packages/airflow/example_dags/tutorial.py
[2024-04-15T12:45:01.233+0000] {processor.py:840} INFO - DAG(s) 'tutorial' retrieved from /home/airflow/.local/lib/python3.8/site-packages/airflow/example_dags/tutorial.py
[2024-04-15T12:45:01.256+0000] {logging_mixin.py:188} INFO - [2024-04-15T12:45:01.256+0000] {dag.py:3047} INFO - Sync 1 DAGs
[2024-04-15T12:45:01.275+0000] {logging_mixin.py:188} INFO - [2024-04-15T12:45:01.275+0000] {dag.py:3834} INFO - Setting next_dagrun for tutorial to 2024-04-14 00:00:00+00:00, run_after=2024-04-15 00:00:00+00:00
[2024-04-15T12:45:01.300+0000] {processor.py:183} INFO - Processing /home/airflow/.local/lib/python3.8/site-packages/airflow/example_dags/tutorial.py took 0.080 seconds
[2024-04-15T12:45:31.473+0000] {processor.py:161} INFO - Started process (PID=3776) to work on /home/airflow/.local/lib/python3.8/site-packages/airflow/example_dags/tutorial.py
[2024-04-15T12:45:31.475+0000] {processor.py:830} INFO - Processing file /home/airflow/.local/lib/python3.8/site-packages/airflow/example_dags/tutorial.py for tasks to queue
[2024-04-15T12:45:31.476+0000] {logging_mixin.py:188} INFO - [2024-04-15T12:45:31.476+0000] {dagbag.py:540} INFO - Filling up the DagBag from /home/airflow/.local/lib/python3.8/site-packages/airflow/example_dags/tutorial.py
[2024-04-15T12:45:31.487+0000] {processor.py:840} INFO - DAG(s) 'tutorial' retrieved from /home/airflow/.local/lib/python3.8/site-packages/airflow/example_dags/tutorial.py
[2024-04-15T12:45:31.518+0000] {logging_mixin.py:188} INFO - [2024-04-15T12:45:31.517+0000] {dag.py:3047} INFO - Sync 1 DAGs
[2024-04-15T12:45:31.541+0000] {logging_mixin.py:188} INFO - [2024-04-15T12:45:31.541+0000] {dag.py:3834} INFO - Setting next_dagrun for tutorial to 2024-04-14 00:00:00+00:00, run_after=2024-04-15 00:00:00+00:00
[2024-04-15T12:45:31.567+0000] {processor.py:183} INFO - Processing /home/airflow/.local/lib/python3.8/site-packages/airflow/example_dags/tutorial.py took 0.098 seconds
