[2024-04-15T10:41:31.871+0000] {processor.py:161} INFO - Started process (PID=41) to work on /home/airflow/.local/lib/python3.8/site-packages/airflow/example_dags/tutorial_dag.py
[2024-04-15T10:41:31.872+0000] {processor.py:830} INFO - Processing file /home/airflow/.local/lib/python3.8/site-packages/airflow/example_dags/tutorial_dag.py for tasks to queue
[2024-04-15T10:41:31.875+0000] {logging_mixin.py:188} INFO - [2024-04-15T10:41:31.875+0000] {dagbag.py:540} INFO - Filling up the DagBag from /home/airflow/.local/lib/python3.8/site-packages/airflow/example_dags/tutorial_dag.py
[2024-04-15T10:41:31.885+0000] {processor.py:840} INFO - DAG(s) 'tutorial_dag' retrieved from /home/airflow/.local/lib/python3.8/site-packages/airflow/example_dags/tutorial_dag.py
[2024-04-15T10:41:31.918+0000] {logging_mixin.py:188} INFO - [2024-04-15T10:41:31.918+0000] {dag.py:3047} INFO - Sync 1 DAGs
[2024-04-15T10:41:31.936+0000] {logging_mixin.py:188} INFO - [2024-04-15T10:41:31.935+0000] {dag.py:3834} INFO - Setting next_dagrun for tutorial_dag to None, run_after=None
[2024-04-15T10:41:31.967+0000] {processor.py:183} INFO - Processing /home/airflow/.local/lib/python3.8/site-packages/airflow/example_dags/tutorial_dag.py took 0.099 seconds
[2024-04-15T10:42:02.648+0000] {processor.py:161} INFO - Started process (PID=96) to work on /home/airflow/.local/lib/python3.8/site-packages/airflow/example_dags/tutorial_dag.py
[2024-04-15T10:42:02.650+0000] {processor.py:830} INFO - Processing file /home/airflow/.local/lib/python3.8/site-packages/airflow/example_dags/tutorial_dag.py for tasks to queue
[2024-04-15T10:42:02.652+0000] {logging_mixin.py:188} INFO - [2024-04-15T10:42:02.652+0000] {dagbag.py:540} INFO - Filling up the DagBag from /home/airflow/.local/lib/python3.8/site-packages/airflow/example_dags/tutorial_dag.py
[2024-04-15T10:42:02.659+0000] {processor.py:840} INFO - DAG(s) 'tutorial_dag' retrieved from /home/airflow/.local/lib/python3.8/site-packages/airflow/example_dags/tutorial_dag.py
[2024-04-15T10:42:02.687+0000] {logging_mixin.py:188} INFO - [2024-04-15T10:42:02.687+0000] {dag.py:3047} INFO - Sync 1 DAGs
[2024-04-15T10:42:02.704+0000] {logging_mixin.py:188} INFO - [2024-04-15T10:42:02.703+0000] {dag.py:3834} INFO - Setting next_dagrun for tutorial_dag to None, run_after=None
[2024-04-15T10:42:02.734+0000] {processor.py:183} INFO - Processing /home/airflow/.local/lib/python3.8/site-packages/airflow/example_dags/tutorial_dag.py took 0.090 seconds
[2024-04-15T10:42:33.049+0000] {processor.py:161} INFO - Started process (PID=151) to work on /home/airflow/.local/lib/python3.8/site-packages/airflow/example_dags/tutorial_dag.py
[2024-04-15T10:42:33.050+0000] {processor.py:830} INFO - Processing file /home/airflow/.local/lib/python3.8/site-packages/airflow/example_dags/tutorial_dag.py for tasks to queue
[2024-04-15T10:42:33.053+0000] {logging_mixin.py:188} INFO - [2024-04-15T10:42:33.052+0000] {dagbag.py:540} INFO - Filling up the DagBag from /home/airflow/.local/lib/python3.8/site-packages/airflow/example_dags/tutorial_dag.py
[2024-04-15T10:42:33.058+0000] {processor.py:840} INFO - DAG(s) 'tutorial_dag' retrieved from /home/airflow/.local/lib/python3.8/site-packages/airflow/example_dags/tutorial_dag.py
[2024-04-15T10:42:33.080+0000] {logging_mixin.py:188} INFO - [2024-04-15T10:42:33.079+0000] {dag.py:3047} INFO - Sync 1 DAGs
[2024-04-15T10:42:33.091+0000] {logging_mixin.py:188} INFO - [2024-04-15T10:42:33.090+0000] {dag.py:3834} INFO - Setting next_dagrun for tutorial_dag to None, run_after=None
[2024-04-15T10:42:33.114+0000] {processor.py:183} INFO - Processing /home/airflow/.local/lib/python3.8/site-packages/airflow/example_dags/tutorial_dag.py took 0.068 seconds
[2024-04-15T10:43:03.397+0000] {processor.py:161} INFO - Started process (PID=206) to work on /home/airflow/.local/lib/python3.8/site-packages/airflow/example_dags/tutorial_dag.py
[2024-04-15T10:43:03.398+0000] {processor.py:830} INFO - Processing file /home/airflow/.local/lib/python3.8/site-packages/airflow/example_dags/tutorial_dag.py for tasks to queue
[2024-04-15T10:43:03.400+0000] {logging_mixin.py:188} INFO - [2024-04-15T10:43:03.400+0000] {dagbag.py:540} INFO - Filling up the DagBag from /home/airflow/.local/lib/python3.8/site-packages/airflow/example_dags/tutorial_dag.py
[2024-04-15T10:43:03.407+0000] {processor.py:840} INFO - DAG(s) 'tutorial_dag' retrieved from /home/airflow/.local/lib/python3.8/site-packages/airflow/example_dags/tutorial_dag.py
[2024-04-15T10:43:03.432+0000] {logging_mixin.py:188} INFO - [2024-04-15T10:43:03.432+0000] {dag.py:3047} INFO - Sync 1 DAGs
[2024-04-15T10:43:03.445+0000] {logging_mixin.py:188} INFO - [2024-04-15T10:43:03.445+0000] {dag.py:3834} INFO - Setting next_dagrun for tutorial_dag to None, run_after=None
[2024-04-15T10:43:03.470+0000] {processor.py:183} INFO - Processing /home/airflow/.local/lib/python3.8/site-packages/airflow/example_dags/tutorial_dag.py took 0.078 seconds
[2024-04-15T10:43:33.524+0000] {processor.py:161} INFO - Started process (PID=261) to work on /home/airflow/.local/lib/python3.8/site-packages/airflow/example_dags/tutorial_dag.py
[2024-04-15T10:43:33.526+0000] {processor.py:830} INFO - Processing file /home/airflow/.local/lib/python3.8/site-packages/airflow/example_dags/tutorial_dag.py for tasks to queue
[2024-04-15T10:43:33.529+0000] {logging_mixin.py:188} INFO - [2024-04-15T10:43:33.528+0000] {dagbag.py:540} INFO - Filling up the DagBag from /home/airflow/.local/lib/python3.8/site-packages/airflow/example_dags/tutorial_dag.py
[2024-04-15T10:43:33.534+0000] {processor.py:840} INFO - DAG(s) 'tutorial_dag' retrieved from /home/airflow/.local/lib/python3.8/site-packages/airflow/example_dags/tutorial_dag.py
[2024-04-15T10:43:33.558+0000] {logging_mixin.py:188} INFO - [2024-04-15T10:43:33.557+0000] {dag.py:3047} INFO - Sync 1 DAGs
[2024-04-15T10:43:33.570+0000] {logging_mixin.py:188} INFO - [2024-04-15T10:43:33.569+0000] {dag.py:3834} INFO - Setting next_dagrun for tutorial_dag to None, run_after=None
[2024-04-15T10:43:33.596+0000] {processor.py:183} INFO - Processing /home/airflow/.local/lib/python3.8/site-packages/airflow/example_dags/tutorial_dag.py took 0.074 seconds
[2024-04-15T10:44:03.794+0000] {processor.py:161} INFO - Started process (PID=315) to work on /home/airflow/.local/lib/python3.8/site-packages/airflow/example_dags/tutorial_dag.py
[2024-04-15T10:44:03.795+0000] {processor.py:830} INFO - Processing file /home/airflow/.local/lib/python3.8/site-packages/airflow/example_dags/tutorial_dag.py for tasks to queue
[2024-04-15T10:44:03.797+0000] {logging_mixin.py:188} INFO - [2024-04-15T10:44:03.797+0000] {dagbag.py:540} INFO - Filling up the DagBag from /home/airflow/.local/lib/python3.8/site-packages/airflow/example_dags/tutorial_dag.py
[2024-04-15T10:44:03.804+0000] {processor.py:840} INFO - DAG(s) 'tutorial_dag' retrieved from /home/airflow/.local/lib/python3.8/site-packages/airflow/example_dags/tutorial_dag.py
[2024-04-15T10:44:03.828+0000] {logging_mixin.py:188} INFO - [2024-04-15T10:44:03.827+0000] {dag.py:3047} INFO - Sync 1 DAGs
[2024-04-15T10:44:03.847+0000] {logging_mixin.py:188} INFO - [2024-04-15T10:44:03.847+0000] {dag.py:3834} INFO - Setting next_dagrun for tutorial_dag to None, run_after=None
[2024-04-15T10:44:03.878+0000] {processor.py:183} INFO - Processing /home/airflow/.local/lib/python3.8/site-packages/airflow/example_dags/tutorial_dag.py took 0.090 seconds
[2024-04-15T10:44:34.459+0000] {processor.py:161} INFO - Started process (PID=370) to work on /home/airflow/.local/lib/python3.8/site-packages/airflow/example_dags/tutorial_dag.py
[2024-04-15T10:44:34.461+0000] {processor.py:830} INFO - Processing file /home/airflow/.local/lib/python3.8/site-packages/airflow/example_dags/tutorial_dag.py for tasks to queue
[2024-04-15T10:44:34.469+0000] {logging_mixin.py:188} INFO - [2024-04-15T10:44:34.469+0000] {dagbag.py:540} INFO - Filling up the DagBag from /home/airflow/.local/lib/python3.8/site-packages/airflow/example_dags/tutorial_dag.py
[2024-04-15T10:44:34.480+0000] {processor.py:840} INFO - DAG(s) 'tutorial_dag' retrieved from /home/airflow/.local/lib/python3.8/site-packages/airflow/example_dags/tutorial_dag.py
[2024-04-15T10:44:34.506+0000] {logging_mixin.py:188} INFO - [2024-04-15T10:44:34.505+0000] {dag.py:3047} INFO - Sync 1 DAGs
[2024-04-15T10:44:34.518+0000] {logging_mixin.py:188} INFO - [2024-04-15T10:44:34.517+0000] {dag.py:3834} INFO - Setting next_dagrun for tutorial_dag to None, run_after=None
[2024-04-15T10:44:34.541+0000] {processor.py:183} INFO - Processing /home/airflow/.local/lib/python3.8/site-packages/airflow/example_dags/tutorial_dag.py took 0.089 seconds
[2024-04-15T10:45:04.677+0000] {processor.py:161} INFO - Started process (PID=425) to work on /home/airflow/.local/lib/python3.8/site-packages/airflow/example_dags/tutorial_dag.py
[2024-04-15T10:45:04.678+0000] {processor.py:830} INFO - Processing file /home/airflow/.local/lib/python3.8/site-packages/airflow/example_dags/tutorial_dag.py for tasks to queue
[2024-04-15T10:45:04.680+0000] {logging_mixin.py:188} INFO - [2024-04-15T10:45:04.680+0000] {dagbag.py:540} INFO - Filling up the DagBag from /home/airflow/.local/lib/python3.8/site-packages/airflow/example_dags/tutorial_dag.py
[2024-04-15T10:45:04.685+0000] {processor.py:840} INFO - DAG(s) 'tutorial_dag' retrieved from /home/airflow/.local/lib/python3.8/site-packages/airflow/example_dags/tutorial_dag.py
[2024-04-15T10:45:04.708+0000] {logging_mixin.py:188} INFO - [2024-04-15T10:45:04.707+0000] {dag.py:3047} INFO - Sync 1 DAGs
[2024-04-15T10:45:04.721+0000] {logging_mixin.py:188} INFO - [2024-04-15T10:45:04.721+0000] {dag.py:3834} INFO - Setting next_dagrun for tutorial_dag to None, run_after=None
[2024-04-15T10:45:04.747+0000] {processor.py:183} INFO - Processing /home/airflow/.local/lib/python3.8/site-packages/airflow/example_dags/tutorial_dag.py took 0.073 seconds
[2024-04-15T10:45:34.965+0000] {processor.py:161} INFO - Started process (PID=480) to work on /home/airflow/.local/lib/python3.8/site-packages/airflow/example_dags/tutorial_dag.py
[2024-04-15T10:45:34.967+0000] {processor.py:830} INFO - Processing file /home/airflow/.local/lib/python3.8/site-packages/airflow/example_dags/tutorial_dag.py for tasks to queue
[2024-04-15T10:45:34.969+0000] {logging_mixin.py:188} INFO - [2024-04-15T10:45:34.969+0000] {dagbag.py:540} INFO - Filling up the DagBag from /home/airflow/.local/lib/python3.8/site-packages/airflow/example_dags/tutorial_dag.py
[2024-04-15T10:45:34.975+0000] {processor.py:840} INFO - DAG(s) 'tutorial_dag' retrieved from /home/airflow/.local/lib/python3.8/site-packages/airflow/example_dags/tutorial_dag.py
[2024-04-15T10:45:34.997+0000] {logging_mixin.py:188} INFO - [2024-04-15T10:45:34.997+0000] {dag.py:3047} INFO - Sync 1 DAGs
[2024-04-15T10:45:35.009+0000] {logging_mixin.py:188} INFO - [2024-04-15T10:45:35.009+0000] {dag.py:3834} INFO - Setting next_dagrun for tutorial_dag to None, run_after=None
[2024-04-15T10:45:35.036+0000] {processor.py:183} INFO - Processing /home/airflow/.local/lib/python3.8/site-packages/airflow/example_dags/tutorial_dag.py took 0.074 seconds
[2024-04-15T10:46:05.201+0000] {processor.py:161} INFO - Started process (PID=535) to work on /home/airflow/.local/lib/python3.8/site-packages/airflow/example_dags/tutorial_dag.py
[2024-04-15T10:46:05.202+0000] {processor.py:830} INFO - Processing file /home/airflow/.local/lib/python3.8/site-packages/airflow/example_dags/tutorial_dag.py for tasks to queue
[2024-04-15T10:46:05.204+0000] {logging_mixin.py:188} INFO - [2024-04-15T10:46:05.204+0000] {dagbag.py:540} INFO - Filling up the DagBag from /home/airflow/.local/lib/python3.8/site-packages/airflow/example_dags/tutorial_dag.py
[2024-04-15T10:46:05.210+0000] {processor.py:840} INFO - DAG(s) 'tutorial_dag' retrieved from /home/airflow/.local/lib/python3.8/site-packages/airflow/example_dags/tutorial_dag.py
[2024-04-15T10:46:05.233+0000] {logging_mixin.py:188} INFO - [2024-04-15T10:46:05.233+0000] {dag.py:3047} INFO - Sync 1 DAGs
[2024-04-15T10:46:05.245+0000] {logging_mixin.py:188} INFO - [2024-04-15T10:46:05.245+0000] {dag.py:3834} INFO - Setting next_dagrun for tutorial_dag to None, run_after=None
[2024-04-15T10:46:05.267+0000] {processor.py:183} INFO - Processing /home/airflow/.local/lib/python3.8/site-packages/airflow/example_dags/tutorial_dag.py took 0.069 seconds
[2024-04-15T10:46:35.457+0000] {processor.py:161} INFO - Started process (PID=590) to work on /home/airflow/.local/lib/python3.8/site-packages/airflow/example_dags/tutorial_dag.py
[2024-04-15T10:46:35.459+0000] {processor.py:830} INFO - Processing file /home/airflow/.local/lib/python3.8/site-packages/airflow/example_dags/tutorial_dag.py for tasks to queue
[2024-04-15T10:46:35.461+0000] {logging_mixin.py:188} INFO - [2024-04-15T10:46:35.461+0000] {dagbag.py:540} INFO - Filling up the DagBag from /home/airflow/.local/lib/python3.8/site-packages/airflow/example_dags/tutorial_dag.py
[2024-04-15T10:46:35.467+0000] {processor.py:840} INFO - DAG(s) 'tutorial_dag' retrieved from /home/airflow/.local/lib/python3.8/site-packages/airflow/example_dags/tutorial_dag.py
[2024-04-15T10:46:35.489+0000] {logging_mixin.py:188} INFO - [2024-04-15T10:46:35.489+0000] {dag.py:3047} INFO - Sync 1 DAGs
[2024-04-15T10:46:35.501+0000] {logging_mixin.py:188} INFO - [2024-04-15T10:46:35.500+0000] {dag.py:3834} INFO - Setting next_dagrun for tutorial_dag to None, run_after=None
[2024-04-15T10:46:35.524+0000] {processor.py:183} INFO - Processing /home/airflow/.local/lib/python3.8/site-packages/airflow/example_dags/tutorial_dag.py took 0.070 seconds
[2024-04-15T10:47:05.854+0000] {processor.py:161} INFO - Started process (PID=645) to work on /home/airflow/.local/lib/python3.8/site-packages/airflow/example_dags/tutorial_dag.py
[2024-04-15T10:47:05.855+0000] {processor.py:830} INFO - Processing file /home/airflow/.local/lib/python3.8/site-packages/airflow/example_dags/tutorial_dag.py for tasks to queue
[2024-04-15T10:47:05.857+0000] {logging_mixin.py:188} INFO - [2024-04-15T10:47:05.857+0000] {dagbag.py:540} INFO - Filling up the DagBag from /home/airflow/.local/lib/python3.8/site-packages/airflow/example_dags/tutorial_dag.py
[2024-04-15T10:47:05.863+0000] {processor.py:840} INFO - DAG(s) 'tutorial_dag' retrieved from /home/airflow/.local/lib/python3.8/site-packages/airflow/example_dags/tutorial_dag.py
[2024-04-15T10:47:05.885+0000] {logging_mixin.py:188} INFO - [2024-04-15T10:47:05.885+0000] {dag.py:3047} INFO - Sync 1 DAGs
[2024-04-15T10:47:05.897+0000] {logging_mixin.py:188} INFO - [2024-04-15T10:47:05.896+0000] {dag.py:3834} INFO - Setting next_dagrun for tutorial_dag to None, run_after=None
[2024-04-15T10:47:05.922+0000] {processor.py:183} INFO - Processing /home/airflow/.local/lib/python3.8/site-packages/airflow/example_dags/tutorial_dag.py took 0.071 seconds
[2024-04-15T10:47:36.048+0000] {processor.py:161} INFO - Started process (PID=701) to work on /home/airflow/.local/lib/python3.8/site-packages/airflow/example_dags/tutorial_dag.py
[2024-04-15T10:47:36.049+0000] {processor.py:830} INFO - Processing file /home/airflow/.local/lib/python3.8/site-packages/airflow/example_dags/tutorial_dag.py for tasks to queue
[2024-04-15T10:47:36.051+0000] {logging_mixin.py:188} INFO - [2024-04-15T10:47:36.051+0000] {dagbag.py:540} INFO - Filling up the DagBag from /home/airflow/.local/lib/python3.8/site-packages/airflow/example_dags/tutorial_dag.py
[2024-04-15T10:47:36.057+0000] {processor.py:840} INFO - DAG(s) 'tutorial_dag' retrieved from /home/airflow/.local/lib/python3.8/site-packages/airflow/example_dags/tutorial_dag.py
[2024-04-15T10:47:36.079+0000] {logging_mixin.py:188} INFO - [2024-04-15T10:47:36.079+0000] {dag.py:3047} INFO - Sync 1 DAGs
[2024-04-15T10:47:36.090+0000] {logging_mixin.py:188} INFO - [2024-04-15T10:47:36.090+0000] {dag.py:3834} INFO - Setting next_dagrun for tutorial_dag to None, run_after=None
[2024-04-15T10:47:36.114+0000] {processor.py:183} INFO - Processing /home/airflow/.local/lib/python3.8/site-packages/airflow/example_dags/tutorial_dag.py took 0.069 seconds
[2024-04-15T10:48:06.337+0000] {processor.py:161} INFO - Started process (PID=756) to work on /home/airflow/.local/lib/python3.8/site-packages/airflow/example_dags/tutorial_dag.py
[2024-04-15T10:48:06.338+0000] {processor.py:830} INFO - Processing file /home/airflow/.local/lib/python3.8/site-packages/airflow/example_dags/tutorial_dag.py for tasks to queue
[2024-04-15T10:48:06.340+0000] {logging_mixin.py:188} INFO - [2024-04-15T10:48:06.340+0000] {dagbag.py:540} INFO - Filling up the DagBag from /home/airflow/.local/lib/python3.8/site-packages/airflow/example_dags/tutorial_dag.py
[2024-04-15T10:48:06.346+0000] {processor.py:840} INFO - DAG(s) 'tutorial_dag' retrieved from /home/airflow/.local/lib/python3.8/site-packages/airflow/example_dags/tutorial_dag.py
[2024-04-15T10:48:06.369+0000] {logging_mixin.py:188} INFO - [2024-04-15T10:48:06.369+0000] {dag.py:3047} INFO - Sync 1 DAGs
[2024-04-15T10:48:06.381+0000] {logging_mixin.py:188} INFO - [2024-04-15T10:48:06.380+0000] {dag.py:3834} INFO - Setting next_dagrun for tutorial_dag to None, run_after=None
[2024-04-15T10:48:06.403+0000] {processor.py:183} INFO - Processing /home/airflow/.local/lib/python3.8/site-packages/airflow/example_dags/tutorial_dag.py took 0.068 seconds
[2024-04-15T10:48:36.682+0000] {processor.py:161} INFO - Started process (PID=810) to work on /home/airflow/.local/lib/python3.8/site-packages/airflow/example_dags/tutorial_dag.py
[2024-04-15T10:48:36.684+0000] {processor.py:830} INFO - Processing file /home/airflow/.local/lib/python3.8/site-packages/airflow/example_dags/tutorial_dag.py for tasks to queue
[2024-04-15T10:48:36.686+0000] {logging_mixin.py:188} INFO - [2024-04-15T10:48:36.686+0000] {dagbag.py:540} INFO - Filling up the DagBag from /home/airflow/.local/lib/python3.8/site-packages/airflow/example_dags/tutorial_dag.py
[2024-04-15T10:48:36.693+0000] {processor.py:840} INFO - DAG(s) 'tutorial_dag' retrieved from /home/airflow/.local/lib/python3.8/site-packages/airflow/example_dags/tutorial_dag.py
[2024-04-15T10:48:36.719+0000] {logging_mixin.py:188} INFO - [2024-04-15T10:48:36.718+0000] {dag.py:3047} INFO - Sync 1 DAGs
[2024-04-15T10:48:36.731+0000] {logging_mixin.py:188} INFO - [2024-04-15T10:48:36.731+0000] {dag.py:3834} INFO - Setting next_dagrun for tutorial_dag to None, run_after=None
[2024-04-15T10:48:36.755+0000] {processor.py:183} INFO - Processing /home/airflow/.local/lib/python3.8/site-packages/airflow/example_dags/tutorial_dag.py took 0.077 seconds
[2024-04-15T10:49:57.083+0000] {processor.py:161} INFO - Started process (PID=866) to work on /home/airflow/.local/lib/python3.8/site-packages/airflow/example_dags/tutorial_dag.py
[2024-04-15T10:49:57.085+0000] {processor.py:830} INFO - Processing file /home/airflow/.local/lib/python3.8/site-packages/airflow/example_dags/tutorial_dag.py for tasks to queue
[2024-04-15T10:49:57.088+0000] {logging_mixin.py:188} INFO - [2024-04-15T10:49:57.087+0000] {dagbag.py:540} INFO - Filling up the DagBag from /home/airflow/.local/lib/python3.8/site-packages/airflow/example_dags/tutorial_dag.py
[2024-04-15T10:49:57.093+0000] {processor.py:840} INFO - DAG(s) 'tutorial_dag' retrieved from /home/airflow/.local/lib/python3.8/site-packages/airflow/example_dags/tutorial_dag.py
[2024-04-15T10:49:57.122+0000] {logging_mixin.py:188} INFO - [2024-04-15T10:49:57.121+0000] {dag.py:3047} INFO - Sync 1 DAGs
[2024-04-15T10:49:57.140+0000] {logging_mixin.py:188} INFO - [2024-04-15T10:49:57.139+0000] {dag.py:3834} INFO - Setting next_dagrun for tutorial_dag to None, run_after=None
[2024-04-15T10:49:57.171+0000] {processor.py:183} INFO - Processing /home/airflow/.local/lib/python3.8/site-packages/airflow/example_dags/tutorial_dag.py took 0.091 seconds
[2024-04-15T10:50:27.906+0000] {processor.py:161} INFO - Started process (PID=921) to work on /home/airflow/.local/lib/python3.8/site-packages/airflow/example_dags/tutorial_dag.py
[2024-04-15T10:50:27.908+0000] {processor.py:830} INFO - Processing file /home/airflow/.local/lib/python3.8/site-packages/airflow/example_dags/tutorial_dag.py for tasks to queue
[2024-04-15T10:50:27.910+0000] {logging_mixin.py:188} INFO - [2024-04-15T10:50:27.910+0000] {dagbag.py:540} INFO - Filling up the DagBag from /home/airflow/.local/lib/python3.8/site-packages/airflow/example_dags/tutorial_dag.py
[2024-04-15T10:50:27.915+0000] {processor.py:840} INFO - DAG(s) 'tutorial_dag' retrieved from /home/airflow/.local/lib/python3.8/site-packages/airflow/example_dags/tutorial_dag.py
[2024-04-15T10:50:27.940+0000] {logging_mixin.py:188} INFO - [2024-04-15T10:50:27.939+0000] {dag.py:3047} INFO - Sync 1 DAGs
[2024-04-15T10:50:27.951+0000] {logging_mixin.py:188} INFO - [2024-04-15T10:50:27.951+0000] {dag.py:3834} INFO - Setting next_dagrun for tutorial_dag to None, run_after=None
[2024-04-15T10:50:27.978+0000] {processor.py:183} INFO - Processing /home/airflow/.local/lib/python3.8/site-packages/airflow/example_dags/tutorial_dag.py took 0.076 seconds
[2024-04-15T10:50:58.326+0000] {processor.py:161} INFO - Started process (PID=976) to work on /home/airflow/.local/lib/python3.8/site-packages/airflow/example_dags/tutorial_dag.py
[2024-04-15T10:50:58.327+0000] {processor.py:830} INFO - Processing file /home/airflow/.local/lib/python3.8/site-packages/airflow/example_dags/tutorial_dag.py for tasks to queue
[2024-04-15T10:50:58.330+0000] {logging_mixin.py:188} INFO - [2024-04-15T10:50:58.329+0000] {dagbag.py:540} INFO - Filling up the DagBag from /home/airflow/.local/lib/python3.8/site-packages/airflow/example_dags/tutorial_dag.py
[2024-04-15T10:50:58.335+0000] {processor.py:840} INFO - DAG(s) 'tutorial_dag' retrieved from /home/airflow/.local/lib/python3.8/site-packages/airflow/example_dags/tutorial_dag.py
[2024-04-15T10:50:58.357+0000] {logging_mixin.py:188} INFO - [2024-04-15T10:50:58.357+0000] {dag.py:3047} INFO - Sync 1 DAGs
[2024-04-15T10:50:58.368+0000] {logging_mixin.py:188} INFO - [2024-04-15T10:50:58.368+0000] {dag.py:3834} INFO - Setting next_dagrun for tutorial_dag to None, run_after=None
[2024-04-15T10:50:58.393+0000] {processor.py:183} INFO - Processing /home/airflow/.local/lib/python3.8/site-packages/airflow/example_dags/tutorial_dag.py took 0.071 seconds
[2024-04-15T10:51:28.640+0000] {processor.py:161} INFO - Started process (PID=1031) to work on /home/airflow/.local/lib/python3.8/site-packages/airflow/example_dags/tutorial_dag.py
[2024-04-15T10:51:28.641+0000] {processor.py:830} INFO - Processing file /home/airflow/.local/lib/python3.8/site-packages/airflow/example_dags/tutorial_dag.py for tasks to queue
[2024-04-15T10:51:28.644+0000] {logging_mixin.py:188} INFO - [2024-04-15T10:51:28.643+0000] {dagbag.py:540} INFO - Filling up the DagBag from /home/airflow/.local/lib/python3.8/site-packages/airflow/example_dags/tutorial_dag.py
[2024-04-15T10:51:28.650+0000] {processor.py:840} INFO - DAG(s) 'tutorial_dag' retrieved from /home/airflow/.local/lib/python3.8/site-packages/airflow/example_dags/tutorial_dag.py
[2024-04-15T10:51:28.673+0000] {logging_mixin.py:188} INFO - [2024-04-15T10:51:28.672+0000] {dag.py:3047} INFO - Sync 1 DAGs
[2024-04-15T10:51:28.685+0000] {logging_mixin.py:188} INFO - [2024-04-15T10:51:28.684+0000] {dag.py:3834} INFO - Setting next_dagrun for tutorial_dag to None, run_after=None
[2024-04-15T10:51:28.709+0000] {processor.py:183} INFO - Processing /home/airflow/.local/lib/python3.8/site-packages/airflow/example_dags/tutorial_dag.py took 0.072 seconds
[2024-04-15T10:51:59.111+0000] {processor.py:161} INFO - Started process (PID=1086) to work on /home/airflow/.local/lib/python3.8/site-packages/airflow/example_dags/tutorial_dag.py
[2024-04-15T10:51:59.112+0000] {processor.py:830} INFO - Processing file /home/airflow/.local/lib/python3.8/site-packages/airflow/example_dags/tutorial_dag.py for tasks to queue
[2024-04-15T10:51:59.114+0000] {logging_mixin.py:188} INFO - [2024-04-15T10:51:59.114+0000] {dagbag.py:540} INFO - Filling up the DagBag from /home/airflow/.local/lib/python3.8/site-packages/airflow/example_dags/tutorial_dag.py
[2024-04-15T10:51:59.119+0000] {processor.py:840} INFO - DAG(s) 'tutorial_dag' retrieved from /home/airflow/.local/lib/python3.8/site-packages/airflow/example_dags/tutorial_dag.py
[2024-04-15T10:51:59.142+0000] {logging_mixin.py:188} INFO - [2024-04-15T10:51:59.142+0000] {dag.py:3047} INFO - Sync 1 DAGs
[2024-04-15T10:51:59.155+0000] {logging_mixin.py:188} INFO - [2024-04-15T10:51:59.155+0000] {dag.py:3834} INFO - Setting next_dagrun for tutorial_dag to None, run_after=None
[2024-04-15T10:51:59.175+0000] {processor.py:183} INFO - Processing /home/airflow/.local/lib/python3.8/site-packages/airflow/example_dags/tutorial_dag.py took 0.067 seconds
[2024-04-15T10:52:29.644+0000] {processor.py:161} INFO - Started process (PID=1141) to work on /home/airflow/.local/lib/python3.8/site-packages/airflow/example_dags/tutorial_dag.py
[2024-04-15T10:52:29.646+0000] {processor.py:830} INFO - Processing file /home/airflow/.local/lib/python3.8/site-packages/airflow/example_dags/tutorial_dag.py for tasks to queue
[2024-04-15T10:52:29.648+0000] {logging_mixin.py:188} INFO - [2024-04-15T10:52:29.647+0000] {dagbag.py:540} INFO - Filling up the DagBag from /home/airflow/.local/lib/python3.8/site-packages/airflow/example_dags/tutorial_dag.py
[2024-04-15T10:52:29.654+0000] {processor.py:840} INFO - DAG(s) 'tutorial_dag' retrieved from /home/airflow/.local/lib/python3.8/site-packages/airflow/example_dags/tutorial_dag.py
[2024-04-15T10:52:29.676+0000] {logging_mixin.py:188} INFO - [2024-04-15T10:52:29.676+0000] {dag.py:3047} INFO - Sync 1 DAGs
[2024-04-15T10:52:29.689+0000] {logging_mixin.py:188} INFO - [2024-04-15T10:52:29.688+0000] {dag.py:3834} INFO - Setting next_dagrun for tutorial_dag to None, run_after=None
[2024-04-15T10:52:29.710+0000] {processor.py:183} INFO - Processing /home/airflow/.local/lib/python3.8/site-packages/airflow/example_dags/tutorial_dag.py took 0.069 seconds
[2024-04-15T10:53:00.829+0000] {processor.py:161} INFO - Started process (PID=1196) to work on /home/airflow/.local/lib/python3.8/site-packages/airflow/example_dags/tutorial_dag.py
[2024-04-15T10:53:00.831+0000] {processor.py:830} INFO - Processing file /home/airflow/.local/lib/python3.8/site-packages/airflow/example_dags/tutorial_dag.py for tasks to queue
[2024-04-15T10:53:00.844+0000] {logging_mixin.py:188} INFO - [2024-04-15T10:53:00.844+0000] {dagbag.py:540} INFO - Filling up the DagBag from /home/airflow/.local/lib/python3.8/site-packages/airflow/example_dags/tutorial_dag.py
[2024-04-15T10:53:00.863+0000] {processor.py:840} INFO - DAG(s) 'tutorial_dag' retrieved from /home/airflow/.local/lib/python3.8/site-packages/airflow/example_dags/tutorial_dag.py
[2024-04-15T10:53:00.936+0000] {logging_mixin.py:188} INFO - [2024-04-15T10:53:00.936+0000] {dag.py:3047} INFO - Sync 1 DAGs
[2024-04-15T10:53:00.986+0000] {logging_mixin.py:188} INFO - [2024-04-15T10:53:00.986+0000] {dag.py:3834} INFO - Setting next_dagrun for tutorial_dag to None, run_after=None
[2024-04-15T10:53:01.048+0000] {processor.py:183} INFO - Processing /home/airflow/.local/lib/python3.8/site-packages/airflow/example_dags/tutorial_dag.py took 0.226 seconds
[2024-04-15T11:28:55.670+0000] {processor.py:161} INFO - Started process (PID=1213) to work on /home/airflow/.local/lib/python3.8/site-packages/airflow/example_dags/tutorial_dag.py
[2024-04-15T11:28:55.672+0000] {processor.py:830} INFO - Processing file /home/airflow/.local/lib/python3.8/site-packages/airflow/example_dags/tutorial_dag.py for tasks to queue
[2024-04-15T11:28:55.676+0000] {logging_mixin.py:188} INFO - [2024-04-15T11:28:55.675+0000] {dagbag.py:540} INFO - Filling up the DagBag from /home/airflow/.local/lib/python3.8/site-packages/airflow/example_dags/tutorial_dag.py
[2024-04-15T11:28:55.691+0000] {processor.py:840} INFO - DAG(s) 'tutorial_dag' retrieved from /home/airflow/.local/lib/python3.8/site-packages/airflow/example_dags/tutorial_dag.py
[2024-04-15T11:28:55.734+0000] {logging_mixin.py:188} INFO - [2024-04-15T11:28:55.733+0000] {dag.py:3047} INFO - Sync 1 DAGs
[2024-04-15T11:28:55.765+0000] {logging_mixin.py:188} INFO - [2024-04-15T11:28:55.764+0000] {dag.py:3834} INFO - Setting next_dagrun for tutorial_dag to None, run_after=None
[2024-04-15T11:28:55.849+0000] {processor.py:183} INFO - Processing /home/airflow/.local/lib/python3.8/site-packages/airflow/example_dags/tutorial_dag.py took 0.184 seconds
[2024-04-15T11:29:26.781+0000] {processor.py:161} INFO - Started process (PID=1268) to work on /home/airflow/.local/lib/python3.8/site-packages/airflow/example_dags/tutorial_dag.py
[2024-04-15T11:29:26.782+0000] {processor.py:830} INFO - Processing file /home/airflow/.local/lib/python3.8/site-packages/airflow/example_dags/tutorial_dag.py for tasks to queue
[2024-04-15T11:29:26.784+0000] {logging_mixin.py:188} INFO - [2024-04-15T11:29:26.784+0000] {dagbag.py:540} INFO - Filling up the DagBag from /home/airflow/.local/lib/python3.8/site-packages/airflow/example_dags/tutorial_dag.py
[2024-04-15T11:29:26.789+0000] {processor.py:840} INFO - DAG(s) 'tutorial_dag' retrieved from /home/airflow/.local/lib/python3.8/site-packages/airflow/example_dags/tutorial_dag.py
[2024-04-15T11:29:26.812+0000] {logging_mixin.py:188} INFO - [2024-04-15T11:29:26.812+0000] {dag.py:3047} INFO - Sync 1 DAGs
[2024-04-15T11:29:26.824+0000] {logging_mixin.py:188} INFO - [2024-04-15T11:29:26.824+0000] {dag.py:3834} INFO - Setting next_dagrun for tutorial_dag to None, run_after=None
[2024-04-15T11:29:26.846+0000] {processor.py:183} INFO - Processing /home/airflow/.local/lib/python3.8/site-packages/airflow/example_dags/tutorial_dag.py took 0.068 seconds
[2024-04-15T11:29:57.151+0000] {processor.py:161} INFO - Started process (PID=1323) to work on /home/airflow/.local/lib/python3.8/site-packages/airflow/example_dags/tutorial_dag.py
[2024-04-15T11:29:57.152+0000] {processor.py:830} INFO - Processing file /home/airflow/.local/lib/python3.8/site-packages/airflow/example_dags/tutorial_dag.py for tasks to queue
[2024-04-15T11:29:57.155+0000] {logging_mixin.py:188} INFO - [2024-04-15T11:29:57.154+0000] {dagbag.py:540} INFO - Filling up the DagBag from /home/airflow/.local/lib/python3.8/site-packages/airflow/example_dags/tutorial_dag.py
[2024-04-15T11:29:57.160+0000] {processor.py:840} INFO - DAG(s) 'tutorial_dag' retrieved from /home/airflow/.local/lib/python3.8/site-packages/airflow/example_dags/tutorial_dag.py
[2024-04-15T11:29:57.183+0000] {logging_mixin.py:188} INFO - [2024-04-15T11:29:57.182+0000] {dag.py:3047} INFO - Sync 1 DAGs
[2024-04-15T11:29:57.196+0000] {logging_mixin.py:188} INFO - [2024-04-15T11:29:57.195+0000] {dag.py:3834} INFO - Setting next_dagrun for tutorial_dag to None, run_after=None
[2024-04-15T11:29:57.219+0000] {processor.py:183} INFO - Processing /home/airflow/.local/lib/python3.8/site-packages/airflow/example_dags/tutorial_dag.py took 0.071 seconds
[2024-04-15T11:30:27.497+0000] {processor.py:161} INFO - Started process (PID=1378) to work on /home/airflow/.local/lib/python3.8/site-packages/airflow/example_dags/tutorial_dag.py
[2024-04-15T11:30:27.499+0000] {processor.py:830} INFO - Processing file /home/airflow/.local/lib/python3.8/site-packages/airflow/example_dags/tutorial_dag.py for tasks to queue
[2024-04-15T11:30:27.502+0000] {logging_mixin.py:188} INFO - [2024-04-15T11:30:27.501+0000] {dagbag.py:540} INFO - Filling up the DagBag from /home/airflow/.local/lib/python3.8/site-packages/airflow/example_dags/tutorial_dag.py
[2024-04-15T11:30:27.509+0000] {processor.py:840} INFO - DAG(s) 'tutorial_dag' retrieved from /home/airflow/.local/lib/python3.8/site-packages/airflow/example_dags/tutorial_dag.py
[2024-04-15T11:30:27.537+0000] {logging_mixin.py:188} INFO - [2024-04-15T11:30:27.537+0000] {dag.py:3047} INFO - Sync 1 DAGs
[2024-04-15T11:30:27.549+0000] {logging_mixin.py:188} INFO - [2024-04-15T11:30:27.549+0000] {dag.py:3834} INFO - Setting next_dagrun for tutorial_dag to None, run_after=None
[2024-04-15T11:30:27.572+0000] {processor.py:183} INFO - Processing /home/airflow/.local/lib/python3.8/site-packages/airflow/example_dags/tutorial_dag.py took 0.080 seconds
[2024-04-15T11:30:57.806+0000] {processor.py:161} INFO - Started process (PID=1433) to work on /home/airflow/.local/lib/python3.8/site-packages/airflow/example_dags/tutorial_dag.py
[2024-04-15T11:30:57.808+0000] {processor.py:830} INFO - Processing file /home/airflow/.local/lib/python3.8/site-packages/airflow/example_dags/tutorial_dag.py for tasks to queue
[2024-04-15T11:30:57.810+0000] {logging_mixin.py:188} INFO - [2024-04-15T11:30:57.810+0000] {dagbag.py:540} INFO - Filling up the DagBag from /home/airflow/.local/lib/python3.8/site-packages/airflow/example_dags/tutorial_dag.py
[2024-04-15T11:30:57.816+0000] {processor.py:840} INFO - DAG(s) 'tutorial_dag' retrieved from /home/airflow/.local/lib/python3.8/site-packages/airflow/example_dags/tutorial_dag.py
[2024-04-15T11:30:57.838+0000] {logging_mixin.py:188} INFO - [2024-04-15T11:30:57.838+0000] {dag.py:3047} INFO - Sync 1 DAGs
[2024-04-15T11:30:57.850+0000] {logging_mixin.py:188} INFO - [2024-04-15T11:30:57.850+0000] {dag.py:3834} INFO - Setting next_dagrun for tutorial_dag to None, run_after=None
[2024-04-15T11:30:57.874+0000] {processor.py:183} INFO - Processing /home/airflow/.local/lib/python3.8/site-packages/airflow/example_dags/tutorial_dag.py took 0.072 seconds
[2024-04-15T11:31:28.122+0000] {processor.py:161} INFO - Started process (PID=1488) to work on /home/airflow/.local/lib/python3.8/site-packages/airflow/example_dags/tutorial_dag.py
[2024-04-15T11:31:28.124+0000] {processor.py:830} INFO - Processing file /home/airflow/.local/lib/python3.8/site-packages/airflow/example_dags/tutorial_dag.py for tasks to queue
[2024-04-15T11:31:28.126+0000] {logging_mixin.py:188} INFO - [2024-04-15T11:31:28.126+0000] {dagbag.py:540} INFO - Filling up the DagBag from /home/airflow/.local/lib/python3.8/site-packages/airflow/example_dags/tutorial_dag.py
[2024-04-15T11:31:28.131+0000] {processor.py:840} INFO - DAG(s) 'tutorial_dag' retrieved from /home/airflow/.local/lib/python3.8/site-packages/airflow/example_dags/tutorial_dag.py
[2024-04-15T11:31:28.156+0000] {logging_mixin.py:188} INFO - [2024-04-15T11:31:28.156+0000] {dag.py:3047} INFO - Sync 1 DAGs
[2024-04-15T11:31:28.169+0000] {logging_mixin.py:188} INFO - [2024-04-15T11:31:28.168+0000] {dag.py:3834} INFO - Setting next_dagrun for tutorial_dag to None, run_after=None
[2024-04-15T11:31:28.193+0000] {processor.py:183} INFO - Processing /home/airflow/.local/lib/python3.8/site-packages/airflow/example_dags/tutorial_dag.py took 0.073 seconds
[2024-04-15T11:31:58.760+0000] {processor.py:161} INFO - Started process (PID=1543) to work on /home/airflow/.local/lib/python3.8/site-packages/airflow/example_dags/tutorial_dag.py
[2024-04-15T11:31:58.761+0000] {processor.py:830} INFO - Processing file /home/airflow/.local/lib/python3.8/site-packages/airflow/example_dags/tutorial_dag.py for tasks to queue
[2024-04-15T11:31:58.763+0000] {logging_mixin.py:188} INFO - [2024-04-15T11:31:58.763+0000] {dagbag.py:540} INFO - Filling up the DagBag from /home/airflow/.local/lib/python3.8/site-packages/airflow/example_dags/tutorial_dag.py
[2024-04-15T11:31:58.768+0000] {processor.py:840} INFO - DAG(s) 'tutorial_dag' retrieved from /home/airflow/.local/lib/python3.8/site-packages/airflow/example_dags/tutorial_dag.py
[2024-04-15T11:31:58.789+0000] {logging_mixin.py:188} INFO - [2024-04-15T11:31:58.789+0000] {dag.py:3047} INFO - Sync 1 DAGs
[2024-04-15T11:31:58.801+0000] {logging_mixin.py:188} INFO - [2024-04-15T11:31:58.801+0000] {dag.py:3834} INFO - Setting next_dagrun for tutorial_dag to None, run_after=None
[2024-04-15T11:31:58.826+0000] {processor.py:183} INFO - Processing /home/airflow/.local/lib/python3.8/site-packages/airflow/example_dags/tutorial_dag.py took 0.070 seconds
[2024-04-15T12:11:20.854+0000] {processor.py:161} INFO - Started process (PID=1584) to work on /home/airflow/.local/lib/python3.8/site-packages/airflow/example_dags/tutorial_dag.py
[2024-04-15T12:11:20.856+0000] {processor.py:830} INFO - Processing file /home/airflow/.local/lib/python3.8/site-packages/airflow/example_dags/tutorial_dag.py for tasks to queue
[2024-04-15T12:11:20.858+0000] {logging_mixin.py:188} INFO - [2024-04-15T12:11:20.857+0000] {dagbag.py:540} INFO - Filling up the DagBag from /home/airflow/.local/lib/python3.8/site-packages/airflow/example_dags/tutorial_dag.py
[2024-04-15T12:11:20.864+0000] {processor.py:840} INFO - DAG(s) 'tutorial_dag' retrieved from /home/airflow/.local/lib/python3.8/site-packages/airflow/example_dags/tutorial_dag.py
[2024-04-15T12:11:20.885+0000] {logging_mixin.py:188} INFO - [2024-04-15T12:11:20.884+0000] {dag.py:3047} INFO - Sync 1 DAGs
[2024-04-15T12:11:20.898+0000] {logging_mixin.py:188} INFO - [2024-04-15T12:11:20.898+0000] {dag.py:3834} INFO - Setting next_dagrun for tutorial_dag to None, run_after=None
[2024-04-15T12:11:20.920+0000] {processor.py:183} INFO - Processing /home/airflow/.local/lib/python3.8/site-packages/airflow/example_dags/tutorial_dag.py took 0.068 seconds
[2024-04-15T12:11:51.133+0000] {processor.py:161} INFO - Started process (PID=1639) to work on /home/airflow/.local/lib/python3.8/site-packages/airflow/example_dags/tutorial_dag.py
[2024-04-15T12:11:51.134+0000] {processor.py:830} INFO - Processing file /home/airflow/.local/lib/python3.8/site-packages/airflow/example_dags/tutorial_dag.py for tasks to queue
[2024-04-15T12:11:51.136+0000] {logging_mixin.py:188} INFO - [2024-04-15T12:11:51.135+0000] {dagbag.py:540} INFO - Filling up the DagBag from /home/airflow/.local/lib/python3.8/site-packages/airflow/example_dags/tutorial_dag.py
[2024-04-15T12:11:51.143+0000] {processor.py:840} INFO - DAG(s) 'tutorial_dag' retrieved from /home/airflow/.local/lib/python3.8/site-packages/airflow/example_dags/tutorial_dag.py
[2024-04-15T12:11:51.167+0000] {logging_mixin.py:188} INFO - [2024-04-15T12:11:51.166+0000] {dag.py:3047} INFO - Sync 1 DAGs
[2024-04-15T12:11:51.182+0000] {logging_mixin.py:188} INFO - [2024-04-15T12:11:51.181+0000] {dag.py:3834} INFO - Setting next_dagrun for tutorial_dag to None, run_after=None
[2024-04-15T12:11:51.227+0000] {processor.py:183} INFO - Processing /home/airflow/.local/lib/python3.8/site-packages/airflow/example_dags/tutorial_dag.py took 0.096 seconds
[2024-04-15T12:12:21.803+0000] {processor.py:161} INFO - Started process (PID=1694) to work on /home/airflow/.local/lib/python3.8/site-packages/airflow/example_dags/tutorial_dag.py
[2024-04-15T12:12:21.804+0000] {processor.py:830} INFO - Processing file /home/airflow/.local/lib/python3.8/site-packages/airflow/example_dags/tutorial_dag.py for tasks to queue
[2024-04-15T12:12:21.807+0000] {logging_mixin.py:188} INFO - [2024-04-15T12:12:21.806+0000] {dagbag.py:540} INFO - Filling up the DagBag from /home/airflow/.local/lib/python3.8/site-packages/airflow/example_dags/tutorial_dag.py
[2024-04-15T12:12:21.825+0000] {processor.py:840} INFO - DAG(s) 'tutorial_dag' retrieved from /home/airflow/.local/lib/python3.8/site-packages/airflow/example_dags/tutorial_dag.py
[2024-04-15T12:12:21.891+0000] {logging_mixin.py:188} INFO - [2024-04-15T12:12:21.891+0000] {dag.py:3047} INFO - Sync 1 DAGs
[2024-04-15T12:12:21.920+0000] {logging_mixin.py:188} INFO - [2024-04-15T12:12:21.919+0000] {dag.py:3834} INFO - Setting next_dagrun for tutorial_dag to None, run_after=None
[2024-04-15T12:12:21.964+0000] {processor.py:183} INFO - Processing /home/airflow/.local/lib/python3.8/site-packages/airflow/example_dags/tutorial_dag.py took 0.169 seconds
[2024-04-15T12:12:52.321+0000] {processor.py:161} INFO - Started process (PID=1749) to work on /home/airflow/.local/lib/python3.8/site-packages/airflow/example_dags/tutorial_dag.py
[2024-04-15T12:12:52.323+0000] {processor.py:830} INFO - Processing file /home/airflow/.local/lib/python3.8/site-packages/airflow/example_dags/tutorial_dag.py for tasks to queue
[2024-04-15T12:12:52.324+0000] {logging_mixin.py:188} INFO - [2024-04-15T12:12:52.324+0000] {dagbag.py:540} INFO - Filling up the DagBag from /home/airflow/.local/lib/python3.8/site-packages/airflow/example_dags/tutorial_dag.py
[2024-04-15T12:12:52.330+0000] {processor.py:840} INFO - DAG(s) 'tutorial_dag' retrieved from /home/airflow/.local/lib/python3.8/site-packages/airflow/example_dags/tutorial_dag.py
[2024-04-15T12:12:52.353+0000] {logging_mixin.py:188} INFO - [2024-04-15T12:12:52.352+0000] {dag.py:3047} INFO - Sync 1 DAGs
[2024-04-15T12:12:52.364+0000] {logging_mixin.py:188} INFO - [2024-04-15T12:12:52.364+0000] {dag.py:3834} INFO - Setting next_dagrun for tutorial_dag to None, run_after=None
[2024-04-15T12:12:52.387+0000] {processor.py:183} INFO - Processing /home/airflow/.local/lib/python3.8/site-packages/airflow/example_dags/tutorial_dag.py took 0.069 seconds
[2024-04-15T12:13:22.686+0000] {processor.py:161} INFO - Started process (PID=1804) to work on /home/airflow/.local/lib/python3.8/site-packages/airflow/example_dags/tutorial_dag.py
[2024-04-15T12:13:22.687+0000] {processor.py:830} INFO - Processing file /home/airflow/.local/lib/python3.8/site-packages/airflow/example_dags/tutorial_dag.py for tasks to queue
[2024-04-15T12:13:22.688+0000] {logging_mixin.py:188} INFO - [2024-04-15T12:13:22.688+0000] {dagbag.py:540} INFO - Filling up the DagBag from /home/airflow/.local/lib/python3.8/site-packages/airflow/example_dags/tutorial_dag.py
[2024-04-15T12:13:22.694+0000] {processor.py:840} INFO - DAG(s) 'tutorial_dag' retrieved from /home/airflow/.local/lib/python3.8/site-packages/airflow/example_dags/tutorial_dag.py
[2024-04-15T12:13:22.718+0000] {logging_mixin.py:188} INFO - [2024-04-15T12:13:22.718+0000] {dag.py:3047} INFO - Sync 1 DAGs
[2024-04-15T12:13:22.729+0000] {logging_mixin.py:188} INFO - [2024-04-15T12:13:22.729+0000] {dag.py:3834} INFO - Setting next_dagrun for tutorial_dag to None, run_after=None
[2024-04-15T12:13:22.752+0000] {processor.py:183} INFO - Processing /home/airflow/.local/lib/python3.8/site-packages/airflow/example_dags/tutorial_dag.py took 0.069 seconds
[2024-04-15T12:13:53.174+0000] {processor.py:161} INFO - Started process (PID=1859) to work on /home/airflow/.local/lib/python3.8/site-packages/airflow/example_dags/tutorial_dag.py
[2024-04-15T12:13:53.175+0000] {processor.py:830} INFO - Processing file /home/airflow/.local/lib/python3.8/site-packages/airflow/example_dags/tutorial_dag.py for tasks to queue
[2024-04-15T12:13:53.176+0000] {logging_mixin.py:188} INFO - [2024-04-15T12:13:53.176+0000] {dagbag.py:540} INFO - Filling up the DagBag from /home/airflow/.local/lib/python3.8/site-packages/airflow/example_dags/tutorial_dag.py
[2024-04-15T12:13:53.183+0000] {processor.py:840} INFO - DAG(s) 'tutorial_dag' retrieved from /home/airflow/.local/lib/python3.8/site-packages/airflow/example_dags/tutorial_dag.py
[2024-04-15T12:13:53.206+0000] {logging_mixin.py:188} INFO - [2024-04-15T12:13:53.206+0000] {dag.py:3047} INFO - Sync 1 DAGs
[2024-04-15T12:13:53.227+0000] {logging_mixin.py:188} INFO - [2024-04-15T12:13:53.226+0000] {dag.py:3834} INFO - Setting next_dagrun for tutorial_dag to None, run_after=None
[2024-04-15T12:13:53.249+0000] {processor.py:183} INFO - Processing /home/airflow/.local/lib/python3.8/site-packages/airflow/example_dags/tutorial_dag.py took 0.079 seconds
[2024-04-15T12:14:23.684+0000] {processor.py:161} INFO - Started process (PID=1914) to work on /home/airflow/.local/lib/python3.8/site-packages/airflow/example_dags/tutorial_dag.py
[2024-04-15T12:14:23.685+0000] {processor.py:830} INFO - Processing file /home/airflow/.local/lib/python3.8/site-packages/airflow/example_dags/tutorial_dag.py for tasks to queue
[2024-04-15T12:14:23.687+0000] {logging_mixin.py:188} INFO - [2024-04-15T12:14:23.686+0000] {dagbag.py:540} INFO - Filling up the DagBag from /home/airflow/.local/lib/python3.8/site-packages/airflow/example_dags/tutorial_dag.py
[2024-04-15T12:14:23.695+0000] {processor.py:840} INFO - DAG(s) 'tutorial_dag' retrieved from /home/airflow/.local/lib/python3.8/site-packages/airflow/example_dags/tutorial_dag.py
[2024-04-15T12:14:23.730+0000] {logging_mixin.py:188} INFO - [2024-04-15T12:14:23.730+0000] {dag.py:3047} INFO - Sync 1 DAGs
[2024-04-15T12:14:23.744+0000] {logging_mixin.py:188} INFO - [2024-04-15T12:14:23.744+0000] {dag.py:3834} INFO - Setting next_dagrun for tutorial_dag to None, run_after=None
[2024-04-15T12:14:23.767+0000] {processor.py:183} INFO - Processing /home/airflow/.local/lib/python3.8/site-packages/airflow/example_dags/tutorial_dag.py took 0.087 seconds
[2024-04-15T12:14:53.841+0000] {processor.py:161} INFO - Started process (PID=1969) to work on /home/airflow/.local/lib/python3.8/site-packages/airflow/example_dags/tutorial_dag.py
[2024-04-15T12:14:53.842+0000] {processor.py:830} INFO - Processing file /home/airflow/.local/lib/python3.8/site-packages/airflow/example_dags/tutorial_dag.py for tasks to queue
[2024-04-15T12:14:53.843+0000] {logging_mixin.py:188} INFO - [2024-04-15T12:14:53.843+0000] {dagbag.py:540} INFO - Filling up the DagBag from /home/airflow/.local/lib/python3.8/site-packages/airflow/example_dags/tutorial_dag.py
[2024-04-15T12:14:53.848+0000] {processor.py:840} INFO - DAG(s) 'tutorial_dag' retrieved from /home/airflow/.local/lib/python3.8/site-packages/airflow/example_dags/tutorial_dag.py
[2024-04-15T12:14:53.871+0000] {logging_mixin.py:188} INFO - [2024-04-15T12:14:53.871+0000] {dag.py:3047} INFO - Sync 1 DAGs
[2024-04-15T12:14:53.883+0000] {logging_mixin.py:188} INFO - [2024-04-15T12:14:53.883+0000] {dag.py:3834} INFO - Setting next_dagrun for tutorial_dag to None, run_after=None
[2024-04-15T12:14:53.904+0000] {processor.py:183} INFO - Processing /home/airflow/.local/lib/python3.8/site-packages/airflow/example_dags/tutorial_dag.py took 0.066 seconds
[2024-04-15T12:15:24.186+0000] {processor.py:161} INFO - Started process (PID=2024) to work on /home/airflow/.local/lib/python3.8/site-packages/airflow/example_dags/tutorial_dag.py
[2024-04-15T12:15:24.187+0000] {processor.py:830} INFO - Processing file /home/airflow/.local/lib/python3.8/site-packages/airflow/example_dags/tutorial_dag.py for tasks to queue
[2024-04-15T12:15:24.189+0000] {logging_mixin.py:188} INFO - [2024-04-15T12:15:24.189+0000] {dagbag.py:540} INFO - Filling up the DagBag from /home/airflow/.local/lib/python3.8/site-packages/airflow/example_dags/tutorial_dag.py
[2024-04-15T12:15:24.194+0000] {processor.py:840} INFO - DAG(s) 'tutorial_dag' retrieved from /home/airflow/.local/lib/python3.8/site-packages/airflow/example_dags/tutorial_dag.py
[2024-04-15T12:15:24.216+0000] {logging_mixin.py:188} INFO - [2024-04-15T12:15:24.215+0000] {dag.py:3047} INFO - Sync 1 DAGs
[2024-04-15T12:15:24.229+0000] {logging_mixin.py:188} INFO - [2024-04-15T12:15:24.229+0000] {dag.py:3834} INFO - Setting next_dagrun for tutorial_dag to None, run_after=None
[2024-04-15T12:15:24.252+0000] {processor.py:183} INFO - Processing /home/airflow/.local/lib/python3.8/site-packages/airflow/example_dags/tutorial_dag.py took 0.070 seconds
[2024-04-15T12:15:54.790+0000] {processor.py:161} INFO - Started process (PID=2079) to work on /home/airflow/.local/lib/python3.8/site-packages/airflow/example_dags/tutorial_dag.py
[2024-04-15T12:15:54.792+0000] {processor.py:830} INFO - Processing file /home/airflow/.local/lib/python3.8/site-packages/airflow/example_dags/tutorial_dag.py for tasks to queue
[2024-04-15T12:15:54.794+0000] {logging_mixin.py:188} INFO - [2024-04-15T12:15:54.793+0000] {dagbag.py:540} INFO - Filling up the DagBag from /home/airflow/.local/lib/python3.8/site-packages/airflow/example_dags/tutorial_dag.py
[2024-04-15T12:15:54.800+0000] {processor.py:840} INFO - DAG(s) 'tutorial_dag' retrieved from /home/airflow/.local/lib/python3.8/site-packages/airflow/example_dags/tutorial_dag.py
[2024-04-15T12:15:54.826+0000] {logging_mixin.py:188} INFO - [2024-04-15T12:15:54.825+0000] {dag.py:3047} INFO - Sync 1 DAGs
[2024-04-15T12:15:54.837+0000] {logging_mixin.py:188} INFO - [2024-04-15T12:15:54.836+0000] {dag.py:3834} INFO - Setting next_dagrun for tutorial_dag to None, run_after=None
[2024-04-15T12:15:54.864+0000] {processor.py:183} INFO - Processing /home/airflow/.local/lib/python3.8/site-packages/airflow/example_dags/tutorial_dag.py took 0.079 seconds
[2024-04-15T12:16:25.035+0000] {processor.py:161} INFO - Started process (PID=2134) to work on /home/airflow/.local/lib/python3.8/site-packages/airflow/example_dags/tutorial_dag.py
[2024-04-15T12:16:25.036+0000] {processor.py:830} INFO - Processing file /home/airflow/.local/lib/python3.8/site-packages/airflow/example_dags/tutorial_dag.py for tasks to queue
[2024-04-15T12:16:25.038+0000] {logging_mixin.py:188} INFO - [2024-04-15T12:16:25.037+0000] {dagbag.py:540} INFO - Filling up the DagBag from /home/airflow/.local/lib/python3.8/site-packages/airflow/example_dags/tutorial_dag.py
[2024-04-15T12:16:25.043+0000] {processor.py:840} INFO - DAG(s) 'tutorial_dag' retrieved from /home/airflow/.local/lib/python3.8/site-packages/airflow/example_dags/tutorial_dag.py
[2024-04-15T12:16:25.064+0000] {logging_mixin.py:188} INFO - [2024-04-15T12:16:25.064+0000] {dag.py:3047} INFO - Sync 1 DAGs
[2024-04-15T12:16:25.076+0000] {logging_mixin.py:188} INFO - [2024-04-15T12:16:25.075+0000] {dag.py:3834} INFO - Setting next_dagrun for tutorial_dag to None, run_after=None
[2024-04-15T12:16:25.099+0000] {processor.py:183} INFO - Processing /home/airflow/.local/lib/python3.8/site-packages/airflow/example_dags/tutorial_dag.py took 0.067 seconds
[2024-04-15T12:16:55.280+0000] {processor.py:161} INFO - Started process (PID=2189) to work on /home/airflow/.local/lib/python3.8/site-packages/airflow/example_dags/tutorial_dag.py
[2024-04-15T12:16:55.282+0000] {processor.py:830} INFO - Processing file /home/airflow/.local/lib/python3.8/site-packages/airflow/example_dags/tutorial_dag.py for tasks to queue
[2024-04-15T12:16:55.284+0000] {logging_mixin.py:188} INFO - [2024-04-15T12:16:55.283+0000] {dagbag.py:540} INFO - Filling up the DagBag from /home/airflow/.local/lib/python3.8/site-packages/airflow/example_dags/tutorial_dag.py
[2024-04-15T12:16:55.289+0000] {processor.py:840} INFO - DAG(s) 'tutorial_dag' retrieved from /home/airflow/.local/lib/python3.8/site-packages/airflow/example_dags/tutorial_dag.py
[2024-04-15T12:16:55.312+0000] {logging_mixin.py:188} INFO - [2024-04-15T12:16:55.312+0000] {dag.py:3047} INFO - Sync 1 DAGs
[2024-04-15T12:16:55.324+0000] {logging_mixin.py:188} INFO - [2024-04-15T12:16:55.324+0000] {dag.py:3834} INFO - Setting next_dagrun for tutorial_dag to None, run_after=None
[2024-04-15T12:16:55.349+0000] {processor.py:183} INFO - Processing /home/airflow/.local/lib/python3.8/site-packages/airflow/example_dags/tutorial_dag.py took 0.071 seconds
[2024-04-15T12:17:25.589+0000] {processor.py:161} INFO - Started process (PID=2243) to work on /home/airflow/.local/lib/python3.8/site-packages/airflow/example_dags/tutorial_dag.py
[2024-04-15T12:17:25.591+0000] {processor.py:830} INFO - Processing file /home/airflow/.local/lib/python3.8/site-packages/airflow/example_dags/tutorial_dag.py for tasks to queue
[2024-04-15T12:17:25.592+0000] {logging_mixin.py:188} INFO - [2024-04-15T12:17:25.592+0000] {dagbag.py:540} INFO - Filling up the DagBag from /home/airflow/.local/lib/python3.8/site-packages/airflow/example_dags/tutorial_dag.py
[2024-04-15T12:17:25.598+0000] {processor.py:840} INFO - DAG(s) 'tutorial_dag' retrieved from /home/airflow/.local/lib/python3.8/site-packages/airflow/example_dags/tutorial_dag.py
[2024-04-15T12:17:25.622+0000] {logging_mixin.py:188} INFO - [2024-04-15T12:17:25.622+0000] {dag.py:3047} INFO - Sync 1 DAGs
[2024-04-15T12:17:25.633+0000] {logging_mixin.py:188} INFO - [2024-04-15T12:17:25.632+0000] {dag.py:3834} INFO - Setting next_dagrun for tutorial_dag to None, run_after=None
[2024-04-15T12:17:25.653+0000] {processor.py:183} INFO - Processing /home/airflow/.local/lib/python3.8/site-packages/airflow/example_dags/tutorial_dag.py took 0.067 seconds
[2024-04-15T12:17:55.910+0000] {processor.py:161} INFO - Started process (PID=2298) to work on /home/airflow/.local/lib/python3.8/site-packages/airflow/example_dags/tutorial_dag.py
[2024-04-15T12:17:55.911+0000] {processor.py:830} INFO - Processing file /home/airflow/.local/lib/python3.8/site-packages/airflow/example_dags/tutorial_dag.py for tasks to queue
[2024-04-15T12:17:55.913+0000] {logging_mixin.py:188} INFO - [2024-04-15T12:17:55.912+0000] {dagbag.py:540} INFO - Filling up the DagBag from /home/airflow/.local/lib/python3.8/site-packages/airflow/example_dags/tutorial_dag.py
[2024-04-15T12:17:55.918+0000] {processor.py:840} INFO - DAG(s) 'tutorial_dag' retrieved from /home/airflow/.local/lib/python3.8/site-packages/airflow/example_dags/tutorial_dag.py
[2024-04-15T12:17:55.950+0000] {logging_mixin.py:188} INFO - [2024-04-15T12:17:55.950+0000] {dag.py:3047} INFO - Sync 1 DAGs
[2024-04-15T12:17:55.964+0000] {logging_mixin.py:188} INFO - [2024-04-15T12:17:55.963+0000] {dag.py:3834} INFO - Setting next_dagrun for tutorial_dag to None, run_after=None
[2024-04-15T12:17:55.992+0000] {processor.py:183} INFO - Processing /home/airflow/.local/lib/python3.8/site-packages/airflow/example_dags/tutorial_dag.py took 0.086 seconds
[2024-04-15T12:18:26.445+0000] {processor.py:161} INFO - Started process (PID=2353) to work on /home/airflow/.local/lib/python3.8/site-packages/airflow/example_dags/tutorial_dag.py
[2024-04-15T12:18:26.447+0000] {processor.py:830} INFO - Processing file /home/airflow/.local/lib/python3.8/site-packages/airflow/example_dags/tutorial_dag.py for tasks to queue
[2024-04-15T12:18:26.448+0000] {logging_mixin.py:188} INFO - [2024-04-15T12:18:26.447+0000] {dagbag.py:540} INFO - Filling up the DagBag from /home/airflow/.local/lib/python3.8/site-packages/airflow/example_dags/tutorial_dag.py
[2024-04-15T12:18:26.453+0000] {processor.py:840} INFO - DAG(s) 'tutorial_dag' retrieved from /home/airflow/.local/lib/python3.8/site-packages/airflow/example_dags/tutorial_dag.py
[2024-04-15T12:18:26.474+0000] {logging_mixin.py:188} INFO - [2024-04-15T12:18:26.474+0000] {dag.py:3047} INFO - Sync 1 DAGs
[2024-04-15T12:18:26.486+0000] {logging_mixin.py:188} INFO - [2024-04-15T12:18:26.485+0000] {dag.py:3834} INFO - Setting next_dagrun for tutorial_dag to None, run_after=None
[2024-04-15T12:18:26.509+0000] {processor.py:183} INFO - Processing /home/airflow/.local/lib/python3.8/site-packages/airflow/example_dags/tutorial_dag.py took 0.066 seconds
[2024-04-15T12:18:56.752+0000] {processor.py:161} INFO - Started process (PID=2408) to work on /home/airflow/.local/lib/python3.8/site-packages/airflow/example_dags/tutorial_dag.py
[2024-04-15T12:18:56.753+0000] {processor.py:830} INFO - Processing file /home/airflow/.local/lib/python3.8/site-packages/airflow/example_dags/tutorial_dag.py for tasks to queue
[2024-04-15T12:18:56.754+0000] {logging_mixin.py:188} INFO - [2024-04-15T12:18:56.754+0000] {dagbag.py:540} INFO - Filling up the DagBag from /home/airflow/.local/lib/python3.8/site-packages/airflow/example_dags/tutorial_dag.py
[2024-04-15T12:18:56.759+0000] {processor.py:840} INFO - DAG(s) 'tutorial_dag' retrieved from /home/airflow/.local/lib/python3.8/site-packages/airflow/example_dags/tutorial_dag.py
[2024-04-15T12:18:56.780+0000] {logging_mixin.py:188} INFO - [2024-04-15T12:18:56.780+0000] {dag.py:3047} INFO - Sync 1 DAGs
[2024-04-15T12:18:56.791+0000] {logging_mixin.py:188} INFO - [2024-04-15T12:18:56.791+0000] {dag.py:3834} INFO - Setting next_dagrun for tutorial_dag to None, run_after=None
[2024-04-15T12:18:56.811+0000] {processor.py:183} INFO - Processing /home/airflow/.local/lib/python3.8/site-packages/airflow/example_dags/tutorial_dag.py took 0.062 seconds
[2024-04-15T12:19:27.006+0000] {processor.py:161} INFO - Started process (PID=2463) to work on /home/airflow/.local/lib/python3.8/site-packages/airflow/example_dags/tutorial_dag.py
[2024-04-15T12:19:27.007+0000] {processor.py:830} INFO - Processing file /home/airflow/.local/lib/python3.8/site-packages/airflow/example_dags/tutorial_dag.py for tasks to queue
[2024-04-15T12:19:27.008+0000] {logging_mixin.py:188} INFO - [2024-04-15T12:19:27.008+0000] {dagbag.py:540} INFO - Filling up the DagBag from /home/airflow/.local/lib/python3.8/site-packages/airflow/example_dags/tutorial_dag.py
[2024-04-15T12:19:27.013+0000] {processor.py:840} INFO - DAG(s) 'tutorial_dag' retrieved from /home/airflow/.local/lib/python3.8/site-packages/airflow/example_dags/tutorial_dag.py
[2024-04-15T12:19:27.034+0000] {logging_mixin.py:188} INFO - [2024-04-15T12:19:27.034+0000] {dag.py:3047} INFO - Sync 1 DAGs
[2024-04-15T12:19:27.045+0000] {logging_mixin.py:188} INFO - [2024-04-15T12:19:27.045+0000] {dag.py:3834} INFO - Setting next_dagrun for tutorial_dag to None, run_after=None
[2024-04-15T12:19:27.067+0000] {processor.py:183} INFO - Processing /home/airflow/.local/lib/python3.8/site-packages/airflow/example_dags/tutorial_dag.py took 0.064 seconds
[2024-04-15T12:19:57.516+0000] {processor.py:161} INFO - Started process (PID=2518) to work on /home/airflow/.local/lib/python3.8/site-packages/airflow/example_dags/tutorial_dag.py
[2024-04-15T12:19:57.518+0000] {processor.py:830} INFO - Processing file /home/airflow/.local/lib/python3.8/site-packages/airflow/example_dags/tutorial_dag.py for tasks to queue
[2024-04-15T12:19:57.520+0000] {logging_mixin.py:188} INFO - [2024-04-15T12:19:57.519+0000] {dagbag.py:540} INFO - Filling up the DagBag from /home/airflow/.local/lib/python3.8/site-packages/airflow/example_dags/tutorial_dag.py
[2024-04-15T12:19:57.528+0000] {processor.py:840} INFO - DAG(s) 'tutorial_dag' retrieved from /home/airflow/.local/lib/python3.8/site-packages/airflow/example_dags/tutorial_dag.py
[2024-04-15T12:19:57.557+0000] {logging_mixin.py:188} INFO - [2024-04-15T12:19:57.557+0000] {dag.py:3047} INFO - Sync 1 DAGs
[2024-04-15T12:19:57.575+0000] {logging_mixin.py:188} INFO - [2024-04-15T12:19:57.575+0000] {dag.py:3834} INFO - Setting next_dagrun for tutorial_dag to None, run_after=None
[2024-04-15T12:19:57.604+0000] {processor.py:183} INFO - Processing /home/airflow/.local/lib/python3.8/site-packages/airflow/example_dags/tutorial_dag.py took 0.095 seconds
[2024-04-15T12:26:46.588+0000] {processor.py:161} INFO - Started process (PID=2571) to work on /home/airflow/.local/lib/python3.8/site-packages/airflow/example_dags/tutorial_dag.py
[2024-04-15T12:26:46.590+0000] {processor.py:830} INFO - Processing file /home/airflow/.local/lib/python3.8/site-packages/airflow/example_dags/tutorial_dag.py for tasks to queue
[2024-04-15T12:26:46.591+0000] {logging_mixin.py:188} INFO - [2024-04-15T12:26:46.591+0000] {dagbag.py:540} INFO - Filling up the DagBag from /home/airflow/.local/lib/python3.8/site-packages/airflow/example_dags/tutorial_dag.py
[2024-04-15T12:26:46.602+0000] {processor.py:840} INFO - DAG(s) 'tutorial_dag' retrieved from /home/airflow/.local/lib/python3.8/site-packages/airflow/example_dags/tutorial_dag.py
[2024-04-15T12:26:46.631+0000] {logging_mixin.py:188} INFO - [2024-04-15T12:26:46.631+0000] {dag.py:3047} INFO - Sync 1 DAGs
[2024-04-15T12:26:46.645+0000] {logging_mixin.py:188} INFO - [2024-04-15T12:26:46.644+0000] {dag.py:3834} INFO - Setting next_dagrun for tutorial_dag to None, run_after=None
[2024-04-15T12:26:46.666+0000] {processor.py:183} INFO - Processing /home/airflow/.local/lib/python3.8/site-packages/airflow/example_dags/tutorial_dag.py took 0.082 seconds
[2024-04-15T12:27:17.075+0000] {processor.py:161} INFO - Started process (PID=2626) to work on /home/airflow/.local/lib/python3.8/site-packages/airflow/example_dags/tutorial_dag.py
[2024-04-15T12:27:17.077+0000] {processor.py:830} INFO - Processing file /home/airflow/.local/lib/python3.8/site-packages/airflow/example_dags/tutorial_dag.py for tasks to queue
[2024-04-15T12:27:17.078+0000] {logging_mixin.py:188} INFO - [2024-04-15T12:27:17.078+0000] {dagbag.py:540} INFO - Filling up the DagBag from /home/airflow/.local/lib/python3.8/site-packages/airflow/example_dags/tutorial_dag.py
[2024-04-15T12:27:17.084+0000] {processor.py:840} INFO - DAG(s) 'tutorial_dag' retrieved from /home/airflow/.local/lib/python3.8/site-packages/airflow/example_dags/tutorial_dag.py
[2024-04-15T12:27:17.107+0000] {logging_mixin.py:188} INFO - [2024-04-15T12:27:17.106+0000] {dag.py:3047} INFO - Sync 1 DAGs
[2024-04-15T12:27:17.121+0000] {logging_mixin.py:188} INFO - [2024-04-15T12:27:17.121+0000] {dag.py:3834} INFO - Setting next_dagrun for tutorial_dag to None, run_after=None
[2024-04-15T12:27:17.148+0000] {processor.py:183} INFO - Processing /home/airflow/.local/lib/python3.8/site-packages/airflow/example_dags/tutorial_dag.py took 0.075 seconds
[2024-04-15T12:27:47.852+0000] {processor.py:161} INFO - Started process (PID=2681) to work on /home/airflow/.local/lib/python3.8/site-packages/airflow/example_dags/tutorial_dag.py
[2024-04-15T12:27:47.854+0000] {processor.py:830} INFO - Processing file /home/airflow/.local/lib/python3.8/site-packages/airflow/example_dags/tutorial_dag.py for tasks to queue
[2024-04-15T12:27:47.855+0000] {logging_mixin.py:188} INFO - [2024-04-15T12:27:47.855+0000] {dagbag.py:540} INFO - Filling up the DagBag from /home/airflow/.local/lib/python3.8/site-packages/airflow/example_dags/tutorial_dag.py
[2024-04-15T12:27:47.866+0000] {processor.py:840} INFO - DAG(s) 'tutorial_dag' retrieved from /home/airflow/.local/lib/python3.8/site-packages/airflow/example_dags/tutorial_dag.py
[2024-04-15T12:27:47.894+0000] {logging_mixin.py:188} INFO - [2024-04-15T12:27:47.893+0000] {dag.py:3047} INFO - Sync 1 DAGs
[2024-04-15T12:27:47.912+0000] {logging_mixin.py:188} INFO - [2024-04-15T12:27:47.912+0000] {dag.py:3834} INFO - Setting next_dagrun for tutorial_dag to None, run_after=None
[2024-04-15T12:27:47.939+0000] {processor.py:183} INFO - Processing /home/airflow/.local/lib/python3.8/site-packages/airflow/example_dags/tutorial_dag.py took 0.091 seconds
[2024-04-15T12:28:18.372+0000] {processor.py:161} INFO - Started process (PID=2736) to work on /home/airflow/.local/lib/python3.8/site-packages/airflow/example_dags/tutorial_dag.py
[2024-04-15T12:28:18.373+0000] {processor.py:830} INFO - Processing file /home/airflow/.local/lib/python3.8/site-packages/airflow/example_dags/tutorial_dag.py for tasks to queue
[2024-04-15T12:28:18.375+0000] {logging_mixin.py:188} INFO - [2024-04-15T12:28:18.375+0000] {dagbag.py:540} INFO - Filling up the DagBag from /home/airflow/.local/lib/python3.8/site-packages/airflow/example_dags/tutorial_dag.py
[2024-04-15T12:28:18.381+0000] {processor.py:840} INFO - DAG(s) 'tutorial_dag' retrieved from /home/airflow/.local/lib/python3.8/site-packages/airflow/example_dags/tutorial_dag.py
[2024-04-15T12:28:18.405+0000] {logging_mixin.py:188} INFO - [2024-04-15T12:28:18.404+0000] {dag.py:3047} INFO - Sync 1 DAGs
[2024-04-15T12:28:18.417+0000] {logging_mixin.py:188} INFO - [2024-04-15T12:28:18.416+0000] {dag.py:3834} INFO - Setting next_dagrun for tutorial_dag to None, run_after=None
[2024-04-15T12:28:18.442+0000] {processor.py:183} INFO - Processing /home/airflow/.local/lib/python3.8/site-packages/airflow/example_dags/tutorial_dag.py took 0.072 seconds
[2024-04-15T12:28:49.378+0000] {processor.py:161} INFO - Started process (PID=2792) to work on /home/airflow/.local/lib/python3.8/site-packages/airflow/example_dags/tutorial_dag.py
[2024-04-15T12:28:49.379+0000] {processor.py:830} INFO - Processing file /home/airflow/.local/lib/python3.8/site-packages/airflow/example_dags/tutorial_dag.py for tasks to queue
[2024-04-15T12:28:49.380+0000] {logging_mixin.py:188} INFO - [2024-04-15T12:28:49.380+0000] {dagbag.py:540} INFO - Filling up the DagBag from /home/airflow/.local/lib/python3.8/site-packages/airflow/example_dags/tutorial_dag.py
[2024-04-15T12:28:49.387+0000] {processor.py:840} INFO - DAG(s) 'tutorial_dag' retrieved from /home/airflow/.local/lib/python3.8/site-packages/airflow/example_dags/tutorial_dag.py
[2024-04-15T12:28:49.411+0000] {logging_mixin.py:188} INFO - [2024-04-15T12:28:49.410+0000] {dag.py:3047} INFO - Sync 1 DAGs
[2024-04-15T12:28:49.427+0000] {logging_mixin.py:188} INFO - [2024-04-15T12:28:49.427+0000] {dag.py:3834} INFO - Setting next_dagrun for tutorial_dag to None, run_after=None
[2024-04-15T12:28:49.451+0000] {processor.py:183} INFO - Processing /home/airflow/.local/lib/python3.8/site-packages/airflow/example_dags/tutorial_dag.py took 0.078 seconds
[2024-04-15T12:29:20.009+0000] {processor.py:161} INFO - Started process (PID=2847) to work on /home/airflow/.local/lib/python3.8/site-packages/airflow/example_dags/tutorial_dag.py
[2024-04-15T12:29:20.011+0000] {processor.py:830} INFO - Processing file /home/airflow/.local/lib/python3.8/site-packages/airflow/example_dags/tutorial_dag.py for tasks to queue
[2024-04-15T12:29:20.012+0000] {logging_mixin.py:188} INFO - [2024-04-15T12:29:20.012+0000] {dagbag.py:540} INFO - Filling up the DagBag from /home/airflow/.local/lib/python3.8/site-packages/airflow/example_dags/tutorial_dag.py
[2024-04-15T12:29:20.020+0000] {processor.py:840} INFO - DAG(s) 'tutorial_dag' retrieved from /home/airflow/.local/lib/python3.8/site-packages/airflow/example_dags/tutorial_dag.py
[2024-04-15T12:29:20.044+0000] {logging_mixin.py:188} INFO - [2024-04-15T12:29:20.044+0000] {dag.py:3047} INFO - Sync 1 DAGs
[2024-04-15T12:29:20.058+0000] {logging_mixin.py:188} INFO - [2024-04-15T12:29:20.057+0000] {dag.py:3834} INFO - Setting next_dagrun for tutorial_dag to None, run_after=None
[2024-04-15T12:29:20.082+0000] {processor.py:183} INFO - Processing /home/airflow/.local/lib/python3.8/site-packages/airflow/example_dags/tutorial_dag.py took 0.076 seconds
[2024-04-15T12:29:50.751+0000] {processor.py:161} INFO - Started process (PID=2902) to work on /home/airflow/.local/lib/python3.8/site-packages/airflow/example_dags/tutorial_dag.py
[2024-04-15T12:29:50.752+0000] {processor.py:830} INFO - Processing file /home/airflow/.local/lib/python3.8/site-packages/airflow/example_dags/tutorial_dag.py for tasks to queue
[2024-04-15T12:29:50.754+0000] {logging_mixin.py:188} INFO - [2024-04-15T12:29:50.753+0000] {dagbag.py:540} INFO - Filling up the DagBag from /home/airflow/.local/lib/python3.8/site-packages/airflow/example_dags/tutorial_dag.py
[2024-04-15T12:29:50.759+0000] {processor.py:840} INFO - DAG(s) 'tutorial_dag' retrieved from /home/airflow/.local/lib/python3.8/site-packages/airflow/example_dags/tutorial_dag.py
[2024-04-15T12:29:50.783+0000] {logging_mixin.py:188} INFO - [2024-04-15T12:29:50.782+0000] {dag.py:3047} INFO - Sync 1 DAGs
[2024-04-15T12:29:50.794+0000] {logging_mixin.py:188} INFO - [2024-04-15T12:29:50.794+0000] {dag.py:3834} INFO - Setting next_dagrun for tutorial_dag to None, run_after=None
[2024-04-15T12:29:50.820+0000] {processor.py:183} INFO - Processing /home/airflow/.local/lib/python3.8/site-packages/airflow/example_dags/tutorial_dag.py took 0.073 seconds
[2024-04-15T12:30:21.486+0000] {processor.py:161} INFO - Started process (PID=2957) to work on /home/airflow/.local/lib/python3.8/site-packages/airflow/example_dags/tutorial_dag.py
[2024-04-15T12:30:21.488+0000] {processor.py:830} INFO - Processing file /home/airflow/.local/lib/python3.8/site-packages/airflow/example_dags/tutorial_dag.py for tasks to queue
[2024-04-15T12:30:21.489+0000] {logging_mixin.py:188} INFO - [2024-04-15T12:30:21.489+0000] {dagbag.py:540} INFO - Filling up the DagBag from /home/airflow/.local/lib/python3.8/site-packages/airflow/example_dags/tutorial_dag.py
[2024-04-15T12:30:21.495+0000] {processor.py:840} INFO - DAG(s) 'tutorial_dag' retrieved from /home/airflow/.local/lib/python3.8/site-packages/airflow/example_dags/tutorial_dag.py
[2024-04-15T12:30:21.518+0000] {logging_mixin.py:188} INFO - [2024-04-15T12:30:21.518+0000] {dag.py:3047} INFO - Sync 1 DAGs
[2024-04-15T12:30:21.529+0000] {logging_mixin.py:188} INFO - [2024-04-15T12:30:21.529+0000] {dag.py:3834} INFO - Setting next_dagrun for tutorial_dag to None, run_after=None
[2024-04-15T12:30:21.554+0000] {processor.py:183} INFO - Processing /home/airflow/.local/lib/python3.8/site-packages/airflow/example_dags/tutorial_dag.py took 0.071 seconds
[2024-04-15T12:30:52.056+0000] {processor.py:161} INFO - Started process (PID=3012) to work on /home/airflow/.local/lib/python3.8/site-packages/airflow/example_dags/tutorial_dag.py
[2024-04-15T12:30:52.057+0000] {processor.py:830} INFO - Processing file /home/airflow/.local/lib/python3.8/site-packages/airflow/example_dags/tutorial_dag.py for tasks to queue
[2024-04-15T12:30:52.058+0000] {logging_mixin.py:188} INFO - [2024-04-15T12:30:52.058+0000] {dagbag.py:540} INFO - Filling up the DagBag from /home/airflow/.local/lib/python3.8/site-packages/airflow/example_dags/tutorial_dag.py
[2024-04-15T12:30:52.065+0000] {processor.py:840} INFO - DAG(s) 'tutorial_dag' retrieved from /home/airflow/.local/lib/python3.8/site-packages/airflow/example_dags/tutorial_dag.py
[2024-04-15T12:30:52.090+0000] {logging_mixin.py:188} INFO - [2024-04-15T12:30:52.090+0000] {dag.py:3047} INFO - Sync 1 DAGs
[2024-04-15T12:30:52.105+0000] {logging_mixin.py:188} INFO - [2024-04-15T12:30:52.104+0000] {dag.py:3834} INFO - Setting next_dagrun for tutorial_dag to None, run_after=None
[2024-04-15T12:30:52.126+0000] {processor.py:183} INFO - Processing /home/airflow/.local/lib/python3.8/site-packages/airflow/example_dags/tutorial_dag.py took 0.074 seconds
[2024-04-15T12:31:22.486+0000] {processor.py:161} INFO - Started process (PID=3067) to work on /home/airflow/.local/lib/python3.8/site-packages/airflow/example_dags/tutorial_dag.py
[2024-04-15T12:31:22.487+0000] {processor.py:830} INFO - Processing file /home/airflow/.local/lib/python3.8/site-packages/airflow/example_dags/tutorial_dag.py for tasks to queue
[2024-04-15T12:31:22.489+0000] {logging_mixin.py:188} INFO - [2024-04-15T12:31:22.488+0000] {dagbag.py:540} INFO - Filling up the DagBag from /home/airflow/.local/lib/python3.8/site-packages/airflow/example_dags/tutorial_dag.py
[2024-04-15T12:31:22.494+0000] {processor.py:840} INFO - DAG(s) 'tutorial_dag' retrieved from /home/airflow/.local/lib/python3.8/site-packages/airflow/example_dags/tutorial_dag.py
[2024-04-15T12:31:22.514+0000] {logging_mixin.py:188} INFO - [2024-04-15T12:31:22.514+0000] {dag.py:3047} INFO - Sync 1 DAGs
[2024-04-15T12:31:22.526+0000] {logging_mixin.py:188} INFO - [2024-04-15T12:31:22.526+0000] {dag.py:3834} INFO - Setting next_dagrun for tutorial_dag to None, run_after=None
[2024-04-15T12:31:22.547+0000] {processor.py:183} INFO - Processing /home/airflow/.local/lib/python3.8/site-packages/airflow/example_dags/tutorial_dag.py took 0.065 seconds
[2024-04-15T12:31:53.005+0000] {processor.py:161} INFO - Started process (PID=3122) to work on /home/airflow/.local/lib/python3.8/site-packages/airflow/example_dags/tutorial_dag.py
[2024-04-15T12:31:53.006+0000] {processor.py:830} INFO - Processing file /home/airflow/.local/lib/python3.8/site-packages/airflow/example_dags/tutorial_dag.py for tasks to queue
[2024-04-15T12:31:53.008+0000] {logging_mixin.py:188} INFO - [2024-04-15T12:31:53.007+0000] {dagbag.py:540} INFO - Filling up the DagBag from /home/airflow/.local/lib/python3.8/site-packages/airflow/example_dags/tutorial_dag.py
[2024-04-15T12:31:53.013+0000] {processor.py:840} INFO - DAG(s) 'tutorial_dag' retrieved from /home/airflow/.local/lib/python3.8/site-packages/airflow/example_dags/tutorial_dag.py
[2024-04-15T12:31:53.035+0000] {logging_mixin.py:188} INFO - [2024-04-15T12:31:53.035+0000] {dag.py:3047} INFO - Sync 1 DAGs
[2024-04-15T12:31:53.048+0000] {logging_mixin.py:188} INFO - [2024-04-15T12:31:53.048+0000] {dag.py:3834} INFO - Setting next_dagrun for tutorial_dag to None, run_after=None
[2024-04-15T12:31:53.073+0000] {processor.py:183} INFO - Processing /home/airflow/.local/lib/python3.8/site-packages/airflow/example_dags/tutorial_dag.py took 0.071 seconds
[2024-04-15T12:34:40.096+0000] {processor.py:161} INFO - Started process (PID=3177) to work on /home/airflow/.local/lib/python3.8/site-packages/airflow/example_dags/tutorial_dag.py
[2024-04-15T12:34:40.098+0000] {processor.py:830} INFO - Processing file /home/airflow/.local/lib/python3.8/site-packages/airflow/example_dags/tutorial_dag.py for tasks to queue
[2024-04-15T12:34:40.099+0000] {logging_mixin.py:188} INFO - [2024-04-15T12:34:40.099+0000] {dagbag.py:540} INFO - Filling up the DagBag from /home/airflow/.local/lib/python3.8/site-packages/airflow/example_dags/tutorial_dag.py
[2024-04-15T12:34:40.104+0000] {processor.py:840} INFO - DAG(s) 'tutorial_dag' retrieved from /home/airflow/.local/lib/python3.8/site-packages/airflow/example_dags/tutorial_dag.py
[2024-04-15T12:34:40.129+0000] {logging_mixin.py:188} INFO - [2024-04-15T12:34:40.128+0000] {dag.py:3047} INFO - Sync 1 DAGs
[2024-04-15T12:34:40.141+0000] {logging_mixin.py:188} INFO - [2024-04-15T12:34:40.141+0000] {dag.py:3834} INFO - Setting next_dagrun for tutorial_dag to None, run_after=None
[2024-04-15T12:34:40.164+0000] {processor.py:183} INFO - Processing /home/airflow/.local/lib/python3.8/site-packages/airflow/example_dags/tutorial_dag.py took 0.071 seconds
[2024-04-15T12:35:11.047+0000] {processor.py:161} INFO - Started process (PID=3232) to work on /home/airflow/.local/lib/python3.8/site-packages/airflow/example_dags/tutorial_dag.py
[2024-04-15T12:35:11.049+0000] {processor.py:830} INFO - Processing file /home/airflow/.local/lib/python3.8/site-packages/airflow/example_dags/tutorial_dag.py for tasks to queue
[2024-04-15T12:35:11.050+0000] {logging_mixin.py:188} INFO - [2024-04-15T12:35:11.050+0000] {dagbag.py:540} INFO - Filling up the DagBag from /home/airflow/.local/lib/python3.8/site-packages/airflow/example_dags/tutorial_dag.py
[2024-04-15T12:35:11.056+0000] {processor.py:840} INFO - DAG(s) 'tutorial_dag' retrieved from /home/airflow/.local/lib/python3.8/site-packages/airflow/example_dags/tutorial_dag.py
[2024-04-15T12:35:11.078+0000] {logging_mixin.py:188} INFO - [2024-04-15T12:35:11.078+0000] {dag.py:3047} INFO - Sync 1 DAGs
[2024-04-15T12:35:11.090+0000] {logging_mixin.py:188} INFO - [2024-04-15T12:35:11.090+0000] {dag.py:3834} INFO - Setting next_dagrun for tutorial_dag to None, run_after=None
[2024-04-15T12:35:11.208+0000] {processor.py:183} INFO - Processing /home/airflow/.local/lib/python3.8/site-packages/airflow/example_dags/tutorial_dag.py took 0.164 seconds
[2024-04-15T12:35:41.725+0000] {processor.py:161} INFO - Started process (PID=3287) to work on /home/airflow/.local/lib/python3.8/site-packages/airflow/example_dags/tutorial_dag.py
[2024-04-15T12:35:41.726+0000] {processor.py:830} INFO - Processing file /home/airflow/.local/lib/python3.8/site-packages/airflow/example_dags/tutorial_dag.py for tasks to queue
[2024-04-15T12:35:41.728+0000] {logging_mixin.py:188} INFO - [2024-04-15T12:35:41.728+0000] {dagbag.py:540} INFO - Filling up the DagBag from /home/airflow/.local/lib/python3.8/site-packages/airflow/example_dags/tutorial_dag.py
[2024-04-15T12:35:41.734+0000] {processor.py:840} INFO - DAG(s) 'tutorial_dag' retrieved from /home/airflow/.local/lib/python3.8/site-packages/airflow/example_dags/tutorial_dag.py
[2024-04-15T12:35:41.757+0000] {logging_mixin.py:188} INFO - [2024-04-15T12:35:41.756+0000] {dag.py:3047} INFO - Sync 1 DAGs
[2024-04-15T12:35:41.770+0000] {logging_mixin.py:188} INFO - [2024-04-15T12:35:41.770+0000] {dag.py:3834} INFO - Setting next_dagrun for tutorial_dag to None, run_after=None
[2024-04-15T12:35:41.793+0000] {processor.py:183} INFO - Processing /home/airflow/.local/lib/python3.8/site-packages/airflow/example_dags/tutorial_dag.py took 0.070 seconds
[2024-04-15T12:36:12.240+0000] {processor.py:161} INFO - Started process (PID=3342) to work on /home/airflow/.local/lib/python3.8/site-packages/airflow/example_dags/tutorial_dag.py
[2024-04-15T12:36:12.242+0000] {processor.py:830} INFO - Processing file /home/airflow/.local/lib/python3.8/site-packages/airflow/example_dags/tutorial_dag.py for tasks to queue
[2024-04-15T12:36:12.243+0000] {logging_mixin.py:188} INFO - [2024-04-15T12:36:12.243+0000] {dagbag.py:540} INFO - Filling up the DagBag from /home/airflow/.local/lib/python3.8/site-packages/airflow/example_dags/tutorial_dag.py
[2024-04-15T12:36:12.248+0000] {processor.py:840} INFO - DAG(s) 'tutorial_dag' retrieved from /home/airflow/.local/lib/python3.8/site-packages/airflow/example_dags/tutorial_dag.py
[2024-04-15T12:36:12.271+0000] {logging_mixin.py:188} INFO - [2024-04-15T12:36:12.271+0000] {dag.py:3047} INFO - Sync 1 DAGs
[2024-04-15T12:36:12.283+0000] {logging_mixin.py:188} INFO - [2024-04-15T12:36:12.282+0000] {dag.py:3834} INFO - Setting next_dagrun for tutorial_dag to None, run_after=None
[2024-04-15T12:36:12.307+0000] {processor.py:183} INFO - Processing /home/airflow/.local/lib/python3.8/site-packages/airflow/example_dags/tutorial_dag.py took 0.070 seconds
[2024-04-15T12:36:42.788+0000] {processor.py:161} INFO - Started process (PID=3397) to work on /home/airflow/.local/lib/python3.8/site-packages/airflow/example_dags/tutorial_dag.py
[2024-04-15T12:36:42.789+0000] {processor.py:830} INFO - Processing file /home/airflow/.local/lib/python3.8/site-packages/airflow/example_dags/tutorial_dag.py for tasks to queue
[2024-04-15T12:36:42.791+0000] {logging_mixin.py:188} INFO - [2024-04-15T12:36:42.791+0000] {dagbag.py:540} INFO - Filling up the DagBag from /home/airflow/.local/lib/python3.8/site-packages/airflow/example_dags/tutorial_dag.py
[2024-04-15T12:36:42.796+0000] {processor.py:840} INFO - DAG(s) 'tutorial_dag' retrieved from /home/airflow/.local/lib/python3.8/site-packages/airflow/example_dags/tutorial_dag.py
[2024-04-15T12:36:42.818+0000] {logging_mixin.py:188} INFO - [2024-04-15T12:36:42.818+0000] {dag.py:3047} INFO - Sync 1 DAGs
[2024-04-15T12:36:42.829+0000] {logging_mixin.py:188} INFO - [2024-04-15T12:36:42.829+0000] {dag.py:3834} INFO - Setting next_dagrun for tutorial_dag to None, run_after=None
[2024-04-15T12:36:42.854+0000] {processor.py:183} INFO - Processing /home/airflow/.local/lib/python3.8/site-packages/airflow/example_dags/tutorial_dag.py took 0.071 seconds
[2024-04-15T12:37:13.428+0000] {processor.py:161} INFO - Started process (PID=3452) to work on /home/airflow/.local/lib/python3.8/site-packages/airflow/example_dags/tutorial_dag.py
[2024-04-15T12:37:13.429+0000] {processor.py:830} INFO - Processing file /home/airflow/.local/lib/python3.8/site-packages/airflow/example_dags/tutorial_dag.py for tasks to queue
[2024-04-15T12:37:13.431+0000] {logging_mixin.py:188} INFO - [2024-04-15T12:37:13.430+0000] {dagbag.py:540} INFO - Filling up the DagBag from /home/airflow/.local/lib/python3.8/site-packages/airflow/example_dags/tutorial_dag.py
[2024-04-15T12:37:13.436+0000] {processor.py:840} INFO - DAG(s) 'tutorial_dag' retrieved from /home/airflow/.local/lib/python3.8/site-packages/airflow/example_dags/tutorial_dag.py
[2024-04-15T12:37:13.460+0000] {logging_mixin.py:188} INFO - [2024-04-15T12:37:13.460+0000] {dag.py:3047} INFO - Sync 1 DAGs
[2024-04-15T12:37:13.471+0000] {logging_mixin.py:188} INFO - [2024-04-15T12:37:13.471+0000] {dag.py:3834} INFO - Setting next_dagrun for tutorial_dag to None, run_after=None
[2024-04-15T12:37:13.497+0000] {processor.py:183} INFO - Processing /home/airflow/.local/lib/python3.8/site-packages/airflow/example_dags/tutorial_dag.py took 0.072 seconds
[2024-04-15T12:43:00.832+0000] {processor.py:161} INFO - Started process (PID=3507) to work on /home/airflow/.local/lib/python3.8/site-packages/airflow/example_dags/tutorial_dag.py
[2024-04-15T12:43:00.834+0000] {processor.py:830} INFO - Processing file /home/airflow/.local/lib/python3.8/site-packages/airflow/example_dags/tutorial_dag.py for tasks to queue
[2024-04-15T12:43:00.835+0000] {logging_mixin.py:188} INFO - [2024-04-15T12:43:00.835+0000] {dagbag.py:540} INFO - Filling up the DagBag from /home/airflow/.local/lib/python3.8/site-packages/airflow/example_dags/tutorial_dag.py
[2024-04-15T12:43:00.841+0000] {processor.py:840} INFO - DAG(s) 'tutorial_dag' retrieved from /home/airflow/.local/lib/python3.8/site-packages/airflow/example_dags/tutorial_dag.py
[2024-04-15T12:43:01.007+0000] {logging_mixin.py:188} INFO - [2024-04-15T12:43:01.007+0000] {dag.py:3047} INFO - Sync 1 DAGs
[2024-04-15T12:43:01.020+0000] {logging_mixin.py:188} INFO - [2024-04-15T12:43:01.020+0000] {dag.py:3834} INFO - Setting next_dagrun for tutorial_dag to None, run_after=None
[2024-04-15T12:43:01.042+0000] {processor.py:183} INFO - Processing /home/airflow/.local/lib/python3.8/site-packages/airflow/example_dags/tutorial_dag.py took 0.213 seconds
[2024-04-15T12:43:31.269+0000] {processor.py:161} INFO - Started process (PID=3562) to work on /home/airflow/.local/lib/python3.8/site-packages/airflow/example_dags/tutorial_dag.py
[2024-04-15T12:43:31.270+0000] {processor.py:830} INFO - Processing file /home/airflow/.local/lib/python3.8/site-packages/airflow/example_dags/tutorial_dag.py for tasks to queue
[2024-04-15T12:43:31.272+0000] {logging_mixin.py:188} INFO - [2024-04-15T12:43:31.271+0000] {dagbag.py:540} INFO - Filling up the DagBag from /home/airflow/.local/lib/python3.8/site-packages/airflow/example_dags/tutorial_dag.py
[2024-04-15T12:43:31.278+0000] {processor.py:840} INFO - DAG(s) 'tutorial_dag' retrieved from /home/airflow/.local/lib/python3.8/site-packages/airflow/example_dags/tutorial_dag.py
[2024-04-15T12:43:31.303+0000] {logging_mixin.py:188} INFO - [2024-04-15T12:43:31.303+0000] {dag.py:3047} INFO - Sync 1 DAGs
[2024-04-15T12:43:31.462+0000] {logging_mixin.py:188} INFO - [2024-04-15T12:43:31.462+0000] {dag.py:3834} INFO - Setting next_dagrun for tutorial_dag to None, run_after=None
[2024-04-15T12:43:31.488+0000] {processor.py:183} INFO - Processing /home/airflow/.local/lib/python3.8/site-packages/airflow/example_dags/tutorial_dag.py took 0.222 seconds
[2024-04-15T12:44:01.780+0000] {processor.py:161} INFO - Started process (PID=3617) to work on /home/airflow/.local/lib/python3.8/site-packages/airflow/example_dags/tutorial_dag.py
[2024-04-15T12:44:01.782+0000] {processor.py:830} INFO - Processing file /home/airflow/.local/lib/python3.8/site-packages/airflow/example_dags/tutorial_dag.py for tasks to queue
[2024-04-15T12:44:01.783+0000] {logging_mixin.py:188} INFO - [2024-04-15T12:44:01.783+0000] {dagbag.py:540} INFO - Filling up the DagBag from /home/airflow/.local/lib/python3.8/site-packages/airflow/example_dags/tutorial_dag.py
[2024-04-15T12:44:01.789+0000] {processor.py:840} INFO - DAG(s) 'tutorial_dag' retrieved from /home/airflow/.local/lib/python3.8/site-packages/airflow/example_dags/tutorial_dag.py
[2024-04-15T12:44:01.813+0000] {logging_mixin.py:188} INFO - [2024-04-15T12:44:01.813+0000] {dag.py:3047} INFO - Sync 1 DAGs
[2024-04-15T12:44:01.826+0000] {logging_mixin.py:188} INFO - [2024-04-15T12:44:01.826+0000] {dag.py:3834} INFO - Setting next_dagrun for tutorial_dag to None, run_after=None
[2024-04-15T12:44:01.850+0000] {processor.py:183} INFO - Processing /home/airflow/.local/lib/python3.8/site-packages/airflow/example_dags/tutorial_dag.py took 0.073 seconds
[2024-04-15T12:44:32.390+0000] {processor.py:161} INFO - Started process (PID=3672) to work on /home/airflow/.local/lib/python3.8/site-packages/airflow/example_dags/tutorial_dag.py
[2024-04-15T12:44:32.391+0000] {processor.py:830} INFO - Processing file /home/airflow/.local/lib/python3.8/site-packages/airflow/example_dags/tutorial_dag.py for tasks to queue
[2024-04-15T12:44:32.393+0000] {logging_mixin.py:188} INFO - [2024-04-15T12:44:32.392+0000] {dagbag.py:540} INFO - Filling up the DagBag from /home/airflow/.local/lib/python3.8/site-packages/airflow/example_dags/tutorial_dag.py
[2024-04-15T12:44:32.399+0000] {processor.py:840} INFO - DAG(s) 'tutorial_dag' retrieved from /home/airflow/.local/lib/python3.8/site-packages/airflow/example_dags/tutorial_dag.py
[2024-04-15T12:44:32.420+0000] {logging_mixin.py:188} INFO - [2024-04-15T12:44:32.420+0000] {dag.py:3047} INFO - Sync 1 DAGs
[2024-04-15T12:44:32.431+0000] {logging_mixin.py:188} INFO - [2024-04-15T12:44:32.431+0000] {dag.py:3834} INFO - Setting next_dagrun for tutorial_dag to None, run_after=None
[2024-04-15T12:44:32.453+0000] {processor.py:183} INFO - Processing /home/airflow/.local/lib/python3.8/site-packages/airflow/example_dags/tutorial_dag.py took 0.066 seconds
[2024-04-15T12:45:02.721+0000] {processor.py:161} INFO - Started process (PID=3727) to work on /home/airflow/.local/lib/python3.8/site-packages/airflow/example_dags/tutorial_dag.py
[2024-04-15T12:45:02.723+0000] {processor.py:830} INFO - Processing file /home/airflow/.local/lib/python3.8/site-packages/airflow/example_dags/tutorial_dag.py for tasks to queue
[2024-04-15T12:45:02.724+0000] {logging_mixin.py:188} INFO - [2024-04-15T12:45:02.724+0000] {dagbag.py:540} INFO - Filling up the DagBag from /home/airflow/.local/lib/python3.8/site-packages/airflow/example_dags/tutorial_dag.py
[2024-04-15T12:45:02.730+0000] {processor.py:840} INFO - DAG(s) 'tutorial_dag' retrieved from /home/airflow/.local/lib/python3.8/site-packages/airflow/example_dags/tutorial_dag.py
[2024-04-15T12:45:02.752+0000] {logging_mixin.py:188} INFO - [2024-04-15T12:45:02.752+0000] {dag.py:3047} INFO - Sync 1 DAGs
[2024-04-15T12:45:02.763+0000] {logging_mixin.py:188} INFO - [2024-04-15T12:45:02.763+0000] {dag.py:3834} INFO - Setting next_dagrun for tutorial_dag to None, run_after=None
[2024-04-15T12:45:02.788+0000] {processor.py:183} INFO - Processing /home/airflow/.local/lib/python3.8/site-packages/airflow/example_dags/tutorial_dag.py took 0.069 seconds
[2024-04-15T12:45:32.866+0000] {processor.py:161} INFO - Started process (PID=3782) to work on /home/airflow/.local/lib/python3.8/site-packages/airflow/example_dags/tutorial_dag.py
[2024-04-15T12:45:32.867+0000] {processor.py:830} INFO - Processing file /home/airflow/.local/lib/python3.8/site-packages/airflow/example_dags/tutorial_dag.py for tasks to queue
[2024-04-15T12:45:32.869+0000] {logging_mixin.py:188} INFO - [2024-04-15T12:45:32.869+0000] {dagbag.py:540} INFO - Filling up the DagBag from /home/airflow/.local/lib/python3.8/site-packages/airflow/example_dags/tutorial_dag.py
[2024-04-15T12:45:32.875+0000] {processor.py:840} INFO - DAG(s) 'tutorial_dag' retrieved from /home/airflow/.local/lib/python3.8/site-packages/airflow/example_dags/tutorial_dag.py
[2024-04-15T12:45:32.900+0000] {logging_mixin.py:188} INFO - [2024-04-15T12:45:32.899+0000] {dag.py:3047} INFO - Sync 1 DAGs
[2024-04-15T12:45:32.925+0000] {logging_mixin.py:188} INFO - [2024-04-15T12:45:32.925+0000] {dag.py:3834} INFO - Setting next_dagrun for tutorial_dag to None, run_after=None
[2024-04-15T12:45:32.979+0000] {processor.py:183} INFO - Processing /home/airflow/.local/lib/python3.8/site-packages/airflow/example_dags/tutorial_dag.py took 0.116 seconds
