[2024-05-06T12:02:24.284+0000] {taskinstance.py:1979} INFO - Dependencies all met for dep_context=non-requeueable deps ti=<TaskInstance: spotify_data_pipeline.process_songs_task manual__2024-05-06T12:02:06.350083+00:00 [queued]>
[2024-05-06T12:02:24.295+0000] {taskinstance.py:1979} INFO - Dependencies all met for dep_context=requeueable deps ti=<TaskInstance: spotify_data_pipeline.process_songs_task manual__2024-05-06T12:02:06.350083+00:00 [queued]>
[2024-05-06T12:02:24.296+0000] {taskinstance.py:2193} INFO - Starting attempt 1 of 2
[2024-05-06T12:02:24.312+0000] {taskinstance.py:2217} INFO - Executing <Task(PythonOperator): process_songs_task> on 2024-05-06 12:02:06.350083+00:00
[2024-05-06T12:02:24.321+0000] {standard_task_runner.py:60} INFO - Started process 439 to run task
[2024-05-06T12:02:24.325+0000] {standard_task_runner.py:87} INFO - Running: ['***', 'tasks', 'run', 'spotify_data_pipeline', 'process_songs_task', 'manual__2024-05-06T12:02:06.350083+00:00', '--job-id', '101', '--raw', '--subdir', 'DAGS_FOLDER/main15.py', '--cfg-path', '/tmp/tmpbn743dyc']
[2024-05-06T12:02:24.326+0000] {standard_task_runner.py:88} INFO - Job 101: Subtask process_songs_task
[2024-05-06T12:02:24.387+0000] {task_command.py:423} INFO - Running <TaskInstance: spotify_data_pipeline.process_songs_task manual__2024-05-06T12:02:06.350083+00:00 [running]> on host 903c75f80f15
[2024-05-06T12:02:24.601+0000] {taskinstance.py:2513} INFO - Exporting env vars: AIRFLOW_CTX_DAG_OWNER='***' AIRFLOW_CTX_DAG_ID='spotify_data_pipeline' AIRFLOW_CTX_TASK_ID='process_songs_task' AIRFLOW_CTX_EXECUTION_DATE='2024-05-06T12:02:06.350083+00:00' AIRFLOW_CTX_TRY_NUMBER='1' AIRFLOW_CTX_DAG_RUN_ID='manual__2024-05-06T12:02:06.350083+00:00'
[2024-05-06T12:02:24.604+0000] {logging_mixin.py:188} INFO - An error occurred while processing song 1: string indices must be integers
[2024-05-06T12:02:24.604+0000] {logging_mixin.py:188} INFO - An error occurred while processing song 2: string indices must be integers
[2024-05-06T12:02:24.605+0000] {logging_mixin.py:188} INFO - An error occurred while processing song 3: string indices must be integers
[2024-05-06T12:02:24.606+0000] {logging_mixin.py:188} INFO - An error occurred while processing song 4: string indices must be integers
[2024-05-06T12:02:24.606+0000] {logging_mixin.py:188} INFO - An error occurred while processing song 5: string indices must be integers
[2024-05-06T12:02:24.607+0000] {logging_mixin.py:188} INFO - An error occurred while processing song 6: string indices must be integers
[2024-05-06T12:02:24.608+0000] {logging_mixin.py:188} INFO - An error occurred while processing song 7: string indices must be integers
[2024-05-06T12:02:24.608+0000] {logging_mixin.py:188} INFO - An error occurred while processing song 8: string indices must be integers
[2024-05-06T12:02:24.609+0000] {logging_mixin.py:188} INFO - An error occurred while processing song 9: string indices must be integers
[2024-05-06T12:02:24.621+0000] {python.py:202} INFO - Done. Returned value was: None
[2024-05-06T12:02:24.631+0000] {taskinstance.py:1149} INFO - Marking task as SUCCESS. dag_id=spotify_data_pipeline, task_id=process_songs_task, execution_date=20240506T120206, start_date=20240506T120224, end_date=20240506T120224
[2024-05-06T12:02:24.659+0000] {local_task_job_runner.py:234} INFO - Task exited with return code 0
[2024-05-06T12:02:24.690+0000] {taskinstance.py:3312} INFO - 1 downstream tasks scheduled from follow-on schedule check
