[2024-05-08T15:41:05.485+0000] {taskinstance.py:1979} INFO - Dependencies all met for dep_context=non-requeueable deps ti=<TaskInstance: spotify_data_pipeline.process_and_clean_data_task manual__2024-05-08T15:40:39.091767+00:00 [queued]>
[2024-05-08T15:41:05.496+0000] {taskinstance.py:1979} INFO - Dependencies all met for dep_context=requeueable deps ti=<TaskInstance: spotify_data_pipeline.process_and_clean_data_task manual__2024-05-08T15:40:39.091767+00:00 [queued]>
[2024-05-08T15:41:05.496+0000] {taskinstance.py:2193} INFO - Starting attempt 1 of 2
[2024-05-08T15:41:05.513+0000] {taskinstance.py:2217} INFO - Executing <Task(PythonOperator): process_and_clean_data_task> on 2024-05-08 15:40:39.091767+00:00
[2024-05-08T15:41:05.520+0000] {standard_task_runner.py:60} INFO - Started process 1563 to run task
[2024-05-08T15:41:05.523+0000] {standard_task_runner.py:87} INFO - Running: ['***', 'tasks', 'run', 'spotify_data_pipeline', 'process_and_clean_data_task', 'manual__2024-05-08T15:40:39.091767+00:00', '--job-id', '529', '--raw', '--subdir', 'DAGS_FOLDER/main15.py', '--cfg-path', '/tmp/tmpnlzobjc_']
[2024-05-08T15:41:05.525+0000] {standard_task_runner.py:88} INFO - Job 529: Subtask process_and_clean_data_task
[2024-05-08T15:41:05.581+0000] {task_command.py:423} INFO - Running <TaskInstance: spotify_data_pipeline.process_and_clean_data_task manual__2024-05-08T15:40:39.091767+00:00 [running]> on host 8aebc95d8de6
[2024-05-08T15:41:05.694+0000] {taskinstance.py:2513} INFO - Exporting env vars: AIRFLOW_CTX_DAG_OWNER='***' AIRFLOW_CTX_DAG_ID='spotify_data_pipeline' AIRFLOW_CTX_TASK_ID='process_and_clean_data_task' AIRFLOW_CTX_EXECUTION_DATE='2024-05-08T15:40:39.091767+00:00' AIRFLOW_CTX_TRY_NUMBER='1' AIRFLOW_CTX_DAG_RUN_ID='manual__2024-05-08T15:40:39.091767+00:00'
[2024-05-08T15:41:07.314+0000] {python.py:202} INFO - Done. Returned value was:     Index                Track ID  ...  Date Added Time Added
0       1  6Ya9cvlwI44RVBComaVSOb  ...  2024-05-07   02:17:30
1       2  1Tcr9My0VNNjh9ejfz44s6  ...  2024-05-07   02:17:30
2       3  6ZIZC6eeaIrAl137VK3U6S  ...  2024-05-07   02:17:30
3       4  5IorS33bBdPp8YEpzu2ti2  ...  2024-05-07   02:17:30
4       5  5MbKOmUGGvSjkvkHLbngc8  ...  2024-05-07   02:17:30
..    ...                     ...  ...         ...        ...
95     96  27g20gBKmkCR27goZ8QGz0  ...  2024-05-07   02:17:30
96     97  4fi0AJtPOtukF6ExNYm4mi  ...  2024-05-07   02:17:30
97     98  7ifAw0OiXs0KtVOFzn6PCv  ...  2024-05-07   02:17:30
98     99  2BDJENfgJLEuGwnK8lW5j5  ...  2024-05-07   02:17:30
99    100  6d9cplBoSCSNvwRA51gJMv  ...  2024-05-07   02:17:30

[100 rows x 11 columns]
[2024-05-08T15:41:07.412+0000] {taskinstance.py:1149} INFO - Marking task as SUCCESS. dag_id=spotify_data_pipeline, task_id=process_and_clean_data_task, execution_date=20240508T154039, start_date=20240508T154105, end_date=20240508T154107
[2024-05-08T15:41:07.468+0000] {local_task_job_runner.py:234} INFO - Task exited with return code 0
[2024-05-08T15:41:07.498+0000] {taskinstance.py:3312} INFO - 0 downstream tasks scheduled from follow-on schedule check
