[2024-05-06T15:04:42.929+0000] {taskinstance.py:1979} INFO - Dependencies all met for dep_context=non-requeueable deps ti=<TaskInstance: spotify_data_pipeline.process_song_info manual__2024-05-06T15:04:20.608356+00:00 [queued]>
[2024-05-06T15:04:42.940+0000] {taskinstance.py:1979} INFO - Dependencies all met for dep_context=requeueable deps ti=<TaskInstance: spotify_data_pipeline.process_song_info manual__2024-05-06T15:04:20.608356+00:00 [queued]>
[2024-05-06T15:04:42.941+0000] {taskinstance.py:2193} INFO - Starting attempt 1 of 2
[2024-05-06T15:04:42.956+0000] {taskinstance.py:2217} INFO - Executing <Task(PythonOperator): process_song_info> on 2024-05-06 15:04:20.608356+00:00
[2024-05-06T15:04:42.963+0000] {standard_task_runner.py:60} INFO - Started process 3181 to run task
[2024-05-06T15:04:42.967+0000] {standard_task_runner.py:87} INFO - Running: ['***', 'tasks', 'run', 'spotify_data_pipeline', 'process_song_info', 'manual__2024-05-06T15:04:20.608356+00:00', '--job-id', '194', '--raw', '--subdir', 'DAGS_FOLDER/main15.py', '--cfg-path', '/tmp/tmpbrtfr6yt']
[2024-05-06T15:04:42.968+0000] {standard_task_runner.py:88} INFO - Job 194: Subtask process_song_info
[2024-05-06T15:04:43.018+0000] {task_command.py:423} INFO - Running <TaskInstance: spotify_data_pipeline.process_song_info manual__2024-05-06T15:04:20.608356+00:00 [running]> on host 903c75f80f15
[2024-05-06T15:04:43.215+0000] {taskinstance.py:2513} INFO - Exporting env vars: AIRFLOW_CTX_DAG_OWNER='***' AIRFLOW_CTX_DAG_ID='spotify_data_pipeline' AIRFLOW_CTX_TASK_ID='process_song_info' AIRFLOW_CTX_EXECUTION_DATE='2024-05-06T15:04:20.608356+00:00' AIRFLOW_CTX_TRY_NUMBER='1' AIRFLOW_CTX_DAG_RUN_ID='manual__2024-05-06T15:04:20.608356+00:00'
[2024-05-06T15:04:43.217+0000] {logging_mixin.py:188} INFO - An error occurred while processing song 1: string indices must be integers
[2024-05-06T15:04:43.217+0000] {logging_mixin.py:188} INFO - An error occurred while processing song 2: string indices must be integers
[2024-05-06T15:04:43.218+0000] {logging_mixin.py:188} INFO - An error occurred while processing song 3: string indices must be integers
[2024-05-06T15:04:43.218+0000] {logging_mixin.py:188} INFO - An error occurred while processing song 4: string indices must be integers
[2024-05-06T15:04:43.219+0000] {logging_mixin.py:188} INFO - An error occurred while processing song 5: string indices must be integers
[2024-05-06T15:04:43.220+0000] {logging_mixin.py:188} INFO - An error occurred while processing song 6: string indices must be integers
[2024-05-06T15:04:43.220+0000] {logging_mixin.py:188} INFO - An error occurred while processing song 7: string indices must be integers
[2024-05-06T15:04:43.221+0000] {logging_mixin.py:188} INFO - An error occurred while processing song 8: string indices must be integers
[2024-05-06T15:04:43.221+0000] {logging_mixin.py:188} INFO - An error occurred while processing song 9: string indices must be integers
[2024-05-06T15:04:43.223+0000] {python.py:202} INFO - Done. Returned value was:    Index Track ID Track Name  ... Added At Type of Album Popularity
0      1     None       None  ...     None          None       None
1      2     None       None  ...     None          None       None
2      3     None       None  ...     None          None       None
3      4     None       None  ...     None          None       None
4      5     None       None  ...     None          None       None
5      6     None       None  ...     None          None       None
6      7     None       None  ...     None          None       None
7      8     None       None  ...     None          None       None
8      9     None       None  ...     None          None       None

[9 rows x 9 columns]
[2024-05-06T15:04:43.283+0000] {taskinstance.py:1149} INFO - Marking task as SUCCESS. dag_id=spotify_data_pipeline, task_id=process_song_info, execution_date=20240506T150420, start_date=20240506T150442, end_date=20240506T150443
[2024-05-06T15:04:43.341+0000] {local_task_job_runner.py:234} INFO - Task exited with return code 0
[2024-05-06T15:04:43.370+0000] {taskinstance.py:3312} INFO - 1 downstream tasks scheduled from follow-on schedule check
